>> poetry run algopy -O1 --output-ssa-ir --output-optimization-ir --output-final-ir --output-cssa-ir --output-post-ssa-ir --output-parallel-copies-ir --out-dir=out --debug-level=1 --log-level=debug callsub
debug: Building AWST for __init__.py
debug: Building AWST for callsub
debug: Building AWST for embedded algopy lib at <poya>/algopy.py
debug: Building AWST for callsub/contract.py
debug: Sealing block@0: // L11
debug: Terminated block@0: // L11
debug: Sealing block@0: // L5
debug: Terminated block@0: // L5
debug: Sealing block@0: // L15
debug: Terminated block@0: // L15
debug: Output IR to <git root>/examples/callsub/out/contract_MyContract.ssa.ir
info: Optimizing examples.callsub.contract.MyContract at level 1
debug: Begin optimization pass 1/100
debug: Optimizing subroutine examples.callsub.contract.MyContract.approval_program
debug: Splitting parallel copies prior to optimization
debug: Optimizer: Arithmetic Simplification
debug: Optimizer: Constant Replacer
debug: Optimizer: Copy Propagation
debug: Optimizer: Intrinsic Simplifier
debug: Optimizer: Remove Unused Variables
debug: Optimizer: Simplify Conditional Branches
debug: Optimizer: Remove Linear Jump
debug: Optimizer: Remove Empty Blocks
debug: Optimizer: Remove Unreachable Blocks
debug: Optimizing subroutine examples.callsub.contract.MyContract.echo
debug: Splitting parallel copies prior to optimization
debug: Optimizer: Arithmetic Simplification
debug: Optimizer: Constant Replacer
debug: Optimizer: Copy Propagation
debug: Optimizer: Intrinsic Simplifier
debug: Optimizer: Remove Unused Variables
debug: Optimizer: Simplify Conditional Branches
debug: Optimizer: Remove Linear Jump
debug: Optimizer: Remove Empty Blocks
debug: Optimizer: Remove Unreachable Blocks
debug: Optimizing subroutine examples.callsub.contract.MyContract.clear_state_program
debug: Splitting parallel copies prior to optimization
debug: Optimizer: Arithmetic Simplification
debug: Optimizer: Constant Replacer
debug: Optimizer: Copy Propagation
debug: Optimizer: Intrinsic Simplifier
debug: Optimizer: Remove Unused Variables
debug: Optimizer: Simplify Conditional Branches
debug: Optimizer: Remove Linear Jump
debug: Optimizer: Remove Empty Blocks
debug: Optimizer: Remove Unreachable Blocks
debug: No optimizations performed in pass 1, ending loop
debug: Output IR to <git root>/examples/callsub/out/contract_MyContract.cssa.ir
debug: Removing Phis from examples.callsub.contract.MyContract.approval_program
debug: Removing Phis from examples.callsub.contract.MyContract.echo
debug: Removing Phis from examples.callsub.contract.MyContract.clear_state_program
debug: Output IR to <git root>/examples/callsub/out/contract_MyContract.post_ssa.ir
debug: Sequentializing parallel copies in examples.callsub.contract.MyContract.approval_program
debug: Sequentializing parallel copies in examples.callsub.contract.MyContract.echo
debug: Sequentializing parallel copies in examples.callsub.contract.MyContract.clear_state_program
debug: Output IR to <git root>/examples/callsub/out/contract_MyContract.parallel_copies.ir
debug: Coalescing local variables in examples.callsub.contract.MyContract.approval_program using strategy RootOperandGrouping
debug: Coalescing resulted in 0 replacement/s
debug: Coalescing local variables in examples.callsub.contract.MyContract.echo using strategy RootOperandGrouping
debug: Coalescing resulted in 0 replacement/s
debug: Coalescing local variables in examples.callsub.contract.MyContract.clear_state_program using strategy RootOperandGrouping
debug: Coalescing resulted in 0 replacement/s
debug: Output IR to <git root>/examples/callsub/out/contract_MyContract.final.ir
debug: Inserted main_block@0.ops[2]: 'store tmp%0#0 to l-stack (copy)'
debug: Replaced main_block@0.ops[4]: 'load tmp%0#0' with 'load tmp%0#0 from l-stack (no copy)'
debug: Inserted echo_block@0.ops[2]: 'store tmp%0#0 to l-stack (copy)'
debug: Replaced echo_block@0.ops[4]: 'load tmp%0#0' with 'load tmp%0#0 from l-stack (no copy)'
debug: Inserted echo_block@0.ops[8]: 'store tmp%1#0 to l-stack (copy)'
debug: Replaced echo_block@0.ops[10]: 'load tmp%1#0' with 'load tmp%1#0 from l-stack (no copy)'
info: Writing callsub/out/contract.approval.teal
info: Writing callsub/out/contract.approval.debug.teal
info: Writing callsub/out/contract.clear.teal
info: Writing callsub/out/contract.clear.debug.teal
>> exit code = 0