debug: PuyaOptions(paths=['local_state'], output_teal=True, output_arc32=True, output_awst=False, output_ssa_ir=True, output_optimization_ir=True, output_cssa_ir=True, output_post_ssa_ir=True, output_parallel_copies_ir=True, output_final_ir=True, debug_level=1, optimization_level=1, log_level=<LogLevel.debug: 10>)
debug: Sealing block@0: // L13
debug: Terminated block@0: // L13
debug: Looking for 'required_budget_with_buffer' in an unsealed block creating an incomplete Phi: block@1: // while_top_L20
debug: Created Phi assignment: let required_budget_with_buffer#1: uint64 = undefined while trying to resolve 'required_budget_with_buffer' in block@1: // while_top_L20
debug: Terminated block@1: // while_top_L20
debug: Sealing block@None: // while_body_L20
debug: Looking for 'fee_source' in an unsealed block creating an incomplete Phi: block@1: // while_top_L20
debug: Created Phi assignment: let fee_source#1: uint64 = undefined while trying to resolve 'fee_source' in block@1: // while_top_L20
debug: Terminated block@2: // while_body_L20
debug: Sealing block@None: // switch_case_default_L26
debug: Sealing block@None: // switch_case_0_L28
debug: Sealing block@None: // switch_case_1_L30
debug: Terminated block@3: // switch_case_0_L28
debug: Terminated block@4: // switch_case_1_L30
debug: Terminated block@5: // switch_case_default_L26
debug: Sealing block@6: // switch_case_next_L26
debug: Terminated block@6: // switch_case_next_L26
debug: Sealing block@1: // while_top_L20
debug: Added required_budget_with_buffer#0 to Phi node: let required_budget_with_buffer#1: uint64 = φ(required_budget_with_buffer#0 <- block@0) in block@0: // L13
debug: Created Phi assignment: let required_budget_with_buffer#2: uint64 = undefined while trying to resolve 'required_budget_with_buffer' in block@6: // switch_case_next_L26
debug: Added required_budget_with_buffer#1 to Phi node: let required_budget_with_buffer#2: uint64 = φ(required_budget_with_buffer#1 <- block@3) in block@3: // switch_case_0_L28
debug: Added required_budget_with_buffer#1 to Phi node: let required_budget_with_buffer#2: uint64 = φ(required_budget_with_buffer#1 <- block@3, required_budget_with_buffer#1 <- block@4) in block@4: // switch_case_1_L30
debug: Added required_budget_with_buffer#1 to Phi node: let required_budget_with_buffer#2: uint64 = φ(required_budget_with_buffer#1 <- block@3, required_budget_with_buffer#1 <- block@4, required_budget_with_buffer#1 <- block@5) in block@5: // switch_case_default_L26
debug: Replacing trivial Phi node: let required_budget_with_buffer#2: uint64 = φ(required_budget_with_buffer#1 <- block@3, required_budget_with_buffer#1 <- block@4, required_budget_with_buffer#1 <- block@5) (required_budget_with_buffer#2) with required_budget_with_buffer#1
debug: Deleting Phi assignment: let required_budget_with_buffer#2: uint64 = φ(required_budget_with_buffer#1 <- block@3, required_budget_with_buffer#1 <- block@4, required_budget_with_buffer#1 <- block@5)
debug: Replaced trivial Phi node: let required_budget_with_buffer#2: uint64 = φ(required_budget_with_buffer#1 <- block@3, required_budget_with_buffer#1 <- block@4, required_budget_with_buffer#1 <- block@5) (required_budget_with_buffer#2) with required_budget_with_buffer#1 in current definition for 1 blocks
debug: Added required_budget_with_buffer#1 to Phi node: let required_budget_with_buffer#1: uint64 = φ(required_budget_with_buffer#0 <- block@0, required_budget_with_buffer#1 <- block@6) in block@6: // switch_case_next_L26
debug: Replacing trivial Phi node: let required_budget_with_buffer#1: uint64 = φ(required_budget_with_buffer#0 <- block@0, required_budget_with_buffer#1 <- block@6) (required_budget_with_buffer#1) with required_budget_with_buffer#0
debug: Deleting Phi assignment: let required_budget_with_buffer#1: uint64 = φ(required_budget_with_buffer#0 <- block@0, required_budget_with_buffer#1 <- block@6)
debug: Replaced trivial Phi node: let required_budget_with_buffer#1: uint64 = φ(required_budget_with_buffer#0 <- block@0, required_budget_with_buffer#1 <- block@6) (required_budget_with_buffer#1) with required_budget_with_buffer#0 in current definition for 6 blocks
debug: Added fee_source#0 to Phi node: let fee_source#1: uint64 = φ(fee_source#0 <- block@0) in block@0: // L13
debug: Created Phi assignment: let fee_source#2: uint64 = undefined while trying to resolve 'fee_source' in block@6: // switch_case_next_L26
debug: Added fee_source#1 to Phi node: let fee_source#2: uint64 = φ(fee_source#1 <- block@3) in block@3: // switch_case_0_L28
debug: Added fee_source#1 to Phi node: let fee_source#2: uint64 = φ(fee_source#1 <- block@3, fee_source#1 <- block@4) in block@4: // switch_case_1_L30
debug: Added fee_source#1 to Phi node: let fee_source#2: uint64 = φ(fee_source#1 <- block@3, fee_source#1 <- block@4, fee_source#1 <- block@5) in block@5: // switch_case_default_L26
debug: Replacing trivial Phi node: let fee_source#2: uint64 = φ(fee_source#1 <- block@3, fee_source#1 <- block@4, fee_source#1 <- block@5) (fee_source#2) with fee_source#1
debug: Deleting Phi assignment: let fee_source#2: uint64 = φ(fee_source#1 <- block@3, fee_source#1 <- block@4, fee_source#1 <- block@5)
debug: Replaced trivial Phi node: let fee_source#2: uint64 = φ(fee_source#1 <- block@3, fee_source#1 <- block@4, fee_source#1 <- block@5) (fee_source#2) with fee_source#1 in current definition for 1 blocks
debug: Added fee_source#1 to Phi node: let fee_source#1: uint64 = φ(fee_source#0 <- block@0, fee_source#1 <- block@6) in block@6: // switch_case_next_L26
debug: Replacing trivial Phi node: let fee_source#1: uint64 = φ(fee_source#0 <- block@0, fee_source#1 <- block@6) (fee_source#1) with fee_source#0
debug: Deleting Phi assignment: let fee_source#1: uint64 = φ(fee_source#0 <- block@0, fee_source#1 <- block@6)
debug: Replaced trivial Phi node: let fee_source#1: uint64 = φ(fee_source#0 <- block@0, fee_source#1 <- block@6) (fee_source#1) with fee_source#0 in current definition for 6 blocks
debug: Sealing block@None: // after_while_L20
debug: Terminated block@7: // after_while_L20
debug: Sealing block@0: // L18
debug: Terminated block@0: // L18
debug: Sealing block@0: // L37
debug: Terminated block@0: // L37
debug: Sealing block@0: // L55
debug: Terminated block@0: // L55
debug: Sealing block@0: // L82
debug: Terminated block@0: // L82
debug: Sealing block@None: // if_body_L101
debug: Sealing block@None: // else_body_L101
debug: Terminated block@1: // if_body_L101
debug: Sealing block@2: // after_if_else_L101
debug: Created Phi assignment: let array_length#1: uint64 = undefined while trying to resolve 'array_length' in block@2: // after_if_else_L101
debug: Added array_length#0 to Phi node: let array_length#1: uint64 = φ(array_length#0 <- block@0) in block@0: // L82
debug: Added array_length#0 to Phi node: let array_length#1: uint64 = φ(array_length#0 <- block@0, array_length#0 <- block@1) in block@1: // if_body_L101
debug: Replacing trivial Phi node: let array_length#1: uint64 = φ(array_length#0 <- block@0, array_length#0 <- block@1) (array_length#1) with array_length#0
debug: Deleting Phi assignment: let array_length#1: uint64 = φ(array_length#0 <- block@0, array_length#0 <- block@1)
debug: Replaced trivial Phi node: let array_length#1: uint64 = φ(array_length#0 <- block@0, array_length#0 <- block@1) (array_length#1) with array_length#0 in current definition for 1 blocks
debug: Created Phi assignment: let is_packed#1: uint64 = undefined while trying to resolve 'is_packed' in block@2: // after_if_else_L101
debug: Added is_packed#0 to Phi node: let is_packed#1: uint64 = φ(is_packed#0 <- block@0) in block@0: // L82
debug: Added is_packed#0 to Phi node: let is_packed#1: uint64 = φ(is_packed#0 <- block@0, is_packed#0 <- block@1) in block@1: // if_body_L101
debug: Replacing trivial Phi node: let is_packed#1: uint64 = φ(is_packed#0 <- block@0, is_packed#0 <- block@1) (is_packed#1) with is_packed#0
debug: Deleting Phi assignment: let is_packed#1: uint64 = φ(is_packed#0 <- block@0, is_packed#0 <- block@1)
debug: Replaced trivial Phi node: let is_packed#1: uint64 = φ(is_packed#0 <- block@0, is_packed#0 <- block@1) (is_packed#1) with is_packed#0 in current definition for 1 blocks
debug: Terminated block@2: // after_if_else_L101
debug: Sealing block@None: // ternary_true_L105
debug: Sealing block@None: // ternary_false_L105
debug: Terminated block@3: // ternary_true_L105
debug: Terminated block@4: // ternary_false_L105
debug: Sealing block@5: // ternary_merge_L105
debug: Created Phi assignment: let ternary_result%9#2: uint64 = undefined while trying to resolve 'ternary_result%9' in block@5: // ternary_merge_L105
debug: Added ternary_result%9#0 to Phi node: let ternary_result%9#2: uint64 = φ(ternary_result%9#0 <- block@3) in block@3: // ternary_true_L105
debug: Added ternary_result%9#1 to Phi node: let ternary_result%9#2: uint64 = φ(ternary_result%9#0 <- block@3, ternary_result%9#1 <- block@4) in block@4: // ternary_false_L105
debug: Created Phi assignment: let new_items_count#1: uint64 = undefined while trying to resolve 'new_items_count' in block@5: // ternary_merge_L105
debug: Created Phi assignment: let new_items_count#2: uint64 = undefined while trying to resolve 'new_items_count' in block@2: // after_if_else_L101
debug: Added new_items_count#0 to Phi node: let new_items_count#2: uint64 = φ(new_items_count#0 <- block@0) in block@0: // L82
debug: Added new_items_count#0 to Phi node: let new_items_count#2: uint64 = φ(new_items_count#0 <- block@0, new_items_count#0 <- block@1) in block@1: // if_body_L101
debug: Replacing trivial Phi node: let new_items_count#2: uint64 = φ(new_items_count#0 <- block@0, new_items_count#0 <- block@1) (new_items_count#2) with new_items_count#0
debug: Deleting Phi assignment: let new_items_count#2: uint64 = φ(new_items_count#0 <- block@0, new_items_count#0 <- block@1)
debug: Replaced trivial Phi node: let new_items_count#2: uint64 = φ(new_items_count#0 <- block@0, new_items_count#0 <- block@1) (new_items_count#2) with new_items_count#0 in current definition for 1 blocks
debug: Added new_items_count#0 to Phi node: let new_items_count#1: uint64 = φ(new_items_count#0 <- block@3) in block@3: // ternary_true_L105
debug: Added new_items_count#0 to Phi node: let new_items_count#1: uint64 = φ(new_items_count#0 <- block@3, new_items_count#0 <- block@4) in block@4: // ternary_false_L105
debug: Replacing trivial Phi node: let new_items_count#1: uint64 = φ(new_items_count#0 <- block@3, new_items_count#0 <- block@4) (new_items_count#1) with new_items_count#0
debug: Deleting Phi assignment: let new_items_count#1: uint64 = φ(new_items_count#0 <- block@3, new_items_count#0 <- block@4)
debug: Replaced trivial Phi node: let new_items_count#1: uint64 = φ(new_items_count#0 <- block@3, new_items_count#0 <- block@4) (new_items_count#1) with new_items_count#0 in current definition for 1 blocks
debug: Terminated block@5: // ternary_merge_L105
debug: Sealing block@6: // for_preamble_L105
debug: Terminated block@6: // for_preamble_L105
debug: Looking for 'range_item%11' in an unsealed block creating an incomplete Phi: block@7: // for_header_L105
debug: Created Phi assignment: let range_item%11#1: uint64 = undefined while trying to resolve 'range_item%11' in block@7: // for_header_L105
debug: Terminated block@7: // for_header_L105
debug: Looking for 'range_item%11' in an unsealed block creating an incomplete Phi: block@8: // for_body_L105
debug: Created Phi assignment: let range_item%11#2: uint64 = undefined while trying to resolve 'range_item%11' in block@8: // for_body_L105
debug: Looking for 'source' in an unsealed block creating an incomplete Phi: block@8: // for_body_L105
debug: Created Phi assignment: let source#3: bytes = undefined while trying to resolve 'source' in block@8: // for_body_L105
debug: Looking for 'write_offset' in an unsealed block creating an incomplete Phi: block@8: // for_body_L105
debug: Created Phi assignment: let write_offset#1: uint64 = undefined while trying to resolve 'write_offset' in block@8: // for_body_L105
debug: Looking for 'new_items_bytes' in an unsealed block creating an incomplete Phi: block@8: // for_body_L105
debug: Created Phi assignment: let new_items_bytes#1: bytes = undefined while trying to resolve 'new_items_bytes' in block@8: // for_body_L105
debug: Terminated block@8: // for_body_L105
debug: Sealing block@9: // for_footer_L105
debug: Terminated block@9: // for_footer_L105
debug: Sealing block@10: // for_increment_L105
debug: Terminated block@10: // for_increment_L105
debug: Sealing block@7: // for_header_L105
debug: Added range_item%11#0 to Phi node: let range_item%11#1: uint64 = φ(range_item%11#0 <- block@6) in block@6: // for_preamble_L105
debug: Added range_item%11#3 to Phi node: let range_item%11#1: uint64 = φ(range_item%11#0 <- block@6, range_item%11#3 <- block@10) in block@10: // for_increment_L105
debug: Sealing block@8: // for_body_L105
debug: Added range_item%11#1 to Phi node: let range_item%11#2: uint64 = φ(range_item%11#1 <- block@7) in block@7: // for_header_L105
debug: Replacing trivial Phi node: let range_item%11#2: uint64 = φ(range_item%11#1 <- block@7) (range_item%11#2) with range_item%11#1
debug: Deleting Phi assignment: let range_item%11#2: uint64 = φ(range_item%11#1 <- block@7)
debug: Replaced trivial Phi node: let range_item%11#2: uint64 = φ(range_item%11#1 <- block@7) (range_item%11#2) with range_item%11#1 in current definition for 2 blocks
debug: Created Phi assignment: let source#5: bytes = undefined while trying to resolve 'source' in block@7: // for_header_L105
debug: Created Phi assignment: let source#6: bytes = undefined while trying to resolve 'source' in block@5: // ternary_merge_L105
debug: Created Phi assignment: let source#7: bytes = undefined while trying to resolve 'source' in block@2: // after_if_else_L101
debug: Added source#1 to Phi node: let source#7: bytes = φ(source#1 <- block@0) in block@0: // L82
debug: Added source#2 to Phi node: let source#7: bytes = φ(source#1 <- block@0, source#2 <- block@1) in block@1: // if_body_L101
debug: Added source#7 to Phi node: let source#6: bytes = φ(source#7 <- block@3) in block@3: // ternary_true_L105
debug: Added source#7 to Phi node: let source#6: bytes = φ(source#7 <- block@3, source#7 <- block@4) in block@4: // ternary_false_L105
debug: Replacing trivial Phi node: let source#6: bytes = φ(source#7 <- block@3, source#7 <- block@4) (source#6) with source#7
debug: Deleting Phi assignment: let source#6: bytes = φ(source#7 <- block@3, source#7 <- block@4)
debug: Replaced trivial Phi node: let source#6: bytes = φ(source#7 <- block@3, source#7 <- block@4) (source#6) with source#7 in current definition for 1 blocks
debug: Added source#7 to Phi node: let source#5: bytes = φ(source#7 <- block@6) in block@6: // for_preamble_L105
debug: Added source#4 to Phi node: let source#5: bytes = φ(source#7 <- block@6, source#4 <- block@10) in block@10: // for_increment_L105
debug: Added source#5 to Phi node: let source#3: bytes = φ(source#5 <- block@7) in block@7: // for_header_L105
debug: Replacing trivial Phi node: let source#3: bytes = φ(source#5 <- block@7) (source#3) with source#5
debug: Deleting Phi assignment: let source#3: bytes = φ(source#5 <- block@7)
debug: Replaced trivial Phi node: let source#3: bytes = φ(source#5 <- block@7) (source#3) with source#5 in current definition for 0 blocks
debug: Created Phi assignment: let write_offset#3: uint64 = undefined while trying to resolve 'write_offset' in block@7: // for_header_L105
debug: Created Phi assignment: let write_offset#4: uint64 = undefined while trying to resolve 'write_offset' in block@5: // ternary_merge_L105
debug: Added write_offset#0 to Phi node: let write_offset#4: uint64 = φ(write_offset#0 <- block@3) in block@3: // ternary_true_L105
debug: Added write_offset#0 to Phi node: let write_offset#4: uint64 = φ(write_offset#0 <- block@3, write_offset#0 <- block@4) in block@4: // ternary_false_L105
debug: Replacing trivial Phi node: let write_offset#4: uint64 = φ(write_offset#0 <- block@3, write_offset#0 <- block@4) (write_offset#4) with write_offset#0
debug: Deleting Phi assignment: let write_offset#4: uint64 = φ(write_offset#0 <- block@3, write_offset#0 <- block@4)
debug: Replaced trivial Phi node: let write_offset#4: uint64 = φ(write_offset#0 <- block@3, write_offset#0 <- block@4) (write_offset#4) with write_offset#0 in current definition for 1 blocks
debug: Added write_offset#0 to Phi node: let write_offset#3: uint64 = φ(write_offset#0 <- block@6) in block@6: // for_preamble_L105
debug: Added write_offset#2 to Phi node: let write_offset#3: uint64 = φ(write_offset#0 <- block@6, write_offset#2 <- block@10) in block@10: // for_increment_L105
debug: Added write_offset#3 to Phi node: let write_offset#1: uint64 = φ(write_offset#3 <- block@7) in block@7: // for_header_L105
debug: Replacing trivial Phi node: let write_offset#1: uint64 = φ(write_offset#3 <- block@7) (write_offset#1) with write_offset#3
debug: Deleting Phi assignment: let write_offset#1: uint64 = φ(write_offset#3 <- block@7)
debug: Replaced trivial Phi node: let write_offset#1: uint64 = φ(write_offset#3 <- block@7) (write_offset#1) with write_offset#3 in current definition for 0 blocks
debug: Created Phi assignment: let new_items_bytes#2: bytes = undefined while trying to resolve 'new_items_bytes' in block@7: // for_header_L105
debug: Created Phi assignment: let new_items_bytes#3: bytes = undefined while trying to resolve 'new_items_bytes' in block@5: // ternary_merge_L105
debug: Created Phi assignment: let new_items_bytes#4: bytes = undefined while trying to resolve 'new_items_bytes' in block@2: // after_if_else_L101
debug: Added new_items_bytes#0 to Phi node: let new_items_bytes#4: bytes = φ(new_items_bytes#0 <- block@0) in block@0: // L82
debug: Added new_items_bytes#0 to Phi node: let new_items_bytes#4: bytes = φ(new_items_bytes#0 <- block@0, new_items_bytes#0 <- block@1) in block@1: // if_body_L101
debug: Replacing trivial Phi node: let new_items_bytes#4: bytes = φ(new_items_bytes#0 <- block@0, new_items_bytes#0 <- block@1) (new_items_bytes#4) with new_items_bytes#0
debug: Deleting Phi assignment: let new_items_bytes#4: bytes = φ(new_items_bytes#0 <- block@0, new_items_bytes#0 <- block@1)
debug: Replaced trivial Phi node: let new_items_bytes#4: bytes = φ(new_items_bytes#0 <- block@0, new_items_bytes#0 <- block@1) (new_items_bytes#4) with new_items_bytes#0 in current definition for 1 blocks
debug: Added new_items_bytes#0 to Phi node: let new_items_bytes#3: bytes = φ(new_items_bytes#0 <- block@3) in block@3: // ternary_true_L105
debug: Added new_items_bytes#0 to Phi node: let new_items_bytes#3: bytes = φ(new_items_bytes#0 <- block@3, new_items_bytes#0 <- block@4) in block@4: // ternary_false_L105
debug: Replacing trivial Phi node: let new_items_bytes#3: bytes = φ(new_items_bytes#0 <- block@3, new_items_bytes#0 <- block@4) (new_items_bytes#3) with new_items_bytes#0
debug: Deleting Phi assignment: let new_items_bytes#3: bytes = φ(new_items_bytes#0 <- block@3, new_items_bytes#0 <- block@4)
debug: Replaced trivial Phi node: let new_items_bytes#3: bytes = φ(new_items_bytes#0 <- block@3, new_items_bytes#0 <- block@4) (new_items_bytes#3) with new_items_bytes#0 in current definition for 1 blocks
debug: Added new_items_bytes#0 to Phi node: let new_items_bytes#2: bytes = φ(new_items_bytes#0 <- block@6) in block@6: // for_preamble_L105
debug: Added new_items_bytes#1 to Phi node: let new_items_bytes#2: bytes = φ(new_items_bytes#0 <- block@6, new_items_bytes#1 <- block@10) in block@10: // for_increment_L105
debug: Added new_items_bytes#2 to Phi node: let new_items_bytes#1: bytes = φ(new_items_bytes#2 <- block@7) in block@7: // for_header_L105
debug: Replacing trivial Phi node: let new_items_bytes#1: bytes = φ(new_items_bytes#2 <- block@7) (new_items_bytes#1) with new_items_bytes#2
debug: Deleting Phi assignment: let new_items_bytes#1: bytes = φ(new_items_bytes#2 <- block@7)
debug: Replacing trivial Phi node: let new_items_bytes#2: bytes = φ(new_items_bytes#0 <- block@6, new_items_bytes#2 <- block@10) (new_items_bytes#2) with new_items_bytes#0
debug: Deleting Phi assignment: let new_items_bytes#2: bytes = φ(new_items_bytes#0 <- block@6, new_items_bytes#2 <- block@10)
debug: Replaced trivial Phi node: let new_items_bytes#1: bytes = φ(new_items_bytes#2 <- block@7) (new_items_bytes#1) with new_items_bytes#2 in current definition for 3 blocks
debug: Replaced trivial Phi node: let new_items_bytes#2: bytes = φ(new_items_bytes#0 <- block@6, new_items_bytes#2 <- block@10) (new_items_bytes#2) with new_items_bytes#0 in current definition for 4 blocks
debug: Sealing block@None: // after_for_L105
debug: Created Phi assignment: let source#8: bytes = undefined while trying to resolve 'source' in block@11: // after_for_L105
debug: Added source#7 to Phi node: let source#8: bytes = φ(source#7 <- block@5) in block@5: // ternary_merge_L105
debug: Added source#5 to Phi node: let source#8: bytes = φ(source#7 <- block@5, source#5 <- block@7) in block@7: // for_header_L105
debug: Terminated block@11: // after_for_L105
debug: Sealing block@0: // L113
debug: Terminated block@0: // L113
debug: Sealing block@0: // L134
debug: Terminated block@0: // L134
debug: Sealing block@0: // L161
debug: Terminated block@0: // L161
debug: Sealing block@0: // L190
debug: Terminated block@0: // L190
debug: Sealing block@0: // L209
debug: Terminated block@0: // L209
debug: Sealing block@0: // L227
debug: Terminated block@0: // L227
debug: Sealing block@None: // if_body_L241
debug: Sealing block@None: // else_body_L241
debug: Terminated block@1: // if_body_L241
debug: Terminated block@2: // else_body_L241
debug: Sealing block@3: // after_if_else_L241
debug: Created Phi assignment: let length#1: uint64 = undefined while trying to resolve 'length' in block@3: // after_if_else_L241
debug: Added length#0 to Phi node: let length#1: uint64 = φ(length#0 <- block@1) in block@1: // if_body_L241
debug: Added length#0 to Phi node: let length#1: uint64 = φ(length#0 <- block@1, length#0 <- block@2) in block@2: // else_body_L241
debug: Replacing trivial Phi node: let length#1: uint64 = φ(length#0 <- block@1, length#0 <- block@2) (length#1) with length#0
debug: Deleting Phi assignment: let length#1: uint64 = φ(length#0 <- block@1, length#0 <- block@2)
debug: Replaced trivial Phi node: let length#1: uint64 = φ(length#0 <- block@1, length#0 <- block@2) (length#1) with length#0 in current definition for 1 blocks
debug: Created Phi assignment: let start_at_index#1: uint64 = undefined while trying to resolve 'start_at_index' in block@3: // after_if_else_L241
debug: Added start_at_index#0 to Phi node: let start_at_index#1: uint64 = φ(start_at_index#0 <- block@1) in block@1: // if_body_L241
debug: Added start_at_index#0 to Phi node: let start_at_index#1: uint64 = φ(start_at_index#0 <- block@1, start_at_index#0 <- block@2) in block@2: // else_body_L241
debug: Replacing trivial Phi node: let start_at_index#1: uint64 = φ(start_at_index#0 <- block@1, start_at_index#0 <- block@2) (start_at_index#1) with start_at_index#0
debug: Deleting Phi assignment: let start_at_index#1: uint64 = φ(start_at_index#0 <- block@1, start_at_index#0 <- block@2)
debug: Replaced trivial Phi node: let start_at_index#1: uint64 = φ(start_at_index#0 <- block@1, start_at_index#0 <- block@2) (start_at_index#1) with start_at_index#0 in current definition for 1 blocks
debug: Terminated block@3: // after_if_else_L241
debug: Sealing block@4: // for_preamble_L246
debug: Terminated block@4: // for_preamble_L246
debug: Looking for 'range_item%2' in an unsealed block creating an incomplete Phi: block@5: // for_header_L246
debug: Created Phi assignment: let range_item%2#1: uint64 = undefined while trying to resolve 'range_item%2' in block@5: // for_header_L246
debug: Terminated block@5: // for_header_L246
debug: Looking for 'range_item%2' in an unsealed block creating an incomplete Phi: block@6: // for_body_L246
debug: Created Phi assignment: let range_item%2#2: uint64 = undefined while trying to resolve 'range_item%2' in block@6: // for_body_L246
debug: Looking for 'tail_cursor' in an unsealed block creating an incomplete Phi: block@6: // for_body_L246
debug: Created Phi assignment: let tail_cursor#2: uint64 = undefined while trying to resolve 'tail_cursor' in block@6: // for_body_L246
debug: Looking for 'array_data' in an unsealed block creating an incomplete Phi: block@6: // for_body_L246
debug: Created Phi assignment: let array_data#1: bytes = undefined while trying to resolve 'array_data' in block@6: // for_body_L246
debug: Looking for 'header_cursor' in an unsealed block creating an incomplete Phi: block@6: // for_body_L246
debug: Created Phi assignment: let header_cursor#1: uint64 = undefined while trying to resolve 'header_cursor' in block@6: // for_body_L246
debug: Terminated block@6: // for_body_L246
debug: Sealing block@7: // for_footer_L246
debug: Terminated block@7: // for_footer_L246
debug: Sealing block@8: // for_increment_L246
debug: Terminated block@8: // for_increment_L246
debug: Sealing block@5: // for_header_L246
debug: Added range_item%2#0 to Phi node: let range_item%2#1: uint64 = φ(range_item%2#0 <- block@4) in block@4: // for_preamble_L246
debug: Added range_item%2#3 to Phi node: let range_item%2#1: uint64 = φ(range_item%2#0 <- block@4, range_item%2#3 <- block@8) in block@8: // for_increment_L246
debug: Sealing block@6: // for_body_L246
debug: Added range_item%2#1 to Phi node: let range_item%2#2: uint64 = φ(range_item%2#1 <- block@5) in block@5: // for_header_L246
debug: Replacing trivial Phi node: let range_item%2#2: uint64 = φ(range_item%2#1 <- block@5) (range_item%2#2) with range_item%2#1
debug: Deleting Phi assignment: let range_item%2#2: uint64 = φ(range_item%2#1 <- block@5)
debug: Replaced trivial Phi node: let range_item%2#2: uint64 = φ(range_item%2#1 <- block@5) (range_item%2#2) with range_item%2#1 in current definition for 2 blocks
debug: Created Phi assignment: let tail_cursor#4: uint64 = undefined while trying to resolve 'tail_cursor' in block@5: // for_header_L246
debug: Created Phi assignment: let tail_cursor#5: uint64 = undefined while trying to resolve 'tail_cursor' in block@3: // after_if_else_L241
debug: Added tail_cursor#0 to Phi node: let tail_cursor#5: uint64 = φ(tail_cursor#0 <- block@1) in block@1: // if_body_L241
debug: Added tail_cursor#1 to Phi node: let tail_cursor#5: uint64 = φ(tail_cursor#0 <- block@1, tail_cursor#1 <- block@2) in block@2: // else_body_L241
debug: Added tail_cursor#5 to Phi node: let tail_cursor#4: uint64 = φ(tail_cursor#5 <- block@4) in block@4: // for_preamble_L246
debug: Added tail_cursor#3 to Phi node: let tail_cursor#4: uint64 = φ(tail_cursor#5 <- block@4, tail_cursor#3 <- block@8) in block@8: // for_increment_L246
debug: Added tail_cursor#4 to Phi node: let tail_cursor#2: uint64 = φ(tail_cursor#4 <- block@5) in block@5: // for_header_L246
debug: Replacing trivial Phi node: let tail_cursor#2: uint64 = φ(tail_cursor#4 <- block@5) (tail_cursor#2) with tail_cursor#4
debug: Deleting Phi assignment: let tail_cursor#2: uint64 = φ(tail_cursor#4 <- block@5)
debug: Replaced trivial Phi node: let tail_cursor#2: uint64 = φ(tail_cursor#4 <- block@5) (tail_cursor#2) with tail_cursor#4 in current definition for 0 blocks
debug: Created Phi assignment: let array_data#3: bytes = undefined while trying to resolve 'array_data' in block@5: // for_header_L246
debug: Created Phi assignment: let array_data#4: bytes = undefined while trying to resolve 'array_data' in block@3: // after_if_else_L241
debug: Added array_data#0 to Phi node: let array_data#4: bytes = φ(array_data#0 <- block@1) in block@1: // if_body_L241
debug: Added array_data#0 to Phi node: let array_data#4: bytes = φ(array_data#0 <- block@1, array_data#0 <- block@2) in block@2: // else_body_L241
debug: Replacing trivial Phi node: let array_data#4: bytes = φ(array_data#0 <- block@1, array_data#0 <- block@2) (array_data#4) with array_data#0
debug: Deleting Phi assignment: let array_data#4: bytes = φ(array_data#0 <- block@1, array_data#0 <- block@2)
debug: Replaced trivial Phi node: let array_data#4: bytes = φ(array_data#0 <- block@1, array_data#0 <- block@2) (array_data#4) with array_data#0 in current definition for 1 blocks
debug: Added array_data#0 to Phi node: let array_data#3: bytes = φ(array_data#0 <- block@4) in block@4: // for_preamble_L246
debug: Added array_data#2 to Phi node: let array_data#3: bytes = φ(array_data#0 <- block@4, array_data#2 <- block@8) in block@8: // for_increment_L246
debug: Added array_data#3 to Phi node: let array_data#1: bytes = φ(array_data#3 <- block@5) in block@5: // for_header_L246
debug: Replacing trivial Phi node: let array_data#1: bytes = φ(array_data#3 <- block@5) (array_data#1) with array_data#3
debug: Deleting Phi assignment: let array_data#1: bytes = φ(array_data#3 <- block@5)
debug: Replaced trivial Phi node: let array_data#1: bytes = φ(array_data#3 <- block@5) (array_data#1) with array_data#3 in current definition for 0 blocks
debug: Created Phi assignment: let header_cursor#3: uint64 = undefined while trying to resolve 'header_cursor' in block@5: // for_header_L246
debug: Created Phi assignment: let header_cursor#4: uint64 = undefined while trying to resolve 'header_cursor' in block@3: // after_if_else_L241
debug: Added header_cursor#0 to Phi node: let header_cursor#4: uint64 = φ(header_cursor#0 <- block@1) in block@1: // if_body_L241
debug: Added header_cursor#0 to Phi node: let header_cursor#4: uint64 = φ(header_cursor#0 <- block@1, header_cursor#0 <- block@2) in block@2: // else_body_L241
debug: Replacing trivial Phi node: let header_cursor#4: uint64 = φ(header_cursor#0 <- block@1, header_cursor#0 <- block@2) (header_cursor#4) with header_cursor#0
debug: Deleting Phi assignment: let header_cursor#4: uint64 = φ(header_cursor#0 <- block@1, header_cursor#0 <- block@2)
debug: Replaced trivial Phi node: let header_cursor#4: uint64 = φ(header_cursor#0 <- block@1, header_cursor#0 <- block@2) (header_cursor#4) with header_cursor#0 in current definition for 1 blocks
debug: Added header_cursor#0 to Phi node: let header_cursor#3: uint64 = φ(header_cursor#0 <- block@4) in block@4: // for_preamble_L246
debug: Added header_cursor#2 to Phi node: let header_cursor#3: uint64 = φ(header_cursor#0 <- block@4, header_cursor#2 <- block@8) in block@8: // for_increment_L246
debug: Added header_cursor#3 to Phi node: let header_cursor#1: uint64 = φ(header_cursor#3 <- block@5) in block@5: // for_header_L246
debug: Replacing trivial Phi node: let header_cursor#1: uint64 = φ(header_cursor#3 <- block@5) (header_cursor#1) with header_cursor#3
debug: Deleting Phi assignment: let header_cursor#1: uint64 = φ(header_cursor#3 <- block@5)
debug: Replaced trivial Phi node: let header_cursor#1: uint64 = φ(header_cursor#3 <- block@5) (header_cursor#1) with header_cursor#3 in current definition for 0 blocks
debug: Sealing block@None: // after_for_L246
debug: Created Phi assignment: let array_data#5: bytes = undefined while trying to resolve 'array_data' in block@9: // after_for_L246
debug: Added array_data#0 to Phi node: let array_data#5: bytes = φ(array_data#0 <- block@3) in block@3: // after_if_else_L241
debug: Added array_data#3 to Phi node: let array_data#5: bytes = φ(array_data#0 <- block@3, array_data#3 <- block@5) in block@5: // for_header_L246
debug: Terminated block@9: // after_for_L246
debug: Sealing block@0: // L5
debug: Terminated block@0: // L5
debug: Looking for 'start' in an unsealed block creating an incomplete Phi: block@1: // while_top_L11
debug: Created Phi assignment: let start#1: uint64 = undefined while trying to resolve 'start' in block@1: // while_top_L11
debug: Looking for 'item' in an unsealed block creating an incomplete Phi: block@1: // while_top_L11
debug: Created Phi assignment: let item#1: bytes = undefined while trying to resolve 'item' in block@1: // while_top_L11
debug: Looking for 'sequence' in an unsealed block creating an incomplete Phi: block@1: // while_top_L11
debug: Created Phi assignment: let sequence#1: bytes = undefined while trying to resolve 'sequence' in block@1: // while_top_L11
debug: Terminated block@1: // while_top_L11
debug: Sealing block@None: // while_body_L11
debug: Terminated block@2: // while_body_L11
debug: Sealing block@None: // if_body_L12
debug: Sealing block@None: // else_body_L12
debug: Terminated block@3: // if_body_L12
debug: Sealing block@4: // after_if_else_L12
debug: Terminated block@4: // after_if_else_L12
debug: Sealing block@1: // while_top_L11
debug: Added start#0 to Phi node: let start#1: uint64 = φ(start#0 <- block@0) in block@0: // L5
debug: Added start#2 to Phi node: let start#1: uint64 = φ(start#0 <- block@0, start#2 <- block@4) in block@4: // after_if_else_L12
debug: Added item#0 to Phi node: let item#1: bytes = φ(item#0 <- block@0) in block@0: // L5
debug: Added item#1 to Phi node: let item#1: bytes = φ(item#0 <- block@0, item#1 <- block@4) in block@4: // after_if_else_L12
debug: Replacing trivial Phi node: let item#1: bytes = φ(item#0 <- block@0, item#1 <- block@4) (item#1) with item#0
debug: Deleting Phi assignment: let item#1: bytes = φ(item#0 <- block@0, item#1 <- block@4)
debug: Replaced trivial Phi node: let item#1: bytes = φ(item#0 <- block@0, item#1 <- block@4) (item#1) with item#0 in current definition for 3 blocks
debug: Added sequence#0 to Phi node: let sequence#1: bytes = φ(sequence#0 <- block@0) in block@0: // L5
debug: Added sequence#1 to Phi node: let sequence#1: bytes = φ(sequence#0 <- block@0, sequence#1 <- block@4) in block@4: // after_if_else_L12
debug: Replacing trivial Phi node: let sequence#1: bytes = φ(sequence#0 <- block@0, sequence#1 <- block@4) (sequence#1) with sequence#0
debug: Deleting Phi assignment: let sequence#1: bytes = φ(sequence#0 <- block@0, sequence#1 <- block@4)
debug: Replaced trivial Phi node: let sequence#1: bytes = φ(sequence#0 <- block@0, sequence#1 <- block@4) (sequence#1) with sequence#0 in current definition for 3 blocks
debug: Sealing block@None: // after_while_L11
debug: Terminated block@5: // after_while_L11
debug: Sealing block@0: // L56
debug: Terminated block@0: // L56
debug: Sealing block@0: // L64
debug: Terminated block@0: // L64
debug: Sealing block@0: // L74
debug: Terminated block@0: // L74
debug: Sealing block@0: // L70
debug: Terminated block@0: // L70
debug: Sealing block@0: // L60
debug: Terminated block@0: // L60
debug: Sealing block@None: // ternary_true_L61
debug: Sealing block@None: // ternary_false_L61
debug: Terminated block@1: // ternary_true_L61
debug: Terminated block@2: // ternary_false_L61
debug: Sealing block@3: // ternary_merge_L61
debug: Created Phi assignment: let ternary_result%1#2: bytes = undefined while trying to resolve 'ternary_result%1' in block@3: // ternary_merge_L61
debug: Added ternary_result%1#0 to Phi node: let ternary_result%1#2: bytes = φ(ternary_result%1#0 <- block@1) in block@1: // ternary_true_L61
debug: Added ternary_result%1#1 to Phi node: let ternary_result%1#2: bytes = φ(ternary_result%1#0 <- block@1, ternary_result%1#1 <- block@2) in block@2: // ternary_false_L61
debug: Terminated block@3: // ternary_merge_L61
debug: Sealing block@0: // L14
debug: Terminated block@0: // L14
debug: Sealing block@0: // L17
debug: Terminated block@0: // L17
debug: Sealing block@None: // on_create_L14
debug: Terminated block@1: // on_create_L14
debug: Sealing block@2: // entrypoint_L14
debug: Terminated block@2: // entrypoint_L14
debug: Sealing block@None: // if_body_L18
debug: Sealing block@None: // else_body_L18
debug: Terminated block@3: // if_body_L18
debug: Sealing block@4: // after_if_else_L18
debug: Terminated block@4: // after_if_else_L18
debug: Sealing block@None: // if_body_L20
debug: Sealing block@None: // else_body_L20
debug: Terminated block@5: // if_body_L20
debug: Sealing block@6: // after_if_else_L20
debug: Terminated block@6: // after_if_else_L20
debug: Sealing block@None: // if_body_L22
debug: Sealing block@None: // else_body_L22
debug: Terminated block@7: // if_body_L22
debug: Sealing block@8: // after_if_else_L22
debug: Terminated block@8: // after_if_else_L22
debug: Sealing block@None: // if_body_L26
debug: Sealing block@None: // else_body_L26
debug: Terminated block@9: // if_body_L26
debug: Sealing block@None: // if_body_L27
debug: Sealing block@None: // else_body_L27
debug: Terminated block@10: // if_body_L27
debug: Terminated block@11: // else_body_L27
debug: Sealing block@None: // if_body_L29
debug: Sealing block@None: // else_body_L29
debug: Terminated block@12: // if_body_L29
debug: Terminated block@13: // else_body_L29
debug: Sealing block@None: // if_body_L31
debug: Sealing block@None: // else_body_L31
debug: Terminated block@14: // if_body_L31
debug: Terminated block@15: // else_body_L31
debug: Sealing block@16: // after_if_else_L31
debug: Terminated block@16: // after_if_else_L31
debug: Sealing block@17: // after_if_else_L29
debug: Terminated block@17: // after_if_else_L29
debug: Sealing block@18: // after_if_else_L27
debug: Terminated block@18: // after_if_else_L27
debug: Terminated block@19: // else_body_L26
debug: Sealing block@None: // if_body_L37
debug: Sealing block@None: // else_body_L37
debug: Terminated block@20: // if_body_L37
debug: Sealing block@None: // if_body_L38
debug: Sealing block@None: // else_body_L38
debug: Terminated block@21: // if_body_L38
debug: Terminated block@22: // else_body_L38
debug: Sealing block@None: // if_body_L40
debug: Sealing block@None: // else_body_L40
debug: Terminated block@23: // if_body_L40
debug: Terminated block@24: // else_body_L40
debug: Sealing block@25: // after_if_else_L40
debug: Terminated block@25: // after_if_else_L40
debug: Sealing block@26: // after_if_else_L38
debug: Terminated block@26: // after_if_else_L38
debug: Terminated block@27: // else_body_L37
debug: Sealing block@None: // after_if_else_L37
debug: Sealing block@None: // after_if_else_L26
debug: Sealing block@0: // L52
debug: Terminated block@0: // L52
debug: Sealing block@0: // L54
debug: Terminated block@0: // L54
debug: Sealing block@0: // L62
debug: Terminated block@0: // L62
debug: Sealing block@0: // L72
debug: Terminated block@0: // L72
debug: Sealing block@0: // L68
debug: Terminated block@0: // L68
debug: Sealing block@0: // L58
debug: Terminated block@0: // L58
debug: Sealing block@None: // ternary_true_L59
debug: Sealing block@None: // ternary_false_L59
debug: Terminated block@1: // ternary_true_L59
debug: Terminated block@2: // ternary_false_L59
debug: Sealing block@3: // ternary_merge_L59
debug: Created Phi assignment: let ternary_result%1#2: bytes = undefined while trying to resolve 'ternary_result%1' in block@3: // ternary_merge_L59
debug: Added ternary_result%1#0 to Phi node: let ternary_result%1#2: bytes = φ(ternary_result%1#0 <- block@1) in block@1: // ternary_true_L59
debug: Added ternary_result%1#1 to Phi node: let ternary_result%1#2: bytes = φ(ternary_result%1#0 <- block@1, ternary_result%1#1 <- block@2) in block@2: // ternary_false_L59
debug: Terminated block@3: // ternary_merge_L59
debug: Sealing block@0: // L15
debug: Terminated block@0: // L15
debug: Sealing block@0: // L18
debug: Terminated block@0: // L18
debug: Sealing block@None: // on_create_L15
debug: Terminated block@1: // on_create_L15
debug: Sealing block@2: // entrypoint_L15
debug: Terminated block@2: // entrypoint_L15
debug: Sealing block@None: // if_body_L19
debug: Sealing block@None: // else_body_L19
debug: Terminated block@3: // if_body_L19
debug: Sealing block@4: // after_if_else_L19
debug: Terminated block@4: // after_if_else_L19
debug: Sealing block@None: // if_body_L21
debug: Sealing block@None: // else_body_L21
debug: Terminated block@5: // if_body_L21
debug: Sealing block@6: // after_if_else_L21
debug: Terminated block@6: // after_if_else_L21
debug: Sealing block@None: // if_body_L23
debug: Sealing block@None: // else_body_L23
debug: Terminated block@7: // if_body_L23
debug: Sealing block@8: // after_if_else_L23
debug: Terminated block@8: // after_if_else_L23
debug: Sealing block@None: // if_body_L28
debug: Sealing block@None: // else_body_L28
debug: Terminated block@9: // if_body_L28
debug: Sealing block@None: // if_body_L29
debug: Sealing block@None: // else_body_L29
debug: Terminated block@10: // if_body_L29
debug: Terminated block@11: // else_body_L29
debug: Sealing block@None: // if_body_L31
debug: Sealing block@None: // else_body_L31
debug: Terminated block@12: // if_body_L31
debug: Terminated block@13: // else_body_L31
debug: Sealing block@None: // if_body_L33
debug: Sealing block@None: // else_body_L33
debug: Terminated block@14: // if_body_L33
debug: Terminated block@15: // else_body_L33
debug: Sealing block@16: // after_if_else_L33
debug: Terminated block@16: // after_if_else_L33
debug: Sealing block@17: // after_if_else_L31
debug: Terminated block@17: // after_if_else_L31
debug: Sealing block@18: // after_if_else_L29
debug: Terminated block@18: // after_if_else_L29
debug: Terminated block@19: // else_body_L28
debug: Sealing block@None: // if_body_L39
debug: Sealing block@None: // else_body_L39
debug: Terminated block@20: // if_body_L39
debug: Sealing block@None: // if_body_L40
debug: Sealing block@None: // else_body_L40
debug: Terminated block@21: // if_body_L40
debug: Terminated block@22: // else_body_L40
debug: Sealing block@None: // if_body_L42
debug: Sealing block@None: // else_body_L42
debug: Terminated block@23: // if_body_L42
debug: Terminated block@24: // else_body_L42
debug: Sealing block@25: // after_if_else_L42
debug: Terminated block@25: // after_if_else_L42
debug: Sealing block@26: // after_if_else_L40
debug: Terminated block@26: // after_if_else_L40
debug: Terminated block@27: // else_body_L39
debug: Sealing block@None: // after_if_else_L39
debug: Sealing block@None: // after_if_else_L28
debug: Sealing block@0: // L50
debug: Terminated block@0: // L50
debug: Output IR to local_state/out/local_state_contract_LocalStateContract.ssa.ir
info: Optimizing examples.local_state.local_state_contract.LocalStateContract at level 1
debug: Begin optimization pass 1/100
debug: Optimizing subroutine examples.local_state.local_state_contract.LocalStateContract.approval_program
debug: Splitting parallel copies prior to optimization
debug: Optimizer: Arithmetic Simplification
debug: Optimizer: Constant Replacer
debug: Optimizer: Copy Propagation
debug: Optimizer: Intrinsic Simplifier
debug: Optimizer: Remove Unused Variables
debug: Optimizer: Simplify Control Ops
debug: Optimizer: Remove Linear Jump
debug: Replaced predecessor block@16: // after_if_else_L31 with block@14: // if_body_L31 in block@17: // after_if_else_L29
debug: Merged linear block@16: // after_if_else_L31 into block@14: // if_body_L31
debug: Replaced predecessor block@25: // after_if_else_L40 with block@23: // if_body_L40 in block@26: // after_if_else_L38
debug: Merged linear block@25: // after_if_else_L40 into block@23: // if_body_L40
debug: Optimizer: Remove Empty Blocks
debug: Removed empty block: block@17: // after_if_else_L29
debug: Optimizer: Remove Unreachable Blocks
debug: Optimizing subroutine examples.local_state.local_state_contract.LocalStateContract.get_guaranteed_data
debug: Splitting parallel copies prior to optimization
debug: Optimizer: Arithmetic Simplification
debug: Optimizer: Constant Replacer
debug: Optimizer: Copy Propagation
debug: Optimizer: Intrinsic Simplifier
debug: Optimizer: Remove Unused Variables
debug: Optimizer: Simplify Control Ops
debug: Optimizer: Remove Linear Jump
debug: Optimizer: Remove Empty Blocks
debug: Optimizer: Remove Unreachable Blocks
debug: Optimizing subroutine examples.local_state.local_state_contract.LocalStateContract.get_data_or_assert
debug: Splitting parallel copies prior to optimization
debug: Optimizer: Arithmetic Simplification
debug: Optimizer: Constant Replacer
debug: Optimizer: Copy Propagation
debug: Found equivalence set: tuple_assignment%0#0, result#0
debug: Replacing {tuple_assignment%0#0} with result#0 made 1 modifications
debug: Found equivalence set: tuple_assignment%1#0, exists#0
debug: Replacing {tuple_assignment%1#0} with exists#0 made 1 modifications
debug: Optimizer: Intrinsic Simplifier
debug: Optimizer: Remove Unused Variables
debug: Optimizer: Simplify Control Ops
debug: Optimizer: Remove Linear Jump
debug: Optimizer: Remove Empty Blocks
debug: Optimizer: Remove Unreachable Blocks
debug: Optimizing subroutine examples.local_state.local_state_contract.LocalStateContract.delete_data
debug: Splitting parallel copies prior to optimization
debug: Optimizer: Arithmetic Simplification
debug: Optimizer: Constant Replacer
debug: Optimizer: Copy Propagation
debug: Optimizer: Intrinsic Simplifier
debug: Optimizer: Remove Unused Variables
debug: Optimizer: Simplify Control Ops
debug: Optimizer: Remove Linear Jump
debug: Optimizer: Remove Empty Blocks
debug: Optimizer: Remove Unreachable Blocks
debug: Optimizing subroutine examples.local_state.local_state_contract.LocalStateContract.set_data
debug: Splitting parallel copies prior to optimization
debug: Optimizer: Arithmetic Simplification
debug: Optimizer: Constant Replacer
debug: Optimizer: Copy Propagation
debug: Optimizer: Intrinsic Simplifier
debug: Optimizer: Remove Unused Variables
debug: Optimizer: Simplify Control Ops
debug: Optimizer: Remove Linear Jump
debug: Optimizer: Remove Empty Blocks
debug: Optimizer: Remove Unreachable Blocks
debug: Optimizing subroutine examples.local_state.local_state_contract.LocalStateContract.get_data_with_default
debug: Splitting parallel copies prior to optimization
debug: Optimizer: Arithmetic Simplification
debug: Optimizer: Constant Replacer
debug: Optimizer: Copy Propagation
debug: Found equivalence set: default#0, ternary_result%1#1
debug: Replacing {ternary_result%1#1} with default#0 made 1 modifications
debug: Found equivalence set: awst_tmp%0.0#0, ternary_result%1#0
debug: Replacing {ternary_result%1#0} with awst_tmp%0.0#0 made 1 modifications
debug: Optimizer: Intrinsic Simplifier
debug: Optimizer: Remove Unused Variables
debug: Optimizer: Simplify Control Ops
debug: Optimizer: Remove Linear Jump
debug: Optimizer: Remove Empty Blocks
debug: Not removing empty block block@1: // ternary_true_L61 because it's used by phi nodes
debug: Not removing empty block block@2: // ternary_false_L61 because it's used by phi nodes
debug: Optimizer: Remove Unreachable Blocks
debug: Optimizing subroutine examples.local_state.local_state_contract.LocalStateContract.__init__
debug: Splitting parallel copies prior to optimization
debug: Optimizer: Arithmetic Simplification
debug: Optimizer: Constant Replacer
debug: Optimizer: Copy Propagation
debug: Optimizer: Intrinsic Simplifier
debug: Optimizer: Remove Unused Variables
debug: Optimizer: Simplify Control Ops
debug: Optimizer: Remove Linear Jump
debug: Optimizer: Remove Empty Blocks
debug: Optimizer: Remove Unreachable Blocks
debug: Optimizing subroutine examples.local_state.local_state_contract.LocalStateContract.clear_state_program
debug: Splitting parallel copies prior to optimization
debug: Optimizer: Arithmetic Simplification
debug: Optimizer: Constant Replacer
debug: Optimizer: Copy Propagation
debug: Optimizer: Intrinsic Simplifier
debug: Optimizer: Remove Unused Variables
debug: Optimizer: Simplify Control Ops
debug: Optimizer: Remove Linear Jump
debug: Optimizer: Remove Empty Blocks
debug: Optimizer: Remove Unreachable Blocks
debug: Output IR to local_state/out/local_state_contract_LocalStateContract.ssa.opt_pass_1.ir
debug: Begin optimization pass 2/100
debug: Optimizing subroutine examples.local_state.local_state_contract.LocalStateContract.approval_program
debug: Optimizer: Arithmetic Simplification
debug: Optimizer: Constant Replacer
debug: Optimizer: Copy Propagation
debug: Optimizer: Intrinsic Simplifier
debug: Optimizer: Remove Unused Variables
debug: Optimizer: Simplify Control Ops
debug: Optimizer: Remove Linear Jump
debug: Optimizer: Remove Empty Blocks
debug: Optimizer: Remove Unreachable Blocks
debug: Optimizing subroutine examples.local_state.local_state_contract.LocalStateContract.get_guaranteed_data
debug: Optimizer: Arithmetic Simplification
debug: Optimizer: Constant Replacer
debug: Optimizer: Copy Propagation
debug: Optimizer: Intrinsic Simplifier
debug: Optimizer: Remove Unused Variables
debug: Optimizer: Simplify Control Ops
debug: Optimizer: Remove Linear Jump
debug: Optimizer: Remove Empty Blocks
debug: Optimizer: Remove Unreachable Blocks
debug: Optimizing subroutine examples.local_state.local_state_contract.LocalStateContract.get_data_or_assert
debug: Optimizer: Arithmetic Simplification
debug: Optimizer: Constant Replacer
debug: Optimizer: Copy Propagation
debug: Optimizer: Intrinsic Simplifier
debug: Optimizer: Remove Unused Variables
debug: Optimizer: Simplify Control Ops
debug: Optimizer: Remove Linear Jump
debug: Optimizer: Remove Empty Blocks
debug: Optimizer: Remove Unreachable Blocks
debug: Optimizing subroutine examples.local_state.local_state_contract.LocalStateContract.delete_data
debug: Optimizer: Arithmetic Simplification
debug: Optimizer: Constant Replacer
debug: Optimizer: Copy Propagation
debug: Optimizer: Intrinsic Simplifier
debug: Optimizer: Remove Unused Variables
debug: Optimizer: Simplify Control Ops
debug: Optimizer: Remove Linear Jump
debug: Optimizer: Remove Empty Blocks
debug: Optimizer: Remove Unreachable Blocks
debug: Optimizing subroutine examples.local_state.local_state_contract.LocalStateContract.set_data
debug: Optimizer: Arithmetic Simplification
debug: Optimizer: Constant Replacer
debug: Optimizer: Copy Propagation
debug: Optimizer: Intrinsic Simplifier
debug: Optimizer: Remove Unused Variables
debug: Optimizer: Simplify Control Ops
debug: Optimizer: Remove Linear Jump
debug: Optimizer: Remove Empty Blocks
debug: Optimizer: Remove Unreachable Blocks
debug: Optimizing subroutine examples.local_state.local_state_contract.LocalStateContract.get_data_with_default
debug: Optimizer: Arithmetic Simplification
debug: Optimizer: Constant Replacer
debug: Optimizer: Copy Propagation
debug: Optimizer: Intrinsic Simplifier
debug: Optimizer: Remove Unused Variables
debug: Optimizer: Simplify Control Ops
debug: Optimizer: Remove Linear Jump
debug: Optimizer: Remove Empty Blocks
debug: Not removing empty block block@1: // ternary_true_L61 because it's used by phi nodes
debug: Not removing empty block block@2: // ternary_false_L61 because it's used by phi nodes
debug: Optimizer: Remove Unreachable Blocks
debug: Optimizing subroutine examples.local_state.local_state_contract.LocalStateContract.__init__
debug: Optimizer: Arithmetic Simplification
debug: Optimizer: Constant Replacer
debug: Optimizer: Copy Propagation
debug: Optimizer: Intrinsic Simplifier
debug: Optimizer: Remove Unused Variables
debug: Optimizer: Simplify Control Ops
debug: Optimizer: Remove Linear Jump
debug: Optimizer: Remove Empty Blocks
debug: Optimizer: Remove Unreachable Blocks
debug: Optimizing subroutine examples.local_state.local_state_contract.LocalStateContract.clear_state_program
debug: Optimizer: Arithmetic Simplification
debug: Optimizer: Constant Replacer
debug: Optimizer: Copy Propagation
debug: Optimizer: Intrinsic Simplifier
debug: Optimizer: Remove Unused Variables
debug: Optimizer: Simplify Control Ops
debug: Optimizer: Remove Linear Jump
debug: Optimizer: Remove Empty Blocks
debug: Optimizer: Remove Unreachable Blocks
debug: No optimizations performed in pass 2, ending loop
debug: Output IR to local_state/out/local_state_contract_LocalStateContract.cssa.ir
debug: Removing Phis from examples.local_state.local_state_contract.LocalStateContract.approval_program
debug: Removing Phis from examples.local_state.local_state_contract.LocalStateContract.get_guaranteed_data
debug: Removing Phis from examples.local_state.local_state_contract.LocalStateContract.get_data_or_assert
debug: Removing Phis from examples.local_state.local_state_contract.LocalStateContract.delete_data
debug: Removing Phis from examples.local_state.local_state_contract.LocalStateContract.set_data
debug: Removing Phis from examples.local_state.local_state_contract.LocalStateContract.get_data_with_default
debug: Removing Phis from examples.local_state.local_state_contract.LocalStateContract.__init__
debug: Removing Phis from examples.local_state.local_state_contract.LocalStateContract.clear_state_program
debug: Output IR to local_state/out/local_state_contract_LocalStateContract.post_ssa.ir
debug: Sequentializing parallel copies in examples.local_state.local_state_contract.LocalStateContract.approval_program
debug: Sequentializing parallel copies in examples.local_state.local_state_contract.LocalStateContract.get_guaranteed_data
debug: Sequentializing parallel copies in examples.local_state.local_state_contract.LocalStateContract.get_data_or_assert
debug: Sequentializing parallel copies in examples.local_state.local_state_contract.LocalStateContract.delete_data
debug: Sequentializing parallel copies in examples.local_state.local_state_contract.LocalStateContract.set_data
debug: Sequentializing parallel copies in examples.local_state.local_state_contract.LocalStateContract.get_data_with_default
debug: Sequentializing parallel copies in examples.local_state.local_state_contract.LocalStateContract.__init__
debug: Sequentializing parallel copies in examples.local_state.local_state_contract.LocalStateContract.clear_state_program
debug: Output IR to local_state/out/local_state_contract_LocalStateContract.parallel_copies.ir
debug: Coalescing local variables in examples.local_state.local_state_contract.LocalStateContract.approval_program using strategy RootOperandGrouping
debug: Coalescing resulted in 0 replacement/s
debug: Coalescing local variables in examples.local_state.local_state_contract.LocalStateContract.get_guaranteed_data using strategy RootOperandGrouping
debug: Coalescing resulted in 0 replacement/s
debug: Coalescing local variables in examples.local_state.local_state_contract.LocalStateContract.get_data_or_assert using strategy RootOperandGrouping
debug: Coalescing resulted in 0 replacement/s
debug: Coalescing local variables in examples.local_state.local_state_contract.LocalStateContract.delete_data using strategy RootOperandGrouping
debug: Coalescing resulted in 0 replacement/s
debug: Coalescing local variables in examples.local_state.local_state_contract.LocalStateContract.set_data using strategy RootOperandGrouping
debug: Coalescing resulted in 0 replacement/s
debug: Coalescing local variables in examples.local_state.local_state_contract.LocalStateContract.get_data_with_default using strategy RootOperandGrouping
debug: Coalescing ternary_result%1#2 with [ternary_result%1#3]
debug: Coalescing resulted in 3 replacement/s
debug: Coalescing local variables in examples.local_state.local_state_contract.LocalStateContract.__init__ using strategy RootOperandGrouping
debug: Coalescing resulted in 0 replacement/s
debug: Coalescing local variables in examples.local_state.local_state_contract.LocalStateContract.clear_state_program using strategy RootOperandGrouping
debug: Coalescing resulted in 0 replacement/s
debug: Output IR to local_state/out/local_state_contract_LocalStateContract.final.ir
debug: Inserted main_block@0.ops[1]: 'store app_id%0#0 to l-stack (copy)'
debug: Replaced main_block@0.ops[3]: 'load app_id%0#0' with 'load app_id%0#0 from l-stack (no copy)'
debug: Inserted main_entrypoint@2.ops[1]: 'store tmp%1#0 to l-stack (copy)'
debug: Replaced main_entrypoint@2.ops[3]: 'load tmp%1#0' with 'load tmp%1#0 from l-stack (no copy)'
debug: Inserted main_entrypoint@2.ops[5]: 'store tmp%2#0 to l-stack (copy)'
debug: Replaced main_entrypoint@2.ops[7]: 'load tmp%2#0' with 'load tmp%2#0 from l-stack (no copy)'
debug: Inserted main_after_if_else@4.ops[1]: 'store tmp%3#0 to l-stack (copy)'
debug: Replaced main_after_if_else@4.ops[3]: 'load tmp%3#0' with 'load tmp%3#0 from l-stack (no copy)'
debug: Inserted main_after_if_else@4.ops[13]: 'store tmp%6#0 to l-stack (copy)'
debug: Replaced main_after_if_else@4.ops[15]: 'load tmp%6#0' with 'load tmp%6#0 from l-stack (no copy)'
debug: Inserted main_after_if_else@4.ops[9]: 'store is_equal%5#0 to l-stack (copy)'
debug: Replaced main_after_if_else@4.ops[12]: 'load is_equal%5#0' with 'load is_equal%5#0 from l-stack (no copy)'
debug: Inserted main_after_if_else@4.ops[4]: 'store tmp%3#0 to l-stack (copy)'
debug: Replaced main_after_if_else@4.ops[7]: 'load tmp%3#0' with 'load tmp%3#0 from l-stack (no copy)'
debug: Inserted main_after_if_else@4.ops[6]: 'store contains%4#0 to l-stack (copy)'
debug: Replaced main_after_if_else@4.ops[13]: 'load contains%4#0' with 'load contains%4#0 from l-stack (no copy)'
debug: Inserted main_after_if_else@6.ops[1]: 'store tmp%7#0 to l-stack (copy)'
debug: Replaced main_after_if_else@6.ops[3]: 'load tmp%7#0' with 'load tmp%7#0 from l-stack (no copy)'
debug: Inserted main_after_if_else@6.ops[5]: 'store tmp%8#0 to l-stack (copy)'
debug: Replaced main_after_if_else@6.ops[7]: 'load tmp%8#0' with 'load tmp%8#0 from l-stack (no copy)'
debug: Inserted main_after_if_else@8.ops[3]: 'store tmp%9#0 to l-stack (copy)'
debug: Replaced main_after_if_else@8.ops[5]: 'load tmp%9#0' with 'load tmp%9#0 from l-stack (no copy)'
debug: Inserted main_after_if_else@8.ops[8]: 'store tmp%10#0 to l-stack (copy)'
debug: Replaced main_after_if_else@8.ops[10]: 'load tmp%10#0' with 'load tmp%10#0 from l-stack (no copy)'
debug: Inserted main_if_body@9.ops[3]: 'store tmp%11#0 to l-stack (copy)'
debug: Replaced main_if_body@9.ops[5]: 'load tmp%11#0' with 'load tmp%11#0 from l-stack (no copy)'
debug: Inserted main_if_body@10.ops[1]: 'store tmp%12#0 to l-stack (copy)'
debug: Replaced main_if_body@10.ops[3]: 'load tmp%12#0' with 'load tmp%12#0 from l-stack (no copy)'
debug: Inserted main_if_body@10.ops[5]: 'store tmp%13#0 to l-stack (copy)'
debug: Replaced main_if_body@10.ops[7]: 'load tmp%13#0' with 'load tmp%13#0 from l-stack (no copy)'
debug: Inserted main_else_body@11.ops[3]: 'store tmp%14#0 to l-stack (copy)'
debug: Replaced main_else_body@11.ops[5]: 'load tmp%14#0' with 'load tmp%14#0 from l-stack (no copy)'
debug: Inserted main_if_body@12.ops[1]: 'store tmp%15#0 to l-stack (copy)'
debug: Replaced main_if_body@12.ops[3]: 'load tmp%15#0' with 'load tmp%15#0 from l-stack (no copy)'
debug: Inserted main_if_body@12.ops[5]: 'store tmp%16#0 to l-stack (copy)'
debug: Replaced main_if_body@12.ops[7]: 'load tmp%16#0' with 'load tmp%16#0 from l-stack (no copy)'
debug: Inserted main_else_body@13.ops[3]: 'store tmp%17#0 to l-stack (copy)'
debug: Replaced main_else_body@13.ops[5]: 'load tmp%17#0' with 'load tmp%17#0 from l-stack (no copy)'
debug: Inserted main_if_body@14.ops[1]: 'store tmp%18#0 to l-stack (copy)'
debug: Replaced main_if_body@14.ops[3]: 'load tmp%18#0' with 'load tmp%18#0 from l-stack (no copy)'
debug: Inserted main_else_body@19.ops[1]: 'store tmp%19#0 to l-stack (copy)'
debug: Replaced main_else_body@19.ops[3]: 'load tmp%19#0' with 'load tmp%19#0 from l-stack (no copy)'
debug: Inserted main_else_body@19.ops[6]: 'store tmp%20#0 to l-stack (copy)'
debug: Replaced main_else_body@19.ops[8]: 'load tmp%20#0' with 'load tmp%20#0 from l-stack (no copy)'
debug: Inserted main_if_body@20.ops[3]: 'store tmp%21#0 to l-stack (copy)'
debug: Replaced main_if_body@20.ops[5]: 'load tmp%21#0' with 'load tmp%21#0 from l-stack (no copy)'
debug: Inserted main_if_body@21.ops[3]: 'store tmp%23#0 to l-stack (copy)'
debug: Replaced main_if_body@21.ops[6]: 'load tmp%23#0' with 'load tmp%23#0 from l-stack (no copy)'
debug: Inserted main_if_body@21.ops[1]: 'store tmp%22#0 to l-stack (copy)'
debug: Replaced main_if_body@21.ops[6]: 'load tmp%22#0' with 'load tmp%22#0 from l-stack (no copy)'
debug: Inserted main_else_body@22.ops[3]: 'store tmp%24#0 to l-stack (copy)'
debug: Replaced main_else_body@22.ops[5]: 'load tmp%24#0' with 'load tmp%24#0 from l-stack (no copy)'
debug: Inserted main_if_body@23.ops[7]: 'store tmp%27#0 to l-stack (copy)'
debug: Replaced main_if_body@23.ops[9]: 'load tmp%27#0' with 'load tmp%27#0 from l-stack (no copy)'
debug: Inserted main_if_body@23.ops[3]: 'store tmp%26#0 to l-stack (copy)'
debug: Replaced main_if_body@23.ops[6]: 'load tmp%26#0' with 'load tmp%26#0 from l-stack (no copy)'
debug: Inserted main_if_body@23.ops[1]: 'store tmp%25#0 to l-stack (copy)'
debug: Replaced main_if_body@23.ops[6]: 'load tmp%25#0' with 'load tmp%25#0 from l-stack (no copy)'
debug: Found 13 edge set/s for examples.local_state.local_state_contract.LocalStateContract.approval_program
debug: examples.local_state.local_state_contract.LocalStateContract.approval_program f-stack entry: ['method#0']
debug: examples.local_state.local_state_contract.LocalStateContract.approval_program f-stack on first store: []
debug: Inserted get_guaranteed_data_block@0.ops[4]: 'store app_local_get_ex_did_exist%1#0 to l-stack (copy)'
debug: Replaced get_guaranteed_data_block@0.ops[7]: 'load app_local_get_ex_did_exist%1#0' with 'load app_local_get_ex_did_exist%1#0 from l-stack (no copy)'
debug: Inserted get_guaranteed_data_block@0.ops[6]: 'store app_local_get_ex_value%0#0 to l-stack (copy)'
debug: Replaced get_guaranteed_data_block@0.ops[10]: 'load app_local_get_ex_value%0#0' with 'load app_local_get_ex_value%0#0 from l-stack (no copy)'
debug: Inserted get_data_or_assert_block@0.ops[4]: 'store exists#0 to l-stack (copy)'
debug: Replaced get_data_or_assert_block@0.ops[7]: 'load exists#0' with 'load exists#0 from l-stack (no copy)'
debug: Inserted get_data_or_assert_block@0.ops[6]: 'store result#0 to l-stack (copy)'
debug: Replaced get_data_or_assert_block@0.ops[10]: 'load result#0' with 'load result#0 from l-stack (no copy)'
debug: Inserted get_data_with_default_block@0.ops[4]: 'store awst_tmp%0.1#0 to l-stack (copy)'
debug: Replaced get_data_with_default_block@0.ops[7]: 'load awst_tmp%0.1#0' with 'load awst_tmp%0.1#0 from l-stack (no copy)'
debug: Found 2 edge set/s for examples.local_state.local_state_contract.LocalStateContract.get_data_with_default
debug: Allocated 1 variable/s to x-stack: ternary_result%1#2
debug: shared x-stack for get_data_with_default_ternary_true@1 -> get_data_with_default_ternary_merge@3: ternary_result%1#2
debug: shared x-stack for get_data_with_default_ternary_false@2 -> get_data_with_default_ternary_merge@3: ternary_result%1#2
debug: examples.local_state.local_state_contract.LocalStateContract.get_data_with_default f-stack entry: []
debug: examples.local_state.local_state_contract.LocalStateContract.get_data_with_default f-stack on first store: ['awst_tmp%0.0#0']
debug: Output IR to local_state/out/local_state_with_offsets_LocalStateContract.ssa.ir
info: Optimizing examples.local_state.local_state_with_offsets.LocalStateContract at level 1
debug: Begin optimization pass 1/100
debug: Optimizing subroutine examples.local_state.local_state_with_offsets.LocalStateContract.approval_program
debug: Splitting parallel copies prior to optimization
debug: Optimizer: Arithmetic Simplification
debug: Optimizer: Constant Replacer
debug: Optimizer: Copy Propagation
debug: Optimizer: Intrinsic Simplifier
debug: Optimizer: Remove Unused Variables
debug: Optimizer: Simplify Control Ops
debug: Optimizer: Remove Linear Jump
debug: Replaced predecessor block@16: // after_if_else_L33 with block@14: // if_body_L33 in block@17: // after_if_else_L31
debug: Merged linear block@16: // after_if_else_L33 into block@14: // if_body_L33
debug: Replaced predecessor block@25: // after_if_else_L42 with block@23: // if_body_L42 in block@26: // after_if_else_L40
debug: Merged linear block@25: // after_if_else_L42 into block@23: // if_body_L42
debug: Optimizer: Remove Empty Blocks
debug: Removed empty block: block@17: // after_if_else_L31
debug: Optimizer: Remove Unreachable Blocks
debug: Optimizing subroutine examples.local_state.local_state_with_offsets.LocalStateContract.get_guaranteed_data
debug: Splitting parallel copies prior to optimization
debug: Optimizer: Arithmetic Simplification
debug: Optimizer: Constant Replacer
debug: Optimizer: Copy Propagation
debug: Optimizer: Intrinsic Simplifier
debug: Optimizer: Remove Unused Variables
debug: Optimizer: Simplify Control Ops
debug: Optimizer: Remove Linear Jump
debug: Optimizer: Remove Empty Blocks
debug: Optimizer: Remove Unreachable Blocks
debug: Optimizing subroutine examples.local_state.local_state_with_offsets.LocalStateContract.get_data_or_assert
debug: Splitting parallel copies prior to optimization
debug: Optimizer: Arithmetic Simplification
debug: Optimizer: Constant Replacer
debug: Optimizer: Copy Propagation
debug: Found equivalence set: tuple_assignment%0#0, result#0
debug: Replacing {tuple_assignment%0#0} with result#0 made 1 modifications
debug: Found equivalence set: tuple_assignment%1#0, exists#0
debug: Replacing {tuple_assignment%1#0} with exists#0 made 1 modifications
debug: Optimizer: Intrinsic Simplifier
debug: Optimizer: Remove Unused Variables
debug: Optimizer: Simplify Control Ops
debug: Optimizer: Remove Linear Jump
debug: Optimizer: Remove Empty Blocks
debug: Optimizer: Remove Unreachable Blocks
debug: Optimizing subroutine examples.local_state.local_state_with_offsets.LocalStateContract.delete_data
debug: Splitting parallel copies prior to optimization
debug: Optimizer: Arithmetic Simplification
debug: Optimizer: Constant Replacer
debug: Optimizer: Copy Propagation
debug: Optimizer: Intrinsic Simplifier
debug: Optimizer: Remove Unused Variables
debug: Optimizer: Simplify Control Ops
debug: Optimizer: Remove Linear Jump
debug: Optimizer: Remove Empty Blocks
debug: Optimizer: Remove Unreachable Blocks
debug: Optimizing subroutine examples.local_state.local_state_with_offsets.LocalStateContract.set_data
debug: Splitting parallel copies prior to optimization
debug: Optimizer: Arithmetic Simplification
debug: Optimizer: Constant Replacer
debug: Optimizer: Copy Propagation
debug: Optimizer: Intrinsic Simplifier
debug: Optimizer: Remove Unused Variables
debug: Optimizer: Simplify Control Ops
debug: Optimizer: Remove Linear Jump
debug: Optimizer: Remove Empty Blocks
debug: Optimizer: Remove Unreachable Blocks
debug: Optimizing subroutine examples.local_state.local_state_with_offsets.LocalStateContract.get_data_with_default
debug: Splitting parallel copies prior to optimization
debug: Optimizer: Arithmetic Simplification
debug: Optimizer: Constant Replacer
debug: Optimizer: Copy Propagation
debug: Found equivalence set: default#0, ternary_result%1#1
debug: Replacing {ternary_result%1#1} with default#0 made 1 modifications
debug: Found equivalence set: awst_tmp%0.0#0, ternary_result%1#0
debug: Replacing {ternary_result%1#0} with awst_tmp%0.0#0 made 1 modifications
debug: Optimizer: Intrinsic Simplifier
debug: Optimizer: Remove Unused Variables
debug: Optimizer: Simplify Control Ops
debug: Optimizer: Remove Linear Jump
debug: Optimizer: Remove Empty Blocks
debug: Not removing empty block block@1: // ternary_true_L59 because it's used by phi nodes
debug: Not removing empty block block@2: // ternary_false_L59 because it's used by phi nodes
debug: Optimizer: Remove Unreachable Blocks
debug: Optimizing subroutine examples.local_state.local_state_with_offsets.LocalStateContract.__init__
debug: Splitting parallel copies prior to optimization
debug: Optimizer: Arithmetic Simplification
debug: Optimizer: Constant Replacer
debug: Optimizer: Copy Propagation
debug: Optimizer: Intrinsic Simplifier
debug: Optimizer: Remove Unused Variables
debug: Optimizer: Simplify Control Ops
debug: Optimizer: Remove Linear Jump
debug: Optimizer: Remove Empty Blocks
debug: Optimizer: Remove Unreachable Blocks
debug: Optimizing subroutine examples.local_state.local_state_with_offsets.LocalStateContract.clear_state_program
debug: Splitting parallel copies prior to optimization
debug: Optimizer: Arithmetic Simplification
debug: Optimizer: Constant Replacer
debug: Optimizer: Copy Propagation
debug: Optimizer: Intrinsic Simplifier
debug: Optimizer: Remove Unused Variables
debug: Optimizer: Simplify Control Ops
debug: Optimizer: Remove Linear Jump
debug: Optimizer: Remove Empty Blocks
debug: Optimizer: Remove Unreachable Blocks
debug: Output IR to local_state/out/local_state_with_offsets_LocalStateContract.ssa.opt_pass_1.ir
debug: Begin optimization pass 2/100
debug: Optimizing subroutine examples.local_state.local_state_with_offsets.LocalStateContract.approval_program
debug: Optimizer: Arithmetic Simplification
debug: Optimizer: Constant Replacer
debug: Optimizer: Copy Propagation
debug: Optimizer: Intrinsic Simplifier
debug: Optimizer: Remove Unused Variables
debug: Optimizer: Simplify Control Ops
debug: Optimizer: Remove Linear Jump
debug: Optimizer: Remove Empty Blocks
debug: Optimizer: Remove Unreachable Blocks
debug: Optimizing subroutine examples.local_state.local_state_with_offsets.LocalStateContract.get_guaranteed_data
debug: Optimizer: Arithmetic Simplification
debug: Optimizer: Constant Replacer
debug: Optimizer: Copy Propagation
debug: Optimizer: Intrinsic Simplifier
debug: Optimizer: Remove Unused Variables
debug: Optimizer: Simplify Control Ops
debug: Optimizer: Remove Linear Jump
debug: Optimizer: Remove Empty Blocks
debug: Optimizer: Remove Unreachable Blocks
debug: Optimizing subroutine examples.local_state.local_state_with_offsets.LocalStateContract.get_data_or_assert
debug: Optimizer: Arithmetic Simplification
debug: Optimizer: Constant Replacer
debug: Optimizer: Copy Propagation
debug: Optimizer: Intrinsic Simplifier
debug: Optimizer: Remove Unused Variables
debug: Optimizer: Simplify Control Ops
debug: Optimizer: Remove Linear Jump
debug: Optimizer: Remove Empty Blocks
debug: Optimizer: Remove Unreachable Blocks
debug: Optimizing subroutine examples.local_state.local_state_with_offsets.LocalStateContract.delete_data
debug: Optimizer: Arithmetic Simplification
debug: Optimizer: Constant Replacer
debug: Optimizer: Copy Propagation
debug: Optimizer: Intrinsic Simplifier
debug: Optimizer: Remove Unused Variables
debug: Optimizer: Simplify Control Ops
debug: Optimizer: Remove Linear Jump
debug: Optimizer: Remove Empty Blocks
debug: Optimizer: Remove Unreachable Blocks
debug: Optimizing subroutine examples.local_state.local_state_with_offsets.LocalStateContract.set_data
debug: Optimizer: Arithmetic Simplification
debug: Optimizer: Constant Replacer
debug: Optimizer: Copy Propagation
debug: Optimizer: Intrinsic Simplifier
debug: Optimizer: Remove Unused Variables
debug: Optimizer: Simplify Control Ops
debug: Optimizer: Remove Linear Jump
debug: Optimizer: Remove Empty Blocks
debug: Optimizer: Remove Unreachable Blocks
debug: Optimizing subroutine examples.local_state.local_state_with_offsets.LocalStateContract.get_data_with_default
debug: Optimizer: Arithmetic Simplification
debug: Optimizer: Constant Replacer
debug: Optimizer: Copy Propagation
debug: Optimizer: Intrinsic Simplifier
debug: Optimizer: Remove Unused Variables
debug: Optimizer: Simplify Control Ops
debug: Optimizer: Remove Linear Jump
debug: Optimizer: Remove Empty Blocks
debug: Not removing empty block block@1: // ternary_true_L59 because it's used by phi nodes
debug: Not removing empty block block@2: // ternary_false_L59 because it's used by phi nodes
debug: Optimizer: Remove Unreachable Blocks
debug: Optimizing subroutine examples.local_state.local_state_with_offsets.LocalStateContract.__init__
debug: Optimizer: Arithmetic Simplification
debug: Optimizer: Constant Replacer
debug: Optimizer: Copy Propagation
debug: Optimizer: Intrinsic Simplifier
debug: Optimizer: Remove Unused Variables
debug: Optimizer: Simplify Control Ops
debug: Optimizer: Remove Linear Jump
debug: Optimizer: Remove Empty Blocks
debug: Optimizer: Remove Unreachable Blocks
debug: Optimizing subroutine examples.local_state.local_state_with_offsets.LocalStateContract.clear_state_program
debug: Optimizer: Arithmetic Simplification
debug: Optimizer: Constant Replacer
debug: Optimizer: Copy Propagation
debug: Optimizer: Intrinsic Simplifier
debug: Optimizer: Remove Unused Variables
debug: Optimizer: Simplify Control Ops
debug: Optimizer: Remove Linear Jump
debug: Optimizer: Remove Empty Blocks
debug: Optimizer: Remove Unreachable Blocks
debug: No optimizations performed in pass 2, ending loop
debug: Output IR to local_state/out/local_state_with_offsets_LocalStateContract.cssa.ir
debug: Removing Phis from examples.local_state.local_state_with_offsets.LocalStateContract.approval_program
debug: Removing Phis from examples.local_state.local_state_with_offsets.LocalStateContract.get_guaranteed_data
debug: Removing Phis from examples.local_state.local_state_with_offsets.LocalStateContract.get_data_or_assert
debug: Removing Phis from examples.local_state.local_state_with_offsets.LocalStateContract.delete_data
debug: Removing Phis from examples.local_state.local_state_with_offsets.LocalStateContract.set_data
debug: Removing Phis from examples.local_state.local_state_with_offsets.LocalStateContract.get_data_with_default
debug: Removing Phis from examples.local_state.local_state_with_offsets.LocalStateContract.__init__
debug: Removing Phis from examples.local_state.local_state_with_offsets.LocalStateContract.clear_state_program
debug: Output IR to local_state/out/local_state_with_offsets_LocalStateContract.post_ssa.ir
debug: Sequentializing parallel copies in examples.local_state.local_state_with_offsets.LocalStateContract.approval_program
debug: Sequentializing parallel copies in examples.local_state.local_state_with_offsets.LocalStateContract.get_guaranteed_data
debug: Sequentializing parallel copies in examples.local_state.local_state_with_offsets.LocalStateContract.get_data_or_assert
debug: Sequentializing parallel copies in examples.local_state.local_state_with_offsets.LocalStateContract.delete_data
debug: Sequentializing parallel copies in examples.local_state.local_state_with_offsets.LocalStateContract.set_data
debug: Sequentializing parallel copies in examples.local_state.local_state_with_offsets.LocalStateContract.get_data_with_default
debug: Sequentializing parallel copies in examples.local_state.local_state_with_offsets.LocalStateContract.__init__
debug: Sequentializing parallel copies in examples.local_state.local_state_with_offsets.LocalStateContract.clear_state_program
debug: Output IR to local_state/out/local_state_with_offsets_LocalStateContract.parallel_copies.ir
debug: Coalescing local variables in examples.local_state.local_state_with_offsets.LocalStateContract.approval_program using strategy RootOperandGrouping
debug: Coalescing resulted in 0 replacement/s
debug: Coalescing local variables in examples.local_state.local_state_with_offsets.LocalStateContract.get_guaranteed_data using strategy RootOperandGrouping
debug: Coalescing resulted in 0 replacement/s
debug: Coalescing local variables in examples.local_state.local_state_with_offsets.LocalStateContract.get_data_or_assert using strategy RootOperandGrouping
debug: Coalescing resulted in 0 replacement/s
debug: Coalescing local variables in examples.local_state.local_state_with_offsets.LocalStateContract.delete_data using strategy RootOperandGrouping
debug: Coalescing resulted in 0 replacement/s
debug: Coalescing local variables in examples.local_state.local_state_with_offsets.LocalStateContract.set_data using strategy RootOperandGrouping
debug: Coalescing resulted in 0 replacement/s
debug: Coalescing local variables in examples.local_state.local_state_with_offsets.LocalStateContract.get_data_with_default using strategy RootOperandGrouping
debug: Coalescing ternary_result%1#2 with [ternary_result%1#3]
debug: Coalescing resulted in 3 replacement/s
debug: Coalescing local variables in examples.local_state.local_state_with_offsets.LocalStateContract.__init__ using strategy RootOperandGrouping
debug: Coalescing resulted in 0 replacement/s
debug: Coalescing local variables in examples.local_state.local_state_with_offsets.LocalStateContract.clear_state_program using strategy RootOperandGrouping
debug: Coalescing resulted in 0 replacement/s
debug: Output IR to local_state/out/local_state_with_offsets_LocalStateContract.final.ir
debug: Inserted main_block@0.ops[1]: 'store app_id%0#0 to l-stack (copy)'
debug: Replaced main_block@0.ops[3]: 'load app_id%0#0' with 'load app_id%0#0 from l-stack (no copy)'
debug: Inserted main_entrypoint@2.ops[1]: 'store tmp%1#0 to l-stack (copy)'
debug: Replaced main_entrypoint@2.ops[3]: 'load tmp%1#0' with 'load tmp%1#0 from l-stack (no copy)'
debug: Inserted main_entrypoint@2.ops[5]: 'store tmp%2#0 to l-stack (copy)'
debug: Replaced main_entrypoint@2.ops[7]: 'load tmp%2#0' with 'load tmp%2#0 from l-stack (no copy)'
debug: Inserted main_after_if_else@4.ops[1]: 'store tmp%3#0 to l-stack (copy)'
debug: Replaced main_after_if_else@4.ops[3]: 'load tmp%3#0' with 'load tmp%3#0 from l-stack (no copy)'
debug: Inserted main_after_if_else@4.ops[13]: 'store tmp%6#0 to l-stack (copy)'
debug: Replaced main_after_if_else@4.ops[15]: 'load tmp%6#0' with 'load tmp%6#0 from l-stack (no copy)'
debug: Inserted main_after_if_else@4.ops[9]: 'store is_equal%5#0 to l-stack (copy)'
debug: Replaced main_after_if_else@4.ops[12]: 'load is_equal%5#0' with 'load is_equal%5#0 from l-stack (no copy)'
debug: Inserted main_after_if_else@4.ops[4]: 'store tmp%3#0 to l-stack (copy)'
debug: Replaced main_after_if_else@4.ops[7]: 'load tmp%3#0' with 'load tmp%3#0 from l-stack (no copy)'
debug: Inserted main_after_if_else@4.ops[6]: 'store contains%4#0 to l-stack (copy)'
debug: Replaced main_after_if_else@4.ops[13]: 'load contains%4#0' with 'load contains%4#0 from l-stack (no copy)'
debug: Inserted main_after_if_else@6.ops[1]: 'store tmp%7#0 to l-stack (copy)'
debug: Replaced main_after_if_else@6.ops[3]: 'load tmp%7#0' with 'load tmp%7#0 from l-stack (no copy)'
debug: Inserted main_after_if_else@6.ops[6]: 'store tmp%8#0 to l-stack (copy)'
debug: Replaced main_after_if_else@6.ops[8]: 'load tmp%8#0' with 'load tmp%8#0 from l-stack (no copy)'
debug: Inserted main_after_if_else@8.ops[1]: 'store tmp%9#0 to l-stack (copy)'
debug: Replaced main_after_if_else@8.ops[3]: 'load tmp%9#0' with 'load tmp%9#0 from l-stack (no copy)'
debug: Inserted main_after_if_else@8.ops[9]: 'store tmp%10#0 to l-stack (copy)'
debug: Replaced main_after_if_else@8.ops[11]: 'load tmp%10#0' with 'load tmp%10#0 from l-stack (no copy)'
debug: Inserted main_after_if_else@8.ops[14]: 'store tmp%11#0 to l-stack (copy)'
debug: Replaced main_after_if_else@8.ops[16]: 'load tmp%11#0' with 'load tmp%11#0 from l-stack (no copy)'
debug: Inserted main_if_body@9.ops[3]: 'store tmp%12#0 to l-stack (copy)'
debug: Replaced main_if_body@9.ops[5]: 'load tmp%12#0' with 'load tmp%12#0 from l-stack (no copy)'
debug: Inserted main_if_body@10.ops[2]: 'store tmp%13#0 to l-stack (copy)'
debug: Replaced main_if_body@10.ops[4]: 'load tmp%13#0' with 'load tmp%13#0 from l-stack (no copy)'
debug: Inserted main_else_body@11.ops[3]: 'store tmp%14#0 to l-stack (copy)'
debug: Replaced main_else_body@11.ops[5]: 'load tmp%14#0' with 'load tmp%14#0 from l-stack (no copy)'
debug: Inserted main_if_body@12.ops[2]: 'store tmp%15#0 to l-stack (copy)'
debug: Replaced main_if_body@12.ops[4]: 'load tmp%15#0' with 'load tmp%15#0 from l-stack (no copy)'
debug: Inserted main_else_body@13.ops[3]: 'store tmp%16#0 to l-stack (copy)'
debug: Replaced main_else_body@13.ops[5]: 'load tmp%16#0' with 'load tmp%16#0 from l-stack (no copy)'
debug: Inserted main_else_body@19.ops[1]: 'store tmp%17#0 to l-stack (copy)'
debug: Replaced main_else_body@19.ops[3]: 'load tmp%17#0' with 'load tmp%17#0 from l-stack (no copy)'
debug: Inserted main_else_body@19.ops[6]: 'store tmp%18#0 to l-stack (copy)'
debug: Replaced main_else_body@19.ops[8]: 'load tmp%18#0' with 'load tmp%18#0 from l-stack (no copy)'
debug: Inserted main_if_body@20.ops[3]: 'store tmp%19#0 to l-stack (copy)'
debug: Replaced main_if_body@20.ops[5]: 'load tmp%19#0' with 'load tmp%19#0 from l-stack (no copy)'
debug: Inserted main_if_body@21.ops[1]: 'store tmp%20#0 to l-stack (copy)'
debug: Replaced main_if_body@21.ops[4]: 'load tmp%20#0' with 'load tmp%20#0 from l-stack (no copy)'
debug: Inserted main_else_body@22.ops[3]: 'store tmp%21#0 to l-stack (copy)'
debug: Replaced main_else_body@22.ops[5]: 'load tmp%21#0' with 'load tmp%21#0 from l-stack (no copy)'
debug: Inserted main_if_body@23.ops[5]: 'store tmp%23#0 to l-stack (copy)'
debug: Replaced main_if_body@23.ops[7]: 'load tmp%23#0' with 'load tmp%23#0 from l-stack (no copy)'
debug: Inserted main_if_body@23.ops[1]: 'store tmp%22#0 to l-stack (copy)'
debug: Replaced main_if_body@23.ops[4]: 'load tmp%22#0' with 'load tmp%22#0 from l-stack (no copy)'
debug: Found 13 edge set/s for examples.local_state.local_state_with_offsets.LocalStateContract.approval_program
debug: examples.local_state.local_state_with_offsets.LocalStateContract.approval_program f-stack entry: ['method#0', 'offset#0']
debug: examples.local_state.local_state_with_offsets.LocalStateContract.approval_program f-stack on first store: []
debug: Simplified txna ApplicationArgs 2; dig 1; swap to dig 0; txna ApplicationArgs 2
debug: Simplified txna ApplicationArgs 2; dig 1; swap to dig 0; txna ApplicationArgs 2
debug: Inserted get_guaranteed_data_block@0.ops[4]: 'store app_local_get_ex_did_exist%1#0 to l-stack (copy)'
debug: Replaced get_guaranteed_data_block@0.ops[7]: 'load app_local_get_ex_did_exist%1#0' with 'load app_local_get_ex_did_exist%1#0 from l-stack (no copy)'
debug: Inserted get_guaranteed_data_block@0.ops[6]: 'store app_local_get_ex_value%0#0 to l-stack (copy)'
debug: Replaced get_guaranteed_data_block@0.ops[10]: 'load app_local_get_ex_value%0#0' with 'load app_local_get_ex_value%0#0 from l-stack (no copy)'
debug: Inserted get_data_or_assert_block@0.ops[4]: 'store exists#0 to l-stack (copy)'
debug: Replaced get_data_or_assert_block@0.ops[7]: 'load exists#0' with 'load exists#0 from l-stack (no copy)'
debug: Inserted get_data_or_assert_block@0.ops[6]: 'store result#0 to l-stack (copy)'
debug: Replaced get_data_or_assert_block@0.ops[10]: 'load result#0' with 'load result#0 from l-stack (no copy)'
debug: Inserted get_data_with_default_block@0.ops[4]: 'store awst_tmp%0.1#0 to l-stack (copy)'
debug: Replaced get_data_with_default_block@0.ops[7]: 'load awst_tmp%0.1#0' with 'load awst_tmp%0.1#0 from l-stack (no copy)'
debug: Found 2 edge set/s for examples.local_state.local_state_with_offsets.LocalStateContract.get_data_with_default
debug: Allocated 1 variable/s to x-stack: ternary_result%1#2
debug: shared x-stack for get_data_with_default_ternary_true@1 -> get_data_with_default_ternary_merge@3: ternary_result%1#2
debug: shared x-stack for get_data_with_default_ternary_false@2 -> get_data_with_default_ternary_merge@3: ternary_result%1#2
debug: examples.local_state.local_state_with_offsets.LocalStateContract.get_data_with_default f-stack entry: []
debug: examples.local_state.local_state_with_offsets.LocalStateContract.get_data_with_default f-stack on first store: ['awst_tmp%0.0#0']
info: Writing local_state/out/local_state_contract.approval.teal
info: Writing local_state/out/local_state_contract.approval.debug.teal
info: Writing local_state/out/local_state_contract.clear.teal
info: Writing local_state/out/local_state_contract.clear.debug.teal
info: Writing local_state/out/local_state_with_offsets.approval.teal
info: Writing local_state/out/local_state_with_offsets.approval.debug.teal
info: Writing local_state/out/local_state_with_offsets.clear.teal
info: Writing local_state/out/local_state_with_offsets.clear.debug.teal