PC  Teal                                  Stack
1
5
80  byte base64 QmFzZSA2NCBlbmNvZGVk      QmFzZSA2NCBlbmNvZGVk
82  byte "Base 64 encoded"                QmFzZSA2NCBlbmNvZGVk, QmFzZSA2NCBlbmNvZGVk
84  ==                                    1
85  assert
86  byte base32 IJQXGZJAGMZCAZLOMNXWIZLE  QmFzZSAzMiBlbmNvZGVk
88  byte "Base 32 encoded"                QmFzZSAzMiBlbmNvZGVk, QmFzZSAzMiBlbmNvZGVk
90  ==                                    1
91  assert
92  byte 0x4261736520313620656e636f646564 QmFzZSAxNiBlbmNvZGVk
94  byte "Base 16 encoded"                QmFzZSAxNiBlbmNvZGVk, QmFzZSAxNiBlbmNvZGVk
96  ==                                    1
97  assert
98  int 15                                15
100 assert
101 int 1                                 1
102 assert
103 byte "a"                              YQ==
105 byte "b"                              YQ==, Yg==
107 concat                                YWI=
108 byte "ab"                             YWI=, YWI=
110 ==                                    1
111 assert
112 byte "c"                              Yw==
115 byte "d"                              Yw==, ZA==
118 concat                                Y2Q=
119 byte "cd"                             Y2Q=, Y2Q=
123 ==                                    1
124 assert
125 byte "abc"                            YWJj
126 extract 0 1                           YQ==
129 byte "a"                              YQ==, YQ==
131 ==                                    1
132 assert
133 byte "abc"                            YWJj
134 extract 1 0                           YmM=
137 byte "bc"                             YmM=, YmM=
139 ==                                    1
140 assert
141 byte "abc"                            YWJj
142 substring 1 1                         <empty bytes[]>
145 byte ""                               <empty bytes[]>, <empty bytes[]>
146 ==                                    1
147 assert
148 byte "abc"                            YWJj
149 extract 0 1                           YQ==
152 byte "a"                              YQ==, YQ==
154 ==                                    1
155 assert
156 byte "abc"                            YWJj
157 int 0                                 YWJj, 0
159 int 2                                 YWJj, 0, 2
160 substring3                            YWI=
161 byte "ab"                             YWI=, YWI=
163 ==                                    1
164 assert
165 byte "abc"                            YWJj
166 int 1                                 YWJj, 1
167 int 3                                 YWJj, 1, 3
169 substring3                            YmM=
170 byte "bc"                             YmM=, YmM=
172 ==                                    1
173 assert
174 byte "abc"                            YWJj
175 int 1                                 YWJj, 1
176 int 2                                 YWJj, 1, 2
177 substring3                            Yg==
178 byte "b"                              Yg==, Yg==
180 ==                                    1
181 assert
182 byte "1234567"                        MTIzNDU2Nw==
191 int 1                                 MTIzNDU2Nw==, 1
192 int 6                                 MTIzNDU2Nw==, 1, 6
194 substring3                            MjM0NTY=
195 byte "23456"                          MjM0NTY=, MjM0NTY=
202 ==                                    1
203 assert
204 byte "1"                              MQ==
205 byte "1"                              MQ==, MQ==
206 ==                                    1
207 assert
208 byte "1"                              MQ==
209 byte "1"                              MQ==, MQ==
210 ==                                    1
211 assert
212 byte ""                               <empty bytes[]>
213 byte ""                               <empty bytes[]>, <empty bytes[]>
214 ==                                    1
215 assert
216 byte ""                               <empty bytes[]>
217 byte ""                               <empty bytes[]>, <empty bytes[]>
218 ==                                    1
219 assert
220 byte ""                               <empty bytes[]>
221 byte ""                               <empty bytes[]>, <empty bytes[]>
222 ==                                    1
223 assert
224 byte "1"                              MQ==
225 byte "1"                              MQ==, MQ==
226 ==                                    1
227 assert
228 byte "1"                              MQ==
229 byte "1"                              MQ==, MQ==
230 ==                                    1
231 assert
232 byte "1"                              MQ==
233 byte "1"                              MQ==, MQ==
234 ==                                    1
235 assert
236 byte ""                               <empty bytes[]>
237 byte ""                               <empty bytes[]>, <empty bytes[]>
238 ==                                    1
239 assert
240 byte 0x00                             AA==
242 byte 0x0f                             AA==, Dw==
244 b&                                    AA==
245 byte 0x00                             AA==, AA==
247 ==                                    1
248 assert
249 byte 0x0f                             Dw==
251 byte 0xf0                             Dw==, 8A==
253 b|                                    /w==
254 byte 0xff                             /w==, /w==
255 ==                                    1
256 assert
257 byte 0x0f                             Dw==
259 byte 0xff                             Dw==, /w==
260 b^                                    8A==
261 byte 0xf0                             8A==, 8A==
263 ==                                    1
264 assert
265 byte 0x00                             AA==
267 byte 0xff                             AA==, /w==
268 b&                                    AA==
269 dup                                   AA==, AA==
270 byte 0x00                             AA==, AA==, AA==
272 ==                                    AA==, 1
273 assert                                AA==
274 byte 0xff                             AA==, /w==
275 b|                                    /w==
276 dup                                   /w==, /w==
277 byte 0xff                             /w==, /w==, /w==
278 ==                                    /w==, 1
279 assert                                /w==
280 byte 0xf0                             /w==, 8A==
282 b^                                    Dw==
283 byte 0x0f                             Dw==, Dw==
285 ==                                    1
286 assert
287 int 1                                 1
288 return                                1