>> poetry run puyapy -O1 --output-ssa-ir --output-optimization-ir --output-final-ir --output-cssa-ir --output-post-ssa-ir --output-parallel-copies-ir --out-dir=out --debug-level=1 --log-level=debug inner_transactions
debug: Building AWST for __init__.py
debug: Building AWST for inner_transactions
debug: Building AWST for embedded puyapy lib at <puya>/puyapy.py
debug: Building AWST for inner_transactions/contract.py
debug: Sealing block@0: // L14
debug: Terminated block@0: // L14
debug: Sealing block@0: // L45
debug: Terminated block@0: // L45
debug: Output IR to <git root>/examples/inner_transactions/out/contract_MyContract.ssa.ir
info: Optimizing examples.inner_transactions.contract.MyContract at level 1
debug: Begin optimization pass 1/100
debug: Optimizing subroutine examples.inner_transactions.contract.MyContract.approval_program
debug: Splitting parallel copies prior to optimization
debug: Optimizer: Arithmetic Simplification
debug: Optimizer: Constant Replacer
debug: Optimizer: Copy Propagation
debug: Optimizer: Intrinsic Simplifier
debug: Optimizer: Remove Unused Variables
debug: Optimizer: Simplify Conditional Branches
debug: Optimizer: Remove Linear Jump
debug: Optimizer: Remove Empty Blocks
debug: Optimizer: Remove Unreachable Blocks
debug: Optimizing subroutine examples.inner_transactions.contract.MyContract.clear_state_program
debug: Splitting parallel copies prior to optimization
debug: Optimizer: Arithmetic Simplification
debug: Optimizer: Constant Replacer
debug: Optimizer: Copy Propagation
debug: Optimizer: Intrinsic Simplifier
debug: Optimizer: Remove Unused Variables
debug: Optimizer: Simplify Conditional Branches
debug: Optimizer: Remove Linear Jump
debug: Optimizer: Remove Empty Blocks
debug: Optimizer: Remove Unreachable Blocks
debug: No optimizations performed in pass 1, ending loop
debug: Output IR to <git root>/examples/inner_transactions/out/contract_MyContract.cssa.ir
debug: Removing Phis from examples.inner_transactions.contract.MyContract.approval_program
debug: Removing Phis from examples.inner_transactions.contract.MyContract.clear_state_program
debug: Output IR to <git root>/examples/inner_transactions/out/contract_MyContract.post_ssa.ir
debug: Sequentializing parallel copies in examples.inner_transactions.contract.MyContract.approval_program
debug: Sequentializing parallel copies in examples.inner_transactions.contract.MyContract.clear_state_program
debug: Output IR to <git root>/examples/inner_transactions/out/contract_MyContract.parallel_copies.ir
debug: Coalescing local variables in examples.inner_transactions.contract.MyContract.approval_program using strategy RootOperandGrouping
debug: Coalescing resulted in 0 replacement/s
debug: Coalescing local variables in examples.inner_transactions.contract.MyContract.clear_state_program using strategy RootOperandGrouping
debug: Coalescing resulted in 0 replacement/s
debug: Output IR to <git root>/examples/inner_transactions/out/contract_MyContract.final.ir
debug: Inserted main_block@0.ops[37]: 'store tmp%0#0 to l-stack (copy)'
debug: Replaced main_block@0.ops[39]: 'load tmp%0#0' with 'load tmp%0#0 from l-stack (no copy)'
debug: Inserted main_block@0.ops[52]: 'store val_as_bytes%1#0 to l-stack (copy)'
debug: Replaced main_block@0.ops[54]: 'load val_as_bytes%1#0' with 'load val_as_bytes%1#0 from l-stack (no copy)'
debug: Inserted main_block@0.ops[15]: 'store app#0 to l-stack (copy)'
debug: Replaced main_block@0.ops[20]: 'load app#0' with 'load app#0 from l-stack (no copy)'
debug: Inserted main_block@0.ops[43]: 'store app_arg#0 to l-stack (copy)'
debug: Replaced main_block@0.ops[52]: 'load app_arg#0' with 'load app_arg#0 from l-stack (no copy)'
debug: Inserted main_block@0.ops[21]: 'store app#0 to l-stack (copy)'
debug: Replaced main_block@0.ops[33]: 'load app#0' with 'load app#0 from l-stack (no copy)'
info: Writing inner_transactions/out/contract.approval.teal
info: Writing inner_transactions/out/contract.approval.debug.teal
info: Writing inner_transactions/out/contract.clear.teal
info: Writing inner_transactions/out/contract.clear.debug.teal
>> exit code = 0