PC Teal                                                                                 Stack
1
14 callsub uint_unary
25 proto 0 0
28 byte ""                                                                              0x
30 int 0                                                                                0x, 0
32 int 1                                                                                0x, 0, 1
33 swap                                                                                 0x, 1, 0
34 b uint_unary_for_body@5                                                              0x, 1, 0
61 int 18446744073709551615                                                             0x, 1, 0, 18446744073709551615
62 frame_dig 1                                                                          0x, 1, 0, 18446744073709551615, 1
64 dup                                                                                  0x, 1, 0, 18446744073709551615, 1, 1
65 cover 2                                                                              0x, 1, 0, 1, 18446744073709551615, 1
67 -                                                                                    0x, 1, 0, 1, 18446744073709551614
68 ~                                                                                    0x, 1, 0, 1, 1
69 ==                                                                                   0x, 1, 0, 1
70 assert                                                                               0x, 1, 0
71 dup                                                                                  0x, 1, 0, 0
72 int 1                                                                                0x, 1, 0, 0, 1
73 +                                                                                    0x, 1, 0, 1
74 frame_bury 0                                                                         1, 1, 0
76 switch uint_unary_for_header_1@2 uint_unary_for_header_2@3 uint_unary_for_header_3@4 1, 1
37 int 2                                                                                1, 1, 2
39 frame_bury 1                                                                         1, 2
41 frame_dig 0                                                                          1, 2, 1
43 b uint_unary_for_body@5                                                              1, 2, 1
61 int 18446744073709551615                                                             1, 2, 1, 18446744073709551615
62 frame_dig 1                                                                          1, 2, 1, 18446744073709551615, 2
64 dup                                                                                  1, 2, 1, 18446744073709551615, 2, 2
65 cover 2                                                                              1, 2, 1, 2, 18446744073709551615, 2
67 -                                                                                    1, 2, 1, 2, 18446744073709551613
68 ~                                                                                    1, 2, 1, 2, 2
69 ==                                                                                   1, 2, 1, 1
70 assert                                                                               1, 2, 1
71 dup                                                                                  1, 2, 1, 1
72 int 1                                                                                1, 2, 1, 1, 1
73 +                                                                                    1, 2, 1, 2
74 frame_bury 0                                                                         2, 2, 1
76 switch uint_unary_for_header_1@2 uint_unary_for_header_2@3 uint_unary_for_header_3@4 2, 2
46 int 150                                                                              2, 2, 150
49 frame_bury 1                                                                         2, 150
51 frame_dig 0                                                                          2, 150, 2
53 b uint_unary_for_body@5                                                              2, 150, 2
61 int 18446744073709551615                                                             2, 150, 2, 18446744073709551615
62 frame_dig 1                                                                          2, 150, 2, 18446744073709551615, 150
64 dup                                                                                  2, 150, 2, 18446744073709551615, 150, 150
65 cover 2                                                                              2, 150, 2, 150, 18446744073709551615, 150
67 -                                                                                    2, 150, 2, 150, 18446744073709551465
68 ~                                                                                    2, 150, 2, 150, 150
69 ==                                                                                   2, 150, 2, 1
70 assert                                                                               2, 150, 2
71 dup                                                                                  2, 150, 2, 2
72 int 1                                                                                2, 150, 2, 2, 1
73 +                                                                                    2, 150, 2, 3
74 frame_bury 0                                                                         3, 150, 2
76 switch uint_unary_for_header_1@2 uint_unary_for_header_2@3 uint_unary_for_header_3@4 3, 150
56 int 18446744073709551615                                                             3, 150, 18446744073709551615
57 frame_bury 1                                                                         3, 18446744073709551615
59 frame_dig 0                                                                          3, 18446744073709551615, 3
61 int 18446744073709551615                                                             3, 18446744073709551615, 3, 18446744073709551615
62 frame_dig 1                                                                          3, 18446744073709551615, 3, 18446744073709551615, 18446744073709551615
64 dup                                                                                  3, 18446744073709551615, 3, 18446744073709551615, 18446744073709551615, 18446744073709551615
65 cover 2                                                                              3, 18446744073709551615, 3, 18446744073709551615, 18446744073709551615, 18446744073709551615
67 -                                                                                    3, 18446744073709551615, 3, 18446744073709551615, 0
68 ~                                                                                    3, 18446744073709551615, 3, 18446744073709551615, 18446744073709551615
69 ==                                                                                   3, 18446744073709551615, 3, 1
70 assert                                                                               3, 18446744073709551615, 3
71 dup                                                                                  3, 18446744073709551615, 3, 3
72 int 1                                                                                3, 18446744073709551615, 3, 3, 1
73 +                                                                                    3, 18446744073709551615, 3, 4
74 frame_bury 0                                                                         4, 18446744073709551615, 3
76 switch uint_unary_for_header_1@2 uint_unary_for_header_2@3 uint_unary_for_header_3@4 4, 18446744073709551615
84 retsub
17 callsub biguint_unary
85 proto 0 0
88 retsub
20 callsub bytes_unary
89 proto 0 0
92 retsub
23 int 1                                                                                1
24 return                                                                               1