PC  Teal                                                                                 Stack
1
15
18  callsub uint_unary
29  proto 0 0
32  byte ""                                                                              <empty bytes[]>
33  dup                                                                                  <empty bytes[]>, <empty bytes[]>
34  int 0                                                                                <empty bytes[]>, <empty bytes[]>, 0
35  !                                                                                    <empty bytes[]>, <empty bytes[]>, 1
36  assert                                                                               <empty bytes[]>, <empty bytes[]>
37  int 0                                                                                <empty bytes[]>, <empty bytes[]>, 0
38  frame_bury 0                                                                         0, <empty bytes[]>
40  int 1                                                                                0, <empty bytes[]>, 1
41  b uint_unary_for_body@5                                                              0, <empty bytes[]>, 1
68  int 18446744073709551615                                                             0, <empty bytes[]>, 1, 18446744073709551615
69  uncover 1                                                                            0, <empty bytes[]>, 18446744073709551615, 1
71  dup                                                                                  0, <empty bytes[]>, 18446744073709551615, 1, 1
72  cover 2                                                                              0, <empty bytes[]>, 1, 18446744073709551615, 1
74  -                                                                                    0, <empty bytes[]>, 1, 18446744073709551614
75  ~                                                                                    0, <empty bytes[]>, 1, 1
76  ==                                                                                   0, <empty bytes[]>, 1
77  assert                                                                               0, <empty bytes[]>
78  frame_dig 0                                                                          0, <empty bytes[]>, 0
80  dup                                                                                  0, <empty bytes[]>, 0, 0
81  int 1                                                                                0, <empty bytes[]>, 0, 0, 1
82  +                                                                                    0, <empty bytes[]>, 0, 1
83  frame_bury 1                                                                         0, 1, 0
85  switch uint_unary_for_header_1@2 uint_unary_for_header_2@3 uint_unary_for_header_3@4 0, 1
44  int 2                                                                                0, 1, 2
46  frame_dig 1                                                                          0, 1, 2, 1
48  frame_bury 0                                                                         1, 1, 2
50  b uint_unary_for_body@5                                                              1, 1, 2
68  int 18446744073709551615                                                             1, 1, 2, 18446744073709551615
69  uncover 1                                                                            1, 1, 18446744073709551615, 2
71  dup                                                                                  1, 1, 18446744073709551615, 2, 2
72  cover 2                                                                              1, 1, 2, 18446744073709551615, 2
74  -                                                                                    1, 1, 2, 18446744073709551613
75  ~                                                                                    1, 1, 2, 2
76  ==                                                                                   1, 1, 1
77  assert                                                                               1, 1
78  frame_dig 0                                                                          1, 1, 1
80  dup                                                                                  1, 1, 1, 1
81  int 1                                                                                1, 1, 1, 1, 1
82  +                                                                                    1, 1, 1, 2
83  frame_bury 1                                                                         1, 2, 1
85  switch uint_unary_for_header_1@2 uint_unary_for_header_2@3 uint_unary_for_header_3@4 1, 2
53  int 150                                                                              1, 2, 150
56  frame_dig 1                                                                          1, 2, 150, 2
58  frame_bury 0                                                                         2, 2, 150
60  b uint_unary_for_body@5                                                              2, 2, 150
68  int 18446744073709551615                                                             2, 2, 150, 18446744073709551615
69  uncover 1                                                                            2, 2, 18446744073709551615, 150
71  dup                                                                                  2, 2, 18446744073709551615, 150, 150
72  cover 2                                                                              2, 2, 150, 18446744073709551615, 150
74  -                                                                                    2, 2, 150, 18446744073709551465
75  ~                                                                                    2, 2, 150, 150
76  ==                                                                                   2, 2, 1
77  assert                                                                               2, 2
78  frame_dig 0                                                                          2, 2, 2
80  dup                                                                                  2, 2, 2, 2
81  int 1                                                                                2, 2, 2, 2, 1
82  +                                                                                    2, 2, 2, 3
83  frame_bury 1                                                                         2, 3, 2
85  switch uint_unary_for_header_1@2 uint_unary_for_header_2@3 uint_unary_for_header_3@4 2, 3
63  int 18446744073709551615                                                             2, 3, 18446744073709551615
64  frame_dig 1                                                                          2, 3, 18446744073709551615, 3
66  frame_bury 0                                                                         3, 3, 18446744073709551615
68  int 18446744073709551615                                                             3, 3, 18446744073709551615, 18446744073709551615
69  uncover 1                                                                            3, 3, 18446744073709551615, 18446744073709551615
71  dup                                                                                  3, 3, 18446744073709551615, 18446744073709551615, 18446744073709551615
72  cover 2                                                                              3, 3, 18446744073709551615, 18446744073709551615, 18446744073709551615
74  -                                                                                    3, 3, 18446744073709551615, 0
75  ~                                                                                    3, 3, 18446744073709551615, 18446744073709551615
76  ==                                                                                   3, 3, 1
77  assert                                                                               3, 3
78  frame_dig 0                                                                          3, 3, 3
80  dup                                                                                  3, 3, 3, 3
81  int 1                                                                                3, 3, 3, 3, 1
82  +                                                                                    3, 3, 3, 4
83  frame_bury 1                                                                         3, 4, 3
85  switch uint_unary_for_header_1@2 uint_unary_for_header_2@3 uint_unary_for_header_3@4 3, 4
93  retsub
21  callsub biguint_unary
94  proto 0 0
97  byte 0x                                                                              <empty bytes[]>
98  byte 0x                                                                              <empty bytes[]>, <empty bytes[]>
99  b==                                                                                  1
100 assert
101 retsub
24  callsub bytes_unary
102 proto 0 0
105 byte ""                                                                              <empty bytes[]>
106 len                                                                                  0
107 !                                                                                    1
108 assert
109 byte 0xff                                                                            /w==
112 b~                                                                                   AA==
113 byte 0x00                                                                            AA==, AA==
116 ==                                                                                   1
117 assert
118 byte 0x0000                                                                          AAA=
122 b~                                                                                   //8=
123 byte 0xffff                                                                          //8=, //8=
127 ==                                                                                   1
128 assert
129 retsub
27  int 1                                                                                1
28  return                                                                               1