PC Teal                                                                                 Stack
1
14 callsub uint_unary
25 proto 0 0
28 byte ""                                                                              0x
30 int 0                                                                                0x, 0
32 int 1                                                                                0x, 0, 1
33 b uint_unary_for_body@5                                                              0x, 0, 1
60 int 18446744073709551615                                                             0x, 0, 1, 18446744073709551615
61 swap                                                                                 0x, 0, 18446744073709551615, 1
62 dup                                                                                  0x, 0, 18446744073709551615, 1, 1
63 cover 2                                                                              0x, 0, 1, 18446744073709551615, 1
65 -                                                                                    0x, 0, 1, 18446744073709551614
66 ~                                                                                    0x, 0, 1, 1
67 ==                                                                                   0x, 0, 1
68 assert                                                                               0x, 0
69 frame_dig 1                                                                          0x, 0, 0
71 dup                                                                                  0x, 0, 0, 0
72 int 1                                                                                0x, 0, 0, 0, 1
73 +                                                                                    0x, 0, 0, 1
74 frame_bury 0                                                                         1, 0, 0
76 switch uint_unary_for_header_1@2 uint_unary_for_header_2@3 uint_unary_for_header_3@4 1, 0
36 int 2                                                                                1, 0, 2
38 frame_dig 0                                                                          1, 0, 2, 1
40 frame_bury 1                                                                         1, 1, 2
42 b uint_unary_for_body@5                                                              1, 1, 2
60 int 18446744073709551615                                                             1, 1, 2, 18446744073709551615
61 swap                                                                                 1, 1, 18446744073709551615, 2
62 dup                                                                                  1, 1, 18446744073709551615, 2, 2
63 cover 2                                                                              1, 1, 2, 18446744073709551615, 2
65 -                                                                                    1, 1, 2, 18446744073709551613
66 ~                                                                                    1, 1, 2, 2
67 ==                                                                                   1, 1, 1
68 assert                                                                               1, 1
69 frame_dig 1                                                                          1, 1, 1
71 dup                                                                                  1, 1, 1, 1
72 int 1                                                                                1, 1, 1, 1, 1
73 +                                                                                    1, 1, 1, 2
74 frame_bury 0                                                                         2, 1, 1
76 switch uint_unary_for_header_1@2 uint_unary_for_header_2@3 uint_unary_for_header_3@4 2, 1
45 int 150                                                                              2, 1, 150
48 frame_dig 0                                                                          2, 1, 150, 2
50 frame_bury 1                                                                         2, 2, 150
52 b uint_unary_for_body@5                                                              2, 2, 150
60 int 18446744073709551615                                                             2, 2, 150, 18446744073709551615
61 swap                                                                                 2, 2, 18446744073709551615, 150
62 dup                                                                                  2, 2, 18446744073709551615, 150, 150
63 cover 2                                                                              2, 2, 150, 18446744073709551615, 150
65 -                                                                                    2, 2, 150, 18446744073709551465
66 ~                                                                                    2, 2, 150, 150
67 ==                                                                                   2, 2, 1
68 assert                                                                               2, 2
69 frame_dig 1                                                                          2, 2, 2
71 dup                                                                                  2, 2, 2, 2
72 int 1                                                                                2, 2, 2, 2, 1
73 +                                                                                    2, 2, 2, 3
74 frame_bury 0                                                                         3, 2, 2
76 switch uint_unary_for_header_1@2 uint_unary_for_header_2@3 uint_unary_for_header_3@4 3, 2
55 int 18446744073709551615                                                             3, 2, 18446744073709551615
56 frame_dig 0                                                                          3, 2, 18446744073709551615, 3
58 frame_bury 1                                                                         3, 3, 18446744073709551615
60 int 18446744073709551615                                                             3, 3, 18446744073709551615, 18446744073709551615
61 swap                                                                                 3, 3, 18446744073709551615, 18446744073709551615
62 dup                                                                                  3, 3, 18446744073709551615, 18446744073709551615, 18446744073709551615
63 cover 2                                                                              3, 3, 18446744073709551615, 18446744073709551615, 18446744073709551615
65 -                                                                                    3, 3, 18446744073709551615, 0
66 ~                                                                                    3, 3, 18446744073709551615, 18446744073709551615
67 ==                                                                                   3, 3, 1
68 assert                                                                               3, 3
69 frame_dig 1                                                                          3, 3, 3
71 dup                                                                                  3, 3, 3, 3
72 int 1                                                                                3, 3, 3, 3, 1
73 +                                                                                    3, 3, 3, 4
74 frame_bury 0                                                                         4, 3, 3
76 switch uint_unary_for_header_1@2 uint_unary_for_header_2@3 uint_unary_for_header_3@4 4, 3
84 retsub
17 callsub biguint_unary
85 proto 0 0
88 retsub
20 callsub bytes_unary
89 proto 0 0
92 retsub
23 int 1                                                                                1
24 return                                                                               1