>> poetry run puyapy -O1 --output-ssa-ir --output-optimization-ir --output-final-ir --output-cssa-ir --output-post-ssa-ir --output-parallel-copies-ir --out-dir=out --debug-level=1 --log-level=debug match
debug: Building AWST for __init__.py
debug: Building AWST for match
debug: Building AWST for embedded puyapy lib at <puya>/puyapy.py
debug: Building AWST for match/contract.py
debug: Sealing block@0: // L13
debug: Terminated block@0: // L13
debug: Sealing block@None: // switch_case_default_L15
debug: Sealing block@None: // switch_case_0_L17
debug: Sealing block@None: // switch_case_1_L20
debug: Terminated block@1: // switch_case_0_L17
debug: Terminated block@2: // switch_case_1_L20
debug: Terminated block@3: // switch_case_default_L15
debug: Sealing block@4: // switch_case_next_L15
debug: Terminated block@4: // switch_case_next_L15
debug: Sealing block@0: // L35
debug: Terminated block@0: // L35
debug: Sealing block@None: // switch_case_default_L37
debug: Sealing block@None: // switch_case_0_L39
debug: Sealing block@None: // switch_case_1_L42
debug: Terminated block@1: // switch_case_0_L39
debug: Terminated block@2: // switch_case_1_L42
debug: Terminated block@3: // switch_case_default_L37
debug: Sealing block@4: // switch_case_next_L37
debug: Terminated block@4: // switch_case_next_L37
debug: Sealing block@0: // L24
debug: Terminated block@0: // L24
debug: Sealing block@None: // switch_case_default_L26
debug: Sealing block@None: // switch_case_0_L28
debug: Sealing block@None: // switch_case_1_L31
debug: Terminated block@1: // switch_case_0_L28
debug: Terminated block@2: // switch_case_1_L31
debug: Terminated block@3: // switch_case_default_L26
debug: Sealing block@4: // switch_case_next_L26
debug: Terminated block@4: // switch_case_next_L26
debug: Sealing block@0: // L46
debug: Terminated block@0: // L46
debug: Sealing block@None: // switch_case_default_L48
debug: Sealing block@None: // switch_case_0_L50
debug: Sealing block@None: // switch_case_1_L53
debug: Terminated block@1: // switch_case_0_L50
debug: Terminated block@2: // switch_case_1_L53
debug: Terminated block@3: // switch_case_default_L48
debug: Sealing block@4: // switch_case_next_L48
debug: Terminated block@4: // switch_case_next_L48
debug: Sealing block@0: // L5
debug: Terminated block@0: // L5
debug: Sealing block@0: // L56
debug: Terminated block@0: // L56
debug: Output IR to <git root>/examples/match/out/contract_MyContract.ssa.ir
info: Optimizing examples.match.contract.MyContract at level 1
debug: Begin optimization pass 1/100
debug: Optimizing subroutine examples.match.contract.MyContract.approval_program
debug: Splitting parallel copies prior to optimization
debug: Optimizer: Arithmetic Simplification
debug: Optimizer: Constant Replacer
debug: Optimizer: Copy Propagation
debug: Optimizer: Intrinsic Simplifier
debug: Optimizer: Remove Unused Variables
debug: Optimizer: Simplify Conditional Branches
debug: Optimizer: Remove Linear Jump
debug: Optimizer: Remove Empty Blocks
debug: Optimizer: Remove Unreachable Blocks
debug: Optimizing subroutine examples.match.contract.MyContract.match_uint64
debug: Splitting parallel copies prior to optimization
debug: Optimizer: Arithmetic Simplification
debug: Optimizer: Constant Replacer
debug: Optimizer: Copy Propagation
debug: Optimizer: Intrinsic Simplifier
debug: Optimizer: Remove Unused Variables
debug: Removing unused variable hello#0
debug: Removing unused variable hello#1
debug: Optimizer: Simplify Conditional Branches
debug: Optimizer: Remove Linear Jump
debug: Optimizer: Remove Empty Blocks
debug: Removed empty block: block@3: // switch_case_default_L15
debug: Optimizer: Remove Unreachable Blocks
debug: Optimizing subroutine examples.match.contract.MyContract.match_biguint
debug: Splitting parallel copies prior to optimization
debug: Optimizer: Arithmetic Simplification
debug: Optimizer: Constant Replacer
debug: Optimizer: Copy Propagation
debug: Optimizer: Intrinsic Simplifier
debug: Optimizer: Remove Unused Variables
debug: Removing unused variable hello#0
debug: Removing unused variable hello#1
debug: Optimizer: Simplify Conditional Branches
debug: Optimizer: Remove Linear Jump
debug: Optimizer: Remove Empty Blocks
debug: Removed empty block: block@3: // switch_case_default_L37
debug: Optimizer: Remove Unreachable Blocks
debug: Optimizing subroutine examples.match.contract.MyContract.match_bytes
debug: Splitting parallel copies prior to optimization
debug: Optimizer: Arithmetic Simplification
debug: Optimizer: Constant Replacer
debug: Optimizer: Copy Propagation
debug: Optimizer: Intrinsic Simplifier
debug: Optimizer: Remove Unused Variables
debug: Removing unused variable hello#0
debug: Removing unused variable hello#1
debug: Optimizer: Simplify Conditional Branches
debug: Optimizer: Remove Linear Jump
debug: Optimizer: Remove Empty Blocks
debug: Removed empty block: block@3: // switch_case_default_L26
debug: Optimizer: Remove Unreachable Blocks
debug: Optimizing subroutine examples.match.contract.MyContract.match_address
debug: Splitting parallel copies prior to optimization
debug: Optimizer: Arithmetic Simplification
debug: Optimizer: Constant Replacer
debug: Optimizer: Copy Propagation
debug: Optimizer: Intrinsic Simplifier
debug: Optimizer: Remove Unused Variables
debug: Removing unused variable hello#0
debug: Removing unused variable hello#1
debug: Optimizer: Simplify Conditional Branches
debug: Optimizer: Remove Linear Jump
debug: Optimizer: Remove Empty Blocks
debug: Removed empty block: block@3: // switch_case_default_L48
debug: Optimizer: Remove Unreachable Blocks
debug: Optimizing subroutine examples.match.contract.MyContract.clear_state_program
debug: Splitting parallel copies prior to optimization
debug: Optimizer: Arithmetic Simplification
debug: Optimizer: Constant Replacer
debug: Optimizer: Copy Propagation
debug: Optimizer: Intrinsic Simplifier
debug: Optimizer: Remove Unused Variables
debug: Optimizer: Simplify Conditional Branches
debug: Optimizer: Remove Linear Jump
debug: Optimizer: Remove Empty Blocks
debug: Optimizer: Remove Unreachable Blocks
debug: Output IR to <git root>/examples/match/out/contract_MyContract.ssa.opt_pass_1.ir
debug: Begin optimization pass 2/100
debug: Optimizing subroutine examples.match.contract.MyContract.approval_program
debug: Optimizer: Arithmetic Simplification
debug: Optimizer: Constant Replacer
debug: Optimizer: Copy Propagation
debug: Optimizer: Intrinsic Simplifier
debug: Optimizer: Remove Unused Variables
debug: Optimizer: Simplify Conditional Branches
debug: Optimizer: Remove Linear Jump
debug: Optimizer: Remove Empty Blocks
debug: Optimizer: Remove Unreachable Blocks
debug: Optimizing subroutine examples.match.contract.MyContract.match_uint64
debug: Optimizer: Arithmetic Simplification
debug: Optimizer: Constant Replacer
debug: Optimizer: Copy Propagation
debug: Optimizer: Intrinsic Simplifier
debug: Optimizer: Remove Unused Variables
debug: Optimizer: Simplify Conditional Branches
debug: Optimizer: Remove Linear Jump
debug: Optimizer: Remove Empty Blocks
debug: Optimizer: Remove Unreachable Blocks
debug: Optimizing subroutine examples.match.contract.MyContract.match_biguint
debug: Optimizer: Arithmetic Simplification
debug: Optimizer: Constant Replacer
debug: Optimizer: Copy Propagation
debug: Optimizer: Intrinsic Simplifier
debug: Optimizer: Remove Unused Variables
debug: Optimizer: Simplify Conditional Branches
debug: Optimizer: Remove Linear Jump
debug: Optimizer: Remove Empty Blocks
debug: Optimizer: Remove Unreachable Blocks
debug: Optimizing subroutine examples.match.contract.MyContract.match_bytes
debug: Optimizer: Arithmetic Simplification
debug: Optimizer: Constant Replacer
debug: Optimizer: Copy Propagation
debug: Optimizer: Intrinsic Simplifier
debug: Optimizer: Remove Unused Variables
debug: Optimizer: Simplify Conditional Branches
debug: Optimizer: Remove Linear Jump
debug: Optimizer: Remove Empty Blocks
debug: Optimizer: Remove Unreachable Blocks
debug: Optimizing subroutine examples.match.contract.MyContract.match_address
debug: Optimizer: Arithmetic Simplification
debug: Optimizer: Constant Replacer
debug: Optimizer: Copy Propagation
debug: Optimizer: Intrinsic Simplifier
debug: Optimizer: Remove Unused Variables
debug: Optimizer: Simplify Conditional Branches
debug: Optimizer: Remove Linear Jump
debug: Optimizer: Remove Empty Blocks
debug: Optimizer: Remove Unreachable Blocks
debug: Optimizing subroutine examples.match.contract.MyContract.clear_state_program
debug: Optimizer: Arithmetic Simplification
debug: Optimizer: Constant Replacer
debug: Optimizer: Copy Propagation
debug: Optimizer: Intrinsic Simplifier
debug: Optimizer: Remove Unused Variables
debug: Optimizer: Simplify Conditional Branches
debug: Optimizer: Remove Linear Jump
debug: Optimizer: Remove Empty Blocks
debug: Optimizer: Remove Unreachable Blocks
debug: No optimizations performed in pass 2, ending loop
debug: Output IR to <git root>/examples/match/out/contract_MyContract.cssa.ir
debug: Removing Phis from examples.match.contract.MyContract.approval_program
debug: Removing Phis from examples.match.contract.MyContract.match_uint64
debug: Removing Phis from examples.match.contract.MyContract.match_biguint
debug: Removing Phis from examples.match.contract.MyContract.match_bytes
debug: Removing Phis from examples.match.contract.MyContract.match_address
debug: Removing Phis from examples.match.contract.MyContract.clear_state_program
debug: Output IR to <git root>/examples/match/out/contract_MyContract.post_ssa.ir
debug: Sequentializing parallel copies in examples.match.contract.MyContract.approval_program
debug: Sequentializing parallel copies in examples.match.contract.MyContract.match_uint64
debug: Sequentializing parallel copies in examples.match.contract.MyContract.match_biguint
debug: Sequentializing parallel copies in examples.match.contract.MyContract.match_bytes
debug: Sequentializing parallel copies in examples.match.contract.MyContract.match_address
debug: Sequentializing parallel copies in examples.match.contract.MyContract.clear_state_program
debug: Output IR to <git root>/examples/match/out/contract_MyContract.parallel_copies.ir
debug: Coalescing local variables in examples.match.contract.MyContract.approval_program using strategy RootOperandGrouping
debug: Coalescing resulted in 0 replacement/s
debug: Coalescing local variables in examples.match.contract.MyContract.match_uint64 using strategy RootOperandGrouping
debug: Coalescing resulted in 0 replacement/s
debug: Coalescing local variables in examples.match.contract.MyContract.match_biguint using strategy RootOperandGrouping
debug: Coalescing resulted in 0 replacement/s
debug: Coalescing local variables in examples.match.contract.MyContract.match_bytes using strategy RootOperandGrouping
debug: Coalescing resulted in 0 replacement/s
debug: Coalescing local variables in examples.match.contract.MyContract.match_address using strategy RootOperandGrouping
debug: Coalescing resulted in 0 replacement/s
debug: Coalescing local variables in examples.match.contract.MyContract.clear_state_program using strategy RootOperandGrouping
debug: Coalescing resulted in 0 replacement/s
debug: Output IR to <git root>/examples/match/out/contract_MyContract.final.ir
debug: Inserted match_uint64_block@0.ops[1]: 'store n#0 to l-stack (copy)'
debug: Replaced match_uint64_block@0.ops[5]: 'load n#0' with 'load n#0 from l-stack (no copy)'
debug: Found 1 edge set/s for examples.match.contract.MyContract.match_uint64
debug: Inserted match_biguint_block@0.ops[1]: 'store tmp%0#0 to l-stack (copy)'
debug: Replaced match_biguint_block@0.ops[3]: 'load tmp%0#0' with 'load tmp%0#0 from l-stack (no copy)'
debug: Inserted match_biguint_block@0.ops[5]: 'store tmp%1#0 to l-stack (copy)'
debug: Replaced match_biguint_block@0.ops[7]: 'load tmp%1#0' with 'load tmp%1#0 from l-stack (no copy)'
debug: Inserted match_biguint_block@0.ops[10]: 'store n#0 to l-stack (copy)'
debug: Replaced match_biguint_block@0.ops[14]: 'load n#0' with 'load n#0 from l-stack (no copy)'
debug: Found 1 edge set/s for examples.match.contract.MyContract.match_biguint
debug: Inserted match_bytes_block@0.ops[1]: 'store n#0 to l-stack (copy)'
debug: Replaced match_bytes_block@0.ops[5]: 'load n#0' with 'load n#0 from l-stack (no copy)'
debug: Found 1 edge set/s for examples.match.contract.MyContract.match_bytes
debug: Inserted match_address_block@0.ops[1]: 'store n#0 to l-stack (copy)'
debug: Replaced match_address_block@0.ops[5]: 'load n#0' with 'load n#0 from l-stack (no copy)'
debug: Found 1 edge set/s for examples.match.contract.MyContract.match_address
info: Writing match/out/contract.approval.teal
info: Writing match/out/contract.approval.debug.teal
info: Writing match/out/contract.clear.teal
info: Writing match/out/contract.clear.debug.teal
>> exit code = 0