PC  Teal                      Stack
1
5
42  byte "Hello World!"       SGVsbG8gV29ybGQh
56  dup                       SGVsbG8gV29ybGQh, SGVsbG8gV29ybGQh
57  len                       SGVsbG8gV29ybGQh, 12
58  itob                      SGVsbG8gV29ybGQh, AAAAAAAAAAw=
59  extract 6 2               SGVsbG8gV29ybGQh, AAw=
62  dig 1                     SGVsbG8gV29ybGQh, AAw=, SGVsbG8gV29ybGQh
64  concat                    SGVsbG8gV29ybGQh, AAxIZWxsbyBXb3JsZCE=
65  dup                       SGVsbG8gV29ybGQh, AAxIZWxsbyBXb3JsZCE=, AAxIZWxsbyBXb3JsZCE=
66  extract 2 0               SGVsbG8gV29ybGQh, AAxIZWxsbyBXb3JsZCE=, SGVsbG8gV29ybGQh
69  cover 2                   SGVsbG8gV29ybGQh, SGVsbG8gV29ybGQh, AAxIZWxsbyBXb3JsZCE=
71  dig 1                     SGVsbG8gV29ybGQh, SGVsbG8gV29ybGQh, AAxIZWxsbyBXb3JsZCE=, SGVsbG8gV29ybGQh
73  dig 1                     SGVsbG8gV29ybGQh, SGVsbG8gV29ybGQh, AAxIZWxsbyBXb3JsZCE=, SGVsbG8gV29ybGQh, AAxIZWxsbyBXb3JsZCE=
75  !=                        SGVsbG8gV29ybGQh, SGVsbG8gV29ybGQh, AAxIZWxsbyBXb3JsZCE=, 1
76  assert                    SGVsbG8gV29ybGQh, SGVsbG8gV29ybGQh, AAxIZWxsbyBXb3JsZCE=
77  extract 2 0               SGVsbG8gV29ybGQh, SGVsbG8gV29ybGQh, SGVsbG8gV29ybGQh
80  dig 1                     SGVsbG8gV29ybGQh, SGVsbG8gV29ybGQh, SGVsbG8gV29ybGQh, SGVsbG8gV29ybGQh
82  ==                        SGVsbG8gV29ybGQh, SGVsbG8gV29ybGQh, 1
83  assert                    SGVsbG8gV29ybGQh, SGVsbG8gV29ybGQh
84  ==                        1
85  assert
86  int 255                   255
89  dup                       255, 255
90  itob                      255, AAAAAAAAAP8=
91  int 7                     255, AAAAAAAAAP8=, 7
93  int 8                     255, AAAAAAAAAP8=, 7, 8
95  substring3                255, /w==
96  int 0                     255, /w==, 0
97  getbyte                   255, 255
98  ==                        1
99  assert
100 byte 0x7fffffffffffffff00 f/////////8A
111 dup                       f/////////8A, f/////////8A
112 int 0                     f/////////8A, f/////////8A, 0
113 getbyte                   f/////////8A, 127
114 int 127                   f/////////8A, 127, 127
116 ==                        f/////////8A, 1
117 assert                    f/////////8A
118 dup                       f/////////8A, f/////////8A
119 int 0                     f/////////8A, f/////////8A, 0
120 int 3                     f/////////8A, f/////////8A, 0, 3
122 extract3                  f/////////8A, f///
123 btoi                      f/////////8A, 8388607
124 int 8388607               f/////////8A, 8388607, 8388607
129 ==                        f/////////8A, 1
130 assert                    f/////////8A
131 dup                       f/////////8A, f/////////8A
132 int 0                     f/////////8A, f/////////8A, 0
133 extract_uint16            f/////////8A, 32767
134 int 32767                 f/////////8A, 32767, 32767
138 ==                        f/////////8A, 1
139 assert                    f/////////8A
140 dup                       f/////////8A, f/////////8A
141 int 0                     f/////////8A, f/////////8A, 0
142 extract_uint32            f/////////8A, 2147483647
143 int 2147483647            f/////////8A, 2147483647, 2147483647
149 ==                        f/////////8A, 1
150 assert                    f/////////8A
151 int 0                     f/////////8A, 0
152 extract_uint64            9223372036854775807
153 int 9223372036854775807   9223372036854775807, 9223372036854775807
163 ==                        1
164 assert
165 byte 0x0002               AAI=
166 byte 0x01                 AAI=, AQ==
167 concat                    AAIB
168 byte 0x02                 AAIB, Ag==
171 concat                    AAIBAg==
172 pop
173 byte 0x0001               AAE=
177 byte 0x01                 AAE=, AQ==
178 concat                    AAEB
179 pop
180 byte 0x0002               AAI=
181 int 4                     AAI=, 4
182 dup                       AAI=, 4, 4
183 itob                      AAI=, 4, AAAAAAAAAAQ=
184 extract 6 2               AAI=, 4, AAQ=
187 uncover 2                 4, AAQ=, AAI=
189 uncover 1                 4, AAI=, AAQ=
191 concat                    4, AAIABA==
192 cover 1                   AAIABA==, 4
194 byte "\x00\x05Hello"      AAIABA==, 4, AAVIZWxsbw==
195 len                       AAIABA==, 4, 7
196 +                         AAIABA==, 11
197 dup                       AAIABA==, 11, 11
198 itob                      AAIABA==, 11, AAAAAAAAAAs=
199 extract 6 2               AAIABA==, 11, AAs=
202 uncover 2                 11, AAs=, AAIABA==
204 uncover 1                 11, AAIABA==, AAs=
206 concat                    11, AAIABAAL
207 byte "\x00\x05World"      11, AAIABAAL, AAVXb3JsZA==
208 len                       11, AAIABAAL, 7
209 uncover 2                 AAIABAAL, 7, 11
211 +                         AAIABAAL, 18
212 pop                       AAIABAAL
213 byte "\x00\x05Hello"      AAIABAAL, AAVIZWxsbw==
214 concat                    AAIABAALAAVIZWxsbw==
215 byte "\x00\x05World"      AAIABAALAAVIZWxsbw==, AAVXb3JsZA==
216 concat                    AAIABAALAAVIZWxsbwAFV29ybGQ=
217 pop
218 byte 0x01                 AQ==
219 byte 0x0a                 AQ==, Cg==
222 concat                    AQo=
223 byte 0xff                 AQo=, /w==
226 concat                    AQr/
227 byte 0x80                 AQr/, gA==
230 concat                    AQr/gA==
231 pop
232 byte 0x01                 AQ==
233 pop
234 int 4                     4
235 dup                       4, 4
236 itob                      4, AAAAAAAAAAQ=
237 extract 6 2               4, AAQ=
240 cover 1                   AAQ=, 4
242 byte "\x00\x04Ping"       AAQ=, 4, AARQaW5n
244 len                       AAQ=, 4, 6
245 +                         AAQ=, 10
246 dup                       AAQ=, 10, 10
247 itob                      AAQ=, 10, AAAAAAAAAAo=
248 extract 6 2               AAQ=, 10, AAo=
251 uncover 2                 10, AAo=, AAQ=
253 uncover 1                 10, AAQ=, AAo=
255 concat                    10, AAQACg==
256 byte "\x00\x04Pong"       10, AAQACg==, AARQb25n
258 len                       10, AAQACg==, 6
259 uncover 2                 AAQACg==, 6, 10
261 +                         AAQACg==, 16
262 pop                       AAQACg==
263 byte "\x00\x04Ping"       AAQACg==, AARQaW5n
265 concat                    AAQACgAEUGluZw==
266 byte "\x00\x04Pong"       AAQACgAEUGluZw==, AARQb25n
268 concat                    AAQACgAEUGluZwAEUG9uZw==
269 pop
270 int 1                     1
272 return                    1