PC  Teal                      Stack
1
7
37  int 12                    12
39  itob                      AAAAAAAAAAw=
40  extract 6 2               AAw=
43  byte "Hello World!"       AAw=, SGVsbG8gV29ybGQh
44  concat                    AAxIZWxsbyBXb3JsZCE=
45  dup                       AAxIZWxsbyBXb3JsZCE=, AAxIZWxsbyBXb3JsZCE=
46  extract 2 0               AAxIZWxsbyBXb3JsZCE=, SGVsbG8gV29ybGQh
49  cover 1                   SGVsbG8gV29ybGQh, AAxIZWxsbyBXb3JsZCE=
51  byte "Hello World!"       SGVsbG8gV29ybGQh, AAxIZWxsbyBXb3JsZCE=, SGVsbG8gV29ybGQh
52  dig 1                     SGVsbG8gV29ybGQh, AAxIZWxsbyBXb3JsZCE=, SGVsbG8gV29ybGQh, AAxIZWxsbyBXb3JsZCE=
54  !=                        SGVsbG8gV29ybGQh, AAxIZWxsbyBXb3JsZCE=, 1
55  assert                    SGVsbG8gV29ybGQh, AAxIZWxsbyBXb3JsZCE=
56  extract 2 0               SGVsbG8gV29ybGQh, SGVsbG8gV29ybGQh
59  byte "Hello World!"       SGVsbG8gV29ybGQh, SGVsbG8gV29ybGQh, SGVsbG8gV29ybGQh
60  ==                        SGVsbG8gV29ybGQh, 1
61  assert                    SGVsbG8gV29ybGQh
62  byte "Hello World!"       SGVsbG8gV29ybGQh, SGVsbG8gV29ybGQh
63  ==                        1
64  assert
65  int 255                   255
66  itob                      AAAAAAAAAP8=
67  int 7                     AAAAAAAAAP8=, 7
69  int 8                     AAAAAAAAAP8=, 7, 8
71  substring3                /w==
72  int 0                     /w==, 0
73  getbyte                   255
74  int 255                   255, 255
75  ==                        1
76  assert
77  byte 0x7fffffffffffffff00 f/////////8A
78  int 0                     f/////////8A, 0
79  getbyte                   127
80  int 127                   127, 127
82  ==                        1
83  assert
84  byte 0x7fffffffffffffff00 f/////////8A
85  int 0                     f/////////8A, 0
86  int 3                     f/////////8A, 0, 3
88  extract3                  f///
89  btoi                      8388607
90  int 8388607               8388607, 8388607
95  ==                        1
96  assert
97  byte 0x7fffffffffffffff00 f/////////8A
98  int 0                     f/////////8A, 0
99  extract_uint16            32767
100 int 32767                 32767, 32767
104 ==                        1
105 assert
106 byte 0x7fffffffffffffff00 f/////////8A
107 int 0                     f/////////8A, 0
108 extract_uint32            2147483647
109 int 2147483647            2147483647, 2147483647
115 ==                        1
116 assert
117 byte 0x7fffffffffffffff00 f/////////8A
118 int 0                     f/////////8A, 0
119 extract_uint64            9223372036854775807
120 int 9223372036854775807   9223372036854775807, 9223372036854775807
130 ==                        1
131 assert
132 byte 0x0002               AAI=
133 byte 0x01                 AAI=, AQ==
134 concat                    AAIB
135 byte 0x02                 AAIB, Ag==
138 concat                    AAIBAg==
139 pop
140 byte 0x0001               AAE=
144 byte 0x01                 AAE=, AQ==
145 concat                    AAEB
146 pop
147 int 4                     4
148 itob                      AAAAAAAAAAQ=
149 extract 6 2               AAQ=
152 byte 0x0002               AAQ=, AAI=
153 uncover 1                 AAI=, AAQ=
155 concat                    AAIABA==
156 int 11                    AAIABA==, 11
158 itob                      AAIABA==, AAAAAAAAAAs=
159 extract 6 2               AAIABA==, AAs=
162 concat                    AAIABAAL
163 byte "\x00\x05Hello"      AAIABAAL, AAVIZWxsbw==
172 concat                    AAIABAALAAVIZWxsbw==
173 byte "\x00\x05World"      AAIABAALAAVIZWxsbw==, AAVXb3JsZA==
182 concat                    AAIABAALAAVIZWxsbwAFV29ybGQ=
183 pop
184 byte 0x01                 AQ==
185 byte 0x0a                 AQ==, Cg==
188 concat                    AQo=
189 byte 0xff                 AQo=, /w==
192 concat                    AQr/
193 byte 0x80                 AQr/, gA==
196 concat                    AQr/gA==
197 pop
198 int 4                     4
199 itob                      AAAAAAAAAAQ=
200 extract 6 2               AAQ=
203 int 10                    AAQ=, 10
205 itob                      AAQ=, AAAAAAAAAAo=
206 extract 6 2               AAQ=, AAo=
209 concat                    AAQACg==
210 byte "\x00\x04Ping"       AAQACg==, AARQaW5n
218 concat                    AAQACgAEUGluZw==
219 byte "\x00\x04Pong"       AAQACgAEUGluZw==, AARQb25n
227 concat                    AAQACgAEUGluZwAEUG9uZw==
228 pop
229 int 1                     1
231 return                    1