>> poetry run puya -O1 --output-ssa-ir --output-optimization-ir --output-final-ir --output-cssa-ir --output-post-ssa-ir --output-parallel-copies-ir --out-dir=out --debug-level=1 --log-level=debug calculator
debug: Building AWST for __init__.py
debug: Building AWST for calculator
debug: Building AWST for embedded algopy lib at <puya>/algopy.py
debug: Building AWST for calculator/contract.py
debug: Sealing block@0: // L57
debug: Terminated block@0: // L57
debug: Sealing block@None: // if_body_L58
debug: Sealing block@None: // else_body_L58
debug: Terminated block@1: // if_body_L58
debug: Terminated block@2: // else_body_L58
debug: Sealing block@None: // if_body_L60
debug: Sealing block@None: // else_body_L60
debug: Terminated block@3: // if_body_L60
debug: Terminated block@4: // else_body_L60
debug: Sealing block@None: // if_body_L62
debug: Sealing block@None: // else_body_L62
debug: Terminated block@5: // if_body_L62
debug: Terminated block@6: // else_body_L62
debug: Sealing block@None: // if_body_L64
debug: Sealing block@None: // else_body_L64
debug: Terminated block@7: // if_body_L64
debug: Terminated block@8: // else_body_L64
debug: Sealing block@None: // after_if_else_L64
debug: Sealing block@None: // after_if_else_L62
debug: Sealing block@None: // after_if_else_L60
debug: Sealing block@None: // after_if_else_L58
debug: Sealing block@0: // L70
debug: Terminated block@0: // L70
debug: Sealing block@0: // L74
debug: Terminated block@0: // L74
debug: Sealing block@0: // L78
debug: Terminated block@0: // L78
debug: Sealing block@0: // L82
debug: Terminated block@0: // L82
debug: Sealing block@0: // L10
debug: Terminated block@0: // L10
debug: Sealing block@None: // if_body_L13
debug: Sealing block@None: // else_body_L13
debug: Terminated block@1: // if_body_L13
debug: Sealing block@2: // after_if_else_L13
debug: Terminated block@2: // after_if_else_L13
debug: Sealing block@0: // L44
debug: Terminated block@0: // L44
debug: Sealing block@None: // if_body_L45
debug: Sealing block@None: // else_body_L45
debug: Terminated block@1: // if_body_L45
debug: Terminated block@2: // else_body_L45
debug: Sealing block@None: // if_body_L47
debug: Sealing block@None: // else_body_L47
debug: Terminated block@3: // if_body_L47
debug: Terminated block@4: // else_body_L47
debug: Sealing block@None: // if_body_L49
debug: Sealing block@None: // else_body_L49
debug: Terminated block@5: // if_body_L49
debug: Terminated block@6: // else_body_L49
debug: Sealing block@None: // if_body_L51
debug: Sealing block@None: // else_body_L51
debug: Terminated block@7: // if_body_L51
debug: Terminated block@8: // else_body_L51
debug: Sealing block@None: // after_if_else_L51
debug: Sealing block@None: // after_if_else_L49
debug: Sealing block@None: // after_if_else_L47
debug: Sealing block@None: // after_if_else_L45
debug: Sealing block@0: // L19
debug: Terminated block@0: // L19
debug: Sealing block@None: // if_body_L21
debug: Sealing block@None: // else_body_L21
debug: Terminated block@1: // if_body_L21
debug: Terminated block@2: // else_body_L21
debug: Sealing block@3: // after_if_else_L21
debug: Created Phi assignment: let action#2: uint64 = undefined while trying to resolve 'action' in block@3: // after_if_else_L21
debug: Added action#0 to Phi node: let action#2: uint64 = φ(action#0 <- block@1) in block@1: // if_body_L21
debug: Added action#1 to Phi node: let action#2: uint64 = φ(action#0 <- block@1, action#1 <- block@2) in block@2: // else_body_L21
debug: Created Phi assignment: let a#2: uint64 = undefined while trying to resolve 'a' in block@3: // after_if_else_L21
debug: Added a#0 to Phi node: let a#2: uint64 = φ(a#0 <- block@1) in block@1: // if_body_L21
debug: Added a#1 to Phi node: let a#2: uint64 = φ(a#0 <- block@1, a#1 <- block@2) in block@2: // else_body_L21
debug: Created Phi assignment: let b#2: uint64 = undefined while trying to resolve 'b' in block@3: // after_if_else_L21
debug: Added b#0 to Phi node: let b#2: uint64 = φ(b#0 <- block@1) in block@1: // if_body_L21
debug: Added b#1 to Phi node: let b#2: uint64 = φ(b#0 <- block@1, b#1 <- block@2) in block@2: // else_body_L21
debug: Terminated block@3: // after_if_else_L21
debug: Sealing block@0: // L85
debug: Terminated block@0: // L85
debug: Output IR to <git root>/examples/calculator/out/contract_MyContract.ssa.ir
info: Optimizing examples.calculator.contract.MyContract at level 1
debug: Begin optimization pass 1/100
debug: Optimizing subroutine examples.calculator.contract.MyContract.approval_program
debug: Splitting parallel copies prior to optimization
debug: Optimizer: Arithmetic Simplification
debug: Optimizer: Constant Replacer
debug: Optimizer: Copy Propagation
debug: Optimizer: Intrinsic Simplifier
debug: Optimizer: Remove Unused Variables
debug: Optimizer: Simplify Conditional Branches
debug: Optimizer: Remove Linear Jump
debug: Optimizer: Remove Empty Blocks
debug: Optimizer: Remove Unreachable Blocks
debug: Optimizing subroutine examples.calculator.contract.MyContract.do_calc
debug: Splitting parallel copies prior to optimization
debug: Optimizer: Arithmetic Simplification
debug: Optimizer: Constant Replacer
debug: Optimizer: Copy Propagation
debug: Optimizer: Intrinsic Simplifier
debug: Optimizer: Remove Unused Variables
debug: Optimizer: Simplify Conditional Branches
debug: Optimizer: Remove Linear Jump
debug: Optimizer: Remove Empty Blocks
debug: Optimizer: Remove Unreachable Blocks
debug: Optimizing subroutine examples.calculator.contract.MyContract.add
debug: Splitting parallel copies prior to optimization
debug: Optimizer: Arithmetic Simplification
debug: Optimizer: Constant Replacer
debug: Optimizer: Copy Propagation
debug: Optimizer: Intrinsic Simplifier
debug: Optimizer: Remove Unused Variables
debug: Optimizer: Simplify Conditional Branches
debug: Optimizer: Remove Linear Jump
debug: Optimizer: Remove Empty Blocks
debug: Optimizer: Remove Unreachable Blocks
debug: Optimizing subroutine examples.calculator.contract.MyContract.sub
debug: Splitting parallel copies prior to optimization
debug: Optimizer: Arithmetic Simplification
debug: Optimizer: Constant Replacer
debug: Optimizer: Copy Propagation
debug: Optimizer: Intrinsic Simplifier
debug: Optimizer: Remove Unused Variables
debug: Optimizer: Simplify Conditional Branches
debug: Optimizer: Remove Linear Jump
debug: Optimizer: Remove Empty Blocks
debug: Optimizer: Remove Unreachable Blocks
debug: Optimizing subroutine examples.calculator.contract.MyContract.mul
debug: Splitting parallel copies prior to optimization
debug: Optimizer: Arithmetic Simplification
debug: Optimizer: Constant Replacer
debug: Optimizer: Copy Propagation
debug: Optimizer: Intrinsic Simplifier
debug: Optimizer: Remove Unused Variables
debug: Optimizer: Simplify Conditional Branches
debug: Optimizer: Remove Linear Jump
debug: Optimizer: Remove Empty Blocks
debug: Optimizer: Remove Unreachable Blocks
debug: Optimizing subroutine examples.calculator.contract.MyContract.div
debug: Splitting parallel copies prior to optimization
debug: Optimizer: Arithmetic Simplification
debug: Optimizer: Constant Replacer
debug: Optimizer: Copy Propagation
debug: Optimizer: Intrinsic Simplifier
debug: Optimizer: Remove Unused Variables
debug: Optimizer: Simplify Conditional Branches
debug: Optimizer: Remove Linear Jump
debug: Optimizer: Remove Empty Blocks
debug: Optimizer: Remove Unreachable Blocks
debug: Optimizing subroutine examples.calculator.contract.itoa
debug: Splitting parallel copies prior to optimization
debug: Optimizer: Arithmetic Simplification
debug: Optimizer: Constant Replacer
debug: Optimizer: Copy Propagation
debug: Optimizer: Intrinsic Simplifier
debug: Optimizer: Remove Unused Variables
debug: Removing unused variable digits#0
debug: Optimizer: Simplify Conditional Branches
debug: Optimizer: Remove Linear Jump
debug: Optimizer: Remove Empty Blocks
debug: Optimizer: Remove Unreachable Blocks
debug: Optimizing subroutine examples.calculator.contract.MyContract.op
debug: Splitting parallel copies prior to optimization
debug: Optimizer: Arithmetic Simplification
debug: Optimizer: Constant Replacer
debug: Optimizer: Copy Propagation
debug: Optimizer: Intrinsic Simplifier
debug: Optimizer: Remove Unused Variables
debug: Optimizer: Simplify Conditional Branches
debug: Optimizer: Remove Linear Jump
debug: Optimizer: Remove Empty Blocks
debug: Optimizer: Remove Unreachable Blocks
debug: Optimizing subroutine examples.calculator.contract.MyContract.clear_state_program
debug: Splitting parallel copies prior to optimization
debug: Optimizer: Arithmetic Simplification
debug: Optimizer: Constant Replacer
debug: Optimizer: Copy Propagation
debug: Optimizer: Intrinsic Simplifier
debug: Optimizer: Remove Unused Variables
debug: Optimizer: Simplify Conditional Branches
debug: Optimizer: Remove Linear Jump
debug: Optimizer: Remove Empty Blocks
debug: Optimizer: Remove Unreachable Blocks
debug: Output IR to <git root>/examples/calculator/out/contract_MyContract.ssa.opt_pass_1.ir
debug: Begin optimization pass 2/100
debug: Optimizing subroutine examples.calculator.contract.MyContract.approval_program
debug: Optimizer: Arithmetic Simplification
debug: Optimizer: Constant Replacer
debug: Optimizer: Copy Propagation
debug: Optimizer: Intrinsic Simplifier
debug: Optimizer: Remove Unused Variables
debug: Optimizer: Simplify Conditional Branches
debug: Optimizer: Remove Linear Jump
debug: Optimizer: Remove Empty Blocks
debug: Optimizer: Remove Unreachable Blocks
debug: Optimizing subroutine examples.calculator.contract.MyContract.do_calc
debug: Optimizer: Arithmetic Simplification
debug: Optimizer: Constant Replacer
debug: Optimizer: Copy Propagation
debug: Optimizer: Intrinsic Simplifier
debug: Optimizer: Remove Unused Variables
debug: Optimizer: Simplify Conditional Branches
debug: Optimizer: Remove Linear Jump
debug: Optimizer: Remove Empty Blocks
debug: Optimizer: Remove Unreachable Blocks
debug: Optimizing subroutine examples.calculator.contract.MyContract.add
debug: Optimizer: Arithmetic Simplification
debug: Optimizer: Constant Replacer
debug: Optimizer: Copy Propagation
debug: Optimizer: Intrinsic Simplifier
debug: Optimizer: Remove Unused Variables
debug: Optimizer: Simplify Conditional Branches
debug: Optimizer: Remove Linear Jump
debug: Optimizer: Remove Empty Blocks
debug: Optimizer: Remove Unreachable Blocks
debug: Optimizing subroutine examples.calculator.contract.MyContract.sub
debug: Optimizer: Arithmetic Simplification
debug: Optimizer: Constant Replacer
debug: Optimizer: Copy Propagation
debug: Optimizer: Intrinsic Simplifier
debug: Optimizer: Remove Unused Variables
debug: Optimizer: Simplify Conditional Branches
debug: Optimizer: Remove Linear Jump
debug: Optimizer: Remove Empty Blocks
debug: Optimizer: Remove Unreachable Blocks
debug: Optimizing subroutine examples.calculator.contract.MyContract.mul
debug: Optimizer: Arithmetic Simplification
debug: Optimizer: Constant Replacer
debug: Optimizer: Copy Propagation
debug: Optimizer: Intrinsic Simplifier
debug: Optimizer: Remove Unused Variables
debug: Optimizer: Simplify Conditional Branches
debug: Optimizer: Remove Linear Jump
debug: Optimizer: Remove Empty Blocks
debug: Optimizer: Remove Unreachable Blocks
debug: Optimizing subroutine examples.calculator.contract.MyContract.div
debug: Optimizer: Arithmetic Simplification
debug: Optimizer: Constant Replacer
debug: Optimizer: Copy Propagation
debug: Optimizer: Intrinsic Simplifier
debug: Optimizer: Remove Unused Variables
debug: Optimizer: Simplify Conditional Branches
debug: Optimizer: Remove Linear Jump
debug: Optimizer: Remove Empty Blocks
debug: Optimizer: Remove Unreachable Blocks
debug: Optimizing subroutine examples.calculator.contract.itoa
debug: Optimizer: Arithmetic Simplification
debug: Folded len("0123456789") to 10
debug: Optimizer: Constant Replacer
debug: Optimizer: Copy Propagation
debug: Optimizer: Intrinsic Simplifier
debug: Optimizer: Remove Unused Variables
debug: Removing unused variable radix#0
debug: Optimizer: Simplify Conditional Branches
debug: Optimizer: Remove Linear Jump
debug: Optimizer: Remove Empty Blocks
debug: Optimizer: Remove Unreachable Blocks
debug: Optimizing subroutine examples.calculator.contract.MyContract.op
debug: Optimizer: Arithmetic Simplification
debug: Optimizer: Constant Replacer
debug: Optimizer: Copy Propagation
debug: Optimizer: Intrinsic Simplifier
debug: Optimizer: Remove Unused Variables
debug: Optimizer: Simplify Conditional Branches
debug: Optimizer: Remove Linear Jump
debug: Optimizer: Remove Empty Blocks
debug: Optimizer: Remove Unreachable Blocks
debug: Optimizing subroutine examples.calculator.contract.MyContract.clear_state_program
debug: Optimizer: Arithmetic Simplification
debug: Optimizer: Constant Replacer
debug: Optimizer: Copy Propagation
debug: Optimizer: Intrinsic Simplifier
debug: Optimizer: Remove Unused Variables
debug: Optimizer: Simplify Conditional Branches
debug: Optimizer: Remove Linear Jump
debug: Optimizer: Remove Empty Blocks
debug: Optimizer: Remove Unreachable Blocks
debug: Output IR to <git root>/examples/calculator/out/contract_MyContract.ssa.opt_pass_2.ir
debug: Begin optimization pass 3/100
debug: Optimizing subroutine examples.calculator.contract.MyContract.approval_program
debug: Optimizer: Arithmetic Simplification
debug: Optimizer: Constant Replacer
debug: Optimizer: Copy Propagation
debug: Optimizer: Intrinsic Simplifier
debug: Optimizer: Remove Unused Variables
debug: Optimizer: Simplify Conditional Branches
debug: Optimizer: Remove Linear Jump
debug: Optimizer: Remove Empty Blocks
debug: Optimizer: Remove Unreachable Blocks
debug: Optimizing subroutine examples.calculator.contract.MyContract.do_calc
debug: Optimizer: Arithmetic Simplification
debug: Optimizer: Constant Replacer
debug: Optimizer: Copy Propagation
debug: Optimizer: Intrinsic Simplifier
debug: Optimizer: Remove Unused Variables
debug: Optimizer: Simplify Conditional Branches
debug: Optimizer: Remove Linear Jump
debug: Optimizer: Remove Empty Blocks
debug: Optimizer: Remove Unreachable Blocks
debug: Optimizing subroutine examples.calculator.contract.MyContract.add
debug: Optimizer: Arithmetic Simplification
debug: Optimizer: Constant Replacer
debug: Optimizer: Copy Propagation
debug: Optimizer: Intrinsic Simplifier
debug: Optimizer: Remove Unused Variables
debug: Optimizer: Simplify Conditional Branches
debug: Optimizer: Remove Linear Jump
debug: Optimizer: Remove Empty Blocks
debug: Optimizer: Remove Unreachable Blocks
debug: Optimizing subroutine examples.calculator.contract.MyContract.sub
debug: Optimizer: Arithmetic Simplification
debug: Optimizer: Constant Replacer
debug: Optimizer: Copy Propagation
debug: Optimizer: Intrinsic Simplifier
debug: Optimizer: Remove Unused Variables
debug: Optimizer: Simplify Conditional Branches
debug: Optimizer: Remove Linear Jump
debug: Optimizer: Remove Empty Blocks
debug: Optimizer: Remove Unreachable Blocks
debug: Optimizing subroutine examples.calculator.contract.MyContract.mul
debug: Optimizer: Arithmetic Simplification
debug: Optimizer: Constant Replacer
debug: Optimizer: Copy Propagation
debug: Optimizer: Intrinsic Simplifier
debug: Optimizer: Remove Unused Variables
debug: Optimizer: Simplify Conditional Branches
debug: Optimizer: Remove Linear Jump
debug: Optimizer: Remove Empty Blocks
debug: Optimizer: Remove Unreachable Blocks
debug: Optimizing subroutine examples.calculator.contract.MyContract.div
debug: Optimizer: Arithmetic Simplification
debug: Optimizer: Constant Replacer
debug: Optimizer: Copy Propagation
debug: Optimizer: Intrinsic Simplifier
debug: Optimizer: Remove Unused Variables
debug: Optimizer: Simplify Conditional Branches
debug: Optimizer: Remove Linear Jump
debug: Optimizer: Remove Empty Blocks
debug: Optimizer: Remove Unreachable Blocks
debug: Optimizing subroutine examples.calculator.contract.itoa
debug: Optimizer: Arithmetic Simplification
debug: Optimizer: Constant Replacer
debug: Optimizer: Copy Propagation
debug: Optimizer: Intrinsic Simplifier
debug: Optimizer: Remove Unused Variables
debug: Optimizer: Simplify Conditional Branches
debug: Optimizer: Remove Linear Jump
debug: Optimizer: Remove Empty Blocks
debug: Optimizer: Remove Unreachable Blocks
debug: Optimizing subroutine examples.calculator.contract.MyContract.op
debug: Optimizer: Arithmetic Simplification
debug: Optimizer: Constant Replacer
debug: Optimizer: Copy Propagation
debug: Optimizer: Intrinsic Simplifier
debug: Optimizer: Remove Unused Variables
debug: Optimizer: Simplify Conditional Branches
debug: Optimizer: Remove Linear Jump
debug: Optimizer: Remove Empty Blocks
debug: Optimizer: Remove Unreachable Blocks
debug: Optimizing subroutine examples.calculator.contract.MyContract.clear_state_program
debug: Optimizer: Arithmetic Simplification
debug: Optimizer: Constant Replacer
debug: Optimizer: Copy Propagation
debug: Optimizer: Intrinsic Simplifier
debug: Optimizer: Remove Unused Variables
debug: Optimizer: Simplify Conditional Branches
debug: Optimizer: Remove Linear Jump
debug: Optimizer: Remove Empty Blocks
debug: Optimizer: Remove Unreachable Blocks
debug: No optimizations performed in pass 3, ending loop
debug: Output IR to <git root>/examples/calculator/out/contract_MyContract.cssa.ir
debug: Removing Phis from examples.calculator.contract.MyContract.approval_program
debug: Removing Phis from examples.calculator.contract.MyContract.do_calc
debug: Removing Phis from examples.calculator.contract.MyContract.add
debug: Removing Phis from examples.calculator.contract.MyContract.sub
debug: Removing Phis from examples.calculator.contract.MyContract.mul
debug: Removing Phis from examples.calculator.contract.MyContract.div
debug: Removing Phis from examples.calculator.contract.itoa
debug: Removing Phis from examples.calculator.contract.MyContract.op
debug: Removing Phis from examples.calculator.contract.MyContract.clear_state_program
debug: Output IR to <git root>/examples/calculator/out/contract_MyContract.post_ssa.ir
debug: Sequentializing parallel copies in examples.calculator.contract.MyContract.approval_program
debug: loc: {b#5=None, a#5=None, action#5=None, b#0=b#0, a#0=a#0, action#0=action#0}
debug: pred: {b#5=b#0, a#5=a#0, action#5=action#0}
debug: ready: b#5, a#5, action#5
debug: to_do: b#5, a#5, action#5
debug: * avail action#5
debug: * avail action#0
debug: * avail a#5
debug: * avail a#0
debug: * avail b#5
debug: * avail b#0
debug: * to_do action#5
debug: * to_do a#5
debug: * to_do b#5
debug: loc: {b#5=None, a#5=None, action#5=None, b#1=b#1, a#1=a#1, action#1=action#1}
debug: pred: {b#5=b#1, a#5=a#1, action#5=action#1}
debug: ready: b#5, a#5, action#5
debug: to_do: b#5, a#5, action#5
debug: * avail action#5
debug: * avail action#1
debug: * avail a#5
debug: * avail a#1
debug: * avail b#5
debug: * avail b#1
debug: * to_do action#5
debug: * to_do a#5
debug: * to_do b#5
debug: loc: {b#2=None, a#2=None, action#2=None, b#5=b#5, a#5=a#5, action#5=action#5}
debug: pred: {b#2=b#5, a#2=a#5, action#2=action#5}
debug: ready: b#2, a#2, action#2
debug: to_do: b#2, a#2, action#2
debug: * avail action#2
debug: * avail action#5
debug: * avail a#2
debug: * avail a#5
debug: * avail b#2
debug: * avail b#5
debug: * to_do action#2
debug: * to_do a#2
debug: * to_do b#2
debug: Sequentializing parallel copies in examples.calculator.contract.MyContract.do_calc
debug: Sequentializing parallel copies in examples.calculator.contract.MyContract.add
debug: Sequentializing parallel copies in examples.calculator.contract.MyContract.sub
debug: Sequentializing parallel copies in examples.calculator.contract.MyContract.mul
debug: Sequentializing parallel copies in examples.calculator.contract.MyContract.div
debug: Sequentializing parallel copies in examples.calculator.contract.itoa
debug: Sequentializing parallel copies in examples.calculator.contract.MyContract.op
debug: Sequentializing parallel copies in examples.calculator.contract.MyContract.clear_state_program
debug: Output IR to <git root>/examples/calculator/out/contract_MyContract.parallel_copies.ir
debug: Coalescing local variables in examples.calculator.contract.MyContract.approval_program using strategy RootOperandGrouping
debug: Coalescing a#0 with [a#5, a#1, a#2]
debug: Coalescing b#0 with [b#5, b#1, b#2]
debug: Coalescing action#0 with [action#5, action#1, action#2]
debug: Coalescing resulted in 24 replacement/s
debug: Coalescing local variables in examples.calculator.contract.MyContract.do_calc using strategy RootOperandGrouping
debug: Coalescing resulted in 0 replacement/s
debug: Coalescing local variables in examples.calculator.contract.MyContract.add using strategy RootOperandGrouping
debug: Coalescing resulted in 0 replacement/s
debug: Coalescing local variables in examples.calculator.contract.MyContract.sub using strategy RootOperandGrouping
debug: Coalescing resulted in 0 replacement/s
debug: Coalescing local variables in examples.calculator.contract.MyContract.mul using strategy RootOperandGrouping
debug: Coalescing resulted in 0 replacement/s
debug: Coalescing local variables in examples.calculator.contract.MyContract.div using strategy RootOperandGrouping
debug: Coalescing resulted in 0 replacement/s
debug: Coalescing local variables in examples.calculator.contract.itoa using strategy RootOperandGrouping
debug: Coalescing resulted in 0 replacement/s
debug: Coalescing local variables in examples.calculator.contract.MyContract.op using strategy RootOperandGrouping
debug: Coalescing resulted in 0 replacement/s
debug: Coalescing local variables in examples.calculator.contract.MyContract.clear_state_program using strategy RootOperandGrouping
debug: Coalescing resulted in 0 replacement/s
debug: Output IR to <git root>/examples/calculator/out/contract_MyContract.final.ir
debug: Inserted main_block@0.ops[1]: 'store num_args#0 to l-stack (copy)'
debug: Replaced main_block@0.ops[3]: 'load num_args#0' with 'load num_args#0 from l-stack (no copy)'
debug: Inserted main_block@0.ops[5]: 'store tmp%0#0 to l-stack (copy)'
debug: Replaced main_block@0.ops[7]: 'load tmp%0#0' with 'load tmp%0#0 from l-stack (no copy)'
debug: Inserted main_if_body@1.ops[8]: 'store tmp%1#0 to l-stack (copy)'
debug: Replaced main_if_body@1.ops[10]: 'load tmp%1#0' with 'load tmp%1#0 from l-stack (no copy)'
debug: Inserted main_if_body@1.ops[14]: 'store tmp%2#0 to l-stack (copy)'
debug: Replaced main_if_body@1.ops[16]: 'load tmp%2#0' with 'load tmp%2#0 from l-stack (no copy)'
debug: Inserted main_else_body@2.ops[3]: 'store tmp%3#0 to l-stack (copy)'
debug: Replaced main_else_body@2.ops[5]: 'load tmp%3#0' with 'load tmp%3#0 from l-stack (no copy)'
debug: Inserted main_else_body@2.ops[8]: 'store action_b#0 to l-stack (copy)'
debug: Replaced main_else_body@2.ops[10]: 'load action_b#0' with 'load action_b#0 from l-stack (no copy)'
debug: Inserted main_else_body@2.ops[14]: 'store a_bytes#0 to l-stack (copy)'
debug: Replaced main_else_body@2.ops[18]: 'load a_bytes#0' with 'load a_bytes#0 from l-stack (no copy)'
debug: Inserted main_else_body@2.ops[17]: 'store b_bytes#0 to l-stack (copy)'
debug: Replaced main_else_body@2.ops[21]: 'load b_bytes#0' with 'load b_bytes#0 from l-stack (no copy)'
debug: Inserted main_else_body@2.ops[20]: 'store a_bytes#0 to l-stack (copy)'
debug: Replaced main_else_body@2.ops[24]: 'load a_bytes#0' with 'load a_bytes#0 from l-stack (no copy)'
debug: Inserted main_else_body@2.ops[23]: 'store b_bytes#0 to l-stack (copy)'
debug: Replaced main_else_body@2.ops[28]: 'load b_bytes#0' with 'load b_bytes#0 from l-stack (no copy)'
debug: Inserted main_after_if_else@3.ops[21]: 'store tmp%8#0 to l-stack (copy)'
debug: Replaced main_after_if_else@3.ops[23]: 'load tmp%8#0' with 'load tmp%8#0 from l-stack (no copy)'
debug: Inserted main_after_if_else@3.ops[33]: 'store result_b#0 to l-stack (copy)'
debug: Replaced main_after_if_else@3.ops[35]: 'load result_b#0' with 'load result_b#0 from l-stack (no copy)'
debug: Inserted main_after_if_else@3.ops[10]: 'store tmp%5#0 to l-stack (copy)'
debug: Replaced main_after_if_else@3.ops[13]: 'load tmp%5#0' with 'load tmp%5#0 from l-stack (no copy)'
debug: Inserted main_after_if_else@3.ops[18]: 'store tmp%7#0 to l-stack (copy)'
debug: Replaced main_after_if_else@3.ops[21]: 'load tmp%7#0' with 'load tmp%7#0 from l-stack (no copy)'
debug: Inserted main_after_if_else@3.ops[31]: 'store tmp%10#0 to l-stack (copy)'
debug: Replaced main_after_if_else@3.ops[34]: 'load tmp%10#0' with 'load tmp%10#0 from l-stack (no copy)'
debug: Inserted main_after_if_else@3.ops[2]: 'store a#0 to l-stack (copy)'
debug: Replaced main_after_if_else@3.ops[6]: 'load a#0' with 'load a#0 from l-stack (no copy)'
debug: Inserted main_after_if_else@3.ops[8]: 'store tmp%4#0 to l-stack (copy)'
debug: Replaced main_after_if_else@3.ops[14]: 'load tmp%4#0' with 'load tmp%4#0 from l-stack (no copy)'
debug: Inserted main_after_if_else@3.ops[17]: 'store tmp%6#0 to l-stack (copy)'
debug: Replaced main_after_if_else@3.ops[23]: 'load tmp%6#0' with 'load tmp%6#0 from l-stack (no copy)'
debug: Inserted main_after_if_else@3.ops[31]: 'store tmp%9#0 to l-stack (copy)'
debug: Replaced main_after_if_else@3.ops[37]: 'load tmp%9#0' with 'load tmp%9#0 from l-stack (no copy)'
debug: Inserted main_after_if_else@3.ops[1]: 'store action#0 to l-stack (copy)'
debug: Replaced main_after_if_else@3.ops[11]: 'load action#0' with 'load action#0 from l-stack (no copy)'
debug: Inserted main_after_if_else@3.ops[5]: 'store b#0 to l-stack (copy)'
debug: Replaced main_after_if_else@3.ops[21]: 'load b#0' with 'load b#0 from l-stack (no copy)'
debug: Inserted main_after_if_else@3.ops[7]: 'store result#0 to l-stack (copy)'
debug: Replaced main_after_if_else@3.ops[36]: 'load result#0' with 'load result#0 from l-stack (no copy)'
debug: Found 2 edge set/s for examples.calculator.contract.MyContract.approval_program
debug: Allocated 1 variable/s to x-stack: b#0
debug: shared x-stack for main_if_body@1 -> main_after_if_else@3: b#0
debug: shared x-stack for main_else_body@2 -> main_after_if_else@3: b#0
debug: examples.calculator.contract.MyContract.approval_program f-stack entry: ['a#0', 'action#0']
debug: examples.calculator.contract.MyContract.approval_program f-stack on first store: ['num_args#0']
debug: Inserted do_calc_block@0.ops[3]: 'store tmp%0#0 to l-stack (copy)'
debug: Replaced do_calc_block@0.ops[5]: 'load tmp%0#0' with 'load tmp%0#0 from l-stack (no copy)'
debug: Inserted do_calc_if_body@1.ops[3]: 'store tmp%1#0 to l-stack (copy)'
debug: Replaced do_calc_if_body@1.ops[5]: 'load tmp%1#0' with 'load tmp%1#0 from l-stack (no copy)'
debug: Inserted do_calc_else_body@2.ops[3]: 'store tmp%2#0 to l-stack (copy)'
debug: Replaced do_calc_else_body@2.ops[5]: 'load tmp%2#0' with 'load tmp%2#0 from l-stack (no copy)'
debug: Inserted do_calc_if_body@3.ops[3]: 'store tmp%3#0 to l-stack (copy)'
debug: Replaced do_calc_if_body@3.ops[5]: 'load tmp%3#0' with 'load tmp%3#0 from l-stack (no copy)'
debug: Inserted do_calc_else_body@4.ops[3]: 'store tmp%4#0 to l-stack (copy)'
debug: Replaced do_calc_else_body@4.ops[5]: 'load tmp%4#0' with 'load tmp%4#0 from l-stack (no copy)'
debug: Inserted do_calc_if_body@5.ops[3]: 'store tmp%5#0 to l-stack (copy)'
debug: Replaced do_calc_if_body@5.ops[5]: 'load tmp%5#0' with 'load tmp%5#0 from l-stack (no copy)'
debug: Inserted do_calc_else_body@6.ops[3]: 'store tmp%6#0 to l-stack (copy)'
debug: Replaced do_calc_else_body@6.ops[5]: 'load tmp%6#0' with 'load tmp%6#0 from l-stack (no copy)'
debug: Inserted do_calc_if_body@7.ops[3]: 'store tmp%7#0 to l-stack (copy)'
debug: Replaced do_calc_if_body@7.ops[5]: 'load tmp%7#0' with 'load tmp%7#0 from l-stack (no copy)'
debug: Found 4 edge set/s for examples.calculator.contract.MyContract.do_calc
debug: Inserted add_block@0.ops[3]: 'store tmp%0#0 to l-stack (copy)'
debug: Replaced add_block@0.ops[5]: 'load tmp%0#0' with 'load tmp%0#0 from l-stack (no copy)'
debug: Inserted sub_block@0.ops[3]: 'store tmp%0#0 to l-stack (copy)'
debug: Replaced sub_block@0.ops[5]: 'load tmp%0#0' with 'load tmp%0#0 from l-stack (no copy)'
debug: Inserted mul_block@0.ops[3]: 'store tmp%0#0 to l-stack (copy)'
debug: Replaced mul_block@0.ops[5]: 'load tmp%0#0' with 'load tmp%0#0 from l-stack (no copy)'
debug: Inserted div_block@0.ops[3]: 'store tmp%0#0 to l-stack (copy)'
debug: Replaced div_block@0.ops[5]: 'load tmp%0#0' with 'load tmp%0#0 from l-stack (no copy)'
debug: Inserted itoa_block@0.ops[3]: 'store tmp%0#0 to l-stack (copy)'
debug: Replaced itoa_block@0.ops[5]: 'load tmp%0#0' with 'load tmp%0#0 from l-stack (no copy)'
debug: Inserted itoa_if_body@1.ops[8]: 'store tmp%2#0 to l-stack (copy)'
debug: Replaced itoa_if_body@1.ops[10]: 'load tmp%2#0' with 'load tmp%2#0 from l-stack (no copy)'
debug: Inserted itoa_if_body@1.ops[3]: 'store index_plus_1%1#0 to l-stack (copy)'
debug: Replaced itoa_if_body@1.ops[7]: 'load index_plus_1%1#0' with 'load index_plus_1%1#0 from l-stack (no copy)'
debug: Inserted itoa_after_if_else@2.ops[3]: 'store tmp%3#0 to l-stack (copy)'
debug: Replaced itoa_after_if_else@2.ops[5]: 'load tmp%3#0' with 'load tmp%3#0 from l-stack (no copy)'
debug: Inserted itoa_after_if_else@2.ops[11]: 'store tmp%5#0 to l-stack (copy)'
debug: Replaced itoa_after_if_else@2.ops[13]: 'load tmp%5#0' with 'load tmp%5#0 from l-stack (no copy)'
debug: Inserted itoa_after_if_else@2.ops[25]: 'store tmp%8#0 to l-stack (copy)'
debug: Replaced itoa_after_if_else@2.ops[27]: 'load tmp%8#0' with 'load tmp%8#0 from l-stack (no copy)'
debug: Inserted itoa_after_if_else@2.ops[21]: 'store tmp%7#0 to l-stack (copy)'
debug: Replaced itoa_after_if_else@2.ops[24]: 'load tmp%7#0' with 'load tmp%7#0 from l-stack (no copy)'
debug: Inserted itoa_after_if_else@2.ops[16]: 'store index_plus_1%6#0 to l-stack (copy)'
debug: Replaced itoa_after_if_else@2.ops[20]: 'load index_plus_1%6#0' with 'load index_plus_1%6#0 from l-stack (no copy)'
debug: Inserted itoa_after_if_else@2.ops[14]: 'store tmp%5#0 to l-stack (copy)'
debug: Replaced itoa_after_if_else@2.ops[20]: 'load tmp%5#0' with 'load tmp%5#0 from l-stack (no copy)'
debug: Inserted itoa_after_if_else@2.ops[7]: 'store tmp%4#0 to l-stack (copy)'
debug: Replaced itoa_after_if_else@2.ops[26]: 'load tmp%4#0' with 'load tmp%4#0 from l-stack (no copy)'
debug: Found 1 edge set/s for examples.calculator.contract.itoa
debug: Simplified uncover 2; uncover 2 to cover 2
debug: Inserted op_block@0.ops[3]: 'store tmp%0#0 to l-stack (copy)'
debug: Replaced op_block@0.ops[5]: 'load tmp%0#0' with 'load tmp%0#0 from l-stack (no copy)'
debug: Inserted op_else_body@2.ops[3]: 'store tmp%1#0 to l-stack (copy)'
debug: Replaced op_else_body@2.ops[5]: 'load tmp%1#0' with 'load tmp%1#0 from l-stack (no copy)'
debug: Inserted op_else_body@4.ops[3]: 'store tmp%2#0 to l-stack (copy)'
debug: Replaced op_else_body@4.ops[5]: 'load tmp%2#0' with 'load tmp%2#0 from l-stack (no copy)'
debug: Inserted op_else_body@6.ops[3]: 'store tmp%3#0 to l-stack (copy)'
debug: Replaced op_else_body@6.ops[5]: 'load tmp%3#0' with 'load tmp%3#0 from l-stack (no copy)'
debug: Found 4 edge set/s for examples.calculator.contract.MyContract.op
info: Writing calculator/out/contract.approval.teal
info: Writing calculator/out/contract.approval.debug.teal
info: Writing calculator/out/contract.clear.teal
info: Writing calculator/out/contract.clear.debug.teal
>> exit code = 0