debug: PuyaPyOptions(output_teal=True, output_source_map=True, output_arc32=False, output_arc56=False, output_ssa_ir=False, output_optimization_ir=False, output_destructured_ir=True, output_memory_ir=False, output_bytecode=True, output_teal_intermediates=False, output_op_statistics=True, debug_level=1, optimization_level=0, target_avm_version=10, cli_template_definitions={}, template_vars_prefix='TMPL_', locals_coalescing_strategy=<LocalsCoalescingStrategy.root_operand: 'root_operand'>, optimizations_override=immutabledict({}), expand_all_bytes=False, paths=['calculator'], resource_encoding='value', output_awst=False, output_awst_json=False, output_source_annotations_json=False, output_client=False, log_level=<LogLevel.debug: 10>)
info: Found python prefix: <git root>/.venv
debug: Building IR for function _puya_lib.util.ensure_budget
debug: Sealing block@0
debug: Terminated block@0
debug: Looking for 'required_budget_with_buffer' in an unsealed block creating an incomplete Phi: block@1
debug: Created Phi assignment: let required_budget_with_buffer#1: uint64 = undefined while trying to resolve 'required_budget_with_buffer' in block@1
debug: Terminated block@1
debug: Sealing block@2
debug: Looking for 'fee_source' in an unsealed block creating an incomplete Phi: block@1
debug: Created Phi assignment: let fee_source#1: uint64 = undefined while trying to resolve 'fee_source' in block@1
debug: Terminated block@2
debug: Terminated block@3
debug: Terminated block@4
debug: Sealing block@5
debug: Terminated block@5
debug: Sealing block@6
debug: Terminated block@6
debug: Sealing block@1
debug: Added required_budget_with_buffer#0 to Phi node: let required_budget_with_buffer#1: uint64 = φ(required_budget_with_buffer#0 <- block@0) in block@0
debug: Created Phi assignment: let required_budget_with_buffer#2: uint64 = undefined while trying to resolve 'required_budget_with_buffer' in block@6
debug: Looking for 'required_budget_with_buffer' in an unsealed block creating an incomplete Phi: block@3
debug: Created Phi assignment: let required_budget_with_buffer#3: uint64 = undefined while trying to resolve 'required_budget_with_buffer' in block@3
debug: Added required_budget_with_buffer#3 to Phi node: let required_budget_with_buffer#2: uint64 = φ(required_budget_with_buffer#3 <- block@3) in block@3
debug: Looking for 'required_budget_with_buffer' in an unsealed block creating an incomplete Phi: block@4
debug: Created Phi assignment: let required_budget_with_buffer#4: uint64 = undefined while trying to resolve 'required_budget_with_buffer' in block@4
debug: Added required_budget_with_buffer#4 to Phi node: let required_budget_with_buffer#2: uint64 = φ(required_budget_with_buffer#3 <- block@3, required_budget_with_buffer#4 <- block@4) in block@4
debug: Added required_budget_with_buffer#1 to Phi node: let required_budget_with_buffer#2: uint64 = φ(required_budget_with_buffer#3 <- block@3, required_budget_with_buffer#4 <- block@4, required_budget_with_buffer#1 <- block@5) in block@5
debug: Added required_budget_with_buffer#2 to Phi node: let required_budget_with_buffer#1: uint64 = φ(required_budget_with_buffer#0 <- block@0, required_budget_with_buffer#2 <- block@6) in block@6
debug: Added fee_source#0 to Phi node: let fee_source#1: uint64 = φ(fee_source#0 <- block@0) in block@0
debug: Created Phi assignment: let fee_source#2: uint64 = undefined while trying to resolve 'fee_source' in block@6
debug: Looking for 'fee_source' in an unsealed block creating an incomplete Phi: block@3
debug: Created Phi assignment: let fee_source#3: uint64 = undefined while trying to resolve 'fee_source' in block@3
debug: Added fee_source#3 to Phi node: let fee_source#2: uint64 = φ(fee_source#3 <- block@3) in block@3
debug: Looking for 'fee_source' in an unsealed block creating an incomplete Phi: block@4
debug: Created Phi assignment: let fee_source#4: uint64 = undefined while trying to resolve 'fee_source' in block@4
debug: Added fee_source#4 to Phi node: let fee_source#2: uint64 = φ(fee_source#3 <- block@3, fee_source#4 <- block@4) in block@4
debug: Added fee_source#1 to Phi node: let fee_source#2: uint64 = φ(fee_source#3 <- block@3, fee_source#4 <- block@4, fee_source#1 <- block@5) in block@5
debug: Added fee_source#2 to Phi node: let fee_source#1: uint64 = φ(fee_source#0 <- block@0, fee_source#2 <- block@6) in block@6
debug: Sealing block@7
debug: Terminated block@7
debug: Sealing block@3
debug: Added required_budget_with_buffer#1 to Phi node: let required_budget_with_buffer#3: uint64 = φ(required_budget_with_buffer#1 <- block@2) in block@2
debug: Replacing trivial Phi node: let required_budget_with_buffer#3: uint64 = φ(required_budget_with_buffer#1 <- block@2) (required_budget_with_buffer#3) with required_budget_with_buffer#1
debug: Deleting Phi assignment: let required_budget_with_buffer#3: uint64 = φ(required_budget_with_buffer#1 <- block@2)
debug: Replaced trivial Phi node: let required_budget_with_buffer#3: uint64 = φ(required_budget_with_buffer#1 <- block@2) (required_budget_with_buffer#3) with required_budget_with_buffer#1 in current definition for 1 blocks
debug: Added fee_source#1 to Phi node: let fee_source#3: uint64 = φ(fee_source#1 <- block@2) in block@2
debug: Replacing trivial Phi node: let fee_source#3: uint64 = φ(fee_source#1 <- block@2) (fee_source#3) with fee_source#1
debug: Deleting Phi assignment: let fee_source#3: uint64 = φ(fee_source#1 <- block@2)
debug: Replaced trivial Phi node: let fee_source#3: uint64 = φ(fee_source#1 <- block@2) (fee_source#3) with fee_source#1 in current definition for 1 blocks
debug: Sealing block@4
debug: Added required_budget_with_buffer#1 to Phi node: let required_budget_with_buffer#4: uint64 = φ(required_budget_with_buffer#1 <- block@2) in block@2
debug: Replacing trivial Phi node: let required_budget_with_buffer#4: uint64 = φ(required_budget_with_buffer#1 <- block@2) (required_budget_with_buffer#4) with required_budget_with_buffer#1
debug: Deleting Phi assignment: let required_budget_with_buffer#4: uint64 = φ(required_budget_with_buffer#1 <- block@2)
debug: Replacing trivial Phi node: let required_budget_with_buffer#2: uint64 = φ(required_budget_with_buffer#1 <- block@3, required_budget_with_buffer#1 <- block@4, required_budget_with_buffer#1 <- block@5) (required_budget_with_buffer#2) with required_budget_with_buffer#1
debug: Deleting Phi assignment: let required_budget_with_buffer#2: uint64 = φ(required_budget_with_buffer#1 <- block@3, required_budget_with_buffer#1 <- block@4, required_budget_with_buffer#1 <- block@5)
debug: Replacing trivial Phi node: let required_budget_with_buffer#1: uint64 = φ(required_budget_with_buffer#0 <- block@0, required_budget_with_buffer#1 <- block@6) (required_budget_with_buffer#1) with required_budget_with_buffer#0
debug: Deleting Phi assignment: let required_budget_with_buffer#1: uint64 = φ(required_budget_with_buffer#0 <- block@0, required_budget_with_buffer#1 <- block@6)
debug: Replaced trivial Phi node: let required_budget_with_buffer#4: uint64 = φ(required_budget_with_buffer#1 <- block@2) (required_budget_with_buffer#4) with required_budget_with_buffer#1 in current definition for 1 blocks
debug: Replaced trivial Phi node: let required_budget_with_buffer#2: uint64 = φ(required_budget_with_buffer#1 <- block@3, required_budget_with_buffer#1 <- block@4, required_budget_with_buffer#1 <- block@5) (required_budget_with_buffer#2) with required_budget_with_buffer#1 in current definition for 1 blocks
debug: Replaced trivial Phi node: let required_budget_with_buffer#1: uint64 = φ(required_budget_with_buffer#0 <- block@0, required_budget_with_buffer#1 <- block@6) (required_budget_with_buffer#1) with required_budget_with_buffer#0 in current definition for 6 blocks
debug: Added fee_source#1 to Phi node: let fee_source#4: uint64 = φ(fee_source#1 <- block@2) in block@2
debug: Replacing trivial Phi node: let fee_source#4: uint64 = φ(fee_source#1 <- block@2) (fee_source#4) with fee_source#1
debug: Deleting Phi assignment: let fee_source#4: uint64 = φ(fee_source#1 <- block@2)
debug: Replacing trivial Phi node: let fee_source#2: uint64 = φ(fee_source#1 <- block@3, fee_source#1 <- block@4, fee_source#1 <- block@5) (fee_source#2) with fee_source#1
debug: Deleting Phi assignment: let fee_source#2: uint64 = φ(fee_source#1 <- block@3, fee_source#1 <- block@4, fee_source#1 <- block@5)
debug: Replacing trivial Phi node: let fee_source#1: uint64 = φ(fee_source#0 <- block@0, fee_source#1 <- block@6) (fee_source#1) with fee_source#0
debug: Deleting Phi assignment: let fee_source#1: uint64 = φ(fee_source#0 <- block@0, fee_source#1 <- block@6)
debug: Replaced trivial Phi node: let fee_source#4: uint64 = φ(fee_source#1 <- block@2) (fee_source#4) with fee_source#1 in current definition for 1 blocks
debug: Replaced trivial Phi node: let fee_source#2: uint64 = φ(fee_source#1 <- block@3, fee_source#1 <- block@4, fee_source#1 <- block@5) (fee_source#2) with fee_source#1 in current definition for 1 blocks
debug: Replaced trivial Phi node: let fee_source#1: uint64 = φ(fee_source#0 <- block@0, fee_source#1 <- block@6) (fee_source#1) with fee_source#0 in current definition for 6 blocks
debug: Building IR for function _puya_lib.bytes_.is_substring
debug: Sealing block@0
debug: Terminated block@0
debug: Looking for 'start' in an unsealed block creating an incomplete Phi: block@1
debug: Created Phi assignment: let start#1: uint64 = undefined while trying to resolve 'start' in block@1
debug: Looking for 'item' in an unsealed block creating an incomplete Phi: block@1
debug: Created Phi assignment: let item#1: bytes = undefined while trying to resolve 'item' in block@1
debug: Looking for 'sequence' in an unsealed block creating an incomplete Phi: block@1
debug: Created Phi assignment: let sequence#1: bytes = undefined while trying to resolve 'sequence' in block@1
debug: Terminated block@1
debug: Sealing block@2
debug: Terminated block@2
debug: Sealing block@3
debug: Terminated block@3
debug: Sealing block@4
debug: Terminated block@4
debug: Sealing block@1
debug: Added start#0 to Phi node: let start#1: uint64 = φ(start#0 <- block@0) in block@0
debug: Added start#2 to Phi node: let start#1: uint64 = φ(start#0 <- block@0, start#2 <- block@4) in block@4
debug: Added item#0 to Phi node: let item#1: bytes = φ(item#0 <- block@0) in block@0
debug: Added item#1 to Phi node: let item#1: bytes = φ(item#0 <- block@0, item#1 <- block@4) in block@4
debug: Replacing trivial Phi node: let item#1: bytes = φ(item#0 <- block@0, item#1 <- block@4) (item#1) with item#0
debug: Deleting Phi assignment: let item#1: bytes = φ(item#0 <- block@0, item#1 <- block@4)
debug: Replaced trivial Phi node: let item#1: bytes = φ(item#0 <- block@0, item#1 <- block@4) (item#1) with item#0 in current definition for 3 blocks
debug: Added sequence#0 to Phi node: let sequence#1: bytes = φ(sequence#0 <- block@0) in block@0
debug: Added sequence#1 to Phi node: let sequence#1: bytes = φ(sequence#0 <- block@0, sequence#1 <- block@4) in block@4
debug: Replacing trivial Phi node: let sequence#1: bytes = φ(sequence#0 <- block@0, sequence#1 <- block@4) (sequence#1) with sequence#0
debug: Deleting Phi assignment: let sequence#1: bytes = φ(sequence#0 <- block@0, sequence#1 <- block@4)
debug: Replaced trivial Phi node: let sequence#1: bytes = φ(sequence#0 <- block@0, sequence#1 <- block@4) (sequence#1) with sequence#0 in current definition for 3 blocks
debug: Sealing block@5
debug: Terminated block@5
debug: Building IR for function _puya_lib.arc4.dynamic_array_pop_bit
debug: Sealing block@0
debug: Terminated block@0
debug: Building IR for function _puya_lib.arc4.dynamic_array_pop_fixed_size
debug: Sealing block@0
debug: Terminated block@0
debug: Building IR for function _puya_lib.arc4.dynamic_array_pop_byte_length_head
debug: Sealing block@0
debug: Terminated block@0
debug: Building IR for function _puya_lib.arc4.dynamic_array_pop_dynamic_element
debug: Sealing block@0
debug: Terminated block@0
debug: Looking for 'head_offset' in an unsealed block creating an incomplete Phi: block@1
debug: Created Phi assignment: let head_offset#1: uint64 = undefined while trying to resolve 'head_offset' in block@1
debug: Terminated block@1
debug: Sealing block@2
debug: Looking for 'head_and_tail' in an unsealed block creating an incomplete Phi: block@1
debug: Created Phi assignment: let head_and_tail#1: bytes = undefined while trying to resolve 'head_and_tail' in block@1
debug: Looking for 'new_head' in an unsealed block creating an incomplete Phi: block@1
debug: Created Phi assignment: let new_head#1: bytes = undefined while trying to resolve 'new_head' in block@1
debug: Terminated block@2
debug: Sealing block@3
debug: Terminated block@3
debug: Sealing block@1
debug: Added head_offset#0 to Phi node: let head_offset#1: uint64 = φ(head_offset#0 <- block@0) in block@0
debug: Added head_offset#2 to Phi node: let head_offset#1: uint64 = φ(head_offset#0 <- block@0, head_offset#2 <- block@3) in block@3
debug: Added head_and_tail#0 to Phi node: let head_and_tail#1: bytes = φ(head_and_tail#0 <- block@0) in block@0
debug: Added head_and_tail#1 to Phi node: let head_and_tail#1: bytes = φ(head_and_tail#0 <- block@0, head_and_tail#1 <- block@3) in block@3
debug: Replacing trivial Phi node: let head_and_tail#1: bytes = φ(head_and_tail#0 <- block@0, head_and_tail#1 <- block@3) (head_and_tail#1) with head_and_tail#0
debug: Deleting Phi assignment: let head_and_tail#1: bytes = φ(head_and_tail#0 <- block@0, head_and_tail#1 <- block@3)
debug: Replaced trivial Phi node: let head_and_tail#1: bytes = φ(head_and_tail#0 <- block@0, head_and_tail#1 <- block@3) (head_and_tail#1) with head_and_tail#0 in current definition for 3 blocks
debug: Added new_head#0 to Phi node: let new_head#1: bytes = φ(new_head#0 <- block@0) in block@0
debug: Added new_head#2 to Phi node: let new_head#1: bytes = φ(new_head#0 <- block@0, new_head#2 <- block@3) in block@3
debug: Sealing block@4
debug: Created Phi assignment: let length_minus_1#1: uint64 = undefined while trying to resolve 'length_minus_1' in block@1
debug: Added length_minus_1#0 to Phi node: let length_minus_1#1: uint64 = φ(length_minus_1#0 <- block@0) in block@0
debug: Added length_minus_1#1 to Phi node: let length_minus_1#1: uint64 = φ(length_minus_1#0 <- block@0, length_minus_1#1 <- block@3) in block@3
debug: Replacing trivial Phi node: let length_minus_1#1: uint64 = φ(length_minus_1#0 <- block@0, length_minus_1#1 <- block@3) (length_minus_1#1) with length_minus_1#0
debug: Deleting Phi assignment: let length_minus_1#1: uint64 = φ(length_minus_1#0 <- block@0, length_minus_1#1 <- block@3)
debug: Replaced trivial Phi node: let length_minus_1#1: uint64 = φ(length_minus_1#0 <- block@0, length_minus_1#1 <- block@3) (length_minus_1#1) with length_minus_1#0 in current definition for 3 blocks
debug: Created Phi assignment: let popped_header_offset#1: uint64 = undefined while trying to resolve 'popped_header_offset' in block@1
debug: Added popped_header_offset#0 to Phi node: let popped_header_offset#1: uint64 = φ(popped_header_offset#0 <- block@0) in block@0
debug: Added popped_header_offset#1 to Phi node: let popped_header_offset#1: uint64 = φ(popped_header_offset#0 <- block@0, popped_header_offset#1 <- block@3) in block@3
debug: Replacing trivial Phi node: let popped_header_offset#1: uint64 = φ(popped_header_offset#0 <- block@0, popped_header_offset#1 <- block@3) (popped_header_offset#1) with popped_header_offset#0
debug: Deleting Phi assignment: let popped_header_offset#1: uint64 = φ(popped_header_offset#0 <- block@0, popped_header_offset#1 <- block@3)
debug: Replaced trivial Phi node: let popped_header_offset#1: uint64 = φ(popped_header_offset#0 <- block@0, popped_header_offset#1 <- block@3) (popped_header_offset#1) with popped_header_offset#0 in current definition for 3 blocks
debug: Created Phi assignment: let popped_offset#1: uint64 = undefined while trying to resolve 'popped_offset' in block@1
debug: Added popped_offset#0 to Phi node: let popped_offset#1: uint64 = φ(popped_offset#0 <- block@0) in block@0
debug: Added popped_offset#1 to Phi node: let popped_offset#1: uint64 = φ(popped_offset#0 <- block@0, popped_offset#1 <- block@3) in block@3
debug: Replacing trivial Phi node: let popped_offset#1: uint64 = φ(popped_offset#0 <- block@0, popped_offset#1 <- block@3) (popped_offset#1) with popped_offset#0
debug: Deleting Phi assignment: let popped_offset#1: uint64 = φ(popped_offset#0 <- block@0, popped_offset#1 <- block@3)
debug: Replaced trivial Phi node: let popped_offset#1: uint64 = φ(popped_offset#0 <- block@0, popped_offset#1 <- block@3) (popped_offset#1) with popped_offset#0 in current definition for 3 blocks
debug: Created Phi assignment: let popped#1: bytes = undefined while trying to resolve 'popped' in block@1
debug: Added popped#0 to Phi node: let popped#1: bytes = φ(popped#0 <- block@0) in block@0
debug: Added popped#1 to Phi node: let popped#1: bytes = φ(popped#0 <- block@0, popped#1 <- block@3) in block@3
debug: Replacing trivial Phi node: let popped#1: bytes = φ(popped#0 <- block@0, popped#1 <- block@3) (popped#1) with popped#0
debug: Deleting Phi assignment: let popped#1: bytes = φ(popped#0 <- block@0, popped#1 <- block@3)
debug: Replaced trivial Phi node: let popped#1: bytes = φ(popped#0 <- block@0, popped#1 <- block@3) (popped#1) with popped#0 in current definition for 3 blocks
debug: Terminated block@4
debug: Building IR for function _puya_lib.arc4.dynamic_array_concat_bits
debug: Sealing block@0
debug: Terminated block@0
debug: Sealing block@1
debug: Terminated block@1
debug: Sealing block@2
debug: Created Phi assignment: let array_length#1: uint64 = undefined while trying to resolve 'array_length' in block@2
debug: Added array_length#0 to Phi node: let array_length#1: uint64 = φ(array_length#0 <- block@0) in block@0
debug: Added array_length#0 to Phi node: let array_length#1: uint64 = φ(array_length#0 <- block@0, array_length#0 <- block@1) in block@1
debug: Replacing trivial Phi node: let array_length#1: uint64 = φ(array_length#0 <- block@0, array_length#0 <- block@1) (array_length#1) with array_length#0
debug: Deleting Phi assignment: let array_length#1: uint64 = φ(array_length#0 <- block@0, array_length#0 <- block@1)
debug: Replaced trivial Phi node: let array_length#1: uint64 = φ(array_length#0 <- block@0, array_length#0 <- block@1) (array_length#1) with array_length#0 in current definition for 1 blocks
debug: Created Phi assignment: let new_items_count#1: uint64 = undefined while trying to resolve 'new_items_count' in block@2
debug: Added new_items_count#0 to Phi node: let new_items_count#1: uint64 = φ(new_items_count#0 <- block@0) in block@0
debug: Added new_items_count#0 to Phi node: let new_items_count#1: uint64 = φ(new_items_count#0 <- block@0, new_items_count#0 <- block@1) in block@1
debug: Replacing trivial Phi node: let new_items_count#1: uint64 = φ(new_items_count#0 <- block@0, new_items_count#0 <- block@1) (new_items_count#1) with new_items_count#0
debug: Deleting Phi assignment: let new_items_count#1: uint64 = φ(new_items_count#0 <- block@0, new_items_count#0 <- block@1)
debug: Replaced trivial Phi node: let new_items_count#1: uint64 = φ(new_items_count#0 <- block@0, new_items_count#0 <- block@1) (new_items_count#1) with new_items_count#0 in current definition for 1 blocks
debug: Terminated block@2
debug: Looking for 'write_offset' in an unsealed block creating an incomplete Phi: block@3
debug: Created Phi assignment: let write_offset#1: uint64 = undefined while trying to resolve 'write_offset' in block@3
debug: Looking for 'write_end' in an unsealed block creating an incomplete Phi: block@3
debug: Created Phi assignment: let write_end#1: uint64 = undefined while trying to resolve 'write_end' in block@3
debug: Terminated block@3
debug: Sealing block@4
debug: Looking for 'result' in an unsealed block creating an incomplete Phi: block@3
debug: Created Phi assignment: let result#2: bytes = undefined while trying to resolve 'result' in block@3
debug: Looking for 'new_items_bytes' in an unsealed block creating an incomplete Phi: block@3
debug: Created Phi assignment: let new_items_bytes#1: bytes = undefined while trying to resolve 'new_items_bytes' in block@3
debug: Looking for 'read_offset' in an unsealed block creating an incomplete Phi: block@3
debug: Created Phi assignment: let read_offset#1: uint64 = undefined while trying to resolve 'read_offset' in block@3
debug: Looking for 'read_step' in an unsealed block creating an incomplete Phi: block@3
debug: Created Phi assignment: let read_step#1: uint64 = undefined while trying to resolve 'read_step' in block@3
debug: Terminated block@4
debug: Sealing block@3
debug: Added write_offset#0 to Phi node: let write_offset#1: uint64 = φ(write_offset#0 <- block@2) in block@2
debug: Added write_offset#2 to Phi node: let write_offset#1: uint64 = φ(write_offset#0 <- block@2, write_offset#2 <- block@4) in block@4
debug: Added write_end#0 to Phi node: let write_end#1: uint64 = φ(write_end#0 <- block@2) in block@2
debug: Added write_end#1 to Phi node: let write_end#1: uint64 = φ(write_end#0 <- block@2, write_end#1 <- block@4) in block@4
debug: Replacing trivial Phi node: let write_end#1: uint64 = φ(write_end#0 <- block@2, write_end#1 <- block@4) (write_end#1) with write_end#0
debug: Deleting Phi assignment: let write_end#1: uint64 = φ(write_end#0 <- block@2, write_end#1 <- block@4)
debug: Replaced trivial Phi node: let write_end#1: uint64 = φ(write_end#0 <- block@2, write_end#1 <- block@4) (write_end#1) with write_end#0 in current definition for 2 blocks
debug: Created Phi assignment: let result#4: bytes = undefined while trying to resolve 'result' in block@2
debug: Added result#0 to Phi node: let result#4: bytes = φ(result#0 <- block@0) in block@0
debug: Added result#1 to Phi node: let result#4: bytes = φ(result#0 <- block@0, result#1 <- block@1) in block@1
debug: Added result#4 to Phi node: let result#2: bytes = φ(result#4 <- block@2) in block@2
debug: Added result#3 to Phi node: let result#2: bytes = φ(result#4 <- block@2, result#3 <- block@4) in block@4
debug: Created Phi assignment: let new_items_bytes#2: bytes = undefined while trying to resolve 'new_items_bytes' in block@2
debug: Added new_items_bytes#0 to Phi node: let new_items_bytes#2: bytes = φ(new_items_bytes#0 <- block@0) in block@0
debug: Added new_items_bytes#0 to Phi node: let new_items_bytes#2: bytes = φ(new_items_bytes#0 <- block@0, new_items_bytes#0 <- block@1) in block@1
debug: Replacing trivial Phi node: let new_items_bytes#2: bytes = φ(new_items_bytes#0 <- block@0, new_items_bytes#0 <- block@1) (new_items_bytes#2) with new_items_bytes#0
debug: Deleting Phi assignment: let new_items_bytes#2: bytes = φ(new_items_bytes#0 <- block@0, new_items_bytes#0 <- block@1)
debug: Replaced trivial Phi node: let new_items_bytes#2: bytes = φ(new_items_bytes#0 <- block@0, new_items_bytes#0 <- block@1) (new_items_bytes#2) with new_items_bytes#0 in current definition for 1 blocks
debug: Added new_items_bytes#0 to Phi node: let new_items_bytes#1: bytes = φ(new_items_bytes#0 <- block@2) in block@2
debug: Added new_items_bytes#1 to Phi node: let new_items_bytes#1: bytes = φ(new_items_bytes#0 <- block@2, new_items_bytes#1 <- block@4) in block@4
debug: Replacing trivial Phi node: let new_items_bytes#1: bytes = φ(new_items_bytes#0 <- block@2, new_items_bytes#1 <- block@4) (new_items_bytes#1) with new_items_bytes#0
debug: Deleting Phi assignment: let new_items_bytes#1: bytes = φ(new_items_bytes#0 <- block@2, new_items_bytes#1 <- block@4)
debug: Replaced trivial Phi node: let new_items_bytes#1: bytes = φ(new_items_bytes#0 <- block@2, new_items_bytes#1 <- block@4) (new_items_bytes#1) with new_items_bytes#0 in current definition for 2 blocks
debug: Added read_offset#0 to Phi node: let read_offset#1: uint64 = φ(read_offset#0 <- block@2) in block@2
debug: Added read_offset#2 to Phi node: let read_offset#1: uint64 = φ(read_offset#0 <- block@2, read_offset#2 <- block@4) in block@4
debug: Created Phi assignment: let read_step#2: uint64 = undefined while trying to resolve 'read_step' in block@2
debug: Added read_step#0 to Phi node: let read_step#2: uint64 = φ(read_step#0 <- block@0) in block@0
debug: Added read_step#0 to Phi node: let read_step#2: uint64 = φ(read_step#0 <- block@0, read_step#0 <- block@1) in block@1
debug: Replacing trivial Phi node: let read_step#2: uint64 = φ(read_step#0 <- block@0, read_step#0 <- block@1) (read_step#2) with read_step#0
debug: Deleting Phi assignment: let read_step#2: uint64 = φ(read_step#0 <- block@0, read_step#0 <- block@1)
debug: Replaced trivial Phi node: let read_step#2: uint64 = φ(read_step#0 <- block@0, read_step#0 <- block@1) (read_step#2) with read_step#0 in current definition for 1 blocks
debug: Added read_step#0 to Phi node: let read_step#1: uint64 = φ(read_step#0 <- block@2) in block@2
debug: Added read_step#1 to Phi node: let read_step#1: uint64 = φ(read_step#0 <- block@2, read_step#1 <- block@4) in block@4
debug: Replacing trivial Phi node: let read_step#1: uint64 = φ(read_step#0 <- block@2, read_step#1 <- block@4) (read_step#1) with read_step#0
debug: Deleting Phi assignment: let read_step#1: uint64 = φ(read_step#0 <- block@2, read_step#1 <- block@4)
debug: Replaced trivial Phi node: let read_step#1: uint64 = φ(read_step#0 <- block@2, read_step#1 <- block@4) (read_step#1) with read_step#0 in current definition for 2 blocks
debug: Sealing block@5
debug: Terminated block@5
debug: Building IR for function _puya_lib.arc4.dynamic_array_concat_byte_length_head
debug: Sealing block@0
debug: Terminated block@0
debug: Building IR for function _puya_lib.arc4.dynamic_array_concat_dynamic_element
debug: Sealing block@0
debug: Terminated block@0
debug: Looking for 'head_offset' in an unsealed block creating an incomplete Phi: block@1
debug: Created Phi assignment: let head_offset#1: uint64 = undefined while trying to resolve 'head_offset' in block@1
debug: Terminated block@1
debug: Sealing block@2
debug: Looking for 'array_head_and_tail' in an unsealed block creating an incomplete Phi: block@1
debug: Created Phi assignment: let array_head_and_tail#1: bytes = undefined while trying to resolve 'array_head_and_tail' in block@1
debug: Looking for 'new_head' in an unsealed block creating an incomplete Phi: block@1
debug: Created Phi assignment: let new_head#1: bytes = undefined while trying to resolve 'new_head' in block@1
debug: Looking for 'item_offset_adjustment' in an unsealed block creating an incomplete Phi: block@1
debug: Created Phi assignment: let item_offset_adjustment#1: uint64 = undefined while trying to resolve 'item_offset_adjustment' in block@1
debug: Terminated block@2
debug: Sealing block@3
debug: Terminated block@3
debug: Sealing block@1
debug: Added head_offset#0 to Phi node: let head_offset#1: uint64 = φ(head_offset#0 <- block@0) in block@0
debug: Added head_offset#2 to Phi node: let head_offset#1: uint64 = φ(head_offset#0 <- block@0, head_offset#2 <- block@3) in block@3
debug: Added array_head_and_tail#0 to Phi node: let array_head_and_tail#1: bytes = φ(array_head_and_tail#0 <- block@0) in block@0
debug: Added array_head_and_tail#1 to Phi node: let array_head_and_tail#1: bytes = φ(array_head_and_tail#0 <- block@0, array_head_and_tail#1 <- block@3) in block@3
debug: Replacing trivial Phi node: let array_head_and_tail#1: bytes = φ(array_head_and_tail#0 <- block@0, array_head_and_tail#1 <- block@3) (array_head_and_tail#1) with array_head_and_tail#0
debug: Deleting Phi assignment: let array_head_and_tail#1: bytes = φ(array_head_and_tail#0 <- block@0, array_head_and_tail#1 <- block@3)
debug: Replaced trivial Phi node: let array_head_and_tail#1: bytes = φ(array_head_and_tail#0 <- block@0, array_head_and_tail#1 <- block@3) (array_head_and_tail#1) with array_head_and_tail#0 in current definition for 3 blocks
debug: Added new_head#0 to Phi node: let new_head#1: bytes = φ(new_head#0 <- block@0) in block@0
debug: Added new_head#2 to Phi node: let new_head#1: bytes = φ(new_head#0 <- block@0, new_head#2 <- block@3) in block@3
debug: Added item_offset_adjustment#0 to Phi node: let item_offset_adjustment#1: uint64 = φ(item_offset_adjustment#0 <- block@0) in block@0
debug: Added item_offset_adjustment#1 to Phi node: let item_offset_adjustment#1: uint64 = φ(item_offset_adjustment#0 <- block@0, item_offset_adjustment#1 <- block@3) in block@3
debug: Replacing trivial Phi node: let item_offset_adjustment#1: uint64 = φ(item_offset_adjustment#0 <- block@0, item_offset_adjustment#1 <- block@3) (item_offset_adjustment#1) with item_offset_adjustment#0
debug: Deleting Phi assignment: let item_offset_adjustment#1: uint64 = φ(item_offset_adjustment#0 <- block@0, item_offset_adjustment#1 <- block@3)
debug: Replaced trivial Phi node: let item_offset_adjustment#1: uint64 = φ(item_offset_adjustment#0 <- block@0, item_offset_adjustment#1 <- block@3) (item_offset_adjustment#1) with item_offset_adjustment#0 in current definition for 3 blocks
debug: Sealing block@4
debug: Created Phi assignment: let new_items_count#1: uint64 = undefined while trying to resolve 'new_items_count' in block@1
debug: Added new_items_count#0 to Phi node: let new_items_count#1: uint64 = φ(new_items_count#0 <- block@0) in block@0
debug: Added new_items_count#1 to Phi node: let new_items_count#1: uint64 = φ(new_items_count#0 <- block@0, new_items_count#1 <- block@3) in block@3
debug: Replacing trivial Phi node: let new_items_count#1: uint64 = φ(new_items_count#0 <- block@0, new_items_count#1 <- block@3) (new_items_count#1) with new_items_count#0
debug: Deleting Phi assignment: let new_items_count#1: uint64 = φ(new_items_count#0 <- block@0, new_items_count#1 <- block@3)
debug: Replaced trivial Phi node: let new_items_count#1: uint64 = φ(new_items_count#0 <- block@0, new_items_count#1 <- block@3) (new_items_count#1) with new_items_count#0 in current definition for 3 blocks
debug: Terminated block@4
debug: Looking for 'head_offset' in an unsealed block creating an incomplete Phi: block@5
debug: Created Phi assignment: let head_offset#4: uint64 = undefined while trying to resolve 'head_offset' in block@5
debug: Terminated block@5
debug: Sealing block@6
debug: Looking for 'new_head_and_tail' in an unsealed block creating an incomplete Phi: block@5
debug: Created Phi assignment: let new_head_and_tail#1: bytes = undefined while trying to resolve 'new_head_and_tail' in block@5
debug: Looking for 'new_head' in an unsealed block creating an incomplete Phi: block@5
debug: Created Phi assignment: let new_head#3: bytes = undefined while trying to resolve 'new_head' in block@5
debug: Looking for 'item_offset_adjustment' in an unsealed block creating an incomplete Phi: block@5
debug: Created Phi assignment: let item_offset_adjustment#3: uint64 = undefined while trying to resolve 'item_offset_adjustment' in block@5
debug: Terminated block@6
debug: Sealing block@7
debug: Terminated block@7
debug: Sealing block@5
debug: Added head_offset#3 to Phi node: let head_offset#4: uint64 = φ(head_offset#3 <- block@4) in block@4
debug: Added head_offset#5 to Phi node: let head_offset#4: uint64 = φ(head_offset#3 <- block@4, head_offset#5 <- block@7) in block@7
debug: Created Phi assignment: let new_head_and_tail#2: bytes = undefined while trying to resolve 'new_head_and_tail' in block@1
debug: Added new_head_and_tail#0 to Phi node: let new_head_and_tail#2: bytes = φ(new_head_and_tail#0 <- block@0) in block@0
debug: Added new_head_and_tail#2 to Phi node: let new_head_and_tail#2: bytes = φ(new_head_and_tail#0 <- block@0, new_head_and_tail#2 <- block@3) in block@3
debug: Replacing trivial Phi node: let new_head_and_tail#2: bytes = φ(new_head_and_tail#0 <- block@0, new_head_and_tail#2 <- block@3) (new_head_and_tail#2) with new_head_and_tail#0
debug: Deleting Phi assignment: let new_head_and_tail#2: bytes = φ(new_head_and_tail#0 <- block@0, new_head_and_tail#2 <- block@3)
debug: Replaced trivial Phi node: let new_head_and_tail#2: bytes = φ(new_head_and_tail#0 <- block@0, new_head_and_tail#2 <- block@3) (new_head_and_tail#2) with new_head_and_tail#0 in current definition for 3 blocks
debug: Added new_head_and_tail#0 to Phi node: let new_head_and_tail#1: bytes = φ(new_head_and_tail#0 <- block@4) in block@4
debug: Added new_head_and_tail#1 to Phi node: let new_head_and_tail#1: bytes = φ(new_head_and_tail#0 <- block@4, new_head_and_tail#1 <- block@7) in block@7
debug: Replacing trivial Phi node: let new_head_and_tail#1: bytes = φ(new_head_and_tail#0 <- block@4, new_head_and_tail#1 <- block@7) (new_head_and_tail#1) with new_head_and_tail#0
debug: Deleting Phi assignment: let new_head_and_tail#1: bytes = φ(new_head_and_tail#0 <- block@4, new_head_and_tail#1 <- block@7)
debug: Replaced trivial Phi node: let new_head_and_tail#1: bytes = φ(new_head_and_tail#0 <- block@4, new_head_and_tail#1 <- block@7) (new_head_and_tail#1) with new_head_and_tail#0 in current definition for 3 blocks
debug: Added new_head#1 to Phi node: let new_head#3: bytes = φ(new_head#1 <- block@4) in block@4
debug: Added new_head#4 to Phi node: let new_head#3: bytes = φ(new_head#1 <- block@4, new_head#4 <- block@7) in block@7
debug: Added item_offset_adjustment#2 to Phi node: let item_offset_adjustment#3: uint64 = φ(item_offset_adjustment#2 <- block@4) in block@4
debug: Added item_offset_adjustment#3 to Phi node: let item_offset_adjustment#3: uint64 = φ(item_offset_adjustment#2 <- block@4, item_offset_adjustment#3 <- block@7) in block@7
debug: Replacing trivial Phi node: let item_offset_adjustment#3: uint64 = φ(item_offset_adjustment#2 <- block@4, item_offset_adjustment#3 <- block@7) (item_offset_adjustment#3) with item_offset_adjustment#2
debug: Deleting Phi assignment: let item_offset_adjustment#3: uint64 = φ(item_offset_adjustment#2 <- block@4, item_offset_adjustment#3 <- block@7)
debug: Replaced trivial Phi node: let item_offset_adjustment#3: uint64 = φ(item_offset_adjustment#2 <- block@4, item_offset_adjustment#3 <- block@7) (item_offset_adjustment#3) with item_offset_adjustment#2 in current definition for 3 blocks
debug: Sealing block@8
debug: Created Phi assignment: let array_items_count#1: uint64 = undefined while trying to resolve 'array_items_count' in block@5
debug: Created Phi assignment: let array_items_count#2: uint64 = undefined while trying to resolve 'array_items_count' in block@1
debug: Added array_items_count#0 to Phi node: let array_items_count#2: uint64 = φ(array_items_count#0 <- block@0) in block@0
debug: Added array_items_count#2 to Phi node: let array_items_count#2: uint64 = φ(array_items_count#0 <- block@0, array_items_count#2 <- block@3) in block@3
debug: Replacing trivial Phi node: let array_items_count#2: uint64 = φ(array_items_count#0 <- block@0, array_items_count#2 <- block@3) (array_items_count#2) with array_items_count#0
debug: Deleting Phi assignment: let array_items_count#2: uint64 = φ(array_items_count#0 <- block@0, array_items_count#2 <- block@3)
debug: Replaced trivial Phi node: let array_items_count#2: uint64 = φ(array_items_count#0 <- block@0, array_items_count#2 <- block@3) (array_items_count#2) with array_items_count#0 in current definition for 3 blocks
debug: Added array_items_count#0 to Phi node: let array_items_count#1: uint64 = φ(array_items_count#0 <- block@4) in block@4
debug: Added array_items_count#1 to Phi node: let array_items_count#1: uint64 = φ(array_items_count#0 <- block@4, array_items_count#1 <- block@7) in block@7
debug: Replacing trivial Phi node: let array_items_count#1: uint64 = φ(array_items_count#0 <- block@4, array_items_count#1 <- block@7) (array_items_count#1) with array_items_count#0
debug: Deleting Phi assignment: let array_items_count#1: uint64 = φ(array_items_count#0 <- block@4, array_items_count#1 <- block@7)
debug: Replaced trivial Phi node: let array_items_count#1: uint64 = φ(array_items_count#0 <- block@4, array_items_count#1 <- block@7) (array_items_count#1) with array_items_count#0 in current definition for 3 blocks
debug: Created Phi assignment: let new_items_count#2: uint64 = undefined while trying to resolve 'new_items_count' in block@5
debug: Added new_items_count#0 to Phi node: let new_items_count#2: uint64 = φ(new_items_count#0 <- block@4) in block@4
debug: Added new_items_count#2 to Phi node: let new_items_count#2: uint64 = φ(new_items_count#0 <- block@4, new_items_count#2 <- block@7) in block@7
debug: Replacing trivial Phi node: let new_items_count#2: uint64 = φ(new_items_count#0 <- block@4, new_items_count#2 <- block@7) (new_items_count#2) with new_items_count#0
debug: Deleting Phi assignment: let new_items_count#2: uint64 = φ(new_items_count#0 <- block@4, new_items_count#2 <- block@7)
debug: Replaced trivial Phi node: let new_items_count#2: uint64 = φ(new_items_count#0 <- block@4, new_items_count#2 <- block@7) (new_items_count#2) with new_items_count#0 in current definition for 3 blocks
debug: Created Phi assignment: let array_head_and_tail#2: bytes = undefined while trying to resolve 'array_head_and_tail' in block@5
debug: Added array_head_and_tail#0 to Phi node: let array_head_and_tail#2: bytes = φ(array_head_and_tail#0 <- block@4) in block@4
debug: Added array_head_and_tail#2 to Phi node: let array_head_and_tail#2: bytes = φ(array_head_and_tail#0 <- block@4, array_head_and_tail#2 <- block@7) in block@7
debug: Replacing trivial Phi node: let array_head_and_tail#2: bytes = φ(array_head_and_tail#0 <- block@4, array_head_and_tail#2 <- block@7) (array_head_and_tail#2) with array_head_and_tail#0
debug: Deleting Phi assignment: let array_head_and_tail#2: bytes = φ(array_head_and_tail#0 <- block@4, array_head_and_tail#2 <- block@7)
debug: Replaced trivial Phi node: let array_head_and_tail#2: bytes = φ(array_head_and_tail#0 <- block@4, array_head_and_tail#2 <- block@7) (array_head_and_tail#2) with array_head_and_tail#0 in current definition for 3 blocks
debug: Terminated block@8
debug: Building IR for function _puya_lib.arc4.dynamic_array_replace_byte_length_head
debug: Sealing block@0
debug: Terminated block@0
debug: Building IR for function _puya_lib.arc4.dynamic_array_replace_dynamic_element
debug: Sealing block@0
debug: Terminated block@0
debug: Building IR for function _puya_lib.arc4.static_array_replace_dynamic_element
debug: Sealing block@0
debug: Terminated block@0
debug: Looking for 'head_offset' in an unsealed block creating an incomplete Phi: block@1
debug: Created Phi assignment: let head_offset#1: uint64 = undefined while trying to resolve 'head_offset' in block@1
debug: Terminated block@1
debug: Sealing block@2
debug: Looking for 'new_head_and_tail' in an unsealed block creating an incomplete Phi: block@1
debug: Created Phi assignment: let new_head_and_tail#1: bytes = undefined while trying to resolve 'new_head_and_tail' in block@1
debug: Looking for 'new_item_length' in an unsealed block creating an incomplete Phi: block@1
debug: Created Phi assignment: let new_item_length#1: uint64 = undefined while trying to resolve 'new_item_length' in block@1
debug: Looking for 'original_item_length' in an unsealed block creating an incomplete Phi: block@1
debug: Created Phi assignment: let original_item_length#1: uint64 = undefined while trying to resolve 'original_item_length' in block@1
debug: Terminated block@2
debug: Sealing block@3
debug: Terminated block@3
debug: Sealing block@1
debug: Added head_offset#0 to Phi node: let head_offset#1: uint64 = φ(head_offset#0 <- block@0) in block@0
debug: Added head_offset#2 to Phi node: let head_offset#1: uint64 = φ(head_offset#0 <- block@0, head_offset#2 <- block@3) in block@3
debug: Added new_head_and_tail#0 to Phi node: let new_head_and_tail#1: bytes = φ(new_head_and_tail#0 <- block@0) in block@0
debug: Added new_head_and_tail#2 to Phi node: let new_head_and_tail#1: bytes = φ(new_head_and_tail#0 <- block@0, new_head_and_tail#2 <- block@3) in block@3
debug: Added new_item_length#0 to Phi node: let new_item_length#1: uint64 = φ(new_item_length#0 <- block@0) in block@0
debug: Added new_item_length#1 to Phi node: let new_item_length#1: uint64 = φ(new_item_length#0 <- block@0, new_item_length#1 <- block@3) in block@3
debug: Replacing trivial Phi node: let new_item_length#1: uint64 = φ(new_item_length#0 <- block@0, new_item_length#1 <- block@3) (new_item_length#1) with new_item_length#0
debug: Deleting Phi assignment: let new_item_length#1: uint64 = φ(new_item_length#0 <- block@0, new_item_length#1 <- block@3)
debug: Replaced trivial Phi node: let new_item_length#1: uint64 = φ(new_item_length#0 <- block@0, new_item_length#1 <- block@3) (new_item_length#1) with new_item_length#0 in current definition for 3 blocks
debug: Added original_item_length#0 to Phi node: let original_item_length#1: uint64 = φ(original_item_length#0 <- block@0) in block@0
debug: Added original_item_length#1 to Phi node: let original_item_length#1: uint64 = φ(original_item_length#0 <- block@0, original_item_length#1 <- block@3) in block@3
debug: Replacing trivial Phi node: let original_item_length#1: uint64 = φ(original_item_length#0 <- block@0, original_item_length#1 <- block@3) (original_item_length#1) with original_item_length#0
debug: Deleting Phi assignment: let original_item_length#1: uint64 = φ(original_item_length#0 <- block@0, original_item_length#1 <- block@3)
debug: Replaced trivial Phi node: let original_item_length#1: uint64 = φ(original_item_length#0 <- block@0, original_item_length#1 <- block@3) (original_item_length#1) with original_item_length#0 in current definition for 3 blocks
debug: Sealing block@4
debug: Terminated block@4
debug: Building IR for function _puya_lib.arc4.static_array_replace_byte_length_head
debug: Sealing block@0
debug: Terminated block@0
debug: Building IR for function _puya_lib.arc4.recalculate_head_for_elements_with_byte_length_head
debug: Sealing block@0
debug: Terminated block@0
debug: Looking for 'head_offset' in an unsealed block creating an incomplete Phi: block@1
debug: Created Phi assignment: let head_offset#1: uint64 = undefined while trying to resolve 'head_offset' in block@1
debug: Terminated block@1
debug: Sealing block@2
debug: Looking for 'tail_offset' in an unsealed block creating an incomplete Phi: block@1
debug: Created Phi assignment: let tail_offset#1: uint64 = undefined while trying to resolve 'tail_offset' in block@1
debug: Looking for 'array_head_and_tail' in an unsealed block creating an incomplete Phi: block@1
debug: Created Phi assignment: let array_head_and_tail#1: bytes = undefined while trying to resolve 'array_head_and_tail' in block@1
debug: Terminated block@2
debug: Sealing block@3
debug: Terminated block@3
debug: Sealing block@1
debug: Added head_offset#0 to Phi node: let head_offset#1: uint64 = φ(head_offset#0 <- block@0) in block@0
debug: Added head_offset#3 to Phi node: let head_offset#1: uint64 = φ(head_offset#0 <- block@0, head_offset#3 <- block@3) in block@3
debug: Added tail_offset#0 to Phi node: let tail_offset#1: uint64 = φ(tail_offset#0 <- block@0) in block@0
debug: Added tail_offset#2 to Phi node: let tail_offset#1: uint64 = φ(tail_offset#0 <- block@0, tail_offset#2 <- block@3) in block@3
debug: Added array_head_and_tail#0 to Phi node: let array_head_and_tail#1: bytes = φ(array_head_and_tail#0 <- block@0) in block@0
debug: Added array_head_and_tail#2 to Phi node: let array_head_and_tail#1: bytes = φ(array_head_and_tail#0 <- block@0, array_head_and_tail#2 <- block@3) in block@3
debug: Sealing block@4
debug: Terminated block@4
debug: Building IR for function examples.calculator.contract.itoa
debug: Sealing block@0
debug: Terminated block@0
debug: Sealing block@1
debug: Terminated block@1
debug: Sealing block@2
debug: Terminated block@2
debug: Building IR for function examples.calculator.contract.MyContract.__puya_arc4_router__
debug: Sealing block@0
debug: Terminated block@0
debug: Building IR for function examples.calculator.contract.MyContract.approval_program
debug: Sealing block@0
debug: Terminated block@0
debug: Sealing block@1
debug: Terminated block@1
debug: Sealing block@2
debug: Terminated block@2
debug: Sealing block@3
debug: Created Phi assignment: let action#2: uint64 = undefined while trying to resolve 'action' in block@3
debug: Added action#0 to Phi node: let action#2: uint64 = φ(action#0 <- block@1) in block@1
debug: Added action#1 to Phi node: let action#2: uint64 = φ(action#0 <- block@1, action#1 <- block@2) in block@2
debug: Created Phi assignment: let a#2: uint64 = undefined while trying to resolve 'a' in block@3
debug: Added a#0 to Phi node: let a#2: uint64 = φ(a#0 <- block@1) in block@1
debug: Added a#1 to Phi node: let a#2: uint64 = φ(a#0 <- block@1, a#1 <- block@2) in block@2
debug: Created Phi assignment: let b#2: uint64 = undefined while trying to resolve 'b' in block@3
debug: Added b#0 to Phi node: let b#2: uint64 = φ(b#0 <- block@1) in block@1
debug: Added b#1 to Phi node: let b#2: uint64 = φ(b#0 <- block@1, b#1 <- block@2) in block@2
debug: Terminated block@3
debug: Building IR for function examples.calculator.contract.MyContract.op
debug: Sealing block@0
debug: Terminated block@0
debug: Sealing block@1
debug: Terminated block@1
debug: Sealing block@2
debug: Terminated block@2
debug: Sealing block@3
debug: Terminated block@3
debug: Sealing block@4
debug: Terminated block@4
debug: Sealing block@5
debug: Terminated block@5
debug: Sealing block@6
debug: Terminated block@6
debug: Sealing block@7
debug: Terminated block@7
debug: Sealing block@8
debug: Terminated block@8
debug: Building IR for function examples.calculator.contract.MyContract.do_calc
debug: Sealing block@0
debug: Terminated block@0
debug: Sealing block@1
debug: Terminated block@1
debug: Sealing block@2
debug: Terminated block@2
debug: Sealing block@3
debug: Terminated block@3
debug: Sealing block@4
debug: Terminated block@4
debug: Sealing block@5
debug: Terminated block@5
debug: Sealing block@6
debug: Terminated block@6
debug: Sealing block@7
debug: Terminated block@7
debug: Sealing block@8
debug: Terminated block@8
debug: Building IR for function examples.calculator.contract.MyContract.add
debug: Sealing block@0
debug: Terminated block@0
debug: Building IR for function examples.calculator.contract.MyContract.sub
debug: Sealing block@0
debug: Terminated block@0
debug: Building IR for function examples.calculator.contract.MyContract.mul
debug: Sealing block@0
debug: Terminated block@0
debug: Building IR for function examples.calculator.contract.MyContract.div
debug: Sealing block@0
debug: Terminated block@0
debug: Building IR for function examples.calculator.contract.MyContract.clear_state_program
debug: Sealing block@0
debug: Terminated block@0
debug: Building IR for function algopy._contract.Contract.__init__
debug: Sealing block@0
debug: Terminated block@0
debug: Building IR for function examples.calculator.contract.MyContract.approval_program
debug: Sealing block@0
debug: Terminated block@0
debug: Sealing block@1
debug: Terminated block@1
debug: Sealing block@2
debug: Terminated block@2
debug: Sealing block@3
debug: Created Phi assignment: let action#2: uint64 = undefined while trying to resolve 'action' in block@3
debug: Added action#0 to Phi node: let action#2: uint64 = φ(action#0 <- block@1) in block@1
debug: Added action#1 to Phi node: let action#2: uint64 = φ(action#0 <- block@1, action#1 <- block@2) in block@2
debug: Created Phi assignment: let a#2: uint64 = undefined while trying to resolve 'a' in block@3
debug: Added a#0 to Phi node: let a#2: uint64 = φ(a#0 <- block@1) in block@1
debug: Added a#1 to Phi node: let a#2: uint64 = φ(a#0 <- block@1, a#1 <- block@2) in block@2
debug: Created Phi assignment: let b#2: uint64 = undefined while trying to resolve 'b' in block@3
debug: Added b#0 to Phi node: let b#2: uint64 = φ(b#0 <- block@1) in block@1
debug: Added b#1 to Phi node: let b#2: uint64 = φ(b#0 <- block@1, b#1 <- block@2) in block@2
debug: Terminated block@3
debug: removing unused subroutine _puya_lib.util.ensure_budget
debug: removing unused subroutine _puya_lib.bytes_.is_substring
debug: removing unused subroutine _puya_lib.arc4.dynamic_array_pop_bit
debug: removing unused subroutine _puya_lib.arc4.dynamic_array_pop_fixed_size
debug: removing unused subroutine _puya_lib.arc4.dynamic_array_pop_byte_length_head
debug: removing unused subroutine _puya_lib.arc4.dynamic_array_pop_dynamic_element
debug: removing unused subroutine _puya_lib.arc4.dynamic_array_concat_bits
debug: removing unused subroutine _puya_lib.arc4.dynamic_array_concat_byte_length_head
debug: removing unused subroutine _puya_lib.arc4.dynamic_array_concat_dynamic_element
debug: removing unused subroutine _puya_lib.arc4.dynamic_array_replace_byte_length_head
debug: removing unused subroutine _puya_lib.arc4.dynamic_array_replace_dynamic_element
debug: removing unused subroutine _puya_lib.arc4.static_array_replace_dynamic_element
debug: removing unused subroutine _puya_lib.arc4.static_array_replace_byte_length_head
debug: removing unused subroutine _puya_lib.arc4.recalculate_head_for_elements_with_byte_length_head
debug: removing unused subroutine examples.calculator.contract.MyContract.__puya_arc4_router__
debug: removing unused subroutine examples.calculator.contract.MyContract.approval_program
debug: removing unused subroutine examples.calculator.contract.MyContract.clear_state_program
debug: removing unused subroutine algopy._contract.Contract.__init__
debug: Building IR for function examples.calculator.contract.MyContract.clear_state_program
debug: Sealing block@0
debug: Terminated block@0
debug: removing unused subroutine _puya_lib.util.ensure_budget
debug: removing unused subroutine _puya_lib.bytes_.is_substring
debug: removing unused subroutine _puya_lib.arc4.dynamic_array_pop_bit
debug: removing unused subroutine _puya_lib.arc4.dynamic_array_pop_fixed_size
debug: removing unused subroutine _puya_lib.arc4.dynamic_array_pop_byte_length_head
debug: removing unused subroutine _puya_lib.arc4.dynamic_array_pop_dynamic_element
debug: removing unused subroutine _puya_lib.arc4.dynamic_array_concat_bits
debug: removing unused subroutine _puya_lib.arc4.dynamic_array_concat_byte_length_head
debug: removing unused subroutine _puya_lib.arc4.dynamic_array_concat_dynamic_element
debug: removing unused subroutine _puya_lib.arc4.dynamic_array_replace_byte_length_head
debug: removing unused subroutine _puya_lib.arc4.dynamic_array_replace_dynamic_element
debug: removing unused subroutine _puya_lib.arc4.static_array_replace_dynamic_element
debug: removing unused subroutine _puya_lib.arc4.static_array_replace_byte_length_head
debug: removing unused subroutine _puya_lib.arc4.recalculate_head_for_elements_with_byte_length_head
debug: removing unused subroutine examples.calculator.contract.itoa
debug: removing unused subroutine examples.calculator.contract.MyContract.__puya_arc4_router__
debug: removing unused subroutine examples.calculator.contract.MyContract.approval_program
debug: removing unused subroutine examples.calculator.contract.MyContract.op
debug: removing unused subroutine examples.calculator.contract.MyContract.do_calc
debug: removing unused subroutine examples.calculator.contract.MyContract.add
debug: removing unused subroutine examples.calculator.contract.MyContract.sub
debug: removing unused subroutine examples.calculator.contract.MyContract.mul
debug: removing unused subroutine examples.calculator.contract.MyContract.div
debug: removing unused subroutine examples.calculator.contract.MyContract.clear_state_program
debug: removing unused subroutine algopy._contract.Contract.__init__
debug: optimizing approval program of examples.calculator.contract.MyContract at level 0
debug: Begin optimization pass 1/100
calculator/contract.py:9 debug: function is auto-recursive: examples.calculator.contract.itoa
debug: Optimizing subroutine examples.calculator.contract.MyContract.approval_program
debug: Optimizer: Perform Subroutine Inlining
debug: Optimizer: Split Parallel Copies
debug: Optimizer: Constant Replacer
debug: Optimizer: Remove Unused Variables
debug: Optimizer: Inner Txn Field Replacer
debug: Optimizer: Replace Compiled References
debug: Optimizing subroutine examples.calculator.contract.itoa
debug: Optimizer: Perform Subroutine Inlining
debug: Optimizer: Split Parallel Copies
debug: Optimizer: Constant Replacer
debug: Optimizer: Remove Unused Variables
debug: Removing unused variable digits#0
debug: Optimizer: Inner Txn Field Replacer
debug: Optimizer: Replace Compiled References
debug: Optimizing subroutine examples.calculator.contract.MyContract.op
debug: Optimizer: Perform Subroutine Inlining
debug: Optimizer: Split Parallel Copies
debug: Optimizer: Constant Replacer
debug: Optimizer: Remove Unused Variables
debug: Optimizer: Inner Txn Field Replacer
debug: Optimizer: Replace Compiled References
debug: Optimizing subroutine examples.calculator.contract.MyContract.do_calc
debug: Optimizer: Perform Subroutine Inlining
debug: Optimizer: Split Parallel Copies
debug: Optimizer: Constant Replacer
debug: Optimizer: Remove Unused Variables
debug: Optimizer: Inner Txn Field Replacer
debug: Optimizer: Replace Compiled References
debug: Optimizing subroutine examples.calculator.contract.MyContract.add
debug: Optimizer: Perform Subroutine Inlining
debug: Optimizer: Split Parallel Copies
debug: Optimizer: Constant Replacer
debug: Optimizer: Remove Unused Variables
debug: Optimizer: Inner Txn Field Replacer
debug: Optimizer: Replace Compiled References
debug: Optimizing subroutine examples.calculator.contract.MyContract.sub
debug: Optimizer: Perform Subroutine Inlining
debug: Optimizer: Split Parallel Copies
debug: Optimizer: Constant Replacer
debug: Optimizer: Remove Unused Variables
debug: Optimizer: Inner Txn Field Replacer
debug: Optimizer: Replace Compiled References
debug: Optimizing subroutine examples.calculator.contract.MyContract.mul
debug: Optimizer: Perform Subroutine Inlining
debug: Optimizer: Split Parallel Copies
debug: Optimizer: Constant Replacer
debug: Optimizer: Remove Unused Variables
debug: Optimizer: Inner Txn Field Replacer
debug: Optimizer: Replace Compiled References
debug: Optimizing subroutine examples.calculator.contract.MyContract.div
debug: Optimizer: Perform Subroutine Inlining
debug: Optimizer: Split Parallel Copies
debug: Optimizer: Constant Replacer
debug: Optimizer: Remove Unused Variables
debug: Optimizer: Inner Txn Field Replacer
debug: Optimizer: Replace Compiled References
debug: Begin optimization pass 2/100
debug: Optimizing subroutine examples.calculator.contract.MyContract.approval_program
debug: Optimizer: Perform Subroutine Inlining
debug: Optimizer: Split Parallel Copies
debug: Optimizer: Constant Replacer
debug: Optimizer: Remove Unused Variables
debug: Optimizer: Inner Txn Field Replacer
debug: Optimizer: Replace Compiled References
debug: Optimizing subroutine examples.calculator.contract.itoa
debug: Optimizer: Perform Subroutine Inlining
debug: Optimizer: Split Parallel Copies
debug: Optimizer: Constant Replacer
debug: Optimizer: Remove Unused Variables
debug: Optimizer: Inner Txn Field Replacer
debug: Optimizer: Replace Compiled References
debug: Optimizing subroutine examples.calculator.contract.MyContract.op
debug: Optimizer: Perform Subroutine Inlining
debug: Optimizer: Split Parallel Copies
debug: Optimizer: Constant Replacer
debug: Optimizer: Remove Unused Variables
debug: Optimizer: Inner Txn Field Replacer
debug: Optimizer: Replace Compiled References
debug: Optimizing subroutine examples.calculator.contract.MyContract.do_calc
debug: Optimizer: Perform Subroutine Inlining
debug: Optimizer: Split Parallel Copies
debug: Optimizer: Constant Replacer
debug: Optimizer: Remove Unused Variables
debug: Optimizer: Inner Txn Field Replacer
debug: Optimizer: Replace Compiled References
debug: Optimizing subroutine examples.calculator.contract.MyContract.add
debug: Optimizer: Perform Subroutine Inlining
debug: Optimizer: Split Parallel Copies
debug: Optimizer: Constant Replacer
debug: Optimizer: Remove Unused Variables
debug: Optimizer: Inner Txn Field Replacer
debug: Optimizer: Replace Compiled References
debug: Optimizing subroutine examples.calculator.contract.MyContract.sub
debug: Optimizer: Perform Subroutine Inlining
debug: Optimizer: Split Parallel Copies
debug: Optimizer: Constant Replacer
debug: Optimizer: Remove Unused Variables
debug: Optimizer: Inner Txn Field Replacer
debug: Optimizer: Replace Compiled References
debug: Optimizing subroutine examples.calculator.contract.MyContract.mul
debug: Optimizer: Perform Subroutine Inlining
debug: Optimizer: Split Parallel Copies
debug: Optimizer: Constant Replacer
debug: Optimizer: Remove Unused Variables
debug: Optimizer: Inner Txn Field Replacer
debug: Optimizer: Replace Compiled References
debug: Optimizing subroutine examples.calculator.contract.MyContract.div
debug: Optimizer: Perform Subroutine Inlining
debug: Optimizer: Split Parallel Copies
debug: Optimizer: Constant Replacer
debug: Optimizer: Remove Unused Variables
debug: Optimizer: Inner Txn Field Replacer
debug: Optimizer: Replace Compiled References
debug: No optimizations performed in pass 2, ending loop
debug: optimizing clear program of examples.calculator.contract.MyContract at level 0
debug: Begin optimization pass 1/100
debug: Optimizing subroutine examples.calculator.contract.MyContract.clear_state_program
debug: Optimizer: Perform Subroutine Inlining
debug: Optimizer: Split Parallel Copies
debug: Optimizer: Constant Replacer
debug: Optimizer: Remove Unused Variables
debug: Optimizer: Inner Txn Field Replacer
debug: Optimizer: Replace Compiled References
debug: No optimizations performed in pass 1, ending loop
debug: lowering array IR nodes in approval program of examples.calculator.contract.MyContract
debug: lowering array IR nodes in clear program of examples.calculator.contract.MyContract
debug: optimizing approval program of examples.calculator.contract.MyContract at level 0
debug: Begin optimization pass 1/100
debug: Optimizing subroutine examples.calculator.contract.MyContract.approval_program
debug: Optimizer: Perform Subroutine Inlining
debug: Optimizer: Split Parallel Copies
debug: Optimizer: Constant Replacer
debug: Optimizer: Remove Unused Variables
debug: Optimizer: Inner Txn Field Replacer
debug: Optimizer: Replace Compiled References
debug: Optimizing subroutine examples.calculator.contract.itoa
debug: Optimizer: Perform Subroutine Inlining
debug: Optimizer: Split Parallel Copies
debug: Optimizer: Constant Replacer
debug: Optimizer: Remove Unused Variables
debug: Optimizer: Inner Txn Field Replacer
debug: Optimizer: Replace Compiled References
debug: Optimizing subroutine examples.calculator.contract.MyContract.op
debug: Optimizer: Perform Subroutine Inlining
debug: Optimizer: Split Parallel Copies
debug: Optimizer: Constant Replacer
debug: Optimizer: Remove Unused Variables
debug: Optimizer: Inner Txn Field Replacer
debug: Optimizer: Replace Compiled References
debug: Optimizing subroutine examples.calculator.contract.MyContract.do_calc
debug: Optimizer: Perform Subroutine Inlining
debug: Optimizer: Split Parallel Copies
debug: Optimizer: Constant Replacer
debug: Optimizer: Remove Unused Variables
debug: Optimizer: Inner Txn Field Replacer
debug: Optimizer: Replace Compiled References
debug: Optimizing subroutine examples.calculator.contract.MyContract.add
debug: Optimizer: Perform Subroutine Inlining
debug: Optimizer: Split Parallel Copies
debug: Optimizer: Constant Replacer
debug: Optimizer: Remove Unused Variables
debug: Optimizer: Inner Txn Field Replacer
debug: Optimizer: Replace Compiled References
debug: Optimizing subroutine examples.calculator.contract.MyContract.sub
debug: Optimizer: Perform Subroutine Inlining
debug: Optimizer: Split Parallel Copies
debug: Optimizer: Constant Replacer
debug: Optimizer: Remove Unused Variables
debug: Optimizer: Inner Txn Field Replacer
debug: Optimizer: Replace Compiled References
debug: Optimizing subroutine examples.calculator.contract.MyContract.mul
debug: Optimizer: Perform Subroutine Inlining
debug: Optimizer: Split Parallel Copies
debug: Optimizer: Constant Replacer
debug: Optimizer: Remove Unused Variables
debug: Optimizer: Inner Txn Field Replacer
debug: Optimizer: Replace Compiled References
debug: Optimizing subroutine examples.calculator.contract.MyContract.div
debug: Optimizer: Perform Subroutine Inlining
debug: Optimizer: Split Parallel Copies
debug: Optimizer: Constant Replacer
debug: Optimizer: Remove Unused Variables
debug: Optimizer: Inner Txn Field Replacer
debug: Optimizer: Replace Compiled References
debug: No optimizations performed in pass 1, ending loop
debug: optimizing clear program of examples.calculator.contract.MyContract at level 0
debug: Begin optimization pass 1/100
debug: Optimizing subroutine examples.calculator.contract.MyContract.clear_state_program
debug: Optimizer: Perform Subroutine Inlining
debug: Optimizer: Split Parallel Copies
debug: Optimizer: Constant Replacer
debug: Optimizer: Remove Unused Variables
debug: Optimizer: Inner Txn Field Replacer
debug: Optimizer: Replace Compiled References
debug: No optimizations performed in pass 1, ending loop
debug: removing local static slots in approval program of examples.calculator.contract.MyContract
calculator/contract.py:19 debug: auto reserving slots in examples.calculator.contract.MyContract.approval_program, []
calculator/contract.py:9 debug: auto reserving slots in examples.calculator.contract.itoa, []
calculator/contract.py:43 debug: auto reserving slots in examples.calculator.contract.MyContract.op, []
calculator/contract.py:56 debug: auto reserving slots in examples.calculator.contract.MyContract.do_calc, []
calculator/contract.py:69 debug: auto reserving slots in examples.calculator.contract.MyContract.add, []
calculator/contract.py:73 debug: auto reserving slots in examples.calculator.contract.MyContract.sub, []
calculator/contract.py:77 debug: auto reserving slots in examples.calculator.contract.MyContract.mul, []
calculator/contract.py:81 debug: auto reserving slots in examples.calculator.contract.MyContract.div, []
debug: Slot allocation not required
debug: removing local static slots in clear program of examples.calculator.contract.MyContract
calculator/contract.py:85 debug: auto reserving slots in examples.calculator.contract.MyContract.clear_state_program, []
debug: Slot allocation not required
debug: Performing SSA IR destructuring for examples.calculator.contract.MyContract.approval_program
debug: Converting to CSSA
debug: Removing Phi nodes
debug: Coalescing local variables in examples.calculator.contract.MyContract.approval_program using strategy 'root_operand'
debug: Coalescing a#0 with [a#5, a#1, a#2]
debug: Coalescing b#0 with [b#5, b#1, b#2]
debug: Coalescing action#0 with [action#5, action#1, action#2]
debug: Coalescing resulted in 24 replacement/s
debug: Sequentializing parallel copies in examples.calculator.contract.MyContract.approval_program
debug: loc: {action#0=action#0, a#0=a#0, b#0=b#0}
debug: pred: {action#0=action#0, a#0=a#0, b#0=b#0}
debug: ready: 
debug: to_do: action#0, a#0, b#0
debug: * to_do b#0
debug: * to_do a#0
debug: * to_do action#0
debug: loc: {action#0=action#0, a#0=a#0, b#0=b#0}
debug: pred: {action#0=action#0, a#0=a#0, b#0=b#0}
debug: ready: 
debug: to_do: action#0, a#0, b#0
debug: * to_do b#0
debug: * to_do a#0
debug: * to_do action#0
debug: loc: {action#0=action#0, a#0=a#0, b#0=b#0}
debug: pred: {action#0=action#0, a#0=a#0, b#0=b#0}
debug: ready: 
debug: to_do: action#0, a#0, b#0
debug: * to_do b#0
debug: * to_do a#0
debug: * to_do action#0
debug: Performing post-SSA optimizations at level 0
debug: Performing SSA IR destructuring for examples.calculator.contract.itoa
debug: Converting to CSSA
debug: Removing Phi nodes
debug: Coalescing local variables in examples.calculator.contract.itoa using strategy 'root_operand'
debug: Coalescing resulted in 0 replacement/s
debug: Sequentializing parallel copies in examples.calculator.contract.itoa
debug: Performing post-SSA optimizations at level 0
debug: Performing SSA IR destructuring for examples.calculator.contract.MyContract.op
debug: Converting to CSSA
debug: Removing Phi nodes
debug: Coalescing local variables in examples.calculator.contract.MyContract.op using strategy 'root_operand'
debug: Coalescing resulted in 0 replacement/s
debug: Sequentializing parallel copies in examples.calculator.contract.MyContract.op
debug: Performing post-SSA optimizations at level 0
debug: Performing SSA IR destructuring for examples.calculator.contract.MyContract.do_calc
debug: Converting to CSSA
debug: Removing Phi nodes
debug: Coalescing local variables in examples.calculator.contract.MyContract.do_calc using strategy 'root_operand'
debug: Coalescing resulted in 0 replacement/s
debug: Sequentializing parallel copies in examples.calculator.contract.MyContract.do_calc
debug: Performing post-SSA optimizations at level 0
debug: Performing SSA IR destructuring for examples.calculator.contract.MyContract.add
debug: Converting to CSSA
debug: Removing Phi nodes
debug: Coalescing local variables in examples.calculator.contract.MyContract.add using strategy 'root_operand'
debug: Coalescing resulted in 0 replacement/s
debug: Sequentializing parallel copies in examples.calculator.contract.MyContract.add
debug: Performing post-SSA optimizations at level 0
debug: Performing SSA IR destructuring for examples.calculator.contract.MyContract.sub
debug: Converting to CSSA
debug: Removing Phi nodes
debug: Coalescing local variables in examples.calculator.contract.MyContract.sub using strategy 'root_operand'
debug: Coalescing resulted in 0 replacement/s
debug: Sequentializing parallel copies in examples.calculator.contract.MyContract.sub
debug: Performing post-SSA optimizations at level 0
debug: Performing SSA IR destructuring for examples.calculator.contract.MyContract.mul
debug: Converting to CSSA
debug: Removing Phi nodes
debug: Coalescing local variables in examples.calculator.contract.MyContract.mul using strategy 'root_operand'
debug: Coalescing resulted in 0 replacement/s
debug: Sequentializing parallel copies in examples.calculator.contract.MyContract.mul
debug: Performing post-SSA optimizations at level 0
debug: Performing SSA IR destructuring for examples.calculator.contract.MyContract.div
debug: Converting to CSSA
debug: Removing Phi nodes
debug: Coalescing local variables in examples.calculator.contract.MyContract.div using strategy 'root_operand'
debug: Coalescing resulted in 0 replacement/s
debug: Sequentializing parallel copies in examples.calculator.contract.MyContract.div
debug: Performing post-SSA optimizations at level 0
debug: Output IR to calculator/out_unoptimized/MyContract.ir/MyContract.approval.400.destructured.ir
debug: Performing SSA IR destructuring for examples.calculator.contract.MyContract.clear_state_program
debug: Converting to CSSA
debug: Removing Phi nodes
debug: Coalescing local variables in examples.calculator.contract.MyContract.clear_state_program using strategy 'root_operand'
debug: Coalescing resulted in 0 replacement/s
debug: Sequentializing parallel copies in examples.calculator.contract.MyContract.clear_state_program
debug: Performing post-SSA optimizations at level 0
debug: Output IR to calculator/out_unoptimized/MyContract.ir/MyContract.clear.400.destructured.ir
debug: Inserted main_block@0.ops[1]: 'l-store-copy tmp%0#0 0'
debug: Replaced main_block@0.ops[3]: 'v-load tmp%0#0' with 'l-load tmp%0#0'
debug: Inserted main_block@0.ops[4]: 'l-store-copy num_args#0 0'
debug: Replaced main_block@0.ops[6]: 'v-load num_args#0' with 'l-load num_args#0'
debug: Inserted main_block@0.ops[9]: 'l-store-copy tmp%1#0 0'
debug: Replaced main_block@0.ops[11]: 'v-load tmp%1#0' with 'l-load tmp%1#0'
debug: Inserted main_if_body@1.ops[8]: 'l-store-copy tmp%2#0 0'
debug: Replaced main_if_body@1.ops[10]: 'v-load tmp%2#0' with 'l-load tmp%2#0'
debug: Inserted main_if_body@1.ops[14]: 'l-store-copy tmp%3#0 0'
debug: Replaced main_if_body@1.ops[16]: 'v-load tmp%3#0' with 'l-load tmp%3#0'
debug: Inserted main_else_body@2.ops[3]: 'l-store-copy tmp%4#0 0'
debug: Replaced main_else_body@2.ops[5]: 'v-load tmp%4#0' with 'l-load tmp%4#0'
debug: Inserted main_else_body@2.ops[8]: 'l-store-copy tmp%5#0 0'
debug: Replaced main_else_body@2.ops[10]: 'v-load tmp%5#0' with 'l-load tmp%5#0'
debug: Inserted main_else_body@2.ops[11]: 'l-store-copy action_b#0 0'
debug: Replaced main_else_body@2.ops[13]: 'v-load action_b#0' with 'l-load action_b#0'
debug: Inserted main_else_body@2.ops[15]: 'l-store-copy tmp%6#0 0'
debug: Replaced main_else_body@2.ops[17]: 'v-load tmp%6#0' with 'l-load tmp%6#0'
debug: Inserted main_else_body@2.ops[20]: 'l-store-copy tmp%7#0 0'
debug: Replaced main_else_body@2.ops[22]: 'v-load tmp%7#0' with 'l-load tmp%7#0'
debug: Inserted main_else_body@2.ops[25]: 'l-store-copy tmp%8#0 0'
debug: Replaced main_else_body@2.ops[27]: 'v-load tmp%8#0' with 'l-load tmp%8#0'
debug: Inserted main_else_body@2.ops[35]: 'l-store-copy tmp%9#0 0'
debug: Replaced main_else_body@2.ops[37]: 'v-load tmp%9#0' with 'l-load tmp%9#0'
debug: Inserted main_else_body@2.ops[41]: 'l-store-copy tmp%10#0 0'
debug: Replaced main_else_body@2.ops[43]: 'v-load tmp%10#0' with 'l-load tmp%10#0'
debug: Inserted main_else_body@2.ops[28]: 'l-store-copy b_bytes#0 0'
debug: Replaced main_else_body@2.ops[32]: 'v-load b_bytes#0' with 'l-load b_bytes#0'
debug: Inserted main_else_body@2.ops[31]: 'l-store-copy a_bytes#0 1'
debug: Replaced main_else_body@2.ops[35]: 'v-load a_bytes#0' with 'l-load a_bytes#0'
debug: Inserted main_else_body@2.ops[23]: 'l-store-copy a_bytes#0 0'
debug: Replaced main_else_body@2.ops[31]: 'v-load a_bytes#0' with 'l-load a_bytes#0'
debug: Inserted main_else_body@2.ops[35]: 'l-store-copy b_bytes#0 1'
debug: Replaced main_else_body@2.ops[43]: 'v-load b_bytes#0' with 'l-load b_bytes#0'
debug: Inserted main_after_if_else@3.ops[4]: 'l-store-copy tmp%11#0 0'
debug: Replaced main_after_if_else@3.ops[6]: 'v-load tmp%11#0' with 'l-load tmp%11#0'
debug: Inserted main_after_if_else@3.ops[24]: 'l-store-copy tmp%16#0 0'
debug: Replaced main_after_if_else@3.ops[26]: 'v-load tmp%16#0' with 'l-load tmp%16#0'
debug: Inserted main_after_if_else@3.ops[36]: 'l-store-copy tmp%19#0 0'
debug: Replaced main_after_if_else@3.ops[38]: 'v-load tmp%19#0' with 'l-load tmp%19#0'
debug: Inserted main_after_if_else@3.ops[39]: 'l-store-copy result_b#0 0'
debug: Replaced main_after_if_else@3.ops[41]: 'v-load result_b#0' with 'l-load result_b#0'
debug: Inserted main_after_if_else@3.ops[13]: 'l-store-copy tmp%13#0 0'
debug: Replaced main_after_if_else@3.ops[16]: 'v-load tmp%13#0' with 'l-load tmp%13#0'
debug: Inserted main_after_if_else@3.ops[21]: 'l-store-copy tmp%15#0 0'
debug: Replaced main_after_if_else@3.ops[24]: 'v-load tmp%15#0' with 'l-load tmp%15#0'
debug: Inserted main_after_if_else@3.ops[34]: 'l-store-copy tmp%18#0 0'
debug: Replaced main_after_if_else@3.ops[37]: 'v-load tmp%18#0' with 'l-load tmp%18#0'
debug: Inserted main_after_if_else@3.ops[10]: 'l-store-copy tmp%12#0 0'
debug: Replaced main_after_if_else@3.ops[16]: 'v-load tmp%12#0' with 'l-load tmp%12#0'
debug: Inserted main_after_if_else@3.ops[19]: 'l-store-copy tmp%14#0 0'
debug: Replaced main_after_if_else@3.ops[25]: 'v-load tmp%14#0' with 'l-load tmp%14#0'
debug: Inserted main_after_if_else@3.ops[33]: 'l-store-copy tmp%17#0 0'
debug: Replaced main_after_if_else@3.ops[39]: 'v-load tmp%17#0' with 'l-load tmp%17#0'
debug: Inserted main_after_if_else@3.ops[2]: 'l-store-copy a#0 1'
debug: Replaced main_after_if_else@3.ops[9]: 'v-load a#0' with 'l-load a#0'
debug: Inserted main_after_if_else@3.ops[1]: 'l-store-copy action#0 0'
debug: Replaced main_after_if_else@3.ops[14]: 'v-load action#0' with 'l-load action#0'
debug: Inserted main_after_if_else@3.ops[5]: 'l-store-copy b#0 4'
debug: Replaced main_after_if_else@3.ops[24]: 'v-load b#0' with 'l-load b#0'
debug: Inserted main_after_if_else@3.ops[10]: 'l-store-copy result#0 3'
debug: Replaced main_after_if_else@3.ops[39]: 'v-load result#0' with 'l-load result#0'
debug: Inserted itoa_block@0.ops[2]: 'l-store-copy tmp%0#0 0'
debug: Replaced itoa_block@0.ops[4]: 'v-load tmp%0#0' with 'l-load tmp%0#0'
debug: Inserted itoa_block@0.ops[9]: 'l-store-copy tmp%1#0 0'
debug: Replaced itoa_block@0.ops[11]: 'v-load tmp%1#0' with 'l-load tmp%1#0'
debug: Inserted itoa_block@0.ops[5]: 'l-store-copy radix#0 0'
debug: Replaced itoa_block@0.ops[8]: 'v-load radix#0' with 'l-load radix#0'
debug: Inserted itoa_if_body@1.ops[4]: 'l-store-copy extract%0#0 0'
debug: Replaced itoa_if_body@1.ops[6]: 'v-load extract%0#0' with 'l-load extract%0#0'
debug: Inserted itoa_after_if_else@2.ops[3]: 'l-store-copy tmp%2#0 0'
debug: Replaced itoa_after_if_else@2.ops[5]: 'v-load tmp%2#0' with 'l-load tmp%2#0'
debug: Inserted itoa_after_if_else@2.ops[20]: 'l-store-copy tmp%5#0 0'
debug: Replaced itoa_after_if_else@2.ops[22]: 'v-load tmp%5#0' with 'l-load tmp%5#0'
debug: Inserted itoa_after_if_else@2.ops[11]: 'l-store-copy tmp%4#0 0'
debug: Replaced itoa_after_if_else@2.ops[14]: 'v-load tmp%4#0' with 'l-load tmp%4#0'
debug: Inserted itoa_after_if_else@2.ops[17]: 'l-store-copy extract%1#0 0'
debug: Replaced itoa_after_if_else@2.ops[20]: 'v-load extract%1#0' with 'l-load extract%1#0'
debug: Inserted itoa_after_if_else@2.ops[2]: 'l-store-copy radix#0 1'
debug: Replaced itoa_after_if_else@2.ops[10]: 'v-load radix#0' with 'l-load radix#0'
debug: Inserted itoa_after_if_else@2.ops[8]: 'l-store-copy tmp%3#0 1'
debug: Replaced itoa_after_if_else@2.ops[21]: 'v-load tmp%3#0' with 'l-load tmp%3#0'
debug: Inserted op_block@0.ops[3]: 'l-store-copy tmp%0#0 0'
debug: Replaced op_block@0.ops[5]: 'v-load tmp%0#0' with 'l-load tmp%0#0'
debug: Inserted op_else_body@2.ops[3]: 'l-store-copy tmp%1#0 0'
debug: Replaced op_else_body@2.ops[5]: 'v-load tmp%1#0' with 'l-load tmp%1#0'
debug: Inserted op_else_body@4.ops[3]: 'l-store-copy tmp%2#0 0'
debug: Replaced op_else_body@4.ops[5]: 'v-load tmp%2#0' with 'l-load tmp%2#0'
debug: Inserted op_else_body@6.ops[3]: 'l-store-copy tmp%3#0 0'
debug: Replaced op_else_body@6.ops[5]: 'v-load tmp%3#0' with 'l-load tmp%3#0'
debug: Inserted do_calc_block@0.ops[3]: 'l-store-copy tmp%0#0 0'
debug: Replaced do_calc_block@0.ops[5]: 'v-load tmp%0#0' with 'l-load tmp%0#0'
debug: Inserted do_calc_if_body@1.ops[3]: 'l-store-copy tmp%1#0 0'
debug: Replaced do_calc_if_body@1.ops[5]: 'v-load tmp%1#0' with 'l-load tmp%1#0'
debug: Inserted do_calc_else_body@2.ops[3]: 'l-store-copy tmp%2#0 0'
debug: Replaced do_calc_else_body@2.ops[5]: 'v-load tmp%2#0' with 'l-load tmp%2#0'
debug: Inserted do_calc_if_body@3.ops[3]: 'l-store-copy tmp%3#0 0'
debug: Replaced do_calc_if_body@3.ops[5]: 'v-load tmp%3#0' with 'l-load tmp%3#0'
debug: Inserted do_calc_else_body@4.ops[3]: 'l-store-copy tmp%4#0 0'
debug: Replaced do_calc_else_body@4.ops[5]: 'v-load tmp%4#0' with 'l-load tmp%4#0'
debug: Inserted do_calc_if_body@5.ops[3]: 'l-store-copy tmp%5#0 0'
debug: Replaced do_calc_if_body@5.ops[5]: 'v-load tmp%5#0' with 'l-load tmp%5#0'
debug: Inserted do_calc_else_body@6.ops[3]: 'l-store-copy tmp%6#0 0'
debug: Replaced do_calc_else_body@6.ops[5]: 'v-load tmp%6#0' with 'l-load tmp%6#0'
debug: Inserted do_calc_if_body@7.ops[3]: 'l-store-copy tmp%7#0 0'
debug: Replaced do_calc_if_body@7.ops[5]: 'v-load tmp%7#0' with 'l-load tmp%7#0'
debug: Inserted add_block@0.ops[3]: 'l-store-copy tmp%0#0 0'
debug: Replaced add_block@0.ops[5]: 'v-load tmp%0#0' with 'l-load tmp%0#0'
debug: Inserted sub_block@0.ops[3]: 'l-store-copy tmp%0#0 0'
debug: Replaced sub_block@0.ops[5]: 'v-load tmp%0#0' with 'l-load tmp%0#0'
debug: Inserted mul_block@0.ops[3]: 'l-store-copy tmp%0#0 0'
debug: Replaced mul_block@0.ops[5]: 'v-load tmp%0#0' with 'l-load tmp%0#0'
debug: Inserted div_block@0.ops[3]: 'l-store-copy tmp%0#0 0'
debug: Replaced div_block@0.ops[5]: 'v-load tmp%0#0' with 'l-load tmp%0#0'
debug: examples.calculator.contract.MyContract.approval_program f-stack entry: ['a#0', 'action#0', 'b#0']
debug: examples.calculator.contract.MyContract.approval_program f-stack on first store: ['num_args#0']
debug: examples.calculator.contract.itoa f-stack entry: []
debug: examples.calculator.contract.itoa f-stack on first store: ['radix#0']
calculator/contract.py:19 debug: optimizing TEAL subroutine ops examples.calculator.contract.MyContract.approval_program() -> uint64:
calculator/contract.py:9 debug: optimizing TEAL subroutine ops examples.calculator.contract.itoa(i: uint64) -> bytes:
calculator/contract.py:43 debug: optimizing TEAL subroutine ops examples.calculator.contract.MyContract.op(action: uint64) -> bytes:
calculator/contract.py:56 debug: optimizing TEAL subroutine ops examples.calculator.contract.MyContract.do_calc(maybe_action: uint64, a: uint64, b: uint64) -> uint64:
calculator/contract.py:69 debug: optimizing TEAL subroutine ops examples.calculator.contract.MyContract.add(a: uint64, b: uint64) -> uint64:
calculator/contract.py:73 debug: optimizing TEAL subroutine ops examples.calculator.contract.MyContract.sub(a: uint64, b: uint64) -> uint64:
calculator/contract.py:77 debug: optimizing TEAL subroutine ops examples.calculator.contract.MyContract.mul(a: uint64, b: uint64) -> uint64:
calculator/contract.py:81 debug: optimizing TEAL subroutine ops examples.calculator.contract.MyContract.div(a: uint64, b: uint64) -> uint64:
calculator/contract.py:85 debug: optimizing TEAL subroutine ops examples.calculator.contract.MyContract.clear_state_program() -> uint64:
info: Writing calculator/out_unoptimized/MyContract.approval.teal
info: Writing calculator/out_unoptimized/MyContract.clear.teal
info: Writing calculator/out_unoptimized/MyContract.approval.bin
info: Writing calculator/out_unoptimized/MyContract.clear.bin
info: Writing calculator/out_unoptimized/MyContract.approval.stats.txt
info: Writing calculator/out_unoptimized/MyContract.clear.stats.txt
info: Writing calculator/out_unoptimized/MyContract.approval.puya.map
info: Writing calculator/out_unoptimized/MyContract.clear.puya.map