>> poetry run puyapy -O1 --output-ssa-ir --output-optimization-ir --output-final-ir --output-cssa-ir --output-post-ssa-ir --output-parallel-copies-ir --out-dir=out --debug-level=1 --log-level=debug hello_world
debug: Building AWST for __init__.py
debug: Building AWST for hello_world
debug: Building AWST for embedded puyapy lib at <puya>/puyapy.py
debug: Building AWST for hello_world/contract.py
debug: Building AWST for hello_world/arc4_contract.py
debug: Sealing block@0: // L5
debug: Terminated block@0: // L5
debug: Sealing block@0: // L10
debug: Terminated block@0: // L10
debug: Sealing block@0: // L7
debug: Terminated block@0: // L7
debug: Sealing block@0: // L5
debug: Terminated block@0: // L5
debug: Sealing block@None: // abi_routing_L5
debug: Sealing block@None: // bare_routing_L5
debug: Terminated block@1: // abi_routing_L5
debug: Sealing block@None: // switch_case_default_L5
debug: Sealing block@None: // say_hello_route_L6
debug: Terminated block@2: // say_hello_route_L6
debug: Terminated block@3: // switch_case_default_L5
debug: Sealing block@4: // switch_case_next_L5
debug: Terminated block@4: // switch_case_next_L5
debug: Terminated block@5: // bare_routing_L5
debug: Sealing block@None: // reject_bare_on_completion_L5
debug: Sealing block@None: // create_L5
debug: Terminated block@6: // create_L5
debug: Terminated block@7: // reject_bare_on_completion_L5
debug: Sealing block@None: // switch_case_next_L5
debug: Sealing block@8: // after_if_else_L5
debug: Terminated block@8: // after_if_else_L5
debug: Sealing block@0: // L5
debug: Terminated block@0: // L5
debug: Output IR to <git root>/examples/hello_world/out/arc4_contract_HelloWorldContract.ssa.ir
info: Optimizing examples.hello_world.arc4_contract.HelloWorldContract at level 1
debug: Begin optimization pass 1/100
debug: Optimizing subroutine examples.hello_world.arc4_contract.HelloWorldContract.approval_program
debug: Splitting parallel copies prior to optimization
debug: Optimizer: Arithmetic Simplification
debug: Optimizer: Constant Replacer
debug: Optimizer: Copy Propagation
debug: Optimizer: Intrinsic Simplifier
debug: Optimizer: Remove Unused Variables
debug: Optimizer: Simplify Conditional Branches
debug: Switch switch tmp%8#0 {0u => block@6, * => block@7} simplified to goto [block@6, ...block@7][tmp%8#0]
debug: Optimizer: Remove Linear Jump
debug: Replaced predecessor block@4: // switch_case_next_L5 with block@3: // switch_case_default_L5 in block@8: // after_if_else_L5
debug: Merged linear block@4: // switch_case_next_L5 into block@3: // switch_case_default_L5
debug: Merged linear block@8: // after_if_else_L5 into block@3: // switch_case_default_L5
debug: Optimizer: Remove Empty Blocks
debug: Optimizer: Remove Unreachable Blocks
debug: Optimizing subroutine examples.hello_world.arc4_contract.HelloWorldContract.say_hello
debug: Splitting parallel copies prior to optimization
debug: Optimizer: Arithmetic Simplification
debug: Optimizer: Constant Replacer
debug: Optimizer: Copy Propagation
debug: Optimizer: Intrinsic Simplifier
debug: Optimizer: Remove Unused Variables
debug: Optimizer: Simplify Conditional Branches
debug: Optimizer: Remove Linear Jump
debug: Optimizer: Remove Empty Blocks
debug: Optimizer: Remove Unreachable Blocks
debug: Optimizing subroutine examples.hello_world.arc4_contract.HelloWorldContract.clear_state_program
debug: Splitting parallel copies prior to optimization
debug: Optimizer: Arithmetic Simplification
debug: Optimizer: Constant Replacer
debug: Optimizer: Copy Propagation
debug: Optimizer: Intrinsic Simplifier
debug: Optimizer: Remove Unused Variables
debug: Optimizer: Simplify Conditional Branches
debug: Optimizer: Remove Linear Jump
debug: Optimizer: Remove Empty Blocks
debug: Optimizer: Remove Unreachable Blocks
debug: Output IR to <git root>/examples/hello_world/out/arc4_contract_HelloWorldContract.ssa.opt_pass_1.ir
debug: Begin optimization pass 2/100
debug: Optimizing subroutine examples.hello_world.arc4_contract.HelloWorldContract.approval_program
debug: Optimizer: Arithmetic Simplification
debug: Optimizer: Constant Replacer
debug: Optimizer: Copy Propagation
debug: Optimizer: Intrinsic Simplifier
debug: Optimizer: Remove Unused Variables
debug: Optimizer: Simplify Conditional Branches
debug: GotoNth goto [block@6, ...block@7][tmp%8#0] simplified to goto tmp%8#0 ? block@7 : block@6
debug: Optimizer: Remove Linear Jump
debug: Optimizer: Remove Empty Blocks
debug: Optimizer: Remove Unreachable Blocks
debug: Optimizing subroutine examples.hello_world.arc4_contract.HelloWorldContract.say_hello
debug: Optimizer: Arithmetic Simplification
debug: Optimizer: Constant Replacer
debug: Optimizer: Copy Propagation
debug: Optimizer: Intrinsic Simplifier
debug: Optimizer: Remove Unused Variables
debug: Optimizer: Simplify Conditional Branches
debug: Optimizer: Remove Linear Jump
debug: Optimizer: Remove Empty Blocks
debug: Optimizer: Remove Unreachable Blocks
debug: Optimizing subroutine examples.hello_world.arc4_contract.HelloWorldContract.clear_state_program
debug: Optimizer: Arithmetic Simplification
debug: Optimizer: Constant Replacer
debug: Optimizer: Copy Propagation
debug: Optimizer: Intrinsic Simplifier
debug: Optimizer: Remove Unused Variables
debug: Optimizer: Simplify Conditional Branches
debug: Optimizer: Remove Linear Jump
debug: Optimizer: Remove Empty Blocks
debug: Optimizer: Remove Unreachable Blocks
debug: Output IR to <git root>/examples/hello_world/out/arc4_contract_HelloWorldContract.ssa.opt_pass_2.ir
debug: Begin optimization pass 3/100
debug: Optimizing subroutine examples.hello_world.arc4_contract.HelloWorldContract.approval_program
debug: Optimizer: Arithmetic Simplification
debug: Optimizer: Constant Replacer
debug: Optimizer: Copy Propagation
debug: Optimizer: Intrinsic Simplifier
debug: Optimizer: Remove Unused Variables
debug: Optimizer: Simplify Conditional Branches
debug: Optimizer: Remove Linear Jump
debug: Optimizer: Remove Empty Blocks
debug: Optimizer: Remove Unreachable Blocks
debug: Optimizing subroutine examples.hello_world.arc4_contract.HelloWorldContract.say_hello
debug: Optimizer: Arithmetic Simplification
debug: Optimizer: Constant Replacer
debug: Optimizer: Copy Propagation
debug: Optimizer: Intrinsic Simplifier
debug: Optimizer: Remove Unused Variables
debug: Optimizer: Simplify Conditional Branches
debug: Optimizer: Remove Linear Jump
debug: Optimizer: Remove Empty Blocks
debug: Optimizer: Remove Unreachable Blocks
debug: Optimizing subroutine examples.hello_world.arc4_contract.HelloWorldContract.clear_state_program
debug: Optimizer: Arithmetic Simplification
debug: Optimizer: Constant Replacer
debug: Optimizer: Copy Propagation
debug: Optimizer: Intrinsic Simplifier
debug: Optimizer: Remove Unused Variables
debug: Optimizer: Simplify Conditional Branches
debug: Optimizer: Remove Linear Jump
debug: Optimizer: Remove Empty Blocks
debug: Optimizer: Remove Unreachable Blocks
debug: No optimizations performed in pass 3, ending loop
debug: Output IR to <git root>/examples/hello_world/out/arc4_contract_HelloWorldContract.cssa.ir
debug: Removing Phis from examples.hello_world.arc4_contract.HelloWorldContract.approval_program
debug: Removing Phis from examples.hello_world.arc4_contract.HelloWorldContract.say_hello
debug: Removing Phis from examples.hello_world.arc4_contract.HelloWorldContract.clear_state_program
debug: Output IR to <git root>/examples/hello_world/out/arc4_contract_HelloWorldContract.post_ssa.ir
debug: Sequentializing parallel copies in examples.hello_world.arc4_contract.HelloWorldContract.approval_program
debug: Sequentializing parallel copies in examples.hello_world.arc4_contract.HelloWorldContract.say_hello
debug: Sequentializing parallel copies in examples.hello_world.arc4_contract.HelloWorldContract.clear_state_program
debug: Output IR to <git root>/examples/hello_world/out/arc4_contract_HelloWorldContract.parallel_copies.ir
debug: Coalescing local variables in examples.hello_world.arc4_contract.HelloWorldContract.approval_program using strategy RootOperandGrouping
debug: Coalescing resulted in 0 replacement/s
debug: Coalescing local variables in examples.hello_world.arc4_contract.HelloWorldContract.say_hello using strategy RootOperandGrouping
debug: Coalescing resulted in 0 replacement/s
debug: Coalescing local variables in examples.hello_world.arc4_contract.HelloWorldContract.clear_state_program using strategy RootOperandGrouping
debug: Coalescing resulted in 0 replacement/s
debug: Output IR to <git root>/examples/hello_world/out/arc4_contract_HelloWorldContract.final.ir
debug: Inserted main_block@0.ops[1]: 'store tmp%0#0 to l-stack (copy)'
debug: Replaced main_block@0.ops[3]: 'load tmp%0#0' with 'load tmp%0#0 from l-stack (no copy)'
debug: Inserted main_abi_routing@1.ops[1]: 'store tmp%1#0 to l-stack (copy)'
debug: Replaced main_abi_routing@1.ops[4]: 'load tmp%1#0' with 'load tmp%1#0 from l-stack (no copy)'
debug: Inserted main_say_hello_route@2.ops[1]: 'store tmp%2#0 to l-stack (copy)'
debug: Replaced main_say_hello_route@2.ops[3]: 'load tmp%2#0' with 'load tmp%2#0 from l-stack (no copy)'
debug: Inserted main_say_hello_route@2.ops[5]: 'store tmp%3#0 to l-stack (copy)'
debug: Replaced main_say_hello_route@2.ops[7]: 'load tmp%3#0' with 'load tmp%3#0 from l-stack (no copy)'
debug: Inserted main_say_hello_route@2.ops[10]: 'store tmp%4#0 to l-stack (copy)'
debug: Replaced main_say_hello_route@2.ops[12]: 'load tmp%4#0' with 'load tmp%4#0 from l-stack (no copy)'
debug: Inserted main_say_hello_route@2.ops[15]: 'store tmp%5#0 to l-stack (copy)'
debug: Replaced main_say_hello_route@2.ops[17]: 'load tmp%5#0' with 'load tmp%5#0 from l-stack (no copy)'
debug: Inserted main_say_hello_route@2.ops[23]: 'store tmp%7#0 to l-stack (copy)'
debug: Replaced main_say_hello_route@2.ops[25]: 'load tmp%7#0' with 'load tmp%7#0 from l-stack (no copy)'
debug: Inserted main_say_hello_route@2.ops[19]: 'store tmp%6#0 to l-stack (copy)'
debug: Replaced main_say_hello_route@2.ops[22]: 'load tmp%6#0' with 'load tmp%6#0 from l-stack (no copy)'
debug: Inserted main_bare_routing@5.ops[1]: 'store tmp%8#0 to l-stack (copy)'
debug: Replaced main_bare_routing@5.ops[3]: 'load tmp%8#0' with 'load tmp%8#0 from l-stack (no copy)'
debug: Inserted main_create@6.ops[1]: 'store tmp%9#0 to l-stack (copy)'
debug: Replaced main_create@6.ops[3]: 'load tmp%9#0' with 'load tmp%9#0 from l-stack (no copy)'
debug: Inserted main_create@6.ops[5]: 'store tmp%10#0 to l-stack (copy)'
debug: Replaced main_create@6.ops[7]: 'load tmp%10#0' with 'load tmp%10#0 from l-stack (no copy)'
debug: Found 3 edge set/s for examples.hello_world.arc4_contract.HelloWorldContract.approval_program
debug: Simplified txna ApplicationArgs 0; method "say_hello(string)string"; swap to method "say_hello(string)string"; txna ApplicationArgs 0
debug: Inserted say_hello_block@0.ops[6]: 'store tmp%1#0 to l-stack (copy)'
debug: Replaced say_hello_block@0.ops[8]: 'load tmp%1#0' with 'load tmp%1#0 from l-stack (no copy)'
debug: Inserted say_hello_block@0.ops[10]: 'store length%2#0 to l-stack (copy)'
debug: Replaced say_hello_block@0.ops[12]: 'load length%2#0' with 'load length%2#0 from l-stack (no copy)'
debug: Inserted say_hello_block@0.ops[14]: 'store value_as_bytes%3#0 to l-stack (copy)'
debug: Replaced say_hello_block@0.ops[16]: 'load value_as_bytes%3#0' with 'load value_as_bytes%3#0 from l-stack (no copy)'
debug: Inserted say_hello_block@0.ops[18]: 'store value_as_uint16%4#0 to l-stack (copy)'
debug: Replaced say_hello_block@0.ops[20]: 'load value_as_uint16%4#0' with 'load value_as_uint16%4#0 from l-stack (no copy)'
debug: Inserted say_hello_block@0.ops[23]: 'store tmp%5#0 to l-stack (copy)'
debug: Replaced say_hello_block@0.ops[25]: 'load tmp%5#0' with 'load tmp%5#0 from l-stack (no copy)'
debug: Inserted say_hello_block@0.ops[2]: 'store tmp%0#0 to l-stack (copy)'
debug: Replaced say_hello_block@0.ops[5]: 'load tmp%0#0' with 'load tmp%0#0 from l-stack (no copy)'
debug: Inserted say_hello_block@0.ops[10]: 'store tmp%1#0 to l-stack (copy)'
debug: Replaced say_hello_block@0.ops[23]: 'load tmp%1#0' with 'load tmp%1#0 from l-stack (no copy)'
debug: Output IR to <git root>/examples/hello_world/out/contract_HelloWorldContract.ssa.ir
info: Optimizing examples.hello_world.contract.HelloWorldContract at level 1
debug: Begin optimization pass 1/100
debug: Optimizing subroutine examples.hello_world.contract.HelloWorldContract.approval_program
debug: Splitting parallel copies prior to optimization
debug: Optimizer: Arithmetic Simplification
debug: Optimizer: Constant Replacer
debug: Optimizer: Copy Propagation
debug: Optimizer: Intrinsic Simplifier
debug: Optimizer: Remove Unused Variables
debug: Optimizer: Simplify Conditional Branches
debug: Optimizer: Remove Linear Jump
debug: Optimizer: Remove Empty Blocks
debug: Optimizer: Remove Unreachable Blocks
debug: Optimizing subroutine examples.hello_world.contract.HelloWorldContract.clear_state_program
debug: Splitting parallel copies prior to optimization
debug: Optimizer: Arithmetic Simplification
debug: Optimizer: Constant Replacer
debug: Optimizer: Copy Propagation
debug: Optimizer: Intrinsic Simplifier
debug: Optimizer: Remove Unused Variables
debug: Optimizer: Simplify Conditional Branches
debug: Optimizer: Remove Linear Jump
debug: Optimizer: Remove Empty Blocks
debug: Optimizer: Remove Unreachable Blocks
debug: No optimizations performed in pass 1, ending loop
debug: Output IR to <git root>/examples/hello_world/out/contract_HelloWorldContract.cssa.ir
debug: Removing Phis from examples.hello_world.contract.HelloWorldContract.approval_program
debug: Removing Phis from examples.hello_world.contract.HelloWorldContract.clear_state_program
debug: Output IR to <git root>/examples/hello_world/out/contract_HelloWorldContract.post_ssa.ir
debug: Sequentializing parallel copies in examples.hello_world.contract.HelloWorldContract.approval_program
debug: Sequentializing parallel copies in examples.hello_world.contract.HelloWorldContract.clear_state_program
debug: Output IR to <git root>/examples/hello_world/out/contract_HelloWorldContract.parallel_copies.ir
debug: Coalescing local variables in examples.hello_world.contract.HelloWorldContract.approval_program using strategy RootOperandGrouping
debug: Coalescing resulted in 0 replacement/s
debug: Coalescing local variables in examples.hello_world.contract.HelloWorldContract.clear_state_program using strategy RootOperandGrouping
debug: Coalescing resulted in 0 replacement/s
debug: Output IR to <git root>/examples/hello_world/out/contract_HelloWorldContract.final.ir
debug: Inserted main_block@0.ops[5]: 'store tmp%0#0 to l-stack (copy)'
debug: Replaced main_block@0.ops[7]: 'load tmp%0#0' with 'load tmp%0#0 from l-stack (no copy)'
debug: Inserted main_block@0.ops[1]: 'store name#0 to l-stack (copy)'
debug: Replaced main_block@0.ops[4]: 'load name#0' with 'load name#0 from l-stack (no copy)'
debug: Simplified txna ApplicationArgs 0; byte "Hello "; swap to byte "Hello "; txna ApplicationArgs 0
info: Writing hello_world/out/arc4_contract.approval.teal
info: Writing hello_world/out/arc4_contract.approval.debug.teal
info: Writing hello_world/out/arc4_contract.clear.teal
info: Writing hello_world/out/arc4_contract.clear.debug.teal
info: Writing hello_world/out/contract.approval.teal
info: Writing hello_world/out/contract.approval.debug.teal
info: Writing hello_world/out/contract.clear.teal
info: Writing hello_world/out/contract.clear.debug.teal
info: Writing hello_world/out/application.json
>> exit code = 0