>> poetry run algopy -O1 --output-ssa-ir --output-optimization-ir --output-final-ir --output-cssa-ir --output-post-ssa-ir --output-parallel-copies-ir --out-dir=out --debug-level=1 abi_types
info: Building AWST for __init__.py
info: Building AWST for abi_types
info: Building AWST for abi_types/contract.py
debug: Sealing block@0: // L21
debug: Terminated block@0: // L21
debug: Sealing block@0: // L69
debug: Terminated block@0: // L69
debug: Output IR to <git root>/examples/abi_types/out/contract_AbiTypesContract.ssa.ir
info: Optimizing examples.abi_types.contract.AbiTypesContract at level 1
debug: Begin optimization pass 1/100
debug: Optimizing subroutine examples.abi_types.contract.AbiTypesContract.approval_program
debug: Splitting parallel copies prior to optimization
debug: Optimizer: Arithmetic Simplification
debug: Folded len("/x00/x05Hello") to 7
debug: Folded len("/x00/x05World") to 7
debug: Folded len("/x00/x04Ping") to 6
debug: Folded len("/x00/x04Pong") to 6
debug: Optimizer: Constant Replacer
debug: Optimizer: Copy Propagation
debug: Found equivalence set: array_data%20#2, dynamic_uint8_array#0
debug: Replacing {array_data%20#2} with dynamic_uint8_array#0 made 1 modifications
debug: Found equivalence set: array_data%21#1, aliased_dynamic#0
debug: Replacing {array_data%21#1} with aliased_dynamic#0 made 1 modifications
debug: Found equivalence set: array_data%22#4, dynamic_string_array#0
debug: Replacing {array_data%22#4} with dynamic_string_array#0 made 1 modifications
debug: Found equivalence set: array_data%30#3, static_uint8_array#0
debug: Replacing {array_data%30#3} with static_uint8_array#0 made 1 modifications
debug: Found equivalence set: value_as_uint16%34#0, array_data%35#0
debug: Replacing {array_data%35#0} with value_as_uint16%34#0 made 1 modifications
debug: Found equivalence set: array_data%35#3, static_string_array#0
debug: Replacing {array_data%35#3} with static_string_array#0 made 1 modifications
debug: Optimizer: Remove Unused Variables
debug: Removing unused variable some_bytes#0
debug: Removing unused variable uint8#0
debug: Removing unused variable test_bytes#0
debug: Removing unused variable array_data%20#0
debug: Removing unused variable array_data%21#0
debug: Removing unused variable array_data%22#0
debug: Removing unused variable next_offset%23#0
debug: Removing unused variable element_length%26#0
debug: Removing unused variable element_length%29#0
debug: Removing unused variable array_data%30#0
debug: Removing unused variable array_data%31#0
debug: Removing unused variable aliased_static#0
debug: Removing unused variable next_offset%32#0
debug: Removing unused variable element_length%36#0
debug: Removing unused variable element_length%39#0
debug: Optimizer: Simplify Conditional Branches
debug: Optimizer: Remove Linear Jump
debug: Optimizer: Remove Empty Blocks
debug: Optimizer: Remove Unreachable Blocks
debug: Optimizing subroutine examples.abi_types.contract.AbiTypesContract.clear_state_program
debug: Splitting parallel copies prior to optimization
debug: Optimizer: Arithmetic Simplification
debug: Optimizer: Constant Replacer
debug: Optimizer: Copy Propagation
debug: Optimizer: Remove Unused Variables
debug: Optimizer: Simplify Conditional Branches
debug: Optimizer: Remove Linear Jump
debug: Optimizer: Remove Empty Blocks
debug: Optimizer: Remove Unreachable Blocks
debug: Output IR to <git root>/examples/abi_types/out/contract_AbiTypesContract.ssa.opt_pass_1.ir
debug: Begin optimization pass 2/100
debug: Optimizing subroutine examples.abi_types.contract.AbiTypesContract.approval_program
debug: Optimizer: Arithmetic Simplification
debug: Folded len("Hello World!") to 12
debug: Folded 4 + 7 to 11
debug: Folded 4 + 6 to 10
debug: Optimizer: Constant Replacer
debug: Optimizer: Copy Propagation
debug: Optimizer: Remove Unused Variables
debug: Removing unused variable length%0#0
debug: Removing unused variable next_offset%23#1
debug: Removing unused variable next_offset%32#1
debug: Optimizer: Simplify Conditional Branches
debug: Optimizer: Remove Linear Jump
debug: Optimizer: Remove Empty Blocks
debug: Optimizer: Remove Unreachable Blocks
debug: Optimizing subroutine examples.abi_types.contract.AbiTypesContract.clear_state_program
debug: Optimizer: Arithmetic Simplification
debug: Optimizer: Constant Replacer
debug: Optimizer: Copy Propagation
debug: Optimizer: Remove Unused Variables
debug: Optimizer: Simplify Conditional Branches
debug: Optimizer: Remove Linear Jump
debug: Optimizer: Remove Empty Blocks
debug: Optimizer: Remove Unreachable Blocks
debug: Output IR to <git root>/examples/abi_types/out/contract_AbiTypesContract.ssa.opt_pass_2.ir
debug: Begin optimization pass 3/100
debug: Optimizing subroutine examples.abi_types.contract.AbiTypesContract.approval_program
debug: Optimizer: Arithmetic Simplification
debug: Folded 11 + 7 to 18
debug: Folded 10 + 6 to 16
debug: Optimizer: Constant Replacer
debug: Optimizer: Copy Propagation
debug: Optimizer: Remove Unused Variables
debug: Removing unused variable next_offset%23#2
debug: Removing unused variable next_offset%32#2
debug: Optimizer: Simplify Conditional Branches
debug: Optimizer: Remove Linear Jump
debug: Optimizer: Remove Empty Blocks
debug: Optimizer: Remove Unreachable Blocks
debug: Optimizing subroutine examples.abi_types.contract.AbiTypesContract.clear_state_program
debug: Optimizer: Arithmetic Simplification
debug: Optimizer: Constant Replacer
debug: Optimizer: Copy Propagation
debug: Optimizer: Remove Unused Variables
debug: Optimizer: Simplify Conditional Branches
debug: Optimizer: Remove Linear Jump
debug: Optimizer: Remove Empty Blocks
debug: Optimizer: Remove Unreachable Blocks
debug: Output IR to <git root>/examples/abi_types/out/contract_AbiTypesContract.ssa.opt_pass_3.ir
debug: Begin optimization pass 4/100
debug: Optimizing subroutine examples.abi_types.contract.AbiTypesContract.approval_program
debug: Optimizer: Arithmetic Simplification
debug: Optimizer: Constant Replacer
debug: Optimizer: Copy Propagation
debug: Optimizer: Remove Unused Variables
debug: Optimizer: Simplify Conditional Branches
debug: Optimizer: Remove Linear Jump
debug: Optimizer: Remove Empty Blocks
debug: Optimizer: Remove Unreachable Blocks
debug: Optimizing subroutine examples.abi_types.contract.AbiTypesContract.clear_state_program
debug: Optimizer: Arithmetic Simplification
debug: Optimizer: Constant Replacer
debug: Optimizer: Copy Propagation
debug: Optimizer: Remove Unused Variables
debug: Optimizer: Simplify Conditional Branches
debug: Optimizer: Remove Linear Jump
debug: Optimizer: Remove Empty Blocks
debug: Optimizer: Remove Unreachable Blocks
debug: No optimizations performed in pass 4, ending loop
debug: Output IR to <git root>/examples/abi_types/out/contract_AbiTypesContract.cssa.ir
debug: Removing Phis from examples.abi_types.contract.AbiTypesContract.approval_program
debug: Removing Phis from examples.abi_types.contract.AbiTypesContract.clear_state_program
debug: Output IR to <git root>/examples/abi_types/out/contract_AbiTypesContract.post_ssa.ir
debug: Sequentializing parallel copies in examples.abi_types.contract.AbiTypesContract.approval_program
debug: Sequentializing parallel copies in examples.abi_types.contract.AbiTypesContract.clear_state_program
debug: Output IR to <git root>/examples/abi_types/out/contract_AbiTypesContract.parallel_copies.ir
debug: Coalescing local variables in examples.abi_types.contract.AbiTypesContract.approval_program using strategy RootOperandGrouping
debug: Coalescing array_data%22#1 with [array_data%22#2, array_data%22#3]
debug: Coalescing array_data%30#1 with [array_data%30#2]
debug: Coalescing array_data%35#1 with [array_data%35#2]
debug: Coalescing resulted in 8 replacement/s
debug: Coalescing local variables in examples.abi_types.contract.AbiTypesContract.clear_state_program using strategy RootOperandGrouping
debug: Coalescing resulted in 0 replacement/s
debug: Output IR to <git root>/examples/abi_types/out/contract_AbiTypesContract.final.ir
debug: Inserted main_block@0.ops[2]: 'store value_as_bytes%1#0 to l-stack (copy)'
debug: Replaced main_block@0.ops[4]: 'load value_as_bytes%1#0 from scratch' with 'load value_as_bytes%1#0 from l-stack (no copy)'
debug: Inserted main_block@0.ops[6]: 'store value_as_uint16%2#0 to l-stack (copy)'
debug: Replaced main_block@0.ops[8]: 'load value_as_uint16%2#0 from scratch' with 'load value_as_uint16%2#0 from l-stack (no copy)'
debug: Inserted main_block@0.ops[11]: 'store some_bytes_as_string#0 to l-stack (copy)'
debug: Replaced main_block@0.ops[13]: 'load some_bytes_as_string#0 from scratch' with 'load some_bytes_as_string#0 from l-stack (no copy)'
debug: Inserted main_block@0.ops[19]: 'store tmp%3#0 to l-stack (copy)'
debug: Replaced main_block@0.ops[21]: 'load tmp%3#0 from scratch' with 'load tmp%3#0 from l-stack (no copy)'
debug: Inserted main_block@0.ops[29]: 'store tmp%5#0 to l-stack (copy)'
debug: Replaced main_block@0.ops[31]: 'load tmp%5#0 from scratch' with 'load tmp%5#0 from l-stack (no copy)'
debug: Inserted main_block@0.ops[36]: 'store tmp%6#0 to l-stack (copy)'
debug: Replaced main_block@0.ops[38]: 'load tmp%6#0 from scratch' with 'load tmp%6#0 from l-stack (no copy)'
debug: Inserted main_block@0.ops[42]: 'store val_as_bytes%7#0 to l-stack (copy)'
debug: Replaced main_block@0.ops[44]: 'load val_as_bytes%7#0 from scratch' with 'load val_as_bytes%7#0 from l-stack (no copy)'
debug: Inserted main_block@0.ops[48]: 'store int8_encoded#0 to l-stack (copy)'
debug: Replaced main_block@0.ops[50]: 'load int8_encoded#0 from scratch' with 'load int8_encoded#0 from l-stack (no copy)'
debug: Inserted main_block@0.ops[57]: 'store tmp%8#0 to l-stack (copy)'
debug: Replaced main_block@0.ops[59]: 'load tmp%8#0 from scratch' with 'load tmp%8#0 from l-stack (no copy)'
debug: Inserted main_block@0.ops[64]: 'store tmp%9#0 to l-stack (copy)'
debug: Replaced main_block@0.ops[66]: 'load tmp%9#0 from scratch' with 'load tmp%9#0 from l-stack (no copy)'
debug: Inserted main_block@0.ops[69]: 'store tmp%10#0 to l-stack (copy)'
debug: Replaced main_block@0.ops[71]: 'load tmp%10#0 from scratch' with 'load tmp%10#0 from l-stack (no copy)'
debug: Inserted main_block@0.ops[77]: 'store integer_bytes%11#0 to l-stack (copy)'
debug: Replaced main_block@0.ops[79]: 'load integer_bytes%11#0 from scratch' with 'load integer_bytes%11#0 from l-stack (no copy)'
debug: Inserted main_block@0.ops[81]: 'store tmp%12#0 to l-stack (copy)'
debug: Replaced main_block@0.ops[83]: 'load tmp%12#0 from scratch' with 'load tmp%12#0 from l-stack (no copy)'
debug: Inserted main_block@0.ops[86]: 'store tmp%13#0 to l-stack (copy)'
debug: Replaced main_block@0.ops[88]: 'load tmp%13#0 from scratch' with 'load tmp%13#0 from l-stack (no copy)'
debug: Inserted main_block@0.ops[93]: 'store tmp%14#0 to l-stack (copy)'
debug: Replaced main_block@0.ops[95]: 'load tmp%14#0 from scratch' with 'load tmp%14#0 from l-stack (no copy)'
debug: Inserted main_block@0.ops[98]: 'store tmp%15#0 to l-stack (copy)'
debug: Replaced main_block@0.ops[100]: 'load tmp%15#0 from scratch' with 'load tmp%15#0 from l-stack (no copy)'
debug: Inserted main_block@0.ops[105]: 'store tmp%16#0 to l-stack (copy)'
debug: Replaced main_block@0.ops[107]: 'load tmp%16#0 from scratch' with 'load tmp%16#0 from l-stack (no copy)'
debug: Inserted main_block@0.ops[110]: 'store tmp%17#0 to l-stack (copy)'
debug: Replaced main_block@0.ops[112]: 'load tmp%17#0 from scratch' with 'load tmp%17#0 from l-stack (no copy)'
debug: Inserted main_block@0.ops[117]: 'store tmp%18#0 to l-stack (copy)'
debug: Replaced main_block@0.ops[119]: 'load tmp%18#0 from scratch' with 'load tmp%18#0 from l-stack (no copy)'
debug: Inserted main_block@0.ops[122]: 'store tmp%19#0 to l-stack (copy)'
debug: Replaced main_block@0.ops[124]: 'load tmp%19#0 from scratch' with 'load tmp%19#0 from l-stack (no copy)'
debug: Inserted main_block@0.ops[129]: 'store array_data%20#1 to l-stack (copy)'
debug: Replaced main_block@0.ops[131]: 'load array_data%20#1 from scratch' with 'load array_data%20#1 from l-stack (no copy)'
debug: Inserted main_block@0.ops[141]: 'store value_as_bytes%24#0 to l-stack (copy)'
debug: Replaced main_block@0.ops[143]: 'load value_as_bytes%24#0 from scratch' with 'load value_as_bytes%24#0 from l-stack (no copy)'
debug: Inserted main_block@0.ops[152]: 'store value_as_bytes%27#0 to l-stack (copy)'
debug: Replaced main_block@0.ops[154]: 'load value_as_bytes%27#0 from scratch' with 'load value_as_bytes%27#0 from l-stack (no copy)'
debug: Inserted main_block@0.ops[160]: 'store array_data%22#1 to l-stack (copy)'
debug: Replaced main_block@0.ops[162]: 'load array_data%22#1 from scratch' with 'load array_data%22#1 from l-stack (no copy)'
debug: Inserted main_block@0.ops[165]: 'store array_data%22#1 to l-stack (copy)'
debug: Replaced main_block@0.ops[167]: 'load array_data%22#1 from scratch' with 'load array_data%22#1 from l-stack (no copy)'
debug: Inserted main_block@0.ops[174]: 'store array_data%30#1 to l-stack (copy)'
debug: Replaced main_block@0.ops[176]: 'load array_data%30#1 from scratch' with 'load array_data%30#1 from l-stack (no copy)'
debug: Inserted main_block@0.ops[179]: 'store array_data%30#1 to l-stack (copy)'
debug: Replaced main_block@0.ops[181]: 'load array_data%30#1 from scratch' with 'load array_data%30#1 from l-stack (no copy)'
debug: Inserted main_block@0.ops[187]: 'store value_as_bytes%33#0 to l-stack (copy)'
debug: Replaced main_block@0.ops[189]: 'load value_as_bytes%33#0 from scratch' with 'load value_as_bytes%33#0 from l-stack (no copy)'
debug: Inserted main_block@0.ops[194]: 'store value_as_bytes%37#0 to l-stack (copy)'
debug: Replaced main_block@0.ops[196]: 'load value_as_bytes%37#0 from scratch' with 'load value_as_bytes%37#0 from l-stack (no copy)'
debug: Inserted main_block@0.ops[202]: 'store array_data%35#1 to l-stack (copy)'
debug: Replaced main_block@0.ops[204]: 'load array_data%35#1 from scratch' with 'load array_data%35#1 from l-stack (no copy)'
debug: Inserted main_block@0.ops[207]: 'store array_data%35#1 to l-stack (copy)'
debug: Replaced main_block@0.ops[209]: 'load array_data%35#1 from scratch' with 'load array_data%35#1 from l-stack (no copy)'
debug: Inserted main_block@0.ops[25]: 'store tmp%4#0 to l-stack (copy)'
debug: Replaced main_block@0.ops[28]: 'load tmp%4#0 from scratch' with 'load tmp%4#0 from l-stack (no copy)'
debug: Inserted main_block@0.ops[54]: 'store int8_decoded#0 to l-stack (copy)'
debug: Replaced main_block@0.ops[57]: 'load int8_decoded#0 from scratch' with 'load int8_decoded#0 from l-stack (no copy)'
debug: Inserted main_block@0.ops[147]: 'store value_as_uint16%25#0 to l-stack (copy)'
debug: Replaced main_block@0.ops[150]: 'load value_as_uint16%25#0 from scratch' with 'load value_as_uint16%25#0 from l-stack (no copy)'
debug: Inserted main_block@0.ops[159]: 'store value_as_uint16%28#0 to l-stack (copy)'
debug: Replaced main_block@0.ops[162]: 'load value_as_uint16%28#0 from scratch' with 'load value_as_uint16%28#0 from l-stack (no copy)'
debug: Inserted main_block@0.ops[202]: 'store value_as_uint16%38#0 to l-stack (copy)'
debug: Replaced main_block@0.ops[205]: 'load value_as_uint16%38#0 from scratch' with 'load value_as_uint16%38#0 from l-stack (no copy)'
debug: Inserted main_block@0.ops[14]: 'store some_bytes_as_string#0 to l-stack (copy)'
debug: Replaced main_block@0.ops[18]: 'load some_bytes_as_string#0 from scratch' with 'load some_bytes_as_string#0 from l-stack (no copy)'
debug: Inserted main_block@0.ops[19]: 'store some_bytes_as_string#0 to l-stack (copy)'
debug: Replaced main_block@0.ops[25]: 'load some_bytes_as_string#0 from scratch' with 'load some_bytes_as_string#0 from l-stack (no copy)'
debug: Inserted main_block@0.ops[154]: 'store array_data%22#1 to l-stack (copy)'
debug: Replaced main_block@0.ops[164]: 'load array_data%22#1 from scratch' with 'load array_data%22#1 from l-stack (no copy)'
debug: Inserted main_block@0.ops[198]: 'store value_as_uint16%34#0 to l-stack (copy)'
debug: Replaced main_block@0.ops[208]: 'load value_as_uint16%34#0 from scratch' with 'load value_as_uint16%34#0 from l-stack (no copy)'
debug: Inserted main_block@0.ops[16]: 'store some_bytes_as_bytes_again#0 to l-stack (copy)'
debug: Replaced main_block@0.ops[38]: 'load some_bytes_as_bytes_again#0 from scratch' with 'load some_bytes_as_bytes_again#0 from l-stack (no copy)'
info: Writing <git root>/examples/abi_types/out/contract.approval.teal
info: Writing <git root>/examples/abi_types/out/contract.approval.debug.teal
info: Writing <git root>/examples/abi_types/out/contract.clear.teal
info: Writing <git root>/examples/abi_types/out/contract.clear.debug.teal
>> exit code = 0