PC  Teal                    Stack
1
7
48  int 0                   0
49  dupn 4                  0, 0, 0, 0, 0
51  byte ""                 0, 0, 0, 0, 0, 0x
52  dupn 5                  0, 0, 0, 0, 0, 0x, 0x, 0x, 0x, 0x, 0x
54  byte 0x0002             0, 0, 0, 0, 0, 0x, 0x, 0x, 0x, 0x, 0x, 0x0002
55  byte 0x01               0, 0, 0, 0, 0, 0x, 0x, 0x, 0x, 0x, 0x, 0x0002, 0x01
58  concat                  0, 0, 0, 0, 0, 0x, 0x, 0x, 0x, 0x, 0x, 0x000201
59  byte 0x02               0, 0, 0, 0, 0, 0x, 0x, 0x, 0x, 0x, 0x, 0x000201, 0x02
62  concat                  0, 0, 0, 0, 0, 0x, 0x, 0x, 0x, 0x, 0x, 0x00020102
63  int 0                   0, 0, 0, 0, 0, 0x, 0x, 0x, 0x, 0x, 0x, 0x00020102, 0
64  swap                    0, 0, 0, 0, 0, 0x, 0x, 0x, 0x, 0x, 0x, 0, 0x00020102
65  dup                     0, 0, 0, 0, 0, 0x, 0x, 0x, 0x, 0x, 0x, 0, 0x00020102, 0x00020102
66  int 0                   0, 0, 0, 0, 0, 0x, 0x, 0x, 0x, 0x, 0x, 0, 0x00020102, 0x00020102, 0
67  extract_uint16          0, 0, 0, 0, 0, 0x, 0x, 0x, 0x, 0x, 0x, 0, 0x00020102, 2
68  swap                    0, 0, 0, 0, 0, 0x, 0x, 0x, 0x, 0x, 0x, 0, 2, 0x00020102
69  extract 2 0             0, 0, 0, 0, 0, 0x, 0x, 0x, 0x, 0x, 0x, 0, 2, 0x0102
72  int 0                   0, 0, 0, 0, 0, 0x, 0x, 0x, 0x, 0x, 0x, 0, 2, 0x0102, 0
73  dup                     0, 0, 0, 0, 0, 0x, 0x, 0x, 0x, 0x, 0x, 0, 2, 0x0102, 0, 0
74  dig 3                   0, 0, 0, 0, 0, 0x, 0x, 0x, 0x, 0x, 0x, 0, 2, 0x0102, 0, 0, 2
76  <                       0, 0, 0, 0, 0, 0x, 0x, 0x, 0x, 0x, 0x, 0, 2, 0x0102, 0, 1
77  bz main_after_for@4     0, 0, 0, 0, 0, 0x, 0x, 0x, 0x, 0x, 0x, 0, 2, 0x0102, 0
80  dup                     0, 0, 0, 0, 0, 0x, 0x, 0x, 0x, 0x, 0x, 0, 2, 0x0102, 0, 0
81  int 1                   0, 0, 0, 0, 0, 0x, 0x, 0x, 0x, 0x, 0x, 0, 2, 0x0102, 0, 0, 1
82  *                       0, 0, 0, 0, 0, 0x, 0x, 0x, 0x, 0x, 0x, 0, 2, 0x0102, 0, 0
83  dig 2                   0, 0, 0, 0, 0, 0x, 0x, 0x, 0x, 0x, 0x, 0, 2, 0x0102, 0, 0, 0x0102
85  swap                    0, 0, 0, 0, 0, 0x, 0x, 0x, 0x, 0x, 0x, 0, 2, 0x0102, 0, 0x0102, 0
86  int 1                   0, 0, 0, 0, 0, 0x, 0x, 0x, 0x, 0x, 0x, 0, 2, 0x0102, 0, 0x0102, 0, 1
87  extract3                0, 0, 0, 0, 0, 0x, 0x, 0x, 0x, 0x, 0x, 0, 2, 0x0102, 0, 0x01
88  btoi                    0, 0, 0, 0, 0, 0x, 0x, 0x, 0x, 0x, 0x, 0, 2, 0x0102, 0, 1
89  dig 4                   0, 0, 0, 0, 0, 0x, 0x, 0x, 0x, 0x, 0x, 0, 2, 0x0102, 0, 1, 0
91  +                       0, 0, 0, 0, 0, 0x, 0x, 0x, 0x, 0x, 0x, 0, 2, 0x0102, 0, 1
92  bury 4                  0, 0, 0, 0, 0, 0x, 0x, 0x, 0x, 0x, 0x, 1, 2, 0x0102, 0
94  dup                     0, 0, 0, 0, 0, 0x, 0x, 0x, 0x, 0x, 0x, 1, 2, 0x0102, 0, 0
95  int 1                   0, 0, 0, 0, 0, 0x, 0x, 0x, 0x, 0x, 0x, 1, 2, 0x0102, 0, 0, 1
96  +                       0, 0, 0, 0, 0, 0x, 0x, 0x, 0x, 0x, 0x, 1, 2, 0x0102, 0, 1
97  bury 1                  0, 0, 0, 0, 0, 0x, 0x, 0x, 0x, 0x, 0x, 1, 2, 0x0102, 1
99  b main_for_header@1     0, 0, 0, 0, 0, 0x, 0x, 0x, 0x, 0x, 0x, 1, 2, 0x0102, 1
73  dup                     0, 0, 0, 0, 0, 0x, 0x, 0x, 0x, 0x, 0x, 1, 2, 0x0102, 1, 1
74  dig 3                   0, 0, 0, 0, 0, 0x, 0x, 0x, 0x, 0x, 0x, 1, 2, 0x0102, 1, 1, 2
76  <                       0, 0, 0, 0, 0, 0x, 0x, 0x, 0x, 0x, 0x, 1, 2, 0x0102, 1, 1
77  bz main_after_for@4     0, 0, 0, 0, 0, 0x, 0x, 0x, 0x, 0x, 0x, 1, 2, 0x0102, 1
80  dup                     0, 0, 0, 0, 0, 0x, 0x, 0x, 0x, 0x, 0x, 1, 2, 0x0102, 1, 1
81  int 1                   0, 0, 0, 0, 0, 0x, 0x, 0x, 0x, 0x, 0x, 1, 2, 0x0102, 1, 1, 1
82  *                       0, 0, 0, 0, 0, 0x, 0x, 0x, 0x, 0x, 0x, 1, 2, 0x0102, 1, 1
83  dig 2                   0, 0, 0, 0, 0, 0x, 0x, 0x, 0x, 0x, 0x, 1, 2, 0x0102, 1, 1, 0x0102
85  swap                    0, 0, 0, 0, 0, 0x, 0x, 0x, 0x, 0x, 0x, 1, 2, 0x0102, 1, 0x0102, 1
86  int 1                   0, 0, 0, 0, 0, 0x, 0x, 0x, 0x, 0x, 0x, 1, 2, 0x0102, 1, 0x0102, 1, 1
87  extract3                0, 0, 0, 0, 0, 0x, 0x, 0x, 0x, 0x, 0x, 1, 2, 0x0102, 1, 0x02
88  btoi                    0, 0, 0, 0, 0, 0x, 0x, 0x, 0x, 0x, 0x, 1, 2, 0x0102, 1, 2
89  dig 4                   0, 0, 0, 0, 0, 0x, 0x, 0x, 0x, 0x, 0x, 1, 2, 0x0102, 1, 2, 1
91  +                       0, 0, 0, 0, 0, 0x, 0x, 0x, 0x, 0x, 0x, 1, 2, 0x0102, 1, 3
92  bury 4                  0, 0, 0, 0, 0, 0x, 0x, 0x, 0x, 0x, 0x, 3, 2, 0x0102, 1
94  dup                     0, 0, 0, 0, 0, 0x, 0x, 0x, 0x, 0x, 0x, 3, 2, 0x0102, 1, 1
95  int 1                   0, 0, 0, 0, 0, 0x, 0x, 0x, 0x, 0x, 0x, 3, 2, 0x0102, 1, 1, 1
96  +                       0, 0, 0, 0, 0, 0x, 0x, 0x, 0x, 0x, 0x, 3, 2, 0x0102, 1, 2
97  bury 1                  0, 0, 0, 0, 0, 0x, 0x, 0x, 0x, 0x, 0x, 3, 2, 0x0102, 2
99  b main_for_header@1     0, 0, 0, 0, 0, 0x, 0x, 0x, 0x, 0x, 0x, 3, 2, 0x0102, 2
73  dup                     0, 0, 0, 0, 0, 0x, 0x, 0x, 0x, 0x, 0x, 3, 2, 0x0102, 2, 2
74  dig 3                   0, 0, 0, 0, 0, 0x, 0x, 0x, 0x, 0x, 0x, 3, 2, 0x0102, 2, 2, 2
76  <                       0, 0, 0, 0, 0, 0x, 0x, 0x, 0x, 0x, 0x, 3, 2, 0x0102, 2, 0
77  bz main_after_for@4     0, 0, 0, 0, 0, 0x, 0x, 0x, 0x, 0x, 0x, 3, 2, 0x0102, 2
102 dig 3                   0, 0, 0, 0, 0, 0x, 0x, 0x, 0x, 0x, 0x, 3, 2, 0x0102, 2, 3
104 int 3                   0, 0, 0, 0, 0, 0x, 0x, 0x, 0x, 0x, 0x, 3, 2, 0x0102, 2, 3, 3
106 ==                      0, 0, 0, 0, 0, 0x, 0x, 0x, 0x, 0x, 0x, 3, 2, 0x0102, 2, 1
107 assert                  0, 0, 0, 0, 0, 0x, 0x, 0x, 0x, 0x, 0x, 3, 2, 0x0102, 2
108 byte 0x0001             0, 0, 0, 0, 0, 0x, 0x, 0x, 0x, 0x, 0x, 3, 2, 0x0102, 2, 0x0001
109 byte 0x0001             0, 0, 0, 0, 0, 0x, 0x, 0x, 0x, 0x, 0x, 3, 2, 0x0102, 2, 0x0001, 0x0001
110 concat                  0, 0, 0, 0, 0, 0x, 0x, 0x, 0x, 0x, 0x, 3, 2, 0x0102, 2, 0x00010001
111 dup                     0, 0, 0, 0, 0, 0x, 0x, 0x, 0x, 0x, 0x, 3, 2, 0x0102, 2, 0x00010001, 0x00010001
112 int 0                   0, 0, 0, 0, 0, 0x, 0x, 0x, 0x, 0x, 0x, 3, 2, 0x0102, 2, 0x00010001, 0x00010001, 0
113 extract_uint16          0, 0, 0, 0, 0, 0x, 0x, 0x, 0x, 0x, 0x, 3, 2, 0x0102, 2, 0x00010001, 1
114 bury 10                 0, 0, 0, 0, 0, 0x, 1, 0x, 0x, 0x, 0x, 3, 2, 0x0102, 2, 0x00010001
116 extract 2 0             0, 0, 0, 0, 0, 0x, 1, 0x, 0x, 0x, 0x, 3, 2, 0x0102, 2, 0x0001
119 bury 15                 0x0001, 0, 0, 0, 0, 0x, 1, 0x, 0x, 0x, 0x, 3, 2, 0x0102, 2
121 int 0                   0x0001, 0, 0, 0, 0, 0x, 1, 0x, 0x, 0x, 0x, 3, 2, 0x0102, 2, 0
122 bury 8                  0x0001, 0, 0, 0, 0, 0x, 1, 0, 0x, 0x, 0x, 3, 2, 0x0102, 2
124 dig 7                   0x0001, 0, 0, 0, 0, 0x, 1, 0, 0x, 0x, 0x, 3, 2, 0x0102, 2, 0
126 dig 9                   0x0001, 0, 0, 0, 0, 0x, 1, 0, 0x, 0x, 0x, 3, 2, 0x0102, 2, 0, 1
128 <                       0x0001, 0, 0, 0, 0, 0x, 1, 0, 0x, 0x, 0x, 3, 2, 0x0102, 2, 1
129 bz main_after_for@8     0x0001, 0, 0, 0, 0, 0x, 1, 0, 0x, 0x, 0x, 3, 2, 0x0102, 2
132 dig 7                   0x0001, 0, 0, 0, 0, 0x, 1, 0, 0x, 0x, 0x, 3, 2, 0x0102, 2, 0
134 int 2                   0x0001, 0, 0, 0, 0, 0x, 1, 0, 0x, 0x, 0x, 3, 2, 0x0102, 2, 0, 2
135 *                       0x0001, 0, 0, 0, 0, 0x, 1, 0, 0x, 0x, 0x, 3, 2, 0x0102, 2, 0
136 dig 15                  0x0001, 0, 0, 0, 0, 0x, 1, 0, 0x, 0x, 0x, 3, 2, 0x0102, 2, 0, 0x0001
138 swap                    0x0001, 0, 0, 0, 0, 0x, 1, 0, 0x, 0x, 0x, 3, 2, 0x0102, 2, 0x0001, 0
139 int 2                   0x0001, 0, 0, 0, 0, 0x, 1, 0, 0x, 0x, 0x, 3, 2, 0x0102, 2, 0x0001, 0, 2
140 extract3                0x0001, 0, 0, 0, 0, 0x, 1, 0, 0x, 0x, 0x, 3, 2, 0x0102, 2, 0x0001
141 btoi                    0x0001, 0, 0, 0, 0, 0x, 1, 0, 0x, 0x, 0x, 3, 2, 0x0102, 2, 1
142 dig 4                   0x0001, 0, 0, 0, 0, 0x, 1, 0, 0x, 0x, 0x, 3, 2, 0x0102, 2, 1, 3
144 +                       0x0001, 0, 0, 0, 0, 0x, 1, 0, 0x, 0x, 0x, 3, 2, 0x0102, 2, 4
145 bury 4                  0x0001, 0, 0, 0, 0, 0x, 1, 0, 0x, 0x, 0x, 4, 2, 0x0102, 2
147 dig 7                   0x0001, 0, 0, 0, 0, 0x, 1, 0, 0x, 0x, 0x, 4, 2, 0x0102, 2, 0
149 int 1                   0x0001, 0, 0, 0, 0, 0x, 1, 0, 0x, 0x, 0x, 4, 2, 0x0102, 2, 0, 1
150 +                       0x0001, 0, 0, 0, 0, 0x, 1, 0, 0x, 0x, 0x, 4, 2, 0x0102, 2, 1
151 bury 8                  0x0001, 0, 0, 0, 0, 0x, 1, 1, 0x, 0x, 0x, 4, 2, 0x0102, 2
153 b main_for_header@5     0x0001, 0, 0, 0, 0, 0x, 1, 1, 0x, 0x, 0x, 4, 2, 0x0102, 2
124 dig 7                   0x0001, 0, 0, 0, 0, 0x, 1, 1, 0x, 0x, 0x, 4, 2, 0x0102, 2, 1
126 dig 9                   0x0001, 0, 0, 0, 0, 0x, 1, 1, 0x, 0x, 0x, 4, 2, 0x0102, 2, 1, 1
128 <                       0x0001, 0, 0, 0, 0, 0x, 1, 1, 0x, 0x, 0x, 4, 2, 0x0102, 2, 0
129 bz main_after_for@8     0x0001, 0, 0, 0, 0, 0x, 1, 1, 0x, 0x, 0x, 4, 2, 0x0102, 2
156 dig 3                   0x0001, 0, 0, 0, 0, 0x, 1, 1, 0x, 0x, 0x, 4, 2, 0x0102, 2, 4
158 int 4                   0x0001, 0, 0, 0, 0, 0x, 1, 1, 0x, 0x, 0x, 4, 2, 0x0102, 2, 4, 4
159 ==                      0x0001, 0, 0, 0, 0, 0x, 1, 1, 0x, 0x, 0x, 4, 2, 0x0102, 2, 1
160 assert                  0x0001, 0, 0, 0, 0, 0x, 1, 1, 0x, 0x, 0x, 4, 2, 0x0102, 2
161 byte 0x0002             0x0001, 0, 0, 0, 0, 0x, 1, 1, 0x, 0x, 0x, 4, 2, 0x0102, 2, 0x0002
162 int 4                   0x0001, 0, 0, 0, 0, 0x, 1, 1, 0x, 0x, 0x, 4, 2, 0x0102, 2, 0x0002, 4
163 dup                     0x0001, 0, 0, 0, 0, 0x, 1, 1, 0x, 0x, 0x, 4, 2, 0x0102, 2, 0x0002, 4, 4
164 itob                    0x0001, 0, 0, 0, 0, 0x, 1, 1, 0x, 0x, 0x, 4, 2, 0x0102, 2, 0x0002, 4, 0x0000000000000004
165 extract 6 2             0x0001, 0, 0, 0, 0, 0x, 1, 1, 0x, 0x, 0x, 4, 2, 0x0102, 2, 0x0002, 4, 0x0004
168 uncover 2               0x0001, 0, 0, 0, 0, 0x, 1, 1, 0x, 0x, 0x, 4, 2, 0x0102, 2, 4, 0x0004, 0x0002
170 swap                    0x0001, 0, 0, 0, 0, 0x, 1, 1, 0x, 0x, 0x, 4, 2, 0x0102, 2, 4, 0x0002, 0x0004
171 concat                  0x0001, 0, 0, 0, 0, 0x, 1, 1, 0x, 0x, 0x, 4, 2, 0x0102, 2, 4, 0x00020004
172 swap                    0x0001, 0, 0, 0, 0, 0x, 1, 1, 0x, 0x, 0x, 4, 2, 0x0102, 2, 0x00020004, 4
173 byte "\x00\x05Hello"    0x0001, 0, 0, 0, 0, 0x, 1, 1, 0x, 0x, 0x, 4, 2, 0x0102, 2, 0x00020004, 4, 0x000548656C6C6F
174 len                     0x0001, 0, 0, 0, 0, 0x, 1, 1, 0x, 0x, 0x, 4, 2, 0x0102, 2, 0x00020004, 4, 7
175 +                       0x0001, 0, 0, 0, 0, 0x, 1, 1, 0x, 0x, 0x, 4, 2, 0x0102, 2, 0x00020004, 11
176 dup                     0x0001, 0, 0, 0, 0, 0x, 1, 1, 0x, 0x, 0x, 4, 2, 0x0102, 2, 0x00020004, 11, 11
177 itob                    0x0001, 0, 0, 0, 0, 0x, 1, 1, 0x, 0x, 0x, 4, 2, 0x0102, 2, 0x00020004, 11, 0x000000000000000B
178 extract 6 2             0x0001, 0, 0, 0, 0, 0x, 1, 1, 0x, 0x, 0x, 4, 2, 0x0102, 2, 0x00020004, 11, 0x000B
181 uncover 2               0x0001, 0, 0, 0, 0, 0x, 1, 1, 0x, 0x, 0x, 4, 2, 0x0102, 2, 11, 0x000B, 0x00020004
183 swap                    0x0001, 0, 0, 0, 0, 0x, 1, 1, 0x, 0x, 0x, 4, 2, 0x0102, 2, 11, 0x00020004, 0x000B
184 concat                  0x0001, 0, 0, 0, 0, 0x, 1, 1, 0x, 0x, 0x, 4, 2, 0x0102, 2, 11, 0x00020004000B
185 byte "\x00\x05World"    0x0001, 0, 0, 0, 0, 0x, 1, 1, 0x, 0x, 0x, 4, 2, 0x0102, 2, 11, 0x00020004000B, 0x0005576F726C64
187 len                     0x0001, 0, 0, 0, 0, 0x, 1, 1, 0x, 0x, 0x, 4, 2, 0x0102, 2, 11, 0x00020004000B, 7
188 uncover 2               0x0001, 0, 0, 0, 0, 0x, 1, 1, 0x, 0x, 0x, 4, 2, 0x0102, 2, 0x00020004000B, 7, 11
190 +                       0x0001, 0, 0, 0, 0, 0x, 1, 1, 0x, 0x, 0x, 4, 2, 0x0102, 2, 0x00020004000B, 18
191 pop                     0x0001, 0, 0, 0, 0, 0x, 1, 1, 0x, 0x, 0x, 4, 2, 0x0102, 2, 0x00020004000B
192 byte "\x00\x05Hello"    0x0001, 0, 0, 0, 0, 0x, 1, 1, 0x, 0x, 0x, 4, 2, 0x0102, 2, 0x00020004000B, 0x000548656C6C6F
193 concat                  0x0001, 0, 0, 0, 0, 0x, 1, 1, 0x, 0x, 0x, 4, 2, 0x0102, 2, 0x00020004000B000548656C6C6F
194 byte "\x00\x05World"    0x0001, 0, 0, 0, 0, 0x, 1, 1, 0x, 0x, 0x, 4, 2, 0x0102, 2, 0x00020004000B000548656C6C6F, 0x0005576F726C64
196 concat                  0x0001, 0, 0, 0, 0, 0x, 1, 1, 0x, 0x, 0x, 4, 2, 0x0102, 2, 0x00020004000B000548656C6C6F0005576F726C64
197 dup                     0x0001, 0, 0, 0, 0, 0x, 1, 1, 0x, 0x, 0x, 4, 2, 0x0102, 2, 0x00020004000B000548656C6C6F0005576F726C64, 0x00020004000B000548656C6C6F0005576F726C64
198 int 0                   0x0001, 0, 0, 0, 0, 0x, 1, 1, 0x, 0x, 0x, 4, 2, 0x0102, 2, 0x00020004000B000548656C6C6F0005576F726C64, 0x00020004000B000548656C6C6F0005576F726C64, 0
199 extract_uint16          0x0001, 0, 0, 0, 0, 0x, 1, 1, 0x, 0x, 0x, 4, 2, 0x0102, 2, 0x00020004000B000548656C6C6F0005576F726C64, 2
200 int 2                   0x0001, 0, 0, 0, 0, 0x, 1, 1, 0x, 0x, 0x, 4, 2, 0x0102, 2, 0x00020004000B000548656C6C6F0005576F726C64, 2, 2
201 ==                      0x0001, 0, 0, 0, 0, 0x, 1, 1, 0x, 0x, 0x, 4, 2, 0x0102, 2, 0x00020004000B000548656C6C6F0005576F726C64, 1
202 assert                  0x0001, 0, 0, 0, 0, 0x, 1, 1, 0x, 0x, 0x, 4, 2, 0x0102, 2, 0x00020004000B000548656C6C6F0005576F726C64
203 dup                     0x0001, 0, 0, 0, 0, 0x, 1, 1, 0x, 0x, 0x, 4, 2, 0x0102, 2, 0x00020004000B000548656C6C6F0005576F726C64, 0x00020004000B000548656C6C6F0005576F726C64
204 int 0                   0x0001, 0, 0, 0, 0, 0x, 1, 1, 0x, 0x, 0x, 4, 2, 0x0102, 2, 0x00020004000B000548656C6C6F0005576F726C64, 0x00020004000B000548656C6C6F0005576F726C64, 0
205 extract_uint16          0x0001, 0, 0, 0, 0, 0x, 1, 1, 0x, 0x, 0x, 4, 2, 0x0102, 2, 0x00020004000B000548656C6C6F0005576F726C64, 2
206 int 0                   0x0001, 0, 0, 0, 0, 0x, 1, 1, 0x, 0x, 0x, 4, 2, 0x0102, 2, 0x00020004000B000548656C6C6F0005576F726C64, 2, 0
207 >                       0x0001, 0, 0, 0, 0, 0x, 1, 1, 0x, 0x, 0x, 4, 2, 0x0102, 2, 0x00020004000B000548656C6C6F0005576F726C64, 1
208 assert                  0x0001, 0, 0, 0, 0, 0x, 1, 1, 0x, 0x, 0x, 4, 2, 0x0102, 2, 0x00020004000B000548656C6C6F0005576F726C64
209 dup                     0x0001, 0, 0, 0, 0, 0x, 1, 1, 0x, 0x, 0x, 4, 2, 0x0102, 2, 0x00020004000B000548656C6C6F0005576F726C64, 0x00020004000B000548656C6C6F0005576F726C64
210 extract 2 0             0x0001, 0, 0, 0, 0, 0x, 1, 1, 0x, 0x, 0x, 4, 2, 0x0102, 2, 0x00020004000B000548656C6C6F0005576F726C64, 0x0004000B000548656C6C6F0005576F726C64
213 int 0                   0x0001, 0, 0, 0, 0, 0x, 1, 1, 0x, 0x, 0x, 4, 2, 0x0102, 2, 0x00020004000B000548656C6C6F0005576F726C64, 0x0004000B000548656C6C6F0005576F726C64, 0
214 int 2                   0x0001, 0, 0, 0, 0, 0x, 1, 1, 0x, 0x, 0x, 4, 2, 0x0102, 2, 0x00020004000B000548656C6C6F0005576F726C64, 0x0004000B000548656C6C6F0005576F726C64, 0, 2
215 *                       0x0001, 0, 0, 0, 0, 0x, 1, 1, 0x, 0x, 0x, 4, 2, 0x0102, 2, 0x00020004000B000548656C6C6F0005576F726C64, 0x0004000B000548656C6C6F0005576F726C64, 0
216 dig 1                   0x0001, 0, 0, 0, 0, 0x, 1, 1, 0x, 0x, 0x, 4, 2, 0x0102, 2, 0x00020004000B000548656C6C6F0005576F726C64, 0x0004000B000548656C6C6F0005576F726C64, 0, 0x0004000B000548656C6C6F0005576F726C64
218 swap                    0x0001, 0, 0, 0, 0, 0x, 1, 1, 0x, 0x, 0x, 4, 2, 0x0102, 2, 0x00020004000B000548656C6C6F0005576F726C64, 0x0004000B000548656C6C6F0005576F726C64, 0x0004000B000548656C6C6F0005576F726C64, 0
219 extract_uint16          0x0001, 0, 0, 0, 0, 0x, 1, 1, 0x, 0x, 0x, 4, 2, 0x0102, 2, 0x00020004000B000548656C6C6F0005576F726C64, 0x0004000B000548656C6C6F0005576F726C64, 4
220 dig 1                   0x0001, 0, 0, 0, 0, 0x, 1, 1, 0x, 0x, 0x, 4, 2, 0x0102, 2, 0x00020004000B000548656C6C6F0005576F726C64, 0x0004000B000548656C6C6F0005576F726C64, 4, 0x0004000B000548656C6C6F0005576F726C64
222 dig 1                   0x0001, 0, 0, 0, 0, 0x, 1, 1, 0x, 0x, 0x, 4, 2, 0x0102, 2, 0x00020004000B000548656C6C6F0005576F726C64, 0x0004000B000548656C6C6F0005576F726C64, 4, 0x0004000B000548656C6C6F0005576F726C64, 4
224 extract_uint16          0x0001, 0, 0, 0, 0, 0x, 1, 1, 0x, 0x, 0x, 4, 2, 0x0102, 2, 0x00020004000B000548656C6C6F0005576F726C64, 0x0004000B000548656C6C6F0005576F726C64, 4, 5
225 int 2                   0x0001, 0, 0, 0, 0, 0x, 1, 1, 0x, 0x, 0x, 4, 2, 0x0102, 2, 0x00020004000B000548656C6C6F0005576F726C64, 0x0004000B000548656C6C6F0005576F726C64, 4, 5, 2
226 +                       0x0001, 0, 0, 0, 0, 0x, 1, 1, 0x, 0x, 0x, 4, 2, 0x0102, 2, 0x00020004000B000548656C6C6F0005576F726C64, 0x0004000B000548656C6C6F0005576F726C64, 4, 7
227 extract3                0x0001, 0, 0, 0, 0, 0x, 1, 1, 0x, 0x, 0x, 4, 2, 0x0102, 2, 0x00020004000B000548656C6C6F0005576F726C64, 0x000548656C6C6F
228 byte "\x00\x05Hello"    0x0001, 0, 0, 0, 0, 0x, 1, 1, 0x, 0x, 0x, 4, 2, 0x0102, 2, 0x00020004000B000548656C6C6F0005576F726C64, 0x000548656C6C6F, 0x000548656C6C6F
229 ==                      0x0001, 0, 0, 0, 0, 0x, 1, 1, 0x, 0x, 0x, 4, 2, 0x0102, 2, 0x00020004000B000548656C6C6F0005576F726C64, 1
230 assert                  0x0001, 0, 0, 0, 0, 0x, 1, 1, 0x, 0x, 0x, 4, 2, 0x0102, 2, 0x00020004000B000548656C6C6F0005576F726C64
231 byte ""                 0x0001, 0, 0, 0, 0, 0x, 1, 1, 0x, 0x, 0x, 4, 2, 0x0102, 2, 0x00020004000B000548656C6C6F0005576F726C64, 0x
232 bury 14                 0x0001, 0, 0x, 0, 0, 0x, 1, 1, 0x, 0x, 0x, 4, 2, 0x0102, 2, 0x00020004000B000548656C6C6F0005576F726C64
234 dup                     0x0001, 0, 0x, 0, 0, 0x, 1, 1, 0x, 0x, 0x, 4, 2, 0x0102, 2, 0x00020004000B000548656C6C6F0005576F726C64, 0x00020004000B000548656C6C6F0005576F726C64
235 int 0                   0x0001, 0, 0x, 0, 0, 0x, 1, 1, 0x, 0x, 0x, 4, 2, 0x0102, 2, 0x00020004000B000548656C6C6F0005576F726C64, 0x00020004000B000548656C6C6F0005576F726C64, 0
236 extract_uint16          0x0001, 0, 0x, 0, 0, 0x, 1, 1, 0x, 0x, 0x, 4, 2, 0x0102, 2, 0x00020004000B000548656C6C6F0005576F726C64, 2
237 bury 11                 0x0001, 0, 0x, 0, 0, 2, 1, 1, 0x, 0x, 0x, 4, 2, 0x0102, 2, 0x00020004000B000548656C6C6F0005576F726C64
239 extract 2 0             0x0001, 0, 0x, 0, 0, 2, 1, 1, 0x, 0x, 0x, 4, 2, 0x0102, 2, 0x0004000B000548656C6C6F0005576F726C64
242 bury 14                 0x0001, 0x0004000B000548656C6C6F0005576F726C64, 0x, 0, 0, 2, 1, 1, 0x, 0x, 0x, 4, 2, 0x0102, 2
244 int 0                   0x0001, 0x0004000B000548656C6C6F0005576F726C64, 0x, 0, 0, 2, 1, 1, 0x, 0x, 0x, 4, 2, 0x0102, 2, 0
245 bury 7                  0x0001, 0x0004000B000548656C6C6F0005576F726C64, 0x, 0, 0, 2, 1, 1, 0, 0x, 0x, 4, 2, 0x0102, 2
247 dig 6                   0x0001, 0x0004000B000548656C6C6F0005576F726C64, 0x, 0, 0, 2, 1, 1, 0, 0x, 0x, 4, 2, 0x0102, 2, 0
249 dig 10                  0x0001, 0x0004000B000548656C6C6F0005576F726C64, 0x, 0, 0, 2, 1, 1, 0, 0x, 0x, 4, 2, 0x0102, 2, 0, 2
251 <                       0x0001, 0x0004000B000548656C6C6F0005576F726C64, 0x, 0, 0, 2, 1, 1, 0, 0x, 0x, 4, 2, 0x0102, 2, 1
252 bz main_after_for@15    0x0001, 0x0004000B000548656C6C6F0005576F726C64, 0x, 0, 0, 2, 1, 1, 0, 0x, 0x, 4, 2, 0x0102, 2
255 dig 6                   0x0001, 0x0004000B000548656C6C6F0005576F726C64, 0x, 0, 0, 2, 1, 1, 0, 0x, 0x, 4, 2, 0x0102, 2, 0
257 dup                     0x0001, 0x0004000B000548656C6C6F0005576F726C64, 0x, 0, 0, 2, 1, 1, 0, 0x, 0x, 4, 2, 0x0102, 2, 0, 0
258 int 2                   0x0001, 0x0004000B000548656C6C6F0005576F726C64, 0x, 0, 0, 2, 1, 1, 0, 0x, 0x, 4, 2, 0x0102, 2, 0, 0, 2
259 *                       0x0001, 0x0004000B000548656C6C6F0005576F726C64, 0x, 0, 0, 2, 1, 1, 0, 0x, 0x, 4, 2, 0x0102, 2, 0, 0
260 dig 15                  0x0001, 0x0004000B000548656C6C6F0005576F726C64, 0x, 0, 0, 2, 1, 1, 0, 0x, 0x, 4, 2, 0x0102, 2, 0, 0, 0x0004000B000548656C6C6F0005576F726C64
262 dup                     0x0001, 0x0004000B000548656C6C6F0005576F726C64, 0x, 0, 0, 2, 1, 1, 0, 0x, 0x, 4, 2, 0x0102, 2, 0, 0, 0x0004000B000548656C6C6F0005576F726C64, 0x0004000B000548656C6C6F0005576F726C64
263 cover 2                 0x0001, 0x0004000B000548656C6C6F0005576F726C64, 0x, 0, 0, 2, 1, 1, 0, 0x, 0x, 4, 2, 0x0102, 2, 0, 0x0004000B000548656C6C6F0005576F726C64, 0, 0x0004000B000548656C6C6F0005576F726C64
265 swap                    0x0001, 0x0004000B000548656C6C6F0005576F726C64, 0x, 0, 0, 2, 1, 1, 0, 0x, 0x, 4, 2, 0x0102, 2, 0, 0x0004000B000548656C6C6F0005576F726C64, 0x0004000B000548656C6C6F0005576F726C64, 0
266 extract_uint16          0x0001, 0x0004000B000548656C6C6F0005576F726C64, 0x, 0, 0, 2, 1, 1, 0, 0x, 0x, 4, 2, 0x0102, 2, 0, 0x0004000B000548656C6C6F0005576F726C64, 4
267 dig 1                   0x0001, 0x0004000B000548656C6C6F0005576F726C64, 0x, 0, 0, 2, 1, 1, 0, 0x, 0x, 4, 2, 0x0102, 2, 0, 0x0004000B000548656C6C6F0005576F726C64, 4, 0x0004000B000548656C6C6F0005576F726C64
269 dig 1                   0x0001, 0x0004000B000548656C6C6F0005576F726C64, 0x, 0, 0, 2, 1, 1, 0, 0x, 0x, 4, 2, 0x0102, 2, 0, 0x0004000B000548656C6C6F0005576F726C64, 4, 0x0004000B000548656C6C6F0005576F726C64, 4
271 extract_uint16          0x0001, 0x0004000B000548656C6C6F0005576F726C64, 0x, 0, 0, 2, 1, 1, 0, 0x, 0x, 4, 2, 0x0102, 2, 0, 0x0004000B000548656C6C6F0005576F726C64, 4, 5
272 int 2                   0x0001, 0x0004000B000548656C6C6F0005576F726C64, 0x, 0, 0, 2, 1, 1, 0, 0x, 0x, 4, 2, 0x0102, 2, 0, 0x0004000B000548656C6C6F0005576F726C64, 4, 5, 2
273 +                       0x0001, 0x0004000B000548656C6C6F0005576F726C64, 0x, 0, 0, 2, 1, 1, 0, 0x, 0x, 4, 2, 0x0102, 2, 0, 0x0004000B000548656C6C6F0005576F726C64, 4, 7
274 extract3                0x0001, 0x0004000B000548656C6C6F0005576F726C64, 0x, 0, 0, 2, 1, 1, 0, 0x, 0x, 4, 2, 0x0102, 2, 0, 0x000548656C6C6F
275 swap                    0x0001, 0x0004000B000548656C6C6F0005576F726C64, 0x, 0, 0, 2, 1, 1, 0, 0x, 0x, 4, 2, 0x0102, 2, 0x000548656C6C6F, 0
276 int 0                   0x0001, 0x0004000B000548656C6C6F0005576F726C64, 0x, 0, 0, 2, 1, 1, 0, 0x, 0x, 4, 2, 0x0102, 2, 0x000548656C6C6F, 0, 0
277 ==                      0x0001, 0x0004000B000548656C6C6F0005576F726C64, 0x, 0, 0, 2, 1, 1, 0, 0x, 0x, 4, 2, 0x0102, 2, 0x000548656C6C6F, 1
278 bz main_else_body@12    0x0001, 0x0004000B000548656C6C6F0005576F726C64, 0x, 0, 0, 2, 1, 1, 0, 0x, 0x, 4, 2, 0x0102, 2, 0x000548656C6C6F
281 extract 2 0             0x0001, 0x0004000B000548656C6C6F0005576F726C64, 0x, 0, 0, 2, 1, 1, 0, 0x, 0x, 4, 2, 0x0102, 2, "Hello"
284 bury 13                 0x0001, 0x0004000B000548656C6C6F0005576F726C64, "Hello", 0, 0, 2, 1, 1, 0, 0x, 0x, 4, 2, 0x0102, 2
286 b main_after_if_else@13 0x0001, 0x0004000B000548656C6C6F0005576F726C64, "Hello", 0, 0, 2, 1, 1, 0, 0x, 0x, 4, 2, 0x0102, 2
302 dig 6                   0x0001, 0x0004000B000548656C6C6F0005576F726C64, "Hello", 0, 0, 2, 1, 1, 0, 0x, 0x, 4, 2, 0x0102, 2, 0
304 int 1                   0x0001, 0x0004000B000548656C6C6F0005576F726C64, "Hello", 0, 0, 2, 1, 1, 0, 0x, 0x, 4, 2, 0x0102, 2, 0, 1
305 +                       0x0001, 0x0004000B000548656C6C6F0005576F726C64, "Hello", 0, 0, 2, 1, 1, 0, 0x, 0x, 4, 2, 0x0102, 2, 1
306 bury 7                  0x0001, 0x0004000B000548656C6C6F0005576F726C64, "Hello", 0, 0, 2, 1, 1, 1, 0x, 0x, 4, 2, 0x0102, 2
308 b main_for_header@9     0x0001, 0x0004000B000548656C6C6F0005576F726C64, "Hello", 0, 0, 2, 1, 1, 1, 0x, 0x, 4, 2, 0x0102, 2
247 dig 6                   0x0001, 0x0004000B000548656C6C6F0005576F726C64, "Hello", 0, 0, 2, 1, 1, 1, 0x, 0x, 4, 2, 0x0102, 2, 1
249 dig 10                  0x0001, 0x0004000B000548656C6C6F0005576F726C64, "Hello", 0, 0, 2, 1, 1, 1, 0x, 0x, 4, 2, 0x0102, 2, 1, 2
251 <                       0x0001, 0x0004000B000548656C6C6F0005576F726C64, "Hello", 0, 0, 2, 1, 1, 1, 0x, 0x, 4, 2, 0x0102, 2, 1
252 bz main_after_for@15    0x0001, 0x0004000B000548656C6C6F0005576F726C64, "Hello", 0, 0, 2, 1, 1, 1, 0x, 0x, 4, 2, 0x0102, 2
255 dig 6                   0x0001, 0x0004000B000548656C6C6F0005576F726C64, "Hello", 0, 0, 2, 1, 1, 1, 0x, 0x, 4, 2, 0x0102, 2, 1
257 dup                     0x0001, 0x0004000B000548656C6C6F0005576F726C64, "Hello", 0, 0, 2, 1, 1, 1, 0x, 0x, 4, 2, 0x0102, 2, 1, 1
258 int 2                   0x0001, 0x0004000B000548656C6C6F0005576F726C64, "Hello", 0, 0, 2, 1, 1, 1, 0x, 0x, 4, 2, 0x0102, 2, 1, 1, 2
259 *                       0x0001, 0x0004000B000548656C6C6F0005576F726C64, "Hello", 0, 0, 2, 1, 1, 1, 0x, 0x, 4, 2, 0x0102, 2, 1, 2
260 dig 15                  0x0001, 0x0004000B000548656C6C6F0005576F726C64, "Hello", 0, 0, 2, 1, 1, 1, 0x, 0x, 4, 2, 0x0102, 2, 1, 2, 0x0004000B000548656C6C6F0005576F726C64
262 dup                     0x0001, 0x0004000B000548656C6C6F0005576F726C64, "Hello", 0, 0, 2, 1, 1, 1, 0x, 0x, 4, 2, 0x0102, 2, 1, 2, 0x0004000B000548656C6C6F0005576F726C64, 0x0004000B000548656C6C6F0005576F726C64
263 cover 2                 0x0001, 0x0004000B000548656C6C6F0005576F726C64, "Hello", 0, 0, 2, 1, 1, 1, 0x, 0x, 4, 2, 0x0102, 2, 1, 0x0004000B000548656C6C6F0005576F726C64, 2, 0x0004000B000548656C6C6F0005576F726C64
265 swap                    0x0001, 0x0004000B000548656C6C6F0005576F726C64, "Hello", 0, 0, 2, 1, 1, 1, 0x, 0x, 4, 2, 0x0102, 2, 1, 0x0004000B000548656C6C6F0005576F726C64, 0x0004000B000548656C6C6F0005576F726C64, 2
266 extract_uint16          0x0001, 0x0004000B000548656C6C6F0005576F726C64, "Hello", 0, 0, 2, 1, 1, 1, 0x, 0x, 4, 2, 0x0102, 2, 1, 0x0004000B000548656C6C6F0005576F726C64, 11
267 dig 1                   0x0001, 0x0004000B000548656C6C6F0005576F726C64, "Hello", 0, 0, 2, 1, 1, 1, 0x, 0x, 4, 2, 0x0102, 2, 1, 0x0004000B000548656C6C6F0005576F726C64, 11, 0x0004000B000548656C6C6F0005576F726C64
269 dig 1                   0x0001, 0x0004000B000548656C6C6F0005576F726C64, "Hello", 0, 0, 2, 1, 1, 1, 0x, 0x, 4, 2, 0x0102, 2, 1, 0x0004000B000548656C6C6F0005576F726C64, 11, 0x0004000B000548656C6C6F0005576F726C64, 11
271 extract_uint16          0x0001, 0x0004000B000548656C6C6F0005576F726C64, "Hello", 0, 0, 2, 1, 1, 1, 0x, 0x, 4, 2, 0x0102, 2, 1, 0x0004000B000548656C6C6F0005576F726C64, 11, 5
272 int 2                   0x0001, 0x0004000B000548656C6C6F0005576F726C64, "Hello", 0, 0, 2, 1, 1, 1, 0x, 0x, 4, 2, 0x0102, 2, 1, 0x0004000B000548656C6C6F0005576F726C64, 11, 5, 2
273 +                       0x0001, 0x0004000B000548656C6C6F0005576F726C64, "Hello", 0, 0, 2, 1, 1, 1, 0x, 0x, 4, 2, 0x0102, 2, 1, 0x0004000B000548656C6C6F0005576F726C64, 11, 7
274 extract3                0x0001, 0x0004000B000548656C6C6F0005576F726C64, "Hello", 0, 0, 2, 1, 1, 1, 0x, 0x, 4, 2, 0x0102, 2, 1, 0x0005576F726C64
275 swap                    0x0001, 0x0004000B000548656C6C6F0005576F726C64, "Hello", 0, 0, 2, 1, 1, 1, 0x, 0x, 4, 2, 0x0102, 2, 0x0005576F726C64, 1
276 int 0                   0x0001, 0x0004000B000548656C6C6F0005576F726C64, "Hello", 0, 0, 2, 1, 1, 1, 0x, 0x, 4, 2, 0x0102, 2, 0x0005576F726C64, 1, 0
277 ==                      0x0001, 0x0004000B000548656C6C6F0005576F726C64, "Hello", 0, 0, 2, 1, 1, 1, 0x, 0x, 4, 2, 0x0102, 2, 0x0005576F726C64, 0
278 bz main_else_body@12    0x0001, 0x0004000B000548656C6C6F0005576F726C64, "Hello", 0, 0, 2, 1, 1, 1, 0x, 0x, 4, 2, 0x0102, 2, 0x0005576F726C64
289 extract 2 0             0x0001, 0x0004000B000548656C6C6F0005576F726C64, "Hello", 0, 0, 2, 1, 1, 1, 0x, 0x, 4, 2, 0x0102, 2, "World"
292 byte " "                0x0001, 0x0004000B000548656C6C6F0005576F726C64, "Hello", 0, 0, 2, 1, 1, 1, 0x, 0x, 4, 2, 0x0102, 2, "World", " "
294 swap                    0x0001, 0x0004000B000548656C6C6F0005576F726C64, "Hello", 0, 0, 2, 1, 1, 1, 0x, 0x, 4, 2, 0x0102, 2, " ", "World"
295 concat                  0x0001, 0x0004000B000548656C6C6F0005576F726C64, "Hello", 0, 0, 2, 1, 1, 1, 0x, 0x, 4, 2, 0x0102, 2, " World"
296 dig 13                  0x0001, 0x0004000B000548656C6C6F0005576F726C64, "Hello", 0, 0, 2, 1, 1, 1, 0x, 0x, 4, 2, 0x0102, 2, " World", "Hello"
298 swap                    0x0001, 0x0004000B000548656C6C6F0005576F726C64, "Hello", 0, 0, 2, 1, 1, 1, 0x, 0x, 4, 2, 0x0102, 2, "Hello", " World"
299 concat                  0x0001, 0x0004000B000548656C6C6F0005576F726C64, "Hello", 0, 0, 2, 1, 1, 1, 0x, 0x, 4, 2, 0x0102, 2, "Hello World"
300 bury 13                 0x0001, 0x0004000B000548656C6C6F0005576F726C64, "Hello World", 0, 0, 2, 1, 1, 1, 0x, 0x, 4, 2, 0x0102, 2
302 dig 6                   0x0001, 0x0004000B000548656C6C6F0005576F726C64, "Hello World", 0, 0, 2, 1, 1, 1, 0x, 0x, 4, 2, 0x0102, 2, 1
304 int 1                   0x0001, 0x0004000B000548656C6C6F0005576F726C64, "Hello World", 0, 0, 2, 1, 1, 1, 0x, 0x, 4, 2, 0x0102, 2, 1, 1
305 +                       0x0001, 0x0004000B000548656C6C6F0005576F726C64, "Hello World", 0, 0, 2, 1, 1, 1, 0x, 0x, 4, 2, 0x0102, 2, 2
306 bury 7                  0x0001, 0x0004000B000548656C6C6F0005576F726C64, "Hello World", 0, 0, 2, 1, 1, 2, 0x, 0x, 4, 2, 0x0102, 2
308 b main_for_header@9     0x0001, 0x0004000B000548656C6C6F0005576F726C64, "Hello World", 0, 0, 2, 1, 1, 2, 0x, 0x, 4, 2, 0x0102, 2
247 dig 6                   0x0001, 0x0004000B000548656C6C6F0005576F726C64, "Hello World", 0, 0, 2, 1, 1, 2, 0x, 0x, 4, 2, 0x0102, 2, 2
249 dig 10                  0x0001, 0x0004000B000548656C6C6F0005576F726C64, "Hello World", 0, 0, 2, 1, 1, 2, 0x, 0x, 4, 2, 0x0102, 2, 2, 2
251 <                       0x0001, 0x0004000B000548656C6C6F0005576F726C64, "Hello World", 0, 0, 2, 1, 1, 2, 0x, 0x, 4, 2, 0x0102, 2, 0
252 bz main_after_for@15    0x0001, 0x0004000B000548656C6C6F0005576F726C64, "Hello World", 0, 0, 2, 1, 1, 2, 0x, 0x, 4, 2, 0x0102, 2
311 dig 12                  0x0001, 0x0004000B000548656C6C6F0005576F726C64, "Hello World", 0, 0, 2, 1, 1, 2, 0x, 0x, 4, 2, 0x0102, 2, "Hello World"
313 byte "Hello World"      0x0001, 0x0004000B000548656C6C6F0005576F726C64, "Hello World", 0, 0, 2, 1, 1, 2, 0x, 0x, 4, 2, 0x0102, 2, "Hello World", "Hello World"
326 ==                      0x0001, 0x0004000B000548656C6C6F0005576F726C64, "Hello World", 0, 0, 2, 1, 1, 2, 0x, 0x, 4, 2, 0x0102, 2, 1
327 assert                  0x0001, 0x0004000B000548656C6C6F0005576F726C64, "Hello World", 0, 0, 2, 1, 1, 2, 0x, 0x, 4, 2, 0x0102, 2
328 byte 0x                 0x0001, 0x0004000B000548656C6C6F0005576F726C64, "Hello World", 0, 0, 2, 1, 1, 2, 0x, 0x, 4, 2, 0x0102, 2, 0x
329 byte 0x00000001         0x0001, 0x0004000B000548656C6C6F0005576F726C64, "Hello World", 0, 0, 2, 1, 1, 2, 0x, 0x, 4, 2, 0x0102, 2, 0x, 0x00000001
335 concat                  0x0001, 0x0004000B000548656C6C6F0005576F726C64, "Hello World", 0, 0, 2, 1, 1, 2, 0x, 0x, 4, 2, 0x0102, 2, 0x00000001
336 byte 0x0000000a         0x0001, 0x0004000B000548656C6C6F0005576F726C64, "Hello World", 0, 0, 2, 1, 1, 2, 0x, 0x, 4, 2, 0x0102, 2, 0x00000001, 0x0000000A
342 concat                  0x0001, 0x0004000B000548656C6C6F0005576F726C64, "Hello World", 0, 0, 2, 1, 1, 2, 0x, 0x, 4, 2, 0x0102, 2, 0x000000010000000A
343 byte 0x000000ff         0x0001, 0x0004000B000548656C6C6F0005576F726C64, "Hello World", 0, 0, 2, 1, 1, 2, 0x, 0x, 4, 2, 0x0102, 2, 0x000000010000000A, 0x000000FF
349 concat                  0x0001, 0x0004000B000548656C6C6F0005576F726C64, "Hello World", 0, 0, 2, 1, 1, 2, 0x, 0x, 4, 2, 0x0102, 2, 0x000000010000000A000000FF
350 byte 0x00000080         0x0001, 0x0004000B000548656C6C6F0005576F726C64, "Hello World", 0, 0, 2, 1, 1, 2, 0x, 0x, 4, 2, 0x0102, 2, 0x000000010000000A000000FF, 0x00000080
356 concat                  0x0001, 0x0004000B000548656C6C6F0005576F726C64, "Hello World", 0, 0, 2, 1, 1, 2, 0x, 0x, 4, 2, 0x0102, 2, 0x000000010000000A000000FF00000080
357 bury 11                 0x0001, 0x0004000B000548656C6C6F0005576F726C64, "Hello World", 0, 0x000000010000000A000000FF00000080, 2, 1, 1, 2, 0x, 0x, 4, 2, 0x0102, 2
359 int 0                   0x0001, 0x0004000B000548656C6C6F0005576F726C64, "Hello World", 0, 0x000000010000000A000000FF00000080, 2, 1, 1, 2, 0x, 0x, 4, 2, 0x0102, 2, 0
360 bury 6                  0x0001, 0x0004000B000548656C6C6F0005576F726C64, "Hello World", 0, 0x000000010000000A000000FF00000080, 2, 1, 1, 2, 0, 0x, 4, 2, 0x0102, 2
362 dig 5                   0x0001, 0x0004000B000548656C6C6F0005576F726C64, "Hello World", 0, 0x000000010000000A000000FF00000080, 2, 1, 1, 2, 0, 0x, 4, 2, 0x0102, 2, 0
364 int 4                   0x0001, 0x0004000B000548656C6C6F0005576F726C64, "Hello World", 0, 0x000000010000000A000000FF00000080, 2, 1, 1, 2, 0, 0x, 4, 2, 0x0102, 2, 0, 4
365 <                       0x0001, 0x0004000B000548656C6C6F0005576F726C64, "Hello World", 0, 0x000000010000000A000000FF00000080, 2, 1, 1, 2, 0, 0x, 4, 2, 0x0102, 2, 1
366 bz main_after_for@19    0x0001, 0x0004000B000548656C6C6F0005576F726C64, "Hello World", 0, 0x000000010000000A000000FF00000080, 2, 1, 1, 2, 0, 0x, 4, 2, 0x0102, 2
369 dig 5                   0x0001, 0x0004000B000548656C6C6F0005576F726C64, "Hello World", 0, 0x000000010000000A000000FF00000080, 2, 1, 1, 2, 0, 0x, 4, 2, 0x0102, 2, 0
371 int 4                   0x0001, 0x0004000B000548656C6C6F0005576F726C64, "Hello World", 0, 0x000000010000000A000000FF00000080, 2, 1, 1, 2, 0, 0x, 4, 2, 0x0102, 2, 0, 4
372 *                       0x0001, 0x0004000B000548656C6C6F0005576F726C64, "Hello World", 0, 0x000000010000000A000000FF00000080, 2, 1, 1, 2, 0, 0x, 4, 2, 0x0102, 2, 0
373 dig 11                  0x0001, 0x0004000B000548656C6C6F0005576F726C64, "Hello World", 0, 0x000000010000000A000000FF00000080, 2, 1, 1, 2, 0, 0x, 4, 2, 0x0102, 2, 0, 0x000000010000000A000000FF00000080
375 swap                    0x0001, 0x0004000B000548656C6C6F0005576F726C64, "Hello World", 0, 0x000000010000000A000000FF00000080, 2, 1, 1, 2, 0, 0x, 4, 2, 0x0102, 2, 0x000000010000000A000000FF00000080, 0
376 int 4                   0x0001, 0x0004000B000548656C6C6F0005576F726C64, "Hello World", 0, 0x000000010000000A000000FF00000080, 2, 1, 1, 2, 0, 0x, 4, 2, 0x0102, 2, 0x000000010000000A000000FF00000080, 0, 4
377 extract3                0x0001, 0x0004000B000548656C6C6F0005576F726C64, "Hello World", 0, 0x000000010000000A000000FF00000080, 2, 1, 1, 2, 0, 0x, 4, 2, 0x0102, 2, 0x00000001
378 btoi                    0x0001, 0x0004000B000548656C6C6F0005576F726C64, "Hello World", 0, 0x000000010000000A000000FF00000080, 2, 1, 1, 2, 0, 0x, 4, 2, 0x0102, 2, 1
379 dig 4                   0x0001, 0x0004000B000548656C6C6F0005576F726C64, "Hello World", 0, 0x000000010000000A000000FF00000080, 2, 1, 1, 2, 0, 0x, 4, 2, 0x0102, 2, 1, 4
381 +                       0x0001, 0x0004000B000548656C6C6F0005576F726C64, "Hello World", 0, 0x000000010000000A000000FF00000080, 2, 1, 1, 2, 0, 0x, 4, 2, 0x0102, 2, 5
382 bury 4                  0x0001, 0x0004000B000548656C6C6F0005576F726C64, "Hello World", 0, 0x000000010000000A000000FF00000080, 2, 1, 1, 2, 0, 0x, 5, 2, 0x0102, 2
384 dig 5                   0x0001, 0x0004000B000548656C6C6F0005576F726C64, "Hello World", 0, 0x000000010000000A000000FF00000080, 2, 1, 1, 2, 0, 0x, 5, 2, 0x0102, 2, 0
386 int 1                   0x0001, 0x0004000B000548656C6C6F0005576F726C64, "Hello World", 0, 0x000000010000000A000000FF00000080, 2, 1, 1, 2, 0, 0x, 5, 2, 0x0102, 2, 0, 1
387 +                       0x0001, 0x0004000B000548656C6C6F0005576F726C64, "Hello World", 0, 0x000000010000000A000000FF00000080, 2, 1, 1, 2, 0, 0x, 5, 2, 0x0102, 2, 1
388 bury 6                  0x0001, 0x0004000B000548656C6C6F0005576F726C64, "Hello World", 0, 0x000000010000000A000000FF00000080, 2, 1, 1, 2, 1, 0x, 5, 2, 0x0102, 2
390 b main_for_header@16    0x0001, 0x0004000B000548656C6C6F0005576F726C64, "Hello World", 0, 0x000000010000000A000000FF00000080, 2, 1, 1, 2, 1, 0x, 5, 2, 0x0102, 2
362 dig 5                   0x0001, 0x0004000B000548656C6C6F0005576F726C64, "Hello World", 0, 0x000000010000000A000000FF00000080, 2, 1, 1, 2, 1, 0x, 5, 2, 0x0102, 2, 1
364 int 4                   0x0001, 0x0004000B000548656C6C6F0005576F726C64, "Hello World", 0, 0x000000010000000A000000FF00000080, 2, 1, 1, 2, 1, 0x, 5, 2, 0x0102, 2, 1, 4
365 <                       0x0001, 0x0004000B000548656C6C6F0005576F726C64, "Hello World", 0, 0x000000010000000A000000FF00000080, 2, 1, 1, 2, 1, 0x, 5, 2, 0x0102, 2, 1
366 bz main_after_for@19    0x0001, 0x0004000B000548656C6C6F0005576F726C64, "Hello World", 0, 0x000000010000000A000000FF00000080, 2, 1, 1, 2, 1, 0x, 5, 2, 0x0102, 2
369 dig 5                   0x0001, 0x0004000B000548656C6C6F0005576F726C64, "Hello World", 0, 0x000000010000000A000000FF00000080, 2, 1, 1, 2, 1, 0x, 5, 2, 0x0102, 2, 1
371 int 4                   0x0001, 0x0004000B000548656C6C6F0005576F726C64, "Hello World", 0, 0x000000010000000A000000FF00000080, 2, 1, 1, 2, 1, 0x, 5, 2, 0x0102, 2, 1, 4
372 *                       0x0001, 0x0004000B000548656C6C6F0005576F726C64, "Hello World", 0, 0x000000010000000A000000FF00000080, 2, 1, 1, 2, 1, 0x, 5, 2, 0x0102, 2, 4
373 dig 11                  0x0001, 0x0004000B000548656C6C6F0005576F726C64, "Hello World", 0, 0x000000010000000A000000FF00000080, 2, 1, 1, 2, 1, 0x, 5, 2, 0x0102, 2, 4, 0x000000010000000A000000FF00000080
375 swap                    0x0001, 0x0004000B000548656C6C6F0005576F726C64, "Hello World", 0, 0x000000010000000A000000FF00000080, 2, 1, 1, 2, 1, 0x, 5, 2, 0x0102, 2, 0x000000010000000A000000FF00000080, 4
376 int 4                   0x0001, 0x0004000B000548656C6C6F0005576F726C64, "Hello World", 0, 0x000000010000000A000000FF00000080, 2, 1, 1, 2, 1, 0x, 5, 2, 0x0102, 2, 0x000000010000000A000000FF00000080, 4, 4
377 extract3                0x0001, 0x0004000B000548656C6C6F0005576F726C64, "Hello World", 0, 0x000000010000000A000000FF00000080, 2, 1, 1, 2, 1, 0x, 5, 2, 0x0102, 2, 0x0000000A
378 btoi                    0x0001, 0x0004000B000548656C6C6F0005576F726C64, "Hello World", 0, 0x000000010000000A000000FF00000080, 2, 1, 1, 2, 1, 0x, 5, 2, 0x0102, 2, 10
379 dig 4                   0x0001, 0x0004000B000548656C6C6F0005576F726C64, "Hello World", 0, 0x000000010000000A000000FF00000080, 2, 1, 1, 2, 1, 0x, 5, 2, 0x0102, 2, 10, 5
381 +                       0x0001, 0x0004000B000548656C6C6F0005576F726C64, "Hello World", 0, 0x000000010000000A000000FF00000080, 2, 1, 1, 2, 1, 0x, 5, 2, 0x0102, 2, 15
382 bury 4                  0x0001, 0x0004000B000548656C6C6F0005576F726C64, "Hello World", 0, 0x000000010000000A000000FF00000080, 2, 1, 1, 2, 1, 0x, 15, 2, 0x0102, 2
384 dig 5                   0x0001, 0x0004000B000548656C6C6F0005576F726C64, "Hello World", 0, 0x000000010000000A000000FF00000080, 2, 1, 1, 2, 1, 0x, 15, 2, 0x0102, 2, 1
386 int 1                   0x0001, 0x0004000B000548656C6C6F0005576F726C64, "Hello World", 0, 0x000000010000000A000000FF00000080, 2, 1, 1, 2, 1, 0x, 15, 2, 0x0102, 2, 1, 1
387 +                       0x0001, 0x0004000B000548656C6C6F0005576F726C64, "Hello World", 0, 0x000000010000000A000000FF00000080, 2, 1, 1, 2, 1, 0x, 15, 2, 0x0102, 2, 2
388 bury 6                  0x0001, 0x0004000B000548656C6C6F0005576F726C64, "Hello World", 0, 0x000000010000000A000000FF00000080, 2, 1, 1, 2, 2, 0x, 15, 2, 0x0102, 2
390 b main_for_header@16    0x0001, 0x0004000B000548656C6C6F0005576F726C64, "Hello World", 0, 0x000000010000000A000000FF00000080, 2, 1, 1, 2, 2, 0x, 15, 2, 0x0102, 2
362 dig 5                   0x0001, 0x0004000B000548656C6C6F0005576F726C64, "Hello World", 0, 0x000000010000000A000000FF00000080, 2, 1, 1, 2, 2, 0x, 15, 2, 0x0102, 2, 2
364 int 4                   0x0001, 0x0004000B000548656C6C6F0005576F726C64, "Hello World", 0, 0x000000010000000A000000FF00000080, 2, 1, 1, 2, 2, 0x, 15, 2, 0x0102, 2, 2, 4
365 <                       0x0001, 0x0004000B000548656C6C6F0005576F726C64, "Hello World", 0, 0x000000010000000A000000FF00000080, 2, 1, 1, 2, 2, 0x, 15, 2, 0x0102, 2, 1
366 bz main_after_for@19    0x0001, 0x0004000B000548656C6C6F0005576F726C64, "Hello World", 0, 0x000000010000000A000000FF00000080, 2, 1, 1, 2, 2, 0x, 15, 2, 0x0102, 2
369 dig 5                   0x0001, 0x0004000B000548656C6C6F0005576F726C64, "Hello World", 0, 0x000000010000000A000000FF00000080, 2, 1, 1, 2, 2, 0x, 15, 2, 0x0102, 2, 2
371 int 4                   0x0001, 0x0004000B000548656C6C6F0005576F726C64, "Hello World", 0, 0x000000010000000A000000FF00000080, 2, 1, 1, 2, 2, 0x, 15, 2, 0x0102, 2, 2, 4
372 *                       0x0001, 0x0004000B000548656C6C6F0005576F726C64, "Hello World", 0, 0x000000010000000A000000FF00000080, 2, 1, 1, 2, 2, 0x, 15, 2, 0x0102, 2, 8
373 dig 11                  0x0001, 0x0004000B000548656C6C6F0005576F726C64, "Hello World", 0, 0x000000010000000A000000FF00000080, 2, 1, 1, 2, 2, 0x, 15, 2, 0x0102, 2, 8, 0x000000010000000A000000FF00000080
375 swap                    0x0001, 0x0004000B000548656C6C6F0005576F726C64, "Hello World", 0, 0x000000010000000A000000FF00000080, 2, 1, 1, 2, 2, 0x, 15, 2, 0x0102, 2, 0x000000010000000A000000FF00000080, 8
376 int 4                   0x0001, 0x0004000B000548656C6C6F0005576F726C64, "Hello World", 0, 0x000000010000000A000000FF00000080, 2, 1, 1, 2, 2, 0x, 15, 2, 0x0102, 2, 0x000000010000000A000000FF00000080, 8, 4
377 extract3                0x0001, 0x0004000B000548656C6C6F0005576F726C64, "Hello World", 0, 0x000000010000000A000000FF00000080, 2, 1, 1, 2, 2, 0x, 15, 2, 0x0102, 2, 0x000000FF
378 btoi                    0x0001, 0x0004000B000548656C6C6F0005576F726C64, "Hello World", 0, 0x000000010000000A000000FF00000080, 2, 1, 1, 2, 2, 0x, 15, 2, 0x0102, 2, 255
379 dig 4                   0x0001, 0x0004000B000548656C6C6F0005576F726C64, "Hello World", 0, 0x000000010000000A000000FF00000080, 2, 1, 1, 2, 2, 0x, 15, 2, 0x0102, 2, 255, 15
381 +                       0x0001, 0x0004000B000548656C6C6F0005576F726C64, "Hello World", 0, 0x000000010000000A000000FF00000080, 2, 1, 1, 2, 2, 0x, 15, 2, 0x0102, 2, 270
382 bury 4                  0x0001, 0x0004000B000548656C6C6F0005576F726C64, "Hello World", 0, 0x000000010000000A000000FF00000080, 2, 1, 1, 2, 2, 0x, 270, 2, 0x0102, 2
384 dig 5                   0x0001, 0x0004000B000548656C6C6F0005576F726C64, "Hello World", 0, 0x000000010000000A000000FF00000080, 2, 1, 1, 2, 2, 0x, 270, 2, 0x0102, 2, 2
386 int 1                   0x0001, 0x0004000B000548656C6C6F0005576F726C64, "Hello World", 0, 0x000000010000000A000000FF00000080, 2, 1, 1, 2, 2, 0x, 270, 2, 0x0102, 2, 2, 1
387 +                       0x0001, 0x0004000B000548656C6C6F0005576F726C64, "Hello World", 0, 0x000000010000000A000000FF00000080, 2, 1, 1, 2, 2, 0x, 270, 2, 0x0102, 2, 3
388 bury 6                  0x0001, 0x0004000B000548656C6C6F0005576F726C64, "Hello World", 0, 0x000000010000000A000000FF00000080, 2, 1, 1, 2, 3, 0x, 270, 2, 0x0102, 2
390 b main_for_header@16    0x0001, 0x0004000B000548656C6C6F0005576F726C64, "Hello World", 0, 0x000000010000000A000000FF00000080, 2, 1, 1, 2, 3, 0x, 270, 2, 0x0102, 2
362 dig 5                   0x0001, 0x0004000B000548656C6C6F0005576F726C64, "Hello World", 0, 0x000000010000000A000000FF00000080, 2, 1, 1, 2, 3, 0x, 270, 2, 0x0102, 2, 3
364 int 4                   0x0001, 0x0004000B000548656C6C6F0005576F726C64, "Hello World", 0, 0x000000010000000A000000FF00000080, 2, 1, 1, 2, 3, 0x, 270, 2, 0x0102, 2, 3, 4
365 <                       0x0001, 0x0004000B000548656C6C6F0005576F726C64, "Hello World", 0, 0x000000010000000A000000FF00000080, 2, 1, 1, 2, 3, 0x, 270, 2, 0x0102, 2, 1
366 bz main_after_for@19    0x0001, 0x0004000B000548656C6C6F0005576F726C64, "Hello World", 0, 0x000000010000000A000000FF00000080, 2, 1, 1, 2, 3, 0x, 270, 2, 0x0102, 2
369 dig 5                   0x0001, 0x0004000B000548656C6C6F0005576F726C64, "Hello World", 0, 0x000000010000000A000000FF00000080, 2, 1, 1, 2, 3, 0x, 270, 2, 0x0102, 2, 3
371 int 4                   0x0001, 0x0004000B000548656C6C6F0005576F726C64, "Hello World", 0, 0x000000010000000A000000FF00000080, 2, 1, 1, 2, 3, 0x, 270, 2, 0x0102, 2, 3, 4
372 *                       0x0001, 0x0004000B000548656C6C6F0005576F726C64, "Hello World", 0, 0x000000010000000A000000FF00000080, 2, 1, 1, 2, 3, 0x, 270, 2, 0x0102, 2, 12
373 dig 11                  0x0001, 0x0004000B000548656C6C6F0005576F726C64, "Hello World", 0, 0x000000010000000A000000FF00000080, 2, 1, 1, 2, 3, 0x, 270, 2, 0x0102, 2, 12, 0x000000010000000A000000FF00000080
375 swap                    0x0001, 0x0004000B000548656C6C6F0005576F726C64, "Hello World", 0, 0x000000010000000A000000FF00000080, 2, 1, 1, 2, 3, 0x, 270, 2, 0x0102, 2, 0x000000010000000A000000FF00000080, 12
376 int 4                   0x0001, 0x0004000B000548656C6C6F0005576F726C64, "Hello World", 0, 0x000000010000000A000000FF00000080, 2, 1, 1, 2, 3, 0x, 270, 2, 0x0102, 2, 0x000000010000000A000000FF00000080, 12, 4
377 extract3                0x0001, 0x0004000B000548656C6C6F0005576F726C64, "Hello World", 0, 0x000000010000000A000000FF00000080, 2, 1, 1, 2, 3, 0x, 270, 2, 0x0102, 2, 0x00000080
378 btoi                    0x0001, 0x0004000B000548656C6C6F0005576F726C64, "Hello World", 0, 0x000000010000000A000000FF00000080, 2, 1, 1, 2, 3, 0x, 270, 2, 0x0102, 2, 128
379 dig 4                   0x0001, 0x0004000B000548656C6C6F0005576F726C64, "Hello World", 0, 0x000000010000000A000000FF00000080, 2, 1, 1, 2, 3, 0x, 270, 2, 0x0102, 2, 128, 270
381 +                       0x0001, 0x0004000B000548656C6C6F0005576F726C64, "Hello World", 0, 0x000000010000000A000000FF00000080, 2, 1, 1, 2, 3, 0x, 270, 2, 0x0102, 2, 398
382 bury 4                  0x0001, 0x0004000B000548656C6C6F0005576F726C64, "Hello World", 0, 0x000000010000000A000000FF00000080, 2, 1, 1, 2, 3, 0x, 398, 2, 0x0102, 2
384 dig 5                   0x0001, 0x0004000B000548656C6C6F0005576F726C64, "Hello World", 0, 0x000000010000000A000000FF00000080, 2, 1, 1, 2, 3, 0x, 398, 2, 0x0102, 2, 3
386 int 1                   0x0001, 0x0004000B000548656C6C6F0005576F726C64, "Hello World", 0, 0x000000010000000A000000FF00000080, 2, 1, 1, 2, 3, 0x, 398, 2, 0x0102, 2, 3, 1
387 +                       0x0001, 0x0004000B000548656C6C6F0005576F726C64, "Hello World", 0, 0x000000010000000A000000FF00000080, 2, 1, 1, 2, 3, 0x, 398, 2, 0x0102, 2, 4
388 bury 6                  0x0001, 0x0004000B000548656C6C6F0005576F726C64, "Hello World", 0, 0x000000010000000A000000FF00000080, 2, 1, 1, 2, 4, 0x, 398, 2, 0x0102, 2
390 b main_for_header@16    0x0001, 0x0004000B000548656C6C6F0005576F726C64, "Hello World", 0, 0x000000010000000A000000FF00000080, 2, 1, 1, 2, 4, 0x, 398, 2, 0x0102, 2
362 dig 5                   0x0001, 0x0004000B000548656C6C6F0005576F726C64, "Hello World", 0, 0x000000010000000A000000FF00000080, 2, 1, 1, 2, 4, 0x, 398, 2, 0x0102, 2, 4
364 int 4                   0x0001, 0x0004000B000548656C6C6F0005576F726C64, "Hello World", 0, 0x000000010000000A000000FF00000080, 2, 1, 1, 2, 4, 0x, 398, 2, 0x0102, 2, 4, 4
365 <                       0x0001, 0x0004000B000548656C6C6F0005576F726C64, "Hello World", 0, 0x000000010000000A000000FF00000080, 2, 1, 1, 2, 4, 0x, 398, 2, 0x0102, 2, 0
366 bz main_after_for@19    0x0001, 0x0004000B000548656C6C6F0005576F726C64, "Hello World", 0, 0x000000010000000A000000FF00000080, 2, 1, 1, 2, 4, 0x, 398, 2, 0x0102, 2
393 dig 3                   0x0001, 0x0004000B000548656C6C6F0005576F726C64, "Hello World", 0, 0x000000010000000A000000FF00000080, 2, 1, 1, 2, 4, 0x, 398, 2, 0x0102, 2, 398
395 int 398                 0x0001, 0x0004000B000548656C6C6F0005576F726C64, "Hello World", 0, 0x000000010000000A000000FF00000080, 2, 1, 1, 2, 4, 0x, 398, 2, 0x0102, 2, 398, 398
398 ==                      0x0001, 0x0004000B000548656C6C6F0005576F726C64, "Hello World", 0, 0x000000010000000A000000FF00000080, 2, 1, 1, 2, 4, 0x, 398, 2, 0x0102, 2, 1
399 assert                  0x0001, 0x0004000B000548656C6C6F0005576F726C64, "Hello World", 0, 0x000000010000000A000000FF00000080, 2, 1, 1, 2, 4, 0x, 398, 2, 0x0102, 2
400 byte 0x                 0x0001, 0x0004000B000548656C6C6F0005576F726C64, "Hello World", 0, 0x000000010000000A000000FF00000080, 2, 1, 1, 2, 4, 0x, 398, 2, 0x0102, 2, 0x
401 byte 0x65               0x0001, 0x0004000B000548656C6C6F0005576F726C64, "Hello World", 0, 0x000000010000000A000000FF00000080, 2, 1, 1, 2, 4, 0x, 398, 2, 0x0102, 2, 0x, "e"
404 concat                  0x0001, 0x0004000B000548656C6C6F0005576F726C64, "Hello World", 0, 0x000000010000000A000000FF00000080, 2, 1, 1, 2, 4, 0x, 398, 2, 0x0102, 2, "e"
405 int 0                   0x0001, 0x0004000B000548656C6C6F0005576F726C64, "Hello World", 0, 0x000000010000000A000000FF00000080, 2, 1, 1, 2, 4, 0x, 398, 2, 0x0102, 2, "e", 0
406 swap                    0x0001, 0x0004000B000548656C6C6F0005576F726C64, "Hello World", 0, 0x000000010000000A000000FF00000080, 2, 1, 1, 2, 4, 0x, 398, 2, 0x0102, 2, 0, "e"
407 int 0                   0x0001, 0x0004000B000548656C6C6F0005576F726C64, "Hello World", 0, 0x000000010000000A000000FF00000080, 2, 1, 1, 2, 4, 0x, 398, 2, 0x0102, 2, 0, "e", 0
408 int 1                   0x0001, 0x0004000B000548656C6C6F0005576F726C64, "Hello World", 0, 0x000000010000000A000000FF00000080, 2, 1, 1, 2, 4, 0x, 398, 2, 0x0102, 2, 0, "e", 0, 1
409 *                       0x0001, 0x0004000B000548656C6C6F0005576F726C64, "Hello World", 0, 0x000000010000000A000000FF00000080, 2, 1, 1, 2, 4, 0x, 398, 2, 0x0102, 2, 0, "e", 0
410 dig 1                   0x0001, 0x0004000B000548656C6C6F0005576F726C64, "Hello World", 0, 0x000000010000000A000000FF00000080, 2, 1, 1, 2, 4, 0x, 398, 2, 0x0102, 2, 0, "e", 0, "e"
412 swap                    0x0001, 0x0004000B000548656C6C6F0005576F726C64, "Hello World", 0, 0x000000010000000A000000FF00000080, 2, 1, 1, 2, 4, 0x, 398, 2, 0x0102, 2, 0, "e", "e", 0
413 int 1                   0x0001, 0x0004000B000548656C6C6F0005576F726C64, "Hello World", 0, 0x000000010000000A000000FF00000080, 2, 1, 1, 2, 4, 0x, 398, 2, 0x0102, 2, 0, "e", "e", 0, 1
414 extract3                0x0001, 0x0004000B000548656C6C6F0005576F726C64, "Hello World", 0, 0x000000010000000A000000FF00000080, 2, 1, 1, 2, 4, 0x, 398, 2, 0x0102, 2, 0, "e", "e"
415 btoi                    0x0001, 0x0004000B000548656C6C6F0005576F726C64, "Hello World", 0, 0x000000010000000A000000FF00000080, 2, 1, 1, 2, 4, 0x, 398, 2, 0x0102, 2, 0, "e", 101
416 cover 2                 0x0001, 0x0004000B000548656C6C6F0005576F726C64, "Hello World", 0, 0x000000010000000A000000FF00000080, 2, 1, 1, 2, 4, 0x, 398, 2, 0x0102, 2, 101, 0, "e"
418 int 1                   0x0001, 0x0004000B000548656C6C6F0005576F726C64, "Hello World", 0, 0x000000010000000A000000FF00000080, 2, 1, 1, 2, 4, 0x, 398, 2, 0x0102, 2, 101, 0, "e", 1
419 dig 2                   0x0001, 0x0004000B000548656C6C6F0005576F726C64, "Hello World", 0, 0x000000010000000A000000FF00000080, 2, 1, 1, 2, 4, 0x, 398, 2, 0x0102, 2, 101, 0, "e", 1, 0
421 >                       0x0001, 0x0004000B000548656C6C6F0005576F726C64, "Hello World", 0, 0x000000010000000A000000FF00000080, 2, 1, 1, 2, 4, 0x, 398, 2, 0x0102, 2, 101, 0, "e", 1
422 assert                  0x0001, 0x0004000B000548656C6C6F0005576F726C64, "Hello World", 0, 0x000000010000000A000000FF00000080, 2, 1, 1, 2, 4, 0x, 398, 2, 0x0102, 2, 101, 0, "e"
423 swap                    0x0001, 0x0004000B000548656C6C6F0005576F726C64, "Hello World", 0, 0x000000010000000A000000FF00000080, 2, 1, 1, 2, 4, 0x, 398, 2, 0x0102, 2, 101, "e", 0
424 int 1                   0x0001, 0x0004000B000548656C6C6F0005576F726C64, "Hello World", 0, 0x000000010000000A000000FF00000080, 2, 1, 1, 2, 4, 0x, 398, 2, 0x0102, 2, 101, "e", 0, 1
425 *                       0x0001, 0x0004000B000548656C6C6F0005576F726C64, "Hello World", 0, 0x000000010000000A000000FF00000080, 2, 1, 1, 2, 4, 0x, 398, 2, 0x0102, 2, 101, "e", 0
426 int 1                   0x0001, 0x0004000B000548656C6C6F0005576F726C64, "Hello World", 0, 0x000000010000000A000000FF00000080, 2, 1, 1, 2, 4, 0x, 398, 2, 0x0102, 2, 101, "e", 0, 1
427 extract3                0x0001, 0x0004000B000548656C6C6F0005576F726C64, "Hello World", 0, 0x000000010000000A000000FF00000080, 2, 1, 1, 2, 4, 0x, 398, 2, 0x0102, 2, 101, "e"
428 btoi                    0x0001, 0x0004000B000548656C6C6F0005576F726C64, "Hello World", 0, 0x000000010000000A000000FF00000080, 2, 1, 1, 2, 4, 0x, 398, 2, 0x0102, 2, 101, 101
429 +                       0x0001, 0x0004000B000548656C6C6F0005576F726C64, "Hello World", 0, 0x000000010000000A000000FF00000080, 2, 1, 1, 2, 4, 0x, 398, 2, 0x0102, 2, 202
430 int 202                 0x0001, 0x0004000B000548656C6C6F0005576F726C64, "Hello World", 0, 0x000000010000000A000000FF00000080, 2, 1, 1, 2, 4, 0x, 398, 2, 0x0102, 2, 202, 202
433 ==                      0x0001, 0x0004000B000548656C6C6F0005576F726C64, "Hello World", 0, 0x000000010000000A000000FF00000080, 2, 1, 1, 2, 4, 0x, 398, 2, 0x0102, 2, 1
434 assert                  0x0001, 0x0004000B000548656C6C6F0005576F726C64, "Hello World", 0, 0x000000010000000A000000FF00000080, 2, 1, 1, 2, 4, 0x, 398, 2, 0x0102, 2
435 byte 0x                 0x0001, 0x0004000B000548656C6C6F0005576F726C64, "Hello World", 0, 0x000000010000000A000000FF00000080, 2, 1, 1, 2, 4, 0x, 398, 2, 0x0102, 2, 0x
436 int 4                   0x0001, 0x0004000B000548656C6C6F0005576F726C64, "Hello World", 0, 0x000000010000000A000000FF00000080, 2, 1, 1, 2, 4, 0x, 398, 2, 0x0102, 2, 0x, 4
437 dup                     0x0001, 0x0004000B000548656C6C6F0005576F726C64, "Hello World", 0, 0x000000010000000A000000FF00000080, 2, 1, 1, 2, 4, 0x, 398, 2, 0x0102, 2, 0x, 4, 4
438 itob                    0x0001, 0x0004000B000548656C6C6F0005576F726C64, "Hello World", 0, 0x000000010000000A000000FF00000080, 2, 1, 1, 2, 4, 0x, 398, 2, 0x0102, 2, 0x, 4, 0x0000000000000004
439 extract 6 2             0x0001, 0x0004000B000548656C6C6F0005576F726C64, "Hello World", 0, 0x000000010000000A000000FF00000080, 2, 1, 1, 2, 4, 0x, 398, 2, 0x0102, 2, 0x, 4, 0x0004
442 uncover 2               0x0001, 0x0004000B000548656C6C6F0005576F726C64, "Hello World", 0, 0x000000010000000A000000FF00000080, 2, 1, 1, 2, 4, 0x, 398, 2, 0x0102, 2, 4, 0x0004, 0x
444 swap                    0x0001, 0x0004000B000548656C6C6F0005576F726C64, "Hello World", 0, 0x000000010000000A000000FF00000080, 2, 1, 1, 2, 4, 0x, 398, 2, 0x0102, 2, 4, 0x, 0x0004
445 concat                  0x0001, 0x0004000B000548656C6C6F0005576F726C64, "Hello World", 0, 0x000000010000000A000000FF00000080, 2, 1, 1, 2, 4, 0x, 398, 2, 0x0102, 2, 4, 0x0004
446 swap                    0x0001, 0x0004000B000548656C6C6F0005576F726C64, "Hello World", 0, 0x000000010000000A000000FF00000080, 2, 1, 1, 2, 4, 0x, 398, 2, 0x0102, 2, 0x0004, 4
447 byte "\x00\x04Ping"     0x0001, 0x0004000B000548656C6C6F0005576F726C64, "Hello World", 0, 0x000000010000000A000000FF00000080, 2, 1, 1, 2, 4, 0x, 398, 2, 0x0102, 2, 0x0004, 4, 0x000450696E67
449 len                     0x0001, 0x0004000B000548656C6C6F0005576F726C64, "Hello World", 0, 0x000000010000000A000000FF00000080, 2, 1, 1, 2, 4, 0x, 398, 2, 0x0102, 2, 0x0004, 4, 6
450 +                       0x0001, 0x0004000B000548656C6C6F0005576F726C64, "Hello World", 0, 0x000000010000000A000000FF00000080, 2, 1, 1, 2, 4, 0x, 398, 2, 0x0102, 2, 0x0004, 10
451 dup                     0x0001, 0x0004000B000548656C6C6F0005576F726C64, "Hello World", 0, 0x000000010000000A000000FF00000080, 2, 1, 1, 2, 4, 0x, 398, 2, 0x0102, 2, 0x0004, 10, 10
452 itob                    0x0001, 0x0004000B000548656C6C6F0005576F726C64, "Hello World", 0, 0x000000010000000A000000FF00000080, 2, 1, 1, 2, 4, 0x, 398, 2, 0x0102, 2, 0x0004, 10, 0x000000000000000A
453 extract 6 2             0x0001, 0x0004000B000548656C6C6F0005576F726C64, "Hello World", 0, 0x000000010000000A000000FF00000080, 2, 1, 1, 2, 4, 0x, 398, 2, 0x0102, 2, 0x0004, 10, 0x000A
456 uncover 2               0x0001, 0x0004000B000548656C6C6F0005576F726C64, "Hello World", 0, 0x000000010000000A000000FF00000080, 2, 1, 1, 2, 4, 0x, 398, 2, 0x0102, 2, 10, 0x000A, 0x0004
458 swap                    0x0001, 0x0004000B000548656C6C6F0005576F726C64, "Hello World", 0, 0x000000010000000A000000FF00000080, 2, 1, 1, 2, 4, 0x, 398, 2, 0x0102, 2, 10, 0x0004, 0x000A
459 concat                  0x0001, 0x0004000B000548656C6C6F0005576F726C64, "Hello World", 0, 0x000000010000000A000000FF00000080, 2, 1, 1, 2, 4, 0x, 398, 2, 0x0102, 2, 10, 0x0004000A
460 byte "\x00\x04Pong"     0x0001, 0x0004000B000548656C6C6F0005576F726C64, "Hello World", 0, 0x000000010000000A000000FF00000080, 2, 1, 1, 2, 4, 0x, 398, 2, 0x0102, 2, 10, 0x0004000A, 0x0004506F6E67
462 len                     0x0001, 0x0004000B000548656C6C6F0005576F726C64, "Hello World", 0, 0x000000010000000A000000FF00000080, 2, 1, 1, 2, 4, 0x, 398, 2, 0x0102, 2, 10, 0x0004000A, 6
463 uncover 2               0x0001, 0x0004000B000548656C6C6F0005576F726C64, "Hello World", 0, 0x000000010000000A000000FF00000080, 2, 1, 1, 2, 4, 0x, 398, 2, 0x0102, 2, 0x0004000A, 6, 10
465 +                       0x0001, 0x0004000B000548656C6C6F0005576F726C64, "Hello World", 0, 0x000000010000000A000000FF00000080, 2, 1, 1, 2, 4, 0x, 398, 2, 0x0102, 2, 0x0004000A, 16
466 pop                     0x0001, 0x0004000B000548656C6C6F0005576F726C64, "Hello World", 0, 0x000000010000000A000000FF00000080, 2, 1, 1, 2, 4, 0x, 398, 2, 0x0102, 2, 0x0004000A
467 byte "\x00\x04Ping"     0x0001, 0x0004000B000548656C6C6F0005576F726C64, "Hello World", 0, 0x000000010000000A000000FF00000080, 2, 1, 1, 2, 4, 0x, 398, 2, 0x0102, 2, 0x0004000A, 0x000450696E67
469 concat                  0x0001, 0x0004000B000548656C6C6F0005576F726C64, "Hello World", 0, 0x000000010000000A000000FF00000080, 2, 1, 1, 2, 4, 0x, 398, 2, 0x0102, 2, 0x0004000A000450696E67
470 byte "\x00\x04Pong"     0x0001, 0x0004000B000548656C6C6F0005576F726C64, "Hello World", 0, 0x000000010000000A000000FF00000080, 2, 1, 1, 2, 4, 0x, 398, 2, 0x0102, 2, 0x0004000A000450696E67, 0x0004506F6E67
472 concat                  0x0001, 0x0004000B000548656C6C6F0005576F726C64, "Hello World", 0, 0x000000010000000A000000FF00000080, 2, 1, 1, 2, 4, 0x, 398, 2, 0x0102, 2, 0x0004000A000450696E670004506F6E67
473 bury 12                 0x0001, 0x0004000B000548656C6C6F0005576F726C64, "Hello World", 0x0004000A000450696E670004506F6E67, 0x000000010000000A000000FF00000080, 2, 1, 1, 2, 4, 0x, 398, 2, 0x0102, 2
475 byte ""                 0x0001, 0x0004000B000548656C6C6F0005576F726C64, "Hello World", 0x0004000A000450696E670004506F6E67, 0x000000010000000A000000FF00000080, 2, 1, 1, 2, 4, 0x, 398, 2, 0x0102, 2, 0x
476 bury 13                 0x0001, 0x0004000B000548656C6C6F0005576F726C64, 0x, 0x0004000A000450696E670004506F6E67, 0x000000010000000A000000FF00000080, 2, 1, 1, 2, 4, 0x, 398, 2, 0x0102, 2
478 int 0                   0x0001, 0x0004000B000548656C6C6F0005576F726C64, 0x, 0x0004000A000450696E670004506F6E67, 0x000000010000000A000000FF00000080, 2, 1, 1, 2, 4, 0x, 398, 2, 0x0102, 2, 0
479 bury 5                  0x0001, 0x0004000B000548656C6C6F0005576F726C64, 0x, 0x0004000A000450696E670004506F6E67, 0x000000010000000A000000FF00000080, 2, 1, 1, 2, 4, 0, 398, 2, 0x0102, 2
481 dig 4                   0x0001, 0x0004000B000548656C6C6F0005576F726C64, 0x, 0x0004000A000450696E670004506F6E67, 0x000000010000000A000000FF00000080, 2, 1, 1, 2, 4, 0, 398, 2, 0x0102, 2, 0
483 int 2                   0x0001, 0x0004000B000548656C6C6F0005576F726C64, 0x, 0x0004000A000450696E670004506F6E67, 0x000000010000000A000000FF00000080, 2, 1, 1, 2, 4, 0, 398, 2, 0x0102, 2, 0, 2
484 <                       0x0001, 0x0004000B000548656C6C6F0005576F726C64, 0x, 0x0004000A000450696E670004506F6E67, 0x000000010000000A000000FF00000080, 2, 1, 1, 2, 4, 0, 398, 2, 0x0102, 2, 1
485 bz main_after_for@26    0x0001, 0x0004000B000548656C6C6F0005576F726C64, 0x, 0x0004000A000450696E670004506F6E67, 0x000000010000000A000000FF00000080, 2, 1, 1, 2, 4, 0, 398, 2, 0x0102, 2
488 dig 4                   0x0001, 0x0004000B000548656C6C6F0005576F726C64, 0x, 0x0004000A000450696E670004506F6E67, 0x000000010000000A000000FF00000080, 2, 1, 1, 2, 4, 0, 398, 2, 0x0102, 2, 0
490 dup                     0x0001, 0x0004000B000548656C6C6F0005576F726C64, 0x, 0x0004000A000450696E670004506F6E67, 0x000000010000000A000000FF00000080, 2, 1, 1, 2, 4, 0, 398, 2, 0x0102, 2, 0, 0
491 int 2                   0x0001, 0x0004000B000548656C6C6F0005576F726C64, 0x, 0x0004000A000450696E670004506F6E67, 0x000000010000000A000000FF00000080, 2, 1, 1, 2, 4, 0, 398, 2, 0x0102, 2, 0, 0, 2
492 *                       0x0001, 0x0004000B000548656C6C6F0005576F726C64, 0x, 0x0004000A000450696E670004506F6E67, 0x000000010000000A000000FF00000080, 2, 1, 1, 2, 4, 0, 398, 2, 0x0102, 2, 0, 0
493 dig 13                  0x0001, 0x0004000B000548656C6C6F0005576F726C64, 0x, 0x0004000A000450696E670004506F6E67, 0x000000010000000A000000FF00000080, 2, 1, 1, 2, 4, 0, 398, 2, 0x0102, 2, 0, 0, 0x0004000A000450696E670004506F6E67
495 dup                     0x0001, 0x0004000B000548656C6C6F0005576F726C64, 0x, 0x0004000A000450696E670004506F6E67, 0x000000010000000A000000FF00000080, 2, 1, 1, 2, 4, 0, 398, 2, 0x0102, 2, 0, 0, 0x0004000A000450696E670004506F6E67, 0x0004000A000450696E670004506F6E67
496 cover 2                 0x0001, 0x0004000B000548656C6C6F0005576F726C64, 0x, 0x0004000A000450696E670004506F6E67, 0x000000010000000A000000FF00000080, 2, 1, 1, 2, 4, 0, 398, 2, 0x0102, 2, 0, 0x0004000A000450696E670004506F6E67, 0, 0x0004000A000450696E670004506F6E67
498 swap                    0x0001, 0x0004000B000548656C6C6F0005576F726C64, 0x, 0x0004000A000450696E670004506F6E67, 0x000000010000000A000000FF00000080, 2, 1, 1, 2, 4, 0, 398, 2, 0x0102, 2, 0, 0x0004000A000450696E670004506F6E67, 0x0004000A000450696E670004506F6E67, 0
499 extract_uint16          0x0001, 0x0004000B000548656C6C6F0005576F726C64, 0x, 0x0004000A000450696E670004506F6E67, 0x000000010000000A000000FF00000080, 2, 1, 1, 2, 4, 0, 398, 2, 0x0102, 2, 0, 0x0004000A000450696E670004506F6E67, 4
500 dig 1                   0x0001, 0x0004000B000548656C6C6F0005576F726C64, 0x, 0x0004000A000450696E670004506F6E67, 0x000000010000000A000000FF00000080, 2, 1, 1, 2, 4, 0, 398, 2, 0x0102, 2, 0, 0x0004000A000450696E670004506F6E67, 4, 0x0004000A000450696E670004506F6E67
502 dig 1                   0x0001, 0x0004000B000548656C6C6F0005576F726C64, 0x, 0x0004000A000450696E670004506F6E67, 0x000000010000000A000000FF00000080, 2, 1, 1, 2, 4, 0, 398, 2, 0x0102, 2, 0, 0x0004000A000450696E670004506F6E67, 4, 0x0004000A000450696E670004506F6E67, 4
504 extract_uint16          0x0001, 0x0004000B000548656C6C6F0005576F726C64, 0x, 0x0004000A000450696E670004506F6E67, 0x000000010000000A000000FF00000080, 2, 1, 1, 2, 4, 0, 398, 2, 0x0102, 2, 0, 0x0004000A000450696E670004506F6E67, 4, 4
505 int 2                   0x0001, 0x0004000B000548656C6C6F0005576F726C64, 0x, 0x0004000A000450696E670004506F6E67, 0x000000010000000A000000FF00000080, 2, 1, 1, 2, 4, 0, 398, 2, 0x0102, 2, 0, 0x0004000A000450696E670004506F6E67, 4, 4, 2
506 +                       0x0001, 0x0004000B000548656C6C6F0005576F726C64, 0x, 0x0004000A000450696E670004506F6E67, 0x000000010000000A000000FF00000080, 2, 1, 1, 2, 4, 0, 398, 2, 0x0102, 2, 0, 0x0004000A000450696E670004506F6E67, 4, 6
507 extract3                0x0001, 0x0004000B000548656C6C6F0005576F726C64, 0x, 0x0004000A000450696E670004506F6E67, 0x000000010000000A000000FF00000080, 2, 1, 1, 2, 4, 0, 398, 2, 0x0102, 2, 0, 0x000450696E67
508 swap                    0x0001, 0x0004000B000548656C6C6F0005576F726C64, 0x, 0x0004000A000450696E670004506F6E67, 0x000000010000000A000000FF00000080, 2, 1, 1, 2, 4, 0, 398, 2, 0x0102, 2, 0x000450696E67, 0
509 int 0                   0x0001, 0x0004000B000548656C6C6F0005576F726C64, 0x, 0x0004000A000450696E670004506F6E67, 0x000000010000000A000000FF00000080, 2, 1, 1, 2, 4, 0, 398, 2, 0x0102, 2, 0x000450696E67, 0, 0
510 ==                      0x0001, 0x0004000B000548656C6C6F0005576F726C64, 0x, 0x0004000A000450696E670004506F6E67, 0x000000010000000A000000FF00000080, 2, 1, 1, 2, 4, 0, 398, 2, 0x0102, 2, 0x000450696E67, 1
511 bz main_else_body@23    0x0001, 0x0004000B000548656C6C6F0005576F726C64, 0x, 0x0004000A000450696E670004506F6E67, 0x000000010000000A000000FF00000080, 2, 1, 1, 2, 4, 0, 398, 2, 0x0102, 2, 0x000450696E67
514 extract 2 0             0x0001, 0x0004000B000548656C6C6F0005576F726C64, 0x, 0x0004000A000450696E670004506F6E67, 0x000000010000000A000000FF00000080, 2, 1, 1, 2, 4, 0, 398, 2, 0x0102, 2, "Ping"
517 bury 13                 0x0001, 0x0004000B000548656C6C6F0005576F726C64, "Ping", 0x0004000A000450696E670004506F6E67, 0x000000010000000A000000FF00000080, 2, 1, 1, 2, 4, 0, 398, 2, 0x0102, 2
519 b main_after_if_else@24 0x0001, 0x0004000B000548656C6C6F0005576F726C64, "Ping", 0x0004000A000450696E670004506F6E67, 0x000000010000000A000000FF00000080, 2, 1, 1, 2, 4, 0, 398, 2, 0x0102, 2
535 dig 4                   0x0001, 0x0004000B000548656C6C6F0005576F726C64, "Ping", 0x0004000A000450696E670004506F6E67, 0x000000010000000A000000FF00000080, 2, 1, 1, 2, 4, 0, 398, 2, 0x0102, 2, 0
537 int 1                   0x0001, 0x0004000B000548656C6C6F0005576F726C64, "Ping", 0x0004000A000450696E670004506F6E67, 0x000000010000000A000000FF00000080, 2, 1, 1, 2, 4, 0, 398, 2, 0x0102, 2, 0, 1
538 +                       0x0001, 0x0004000B000548656C6C6F0005576F726C64, "Ping", 0x0004000A000450696E670004506F6E67, 0x000000010000000A000000FF00000080, 2, 1, 1, 2, 4, 0, 398, 2, 0x0102, 2, 1
539 bury 5                  0x0001, 0x0004000B000548656C6C6F0005576F726C64, "Ping", 0x0004000A000450696E670004506F6E67, 0x000000010000000A000000FF00000080, 2, 1, 1, 2, 4, 1, 398, 2, 0x0102, 2
541 b main_for_header@20    0x0001, 0x0004000B000548656C6C6F0005576F726C64, "Ping", 0x0004000A000450696E670004506F6E67, 0x000000010000000A000000FF00000080, 2, 1, 1, 2, 4, 1, 398, 2, 0x0102, 2
481 dig 4                   0x0001, 0x0004000B000548656C6C6F0005576F726C64, "Ping", 0x0004000A000450696E670004506F6E67, 0x000000010000000A000000FF00000080, 2, 1, 1, 2, 4, 1, 398, 2, 0x0102, 2, 1
483 int 2                   0x0001, 0x0004000B000548656C6C6F0005576F726C64, "Ping", 0x0004000A000450696E670004506F6E67, 0x000000010000000A000000FF00000080, 2, 1, 1, 2, 4, 1, 398, 2, 0x0102, 2, 1, 2
484 <                       0x0001, 0x0004000B000548656C6C6F0005576F726C64, "Ping", 0x0004000A000450696E670004506F6E67, 0x000000010000000A000000FF00000080, 2, 1, 1, 2, 4, 1, 398, 2, 0x0102, 2, 1
485 bz main_after_for@26    0x0001, 0x0004000B000548656C6C6F0005576F726C64, "Ping", 0x0004000A000450696E670004506F6E67, 0x000000010000000A000000FF00000080, 2, 1, 1, 2, 4, 1, 398, 2, 0x0102, 2
488 dig 4                   0x0001, 0x0004000B000548656C6C6F0005576F726C64, "Ping", 0x0004000A000450696E670004506F6E67, 0x000000010000000A000000FF00000080, 2, 1, 1, 2, 4, 1, 398, 2, 0x0102, 2, 1
490 dup                     0x0001, 0x0004000B000548656C6C6F0005576F726C64, "Ping", 0x0004000A000450696E670004506F6E67, 0x000000010000000A000000FF00000080, 2, 1, 1, 2, 4, 1, 398, 2, 0x0102, 2, 1, 1
491 int 2                   0x0001, 0x0004000B000548656C6C6F0005576F726C64, "Ping", 0x0004000A000450696E670004506F6E67, 0x000000010000000A000000FF00000080, 2, 1, 1, 2, 4, 1, 398, 2, 0x0102, 2, 1, 1, 2
492 *                       0x0001, 0x0004000B000548656C6C6F0005576F726C64, "Ping", 0x0004000A000450696E670004506F6E67, 0x000000010000000A000000FF00000080, 2, 1, 1, 2, 4, 1, 398, 2, 0x0102, 2, 1, 2
493 dig 13                  0x0001, 0x0004000B000548656C6C6F0005576F726C64, "Ping", 0x0004000A000450696E670004506F6E67, 0x000000010000000A000000FF00000080, 2, 1, 1, 2, 4, 1, 398, 2, 0x0102, 2, 1, 2, 0x0004000A000450696E670004506F6E67
495 dup                     0x0001, 0x0004000B000548656C6C6F0005576F726C64, "Ping", 0x0004000A000450696E670004506F6E67, 0x000000010000000A000000FF00000080, 2, 1, 1, 2, 4, 1, 398, 2, 0x0102, 2, 1, 2, 0x0004000A000450696E670004506F6E67, 0x0004000A000450696E670004506F6E67
496 cover 2                 0x0001, 0x0004000B000548656C6C6F0005576F726C64, "Ping", 0x0004000A000450696E670004506F6E67, 0x000000010000000A000000FF00000080, 2, 1, 1, 2, 4, 1, 398, 2, 0x0102, 2, 1, 0x0004000A000450696E670004506F6E67, 2, 0x0004000A000450696E670004506F6E67
498 swap                    0x0001, 0x0004000B000548656C6C6F0005576F726C64, "Ping", 0x0004000A000450696E670004506F6E67, 0x000000010000000A000000FF00000080, 2, 1, 1, 2, 4, 1, 398, 2, 0x0102, 2, 1, 0x0004000A000450696E670004506F6E67, 0x0004000A000450696E670004506F6E67, 2
499 extract_uint16          0x0001, 0x0004000B000548656C6C6F0005576F726C64, "Ping", 0x0004000A000450696E670004506F6E67, 0x000000010000000A000000FF00000080, 2, 1, 1, 2, 4, 1, 398, 2, 0x0102, 2, 1, 0x0004000A000450696E670004506F6E67, 10
500 dig 1                   0x0001, 0x0004000B000548656C6C6F0005576F726C64, "Ping", 0x0004000A000450696E670004506F6E67, 0x000000010000000A000000FF00000080, 2, 1, 1, 2, 4, 1, 398, 2, 0x0102, 2, 1, 0x0004000A000450696E670004506F6E67, 10, 0x0004000A000450696E670004506F6E67
502 dig 1                   0x0001, 0x0004000B000548656C6C6F0005576F726C64, "Ping", 0x0004000A000450696E670004506F6E67, 0x000000010000000A000000FF00000080, 2, 1, 1, 2, 4, 1, 398, 2, 0x0102, 2, 1, 0x0004000A000450696E670004506F6E67, 10, 0x0004000A000450696E670004506F6E67, 10
504 extract_uint16          0x0001, 0x0004000B000548656C6C6F0005576F726C64, "Ping", 0x0004000A000450696E670004506F6E67, 0x000000010000000A000000FF00000080, 2, 1, 1, 2, 4, 1, 398, 2, 0x0102, 2, 1, 0x0004000A000450696E670004506F6E67, 10, 4
505 int 2                   0x0001, 0x0004000B000548656C6C6F0005576F726C64, "Ping", 0x0004000A000450696E670004506F6E67, 0x000000010000000A000000FF00000080, 2, 1, 1, 2, 4, 1, 398, 2, 0x0102, 2, 1, 0x0004000A000450696E670004506F6E67, 10, 4, 2
506 +                       0x0001, 0x0004000B000548656C6C6F0005576F726C64, "Ping", 0x0004000A000450696E670004506F6E67, 0x000000010000000A000000FF00000080, 2, 1, 1, 2, 4, 1, 398, 2, 0x0102, 2, 1, 0x0004000A000450696E670004506F6E67, 10, 6
507 extract3                0x0001, 0x0004000B000548656C6C6F0005576F726C64, "Ping", 0x0004000A000450696E670004506F6E67, 0x000000010000000A000000FF00000080, 2, 1, 1, 2, 4, 1, 398, 2, 0x0102, 2, 1, 0x0004506F6E67
508 swap                    0x0001, 0x0004000B000548656C6C6F0005576F726C64, "Ping", 0x0004000A000450696E670004506F6E67, 0x000000010000000A000000FF00000080, 2, 1, 1, 2, 4, 1, 398, 2, 0x0102, 2, 0x0004506F6E67, 1
509 int 0                   0x0001, 0x0004000B000548656C6C6F0005576F726C64, "Ping", 0x0004000A000450696E670004506F6E67, 0x000000010000000A000000FF00000080, 2, 1, 1, 2, 4, 1, 398, 2, 0x0102, 2, 0x0004506F6E67, 1, 0
510 ==                      0x0001, 0x0004000B000548656C6C6F0005576F726C64, "Ping", 0x0004000A000450696E670004506F6E67, 0x000000010000000A000000FF00000080, 2, 1, 1, 2, 4, 1, 398, 2, 0x0102, 2, 0x0004506F6E67, 0
511 bz main_else_body@23    0x0001, 0x0004000B000548656C6C6F0005576F726C64, "Ping", 0x0004000A000450696E670004506F6E67, 0x000000010000000A000000FF00000080, 2, 1, 1, 2, 4, 1, 398, 2, 0x0102, 2, 0x0004506F6E67
522 extract 2 0             0x0001, 0x0004000B000548656C6C6F0005576F726C64, "Ping", 0x0004000A000450696E670004506F6E67, 0x000000010000000A000000FF00000080, 2, 1, 1, 2, 4, 1, 398, 2, 0x0102, 2, "Pong"
525 byte " "                0x0001, 0x0004000B000548656C6C6F0005576F726C64, "Ping", 0x0004000A000450696E670004506F6E67, 0x000000010000000A000000FF00000080, 2, 1, 1, 2, 4, 1, 398, 2, 0x0102, 2, "Pong", " "
527 swap                    0x0001, 0x0004000B000548656C6C6F0005576F726C64, "Ping", 0x0004000A000450696E670004506F6E67, 0x000000010000000A000000FF00000080, 2, 1, 1, 2, 4, 1, 398, 2, 0x0102, 2, " ", "Pong"
528 concat                  0x0001, 0x0004000B000548656C6C6F0005576F726C64, "Ping", 0x0004000A000450696E670004506F6E67, 0x000000010000000A000000FF00000080, 2, 1, 1, 2, 4, 1, 398, 2, 0x0102, 2, " Pong"
529 dig 13                  0x0001, 0x0004000B000548656C6C6F0005576F726C64, "Ping", 0x0004000A000450696E670004506F6E67, 0x000000010000000A000000FF00000080, 2, 1, 1, 2, 4, 1, 398, 2, 0x0102, 2, " Pong", "Ping"
531 swap                    0x0001, 0x0004000B000548656C6C6F0005576F726C64, "Ping", 0x0004000A000450696E670004506F6E67, 0x000000010000000A000000FF00000080, 2, 1, 1, 2, 4, 1, 398, 2, 0x0102, 2, "Ping", " Pong"
532 concat                  0x0001, 0x0004000B000548656C6C6F0005576F726C64, "Ping", 0x0004000A000450696E670004506F6E67, 0x000000010000000A000000FF00000080, 2, 1, 1, 2, 4, 1, 398, 2, 0x0102, 2, "Ping Pong"
533 bury 13                 0x0001, 0x0004000B000548656C6C6F0005576F726C64, "Ping Pong", 0x0004000A000450696E670004506F6E67, 0x000000010000000A000000FF00000080, 2, 1, 1, 2, 4, 1, 398, 2, 0x0102, 2
535 dig 4                   0x0001, 0x0004000B000548656C6C6F0005576F726C64, "Ping Pong", 0x0004000A000450696E670004506F6E67, 0x000000010000000A000000FF00000080, 2, 1, 1, 2, 4, 1, 398, 2, 0x0102, 2, 1
537 int 1                   0x0001, 0x0004000B000548656C6C6F0005576F726C64, "Ping Pong", 0x0004000A000450696E670004506F6E67, 0x000000010000000A000000FF00000080, 2, 1, 1, 2, 4, 1, 398, 2, 0x0102, 2, 1, 1
538 +                       0x0001, 0x0004000B000548656C6C6F0005576F726C64, "Ping Pong", 0x0004000A000450696E670004506F6E67, 0x000000010000000A000000FF00000080, 2, 1, 1, 2, 4, 1, 398, 2, 0x0102, 2, 2
539 bury 5                  0x0001, 0x0004000B000548656C6C6F0005576F726C64, "Ping Pong", 0x0004000A000450696E670004506F6E67, 0x000000010000000A000000FF00000080, 2, 1, 1, 2, 4, 2, 398, 2, 0x0102, 2
541 b main_for_header@20    0x0001, 0x0004000B000548656C6C6F0005576F726C64, "Ping Pong", 0x0004000A000450696E670004506F6E67, 0x000000010000000A000000FF00000080, 2, 1, 1, 2, 4, 2, 398, 2, 0x0102, 2
481 dig 4                   0x0001, 0x0004000B000548656C6C6F0005576F726C64, "Ping Pong", 0x0004000A000450696E670004506F6E67, 0x000000010000000A000000FF00000080, 2, 1, 1, 2, 4, 2, 398, 2, 0x0102, 2, 2
483 int 2                   0x0001, 0x0004000B000548656C6C6F0005576F726C64, "Ping Pong", 0x0004000A000450696E670004506F6E67, 0x000000010000000A000000FF00000080, 2, 1, 1, 2, 4, 2, 398, 2, 0x0102, 2, 2, 2
484 <                       0x0001, 0x0004000B000548656C6C6F0005576F726C64, "Ping Pong", 0x0004000A000450696E670004506F6E67, 0x000000010000000A000000FF00000080, 2, 1, 1, 2, 4, 2, 398, 2, 0x0102, 2, 0
485 bz main_after_for@26    0x0001, 0x0004000B000548656C6C6F0005576F726C64, "Ping Pong", 0x0004000A000450696E670004506F6E67, 0x000000010000000A000000FF00000080, 2, 1, 1, 2, 4, 2, 398, 2, 0x0102, 2
544 dig 12                  0x0001, 0x0004000B000548656C6C6F0005576F726C64, "Ping Pong", 0x0004000A000450696E670004506F6E67, 0x000000010000000A000000FF00000080, 2, 1, 1, 2, 4, 2, 398, 2, 0x0102, 2, "Ping Pong"
546 byte "Ping Pong"        0x0001, 0x0004000B000548656C6C6F0005576F726C64, "Ping Pong", 0x0004000A000450696E670004506F6E67, 0x000000010000000A000000FF00000080, 2, 1, 1, 2, 4, 2, 398, 2, 0x0102, 2, "Ping Pong", "Ping Pong"
557 ==                      0x0001, 0x0004000B000548656C6C6F0005576F726C64, "Ping Pong", 0x0004000A000450696E670004506F6E67, 0x000000010000000A000000FF00000080, 2, 1, 1, 2, 4, 2, 398, 2, 0x0102, 2, 1
558 assert                  0x0001, 0x0004000B000548656C6C6F0005576F726C64, "Ping Pong", 0x0004000A000450696E670004506F6E67, 0x000000010000000A000000FF00000080, 2, 1, 1, 2, 4, 2, 398, 2, 0x0102, 2
559 int 1                   0x0001, 0x0004000B000548656C6C6F0005576F726C64, "Ping Pong", 0x0004000A000450696E670004506F6E67, 0x000000010000000A000000FF00000080, 2, 1, 1, 2, 4, 2, 398, 2, 0x0102, 2, 1
560 return                  1