PC  Teal                                    Stack
1
7
22  int 0                                   0
23  dupn 2                                  0, 0, 0
25  byte ""                                 0, 0, 0, 0x
26  dupn 4                                  0, 0, 0, 0x, 0x, 0x, 0x, 0x
28  int 0                                   0, 0, 0, 0x, 0x, 0x, 0x, 0x, 0
29  byte 0x00020102                         0, 0, 0, 0x, 0x, 0x, 0x, 0x, 0, 0x00020102
35  int 0                                   0, 0, 0, 0x, 0x, 0x, 0x, 0x, 0, 0x00020102, 0
36  extract_uint16                          0, 0, 0, 0x, 0x, 0x, 0x, 0x, 0, 2
37  int 0                                   0, 0, 0, 0x, 0x, 0x, 0x, 0x, 0, 2, 0
38  dup                                     0, 0, 0, 0x, 0x, 0x, 0x, 0x, 0, 2, 0, 0
39  dig 2                                   0, 0, 0, 0x, 0x, 0x, 0x, 0x, 0, 2, 0, 0, 2
41  <                                       0, 0, 0, 0x, 0x, 0x, 0x, 0x, 0, 2, 0, 1
42  bz main_after_for@4                     0, 0, 0, 0x, 0x, 0x, 0x, 0x, 0, 2, 0
45  byte 0x0102                             0, 0, 0, 0x, 0x, 0x, 0x, 0x, 0, 2, 0, 0x0102
49  dig 1                                   0, 0, 0, 0x, 0x, 0x, 0x, 0x, 0, 2, 0, 0x0102, 0
51  dup                                     0, 0, 0, 0x, 0x, 0x, 0x, 0x, 0, 2, 0, 0x0102, 0, 0
52  cover 2                                 0, 0, 0, 0x, 0x, 0x, 0x, 0x, 0, 2, 0, 0, 0x0102, 0
54  int 1                                   0, 0, 0, 0x, 0x, 0x, 0x, 0x, 0, 2, 0, 0, 0x0102, 0, 1
55  extract3                                0, 0, 0, 0x, 0x, 0x, 0x, 0x, 0, 2, 0, 0, 0x01
56  btoi                                    0, 0, 0, 0x, 0x, 0x, 0x, 0x, 0, 2, 0, 0, 1
57  dig 4                                   0, 0, 0, 0x, 0x, 0x, 0x, 0x, 0, 2, 0, 0, 1, 0
59  +                                       0, 0, 0, 0x, 0x, 0x, 0x, 0x, 0, 2, 0, 0, 1
60  bury 4                                  0, 0, 0, 0x, 0x, 0x, 0x, 0x, 1, 2, 0, 0
62  int 1                                   0, 0, 0, 0x, 0x, 0x, 0x, 0x, 1, 2, 0, 0, 1
63  +                                       0, 0, 0, 0x, 0x, 0x, 0x, 0x, 1, 2, 0, 1
64  bury 1                                  0, 0, 0, 0x, 0x, 0x, 0x, 0x, 1, 2, 1
66  b main_for_header@1                     0, 0, 0, 0x, 0x, 0x, 0x, 0x, 1, 2, 1
38  dup                                     0, 0, 0, 0x, 0x, 0x, 0x, 0x, 1, 2, 1, 1
39  dig 2                                   0, 0, 0, 0x, 0x, 0x, 0x, 0x, 1, 2, 1, 1, 2
41  <                                       0, 0, 0, 0x, 0x, 0x, 0x, 0x, 1, 2, 1, 1
42  bz main_after_for@4                     0, 0, 0, 0x, 0x, 0x, 0x, 0x, 1, 2, 1
45  byte 0x0102                             0, 0, 0, 0x, 0x, 0x, 0x, 0x, 1, 2, 1, 0x0102
49  dig 1                                   0, 0, 0, 0x, 0x, 0x, 0x, 0x, 1, 2, 1, 0x0102, 1
51  dup                                     0, 0, 0, 0x, 0x, 0x, 0x, 0x, 1, 2, 1, 0x0102, 1, 1
52  cover 2                                 0, 0, 0, 0x, 0x, 0x, 0x, 0x, 1, 2, 1, 1, 0x0102, 1
54  int 1                                   0, 0, 0, 0x, 0x, 0x, 0x, 0x, 1, 2, 1, 1, 0x0102, 1, 1
55  extract3                                0, 0, 0, 0x, 0x, 0x, 0x, 0x, 1, 2, 1, 1, 0x02
56  btoi                                    0, 0, 0, 0x, 0x, 0x, 0x, 0x, 1, 2, 1, 1, 2
57  dig 4                                   0, 0, 0, 0x, 0x, 0x, 0x, 0x, 1, 2, 1, 1, 2, 1
59  +                                       0, 0, 0, 0x, 0x, 0x, 0x, 0x, 1, 2, 1, 1, 3
60  bury 4                                  0, 0, 0, 0x, 0x, 0x, 0x, 0x, 3, 2, 1, 1
62  int 1                                   0, 0, 0, 0x, 0x, 0x, 0x, 0x, 3, 2, 1, 1, 1
63  +                                       0, 0, 0, 0x, 0x, 0x, 0x, 0x, 3, 2, 1, 2
64  bury 1                                  0, 0, 0, 0x, 0x, 0x, 0x, 0x, 3, 2, 2
66  b main_for_header@1                     0, 0, 0, 0x, 0x, 0x, 0x, 0x, 3, 2, 2
38  dup                                     0, 0, 0, 0x, 0x, 0x, 0x, 0x, 3, 2, 2, 2
39  dig 2                                   0, 0, 0, 0x, 0x, 0x, 0x, 0x, 3, 2, 2, 2, 2
41  <                                       0, 0, 0, 0x, 0x, 0x, 0x, 0x, 3, 2, 2, 0
42  bz main_after_for@4                     0, 0, 0, 0x, 0x, 0x, 0x, 0x, 3, 2, 2
69  dig 2                                   0, 0, 0, 0x, 0x, 0x, 0x, 0x, 3, 2, 2, 3
71  int 3                                   0, 0, 0, 0x, 0x, 0x, 0x, 0x, 3, 2, 2, 3, 3
73  ==                                      0, 0, 0, 0x, 0x, 0x, 0x, 0x, 3, 2, 2, 1
74  assert                                  0, 0, 0, 0x, 0x, 0x, 0x, 0x, 3, 2, 2
75  byte 0x00010001                         0, 0, 0, 0x, 0x, 0x, 0x, 0x, 3, 2, 2, 0x00010001
81  int 0                                   0, 0, 0, 0x, 0x, 0x, 0x, 0x, 3, 2, 2, 0x00010001, 0
82  extract_uint16                          0, 0, 0, 0x, 0x, 0x, 0x, 0x, 3, 2, 2, 1
83  bury 7                                  0, 0, 0, 0x, 1, 0x, 0x, 0x, 3, 2, 2
85  int 0                                   0, 0, 0, 0x, 1, 0x, 0x, 0x, 3, 2, 2, 0
86  bury 5                                  0, 0, 0, 0x, 1, 0x, 0, 0x, 3, 2, 2
88  dig 4                                   0, 0, 0, 0x, 1, 0x, 0, 0x, 3, 2, 2, 0
90  dig 7                                   0, 0, 0, 0x, 1, 0x, 0, 0x, 3, 2, 2, 0, 1
92  <                                       0, 0, 0, 0x, 1, 0x, 0, 0x, 3, 2, 2, 1
93  bz main_after_for@8                     0, 0, 0, 0x, 1, 0x, 0, 0x, 3, 2, 2
96  dig 4                                   0, 0, 0, 0x, 1, 0x, 0, 0x, 3, 2, 2, 0
98  dup                                     0, 0, 0, 0x, 1, 0x, 0, 0x, 3, 2, 2, 0, 0
99  int 2                                   0, 0, 0, 0x, 1, 0x, 0, 0x, 3, 2, 2, 0, 0, 2
100 *                                       0, 0, 0, 0x, 1, 0x, 0, 0x, 3, 2, 2, 0, 0
101 byte 0x0001                             0, 0, 0, 0x, 1, 0x, 0, 0x, 3, 2, 2, 0, 0, 0x0001
105 swap                                    0, 0, 0, 0x, 1, 0x, 0, 0x, 3, 2, 2, 0, 0x0001, 0
106 int 2                                   0, 0, 0, 0x, 1, 0x, 0, 0x, 3, 2, 2, 0, 0x0001, 0, 2
107 extract3                                0, 0, 0, 0x, 1, 0x, 0, 0x, 3, 2, 2, 0, 0x0001
108 btoi                                    0, 0, 0, 0x, 1, 0x, 0, 0x, 3, 2, 2, 0, 1
109 dig 4                                   0, 0, 0, 0x, 1, 0x, 0, 0x, 3, 2, 2, 0, 1, 3
111 +                                       0, 0, 0, 0x, 1, 0x, 0, 0x, 3, 2, 2, 0, 4
112 bury 4                                  0, 0, 0, 0x, 1, 0x, 0, 0x, 4, 2, 2, 0
114 int 1                                   0, 0, 0, 0x, 1, 0x, 0, 0x, 4, 2, 2, 0, 1
115 +                                       0, 0, 0, 0x, 1, 0x, 0, 0x, 4, 2, 2, 1
116 bury 5                                  0, 0, 0, 0x, 1, 0x, 1, 0x, 4, 2, 2
118 b main_for_header@5                     0, 0, 0, 0x, 1, 0x, 1, 0x, 4, 2, 2
88  dig 4                                   0, 0, 0, 0x, 1, 0x, 1, 0x, 4, 2, 2, 1
90  dig 7                                   0, 0, 0, 0x, 1, 0x, 1, 0x, 4, 2, 2, 1, 1
92  <                                       0, 0, 0, 0x, 1, 0x, 1, 0x, 4, 2, 2, 0
93  bz main_after_for@8                     0, 0, 0, 0x, 1, 0x, 1, 0x, 4, 2, 2
121 dig 2                                   0, 0, 0, 0x, 1, 0x, 1, 0x, 4, 2, 2, 4
123 int 4                                   0, 0, 0, 0x, 1, 0x, 1, 0x, 4, 2, 2, 4, 4
124 ==                                      0, 0, 0, 0x, 1, 0x, 1, 0x, 4, 2, 2, 1
125 assert                                  0, 0, 0, 0x, 1, 0x, 1, 0x, 4, 2, 2
126 int 4                                   0, 0, 0, 0x, 1, 0x, 1, 0x, 4, 2, 2, 4
127 itob                                    0, 0, 0, 0x, 1, 0x, 1, 0x, 4, 2, 2, 0x0000000000000004
128 extract 6 2                             0, 0, 0, 0x, 1, 0x, 1, 0x, 4, 2, 2, 0x0004
131 byte 0x0002                             0, 0, 0, 0x, 1, 0x, 1, 0x, 4, 2, 2, 0x0004, 0x0002
135 swap                                    0, 0, 0, 0x, 1, 0x, 1, 0x, 4, 2, 2, 0x0002, 0x0004
136 concat                                  0, 0, 0, 0x, 1, 0x, 1, 0x, 4, 2, 2, 0x00020004
137 int 11                                  0, 0, 0, 0x, 1, 0x, 1, 0x, 4, 2, 2, 0x00020004, 11
139 itob                                    0, 0, 0, 0x, 1, 0x, 1, 0x, 4, 2, 2, 0x00020004, 0x000000000000000B
140 extract 6 2                             0, 0, 0, 0x, 1, 0x, 1, 0x, 4, 2, 2, 0x00020004, 0x000B
143 concat                                  0, 0, 0, 0x, 1, 0x, 1, 0x, 4, 2, 2, 0x00020004000B
144 byte "\x00\x05Hello"                    0, 0, 0, 0x, 1, 0x, 1, 0x, 4, 2, 2, 0x00020004000B, 0x000548656C6C6F
145 concat                                  0, 0, 0, 0x, 1, 0x, 1, 0x, 4, 2, 2, 0x00020004000B000548656C6C6F
146 byte "\x00\x05World"                    0, 0, 0, 0x, 1, 0x, 1, 0x, 4, 2, 2, 0x00020004000B000548656C6C6F, 0x0005576F726C64
155 concat                                  0, 0, 0, 0x, 1, 0x, 1, 0x, 4, 2, 2, 0x00020004000B000548656C6C6F0005576F726C64
156 dup                                     0, 0, 0, 0x, 1, 0x, 1, 0x, 4, 2, 2, 0x00020004000B000548656C6C6F0005576F726C64, 0x00020004000B000548656C6C6F0005576F726C64
157 int 0                                   0, 0, 0, 0x, 1, 0x, 1, 0x, 4, 2, 2, 0x00020004000B000548656C6C6F0005576F726C64, 0x00020004000B000548656C6C6F0005576F726C64, 0
158 extract_uint16                          0, 0, 0, 0x, 1, 0x, 1, 0x, 4, 2, 2, 0x00020004000B000548656C6C6F0005576F726C64, 2
159 int 2                                   0, 0, 0, 0x, 1, 0x, 1, 0x, 4, 2, 2, 0x00020004000B000548656C6C6F0005576F726C64, 2, 2
160 ==                                      0, 0, 0, 0x, 1, 0x, 1, 0x, 4, 2, 2, 0x00020004000B000548656C6C6F0005576F726C64, 1
161 assert                                  0, 0, 0, 0x, 1, 0x, 1, 0x, 4, 2, 2, 0x00020004000B000548656C6C6F0005576F726C64
162 dup                                     0, 0, 0, 0x, 1, 0x, 1, 0x, 4, 2, 2, 0x00020004000B000548656C6C6F0005576F726C64, 0x00020004000B000548656C6C6F0005576F726C64
163 int 0                                   0, 0, 0, 0x, 1, 0x, 1, 0x, 4, 2, 2, 0x00020004000B000548656C6C6F0005576F726C64, 0x00020004000B000548656C6C6F0005576F726C64, 0
164 extract_uint16                          0, 0, 0, 0x, 1, 0x, 1, 0x, 4, 2, 2, 0x00020004000B000548656C6C6F0005576F726C64, 2
165 int 0                                   0, 0, 0, 0x, 1, 0x, 1, 0x, 4, 2, 2, 0x00020004000B000548656C6C6F0005576F726C64, 2, 0
166 >                                       0, 0, 0, 0x, 1, 0x, 1, 0x, 4, 2, 2, 0x00020004000B000548656C6C6F0005576F726C64, 1
167 assert                                  0, 0, 0, 0x, 1, 0x, 1, 0x, 4, 2, 2, 0x00020004000B000548656C6C6F0005576F726C64
168 dup                                     0, 0, 0, 0x, 1, 0x, 1, 0x, 4, 2, 2, 0x00020004000B000548656C6C6F0005576F726C64, 0x00020004000B000548656C6C6F0005576F726C64
169 extract 2 0                             0, 0, 0, 0x, 1, 0x, 1, 0x, 4, 2, 2, 0x00020004000B000548656C6C6F0005576F726C64, 0x0004000B000548656C6C6F0005576F726C64
172 dup                                     0, 0, 0, 0x, 1, 0x, 1, 0x, 4, 2, 2, 0x00020004000B000548656C6C6F0005576F726C64, 0x0004000B000548656C6C6F0005576F726C64, 0x0004000B000548656C6C6F0005576F726C64
173 int 0                                   0, 0, 0, 0x, 1, 0x, 1, 0x, 4, 2, 2, 0x00020004000B000548656C6C6F0005576F726C64, 0x0004000B000548656C6C6F0005576F726C64, 0x0004000B000548656C6C6F0005576F726C64, 0
174 extract_uint16                          0, 0, 0, 0x, 1, 0x, 1, 0x, 4, 2, 2, 0x00020004000B000548656C6C6F0005576F726C64, 0x0004000B000548656C6C6F0005576F726C64, 4
175 dig 1                                   0, 0, 0, 0x, 1, 0x, 1, 0x, 4, 2, 2, 0x00020004000B000548656C6C6F0005576F726C64, 0x0004000B000548656C6C6F0005576F726C64, 4, 0x0004000B000548656C6C6F0005576F726C64
177 dig 1                                   0, 0, 0, 0x, 1, 0x, 1, 0x, 4, 2, 2, 0x00020004000B000548656C6C6F0005576F726C64, 0x0004000B000548656C6C6F0005576F726C64, 4, 0x0004000B000548656C6C6F0005576F726C64, 4
179 extract_uint16                          0, 0, 0, 0x, 1, 0x, 1, 0x, 4, 2, 2, 0x00020004000B000548656C6C6F0005576F726C64, 0x0004000B000548656C6C6F0005576F726C64, 4, 5
180 int 2                                   0, 0, 0, 0x, 1, 0x, 1, 0x, 4, 2, 2, 0x00020004000B000548656C6C6F0005576F726C64, 0x0004000B000548656C6C6F0005576F726C64, 4, 5, 2
181 +                                       0, 0, 0, 0x, 1, 0x, 1, 0x, 4, 2, 2, 0x00020004000B000548656C6C6F0005576F726C64, 0x0004000B000548656C6C6F0005576F726C64, 4, 7
182 extract3                                0, 0, 0, 0x, 1, 0x, 1, 0x, 4, 2, 2, 0x00020004000B000548656C6C6F0005576F726C64, 0x000548656C6C6F
183 byte "\x00\x05Hello"                    0, 0, 0, 0x, 1, 0x, 1, 0x, 4, 2, 2, 0x00020004000B000548656C6C6F0005576F726C64, 0x000548656C6C6F, 0x000548656C6C6F
184 ==                                      0, 0, 0, 0x, 1, 0x, 1, 0x, 4, 2, 2, 0x00020004000B000548656C6C6F0005576F726C64, 1
185 assert                                  0, 0, 0, 0x, 1, 0x, 1, 0x, 4, 2, 2, 0x00020004000B000548656C6C6F0005576F726C64
186 byte ""                                 0, 0, 0, 0x, 1, 0x, 1, 0x, 4, 2, 2, 0x00020004000B000548656C6C6F0005576F726C64, 0x
187 bury 11                                 0, 0x, 0, 0x, 1, 0x, 1, 0x, 4, 2, 2, 0x00020004000B000548656C6C6F0005576F726C64
189 dup                                     0, 0x, 0, 0x, 1, 0x, 1, 0x, 4, 2, 2, 0x00020004000B000548656C6C6F0005576F726C64, 0x00020004000B000548656C6C6F0005576F726C64
190 int 0                                   0, 0x, 0, 0x, 1, 0x, 1, 0x, 4, 2, 2, 0x00020004000B000548656C6C6F0005576F726C64, 0x00020004000B000548656C6C6F0005576F726C64, 0
191 extract_uint16                          0, 0x, 0, 0x, 1, 0x, 1, 0x, 4, 2, 2, 0x00020004000B000548656C6C6F0005576F726C64, 2
192 bury 9                                  0, 0x, 0, 2, 1, 0x, 1, 0x, 4, 2, 2, 0x00020004000B000548656C6C6F0005576F726C64
194 extract 2 0                             0, 0x, 0, 2, 1, 0x, 1, 0x, 4, 2, 2, 0x0004000B000548656C6C6F0005576F726C64
197 bury 11                                 0x0004000B000548656C6C6F0005576F726C64, 0x, 0, 2, 1, 0x, 1, 0x, 4, 2, 2
199 int 0                                   0x0004000B000548656C6C6F0005576F726C64, 0x, 0, 2, 1, 0x, 1, 0x, 4, 2, 2, 0
200 bury 6                                  0x0004000B000548656C6C6F0005576F726C64, 0x, 0, 2, 1, 0, 1, 0x, 4, 2, 2
202 dig 5                                   0x0004000B000548656C6C6F0005576F726C64, 0x, 0, 2, 1, 0, 1, 0x, 4, 2, 2, 0
204 dig 8                                   0x0004000B000548656C6C6F0005576F726C64, 0x, 0, 2, 1, 0, 1, 0x, 4, 2, 2, 0, 2
206 <                                       0x0004000B000548656C6C6F0005576F726C64, 0x, 0, 2, 1, 0, 1, 0x, 4, 2, 2, 1
207 bz main_after_for@15                    0x0004000B000548656C6C6F0005576F726C64, 0x, 0, 2, 1, 0, 1, 0x, 4, 2, 2
210 dig 5                                   0x0004000B000548656C6C6F0005576F726C64, 0x, 0, 2, 1, 0, 1, 0x, 4, 2, 2, 0
212 dup                                     0x0004000B000548656C6C6F0005576F726C64, 0x, 0, 2, 1, 0, 1, 0x, 4, 2, 2, 0, 0
213 int 2                                   0x0004000B000548656C6C6F0005576F726C64, 0x, 0, 2, 1, 0, 1, 0x, 4, 2, 2, 0, 0, 2
214 *                                       0x0004000B000548656C6C6F0005576F726C64, 0x, 0, 2, 1, 0, 1, 0x, 4, 2, 2, 0, 0
215 dig 12                                  0x0004000B000548656C6C6F0005576F726C64, 0x, 0, 2, 1, 0, 1, 0x, 4, 2, 2, 0, 0, 0x0004000B000548656C6C6F0005576F726C64
217 dup                                     0x0004000B000548656C6C6F0005576F726C64, 0x, 0, 2, 1, 0, 1, 0x, 4, 2, 2, 0, 0, 0x0004000B000548656C6C6F0005576F726C64, 0x0004000B000548656C6C6F0005576F726C64
218 cover 2                                 0x0004000B000548656C6C6F0005576F726C64, 0x, 0, 2, 1, 0, 1, 0x, 4, 2, 2, 0, 0x0004000B000548656C6C6F0005576F726C64, 0, 0x0004000B000548656C6C6F0005576F726C64
220 swap                                    0x0004000B000548656C6C6F0005576F726C64, 0x, 0, 2, 1, 0, 1, 0x, 4, 2, 2, 0, 0x0004000B000548656C6C6F0005576F726C64, 0x0004000B000548656C6C6F0005576F726C64, 0
221 extract_uint16                          0x0004000B000548656C6C6F0005576F726C64, 0x, 0, 2, 1, 0, 1, 0x, 4, 2, 2, 0, 0x0004000B000548656C6C6F0005576F726C64, 4
222 dig 1                                   0x0004000B000548656C6C6F0005576F726C64, 0x, 0, 2, 1, 0, 1, 0x, 4, 2, 2, 0, 0x0004000B000548656C6C6F0005576F726C64, 4, 0x0004000B000548656C6C6F0005576F726C64
224 dig 1                                   0x0004000B000548656C6C6F0005576F726C64, 0x, 0, 2, 1, 0, 1, 0x, 4, 2, 2, 0, 0x0004000B000548656C6C6F0005576F726C64, 4, 0x0004000B000548656C6C6F0005576F726C64, 4
226 extract_uint16                          0x0004000B000548656C6C6F0005576F726C64, 0x, 0, 2, 1, 0, 1, 0x, 4, 2, 2, 0, 0x0004000B000548656C6C6F0005576F726C64, 4, 5
227 int 2                                   0x0004000B000548656C6C6F0005576F726C64, 0x, 0, 2, 1, 0, 1, 0x, 4, 2, 2, 0, 0x0004000B000548656C6C6F0005576F726C64, 4, 5, 2
228 +                                       0x0004000B000548656C6C6F0005576F726C64, 0x, 0, 2, 1, 0, 1, 0x, 4, 2, 2, 0, 0x0004000B000548656C6C6F0005576F726C64, 4, 7
229 extract3                                0x0004000B000548656C6C6F0005576F726C64, 0x, 0, 2, 1, 0, 1, 0x, 4, 2, 2, 0, 0x000548656C6C6F
230 swap                                    0x0004000B000548656C6C6F0005576F726C64, 0x, 0, 2, 1, 0, 1, 0x, 4, 2, 2, 0x000548656C6C6F, 0
231 !                                       0x0004000B000548656C6C6F0005576F726C64, 0x, 0, 2, 1, 0, 1, 0x, 4, 2, 2, 0x000548656C6C6F, 1
232 bz main_else_body@12                    0x0004000B000548656C6C6F0005576F726C64, 0x, 0, 2, 1, 0, 1, 0x, 4, 2, 2, 0x000548656C6C6F
235 extract 2 0                             0x0004000B000548656C6C6F0005576F726C64, 0x, 0, 2, 1, 0, 1, 0x, 4, 2, 2, "Hello"
238 bury 10                                 0x0004000B000548656C6C6F0005576F726C64, "Hello", 0, 2, 1, 0, 1, 0x, 4, 2, 2
240 b main_after_if_else@13                 0x0004000B000548656C6C6F0005576F726C64, "Hello", 0, 2, 1, 0, 1, 0x, 4, 2, 2
255 dig 5                                   0x0004000B000548656C6C6F0005576F726C64, "Hello", 0, 2, 1, 0, 1, 0x, 4, 2, 2, 0
257 int 1                                   0x0004000B000548656C6C6F0005576F726C64, "Hello", 0, 2, 1, 0, 1, 0x, 4, 2, 2, 0, 1
258 +                                       0x0004000B000548656C6C6F0005576F726C64, "Hello", 0, 2, 1, 0, 1, 0x, 4, 2, 2, 1
259 bury 6                                  0x0004000B000548656C6C6F0005576F726C64, "Hello", 0, 2, 1, 1, 1, 0x, 4, 2, 2
261 b main_for_header@9                     0x0004000B000548656C6C6F0005576F726C64, "Hello", 0, 2, 1, 1, 1, 0x, 4, 2, 2
202 dig 5                                   0x0004000B000548656C6C6F0005576F726C64, "Hello", 0, 2, 1, 1, 1, 0x, 4, 2, 2, 1
204 dig 8                                   0x0004000B000548656C6C6F0005576F726C64, "Hello", 0, 2, 1, 1, 1, 0x, 4, 2, 2, 1, 2
206 <                                       0x0004000B000548656C6C6F0005576F726C64, "Hello", 0, 2, 1, 1, 1, 0x, 4, 2, 2, 1
207 bz main_after_for@15                    0x0004000B000548656C6C6F0005576F726C64, "Hello", 0, 2, 1, 1, 1, 0x, 4, 2, 2
210 dig 5                                   0x0004000B000548656C6C6F0005576F726C64, "Hello", 0, 2, 1, 1, 1, 0x, 4, 2, 2, 1
212 dup                                     0x0004000B000548656C6C6F0005576F726C64, "Hello", 0, 2, 1, 1, 1, 0x, 4, 2, 2, 1, 1
213 int 2                                   0x0004000B000548656C6C6F0005576F726C64, "Hello", 0, 2, 1, 1, 1, 0x, 4, 2, 2, 1, 1, 2
214 *                                       0x0004000B000548656C6C6F0005576F726C64, "Hello", 0, 2, 1, 1, 1, 0x, 4, 2, 2, 1, 2
215 dig 12                                  0x0004000B000548656C6C6F0005576F726C64, "Hello", 0, 2, 1, 1, 1, 0x, 4, 2, 2, 1, 2, 0x0004000B000548656C6C6F0005576F726C64
217 dup                                     0x0004000B000548656C6C6F0005576F726C64, "Hello", 0, 2, 1, 1, 1, 0x, 4, 2, 2, 1, 2, 0x0004000B000548656C6C6F0005576F726C64, 0x0004000B000548656C6C6F0005576F726C64
218 cover 2                                 0x0004000B000548656C6C6F0005576F726C64, "Hello", 0, 2, 1, 1, 1, 0x, 4, 2, 2, 1, 0x0004000B000548656C6C6F0005576F726C64, 2, 0x0004000B000548656C6C6F0005576F726C64
220 swap                                    0x0004000B000548656C6C6F0005576F726C64, "Hello", 0, 2, 1, 1, 1, 0x, 4, 2, 2, 1, 0x0004000B000548656C6C6F0005576F726C64, 0x0004000B000548656C6C6F0005576F726C64, 2
221 extract_uint16                          0x0004000B000548656C6C6F0005576F726C64, "Hello", 0, 2, 1, 1, 1, 0x, 4, 2, 2, 1, 0x0004000B000548656C6C6F0005576F726C64, 11
222 dig 1                                   0x0004000B000548656C6C6F0005576F726C64, "Hello", 0, 2, 1, 1, 1, 0x, 4, 2, 2, 1, 0x0004000B000548656C6C6F0005576F726C64, 11, 0x0004000B000548656C6C6F0005576F726C64
224 dig 1                                   0x0004000B000548656C6C6F0005576F726C64, "Hello", 0, 2, 1, 1, 1, 0x, 4, 2, 2, 1, 0x0004000B000548656C6C6F0005576F726C64, 11, 0x0004000B000548656C6C6F0005576F726C64, 11
226 extract_uint16                          0x0004000B000548656C6C6F0005576F726C64, "Hello", 0, 2, 1, 1, 1, 0x, 4, 2, 2, 1, 0x0004000B000548656C6C6F0005576F726C64, 11, 5
227 int 2                                   0x0004000B000548656C6C6F0005576F726C64, "Hello", 0, 2, 1, 1, 1, 0x, 4, 2, 2, 1, 0x0004000B000548656C6C6F0005576F726C64, 11, 5, 2
228 +                                       0x0004000B000548656C6C6F0005576F726C64, "Hello", 0, 2, 1, 1, 1, 0x, 4, 2, 2, 1, 0x0004000B000548656C6C6F0005576F726C64, 11, 7
229 extract3                                0x0004000B000548656C6C6F0005576F726C64, "Hello", 0, 2, 1, 1, 1, 0x, 4, 2, 2, 1, 0x0005576F726C64
230 swap                                    0x0004000B000548656C6C6F0005576F726C64, "Hello", 0, 2, 1, 1, 1, 0x, 4, 2, 2, 0x0005576F726C64, 1
231 !                                       0x0004000B000548656C6C6F0005576F726C64, "Hello", 0, 2, 1, 1, 1, 0x, 4, 2, 2, 0x0005576F726C64, 0
232 bz main_else_body@12                    0x0004000B000548656C6C6F0005576F726C64, "Hello", 0, 2, 1, 1, 1, 0x, 4, 2, 2, 0x0005576F726C64
243 extract 2 0                             0x0004000B000548656C6C6F0005576F726C64, "Hello", 0, 2, 1, 1, 1, 0x, 4, 2, 2, "World"
246 byte " "                                0x0004000B000548656C6C6F0005576F726C64, "Hello", 0, 2, 1, 1, 1, 0x, 4, 2, 2, "World", " "
247 swap                                    0x0004000B000548656C6C6F0005576F726C64, "Hello", 0, 2, 1, 1, 1, 0x, 4, 2, 2, " ", "World"
248 concat                                  0x0004000B000548656C6C6F0005576F726C64, "Hello", 0, 2, 1, 1, 1, 0x, 4, 2, 2, " World"
249 dig 10                                  0x0004000B000548656C6C6F0005576F726C64, "Hello", 0, 2, 1, 1, 1, 0x, 4, 2, 2, " World", "Hello"
251 swap                                    0x0004000B000548656C6C6F0005576F726C64, "Hello", 0, 2, 1, 1, 1, 0x, 4, 2, 2, "Hello", " World"
252 concat                                  0x0004000B000548656C6C6F0005576F726C64, "Hello", 0, 2, 1, 1, 1, 0x, 4, 2, 2, "Hello World"
253 bury 10                                 0x0004000B000548656C6C6F0005576F726C64, "Hello World", 0, 2, 1, 1, 1, 0x, 4, 2, 2
255 dig 5                                   0x0004000B000548656C6C6F0005576F726C64, "Hello World", 0, 2, 1, 1, 1, 0x, 4, 2, 2, 1
257 int 1                                   0x0004000B000548656C6C6F0005576F726C64, "Hello World", 0, 2, 1, 1, 1, 0x, 4, 2, 2, 1, 1
258 +                                       0x0004000B000548656C6C6F0005576F726C64, "Hello World", 0, 2, 1, 1, 1, 0x, 4, 2, 2, 2
259 bury 6                                  0x0004000B000548656C6C6F0005576F726C64, "Hello World", 0, 2, 1, 2, 1, 0x, 4, 2, 2
261 b main_for_header@9                     0x0004000B000548656C6C6F0005576F726C64, "Hello World", 0, 2, 1, 2, 1, 0x, 4, 2, 2
202 dig 5                                   0x0004000B000548656C6C6F0005576F726C64, "Hello World", 0, 2, 1, 2, 1, 0x, 4, 2, 2, 2
204 dig 8                                   0x0004000B000548656C6C6F0005576F726C64, "Hello World", 0, 2, 1, 2, 1, 0x, 4, 2, 2, 2, 2
206 <                                       0x0004000B000548656C6C6F0005576F726C64, "Hello World", 0, 2, 1, 2, 1, 0x, 4, 2, 2, 0
207 bz main_after_for@15                    0x0004000B000548656C6C6F0005576F726C64, "Hello World", 0, 2, 1, 2, 1, 0x, 4, 2, 2
264 dig 9                                   0x0004000B000548656C6C6F0005576F726C64, "Hello World", 0, 2, 1, 2, 1, 0x, 4, 2, 2, "Hello World"
266 byte "Hello World"                      0x0004000B000548656C6C6F0005576F726C64, "Hello World", 0, 2, 1, 2, 1, 0x, 4, 2, 2, "Hello World", "Hello World"
279 ==                                      0x0004000B000548656C6C6F0005576F726C64, "Hello World", 0, 2, 1, 2, 1, 0x, 4, 2, 2, 1
280 assert                                  0x0004000B000548656C6C6F0005576F726C64, "Hello World", 0, 2, 1, 2, 1, 0x, 4, 2, 2
281 int 0                                   0x0004000B000548656C6C6F0005576F726C64, "Hello World", 0, 2, 1, 2, 1, 0x, 4, 2, 2, 0
282 bury 4                                  0x0004000B000548656C6C6F0005576F726C64, "Hello World", 0, 2, 1, 2, 1, 0, 4, 2, 2
284 dig 3                                   0x0004000B000548656C6C6F0005576F726C64, "Hello World", 0, 2, 1, 2, 1, 0, 4, 2, 2, 0
286 int 4                                   0x0004000B000548656C6C6F0005576F726C64, "Hello World", 0, 2, 1, 2, 1, 0, 4, 2, 2, 0, 4
287 <                                       0x0004000B000548656C6C6F0005576F726C64, "Hello World", 0, 2, 1, 2, 1, 0, 4, 2, 2, 1
288 bz main_after_for@19                    0x0004000B000548656C6C6F0005576F726C64, "Hello World", 0, 2, 1, 2, 1, 0, 4, 2, 2
291 dig 3                                   0x0004000B000548656C6C6F0005576F726C64, "Hello World", 0, 2, 1, 2, 1, 0, 4, 2, 2, 0
293 dup                                     0x0004000B000548656C6C6F0005576F726C64, "Hello World", 0, 2, 1, 2, 1, 0, 4, 2, 2, 0, 0
294 int 4                                   0x0004000B000548656C6C6F0005576F726C64, "Hello World", 0, 2, 1, 2, 1, 0, 4, 2, 2, 0, 0, 4
295 *                                       0x0004000B000548656C6C6F0005576F726C64, "Hello World", 0, 2, 1, 2, 1, 0, 4, 2, 2, 0, 0
296 byte 0x000000010000000a000000ff00000080 0x0004000B000548656C6C6F0005576F726C64, "Hello World", 0, 2, 1, 2, 1, 0, 4, 2, 2, 0, 0, 0x000000010000000A000000FF00000080
314 swap                                    0x0004000B000548656C6C6F0005576F726C64, "Hello World", 0, 2, 1, 2, 1, 0, 4, 2, 2, 0, 0x000000010000000A000000FF00000080, 0
315 int 4                                   0x0004000B000548656C6C6F0005576F726C64, "Hello World", 0, 2, 1, 2, 1, 0, 4, 2, 2, 0, 0x000000010000000A000000FF00000080, 0, 4
316 extract3                                0x0004000B000548656C6C6F0005576F726C64, "Hello World", 0, 2, 1, 2, 1, 0, 4, 2, 2, 0, 0x00000001
317 btoi                                    0x0004000B000548656C6C6F0005576F726C64, "Hello World", 0, 2, 1, 2, 1, 0, 4, 2, 2, 0, 1
318 dig 4                                   0x0004000B000548656C6C6F0005576F726C64, "Hello World", 0, 2, 1, 2, 1, 0, 4, 2, 2, 0, 1, 4
320 +                                       0x0004000B000548656C6C6F0005576F726C64, "Hello World", 0, 2, 1, 2, 1, 0, 4, 2, 2, 0, 5
321 bury 4                                  0x0004000B000548656C6C6F0005576F726C64, "Hello World", 0, 2, 1, 2, 1, 0, 5, 2, 2, 0
323 int 1                                   0x0004000B000548656C6C6F0005576F726C64, "Hello World", 0, 2, 1, 2, 1, 0, 5, 2, 2, 0, 1
324 +                                       0x0004000B000548656C6C6F0005576F726C64, "Hello World", 0, 2, 1, 2, 1, 0, 5, 2, 2, 1
325 bury 4                                  0x0004000B000548656C6C6F0005576F726C64, "Hello World", 0, 2, 1, 2, 1, 1, 5, 2, 2
327 b main_for_header@16                    0x0004000B000548656C6C6F0005576F726C64, "Hello World", 0, 2, 1, 2, 1, 1, 5, 2, 2
284 dig 3                                   0x0004000B000548656C6C6F0005576F726C64, "Hello World", 0, 2, 1, 2, 1, 1, 5, 2, 2, 1
286 int 4                                   0x0004000B000548656C6C6F0005576F726C64, "Hello World", 0, 2, 1, 2, 1, 1, 5, 2, 2, 1, 4
287 <                                       0x0004000B000548656C6C6F0005576F726C64, "Hello World", 0, 2, 1, 2, 1, 1, 5, 2, 2, 1
288 bz main_after_for@19                    0x0004000B000548656C6C6F0005576F726C64, "Hello World", 0, 2, 1, 2, 1, 1, 5, 2, 2
291 dig 3                                   0x0004000B000548656C6C6F0005576F726C64, "Hello World", 0, 2, 1, 2, 1, 1, 5, 2, 2, 1
293 dup                                     0x0004000B000548656C6C6F0005576F726C64, "Hello World", 0, 2, 1, 2, 1, 1, 5, 2, 2, 1, 1
294 int 4                                   0x0004000B000548656C6C6F0005576F726C64, "Hello World", 0, 2, 1, 2, 1, 1, 5, 2, 2, 1, 1, 4
295 *                                       0x0004000B000548656C6C6F0005576F726C64, "Hello World", 0, 2, 1, 2, 1, 1, 5, 2, 2, 1, 4
296 byte 0x000000010000000a000000ff00000080 0x0004000B000548656C6C6F0005576F726C64, "Hello World", 0, 2, 1, 2, 1, 1, 5, 2, 2, 1, 4, 0x000000010000000A000000FF00000080
314 swap                                    0x0004000B000548656C6C6F0005576F726C64, "Hello World", 0, 2, 1, 2, 1, 1, 5, 2, 2, 1, 0x000000010000000A000000FF00000080, 4
315 int 4                                   0x0004000B000548656C6C6F0005576F726C64, "Hello World", 0, 2, 1, 2, 1, 1, 5, 2, 2, 1, 0x000000010000000A000000FF00000080, 4, 4
316 extract3                                0x0004000B000548656C6C6F0005576F726C64, "Hello World", 0, 2, 1, 2, 1, 1, 5, 2, 2, 1, 0x0000000A
317 btoi                                    0x0004000B000548656C6C6F0005576F726C64, "Hello World", 0, 2, 1, 2, 1, 1, 5, 2, 2, 1, 10
318 dig 4                                   0x0004000B000548656C6C6F0005576F726C64, "Hello World", 0, 2, 1, 2, 1, 1, 5, 2, 2, 1, 10, 5
320 +                                       0x0004000B000548656C6C6F0005576F726C64, "Hello World", 0, 2, 1, 2, 1, 1, 5, 2, 2, 1, 15
321 bury 4                                  0x0004000B000548656C6C6F0005576F726C64, "Hello World", 0, 2, 1, 2, 1, 1, 15, 2, 2, 1
323 int 1                                   0x0004000B000548656C6C6F0005576F726C64, "Hello World", 0, 2, 1, 2, 1, 1, 15, 2, 2, 1, 1
324 +                                       0x0004000B000548656C6C6F0005576F726C64, "Hello World", 0, 2, 1, 2, 1, 1, 15, 2, 2, 2
325 bury 4                                  0x0004000B000548656C6C6F0005576F726C64, "Hello World", 0, 2, 1, 2, 1, 2, 15, 2, 2
327 b main_for_header@16                    0x0004000B000548656C6C6F0005576F726C64, "Hello World", 0, 2, 1, 2, 1, 2, 15, 2, 2
284 dig 3                                   0x0004000B000548656C6C6F0005576F726C64, "Hello World", 0, 2, 1, 2, 1, 2, 15, 2, 2, 2
286 int 4                                   0x0004000B000548656C6C6F0005576F726C64, "Hello World", 0, 2, 1, 2, 1, 2, 15, 2, 2, 2, 4
287 <                                       0x0004000B000548656C6C6F0005576F726C64, "Hello World", 0, 2, 1, 2, 1, 2, 15, 2, 2, 1
288 bz main_after_for@19                    0x0004000B000548656C6C6F0005576F726C64, "Hello World", 0, 2, 1, 2, 1, 2, 15, 2, 2
291 dig 3                                   0x0004000B000548656C6C6F0005576F726C64, "Hello World", 0, 2, 1, 2, 1, 2, 15, 2, 2, 2
293 dup                                     0x0004000B000548656C6C6F0005576F726C64, "Hello World", 0, 2, 1, 2, 1, 2, 15, 2, 2, 2, 2
294 int 4                                   0x0004000B000548656C6C6F0005576F726C64, "Hello World", 0, 2, 1, 2, 1, 2, 15, 2, 2, 2, 2, 4
295 *                                       0x0004000B000548656C6C6F0005576F726C64, "Hello World", 0, 2, 1, 2, 1, 2, 15, 2, 2, 2, 8
296 byte 0x000000010000000a000000ff00000080 0x0004000B000548656C6C6F0005576F726C64, "Hello World", 0, 2, 1, 2, 1, 2, 15, 2, 2, 2, 8, 0x000000010000000A000000FF00000080
314 swap                                    0x0004000B000548656C6C6F0005576F726C64, "Hello World", 0, 2, 1, 2, 1, 2, 15, 2, 2, 2, 0x000000010000000A000000FF00000080, 8
315 int 4                                   0x0004000B000548656C6C6F0005576F726C64, "Hello World", 0, 2, 1, 2, 1, 2, 15, 2, 2, 2, 0x000000010000000A000000FF00000080, 8, 4
316 extract3                                0x0004000B000548656C6C6F0005576F726C64, "Hello World", 0, 2, 1, 2, 1, 2, 15, 2, 2, 2, 0x000000FF
317 btoi                                    0x0004000B000548656C6C6F0005576F726C64, "Hello World", 0, 2, 1, 2, 1, 2, 15, 2, 2, 2, 255
318 dig 4                                   0x0004000B000548656C6C6F0005576F726C64, "Hello World", 0, 2, 1, 2, 1, 2, 15, 2, 2, 2, 255, 15
320 +                                       0x0004000B000548656C6C6F0005576F726C64, "Hello World", 0, 2, 1, 2, 1, 2, 15, 2, 2, 2, 270
321 bury 4                                  0x0004000B000548656C6C6F0005576F726C64, "Hello World", 0, 2, 1, 2, 1, 2, 270, 2, 2, 2
323 int 1                                   0x0004000B000548656C6C6F0005576F726C64, "Hello World", 0, 2, 1, 2, 1, 2, 270, 2, 2, 2, 1
324 +                                       0x0004000B000548656C6C6F0005576F726C64, "Hello World", 0, 2, 1, 2, 1, 2, 270, 2, 2, 3
325 bury 4                                  0x0004000B000548656C6C6F0005576F726C64, "Hello World", 0, 2, 1, 2, 1, 3, 270, 2, 2
327 b main_for_header@16                    0x0004000B000548656C6C6F0005576F726C64, "Hello World", 0, 2, 1, 2, 1, 3, 270, 2, 2
284 dig 3                                   0x0004000B000548656C6C6F0005576F726C64, "Hello World", 0, 2, 1, 2, 1, 3, 270, 2, 2, 3
286 int 4                                   0x0004000B000548656C6C6F0005576F726C64, "Hello World", 0, 2, 1, 2, 1, 3, 270, 2, 2, 3, 4
287 <                                       0x0004000B000548656C6C6F0005576F726C64, "Hello World", 0, 2, 1, 2, 1, 3, 270, 2, 2, 1
288 bz main_after_for@19                    0x0004000B000548656C6C6F0005576F726C64, "Hello World", 0, 2, 1, 2, 1, 3, 270, 2, 2
291 dig 3                                   0x0004000B000548656C6C6F0005576F726C64, "Hello World", 0, 2, 1, 2, 1, 3, 270, 2, 2, 3
293 dup                                     0x0004000B000548656C6C6F0005576F726C64, "Hello World", 0, 2, 1, 2, 1, 3, 270, 2, 2, 3, 3
294 int 4                                   0x0004000B000548656C6C6F0005576F726C64, "Hello World", 0, 2, 1, 2, 1, 3, 270, 2, 2, 3, 3, 4
295 *                                       0x0004000B000548656C6C6F0005576F726C64, "Hello World", 0, 2, 1, 2, 1, 3, 270, 2, 2, 3, 12
296 byte 0x000000010000000a000000ff00000080 0x0004000B000548656C6C6F0005576F726C64, "Hello World", 0, 2, 1, 2, 1, 3, 270, 2, 2, 3, 12, 0x000000010000000A000000FF00000080
314 swap                                    0x0004000B000548656C6C6F0005576F726C64, "Hello World", 0, 2, 1, 2, 1, 3, 270, 2, 2, 3, 0x000000010000000A000000FF00000080, 12
315 int 4                                   0x0004000B000548656C6C6F0005576F726C64, "Hello World", 0, 2, 1, 2, 1, 3, 270, 2, 2, 3, 0x000000010000000A000000FF00000080, 12, 4
316 extract3                                0x0004000B000548656C6C6F0005576F726C64, "Hello World", 0, 2, 1, 2, 1, 3, 270, 2, 2, 3, 0x00000080
317 btoi                                    0x0004000B000548656C6C6F0005576F726C64, "Hello World", 0, 2, 1, 2, 1, 3, 270, 2, 2, 3, 128
318 dig 4                                   0x0004000B000548656C6C6F0005576F726C64, "Hello World", 0, 2, 1, 2, 1, 3, 270, 2, 2, 3, 128, 270
320 +                                       0x0004000B000548656C6C6F0005576F726C64, "Hello World", 0, 2, 1, 2, 1, 3, 270, 2, 2, 3, 398
321 bury 4                                  0x0004000B000548656C6C6F0005576F726C64, "Hello World", 0, 2, 1, 2, 1, 3, 398, 2, 2, 3
323 int 1                                   0x0004000B000548656C6C6F0005576F726C64, "Hello World", 0, 2, 1, 2, 1, 3, 398, 2, 2, 3, 1
324 +                                       0x0004000B000548656C6C6F0005576F726C64, "Hello World", 0, 2, 1, 2, 1, 3, 398, 2, 2, 4
325 bury 4                                  0x0004000B000548656C6C6F0005576F726C64, "Hello World", 0, 2, 1, 2, 1, 4, 398, 2, 2
327 b main_for_header@16                    0x0004000B000548656C6C6F0005576F726C64, "Hello World", 0, 2, 1, 2, 1, 4, 398, 2, 2
284 dig 3                                   0x0004000B000548656C6C6F0005576F726C64, "Hello World", 0, 2, 1, 2, 1, 4, 398, 2, 2, 4
286 int 4                                   0x0004000B000548656C6C6F0005576F726C64, "Hello World", 0, 2, 1, 2, 1, 4, 398, 2, 2, 4, 4
287 <                                       0x0004000B000548656C6C6F0005576F726C64, "Hello World", 0, 2, 1, 2, 1, 4, 398, 2, 2, 0
288 bz main_after_for@19                    0x0004000B000548656C6C6F0005576F726C64, "Hello World", 0, 2, 1, 2, 1, 4, 398, 2, 2
330 dig 2                                   0x0004000B000548656C6C6F0005576F726C64, "Hello World", 0, 2, 1, 2, 1, 4, 398, 2, 2, 398
332 int 398                                 0x0004000B000548656C6C6F0005576F726C64, "Hello World", 0, 2, 1, 2, 1, 4, 398, 2, 2, 398, 398
335 ==                                      0x0004000B000548656C6C6F0005576F726C64, "Hello World", 0, 2, 1, 2, 1, 4, 398, 2, 2, 1
336 assert                                  0x0004000B000548656C6C6F0005576F726C64, "Hello World", 0, 2, 1, 2, 1, 4, 398, 2, 2
337 byte 0x65                               0x0004000B000548656C6C6F0005576F726C64, "Hello World", 0, 2, 1, 2, 1, 4, 398, 2, 2, "e"
338 btoi                                    0x0004000B000548656C6C6F0005576F726C64, "Hello World", 0, 2, 1, 2, 1, 4, 398, 2, 2, 101
339 byte 0x65                               0x0004000B000548656C6C6F0005576F726C64, "Hello World", 0, 2, 1, 2, 1, 4, 398, 2, 2, 101, "e"
340 btoi                                    0x0004000B000548656C6C6F0005576F726C64, "Hello World", 0, 2, 1, 2, 1, 4, 398, 2, 2, 101, 101
341 +                                       0x0004000B000548656C6C6F0005576F726C64, "Hello World", 0, 2, 1, 2, 1, 4, 398, 2, 2, 202
342 int 202                                 0x0004000B000548656C6C6F0005576F726C64, "Hello World", 0, 2, 1, 2, 1, 4, 398, 2, 2, 202, 202
345 ==                                      0x0004000B000548656C6C6F0005576F726C64, "Hello World", 0, 2, 1, 2, 1, 4, 398, 2, 2, 1
346 assert                                  0x0004000B000548656C6C6F0005576F726C64, "Hello World", 0, 2, 1, 2, 1, 4, 398, 2, 2
347 int 4                                   0x0004000B000548656C6C6F0005576F726C64, "Hello World", 0, 2, 1, 2, 1, 4, 398, 2, 2, 4
348 itob                                    0x0004000B000548656C6C6F0005576F726C64, "Hello World", 0, 2, 1, 2, 1, 4, 398, 2, 2, 0x0000000000000004
349 extract 6 2                             0x0004000B000548656C6C6F0005576F726C64, "Hello World", 0, 2, 1, 2, 1, 4, 398, 2, 2, 0x0004
352 int 10                                  0x0004000B000548656C6C6F0005576F726C64, "Hello World", 0, 2, 1, 2, 1, 4, 398, 2, 2, 0x0004, 10
354 itob                                    0x0004000B000548656C6C6F0005576F726C64, "Hello World", 0, 2, 1, 2, 1, 4, 398, 2, 2, 0x0004, 0x000000000000000A
355 extract 6 2                             0x0004000B000548656C6C6F0005576F726C64, "Hello World", 0, 2, 1, 2, 1, 4, 398, 2, 2, 0x0004, 0x000A
358 concat                                  0x0004000B000548656C6C6F0005576F726C64, "Hello World", 0, 2, 1, 2, 1, 4, 398, 2, 2, 0x0004000A
359 byte "\x00\x04Ping"                     0x0004000B000548656C6C6F0005576F726C64, "Hello World", 0, 2, 1, 2, 1, 4, 398, 2, 2, 0x0004000A, 0x000450696E67
367 concat                                  0x0004000B000548656C6C6F0005576F726C64, "Hello World", 0, 2, 1, 2, 1, 4, 398, 2, 2, 0x0004000A000450696E67
368 byte "\x00\x04Pong"                     0x0004000B000548656C6C6F0005576F726C64, "Hello World", 0, 2, 1, 2, 1, 4, 398, 2, 2, 0x0004000A000450696E67, 0x0004506F6E67
376 concat                                  0x0004000B000548656C6C6F0005576F726C64, "Hello World", 0, 2, 1, 2, 1, 4, 398, 2, 2, 0x0004000A000450696E670004506F6E67
377 bury 9                                  0x0004000B000548656C6C6F0005576F726C64, "Hello World", 0x0004000A000450696E670004506F6E67, 2, 1, 2, 1, 4, 398, 2, 2
379 byte ""                                 0x0004000B000548656C6C6F0005576F726C64, "Hello World", 0x0004000A000450696E670004506F6E67, 2, 1, 2, 1, 4, 398, 2, 2, 0x
380 bury 10                                 0x0004000B000548656C6C6F0005576F726C64, 0x, 0x0004000A000450696E670004506F6E67, 2, 1, 2, 1, 4, 398, 2, 2
382 int 0                                   0x0004000B000548656C6C6F0005576F726C64, 0x, 0x0004000A000450696E670004506F6E67, 2, 1, 2, 1, 4, 398, 2, 2, 0
383 bury 6                                  0x0004000B000548656C6C6F0005576F726C64, 0x, 0x0004000A000450696E670004506F6E67, 2, 1, 0, 1, 4, 398, 2, 2
385 dig 5                                   0x0004000B000548656C6C6F0005576F726C64, 0x, 0x0004000A000450696E670004506F6E67, 2, 1, 0, 1, 4, 398, 2, 2, 0
387 int 2                                   0x0004000B000548656C6C6F0005576F726C64, 0x, 0x0004000A000450696E670004506F6E67, 2, 1, 0, 1, 4, 398, 2, 2, 0, 2
388 <                                       0x0004000B000548656C6C6F0005576F726C64, 0x, 0x0004000A000450696E670004506F6E67, 2, 1, 0, 1, 4, 398, 2, 2, 1
389 bz main_after_for@26                    0x0004000B000548656C6C6F0005576F726C64, 0x, 0x0004000A000450696E670004506F6E67, 2, 1, 0, 1, 4, 398, 2, 2
392 dig 5                                   0x0004000B000548656C6C6F0005576F726C64, 0x, 0x0004000A000450696E670004506F6E67, 2, 1, 0, 1, 4, 398, 2, 2, 0
394 dup                                     0x0004000B000548656C6C6F0005576F726C64, 0x, 0x0004000A000450696E670004506F6E67, 2, 1, 0, 1, 4, 398, 2, 2, 0, 0
395 int 2                                   0x0004000B000548656C6C6F0005576F726C64, 0x, 0x0004000A000450696E670004506F6E67, 2, 1, 0, 1, 4, 398, 2, 2, 0, 0, 2
396 *                                       0x0004000B000548656C6C6F0005576F726C64, 0x, 0x0004000A000450696E670004506F6E67, 2, 1, 0, 1, 4, 398, 2, 2, 0, 0
397 dig 10                                  0x0004000B000548656C6C6F0005576F726C64, 0x, 0x0004000A000450696E670004506F6E67, 2, 1, 0, 1, 4, 398, 2, 2, 0, 0, 0x0004000A000450696E670004506F6E67
399 dup                                     0x0004000B000548656C6C6F0005576F726C64, 0x, 0x0004000A000450696E670004506F6E67, 2, 1, 0, 1, 4, 398, 2, 2, 0, 0, 0x0004000A000450696E670004506F6E67, 0x0004000A000450696E670004506F6E67
400 cover 2                                 0x0004000B000548656C6C6F0005576F726C64, 0x, 0x0004000A000450696E670004506F6E67, 2, 1, 0, 1, 4, 398, 2, 2, 0, 0x0004000A000450696E670004506F6E67, 0, 0x0004000A000450696E670004506F6E67
402 swap                                    0x0004000B000548656C6C6F0005576F726C64, 0x, 0x0004000A000450696E670004506F6E67, 2, 1, 0, 1, 4, 398, 2, 2, 0, 0x0004000A000450696E670004506F6E67, 0x0004000A000450696E670004506F6E67, 0
403 extract_uint16                          0x0004000B000548656C6C6F0005576F726C64, 0x, 0x0004000A000450696E670004506F6E67, 2, 1, 0, 1, 4, 398, 2, 2, 0, 0x0004000A000450696E670004506F6E67, 4
404 dig 1                                   0x0004000B000548656C6C6F0005576F726C64, 0x, 0x0004000A000450696E670004506F6E67, 2, 1, 0, 1, 4, 398, 2, 2, 0, 0x0004000A000450696E670004506F6E67, 4, 0x0004000A000450696E670004506F6E67
406 dig 1                                   0x0004000B000548656C6C6F0005576F726C64, 0x, 0x0004000A000450696E670004506F6E67, 2, 1, 0, 1, 4, 398, 2, 2, 0, 0x0004000A000450696E670004506F6E67, 4, 0x0004000A000450696E670004506F6E67, 4
408 extract_uint16                          0x0004000B000548656C6C6F0005576F726C64, 0x, 0x0004000A000450696E670004506F6E67, 2, 1, 0, 1, 4, 398, 2, 2, 0, 0x0004000A000450696E670004506F6E67, 4, 4
409 int 2                                   0x0004000B000548656C6C6F0005576F726C64, 0x, 0x0004000A000450696E670004506F6E67, 2, 1, 0, 1, 4, 398, 2, 2, 0, 0x0004000A000450696E670004506F6E67, 4, 4, 2
410 +                                       0x0004000B000548656C6C6F0005576F726C64, 0x, 0x0004000A000450696E670004506F6E67, 2, 1, 0, 1, 4, 398, 2, 2, 0, 0x0004000A000450696E670004506F6E67, 4, 6
411 extract3                                0x0004000B000548656C6C6F0005576F726C64, 0x, 0x0004000A000450696E670004506F6E67, 2, 1, 0, 1, 4, 398, 2, 2, 0, 0x000450696E67
412 swap                                    0x0004000B000548656C6C6F0005576F726C64, 0x, 0x0004000A000450696E670004506F6E67, 2, 1, 0, 1, 4, 398, 2, 2, 0x000450696E67, 0
413 !                                       0x0004000B000548656C6C6F0005576F726C64, 0x, 0x0004000A000450696E670004506F6E67, 2, 1, 0, 1, 4, 398, 2, 2, 0x000450696E67, 1
414 bz main_else_body@23                    0x0004000B000548656C6C6F0005576F726C64, 0x, 0x0004000A000450696E670004506F6E67, 2, 1, 0, 1, 4, 398, 2, 2, 0x000450696E67
417 extract 2 0                             0x0004000B000548656C6C6F0005576F726C64, 0x, 0x0004000A000450696E670004506F6E67, 2, 1, 0, 1, 4, 398, 2, 2, "Ping"
420 bury 10                                 0x0004000B000548656C6C6F0005576F726C64, "Ping", 0x0004000A000450696E670004506F6E67, 2, 1, 0, 1, 4, 398, 2, 2
422 b main_after_if_else@24                 0x0004000B000548656C6C6F0005576F726C64, "Ping", 0x0004000A000450696E670004506F6E67, 2, 1, 0, 1, 4, 398, 2, 2
437 dig 5                                   0x0004000B000548656C6C6F0005576F726C64, "Ping", 0x0004000A000450696E670004506F6E67, 2, 1, 0, 1, 4, 398, 2, 2, 0
439 int 1                                   0x0004000B000548656C6C6F0005576F726C64, "Ping", 0x0004000A000450696E670004506F6E67, 2, 1, 0, 1, 4, 398, 2, 2, 0, 1
440 +                                       0x0004000B000548656C6C6F0005576F726C64, "Ping", 0x0004000A000450696E670004506F6E67, 2, 1, 0, 1, 4, 398, 2, 2, 1
441 bury 6                                  0x0004000B000548656C6C6F0005576F726C64, "Ping", 0x0004000A000450696E670004506F6E67, 2, 1, 1, 1, 4, 398, 2, 2
443 b main_for_header@20                    0x0004000B000548656C6C6F0005576F726C64, "Ping", 0x0004000A000450696E670004506F6E67, 2, 1, 1, 1, 4, 398, 2, 2
385 dig 5                                   0x0004000B000548656C6C6F0005576F726C64, "Ping", 0x0004000A000450696E670004506F6E67, 2, 1, 1, 1, 4, 398, 2, 2, 1
387 int 2                                   0x0004000B000548656C6C6F0005576F726C64, "Ping", 0x0004000A000450696E670004506F6E67, 2, 1, 1, 1, 4, 398, 2, 2, 1, 2
388 <                                       0x0004000B000548656C6C6F0005576F726C64, "Ping", 0x0004000A000450696E670004506F6E67, 2, 1, 1, 1, 4, 398, 2, 2, 1
389 bz main_after_for@26                    0x0004000B000548656C6C6F0005576F726C64, "Ping", 0x0004000A000450696E670004506F6E67, 2, 1, 1, 1, 4, 398, 2, 2
392 dig 5                                   0x0004000B000548656C6C6F0005576F726C64, "Ping", 0x0004000A000450696E670004506F6E67, 2, 1, 1, 1, 4, 398, 2, 2, 1
394 dup                                     0x0004000B000548656C6C6F0005576F726C64, "Ping", 0x0004000A000450696E670004506F6E67, 2, 1, 1, 1, 4, 398, 2, 2, 1, 1
395 int 2                                   0x0004000B000548656C6C6F0005576F726C64, "Ping", 0x0004000A000450696E670004506F6E67, 2, 1, 1, 1, 4, 398, 2, 2, 1, 1, 2
396 *                                       0x0004000B000548656C6C6F0005576F726C64, "Ping", 0x0004000A000450696E670004506F6E67, 2, 1, 1, 1, 4, 398, 2, 2, 1, 2
397 dig 10                                  0x0004000B000548656C6C6F0005576F726C64, "Ping", 0x0004000A000450696E670004506F6E67, 2, 1, 1, 1, 4, 398, 2, 2, 1, 2, 0x0004000A000450696E670004506F6E67
399 dup                                     0x0004000B000548656C6C6F0005576F726C64, "Ping", 0x0004000A000450696E670004506F6E67, 2, 1, 1, 1, 4, 398, 2, 2, 1, 2, 0x0004000A000450696E670004506F6E67, 0x0004000A000450696E670004506F6E67
400 cover 2                                 0x0004000B000548656C6C6F0005576F726C64, "Ping", 0x0004000A000450696E670004506F6E67, 2, 1, 1, 1, 4, 398, 2, 2, 1, 0x0004000A000450696E670004506F6E67, 2, 0x0004000A000450696E670004506F6E67
402 swap                                    0x0004000B000548656C6C6F0005576F726C64, "Ping", 0x0004000A000450696E670004506F6E67, 2, 1, 1, 1, 4, 398, 2, 2, 1, 0x0004000A000450696E670004506F6E67, 0x0004000A000450696E670004506F6E67, 2
403 extract_uint16                          0x0004000B000548656C6C6F0005576F726C64, "Ping", 0x0004000A000450696E670004506F6E67, 2, 1, 1, 1, 4, 398, 2, 2, 1, 0x0004000A000450696E670004506F6E67, 10
404 dig 1                                   0x0004000B000548656C6C6F0005576F726C64, "Ping", 0x0004000A000450696E670004506F6E67, 2, 1, 1, 1, 4, 398, 2, 2, 1, 0x0004000A000450696E670004506F6E67, 10, 0x0004000A000450696E670004506F6E67
406 dig 1                                   0x0004000B000548656C6C6F0005576F726C64, "Ping", 0x0004000A000450696E670004506F6E67, 2, 1, 1, 1, 4, 398, 2, 2, 1, 0x0004000A000450696E670004506F6E67, 10, 0x0004000A000450696E670004506F6E67, 10
408 extract_uint16                          0x0004000B000548656C6C6F0005576F726C64, "Ping", 0x0004000A000450696E670004506F6E67, 2, 1, 1, 1, 4, 398, 2, 2, 1, 0x0004000A000450696E670004506F6E67, 10, 4
409 int 2                                   0x0004000B000548656C6C6F0005576F726C64, "Ping", 0x0004000A000450696E670004506F6E67, 2, 1, 1, 1, 4, 398, 2, 2, 1, 0x0004000A000450696E670004506F6E67, 10, 4, 2
410 +                                       0x0004000B000548656C6C6F0005576F726C64, "Ping", 0x0004000A000450696E670004506F6E67, 2, 1, 1, 1, 4, 398, 2, 2, 1, 0x0004000A000450696E670004506F6E67, 10, 6
411 extract3                                0x0004000B000548656C6C6F0005576F726C64, "Ping", 0x0004000A000450696E670004506F6E67, 2, 1, 1, 1, 4, 398, 2, 2, 1, 0x0004506F6E67
412 swap                                    0x0004000B000548656C6C6F0005576F726C64, "Ping", 0x0004000A000450696E670004506F6E67, 2, 1, 1, 1, 4, 398, 2, 2, 0x0004506F6E67, 1
413 !                                       0x0004000B000548656C6C6F0005576F726C64, "Ping", 0x0004000A000450696E670004506F6E67, 2, 1, 1, 1, 4, 398, 2, 2, 0x0004506F6E67, 0
414 bz main_else_body@23                    0x0004000B000548656C6C6F0005576F726C64, "Ping", 0x0004000A000450696E670004506F6E67, 2, 1, 1, 1, 4, 398, 2, 2, 0x0004506F6E67
425 extract 2 0                             0x0004000B000548656C6C6F0005576F726C64, "Ping", 0x0004000A000450696E670004506F6E67, 2, 1, 1, 1, 4, 398, 2, 2, "Pong"
428 byte " "                                0x0004000B000548656C6C6F0005576F726C64, "Ping", 0x0004000A000450696E670004506F6E67, 2, 1, 1, 1, 4, 398, 2, 2, "Pong", " "
429 swap                                    0x0004000B000548656C6C6F0005576F726C64, "Ping", 0x0004000A000450696E670004506F6E67, 2, 1, 1, 1, 4, 398, 2, 2, " ", "Pong"
430 concat                                  0x0004000B000548656C6C6F0005576F726C64, "Ping", 0x0004000A000450696E670004506F6E67, 2, 1, 1, 1, 4, 398, 2, 2, " Pong"
431 dig 10                                  0x0004000B000548656C6C6F0005576F726C64, "Ping", 0x0004000A000450696E670004506F6E67, 2, 1, 1, 1, 4, 398, 2, 2, " Pong", "Ping"
433 swap                                    0x0004000B000548656C6C6F0005576F726C64, "Ping", 0x0004000A000450696E670004506F6E67, 2, 1, 1, 1, 4, 398, 2, 2, "Ping", " Pong"
434 concat                                  0x0004000B000548656C6C6F0005576F726C64, "Ping", 0x0004000A000450696E670004506F6E67, 2, 1, 1, 1, 4, 398, 2, 2, "Ping Pong"
435 bury 10                                 0x0004000B000548656C6C6F0005576F726C64, "Ping Pong", 0x0004000A000450696E670004506F6E67, 2, 1, 1, 1, 4, 398, 2, 2
437 dig 5                                   0x0004000B000548656C6C6F0005576F726C64, "Ping Pong", 0x0004000A000450696E670004506F6E67, 2, 1, 1, 1, 4, 398, 2, 2, 1
439 int 1                                   0x0004000B000548656C6C6F0005576F726C64, "Ping Pong", 0x0004000A000450696E670004506F6E67, 2, 1, 1, 1, 4, 398, 2, 2, 1, 1
440 +                                       0x0004000B000548656C6C6F0005576F726C64, "Ping Pong", 0x0004000A000450696E670004506F6E67, 2, 1, 1, 1, 4, 398, 2, 2, 2
441 bury 6                                  0x0004000B000548656C6C6F0005576F726C64, "Ping Pong", 0x0004000A000450696E670004506F6E67, 2, 1, 2, 1, 4, 398, 2, 2
443 b main_for_header@20                    0x0004000B000548656C6C6F0005576F726C64, "Ping Pong", 0x0004000A000450696E670004506F6E67, 2, 1, 2, 1, 4, 398, 2, 2
385 dig 5                                   0x0004000B000548656C6C6F0005576F726C64, "Ping Pong", 0x0004000A000450696E670004506F6E67, 2, 1, 2, 1, 4, 398, 2, 2, 2
387 int 2                                   0x0004000B000548656C6C6F0005576F726C64, "Ping Pong", 0x0004000A000450696E670004506F6E67, 2, 1, 2, 1, 4, 398, 2, 2, 2, 2
388 <                                       0x0004000B000548656C6C6F0005576F726C64, "Ping Pong", 0x0004000A000450696E670004506F6E67, 2, 1, 2, 1, 4, 398, 2, 2, 0
389 bz main_after_for@26                    0x0004000B000548656C6C6F0005576F726C64, "Ping Pong", 0x0004000A000450696E670004506F6E67, 2, 1, 2, 1, 4, 398, 2, 2
446 dig 9                                   0x0004000B000548656C6C6F0005576F726C64, "Ping Pong", 0x0004000A000450696E670004506F6E67, 2, 1, 2, 1, 4, 398, 2, 2, "Ping Pong"
448 byte "Ping Pong"                        0x0004000B000548656C6C6F0005576F726C64, "Ping Pong", 0x0004000A000450696E670004506F6E67, 2, 1, 2, 1, 4, 398, 2, 2, "Ping Pong", "Ping Pong"
459 ==                                      0x0004000B000548656C6C6F0005576F726C64, "Ping Pong", 0x0004000A000450696E670004506F6E67, 2, 1, 2, 1, 4, 398, 2, 2, 1
460 assert                                  0x0004000B000548656C6C6F0005576F726C64, "Ping Pong", 0x0004000A000450696E670004506F6E67, 2, 1, 2, 1, 4, 398, 2, 2
461 int 1                                   0x0004000B000548656C6C6F0005576F726C64, "Ping Pong", 0x0004000A000450696E670004506F6E67, 2, 1, 2, 1, 4, 398, 2, 2, 1
462 return                                  1