PC  Teal               Stack
1   <intcblock>
6   <bytecblock>
10  byte 0x00          0x00
11  int 0              0x00, 0
12  int 1              0x00, 0, 1
13  setbit             0x80
14  byte 0x00          0x80, 0x00
15  int 0              0x80, 0x00, 0
16  int 0              0x80, 0x00, 0, 0
17  setbit             0x80, 0x00
18  callsub test_stuff 0x80, 0x00
281 proto 2 0          0x80, 0x00
284 frame_dig -2       0x80, 0x00, 0x80
286 int 0              0x80, 0x00, 0x80, 0
287 getbit             0x80, 0x00, 1
288 assert             0x80, 0x00
289 frame_dig -1       0x80, 0x00, 0x00
291 int 0              0x80, 0x00, 0x00, 0
292 getbit             0x80, 0x00, 0
293 !                  0x80, 0x00, 1
294 assert             0x80, 0x00
295 frame_dig -2       0x80, 0x00, 0x80
297 int 0              0x80, 0x00, 0x80, 0
298 getbit             0x80, 0x00, 1
299 byte 0x00          0x80, 0x00, 1, 0x00
300 int 0              0x80, 0x00, 1, 0x00, 0
301 uncover 2          0x80, 0x00, 0x00, 0, 1
303 setbit             0x80, 0x00, 0x80
304 frame_dig -2       0x80, 0x00, 0x80, 0x80
306 ==                 0x80, 0x00, 1
307 assert             0x80, 0x00
308 frame_dig -1       0x80, 0x00, 0x00
310 int 0              0x80, 0x00, 0x00, 0
311 getbit             0x80, 0x00, 0
312 byte 0x00          0x80, 0x00, 0, 0x00
313 int 0              0x80, 0x00, 0, 0x00, 0
314 uncover 2          0x80, 0x00, 0x00, 0, 0
316 setbit             0x80, 0x00, 0x00
317 frame_dig -1       0x80, 0x00, 0x00, 0x00
319 ==                 0x80, 0x00, 1
320 assert             0x80, 0x00
321 retsub
21  byte 0x00          0x00
22  int 0              0x00, 0
23  int 1              0x00, 0, 1
24  setbit             0x80
25  byte 0x00          0x80, 0x00
26  int 0              0x80, 0x00, 0
27  int 1              0x80, 0x00, 0, 1
28  setbit             0x80, 0x80
29  byte 0x00          0x80, 0x80, 0x00
30  int 0              0x80, 0x80, 0x00, 0
31  int 1              0x80, 0x80, 0x00, 0, 1
32  setbit             0x80, 0x80, 0x80
33  cover 2            0x80, 0x80, 0x80
35  byte 0x00          0x80, 0x80, 0x80, 0x00
36  int 0              0x80, 0x80, 0x80, 0x00, 0
37  int 1              0x80, 0x80, 0x80, 0x00, 0, 1
38  setbit             0x80, 0x80, 0x80, 0x80
39  cover 3            0x80, 0x80, 0x80, 0x80
41  byte 0x00          0x80, 0x80, 0x80, 0x80, 0x00
42  int 0              0x80, 0x80, 0x80, 0x80, 0x00, 0
43  int 1              0x80, 0x80, 0x80, 0x80, 0x00, 0, 1
44  setbit             0x80, 0x80, 0x80, 0x80, 0x80
45  cover 4            0x80, 0x80, 0x80, 0x80, 0x80
47  byte 0x00          0x80, 0x80, 0x80, 0x80, 0x80, 0x00
48  int 0              0x80, 0x80, 0x80, 0x80, 0x80, 0x00, 0
49  int 1              0x80, 0x80, 0x80, 0x80, 0x80, 0x00, 0, 1
50  setbit             0x80, 0x80, 0x80, 0x80, 0x80, 0x80
51  cover 5            0x80, 0x80, 0x80, 0x80, 0x80, 0x80
53  byte 0x00          0x80, 0x80, 0x80, 0x80, 0x80, 0x80, 0x00
54  int 0              0x80, 0x80, 0x80, 0x80, 0x80, 0x80, 0x00, 0
55  int 1              0x80, 0x80, 0x80, 0x80, 0x80, 0x80, 0x00, 0, 1
56  setbit             0x80, 0x80, 0x80, 0x80, 0x80, 0x80, 0x80
57  cover 6            0x80, 0x80, 0x80, 0x80, 0x80, 0x80, 0x80
59  byte 0x00          0x80, 0x80, 0x80, 0x80, 0x80, 0x80, 0x80, 0x00
60  int 0              0x80, 0x80, 0x80, 0x80, 0x80, 0x80, 0x80, 0x00, 0
61  int 1              0x80, 0x80, 0x80, 0x80, 0x80, 0x80, 0x80, 0x00, 0, 1
62  setbit             0x80, 0x80, 0x80, 0x80, 0x80, 0x80, 0x80, 0x80
63  cover 7            0x80, 0x80, 0x80, 0x80, 0x80, 0x80, 0x80, 0x80
65  byte 0x00          0x80, 0x80, 0x80, 0x80, 0x80, 0x80, 0x80, 0x80, 0x00
66  int 0              0x80, 0x80, 0x80, 0x80, 0x80, 0x80, 0x80, 0x80, 0x00, 0
67  int 1              0x80, 0x80, 0x80, 0x80, 0x80, 0x80, 0x80, 0x80, 0x00, 0, 1
68  setbit             0x80, 0x80, 0x80, 0x80, 0x80, 0x80, 0x80, 0x80, 0x80
69  cover 8            0x80, 0x80, 0x80, 0x80, 0x80, 0x80, 0x80, 0x80, 0x80
71  byte 0x00          0x80, 0x80, 0x80, 0x80, 0x80, 0x80, 0x80, 0x80, 0x80, 0x00
72  int 0              0x80, 0x80, 0x80, 0x80, 0x80, 0x80, 0x80, 0x80, 0x80, 0x00, 0
73  int 1              0x80, 0x80, 0x80, 0x80, 0x80, 0x80, 0x80, 0x80, 0x80, 0x00, 0, 1
74  setbit             0x80, 0x80, 0x80, 0x80, 0x80, 0x80, 0x80, 0x80, 0x80, 0x80
75  cover 8            0x80, 0x80, 0x80, 0x80, 0x80, 0x80, 0x80, 0x80, 0x80, 0x80
77  byte 0x00          0x80, 0x80, 0x80, 0x80, 0x80, 0x80, 0x80, 0x80, 0x80, 0x80, 0x00
78  int 0              0x80, 0x80, 0x80, 0x80, 0x80, 0x80, 0x80, 0x80, 0x80, 0x80, 0x00, 0
79  int 1              0x80, 0x80, 0x80, 0x80, 0x80, 0x80, 0x80, 0x80, 0x80, 0x80, 0x00, 0, 1
80  setbit             0x80, 0x80, 0x80, 0x80, 0x80, 0x80, 0x80, 0x80, 0x80, 0x80, 0x80
81  cover 10           0x80, 0x80, 0x80, 0x80, 0x80, 0x80, 0x80, 0x80, 0x80, 0x80, 0x80
83  byte 0x00          0x80, 0x80, 0x80, 0x80, 0x80, 0x80, 0x80, 0x80, 0x80, 0x80, 0x80, 0x00
84  int 0              0x80, 0x80, 0x80, 0x80, 0x80, 0x80, 0x80, 0x80, 0x80, 0x80, 0x80, 0x00, 0
85  int 1              0x80, 0x80, 0x80, 0x80, 0x80, 0x80, 0x80, 0x80, 0x80, 0x80, 0x80, 0x00, 0, 1
86  setbit             0x80, 0x80, 0x80, 0x80, 0x80, 0x80, 0x80, 0x80, 0x80, 0x80, 0x80, 0x80
87  cover 11           0x80, 0x80, 0x80, 0x80, 0x80, 0x80, 0x80, 0x80, 0x80, 0x80, 0x80, 0x80
89  byte 0x            0x80, 0x80, 0x80, 0x80, 0x80, 0x80, 0x80, 0x80, 0x80, 0x80, 0x80, 0x80, 0x
91  uncover 2          0x80, 0x80, 0x80, 0x80, 0x80, 0x80, 0x80, 0x80, 0x80, 0x80, 0x80, 0x, 0x80
93  concat             0x80, 0x80, 0x80, 0x80, 0x80, 0x80, 0x80, 0x80, 0x80, 0x80, 0x80, 0x80
94  swap               0x80, 0x80, 0x80, 0x80, 0x80, 0x80, 0x80, 0x80, 0x80, 0x80, 0x80, 0x80
95  int 0              0x80, 0x80, 0x80, 0x80, 0x80, 0x80, 0x80, 0x80, 0x80, 0x80, 0x80, 0x80, 0
96  getbit             0x80, 0x80, 0x80, 0x80, 0x80, 0x80, 0x80, 0x80, 0x80, 0x80, 0x80, 1
97  swap               0x80, 0x80, 0x80, 0x80, 0x80, 0x80, 0x80, 0x80, 0x80, 0x80, 1, 0x80
98  int 1              0x80, 0x80, 0x80, 0x80, 0x80, 0x80, 0x80, 0x80, 0x80, 0x80, 1, 0x80, 1
99  uncover 2          0x80, 0x80, 0x80, 0x80, 0x80, 0x80, 0x80, 0x80, 0x80, 0x80, 0x80, 1, 1
101 setbit             0x80, 0x80, 0x80, 0x80, 0x80, 0x80, 0x80, 0x80, 0x80, 0x80, 0xC0
102 swap               0x80, 0x80, 0x80, 0x80, 0x80, 0x80, 0x80, 0x80, 0x80, 0xC0, 0x80
103 int 0              0x80, 0x80, 0x80, 0x80, 0x80, 0x80, 0x80, 0x80, 0x80, 0xC0, 0x80, 0
104 getbit             0x80, 0x80, 0x80, 0x80, 0x80, 0x80, 0x80, 0x80, 0x80, 0xC0, 1
105 swap               0x80, 0x80, 0x80, 0x80, 0x80, 0x80, 0x80, 0x80, 0x80, 1, 0xC0
106 int 2              0x80, 0x80, 0x80, 0x80, 0x80, 0x80, 0x80, 0x80, 0x80, 1, 0xC0, 2
108 uncover 2          0x80, 0x80, 0x80, 0x80, 0x80, 0x80, 0x80, 0x80, 0x80, 0xC0, 2, 1
110 setbit             0x80, 0x80, 0x80, 0x80, 0x80, 0x80, 0x80, 0x80, 0x80, 0xE0
111 swap               0x80, 0x80, 0x80, 0x80, 0x80, 0x80, 0x80, 0x80, 0xE0, 0x80
112 int 0              0x80, 0x80, 0x80, 0x80, 0x80, 0x80, 0x80, 0x80, 0xE0, 0x80, 0
113 getbit             0x80, 0x80, 0x80, 0x80, 0x80, 0x80, 0x80, 0x80, 0xE0, 1
114 swap               0x80, 0x80, 0x80, 0x80, 0x80, 0x80, 0x80, 0x80, 1, 0xE0
115 int 3              0x80, 0x80, 0x80, 0x80, 0x80, 0x80, 0x80, 0x80, 1, 0xE0, 3
117 uncover 2          0x80, 0x80, 0x80, 0x80, 0x80, 0x80, 0x80, 0x80, 0xE0, 3, 1
119 setbit             0x80, 0x80, 0x80, 0x80, 0x80, 0x80, 0x80, 0x80, 0xF0
120 swap               0x80, 0x80, 0x80, 0x80, 0x80, 0x80, 0x80, 0xF0, 0x80
121 int 0              0x80, 0x80, 0x80, 0x80, 0x80, 0x80, 0x80, 0xF0, 0x80, 0
122 getbit             0x80, 0x80, 0x80, 0x80, 0x80, 0x80, 0x80, 0xF0, 1
123 swap               0x80, 0x80, 0x80, 0x80, 0x80, 0x80, 0x80, 1, 0xF0
124 int 4              0x80, 0x80, 0x80, 0x80, 0x80, 0x80, 0x80, 1, 0xF0, 4
126 uncover 2          0x80, 0x80, 0x80, 0x80, 0x80, 0x80, 0x80, 0xF0, 4, 1
128 setbit             0x80, 0x80, 0x80, 0x80, 0x80, 0x80, 0x80, 0xF8
129 swap               0x80, 0x80, 0x80, 0x80, 0x80, 0x80, 0xF8, 0x80
130 int 0              0x80, 0x80, 0x80, 0x80, 0x80, 0x80, 0xF8, 0x80, 0
131 getbit             0x80, 0x80, 0x80, 0x80, 0x80, 0x80, 0xF8, 1
132 swap               0x80, 0x80, 0x80, 0x80, 0x80, 0x80, 1, 0xF8
133 int 5              0x80, 0x80, 0x80, 0x80, 0x80, 0x80, 1, 0xF8, 5
135 uncover 2          0x80, 0x80, 0x80, 0x80, 0x80, 0x80, 0xF8, 5, 1
137 setbit             0x80, 0x80, 0x80, 0x80, 0x80, 0x80, 0xFC
138 swap               0x80, 0x80, 0x80, 0x80, 0x80, 0xFC, 0x80
139 int 0              0x80, 0x80, 0x80, 0x80, 0x80, 0xFC, 0x80, 0
140 getbit             0x80, 0x80, 0x80, 0x80, 0x80, 0xFC, 1
141 swap               0x80, 0x80, 0x80, 0x80, 0x80, 1, 0xFC
142 int 6              0x80, 0x80, 0x80, 0x80, 0x80, 1, 0xFC, 6
144 uncover 2          0x80, 0x80, 0x80, 0x80, 0x80, 0xFC, 6, 1
146 setbit             0x80, 0x80, 0x80, 0x80, 0x80, 0xFE
147 swap               0x80, 0x80, 0x80, 0x80, 0xFE, 0x80
148 int 0              0x80, 0x80, 0x80, 0x80, 0xFE, 0x80, 0
149 getbit             0x80, 0x80, 0x80, 0x80, 0xFE, 1
150 swap               0x80, 0x80, 0x80, 0x80, 1, 0xFE
151 int 7              0x80, 0x80, 0x80, 0x80, 1, 0xFE, 7
153 uncover 2          0x80, 0x80, 0x80, 0x80, 0xFE, 7, 1
155 setbit             0x80, 0x80, 0x80, 0x80, 0xFF
156 uncover 2          0x80, 0x80, 0x80, 0xFF, 0x80
158 concat             0x80, 0x80, 0x80, 0xFF80
159 swap               0x80, 0x80, 0xFF80, 0x80
160 int 0              0x80, 0x80, 0xFF80, 0x80, 0
161 getbit             0x80, 0x80, 0xFF80, 1
162 swap               0x80, 0x80, 1, 0xFF80
163 int 9              0x80, 0x80, 1, 0xFF80, 9
165 uncover 2          0x80, 0x80, 0xFF80, 9, 1
167 setbit             0x80, 0x80, 0xFFC0
168 swap               0x80, 0xFFC0, 0x80
169 int 0              0x80, 0xFFC0, 0x80, 0
170 getbit             0x80, 0xFFC0, 1
171 swap               0x80, 1, 0xFFC0
172 int 10             0x80, 1, 0xFFC0, 10
174 uncover 2          0x80, 0xFFC0, 10, 1
176 setbit             0x80, 0xFFE0
177 swap               0xFFE0, 0x80
178 int 0              0xFFE0, 0x80, 0
179 getbit             0xFFE0, 1
180 swap               1, 0xFFE0
181 int 11             1, 0xFFE0, 11
183 uncover 2          0xFFE0, 11, 1
185 setbit             0xFFF0
186 dup                0xFFF0, 0xFFF0
187 byte 0xfff0        0xFFF0, 0xFFF0, 0xFFF0
191 ==                 0xFFF0, 1
192 assert             0xFFF0
193 int 0              0xFFF0, 0
194 int 1              0xFFF0, 0, 1
195 *                  0xFFF0, 0
196 dig 1              0xFFF0, 0, 0xFFF0
198 swap               0xFFF0, 0xFFF0, 0
199 getbit             0xFFF0, 1
200 byte 0x00          0xFFF0, 1, 0x00
201 int 0              0xFFF0, 1, 0x00, 0
202 uncover 2          0xFFF0, 0x00, 0, 1
204 setbit             0xFFF0, 0x80
205 byte 0x00          0xFFF0, 0x80, 0x00
206 int 0              0xFFF0, 0x80, 0x00, 0
207 int 1              0xFFF0, 0x80, 0x00, 0, 1
208 setbit             0xFFF0, 0x80, 0x80
209 ==                 0xFFF0, 1
210 assert             0xFFF0
211 int 12             0xFFF0, 12
212 int 1              0xFFF0, 12, 1
213 -                  0xFFF0, 11
214 int 12             0xFFF0, 11, 12
215 dig 1              0xFFF0, 11, 12, 11
217 >                  0xFFF0, 11, 1
218 assert             0xFFF0, 11
219 int 1              0xFFF0, 11, 1
220 *                  0xFFF0, 11
221 getbit             1
222 byte 0x00          1, 0x00
223 int 0              1, 0x00, 0
224 uncover 2          0x00, 0, 1
226 setbit             0x80
227 byte 0x00          0x80, 0x00
228 int 0              0x80, 0x00, 0
229 int 1              0x80, 0x00, 0, 1
230 setbit             0x80, 0x80
231 ==                 1
232 assert
233 byte 0x00          0x00
234 int 0              0x00, 0
235 int 1              0x00, 0, 1
236 setbit             0x80
237 byte 0x00          0x80, 0x00
238 int 0              0x80, 0x00, 0
239 int 0              0x80, 0x00, 0, 0
240 setbit             0x80, 0x00
241 byte 0x00          0x80, 0x00, 0x00
242 int 0              0x80, 0x00, 0x00, 0
243 int 1              0x80, 0x00, 0x00, 0, 1
244 setbit             0x80, 0x00, 0x80
245 cover 2            0x80, 0x80, 0x00
247 byte 0x0003        0x80, 0x80, 0x00, 0x0003
251 uncover 2          0x80, 0x00, 0x0003, 0x80
253 concat             0x80, 0x00, 0x000380
254 swap               0x80, 0x000380, 0x00
255 int 0              0x80, 0x000380, 0x00, 0
256 getbit             0x80, 0x000380, 0
257 swap               0x80, 0, 0x000380
258 int 17             0x80, 0, 0x000380, 17
260 uncover 2          0x80, 0x000380, 17, 0
262 setbit             0x80, 0x000380
263 swap               0x000380, 0x80
264 int 0              0x000380, 0x80, 0
265 getbit             0x000380, 1
266 swap               1, 0x000380
267 int 18             1, 0x000380, 18
269 uncover 2          0x000380, 18, 1
271 setbit             0x0003A0
272 byte 0x0003a0      0x0003A0, 0x0003A0
277 ==                 1
278 assert
279 int 1              1
280 return             1