PC  Teal                       Stack
1
19  byte ""                    0x
21  dup                        0x, 0x
22  int 35382882839            0x, 0x, 35382882839
23  itob                       0x, 0x, 0x000000083CFBF217
24  int 0                      0x, 0x, 0x000000083CFBF217, 0
25  int 8                      0x, 0x, 0x000000083CFBF217, 0, 8
26  substring3                 0x, 0x, 0x000000083CFBF217
27  int 150382884930           0x, 0x, 0x000000083CFBF217, 150382884930
29  itob                       0x, 0x, 0x000000083CFBF217, 0x000000230384B842
30  int 0                      0x, 0x, 0x000000083CFBF217, 0x000000230384B842, 0
31  int 8                      0x, 0x, 0x000000083CFBF217, 0x000000230384B842, 0, 8
32  substring3                 0x, 0x, 0x000000083CFBF217, 0x000000230384B842
33  int 16                     0x, 0x, 0x000000083CFBF217, 0x000000230384B842, 16
34  pop                        0x, 0x, 0x000000083CFBF217, 0x000000230384B842
35  concat                     0x, 0x, 0x000000083CFBF217000000230384B842
36  int 35382882839            0x, 0x, 0x000000083CFBF217000000230384B842, 35382882839
37  itob                       0x, 0x, 0x000000083CFBF217000000230384B842, 0x000000083CFBF217
38  int 0                      0x, 0x, 0x000000083CFBF217000000230384B842, 0x000000083CFBF217, 0
39  int 8                      0x, 0x, 0x000000083CFBF217000000230384B842, 0x000000083CFBF217, 0, 8
40  substring3                 0x, 0x, 0x000000083CFBF217000000230384B842, 0x000000083CFBF217
41  int 150382884930           0x, 0x, 0x000000083CFBF217000000230384B842, 0x000000083CFBF217, 150382884930
43  itob                       0x, 0x, 0x000000083CFBF217000000230384B842, 0x000000083CFBF217, 0x000000230384B842
44  int 0                      0x, 0x, 0x000000083CFBF217000000230384B842, 0x000000083CFBF217, 0x000000230384B842, 0
45  int 8                      0x, 0x, 0x000000083CFBF217000000230384B842, 0x000000083CFBF217, 0x000000230384B842, 0, 8
46  substring3                 0x, 0x, 0x000000083CFBF217000000230384B842, 0x000000083CFBF217, 0x000000230384B842
47  int 16                     0x, 0x, 0x000000083CFBF217000000230384B842, 0x000000083CFBF217, 0x000000230384B842, 16
48  pop                        0x, 0x, 0x000000083CFBF217000000230384B842, 0x000000083CFBF217, 0x000000230384B842
49  concat                     0x, 0x, 0x000000083CFBF217000000230384B842, 0x000000083CFBF217000000230384B842
50  callsub add                0x, 0x, 0x000000083CFBF217000000230384B842, 0x000000083CFBF217000000230384B842
89  proto 2 1                  0x, 0x, 0x000000083CFBF217000000230384B842, 0x000000083CFBF217000000230384B842
92  frame_dig -2               0x, 0x, 0x000000083CFBF217000000230384B842, 0x000000083CFBF217000000230384B842, 0x000000083CFBF217000000230384B842
94  int 0                      0x, 0x, 0x000000083CFBF217000000230384B842, 0x000000083CFBF217000000230384B842, 0x000000083CFBF217000000230384B842, 0
95  int 8                      0x, 0x, 0x000000083CFBF217000000230384B842, 0x000000083CFBF217000000230384B842, 0x000000083CFBF217000000230384B842, 0, 8
96  extract3                   0x, 0x, 0x000000083CFBF217000000230384B842, 0x000000083CFBF217000000230384B842, 0x000000083CFBF217
97  btoi                       0x, 0x, 0x000000083CFBF217000000230384B842, 0x000000083CFBF217000000230384B842, 35382882839
98  frame_dig -1               0x, 0x, 0x000000083CFBF217000000230384B842, 0x000000083CFBF217000000230384B842, 35382882839, 0x000000083CFBF217000000230384B842
100 int 0                      0x, 0x, 0x000000083CFBF217000000230384B842, 0x000000083CFBF217000000230384B842, 35382882839, 0x000000083CFBF217000000230384B842, 0
101 int 8                      0x, 0x, 0x000000083CFBF217000000230384B842, 0x000000083CFBF217000000230384B842, 35382882839, 0x000000083CFBF217000000230384B842, 0, 8
102 extract3                   0x, 0x, 0x000000083CFBF217000000230384B842, 0x000000083CFBF217000000230384B842, 35382882839, 0x000000083CFBF217
103 btoi                       0x, 0x, 0x000000083CFBF217000000230384B842, 0x000000083CFBF217000000230384B842, 35382882839, 35382882839
104 +                          0x, 0x, 0x000000083CFBF217000000230384B842, 0x000000083CFBF217000000230384B842, 70765765678
105 itob                       0x, 0x, 0x000000083CFBF217000000230384B842, 0x000000083CFBF217000000230384B842, 0x0000001079F7E42E
106 int 0                      0x, 0x, 0x000000083CFBF217000000230384B842, 0x000000083CFBF217000000230384B842, 0x0000001079F7E42E, 0
107 int 8                      0x, 0x, 0x000000083CFBF217000000230384B842, 0x000000083CFBF217000000230384B842, 0x0000001079F7E42E, 0, 8
108 substring3                 0x, 0x, 0x000000083CFBF217000000230384B842, 0x000000083CFBF217000000230384B842, 0x0000001079F7E42E
109 frame_dig -2               0x, 0x, 0x000000083CFBF217000000230384B842, 0x000000083CFBF217000000230384B842, 0x0000001079F7E42E, 0x000000083CFBF217000000230384B842
111 int 8                      0x, 0x, 0x000000083CFBF217000000230384B842, 0x000000083CFBF217000000230384B842, 0x0000001079F7E42E, 0x000000083CFBF217000000230384B842, 8
112 int 8                      0x, 0x, 0x000000083CFBF217000000230384B842, 0x000000083CFBF217000000230384B842, 0x0000001079F7E42E, 0x000000083CFBF217000000230384B842, 8, 8
113 extract3                   0x, 0x, 0x000000083CFBF217000000230384B842, 0x000000083CFBF217000000230384B842, 0x0000001079F7E42E, 0x000000230384B842
114 btoi                       0x, 0x, 0x000000083CFBF217000000230384B842, 0x000000083CFBF217000000230384B842, 0x0000001079F7E42E, 150382884930
115 frame_dig -1               0x, 0x, 0x000000083CFBF217000000230384B842, 0x000000083CFBF217000000230384B842, 0x0000001079F7E42E, 150382884930, 0x000000083CFBF217000000230384B842
117 int 8                      0x, 0x, 0x000000083CFBF217000000230384B842, 0x000000083CFBF217000000230384B842, 0x0000001079F7E42E, 150382884930, 0x000000083CFBF217000000230384B842, 8
118 int 8                      0x, 0x, 0x000000083CFBF217000000230384B842, 0x000000083CFBF217000000230384B842, 0x0000001079F7E42E, 150382884930, 0x000000083CFBF217000000230384B842, 8, 8
119 extract3                   0x, 0x, 0x000000083CFBF217000000230384B842, 0x000000083CFBF217000000230384B842, 0x0000001079F7E42E, 150382884930, 0x000000230384B842
120 btoi                       0x, 0x, 0x000000083CFBF217000000230384B842, 0x000000083CFBF217000000230384B842, 0x0000001079F7E42E, 150382884930, 150382884930
121 +                          0x, 0x, 0x000000083CFBF217000000230384B842, 0x000000083CFBF217000000230384B842, 0x0000001079F7E42E, 300765769860
122 itob                       0x, 0x, 0x000000083CFBF217000000230384B842, 0x000000083CFBF217000000230384B842, 0x0000001079F7E42E, 0x0000004607097084
123 int 0                      0x, 0x, 0x000000083CFBF217000000230384B842, 0x000000083CFBF217000000230384B842, 0x0000001079F7E42E, 0x0000004607097084, 0
124 int 8                      0x, 0x, 0x000000083CFBF217000000230384B842, 0x000000083CFBF217000000230384B842, 0x0000001079F7E42E, 0x0000004607097084, 0, 8
125 substring3                 0x, 0x, 0x000000083CFBF217000000230384B842, 0x000000083CFBF217000000230384B842, 0x0000001079F7E42E, 0x0000004607097084
126 int 16                     0x, 0x, 0x000000083CFBF217000000230384B842, 0x000000083CFBF217000000230384B842, 0x0000001079F7E42E, 0x0000004607097084, 16
127 pop                        0x, 0x, 0x000000083CFBF217000000230384B842, 0x000000083CFBF217000000230384B842, 0x0000001079F7E42E, 0x0000004607097084
128 concat                     0x, 0x, 0x000000083CFBF217000000230384B842, 0x000000083CFBF217000000230384B842, 0x0000001079F7E42E0000004607097084
129 retsub                     0x, 0x, 0x0000001079F7E42E0000004607097084
53  dup                        0x, 0x, 0x0000001079F7E42E0000004607097084, 0x0000001079F7E42E0000004607097084
54  int 0                      0x, 0x, 0x0000001079F7E42E0000004607097084, 0x0000001079F7E42E0000004607097084, 0
55  int 8                      0x, 0x, 0x0000001079F7E42E0000004607097084, 0x0000001079F7E42E0000004607097084, 0, 8
56  extract3                   0x, 0x, 0x0000001079F7E42E0000004607097084, 0x0000001079F7E42E
57  swap                       0x, 0x, 0x0000001079F7E42E, 0x0000001079F7E42E0000004607097084
58  int 8                      0x, 0x, 0x0000001079F7E42E, 0x0000001079F7E42E0000004607097084, 8
59  int 8                      0x, 0x, 0x0000001079F7E42E, 0x0000001079F7E42E0000004607097084, 8, 8
60  extract3                   0x, 0x, 0x0000001079F7E42E, 0x0000004607097084
61  swap                       0x, 0x, 0x0000004607097084, 0x0000001079F7E42E
62  int 0                      0x, 0x, 0x0000004607097084, 0x0000001079F7E42E, 0
63  bury 4                     0, 0x, 0x0000004607097084, 0x0000001079F7E42E
65  b main_for_body@3          0, 0x, 0x0000004607097084, 0x0000001079F7E42E
73  log                        0, 0x, 0x0000004607097084
74  dig 2                      0, 0x, 0x0000004607097084, 0
76  dup                        0, 0x, 0x0000004607097084, 0, 0
77  int 1                      0, 0x, 0x0000004607097084, 0, 0, 1
79  +                          0, 0x, 0x0000004607097084, 0, 1
80  bury 3                     0, 1, 0x0000004607097084, 0
82  switch main_for_header_1@2 0, 1, 0x0000004607097084
68  dup                        0, 1, 0x0000004607097084, 0x0000004607097084
69  dig 2                      0, 1, 0x0000004607097084, 0x0000004607097084, 1
71  bury 4                     1, 1, 0x0000004607097084, 0x0000004607097084
73  log                        1, 1, 0x0000004607097084
74  dig 2                      1, 1, 0x0000004607097084, 1
76  dup                        1, 1, 0x0000004607097084, 1, 1
77  int 1                      1, 1, 0x0000004607097084, 1, 1, 1
79  +                          1, 1, 0x0000004607097084, 1, 2
80  bury 3                     1, 2, 0x0000004607097084, 1
82  switch main_for_header_1@2 1, 2, 0x0000004607097084
86  int 1                      1, 2, 0x0000004607097084, 1
88  return                     1