PC  Teal                                    Stack
1
9
29  int 12                                  12
31  itob                                    0x000000000000000C
32  extract 6 2                             0x000C
35  byte "Hello World!"                     0x000C, "Hello World!"
36  concat                                  0x000C48656C6C6F20576F726C6421
37  dup                                     0x000C48656C6C6F20576F726C6421, 0x000C48656C6C6F20576F726C6421
38  dup                                     0x000C48656C6C6F20576F726C6421, 0x000C48656C6C6F20576F726C6421, 0x000C48656C6C6F20576F726C6421
39  extract 2 0                             0x000C48656C6C6F20576F726C6421, 0x000C48656C6C6F20576F726C6421, "Hello World!"
42  swap                                    0x000C48656C6C6F20576F726C6421, "Hello World!", 0x000C48656C6C6F20576F726C6421
43  byte "Hello World!"                     0x000C48656C6C6F20576F726C6421, "Hello World!", 0x000C48656C6C6F20576F726C6421, "Hello World!"
44  dig 1                                   0x000C48656C6C6F20576F726C6421, "Hello World!", 0x000C48656C6C6F20576F726C6421, "Hello World!", 0x000C48656C6C6F20576F726C6421
46  !=                                      0x000C48656C6C6F20576F726C6421, "Hello World!", 0x000C48656C6C6F20576F726C6421, 1
47  assert                                  0x000C48656C6C6F20576F726C6421, "Hello World!", 0x000C48656C6C6F20576F726C6421
48  len                                     0x000C48656C6C6F20576F726C6421, "Hello World!", 14
49  dup                                     0x000C48656C6C6F20576F726C6421, "Hello World!", 14, 14
50  int 2                                   0x000C48656C6C6F20576F726C6421, "Hello World!", 14, 14, 2
51  >                                       0x000C48656C6C6F20576F726C6421, "Hello World!", 14, 1
52  bz main_ternary_false@2                 0x000C48656C6C6F20576F726C6421, "Hello World!", 14
55  int 2                                   0x000C48656C6C6F20576F726C6421, "Hello World!", 14, 2
56  bury 1                                  0x000C48656C6C6F20576F726C6421, "Hello World!", 2
58  b main_ternary_merge@3                  0x000C48656C6C6F20576F726C6421, "Hello World!", 2
61  dig 2                                   0x000C48656C6C6F20576F726C6421, "Hello World!", 2, 0x000C48656C6C6F20576F726C6421
63  dup                                     0x000C48656C6C6F20576F726C6421, "Hello World!", 2, 0x000C48656C6C6F20576F726C6421, 0x000C48656C6C6F20576F726C6421
64  len                                     0x000C48656C6C6F20576F726C6421, "Hello World!", 2, 0x000C48656C6C6F20576F726C6421, 14
65  dig 2                                   0x000C48656C6C6F20576F726C6421, "Hello World!", 2, 0x000C48656C6C6F20576F726C6421, 14, 2
67  swap                                    0x000C48656C6C6F20576F726C6421, "Hello World!", 2, 0x000C48656C6C6F20576F726C6421, 2, 14
68  substring3                              0x000C48656C6C6F20576F726C6421, "Hello World!", 2, "Hello World!"
69  byte "Hello World!"                     0x000C48656C6C6F20576F726C6421, "Hello World!", 2, "Hello World!", "Hello World!"
70  ==                                      0x000C48656C6C6F20576F726C6421, "Hello World!", 2, 1
71  assert                                  0x000C48656C6C6F20576F726C6421, "Hello World!", 2
72  byte "Hello World!"                     0x000C48656C6C6F20576F726C6421, "Hello World!", 2, "Hello World!"
73  dig 2                                   0x000C48656C6C6F20576F726C6421, "Hello World!", 2, "Hello World!", "Hello World!"
75  ==                                      0x000C48656C6C6F20576F726C6421, "Hello World!", 2, 1
76  assert                                  0x000C48656C6C6F20576F726C6421, "Hello World!", 2
77  byte "\x00\x01 "                        0x000C48656C6C6F20576F726C6421, "Hello World!", 2, 0x000120
82  int 0                                   0x000C48656C6C6F20576F726C6421, "Hello World!", 2, 0x000120, 0
83  extract_uint16                          0x000C48656C6C6F20576F726C6421, "Hello World!", 2, 1
84  byte "\x00\x05Hello"                    0x000C48656C6C6F20576F726C6421, "Hello World!", 2, 1, 0x000548656C6C6F
93  byte " "                                0x000C48656C6C6F20576F726C6421, "Hello World!", 2, 1, 0x000548656C6C6F, " "
96  uncover 2                               0x000C48656C6C6F20576F726C6421, "Hello World!", 2, 0x000548656C6C6F, " ", 1
98  callsub dynamic_array_concat_fixed_size 0x000C48656C6C6F20576F726C6421, "Hello World!", 2, 0x000548656C6C6F, " ", 1
458 proto 3 1                               0x000C48656C6C6F20576F726C6421, "Hello World!", 2, 0x000548656C6C6F, " ", 1
461 frame_dig -3                            0x000C48656C6C6F20576F726C6421, "Hello World!", 2, 0x000548656C6C6F, " ", 1, 0x000548656C6C6F
463 int 0                                   0x000C48656C6C6F20576F726C6421, "Hello World!", 2, 0x000548656C6C6F, " ", 1, 0x000548656C6C6F, 0
464 extract_uint16                          0x000C48656C6C6F20576F726C6421, "Hello World!", 2, 0x000548656C6C6F, " ", 1, 5
465 frame_dig -1                            0x000C48656C6C6F20576F726C6421, "Hello World!", 2, 0x000548656C6C6F, " ", 1, 5, 1
467 +                                       0x000C48656C6C6F20576F726C6421, "Hello World!", 2, 0x000548656C6C6F, " ", 1, 6
468 itob                                    0x000C48656C6C6F20576F726C6421, "Hello World!", 2, 0x000548656C6C6F, " ", 1, 0x0000000000000006
469 int 6                                   0x000C48656C6C6F20576F726C6421, "Hello World!", 2, 0x000548656C6C6F, " ", 1, 0x0000000000000006, 6
471 int 8                                   0x000C48656C6C6F20576F726C6421, "Hello World!", 2, 0x000548656C6C6F, " ", 1, 0x0000000000000006, 6, 8
472 substring3                              0x000C48656C6C6F20576F726C6421, "Hello World!", 2, 0x000548656C6C6F, " ", 1, 0x0006
473 frame_dig -3                            0x000C48656C6C6F20576F726C6421, "Hello World!", 2, 0x000548656C6C6F, " ", 1, 0x0006, 0x000548656C6C6F
475 int 0                                   0x000C48656C6C6F20576F726C6421, "Hello World!", 2, 0x000548656C6C6F, " ", 1, 0x0006, 0x000548656C6C6F, 0
476 uncover 2                               0x000C48656C6C6F20576F726C6421, "Hello World!", 2, 0x000548656C6C6F, " ", 1, 0x000548656C6C6F, 0, 0x0006
478 replace3                                0x000C48656C6C6F20576F726C6421, "Hello World!", 2, 0x000548656C6C6F, " ", 1, 0x000648656C6C6F
479 frame_dig -2                            0x000C48656C6C6F20576F726C6421, "Hello World!", 2, 0x000548656C6C6F, " ", 1, 0x000648656C6C6F, " "
481 concat                                  0x000C48656C6C6F20576F726C6421, "Hello World!", 2, 0x000548656C6C6F, " ", 1, 0x000648656C6C6F20
482 retsub                                  0x000C48656C6C6F20576F726C6421, "Hello World!", 2, 0x000648656C6C6F20
101 byte "\x00\x06World!"                   0x000C48656C6C6F20576F726C6421, "Hello World!", 2, 0x000648656C6C6F20, 0x0006576F726C6421
111 int 0                                   0x000C48656C6C6F20576F726C6421, "Hello World!", 2, 0x000648656C6C6F20, 0x0006576F726C6421, 0
112 extract_uint16                          0x000C48656C6C6F20576F726C6421, "Hello World!", 2, 0x000648656C6C6F20, 6
113 swap                                    0x000C48656C6C6F20576F726C6421, "Hello World!", 2, 6, 0x000648656C6C6F20
114 byte "World!"                           0x000C48656C6C6F20576F726C6421, "Hello World!", 2, 6, 0x000648656C6C6F20, "World!"
122 uncover 2                               0x000C48656C6C6F20576F726C6421, "Hello World!", 2, 0x000648656C6C6F20, "World!", 6
124 callsub dynamic_array_concat_fixed_size 0x000C48656C6C6F20576F726C6421, "Hello World!", 2, 0x000648656C6C6F20, "World!", 6
458 proto 3 1                               0x000C48656C6C6F20576F726C6421, "Hello World!", 2, 0x000648656C6C6F20, "World!", 6
461 frame_dig -3                            0x000C48656C6C6F20576F726C6421, "Hello World!", 2, 0x000648656C6C6F20, "World!", 6, 0x000648656C6C6F20
463 int 0                                   0x000C48656C6C6F20576F726C6421, "Hello World!", 2, 0x000648656C6C6F20, "World!", 6, 0x000648656C6C6F20, 0
464 extract_uint16                          0x000C48656C6C6F20576F726C6421, "Hello World!", 2, 0x000648656C6C6F20, "World!", 6, 6
465 frame_dig -1                            0x000C48656C6C6F20576F726C6421, "Hello World!", 2, 0x000648656C6C6F20, "World!", 6, 6, 6
467 +                                       0x000C48656C6C6F20576F726C6421, "Hello World!", 2, 0x000648656C6C6F20, "World!", 6, 12
468 itob                                    0x000C48656C6C6F20576F726C6421, "Hello World!", 2, 0x000648656C6C6F20, "World!", 6, 0x000000000000000C
469 int 6                                   0x000C48656C6C6F20576F726C6421, "Hello World!", 2, 0x000648656C6C6F20, "World!", 6, 0x000000000000000C, 6
471 int 8                                   0x000C48656C6C6F20576F726C6421, "Hello World!", 2, 0x000648656C6C6F20, "World!", 6, 0x000000000000000C, 6, 8
472 substring3                              0x000C48656C6C6F20576F726C6421, "Hello World!", 2, 0x000648656C6C6F20, "World!", 6, 0x000C
473 frame_dig -3                            0x000C48656C6C6F20576F726C6421, "Hello World!", 2, 0x000648656C6C6F20, "World!", 6, 0x000C, 0x000648656C6C6F20
475 int 0                                   0x000C48656C6C6F20576F726C6421, "Hello World!", 2, 0x000648656C6C6F20, "World!", 6, 0x000C, 0x000648656C6C6F20, 0
476 uncover 2                               0x000C48656C6C6F20576F726C6421, "Hello World!", 2, 0x000648656C6C6F20, "World!", 6, 0x000648656C6C6F20, 0, 0x000C
478 replace3                                0x000C48656C6C6F20576F726C6421, "Hello World!", 2, 0x000648656C6C6F20, "World!", 6, 0x000C48656C6C6F20
479 frame_dig -2                            0x000C48656C6C6F20576F726C6421, "Hello World!", 2, 0x000648656C6C6F20, "World!", 6, 0x000C48656C6C6F20, "World!"
481 concat                                  0x000C48656C6C6F20576F726C6421, "Hello World!", 2, 0x000648656C6C6F20, "World!", 6, 0x000C48656C6C6F20576F726C6421
482 retsub                                  0x000C48656C6C6F20576F726C6421, "Hello World!", 2, 0x000C48656C6C6F20576F726C6421
127 byte "\x00\x0cHello World!"             0x000C48656C6C6F20576F726C6421, "Hello World!", 2, 0x000C48656C6C6F20576F726C6421, 0x000C48656C6C6F20576F726C6421
143 ==                                      0x000C48656C6C6F20576F726C6421, "Hello World!", 2, 1
144 assert                                  0x000C48656C6C6F20576F726C6421, "Hello World!", 2
145 byte "\x00\x02hi"                       0x000C48656C6C6F20576F726C6421, "Hello World!", 2, 0x00026869
146 int 0                                   0x000C48656C6C6F20576F726C6421, "Hello World!", 2, 0x00026869, 0
147 extract_uint16                          0x000C48656C6C6F20576F726C6421, "Hello World!", 2, 2
148 byte "\x00\x02hi"                       0x000C48656C6C6F20576F726C6421, "Hello World!", 2, 2, 0x00026869
149 byte "hi"                               0x000C48656C6C6F20576F726C6421, "Hello World!", 2, 2, 0x00026869, "hi"
153 uncover 2                               0x000C48656C6C6F20576F726C6421, "Hello World!", 2, 0x00026869, "hi", 2
155 callsub dynamic_array_concat_fixed_size 0x000C48656C6C6F20576F726C6421, "Hello World!", 2, 0x00026869, "hi", 2
458 proto 3 1                               0x000C48656C6C6F20576F726C6421, "Hello World!", 2, 0x00026869, "hi", 2
461 frame_dig -3                            0x000C48656C6C6F20576F726C6421, "Hello World!", 2, 0x00026869, "hi", 2, 0x00026869
463 int 0                                   0x000C48656C6C6F20576F726C6421, "Hello World!", 2, 0x00026869, "hi", 2, 0x00026869, 0
464 extract_uint16                          0x000C48656C6C6F20576F726C6421, "Hello World!", 2, 0x00026869, "hi", 2, 2
465 frame_dig -1                            0x000C48656C6C6F20576F726C6421, "Hello World!", 2, 0x00026869, "hi", 2, 2, 2
467 +                                       0x000C48656C6C6F20576F726C6421, "Hello World!", 2, 0x00026869, "hi", 2, 4
468 itob                                    0x000C48656C6C6F20576F726C6421, "Hello World!", 2, 0x00026869, "hi", 2, 0x0000000000000004
469 int 6                                   0x000C48656C6C6F20576F726C6421, "Hello World!", 2, 0x00026869, "hi", 2, 0x0000000000000004, 6
471 int 8                                   0x000C48656C6C6F20576F726C6421, "Hello World!", 2, 0x00026869, "hi", 2, 0x0000000000000004, 6, 8
472 substring3                              0x000C48656C6C6F20576F726C6421, "Hello World!", 2, 0x00026869, "hi", 2, 0x0004
473 frame_dig -3                            0x000C48656C6C6F20576F726C6421, "Hello World!", 2, 0x00026869, "hi", 2, 0x0004, 0x00026869
475 int 0                                   0x000C48656C6C6F20576F726C6421, "Hello World!", 2, 0x00026869, "hi", 2, 0x0004, 0x00026869, 0
476 uncover 2                               0x000C48656C6C6F20576F726C6421, "Hello World!", 2, 0x00026869, "hi", 2, 0x00026869, 0, 0x0004
478 replace3                                0x000C48656C6C6F20576F726C6421, "Hello World!", 2, 0x00026869, "hi", 2, 0x00046869
479 frame_dig -2                            0x000C48656C6C6F20576F726C6421, "Hello World!", 2, 0x00026869, "hi", 2, 0x00046869, "hi"
481 concat                                  0x000C48656C6C6F20576F726C6421, "Hello World!", 2, 0x00026869, "hi", 2, 0x000468696869
482 retsub                                  0x000C48656C6C6F20576F726C6421, "Hello World!", 2, 0x000468696869
158 byte "\x00\x04hihi"                     0x000C48656C6C6F20576F726C6421, "Hello World!", 2, 0x000468696869, 0x000468696869
166 ==                                      0x000C48656C6C6F20576F726C6421, "Hello World!", 2, 1
167 assert                                  0x000C48656C6C6F20576F726C6421, "Hello World!", 2
168 int 1                                   0x000C48656C6C6F20576F726C6421, "Hello World!", 2, 1
169 return                                  1