PC  Teal                                    Stack
1
9
30  int 12                                  12
32  itob                                    0x000000000000000C
33  extract 6 2                             0x000C
36  byte "Hello World!"                     0x000C, "Hello World!"
37  concat                                  0x000C48656C6C6F20576F726C6421
38  dup                                     0x000C48656C6C6F20576F726C6421, 0x000C48656C6C6F20576F726C6421
39  swap                                    0x000C48656C6C6F20576F726C6421, 0x000C48656C6C6F20576F726C6421
40  dup                                     0x000C48656C6C6F20576F726C6421, 0x000C48656C6C6F20576F726C6421, 0x000C48656C6C6F20576F726C6421
41  extract 2 0                             0x000C48656C6C6F20576F726C6421, 0x000C48656C6C6F20576F726C6421, "Hello World!"
44  swap                                    0x000C48656C6C6F20576F726C6421, "Hello World!", 0x000C48656C6C6F20576F726C6421
45  byte "Hello World!"                     0x000C48656C6C6F20576F726C6421, "Hello World!", 0x000C48656C6C6F20576F726C6421, "Hello World!"
46  dig 1                                   0x000C48656C6C6F20576F726C6421, "Hello World!", 0x000C48656C6C6F20576F726C6421, "Hello World!", 0x000C48656C6C6F20576F726C6421
48  !=                                      0x000C48656C6C6F20576F726C6421, "Hello World!", 0x000C48656C6C6F20576F726C6421, 1
49  assert                                  0x000C48656C6C6F20576F726C6421, "Hello World!", 0x000C48656C6C6F20576F726C6421
50  len                                     0x000C48656C6C6F20576F726C6421, "Hello World!", 14
51  dup                                     0x000C48656C6C6F20576F726C6421, "Hello World!", 14, 14
52  swap                                    0x000C48656C6C6F20576F726C6421, "Hello World!", 14, 14
53  int 2                                   0x000C48656C6C6F20576F726C6421, "Hello World!", 14, 14, 2
54  >                                       0x000C48656C6C6F20576F726C6421, "Hello World!", 14, 1
55  bz main_ternary_false@2                 0x000C48656C6C6F20576F726C6421, "Hello World!", 14
58  int 2                                   0x000C48656C6C6F20576F726C6421, "Hello World!", 14, 2
59  b main_ternary_merge@3                  0x000C48656C6C6F20576F726C6421, "Hello World!", 14, 2
63  dig 3                                   0x000C48656C6C6F20576F726C6421, "Hello World!", 14, 2, 0x000C48656C6C6F20576F726C6421
65  dup                                     0x000C48656C6C6F20576F726C6421, "Hello World!", 14, 2, 0x000C48656C6C6F20576F726C6421, 0x000C48656C6C6F20576F726C6421
66  len                                     0x000C48656C6C6F20576F726C6421, "Hello World!", 14, 2, 0x000C48656C6C6F20576F726C6421, 14
67  swap                                    0x000C48656C6C6F20576F726C6421, "Hello World!", 14, 2, 14, 0x000C48656C6C6F20576F726C6421
68  cover 2                                 0x000C48656C6C6F20576F726C6421, "Hello World!", 14, 0x000C48656C6C6F20576F726C6421, 2, 14
70  substring3                              0x000C48656C6C6F20576F726C6421, "Hello World!", 14, "Hello World!"
71  byte "Hello World!"                     0x000C48656C6C6F20576F726C6421, "Hello World!", 14, "Hello World!", "Hello World!"
72  ==                                      0x000C48656C6C6F20576F726C6421, "Hello World!", 14, 1
73  assert                                  0x000C48656C6C6F20576F726C6421, "Hello World!", 14
74  byte "Hello World!"                     0x000C48656C6C6F20576F726C6421, "Hello World!", 14, "Hello World!"
75  dig 2                                   0x000C48656C6C6F20576F726C6421, "Hello World!", 14, "Hello World!", "Hello World!"
77  ==                                      0x000C48656C6C6F20576F726C6421, "Hello World!", 14, 1
78  assert                                  0x000C48656C6C6F20576F726C6421, "Hello World!", 14
79  byte "\x00\x01 "                        0x000C48656C6C6F20576F726C6421, "Hello World!", 14, 0x000120
84  int 0                                   0x000C48656C6C6F20576F726C6421, "Hello World!", 14, 0x000120, 0
85  extract_uint16                          0x000C48656C6C6F20576F726C6421, "Hello World!", 14, 1
86  byte "\x00\x05Hello"                    0x000C48656C6C6F20576F726C6421, "Hello World!", 14, 1, 0x000548656C6C6F
95  byte " "                                0x000C48656C6C6F20576F726C6421, "Hello World!", 14, 1, 0x000548656C6C6F, " "
98  uncover 2                               0x000C48656C6C6F20576F726C6421, "Hello World!", 14, 0x000548656C6C6F, " ", 1
100 callsub dynamic_array_concat_fixed_size 0x000C48656C6C6F20576F726C6421, "Hello World!", 14, 0x000548656C6C6F, " ", 1
465 proto 3 1                               0x000C48656C6C6F20576F726C6421, "Hello World!", 14, 0x000548656C6C6F, " ", 1
468 frame_dig -3                            0x000C48656C6C6F20576F726C6421, "Hello World!", 14, 0x000548656C6C6F, " ", 1, 0x000548656C6C6F
470 int 0                                   0x000C48656C6C6F20576F726C6421, "Hello World!", 14, 0x000548656C6C6F, " ", 1, 0x000548656C6C6F, 0
471 extract_uint16                          0x000C48656C6C6F20576F726C6421, "Hello World!", 14, 0x000548656C6C6F, " ", 1, 5
472 frame_dig -1                            0x000C48656C6C6F20576F726C6421, "Hello World!", 14, 0x000548656C6C6F, " ", 1, 5, 1
474 +                                       0x000C48656C6C6F20576F726C6421, "Hello World!", 14, 0x000548656C6C6F, " ", 1, 6
475 itob                                    0x000C48656C6C6F20576F726C6421, "Hello World!", 14, 0x000548656C6C6F, " ", 1, 0x0000000000000006
476 int 6                                   0x000C48656C6C6F20576F726C6421, "Hello World!", 14, 0x000548656C6C6F, " ", 1, 0x0000000000000006, 6
478 int 8                                   0x000C48656C6C6F20576F726C6421, "Hello World!", 14, 0x000548656C6C6F, " ", 1, 0x0000000000000006, 6, 8
479 substring3                              0x000C48656C6C6F20576F726C6421, "Hello World!", 14, 0x000548656C6C6F, " ", 1, 0x0006
480 frame_dig -3                            0x000C48656C6C6F20576F726C6421, "Hello World!", 14, 0x000548656C6C6F, " ", 1, 0x0006, 0x000548656C6C6F
482 int 0                                   0x000C48656C6C6F20576F726C6421, "Hello World!", 14, 0x000548656C6C6F, " ", 1, 0x0006, 0x000548656C6C6F, 0
483 uncover 2                               0x000C48656C6C6F20576F726C6421, "Hello World!", 14, 0x000548656C6C6F, " ", 1, 0x000548656C6C6F, 0, 0x0006
485 replace3                                0x000C48656C6C6F20576F726C6421, "Hello World!", 14, 0x000548656C6C6F, " ", 1, 0x000648656C6C6F
486 dup                                     0x000C48656C6C6F20576F726C6421, "Hello World!", 14, 0x000548656C6C6F, " ", 1, 0x000648656C6C6F, 0x000648656C6C6F
487 frame_bury -3                           0x000C48656C6C6F20576F726C6421, "Hello World!", 14, 0x000648656C6C6F, " ", 1, 0x000648656C6C6F
489 frame_dig -2                            0x000C48656C6C6F20576F726C6421, "Hello World!", 14, 0x000648656C6C6F, " ", 1, 0x000648656C6C6F, " "
491 concat                                  0x000C48656C6C6F20576F726C6421, "Hello World!", 14, 0x000648656C6C6F, " ", 1, 0x000648656C6C6F20
492 dup                                     0x000C48656C6C6F20576F726C6421, "Hello World!", 14, 0x000648656C6C6F, " ", 1, 0x000648656C6C6F20, 0x000648656C6C6F20
493 frame_bury -3                           0x000C48656C6C6F20576F726C6421, "Hello World!", 14, 0x000648656C6C6F20, " ", 1, 0x000648656C6C6F20
495 retsub                                  0x000C48656C6C6F20576F726C6421, "Hello World!", 14, 0x000648656C6C6F20
103 byte "\x00\x06World!"                   0x000C48656C6C6F20576F726C6421, "Hello World!", 14, 0x000648656C6C6F20, 0x0006576F726C6421
113 int 0                                   0x000C48656C6C6F20576F726C6421, "Hello World!", 14, 0x000648656C6C6F20, 0x0006576F726C6421, 0
114 extract_uint16                          0x000C48656C6C6F20576F726C6421, "Hello World!", 14, 0x000648656C6C6F20, 6
115 swap                                    0x000C48656C6C6F20576F726C6421, "Hello World!", 14, 6, 0x000648656C6C6F20
116 byte "World!"                           0x000C48656C6C6F20576F726C6421, "Hello World!", 14, 6, 0x000648656C6C6F20, "World!"
124 uncover 2                               0x000C48656C6C6F20576F726C6421, "Hello World!", 14, 0x000648656C6C6F20, "World!", 6
126 callsub dynamic_array_concat_fixed_size 0x000C48656C6C6F20576F726C6421, "Hello World!", 14, 0x000648656C6C6F20, "World!", 6
465 proto 3 1                               0x000C48656C6C6F20576F726C6421, "Hello World!", 14, 0x000648656C6C6F20, "World!", 6
468 frame_dig -3                            0x000C48656C6C6F20576F726C6421, "Hello World!", 14, 0x000648656C6C6F20, "World!", 6, 0x000648656C6C6F20
470 int 0                                   0x000C48656C6C6F20576F726C6421, "Hello World!", 14, 0x000648656C6C6F20, "World!", 6, 0x000648656C6C6F20, 0
471 extract_uint16                          0x000C48656C6C6F20576F726C6421, "Hello World!", 14, 0x000648656C6C6F20, "World!", 6, 6
472 frame_dig -1                            0x000C48656C6C6F20576F726C6421, "Hello World!", 14, 0x000648656C6C6F20, "World!", 6, 6, 6
474 +                                       0x000C48656C6C6F20576F726C6421, "Hello World!", 14, 0x000648656C6C6F20, "World!", 6, 12
475 itob                                    0x000C48656C6C6F20576F726C6421, "Hello World!", 14, 0x000648656C6C6F20, "World!", 6, 0x000000000000000C
476 int 6                                   0x000C48656C6C6F20576F726C6421, "Hello World!", 14, 0x000648656C6C6F20, "World!", 6, 0x000000000000000C, 6
478 int 8                                   0x000C48656C6C6F20576F726C6421, "Hello World!", 14, 0x000648656C6C6F20, "World!", 6, 0x000000000000000C, 6, 8
479 substring3                              0x000C48656C6C6F20576F726C6421, "Hello World!", 14, 0x000648656C6C6F20, "World!", 6, 0x000C
480 frame_dig -3                            0x000C48656C6C6F20576F726C6421, "Hello World!", 14, 0x000648656C6C6F20, "World!", 6, 0x000C, 0x000648656C6C6F20
482 int 0                                   0x000C48656C6C6F20576F726C6421, "Hello World!", 14, 0x000648656C6C6F20, "World!", 6, 0x000C, 0x000648656C6C6F20, 0
483 uncover 2                               0x000C48656C6C6F20576F726C6421, "Hello World!", 14, 0x000648656C6C6F20, "World!", 6, 0x000648656C6C6F20, 0, 0x000C
485 replace3                                0x000C48656C6C6F20576F726C6421, "Hello World!", 14, 0x000648656C6C6F20, "World!", 6, 0x000C48656C6C6F20
486 dup                                     0x000C48656C6C6F20576F726C6421, "Hello World!", 14, 0x000648656C6C6F20, "World!", 6, 0x000C48656C6C6F20, 0x000C48656C6C6F20
487 frame_bury -3                           0x000C48656C6C6F20576F726C6421, "Hello World!", 14, 0x000C48656C6C6F20, "World!", 6, 0x000C48656C6C6F20
489 frame_dig -2                            0x000C48656C6C6F20576F726C6421, "Hello World!", 14, 0x000C48656C6C6F20, "World!", 6, 0x000C48656C6C6F20, "World!"
491 concat                                  0x000C48656C6C6F20576F726C6421, "Hello World!", 14, 0x000C48656C6C6F20, "World!", 6, 0x000C48656C6C6F20576F726C6421
492 dup                                     0x000C48656C6C6F20576F726C6421, "Hello World!", 14, 0x000C48656C6C6F20, "World!", 6, 0x000C48656C6C6F20576F726C6421, 0x000C48656C6C6F20576F726C6421
493 frame_bury -3                           0x000C48656C6C6F20576F726C6421, "Hello World!", 14, 0x000C48656C6C6F20576F726C6421, "World!", 6, 0x000C48656C6C6F20576F726C6421
495 retsub                                  0x000C48656C6C6F20576F726C6421, "Hello World!", 14, 0x000C48656C6C6F20576F726C6421
129 byte "\x00\x0cHello World!"             0x000C48656C6C6F20576F726C6421, "Hello World!", 14, 0x000C48656C6C6F20576F726C6421, 0x000C48656C6C6F20576F726C6421
145 ==                                      0x000C48656C6C6F20576F726C6421, "Hello World!", 14, 1
146 assert                                  0x000C48656C6C6F20576F726C6421, "Hello World!", 14
147 byte "\x00\x02hi"                       0x000C48656C6C6F20576F726C6421, "Hello World!", 14, 0x00026869
148 int 0                                   0x000C48656C6C6F20576F726C6421, "Hello World!", 14, 0x00026869, 0
149 extract_uint16                          0x000C48656C6C6F20576F726C6421, "Hello World!", 14, 2
150 byte "\x00\x02hi"                       0x000C48656C6C6F20576F726C6421, "Hello World!", 14, 2, 0x00026869
151 byte "hi"                               0x000C48656C6C6F20576F726C6421, "Hello World!", 14, 2, 0x00026869, "hi"
155 uncover 2                               0x000C48656C6C6F20576F726C6421, "Hello World!", 14, 0x00026869, "hi", 2
157 callsub dynamic_array_concat_fixed_size 0x000C48656C6C6F20576F726C6421, "Hello World!", 14, 0x00026869, "hi", 2
465 proto 3 1                               0x000C48656C6C6F20576F726C6421, "Hello World!", 14, 0x00026869, "hi", 2
468 frame_dig -3                            0x000C48656C6C6F20576F726C6421, "Hello World!", 14, 0x00026869, "hi", 2, 0x00026869
470 int 0                                   0x000C48656C6C6F20576F726C6421, "Hello World!", 14, 0x00026869, "hi", 2, 0x00026869, 0
471 extract_uint16                          0x000C48656C6C6F20576F726C6421, "Hello World!", 14, 0x00026869, "hi", 2, 2
472 frame_dig -1                            0x000C48656C6C6F20576F726C6421, "Hello World!", 14, 0x00026869, "hi", 2, 2, 2
474 +                                       0x000C48656C6C6F20576F726C6421, "Hello World!", 14, 0x00026869, "hi", 2, 4
475 itob                                    0x000C48656C6C6F20576F726C6421, "Hello World!", 14, 0x00026869, "hi", 2, 0x0000000000000004
476 int 6                                   0x000C48656C6C6F20576F726C6421, "Hello World!", 14, 0x00026869, "hi", 2, 0x0000000000000004, 6
478 int 8                                   0x000C48656C6C6F20576F726C6421, "Hello World!", 14, 0x00026869, "hi", 2, 0x0000000000000004, 6, 8
479 substring3                              0x000C48656C6C6F20576F726C6421, "Hello World!", 14, 0x00026869, "hi", 2, 0x0004
480 frame_dig -3                            0x000C48656C6C6F20576F726C6421, "Hello World!", 14, 0x00026869, "hi", 2, 0x0004, 0x00026869
482 int 0                                   0x000C48656C6C6F20576F726C6421, "Hello World!", 14, 0x00026869, "hi", 2, 0x0004, 0x00026869, 0
483 uncover 2                               0x000C48656C6C6F20576F726C6421, "Hello World!", 14, 0x00026869, "hi", 2, 0x00026869, 0, 0x0004
485 replace3                                0x000C48656C6C6F20576F726C6421, "Hello World!", 14, 0x00026869, "hi", 2, 0x00046869
486 dup                                     0x000C48656C6C6F20576F726C6421, "Hello World!", 14, 0x00026869, "hi", 2, 0x00046869, 0x00046869
487 frame_bury -3                           0x000C48656C6C6F20576F726C6421, "Hello World!", 14, 0x00046869, "hi", 2, 0x00046869
489 frame_dig -2                            0x000C48656C6C6F20576F726C6421, "Hello World!", 14, 0x00046869, "hi", 2, 0x00046869, "hi"
491 concat                                  0x000C48656C6C6F20576F726C6421, "Hello World!", 14, 0x00046869, "hi", 2, 0x000468696869
492 dup                                     0x000C48656C6C6F20576F726C6421, "Hello World!", 14, 0x00046869, "hi", 2, 0x000468696869, 0x000468696869
493 frame_bury -3                           0x000C48656C6C6F20576F726C6421, "Hello World!", 14, 0x000468696869, "hi", 2, 0x000468696869
495 retsub                                  0x000C48656C6C6F20576F726C6421, "Hello World!", 14, 0x000468696869
160 byte "\x00\x04hihi"                     0x000C48656C6C6F20576F726C6421, "Hello World!", 14, 0x000468696869, 0x000468696869
168 ==                                      0x000C48656C6C6F20576F726C6421, "Hello World!", 14, 1
169 assert                                  0x000C48656C6C6F20576F726C6421, "Hello World!", 14
170 int 1                                   0x000C48656C6C6F20576F726C6421, "Hello World!", 14, 1
171 return                                  1