PC  Teal                                      Stack
1   #pragma version 8
8   #pragma version 8
31  byte ""                                   0x
33  byte 0x000000083cfbf217000000230384b842   0x, 0x000000083CFBF217000000230384B842
34  byte 0x000000083cfbf217000000230384b842   0x, 0x000000083CFBF217000000230384B842, 0x000000083CFBF217000000230384B842
35  callsub add                               0x, 0x000000083CFBF217000000230384B842, 0x000000083CFBF217000000230384B842
98  proto 2 1                                 0x, 0x000000083CFBF217000000230384B842, 0x000000083CFBF217000000230384B842
101 frame_dig -2                              0x, 0x000000083CFBF217000000230384B842, 0x000000083CFBF217000000230384B842, 0x000000083CFBF217000000230384B842
103 int 0                                     0x, 0x000000083CFBF217000000230384B842, 0x000000083CFBF217000000230384B842, 0x000000083CFBF217000000230384B842, 0
104 int 8                                     0x, 0x000000083CFBF217000000230384B842, 0x000000083CFBF217000000230384B842, 0x000000083CFBF217000000230384B842, 0, 8
105 extract3                                  0x, 0x000000083CFBF217000000230384B842, 0x000000083CFBF217000000230384B842, 0x000000083CFBF217
106 btoi                                      0x, 0x000000083CFBF217000000230384B842, 0x000000083CFBF217000000230384B842, 35382882839
107 frame_dig -1                              0x, 0x000000083CFBF217000000230384B842, 0x000000083CFBF217000000230384B842, 35382882839, 0x000000083CFBF217000000230384B842
109 int 0                                     0x, 0x000000083CFBF217000000230384B842, 0x000000083CFBF217000000230384B842, 35382882839, 0x000000083CFBF217000000230384B842, 0
110 int 8                                     0x, 0x000000083CFBF217000000230384B842, 0x000000083CFBF217000000230384B842, 35382882839, 0x000000083CFBF217000000230384B842, 0, 8
111 extract3                                  0x, 0x000000083CFBF217000000230384B842, 0x000000083CFBF217000000230384B842, 35382882839, 0x000000083CFBF217
112 btoi                                      0x, 0x000000083CFBF217000000230384B842, 0x000000083CFBF217000000230384B842, 35382882839, 35382882839
113 +                                         0x, 0x000000083CFBF217000000230384B842, 0x000000083CFBF217000000230384B842, 70765765678
114 itob                                      0x, 0x000000083CFBF217000000230384B842, 0x000000083CFBF217000000230384B842, 0x0000001079F7E42E
115 frame_dig -2                              0x, 0x000000083CFBF217000000230384B842, 0x000000083CFBF217000000230384B842, 0x0000001079F7E42E, 0x000000083CFBF217000000230384B842
117 int 8                                     0x, 0x000000083CFBF217000000230384B842, 0x000000083CFBF217000000230384B842, 0x0000001079F7E42E, 0x000000083CFBF217000000230384B842, 8
118 int 8                                     0x, 0x000000083CFBF217000000230384B842, 0x000000083CFBF217000000230384B842, 0x0000001079F7E42E, 0x000000083CFBF217000000230384B842, 8, 8
119 extract3                                  0x, 0x000000083CFBF217000000230384B842, 0x000000083CFBF217000000230384B842, 0x0000001079F7E42E, 0x000000230384B842
120 btoi                                      0x, 0x000000083CFBF217000000230384B842, 0x000000083CFBF217000000230384B842, 0x0000001079F7E42E, 150382884930
121 frame_dig -1                              0x, 0x000000083CFBF217000000230384B842, 0x000000083CFBF217000000230384B842, 0x0000001079F7E42E, 150382884930, 0x000000083CFBF217000000230384B842
123 int 8                                     0x, 0x000000083CFBF217000000230384B842, 0x000000083CFBF217000000230384B842, 0x0000001079F7E42E, 150382884930, 0x000000083CFBF217000000230384B842, 8
124 int 8                                     0x, 0x000000083CFBF217000000230384B842, 0x000000083CFBF217000000230384B842, 0x0000001079F7E42E, 150382884930, 0x000000083CFBF217000000230384B842, 8, 8
125 extract3                                  0x, 0x000000083CFBF217000000230384B842, 0x000000083CFBF217000000230384B842, 0x0000001079F7E42E, 150382884930, 0x000000230384B842
126 btoi                                      0x, 0x000000083CFBF217000000230384B842, 0x000000083CFBF217000000230384B842, 0x0000001079F7E42E, 150382884930, 150382884930
127 +                                         0x, 0x000000083CFBF217000000230384B842, 0x000000083CFBF217000000230384B842, 0x0000001079F7E42E, 300765769860
128 itob                                      0x, 0x000000083CFBF217000000230384B842, 0x000000083CFBF217000000230384B842, 0x0000001079F7E42E, 0x0000004607097084
129 concat                                    0x, 0x000000083CFBF217000000230384B842, 0x000000083CFBF217000000230384B842, 0x0000001079F7E42E0000004607097084
130 retsub                                    0x, 0x0000001079F7E42E0000004607097084
38  dup                                       0x, 0x0000001079F7E42E0000004607097084, 0x0000001079F7E42E0000004607097084
39  int 0                                     0x, 0x0000001079F7E42E0000004607097084, 0x0000001079F7E42E0000004607097084, 0
40  int 8                                     0x, 0x0000001079F7E42E0000004607097084, 0x0000001079F7E42E0000004607097084, 0, 8
41  extract3                                  0x, 0x0000001079F7E42E0000004607097084, 0x0000001079F7E42E
42  swap                                      0x, 0x0000001079F7E42E, 0x0000001079F7E42E0000004607097084
43  int 8                                     0x, 0x0000001079F7E42E, 0x0000001079F7E42E0000004607097084, 8
44  int 8                                     0x, 0x0000001079F7E42E, 0x0000001079F7E42E0000004607097084, 8, 8
45  extract3                                  0x, 0x0000001079F7E42E, 0x0000004607097084
46  swap                                      0x, 0x0000004607097084, 0x0000001079F7E42E
47  int 0                                     0x, 0x0000004607097084, 0x0000001079F7E42E, 0
48  swap                                      0x, 0x0000004607097084, 0, 0x0000001079F7E42E
49  b main_for_body@3                         0x, 0x0000004607097084, 0, 0x0000001079F7E42E
58  log                                       0x, 0x0000004607097084, 0
59  dup                                       0x, 0x0000004607097084, 0, 0
60  dup                                       0x, 0x0000004607097084, 0, 0, 0
61  int 1                                     0x, 0x0000004607097084, 0, 0, 0, 1
62  +                                         0x, 0x0000004607097084, 0, 0, 1
63  bury 4                                    1, 0x0000004607097084, 0, 0
65  bz main_for_header_1@2                    1, 0x0000004607097084, 0
52  dig 1                                     1, 0x0000004607097084, 0, 0x0000004607097084
54  dig 3                                     1, 0x0000004607097084, 0, 0x0000004607097084, 1
56  bury 2                                    1, 0x0000004607097084, 1, 0x0000004607097084
58  log                                       1, 0x0000004607097084, 1
59  dup                                       1, 0x0000004607097084, 1, 1
60  dup                                       1, 0x0000004607097084, 1, 1, 1
61  int 1                                     1, 0x0000004607097084, 1, 1, 1, 1
62  +                                         1, 0x0000004607097084, 1, 1, 2
63  bury 4                                    2, 0x0000004607097084, 1, 1
65  bz main_for_header_1@2                    2, 0x0000004607097084, 1
68  byte 0xa0                                 2, 0x0000004607097084, 1, 0xA0
69  callsub check                             2, 0x0000004607097084, 1, 0xA0
131 proto 1 0                                 2, 0x0000004607097084, 1, 0xA0
134 frame_dig -1                              2, 0x0000004607097084, 1, 0xA0, 0xA0
136 int 0                                     2, 0x0000004607097084, 1, 0xA0, 0xA0, 0
137 getbit                                    2, 0x0000004607097084, 1, 0xA0, 1
138 byte 0x00                                 2, 0x0000004607097084, 1, 0xA0, 1, 0x00
139 int 0                                     2, 0x0000004607097084, 1, 0xA0, 1, 0x00, 0
140 uncover 2                                 2, 0x0000004607097084, 1, 0xA0, 0x00, 0, 1
142 setbit                                    2, 0x0000004607097084, 1, 0xA0, 0x80
143 int 0                                     2, 0x0000004607097084, 1, 0xA0, 0x80, 0
144 getbit                                    2, 0x0000004607097084, 1, 0xA0, 1
145 assert                                    2, 0x0000004607097084, 1, 0xA0
146 frame_dig -1                              2, 0x0000004607097084, 1, 0xA0, 0xA0
148 int 1                                     2, 0x0000004607097084, 1, 0xA0, 0xA0, 1
149 getbit                                    2, 0x0000004607097084, 1, 0xA0, 0
150 byte 0x00                                 2, 0x0000004607097084, 1, 0xA0, 0, 0x00
151 int 0                                     2, 0x0000004607097084, 1, 0xA0, 0, 0x00, 0
152 uncover 2                                 2, 0x0000004607097084, 1, 0xA0, 0x00, 0, 0
154 setbit                                    2, 0x0000004607097084, 1, 0xA0, 0x00
155 int 0                                     2, 0x0000004607097084, 1, 0xA0, 0x00, 0
156 getbit                                    2, 0x0000004607097084, 1, 0xA0, 0
157 !                                         2, 0x0000004607097084, 1, 0xA0, 1
158 assert                                    2, 0x0000004607097084, 1, 0xA0
159 frame_dig -1                              2, 0x0000004607097084, 1, 0xA0, 0xA0
161 int 2                                     2, 0x0000004607097084, 1, 0xA0, 0xA0, 2
162 getbit                                    2, 0x0000004607097084, 1, 0xA0, 1
163 byte 0x00                                 2, 0x0000004607097084, 1, 0xA0, 1, 0x00
164 int 0                                     2, 0x0000004607097084, 1, 0xA0, 1, 0x00, 0
165 uncover 2                                 2, 0x0000004607097084, 1, 0xA0, 0x00, 0, 1
167 setbit                                    2, 0x0000004607097084, 1, 0xA0, 0x80
168 int 0                                     2, 0x0000004607097084, 1, 0xA0, 0x80, 0
169 getbit                                    2, 0x0000004607097084, 1, 0xA0, 1
170 assert                                    2, 0x0000004607097084, 1, 0xA0
171 frame_dig -1                              2, 0x0000004607097084, 1, 0xA0, 0xA0
173 int 3                                     2, 0x0000004607097084, 1, 0xA0, 0xA0, 3
175 getbit                                    2, 0x0000004607097084, 1, 0xA0, 0
176 byte 0x00                                 2, 0x0000004607097084, 1, 0xA0, 0, 0x00
177 int 0                                     2, 0x0000004607097084, 1, 0xA0, 0, 0x00, 0
178 uncover 2                                 2, 0x0000004607097084, 1, 0xA0, 0x00, 0, 0
180 setbit                                    2, 0x0000004607097084, 1, 0xA0, 0x00
181 int 0                                     2, 0x0000004607097084, 1, 0xA0, 0x00, 0
182 getbit                                    2, 0x0000004607097084, 1, 0xA0, 0
183 !                                         2, 0x0000004607097084, 1, 0xA0, 1
184 assert                                    2, 0x0000004607097084, 1, 0xA0
185 retsub                                    2, 0x0000004607097084, 1
72  byte 0xa0                                 2, 0x0000004607097084, 1, 0xA0
73  log                                       2, 0x0000004607097084, 1
74  byte 0x000000083cfbf217000000230384b842a0 2, 0x0000004607097084, 1, 0x000000083CFBF217000000230384B842A0
93  callsub nested_decode                     2, 0x0000004607097084, 1, 0x000000083CFBF217000000230384B842A0
186 proto 1 0                                 2, 0x0000004607097084, 1, 0x000000083CFBF217000000230384B842A0
189 frame_dig -1                              2, 0x0000004607097084, 1, 0x000000083CFBF217000000230384B842A0, 0x000000083CFBF217000000230384B842A0
191 int 0                                     2, 0x0000004607097084, 1, 0x000000083CFBF217000000230384B842A0, 0x000000083CFBF217000000230384B842A0, 0
192 int 16                                    2, 0x0000004607097084, 1, 0x000000083CFBF217000000230384B842A0, 0x000000083CFBF217000000230384B842A0, 0, 16
194 extract3                                  2, 0x0000004607097084, 1, 0x000000083CFBF217000000230384B842A0, 0x000000083CFBF217000000230384B842
195 int 0                                     2, 0x0000004607097084, 1, 0x000000083CFBF217000000230384B842A0, 0x000000083CFBF217000000230384B842, 0
196 int 8                                     2, 0x0000004607097084, 1, 0x000000083CFBF217000000230384B842A0, 0x000000083CFBF217000000230384B842, 0, 8
197 extract3                                  2, 0x0000004607097084, 1, 0x000000083CFBF217000000230384B842A0, 0x000000083CFBF217
198 btoi                                      2, 0x0000004607097084, 1, 0x000000083CFBF217000000230384B842A0, 35382882839
199 int 35382882839                           2, 0x0000004607097084, 1, 0x000000083CFBF217000000230384B842A0, 35382882839, 35382882839
206 ==                                        2, 0x0000004607097084, 1, 0x000000083CFBF217000000230384B842A0, 1
207 assert                                    2, 0x0000004607097084, 1, 0x000000083CFBF217000000230384B842A0
208 frame_dig -1                              2, 0x0000004607097084, 1, 0x000000083CFBF217000000230384B842A0, 0x000000083CFBF217000000230384B842A0
210 int 16                                    2, 0x0000004607097084, 1, 0x000000083CFBF217000000230384B842A0, 0x000000083CFBF217000000230384B842A0, 16
212 int 1                                     2, 0x0000004607097084, 1, 0x000000083CFBF217000000230384B842A0, 0x000000083CFBF217000000230384B842A0, 16, 1
213 extract3                                  2, 0x0000004607097084, 1, 0x000000083CFBF217000000230384B842A0, 0xA0
214 int 2                                     2, 0x0000004607097084, 1, 0x000000083CFBF217000000230384B842A0, 0xA0, 2
215 getbit                                    2, 0x0000004607097084, 1, 0x000000083CFBF217000000230384B842A0, 1
216 byte 0x00                                 2, 0x0000004607097084, 1, 0x000000083CFBF217000000230384B842A0, 1, 0x00
217 int 0                                     2, 0x0000004607097084, 1, 0x000000083CFBF217000000230384B842A0, 1, 0x00, 0
218 uncover 2                                 2, 0x0000004607097084, 1, 0x000000083CFBF217000000230384B842A0, 0x00, 0, 1
220 setbit                                    2, 0x0000004607097084, 1, 0x000000083CFBF217000000230384B842A0, 0x80
221 int 0                                     2, 0x0000004607097084, 1, 0x000000083CFBF217000000230384B842A0, 0x80, 0
222 getbit                                    2, 0x0000004607097084, 1, 0x000000083CFBF217000000230384B842A0, 1
223 assert                                    2, 0x0000004607097084, 1, 0x000000083CFBF217000000230384B842A0
224 retsub                                    2, 0x0000004607097084, 1
96  int 1                                     2, 0x0000004607097084, 1, 1
97  return                                    1