PC  Teal                                      Stack
1
8
31  byte ""                                   0x
33  byte 0x000000083cfbf217000000230384b842   0x, 0x000000083CFBF217000000230384B842
34  byte 0x000000083cfbf217000000230384b842   0x, 0x000000083CFBF217000000230384B842, 0x000000083CFBF217000000230384B842
35  callsub add                               0x, 0x000000083CFBF217000000230384B842, 0x000000083CFBF217000000230384B842
96  proto 2 1                                 0x, 0x000000083CFBF217000000230384B842, 0x000000083CFBF217000000230384B842
99  frame_dig -2                              0x, 0x000000083CFBF217000000230384B842, 0x000000083CFBF217000000230384B842, 0x000000083CFBF217000000230384B842
101 int 0                                     0x, 0x000000083CFBF217000000230384B842, 0x000000083CFBF217000000230384B842, 0x000000083CFBF217000000230384B842, 0
102 int 8                                     0x, 0x000000083CFBF217000000230384B842, 0x000000083CFBF217000000230384B842, 0x000000083CFBF217000000230384B842, 0, 8
103 extract3                                  0x, 0x000000083CFBF217000000230384B842, 0x000000083CFBF217000000230384B842, 0x000000083CFBF217
104 btoi                                      0x, 0x000000083CFBF217000000230384B842, 0x000000083CFBF217000000230384B842, 35382882839
105 frame_dig -1                              0x, 0x000000083CFBF217000000230384B842, 0x000000083CFBF217000000230384B842, 35382882839, 0x000000083CFBF217000000230384B842
107 int 0                                     0x, 0x000000083CFBF217000000230384B842, 0x000000083CFBF217000000230384B842, 35382882839, 0x000000083CFBF217000000230384B842, 0
108 int 8                                     0x, 0x000000083CFBF217000000230384B842, 0x000000083CFBF217000000230384B842, 35382882839, 0x000000083CFBF217000000230384B842, 0, 8
109 extract3                                  0x, 0x000000083CFBF217000000230384B842, 0x000000083CFBF217000000230384B842, 35382882839, 0x000000083CFBF217
110 btoi                                      0x, 0x000000083CFBF217000000230384B842, 0x000000083CFBF217000000230384B842, 35382882839, 35382882839
111 +                                         0x, 0x000000083CFBF217000000230384B842, 0x000000083CFBF217000000230384B842, 70765765678
112 itob                                      0x, 0x000000083CFBF217000000230384B842, 0x000000083CFBF217000000230384B842, 0x0000001079F7E42E
113 frame_dig -2                              0x, 0x000000083CFBF217000000230384B842, 0x000000083CFBF217000000230384B842, 0x0000001079F7E42E, 0x000000083CFBF217000000230384B842
115 int 8                                     0x, 0x000000083CFBF217000000230384B842, 0x000000083CFBF217000000230384B842, 0x0000001079F7E42E, 0x000000083CFBF217000000230384B842, 8
116 int 8                                     0x, 0x000000083CFBF217000000230384B842, 0x000000083CFBF217000000230384B842, 0x0000001079F7E42E, 0x000000083CFBF217000000230384B842, 8, 8
117 extract3                                  0x, 0x000000083CFBF217000000230384B842, 0x000000083CFBF217000000230384B842, 0x0000001079F7E42E, 0x000000230384B842
118 btoi                                      0x, 0x000000083CFBF217000000230384B842, 0x000000083CFBF217000000230384B842, 0x0000001079F7E42E, 150382884930
119 frame_dig -1                              0x, 0x000000083CFBF217000000230384B842, 0x000000083CFBF217000000230384B842, 0x0000001079F7E42E, 150382884930, 0x000000083CFBF217000000230384B842
121 int 8                                     0x, 0x000000083CFBF217000000230384B842, 0x000000083CFBF217000000230384B842, 0x0000001079F7E42E, 150382884930, 0x000000083CFBF217000000230384B842, 8
122 int 8                                     0x, 0x000000083CFBF217000000230384B842, 0x000000083CFBF217000000230384B842, 0x0000001079F7E42E, 150382884930, 0x000000083CFBF217000000230384B842, 8, 8
123 extract3                                  0x, 0x000000083CFBF217000000230384B842, 0x000000083CFBF217000000230384B842, 0x0000001079F7E42E, 150382884930, 0x000000230384B842
124 btoi                                      0x, 0x000000083CFBF217000000230384B842, 0x000000083CFBF217000000230384B842, 0x0000001079F7E42E, 150382884930, 150382884930
125 +                                         0x, 0x000000083CFBF217000000230384B842, 0x000000083CFBF217000000230384B842, 0x0000001079F7E42E, 300765769860
126 itob                                      0x, 0x000000083CFBF217000000230384B842, 0x000000083CFBF217000000230384B842, 0x0000001079F7E42E, 0x0000004607097084
127 concat                                    0x, 0x000000083CFBF217000000230384B842, 0x000000083CFBF217000000230384B842, 0x0000001079F7E42E0000004607097084
128 retsub                                    0x, 0x0000001079F7E42E0000004607097084
38  dup                                       0x, 0x0000001079F7E42E0000004607097084, 0x0000001079F7E42E0000004607097084
39  int 0                                     0x, 0x0000001079F7E42E0000004607097084, 0x0000001079F7E42E0000004607097084, 0
40  int 8                                     0x, 0x0000001079F7E42E0000004607097084, 0x0000001079F7E42E0000004607097084, 0, 8
41  extract3                                  0x, 0x0000001079F7E42E0000004607097084, 0x0000001079F7E42E
42  swap                                      0x, 0x0000001079F7E42E, 0x0000001079F7E42E0000004607097084
43  int 8                                     0x, 0x0000001079F7E42E, 0x0000001079F7E42E0000004607097084, 8
44  int 8                                     0x, 0x0000001079F7E42E, 0x0000001079F7E42E0000004607097084, 8, 8
45  extract3                                  0x, 0x0000001079F7E42E, 0x0000004607097084
46  int 0                                     0x, 0x0000001079F7E42E, 0x0000004607097084, 0
47  b main_for_body@3                         0x, 0x0000001079F7E42E, 0x0000004607097084, 0
55  dig 2                                     0x, 0x0000001079F7E42E, 0x0000004607097084, 0, 0x0000001079F7E42E
57  log                                       0x, 0x0000001079F7E42E, 0x0000004607097084, 0
58  dup                                       0x, 0x0000001079F7E42E, 0x0000004607097084, 0, 0
59  int 1                                     0x, 0x0000001079F7E42E, 0x0000004607097084, 0, 0, 1
60  +                                         0x, 0x0000001079F7E42E, 0x0000004607097084, 0, 1
61  bury 4                                    1, 0x0000001079F7E42E, 0x0000004607097084, 0
63  bz main_for_header_1@2                    1, 0x0000001079F7E42E, 0x0000004607097084
50  dup                                       1, 0x0000001079F7E42E, 0x0000004607097084, 0x0000004607097084
51  bury 2                                    1, 0x0000004607097084, 0x0000004607097084
53  dig 2                                     1, 0x0000004607097084, 0x0000004607097084, 1
55  dig 2                                     1, 0x0000004607097084, 0x0000004607097084, 1, 0x0000004607097084
57  log                                       1, 0x0000004607097084, 0x0000004607097084, 1
58  dup                                       1, 0x0000004607097084, 0x0000004607097084, 1, 1
59  int 1                                     1, 0x0000004607097084, 0x0000004607097084, 1, 1, 1
60  +                                         1, 0x0000004607097084, 0x0000004607097084, 1, 2
61  bury 4                                    2, 0x0000004607097084, 0x0000004607097084, 1
63  bz main_for_header_1@2                    2, 0x0000004607097084, 0x0000004607097084
66  byte 0xa0                                 2, 0x0000004607097084, 0x0000004607097084, 0xA0
67  callsub check                             2, 0x0000004607097084, 0x0000004607097084, 0xA0
129 proto 1 0                                 2, 0x0000004607097084, 0x0000004607097084, 0xA0
132 frame_dig -1                              2, 0x0000004607097084, 0x0000004607097084, 0xA0, 0xA0
134 int 0                                     2, 0x0000004607097084, 0x0000004607097084, 0xA0, 0xA0, 0
135 getbit                                    2, 0x0000004607097084, 0x0000004607097084, 0xA0, 1
136 byte 0x00                                 2, 0x0000004607097084, 0x0000004607097084, 0xA0, 1, 0x00
137 int 0                                     2, 0x0000004607097084, 0x0000004607097084, 0xA0, 1, 0x00, 0
138 uncover 2                                 2, 0x0000004607097084, 0x0000004607097084, 0xA0, 0x00, 0, 1
140 setbit                                    2, 0x0000004607097084, 0x0000004607097084, 0xA0, 0x80
141 int 0                                     2, 0x0000004607097084, 0x0000004607097084, 0xA0, 0x80, 0
142 getbit                                    2, 0x0000004607097084, 0x0000004607097084, 0xA0, 1
143 assert                                    2, 0x0000004607097084, 0x0000004607097084, 0xA0
144 frame_dig -1                              2, 0x0000004607097084, 0x0000004607097084, 0xA0, 0xA0
146 int 1                                     2, 0x0000004607097084, 0x0000004607097084, 0xA0, 0xA0, 1
147 getbit                                    2, 0x0000004607097084, 0x0000004607097084, 0xA0, 0
148 byte 0x00                                 2, 0x0000004607097084, 0x0000004607097084, 0xA0, 0, 0x00
149 int 0                                     2, 0x0000004607097084, 0x0000004607097084, 0xA0, 0, 0x00, 0
150 uncover 2                                 2, 0x0000004607097084, 0x0000004607097084, 0xA0, 0x00, 0, 0
152 setbit                                    2, 0x0000004607097084, 0x0000004607097084, 0xA0, 0x00
153 int 0                                     2, 0x0000004607097084, 0x0000004607097084, 0xA0, 0x00, 0
154 getbit                                    2, 0x0000004607097084, 0x0000004607097084, 0xA0, 0
155 !                                         2, 0x0000004607097084, 0x0000004607097084, 0xA0, 1
156 assert                                    2, 0x0000004607097084, 0x0000004607097084, 0xA0
157 frame_dig -1                              2, 0x0000004607097084, 0x0000004607097084, 0xA0, 0xA0
159 int 2                                     2, 0x0000004607097084, 0x0000004607097084, 0xA0, 0xA0, 2
160 getbit                                    2, 0x0000004607097084, 0x0000004607097084, 0xA0, 1
161 byte 0x00                                 2, 0x0000004607097084, 0x0000004607097084, 0xA0, 1, 0x00
162 int 0                                     2, 0x0000004607097084, 0x0000004607097084, 0xA0, 1, 0x00, 0
163 uncover 2                                 2, 0x0000004607097084, 0x0000004607097084, 0xA0, 0x00, 0, 1
165 setbit                                    2, 0x0000004607097084, 0x0000004607097084, 0xA0, 0x80
166 int 0                                     2, 0x0000004607097084, 0x0000004607097084, 0xA0, 0x80, 0
167 getbit                                    2, 0x0000004607097084, 0x0000004607097084, 0xA0, 1
168 assert                                    2, 0x0000004607097084, 0x0000004607097084, 0xA0
169 frame_dig -1                              2, 0x0000004607097084, 0x0000004607097084, 0xA0, 0xA0
171 int 3                                     2, 0x0000004607097084, 0x0000004607097084, 0xA0, 0xA0, 3
173 getbit                                    2, 0x0000004607097084, 0x0000004607097084, 0xA0, 0
174 byte 0x00                                 2, 0x0000004607097084, 0x0000004607097084, 0xA0, 0, 0x00
175 int 0                                     2, 0x0000004607097084, 0x0000004607097084, 0xA0, 0, 0x00, 0
176 uncover 2                                 2, 0x0000004607097084, 0x0000004607097084, 0xA0, 0x00, 0, 0
178 setbit                                    2, 0x0000004607097084, 0x0000004607097084, 0xA0, 0x00
179 int 0                                     2, 0x0000004607097084, 0x0000004607097084, 0xA0, 0x00, 0
180 getbit                                    2, 0x0000004607097084, 0x0000004607097084, 0xA0, 0
181 !                                         2, 0x0000004607097084, 0x0000004607097084, 0xA0, 1
182 assert                                    2, 0x0000004607097084, 0x0000004607097084, 0xA0
183 retsub                                    2, 0x0000004607097084, 0x0000004607097084
70  byte 0xa0                                 2, 0x0000004607097084, 0x0000004607097084, 0xA0
71  log                                       2, 0x0000004607097084, 0x0000004607097084
72  byte 0x000000083cfbf217000000230384b842a0 2, 0x0000004607097084, 0x0000004607097084, 0x000000083CFBF217000000230384B842A0
91  callsub nested_decode                     2, 0x0000004607097084, 0x0000004607097084, 0x000000083CFBF217000000230384B842A0
184 proto 1 0                                 2, 0x0000004607097084, 0x0000004607097084, 0x000000083CFBF217000000230384B842A0
187 frame_dig -1                              2, 0x0000004607097084, 0x0000004607097084, 0x000000083CFBF217000000230384B842A0, 0x000000083CFBF217000000230384B842A0
189 int 0                                     2, 0x0000004607097084, 0x0000004607097084, 0x000000083CFBF217000000230384B842A0, 0x000000083CFBF217000000230384B842A0, 0
190 int 16                                    2, 0x0000004607097084, 0x0000004607097084, 0x000000083CFBF217000000230384B842A0, 0x000000083CFBF217000000230384B842A0, 0, 16
192 extract3                                  2, 0x0000004607097084, 0x0000004607097084, 0x000000083CFBF217000000230384B842A0, 0x000000083CFBF217000000230384B842
193 int 0                                     2, 0x0000004607097084, 0x0000004607097084, 0x000000083CFBF217000000230384B842A0, 0x000000083CFBF217000000230384B842, 0
194 int 8                                     2, 0x0000004607097084, 0x0000004607097084, 0x000000083CFBF217000000230384B842A0, 0x000000083CFBF217000000230384B842, 0, 8
195 extract3                                  2, 0x0000004607097084, 0x0000004607097084, 0x000000083CFBF217000000230384B842A0, 0x000000083CFBF217
196 btoi                                      2, 0x0000004607097084, 0x0000004607097084, 0x000000083CFBF217000000230384B842A0, 35382882839
197 int 35382882839                           2, 0x0000004607097084, 0x0000004607097084, 0x000000083CFBF217000000230384B842A0, 35382882839, 35382882839
204 ==                                        2, 0x0000004607097084, 0x0000004607097084, 0x000000083CFBF217000000230384B842A0, 1
205 assert                                    2, 0x0000004607097084, 0x0000004607097084, 0x000000083CFBF217000000230384B842A0
206 frame_dig -1                              2, 0x0000004607097084, 0x0000004607097084, 0x000000083CFBF217000000230384B842A0, 0x000000083CFBF217000000230384B842A0
208 int 16                                    2, 0x0000004607097084, 0x0000004607097084, 0x000000083CFBF217000000230384B842A0, 0x000000083CFBF217000000230384B842A0, 16
210 int 1                                     2, 0x0000004607097084, 0x0000004607097084, 0x000000083CFBF217000000230384B842A0, 0x000000083CFBF217000000230384B842A0, 16, 1
211 extract3                                  2, 0x0000004607097084, 0x0000004607097084, 0x000000083CFBF217000000230384B842A0, 0xA0
212 int 2                                     2, 0x0000004607097084, 0x0000004607097084, 0x000000083CFBF217000000230384B842A0, 0xA0, 2
213 getbit                                    2, 0x0000004607097084, 0x0000004607097084, 0x000000083CFBF217000000230384B842A0, 1
214 byte 0x00                                 2, 0x0000004607097084, 0x0000004607097084, 0x000000083CFBF217000000230384B842A0, 1, 0x00
215 int 0                                     2, 0x0000004607097084, 0x0000004607097084, 0x000000083CFBF217000000230384B842A0, 1, 0x00, 0
216 uncover 2                                 2, 0x0000004607097084, 0x0000004607097084, 0x000000083CFBF217000000230384B842A0, 0x00, 0, 1
218 setbit                                    2, 0x0000004607097084, 0x0000004607097084, 0x000000083CFBF217000000230384B842A0, 0x80
219 int 0                                     2, 0x0000004607097084, 0x0000004607097084, 0x000000083CFBF217000000230384B842A0, 0x80, 0
220 getbit                                    2, 0x0000004607097084, 0x0000004607097084, 0x000000083CFBF217000000230384B842A0, 1
221 assert                                    2, 0x0000004607097084, 0x0000004607097084, 0x000000083CFBF217000000230384B842A0
222 retsub                                    2, 0x0000004607097084, 0x0000004607097084
94  int 1                                     2, 0x0000004607097084, 0x0000004607097084, 1
95  return                                    1