PC  Teal                                              Stack
1   #pragma version 8
17  #pragma version 8
38  int 7                                             7
40  byte 0x                                           7, 0x
41  byte 0x01                                         7, 0x, 0x01
44  concat                                            7, 0x01
45  byte 0x02                                         7, 0x01, 0x02
48  concat                                            7, 0x0102
49  dig 1                                             7, 0x0102, 7
51  itob                                              7, 0x0102, 0x0000000000000007
52  extract 6 2                                       7, 0x0102, 0x0007
55  concat                                            7, 0x01020007
56  swap                                              0x01020007, 7
57  byte "\x00\x05hello"                              0x01020007, 7, 0x000568656C6C6F
58  len                                               0x01020007, 7, 7
59  +                                                 0x01020007, 14
60  dup                                               0x01020007, 14, 14
61  itob                                              0x01020007, 14, 0x000000000000000E
62  extract 6 2                                       0x01020007, 14, 0x000E
65  uncover 2                                         14, 0x000E, 0x01020007
67  swap                                              14, 0x01020007, 0x000E
68  concat                                            14, 0x01020007000E
69  byte "\x00\x05world"                              14, 0x01020007000E, 0x0005776F726C64
70  len                                               14, 0x01020007000E, 7
71  uncover 2                                         0x01020007000E, 7, 14
73  +                                                 0x01020007000E, 21
74  pop                                               0x01020007000E
75  byte 0xff                                         0x01020007000E, 0xFF
78  concat                                            0x01020007000EFF
79  byte "\x00\x05hello"                              0x01020007000EFF, 0x000568656C6C6F
80  concat                                            0x01020007000EFF000568656C6C6F
81  byte "\x00\x05world"                              0x01020007000EFF000568656C6C6F, 0x0005776F726C64
82  concat                                            0x01020007000EFF000568656C6C6F0005776F726C64
83  dup                                               0x01020007000EFF000568656C6C6F0005776F726C64, 0x01020007000EFF000568656C6C6F0005776F726C64
84  swap                                              0x01020007000EFF000568656C6C6F0005776F726C64, 0x01020007000EFF000568656C6C6F0005776F726C64
85  byte 0x01020007000eff000568656c6c6f0005776f726c64 0x01020007000EFF000568656C6C6F0005776F726C64, 0x01020007000EFF000568656C6C6F0005776F726C64, 0x01020007000EFF000568656C6C6F0005776F726C64
108 ==                                                0x01020007000EFF000568656C6C6F0005776F726C64, 1
109 assert                                            0x01020007000EFF000568656C6C6F0005776F726C64
110 byte 0x00                                         0x01020007000EFF000568656C6C6F0005776F726C64, 0x00
111 int 0                                             0x01020007000EFF000568656C6C6F0005776F726C64, 0x00, 0
112 int 1                                             0x01020007000EFF000568656C6C6F0005776F726C64, 0x00, 0, 1
113 setbit                                            0x01020007000EFF000568656C6C6F0005776F726C64, 0x80
114 byte 0x00                                         0x01020007000EFF000568656C6C6F0005776F726C64, 0x80, 0x00
115 int 0                                             0x01020007000EFF000568656C6C6F0005776F726C64, 0x80, 0x00, 0
116 int 0                                             0x01020007000EFF000568656C6C6F0005776F726C64, 0x80, 0x00, 0, 0
117 setbit                                            0x01020007000EFF000568656C6C6F0005776F726C64, 0x80, 0x00
118 byte 0x00                                         0x01020007000EFF000568656C6C6F0005776F726C64, 0x80, 0x00, 0x00
119 int 0                                             0x01020007000EFF000568656C6C6F0005776F726C64, 0x80, 0x00, 0x00, 0
120 int 1                                             0x01020007000EFF000568656C6C6F0005776F726C64, 0x80, 0x00, 0x00, 0, 1
121 setbit                                            0x01020007000EFF000568656C6C6F0005776F726C64, 0x80, 0x00, 0x80
122 cover 2                                           0x01020007000EFF000568656C6C6F0005776F726C64, 0x80, 0x80, 0x00
124 byte 0x00                                         0x01020007000EFF000568656C6C6F0005776F726C64, 0x80, 0x80, 0x00, 0x00
125 int 0                                             0x01020007000EFF000568656C6C6F0005776F726C64, 0x80, 0x80, 0x00, 0x00, 0
126 int 1                                             0x01020007000EFF000568656C6C6F0005776F726C64, 0x80, 0x80, 0x00, 0x00, 0, 1
127 setbit                                            0x01020007000EFF000568656C6C6F0005776F726C64, 0x80, 0x80, 0x00, 0x80
128 cover 3                                           0x01020007000EFF000568656C6C6F0005776F726C64, 0x80, 0x80, 0x80, 0x00
130 byte 0x00                                         0x01020007000EFF000568656C6C6F0005776F726C64, 0x80, 0x80, 0x80, 0x00, 0x00
131 int 0                                             0x01020007000EFF000568656C6C6F0005776F726C64, 0x80, 0x80, 0x80, 0x00, 0x00, 0
132 int 1                                             0x01020007000EFF000568656C6C6F0005776F726C64, 0x80, 0x80, 0x80, 0x00, 0x00, 0, 1
133 setbit                                            0x01020007000EFF000568656C6C6F0005776F726C64, 0x80, 0x80, 0x80, 0x00, 0x80
134 cover 4                                           0x01020007000EFF000568656C6C6F0005776F726C64, 0x80, 0x80, 0x80, 0x80, 0x00
136 byte 0x00                                         0x01020007000EFF000568656C6C6F0005776F726C64, 0x80, 0x80, 0x80, 0x80, 0x00, 0x00
137 int 0                                             0x01020007000EFF000568656C6C6F0005776F726C64, 0x80, 0x80, 0x80, 0x80, 0x00, 0x00, 0
138 int 1                                             0x01020007000EFF000568656C6C6F0005776F726C64, 0x80, 0x80, 0x80, 0x80, 0x00, 0x00, 0, 1
139 setbit                                            0x01020007000EFF000568656C6C6F0005776F726C64, 0x80, 0x80, 0x80, 0x80, 0x00, 0x80
140 cover 5                                           0x01020007000EFF000568656C6C6F0005776F726C64, 0x80, 0x80, 0x80, 0x80, 0x80, 0x00
142 byte 0x00                                         0x01020007000EFF000568656C6C6F0005776F726C64, 0x80, 0x80, 0x80, 0x80, 0x80, 0x00, 0x00
143 int 0                                             0x01020007000EFF000568656C6C6F0005776F726C64, 0x80, 0x80, 0x80, 0x80, 0x80, 0x00, 0x00, 0
144 int 0                                             0x01020007000EFF000568656C6C6F0005776F726C64, 0x80, 0x80, 0x80, 0x80, 0x80, 0x00, 0x00, 0, 0
145 setbit                                            0x01020007000EFF000568656C6C6F0005776F726C64, 0x80, 0x80, 0x80, 0x80, 0x80, 0x00, 0x00
146 cover 6                                           0x01020007000EFF000568656C6C6F0005776F726C64, 0x00, 0x80, 0x80, 0x80, 0x80, 0x80, 0x00
148 byte 0x00                                         0x01020007000EFF000568656C6C6F0005776F726C64, 0x00, 0x80, 0x80, 0x80, 0x80, 0x80, 0x00, 0x00
149 int 0                                             0x01020007000EFF000568656C6C6F0005776F726C64, 0x00, 0x80, 0x80, 0x80, 0x80, 0x80, 0x00, 0x00, 0
150 int 1                                             0x01020007000EFF000568656C6C6F0005776F726C64, 0x00, 0x80, 0x80, 0x80, 0x80, 0x80, 0x00, 0x00, 0, 1
151 setbit                                            0x01020007000EFF000568656C6C6F0005776F726C64, 0x00, 0x80, 0x80, 0x80, 0x80, 0x80, 0x00, 0x80
152 cover 7                                           0x01020007000EFF000568656C6C6F0005776F726C64, 0x80, 0x00, 0x80, 0x80, 0x80, 0x80, 0x80, 0x00
154 byte 0x00                                         0x01020007000EFF000568656C6C6F0005776F726C64, 0x80, 0x00, 0x80, 0x80, 0x80, 0x80, 0x80, 0x00, 0x00
155 int 0                                             0x01020007000EFF000568656C6C6F0005776F726C64, 0x80, 0x00, 0x80, 0x80, 0x80, 0x80, 0x80, 0x00, 0x00, 0
156 int 1                                             0x01020007000EFF000568656C6C6F0005776F726C64, 0x80, 0x00, 0x80, 0x80, 0x80, 0x80, 0x80, 0x00, 0x00, 0, 1
157 setbit                                            0x01020007000EFF000568656C6C6F0005776F726C64, 0x80, 0x00, 0x80, 0x80, 0x80, 0x80, 0x80, 0x00, 0x80
158 cover 8                                           0x01020007000EFF000568656C6C6F0005776F726C64, 0x80, 0x80, 0x00, 0x80, 0x80, 0x80, 0x80, 0x80, 0x00
160 int 4                                             0x01020007000EFF000568656C6C6F0005776F726C64, 0x80, 0x80, 0x00, 0x80, 0x80, 0x80, 0x80, 0x80, 0x00, 4
161 pop                                               0x01020007000EFF000568656C6C6F0005776F726C64, 0x80, 0x80, 0x00, 0x80, 0x80, 0x80, 0x80, 0x80, 0x00
162 byte 0x                                           0x01020007000EFF000568656C6C6F0005776F726C64, 0x80, 0x80, 0x00, 0x80, 0x80, 0x80, 0x80, 0x80, 0x00, 0x
163 byte 0x04                                         0x01020007000EFF000568656C6C6F0005776F726C64, 0x80, 0x80, 0x00, 0x80, 0x80, 0x80, 0x80, 0x80, 0x00, 0x, 0x04
166 concat                                            0x01020007000EFF000568656C6C6F0005776F726C64, 0x80, 0x80, 0x00, 0x80, 0x80, 0x80, 0x80, 0x80, 0x00, 0x04
167 uncover 2                                         0x01020007000EFF000568656C6C6F0005776F726C64, 0x80, 0x80, 0x00, 0x80, 0x80, 0x80, 0x80, 0x00, 0x04, 0x80
169 concat                                            0x01020007000EFF000568656C6C6F0005776F726C64, 0x80, 0x80, 0x00, 0x80, 0x80, 0x80, 0x80, 0x00, 0x0480
170 swap                                              0x01020007000EFF000568656C6C6F0005776F726C64, 0x80, 0x80, 0x00, 0x80, 0x80, 0x80, 0x80, 0x0480, 0x00
171 int 0                                             0x01020007000EFF000568656C6C6F0005776F726C64, 0x80, 0x80, 0x00, 0x80, 0x80, 0x80, 0x80, 0x0480, 0x00, 0
172 getbit                                            0x01020007000EFF000568656C6C6F0005776F726C64, 0x80, 0x80, 0x00, 0x80, 0x80, 0x80, 0x80, 0x0480, 0
173 swap                                              0x01020007000EFF000568656C6C6F0005776F726C64, 0x80, 0x80, 0x00, 0x80, 0x80, 0x80, 0x80, 0, 0x0480
174 int 9                                             0x01020007000EFF000568656C6C6F0005776F726C64, 0x80, 0x80, 0x00, 0x80, 0x80, 0x80, 0x80, 0, 0x0480, 9
175 uncover 2                                         0x01020007000EFF000568656C6C6F0005776F726C64, 0x80, 0x80, 0x00, 0x80, 0x80, 0x80, 0x80, 0x0480, 9, 0
177 setbit                                            0x01020007000EFF000568656C6C6F0005776F726C64, 0x80, 0x80, 0x00, 0x80, 0x80, 0x80, 0x80, 0x0480
178 swap                                              0x01020007000EFF000568656C6C6F0005776F726C64, 0x80, 0x80, 0x00, 0x80, 0x80, 0x80, 0x0480, 0x80
179 int 0                                             0x01020007000EFF000568656C6C6F0005776F726C64, 0x80, 0x80, 0x00, 0x80, 0x80, 0x80, 0x0480, 0x80, 0
180 getbit                                            0x01020007000EFF000568656C6C6F0005776F726C64, 0x80, 0x80, 0x00, 0x80, 0x80, 0x80, 0x0480, 1
181 swap                                              0x01020007000EFF000568656C6C6F0005776F726C64, 0x80, 0x80, 0x00, 0x80, 0x80, 0x80, 1, 0x0480
182 int 10                                            0x01020007000EFF000568656C6C6F0005776F726C64, 0x80, 0x80, 0x00, 0x80, 0x80, 0x80, 1, 0x0480, 10
184 uncover 2                                         0x01020007000EFF000568656C6C6F0005776F726C64, 0x80, 0x80, 0x00, 0x80, 0x80, 0x80, 0x0480, 10, 1
186 setbit                                            0x01020007000EFF000568656C6C6F0005776F726C64, 0x80, 0x80, 0x00, 0x80, 0x80, 0x80, 0x04A0
187 swap                                              0x01020007000EFF000568656C6C6F0005776F726C64, 0x80, 0x80, 0x00, 0x80, 0x80, 0x04A0, 0x80
188 int 0                                             0x01020007000EFF000568656C6C6F0005776F726C64, 0x80, 0x80, 0x00, 0x80, 0x80, 0x04A0, 0x80, 0
189 getbit                                            0x01020007000EFF000568656C6C6F0005776F726C64, 0x80, 0x80, 0x00, 0x80, 0x80, 0x04A0, 1
190 swap                                              0x01020007000EFF000568656C6C6F0005776F726C64, 0x80, 0x80, 0x00, 0x80, 0x80, 1, 0x04A0
191 int 11                                            0x01020007000EFF000568656C6C6F0005776F726C64, 0x80, 0x80, 0x00, 0x80, 0x80, 1, 0x04A0, 11
193 uncover 2                                         0x01020007000EFF000568656C6C6F0005776F726C64, 0x80, 0x80, 0x00, 0x80, 0x80, 0x04A0, 11, 1
195 setbit                                            0x01020007000EFF000568656C6C6F0005776F726C64, 0x80, 0x80, 0x00, 0x80, 0x80, 0x04B0
196 swap                                              0x01020007000EFF000568656C6C6F0005776F726C64, 0x80, 0x80, 0x00, 0x80, 0x04B0, 0x80
197 int 0                                             0x01020007000EFF000568656C6C6F0005776F726C64, 0x80, 0x80, 0x00, 0x80, 0x04B0, 0x80, 0
198 getbit                                            0x01020007000EFF000568656C6C6F0005776F726C64, 0x80, 0x80, 0x00, 0x80, 0x04B0, 1
199 swap                                              0x01020007000EFF000568656C6C6F0005776F726C64, 0x80, 0x80, 0x00, 0x80, 1, 0x04B0
200 int 12                                            0x01020007000EFF000568656C6C6F0005776F726C64, 0x80, 0x80, 0x00, 0x80, 1, 0x04B0, 12
202 uncover 2                                         0x01020007000EFF000568656C6C6F0005776F726C64, 0x80, 0x80, 0x00, 0x80, 0x04B0, 12, 1
204 setbit                                            0x01020007000EFF000568656C6C6F0005776F726C64, 0x80, 0x80, 0x00, 0x80, 0x04B8
205 swap                                              0x01020007000EFF000568656C6C6F0005776F726C64, 0x80, 0x80, 0x00, 0x04B8, 0x80
206 int 0                                             0x01020007000EFF000568656C6C6F0005776F726C64, 0x80, 0x80, 0x00, 0x04B8, 0x80, 0
207 getbit                                            0x01020007000EFF000568656C6C6F0005776F726C64, 0x80, 0x80, 0x00, 0x04B8, 1
208 swap                                              0x01020007000EFF000568656C6C6F0005776F726C64, 0x80, 0x80, 0x00, 1, 0x04B8
209 int 13                                            0x01020007000EFF000568656C6C6F0005776F726C64, 0x80, 0x80, 0x00, 1, 0x04B8, 13
211 uncover 2                                         0x01020007000EFF000568656C6C6F0005776F726C64, 0x80, 0x80, 0x00, 0x04B8, 13, 1
213 setbit                                            0x01020007000EFF000568656C6C6F0005776F726C64, 0x80, 0x80, 0x00, 0x04BC
214 swap                                              0x01020007000EFF000568656C6C6F0005776F726C64, 0x80, 0x80, 0x04BC, 0x00
215 int 0                                             0x01020007000EFF000568656C6C6F0005776F726C64, 0x80, 0x80, 0x04BC, 0x00, 0
216 getbit                                            0x01020007000EFF000568656C6C6F0005776F726C64, 0x80, 0x80, 0x04BC, 0
217 swap                                              0x01020007000EFF000568656C6C6F0005776F726C64, 0x80, 0x80, 0, 0x04BC
218 int 14                                            0x01020007000EFF000568656C6C6F0005776F726C64, 0x80, 0x80, 0, 0x04BC, 14
220 uncover 2                                         0x01020007000EFF000568656C6C6F0005776F726C64, 0x80, 0x80, 0x04BC, 14, 0
222 setbit                                            0x01020007000EFF000568656C6C6F0005776F726C64, 0x80, 0x80, 0x04BC
223 swap                                              0x01020007000EFF000568656C6C6F0005776F726C64, 0x80, 0x04BC, 0x80
224 int 0                                             0x01020007000EFF000568656C6C6F0005776F726C64, 0x80, 0x04BC, 0x80, 0
225 getbit                                            0x01020007000EFF000568656C6C6F0005776F726C64, 0x80, 0x04BC, 1
226 swap                                              0x01020007000EFF000568656C6C6F0005776F726C64, 0x80, 1, 0x04BC
227 int 15                                            0x01020007000EFF000568656C6C6F0005776F726C64, 0x80, 1, 0x04BC, 15
229 uncover 2                                         0x01020007000EFF000568656C6C6F0005776F726C64, 0x80, 0x04BC, 15, 1
231 setbit                                            0x01020007000EFF000568656C6C6F0005776F726C64, 0x80, 0x04BD
232 swap                                              0x01020007000EFF000568656C6C6F0005776F726C64, 0x04BD, 0x80
233 concat                                            0x01020007000EFF000568656C6C6F0005776F726C64, 0x04BD80
234 byte 0x10                                         0x01020007000EFF000568656C6C6F0005776F726C64, 0x04BD80, 0x10
237 concat                                            0x01020007000EFF000568656C6C6F0005776F726C64, 0x04BD8010
238 dup                                               0x01020007000EFF000568656C6C6F0005776F726C64, 0x04BD8010, 0x04BD8010
239 swap                                              0x01020007000EFF000568656C6C6F0005776F726C64, 0x04BD8010, 0x04BD8010
240 dup                                               0x01020007000EFF000568656C6C6F0005776F726C64, 0x04BD8010, 0x04BD8010, 0x04BD8010
241 byte 0x04bd8010                                   0x01020007000EFF000568656C6C6F0005776F726C64, 0x04BD8010, 0x04BD8010, 0x04BD8010, 0x04BD8010
247 ==                                                0x01020007000EFF000568656C6C6F0005776F726C64, 0x04BD8010, 0x04BD8010, 1
248 assert                                            0x01020007000EFF000568656C6C6F0005776F726C64, 0x04BD8010, 0x04BD8010
249 dup                                               0x01020007000EFF000568656C6C6F0005776F726C64, 0x04BD8010, 0x04BD8010, 0x04BD8010
250 int 0                                             0x01020007000EFF000568656C6C6F0005776F726C64, 0x04BD8010, 0x04BD8010, 0x04BD8010, 0
251 int 1                                             0x01020007000EFF000568656C6C6F0005776F726C64, 0x04BD8010, 0x04BD8010, 0x04BD8010, 0, 1
252 extract3                                          0x01020007000EFF000568656C6C6F0005776F726C64, 0x04BD8010, 0x04BD8010, 0x04
253 swap                                              0x01020007000EFF000568656C6C6F0005776F726C64, 0x04BD8010, 0x04, 0x04BD8010
254 dup                                               0x01020007000EFF000568656C6C6F0005776F726C64, 0x04BD8010, 0x04, 0x04BD8010, 0x04BD8010
255 int 8                                             0x01020007000EFF000568656C6C6F0005776F726C64, 0x04BD8010, 0x04, 0x04BD8010, 0x04BD8010, 8
257 getbit                                            0x01020007000EFF000568656C6C6F0005776F726C64, 0x04BD8010, 0x04, 0x04BD8010, 1
258 byte 0x00                                         0x01020007000EFF000568656C6C6F0005776F726C64, 0x04BD8010, 0x04, 0x04BD8010, 1, 0x00
259 int 0                                             0x01020007000EFF000568656C6C6F0005776F726C64, 0x04BD8010, 0x04, 0x04BD8010, 1, 0x00, 0
260 uncover 2                                         0x01020007000EFF000568656C6C6F0005776F726C64, 0x04BD8010, 0x04, 0x04BD8010, 0x00, 0, 1
262 setbit                                            0x01020007000EFF000568656C6C6F0005776F726C64, 0x04BD8010, 0x04, 0x04BD8010, 0x80
263 swap                                              0x01020007000EFF000568656C6C6F0005776F726C64, 0x04BD8010, 0x04, 0x80, 0x04BD8010
264 dup                                               0x01020007000EFF000568656C6C6F0005776F726C64, 0x04BD8010, 0x04, 0x80, 0x04BD8010, 0x04BD8010
265 int 9                                             0x01020007000EFF000568656C6C6F0005776F726C64, 0x04BD8010, 0x04, 0x80, 0x04BD8010, 0x04BD8010, 9
266 getbit                                            0x01020007000EFF000568656C6C6F0005776F726C64, 0x04BD8010, 0x04, 0x80, 0x04BD8010, 0
267 byte 0x00                                         0x01020007000EFF000568656C6C6F0005776F726C64, 0x04BD8010, 0x04, 0x80, 0x04BD8010, 0, 0x00
268 int 0                                             0x01020007000EFF000568656C6C6F0005776F726C64, 0x04BD8010, 0x04, 0x80, 0x04BD8010, 0, 0x00, 0
269 uncover 2                                         0x01020007000EFF000568656C6C6F0005776F726C64, 0x04BD8010, 0x04, 0x80, 0x04BD8010, 0x00, 0, 0
271 setbit                                            0x01020007000EFF000568656C6C6F0005776F726C64, 0x04BD8010, 0x04, 0x80, 0x04BD8010, 0x00
272 swap                                              0x01020007000EFF000568656C6C6F0005776F726C64, 0x04BD8010, 0x04, 0x80, 0x00, 0x04BD8010
273 dup                                               0x01020007000EFF000568656C6C6F0005776F726C64, 0x04BD8010, 0x04, 0x80, 0x00, 0x04BD8010, 0x04BD8010
274 int 10                                            0x01020007000EFF000568656C6C6F0005776F726C64, 0x04BD8010, 0x04, 0x80, 0x00, 0x04BD8010, 0x04BD8010, 10
276 getbit                                            0x01020007000EFF000568656C6C6F0005776F726C64, 0x04BD8010, 0x04, 0x80, 0x00, 0x04BD8010, 1
277 byte 0x00                                         0x01020007000EFF000568656C6C6F0005776F726C64, 0x04BD8010, 0x04, 0x80, 0x00, 0x04BD8010, 1, 0x00
278 int 0                                             0x01020007000EFF000568656C6C6F0005776F726C64, 0x04BD8010, 0x04, 0x80, 0x00, 0x04BD8010, 1, 0x00, 0
279 uncover 2                                         0x01020007000EFF000568656C6C6F0005776F726C64, 0x04BD8010, 0x04, 0x80, 0x00, 0x04BD8010, 0x00, 0, 1
281 setbit                                            0x01020007000EFF000568656C6C6F0005776F726C64, 0x04BD8010, 0x04, 0x80, 0x00, 0x04BD8010, 0x80
282 swap                                              0x01020007000EFF000568656C6C6F0005776F726C64, 0x04BD8010, 0x04, 0x80, 0x00, 0x80, 0x04BD8010
283 dup                                               0x01020007000EFF000568656C6C6F0005776F726C64, 0x04BD8010, 0x04, 0x80, 0x00, 0x80, 0x04BD8010, 0x04BD8010
284 int 11                                            0x01020007000EFF000568656C6C6F0005776F726C64, 0x04BD8010, 0x04, 0x80, 0x00, 0x80, 0x04BD8010, 0x04BD8010, 11
286 getbit                                            0x01020007000EFF000568656C6C6F0005776F726C64, 0x04BD8010, 0x04, 0x80, 0x00, 0x80, 0x04BD8010, 1
287 byte 0x00                                         0x01020007000EFF000568656C6C6F0005776F726C64, 0x04BD8010, 0x04, 0x80, 0x00, 0x80, 0x04BD8010, 1, 0x00
288 int 0                                             0x01020007000EFF000568656C6C6F0005776F726C64, 0x04BD8010, 0x04, 0x80, 0x00, 0x80, 0x04BD8010, 1, 0x00, 0
289 uncover 2                                         0x01020007000EFF000568656C6C6F0005776F726C64, 0x04BD8010, 0x04, 0x80, 0x00, 0x80, 0x04BD8010, 0x00, 0, 1
291 setbit                                            0x01020007000EFF000568656C6C6F0005776F726C64, 0x04BD8010, 0x04, 0x80, 0x00, 0x80, 0x04BD8010, 0x80
292 swap                                              0x01020007000EFF000568656C6C6F0005776F726C64, 0x04BD8010, 0x04, 0x80, 0x00, 0x80, 0x80, 0x04BD8010
293 dup                                               0x01020007000EFF000568656C6C6F0005776F726C64, 0x04BD8010, 0x04, 0x80, 0x00, 0x80, 0x80, 0x04BD8010, 0x04BD8010
294 int 12                                            0x01020007000EFF000568656C6C6F0005776F726C64, 0x04BD8010, 0x04, 0x80, 0x00, 0x80, 0x80, 0x04BD8010, 0x04BD8010, 12
296 getbit                                            0x01020007000EFF000568656C6C6F0005776F726C64, 0x04BD8010, 0x04, 0x80, 0x00, 0x80, 0x80, 0x04BD8010, 1
297 byte 0x00                                         0x01020007000EFF000568656C6C6F0005776F726C64, 0x04BD8010, 0x04, 0x80, 0x00, 0x80, 0x80, 0x04BD8010, 1, 0x00
298 int 0                                             0x01020007000EFF000568656C6C6F0005776F726C64, 0x04BD8010, 0x04, 0x80, 0x00, 0x80, 0x80, 0x04BD8010, 1, 0x00, 0
299 uncover 2                                         0x01020007000EFF000568656C6C6F0005776F726C64, 0x04BD8010, 0x04, 0x80, 0x00, 0x80, 0x80, 0x04BD8010, 0x00, 0, 1
301 setbit                                            0x01020007000EFF000568656C6C6F0005776F726C64, 0x04BD8010, 0x04, 0x80, 0x00, 0x80, 0x80, 0x04BD8010, 0x80
302 swap                                              0x01020007000EFF000568656C6C6F0005776F726C64, 0x04BD8010, 0x04, 0x80, 0x00, 0x80, 0x80, 0x80, 0x04BD8010
303 dup                                               0x01020007000EFF000568656C6C6F0005776F726C64, 0x04BD8010, 0x04, 0x80, 0x00, 0x80, 0x80, 0x80, 0x04BD8010, 0x04BD8010
304 int 13                                            0x01020007000EFF000568656C6C6F0005776F726C64, 0x04BD8010, 0x04, 0x80, 0x00, 0x80, 0x80, 0x80, 0x04BD8010, 0x04BD8010, 13
306 getbit                                            0x01020007000EFF000568656C6C6F0005776F726C64, 0x04BD8010, 0x04, 0x80, 0x00, 0x80, 0x80, 0x80, 0x04BD8010, 1
307 byte 0x00                                         0x01020007000EFF000568656C6C6F0005776F726C64, 0x04BD8010, 0x04, 0x80, 0x00, 0x80, 0x80, 0x80, 0x04BD8010, 1, 0x00
308 int 0                                             0x01020007000EFF000568656C6C6F0005776F726C64, 0x04BD8010, 0x04, 0x80, 0x00, 0x80, 0x80, 0x80, 0x04BD8010, 1, 0x00, 0
309 uncover 2                                         0x01020007000EFF000568656C6C6F0005776F726C64, 0x04BD8010, 0x04, 0x80, 0x00, 0x80, 0x80, 0x80, 0x04BD8010, 0x00, 0, 1
311 setbit                                            0x01020007000EFF000568656C6C6F0005776F726C64, 0x04BD8010, 0x04, 0x80, 0x00, 0x80, 0x80, 0x80, 0x04BD8010, 0x80
312 swap                                              0x01020007000EFF000568656C6C6F0005776F726C64, 0x04BD8010, 0x04, 0x80, 0x00, 0x80, 0x80, 0x80, 0x80, 0x04BD8010
313 dup                                               0x01020007000EFF000568656C6C6F0005776F726C64, 0x04BD8010, 0x04, 0x80, 0x00, 0x80, 0x80, 0x80, 0x80, 0x04BD8010, 0x04BD8010
314 int 14                                            0x01020007000EFF000568656C6C6F0005776F726C64, 0x04BD8010, 0x04, 0x80, 0x00, 0x80, 0x80, 0x80, 0x80, 0x04BD8010, 0x04BD8010, 14
316 getbit                                            0x01020007000EFF000568656C6C6F0005776F726C64, 0x04BD8010, 0x04, 0x80, 0x00, 0x80, 0x80, 0x80, 0x80, 0x04BD8010, 0
317 byte 0x00                                         0x01020007000EFF000568656C6C6F0005776F726C64, 0x04BD8010, 0x04, 0x80, 0x00, 0x80, 0x80, 0x80, 0x80, 0x04BD8010, 0, 0x00
318 int 0                                             0x01020007000EFF000568656C6C6F0005776F726C64, 0x04BD8010, 0x04, 0x80, 0x00, 0x80, 0x80, 0x80, 0x80, 0x04BD8010, 0, 0x00, 0
319 uncover 2                                         0x01020007000EFF000568656C6C6F0005776F726C64, 0x04BD8010, 0x04, 0x80, 0x00, 0x80, 0x80, 0x80, 0x80, 0x04BD8010, 0x00, 0, 0
321 setbit                                            0x01020007000EFF000568656C6C6F0005776F726C64, 0x04BD8010, 0x04, 0x80, 0x00, 0x80, 0x80, 0x80, 0x80, 0x04BD8010, 0x00
322 swap                                              0x01020007000EFF000568656C6C6F0005776F726C64, 0x04BD8010, 0x04, 0x80, 0x00, 0x80, 0x80, 0x80, 0x80, 0x00, 0x04BD8010
323 dup                                               0x01020007000EFF000568656C6C6F0005776F726C64, 0x04BD8010, 0x04, 0x80, 0x00, 0x80, 0x80, 0x80, 0x80, 0x00, 0x04BD8010, 0x04BD8010
324 int 15                                            0x01020007000EFF000568656C6C6F0005776F726C64, 0x04BD8010, 0x04, 0x80, 0x00, 0x80, 0x80, 0x80, 0x80, 0x00, 0x04BD8010, 0x04BD8010, 15
326 getbit                                            0x01020007000EFF000568656C6C6F0005776F726C64, 0x04BD8010, 0x04, 0x80, 0x00, 0x80, 0x80, 0x80, 0x80, 0x00, 0x04BD8010, 1
327 byte 0x00                                         0x01020007000EFF000568656C6C6F0005776F726C64, 0x04BD8010, 0x04, 0x80, 0x00, 0x80, 0x80, 0x80, 0x80, 0x00, 0x04BD8010, 1, 0x00
328 int 0                                             0x01020007000EFF000568656C6C6F0005776F726C64, 0x04BD8010, 0x04, 0x80, 0x00, 0x80, 0x80, 0x80, 0x80, 0x00, 0x04BD8010, 1, 0x00, 0
329 uncover 2                                         0x01020007000EFF000568656C6C6F0005776F726C64, 0x04BD8010, 0x04, 0x80, 0x00, 0x80, 0x80, 0x80, 0x80, 0x00, 0x04BD8010, 0x00, 0, 1
331 setbit                                            0x01020007000EFF000568656C6C6F0005776F726C64, 0x04BD8010, 0x04, 0x80, 0x00, 0x80, 0x80, 0x80, 0x80, 0x00, 0x04BD8010, 0x80
332 swap                                              0x01020007000EFF000568656C6C6F0005776F726C64, 0x04BD8010, 0x04, 0x80, 0x00, 0x80, 0x80, 0x80, 0x80, 0x00, 0x80, 0x04BD8010
333 dup                                               0x01020007000EFF000568656C6C6F0005776F726C64, 0x04BD8010, 0x04, 0x80, 0x00, 0x80, 0x80, 0x80, 0x80, 0x00, 0x80, 0x04BD8010, 0x04BD8010
334 int 16                                            0x01020007000EFF000568656C6C6F0005776F726C64, 0x04BD8010, 0x04, 0x80, 0x00, 0x80, 0x80, 0x80, 0x80, 0x00, 0x80, 0x04BD8010, 0x04BD8010, 16
336 getbit                                            0x01020007000EFF000568656C6C6F0005776F726C64, 0x04BD8010, 0x04, 0x80, 0x00, 0x80, 0x80, 0x80, 0x80, 0x00, 0x80, 0x04BD8010, 1
337 byte 0x00                                         0x01020007000EFF000568656C6C6F0005776F726C64, 0x04BD8010, 0x04, 0x80, 0x00, 0x80, 0x80, 0x80, 0x80, 0x00, 0x80, 0x04BD8010, 1, 0x00
338 int 0                                             0x01020007000EFF000568656C6C6F0005776F726C64, 0x04BD8010, 0x04, 0x80, 0x00, 0x80, 0x80, 0x80, 0x80, 0x00, 0x80, 0x04BD8010, 1, 0x00, 0
339 uncover 2                                         0x01020007000EFF000568656C6C6F0005776F726C64, 0x04BD8010, 0x04, 0x80, 0x00, 0x80, 0x80, 0x80, 0x80, 0x00, 0x80, 0x04BD8010, 0x00, 0, 1
341 setbit                                            0x01020007000EFF000568656C6C6F0005776F726C64, 0x04BD8010, 0x04, 0x80, 0x00, 0x80, 0x80, 0x80, 0x80, 0x00, 0x80, 0x04BD8010, 0x80
342 swap                                              0x01020007000EFF000568656C6C6F0005776F726C64, 0x04BD8010, 0x04, 0x80, 0x00, 0x80, 0x80, 0x80, 0x80, 0x00, 0x80, 0x80, 0x04BD8010
343 dup                                               0x01020007000EFF000568656C6C6F0005776F726C64, 0x04BD8010, 0x04, 0x80, 0x00, 0x80, 0x80, 0x80, 0x80, 0x00, 0x80, 0x80, 0x04BD8010, 0x04BD8010
344 int 3                                             0x01020007000EFF000568656C6C6F0005776F726C64, 0x04BD8010, 0x04, 0x80, 0x00, 0x80, 0x80, 0x80, 0x80, 0x00, 0x80, 0x80, 0x04BD8010, 0x04BD8010, 3
346 int 1                                             0x01020007000EFF000568656C6C6F0005776F726C64, 0x04BD8010, 0x04, 0x80, 0x00, 0x80, 0x80, 0x80, 0x80, 0x00, 0x80, 0x80, 0x04BD8010, 0x04BD8010, 3, 1
347 extract3                                          0x01020007000EFF000568656C6C6F0005776F726C64, 0x04BD8010, 0x04, 0x80, 0x00, 0x80, 0x80, 0x80, 0x80, 0x00, 0x80, 0x80, 0x04BD8010, 0x10
348 uncover 11                                        0x01020007000EFF000568656C6C6F0005776F726C64, 0x04BD8010, 0x80, 0x00, 0x80, 0x80, 0x80, 0x80, 0x00, 0x80, 0x80, 0x04BD8010, 0x10, 0x04
350 cover 4                                           0x01020007000EFF000568656C6C6F0005776F726C64, 0x04BD8010, 0x80, 0x00, 0x80, 0x80, 0x80, 0x80, 0x00, 0x04, 0x80, 0x80, 0x04BD8010, 0x10
352 uncover 11                                        0x01020007000EFF000568656C6C6F0005776F726C64, 0x04BD8010, 0x00, 0x80, 0x80, 0x80, 0x80, 0x00, 0x04, 0x80, 0x80, 0x04BD8010, 0x10, 0x80
354 dup                                               0x01020007000EFF000568656C6C6F0005776F726C64, 0x04BD8010, 0x00, 0x80, 0x80, 0x80, 0x80, 0x00, 0x04, 0x80, 0x80, 0x04BD8010, 0x10, 0x80, 0x80
355 cover 7                                           0x01020007000EFF000568656C6C6F0005776F726C64, 0x04BD8010, 0x00, 0x80, 0x80, 0x80, 0x80, 0x80, 0x00, 0x04, 0x80, 0x80, 0x04BD8010, 0x10, 0x80
357 cover 12                                          0x01020007000EFF000568656C6C6F0005776F726C64, 0x04BD8010, 0x80, 0x00, 0x80, 0x80, 0x80, 0x80, 0x80, 0x00, 0x04, 0x80, 0x80, 0x04BD8010, 0x10
359 uncover 5                                         0x01020007000EFF000568656C6C6F0005776F726C64, 0x04BD8010, 0x80, 0x00, 0x80, 0x80, 0x80, 0x80, 0x80, 0x04, 0x80, 0x80, 0x04BD8010, 0x10, 0x00
361 cover 6                                           0x01020007000EFF000568656C6C6F0005776F726C64, 0x04BD8010, 0x80, 0x00, 0x80, 0x80, 0x80, 0x80, 0x00, 0x80, 0x04, 0x80, 0x80, 0x04BD8010, 0x10
363 uncover 3                                         0x01020007000EFF000568656C6C6F0005776F726C64, 0x04BD8010, 0x80, 0x00, 0x80, 0x80, 0x80, 0x80, 0x00, 0x80, 0x04, 0x80, 0x04BD8010, 0x10, 0x80
365 cover 5                                           0x01020007000EFF000568656C6C6F0005776F726C64, 0x04BD8010, 0x80, 0x00, 0x80, 0x80, 0x80, 0x80, 0x00, 0x80, 0x80, 0x04, 0x80, 0x04BD8010, 0x10
367 uncover 2                                         0x01020007000EFF000568656C6C6F0005776F726C64, 0x04BD8010, 0x80, 0x00, 0x80, 0x80, 0x80, 0x80, 0x00, 0x80, 0x80, 0x04, 0x04BD8010, 0x10, 0x80
369 cover 4                                           0x01020007000EFF000568656C6C6F0005776F726C64, 0x04BD8010, 0x80, 0x00, 0x80, 0x80, 0x80, 0x80, 0x00, 0x80, 0x80, 0x80, 0x04, 0x04BD8010, 0x10
371 dup                                               0x01020007000EFF000568656C6C6F0005776F726C64, 0x04BD8010, 0x80, 0x00, 0x80, 0x80, 0x80, 0x80, 0x00, 0x80, 0x80, 0x80, 0x04, 0x04BD8010, 0x10, 0x10
372 cover 4                                           0x01020007000EFF000568656C6C6F0005776F726C64, 0x04BD8010, 0x80, 0x00, 0x80, 0x80, 0x80, 0x80, 0x00, 0x80, 0x80, 0x10, 0x80, 0x04, 0x04BD8010, 0x10
374 swap                                              0x01020007000EFF000568656C6C6F0005776F726C64, 0x04BD8010, 0x80, 0x00, 0x80, 0x80, 0x80, 0x80, 0x00, 0x80, 0x80, 0x10, 0x80, 0x04, 0x10, 0x04BD8010
375 int 3                                             0x01020007000EFF000568656C6C6F0005776F726C64, 0x04BD8010, 0x80, 0x00, 0x80, 0x80, 0x80, 0x80, 0x00, 0x80, 0x80, 0x10, 0x80, 0x04, 0x10, 0x04BD8010, 3
377 int 1                                             0x01020007000EFF000568656C6C6F0005776F726C64, 0x04BD8010, 0x80, 0x00, 0x80, 0x80, 0x80, 0x80, 0x00, 0x80, 0x80, 0x10, 0x80, 0x04, 0x10, 0x04BD8010, 3, 1
378 extract3                                          0x01020007000EFF000568656C6C6F0005776F726C64, 0x04BD8010, 0x80, 0x00, 0x80, 0x80, 0x80, 0x80, 0x00, 0x80, 0x80, 0x10, 0x80, 0x04, 0x10, 0x10
379 ==                                                0x01020007000EFF000568656C6C6F0005776F726C64, 0x04BD8010, 0x80, 0x00, 0x80, 0x80, 0x80, 0x80, 0x00, 0x80, 0x80, 0x10, 0x80, 0x04, 1
380 assert                                            0x01020007000EFF000568656C6C6F0005776F726C64, 0x04BD8010, 0x80, 0x00, 0x80, 0x80, 0x80, 0x80, 0x00, 0x80, 0x80, 0x10, 0x80, 0x04
381 btoi                                              0x01020007000EFF000568656C6C6F0005776F726C64, 0x04BD8010, 0x80, 0x00, 0x80, 0x80, 0x80, 0x80, 0x00, 0x80, 0x80, 0x10, 0x80, 4
382 int 4                                             0x01020007000EFF000568656C6C6F0005776F726C64, 0x04BD8010, 0x80, 0x00, 0x80, 0x80, 0x80, 0x80, 0x00, 0x80, 0x80, 0x10, 0x80, 4, 4
383 ==                                                0x01020007000EFF000568656C6C6F0005776F726C64, 0x04BD8010, 0x80, 0x00, 0x80, 0x80, 0x80, 0x80, 0x00, 0x80, 0x80, 0x10, 0x80, 1
384 assert                                            0x01020007000EFF000568656C6C6F0005776F726C64, 0x04BD8010, 0x80, 0x00, 0x80, 0x80, 0x80, 0x80, 0x00, 0x80, 0x80, 0x10, 0x80
385 byte 0x00                                         0x01020007000EFF000568656C6C6F0005776F726C64, 0x04BD8010, 0x80, 0x00, 0x80, 0x80, 0x80, 0x80, 0x00, 0x80, 0x80, 0x10, 0x80, 0x00
386 ==                                                0x01020007000EFF000568656C6C6F0005776F726C64, 0x04BD8010, 0x80, 0x00, 0x80, 0x80, 0x80, 0x80, 0x00, 0x80, 0x80, 0x10, 0
387 bz main_ternary_false@2                           0x01020007000EFF000568656C6C6F0005776F726C64, 0x04BD8010, 0x80, 0x00, 0x80, 0x80, 0x80, 0x80, 0x00, 0x80, 0x80, 0x10
395 dig 7                                             0x01020007000EFF000568656C6C6F0005776F726C64, 0x04BD8010, 0x80, 0x00, 0x80, 0x80, 0x80, 0x80, 0x00, 0x80, 0x80, 0x10, 0x80
397 byte 0x00                                         0x01020007000EFF000568656C6C6F0005776F726C64, 0x04BD8010, 0x80, 0x00, 0x80, 0x80, 0x80, 0x80, 0x00, 0x80, 0x80, 0x10, 0x80, 0x00
398 ==                                                0x01020007000EFF000568656C6C6F0005776F726C64, 0x04BD8010, 0x80, 0x00, 0x80, 0x80, 0x80, 0x80, 0x00, 0x80, 0x80, 0x10, 0
399 bz main_ternary_false@4                           0x01020007000EFF000568656C6C6F0005776F726C64, 0x04BD8010, 0x80, 0x00, 0x80, 0x80, 0x80, 0x80, 0x00, 0x80, 0x80, 0x10
407 dig 6                                             0x01020007000EFF000568656C6C6F0005776F726C64, 0x04BD8010, 0x80, 0x00, 0x80, 0x80, 0x80, 0x80, 0x00, 0x80, 0x80, 0x10, 0x80
409 byte 0x00                                         0x01020007000EFF000568656C6C6F0005776F726C64, 0x04BD8010, 0x80, 0x00, 0x80, 0x80, 0x80, 0x80, 0x00, 0x80, 0x80, 0x10, 0x80, 0x00
410 ==                                                0x01020007000EFF000568656C6C6F0005776F726C64, 0x04BD8010, 0x80, 0x00, 0x80, 0x80, 0x80, 0x80, 0x00, 0x80, 0x80, 0x10, 0
411 bz main_ternary_false@6                           0x01020007000EFF000568656C6C6F0005776F726C64, 0x04BD8010, 0x80, 0x00, 0x80, 0x80, 0x80, 0x80, 0x00, 0x80, 0x80, 0x10
419 dig 5                                             0x01020007000EFF000568656C6C6F0005776F726C64, 0x04BD8010, 0x80, 0x00, 0x80, 0x80, 0x80, 0x80, 0x00, 0x80, 0x80, 0x10, 0x80
421 byte 0x00                                         0x01020007000EFF000568656C6C6F0005776F726C64, 0x04BD8010, 0x80, 0x00, 0x80, 0x80, 0x80, 0x80, 0x00, 0x80, 0x80, 0x10, 0x80, 0x00
422 ==                                                0x01020007000EFF000568656C6C6F0005776F726C64, 0x04BD8010, 0x80, 0x00, 0x80, 0x80, 0x80, 0x80, 0x00, 0x80, 0x80, 0x10, 0
423 bz main_ternary_false@8                           0x01020007000EFF000568656C6C6F0005776F726C64, 0x04BD8010, 0x80, 0x00, 0x80, 0x80, 0x80, 0x80, 0x00, 0x80, 0x80, 0x10
431 dig 4                                             0x01020007000EFF000568656C6C6F0005776F726C64, 0x04BD8010, 0x80, 0x00, 0x80, 0x80, 0x80, 0x80, 0x00, 0x80, 0x80, 0x10, 0x80
433 byte 0x00                                         0x01020007000EFF000568656C6C6F0005776F726C64, 0x04BD8010, 0x80, 0x00, 0x80, 0x80, 0x80, 0x80, 0x00, 0x80, 0x80, 0x10, 0x80, 0x00
434 ==                                                0x01020007000EFF000568656C6C6F0005776F726C64, 0x04BD8010, 0x80, 0x00, 0x80, 0x80, 0x80, 0x80, 0x00, 0x80, 0x80, 0x10, 0
435 bz main_ternary_false@10                          0x01020007000EFF000568656C6C6F0005776F726C64, 0x04BD8010, 0x80, 0x00, 0x80, 0x80, 0x80, 0x80, 0x00, 0x80, 0x80, 0x10
443 dig 2                                             0x01020007000EFF000568656C6C6F0005776F726C64, 0x04BD8010, 0x80, 0x00, 0x80, 0x80, 0x80, 0x80, 0x00, 0x80, 0x80, 0x10, 0x80
445 byte 0x00                                         0x01020007000EFF000568656C6C6F0005776F726C64, 0x04BD8010, 0x80, 0x00, 0x80, 0x80, 0x80, 0x80, 0x00, 0x80, 0x80, 0x10, 0x80, 0x00
446 ==                                                0x01020007000EFF000568656C6C6F0005776F726C64, 0x04BD8010, 0x80, 0x00, 0x80, 0x80, 0x80, 0x80, 0x00, 0x80, 0x80, 0x10, 0
447 bz main_ternary_false@12                          0x01020007000EFF000568656C6C6F0005776F726C64, 0x04BD8010, 0x80, 0x00, 0x80, 0x80, 0x80, 0x80, 0x00, 0x80, 0x80, 0x10
455 dig 1                                             0x01020007000EFF000568656C6C6F0005776F726C64, 0x04BD8010, 0x80, 0x00, 0x80, 0x80, 0x80, 0x80, 0x00, 0x80, 0x80, 0x10, 0x80
457 byte 0x00                                         0x01020007000EFF000568656C6C6F0005776F726C64, 0x04BD8010, 0x80, 0x00, 0x80, 0x80, 0x80, 0x80, 0x00, 0x80, 0x80, 0x10, 0x80, 0x00
458 !=                                                0x01020007000EFF000568656C6C6F0005776F726C64, 0x04BD8010, 0x80, 0x00, 0x80, 0x80, 0x80, 0x80, 0x00, 0x80, 0x80, 0x10, 1
459 assert                                            0x01020007000EFF000568656C6C6F0005776F726C64, 0x04BD8010, 0x80, 0x00, 0x80, 0x80, 0x80, 0x80, 0x00, 0x80, 0x80, 0x10
460 dig 8                                             0x01020007000EFF000568656C6C6F0005776F726C64, 0x04BD8010, 0x80, 0x00, 0x80, 0x80, 0x80, 0x80, 0x00, 0x80, 0x80, 0x10, 0x00
462 byte 0x00                                         0x01020007000EFF000568656C6C6F0005776F726C64, 0x04BD8010, 0x80, 0x00, 0x80, 0x80, 0x80, 0x80, 0x00, 0x80, 0x80, 0x10, 0x00, 0x00
463 !=                                                0x01020007000EFF000568656C6C6F0005776F726C64, 0x04BD8010, 0x80, 0x00, 0x80, 0x80, 0x80, 0x80, 0x00, 0x80, 0x80, 0x10, 0
464 bz main_ternary_false@20                          0x01020007000EFF000568656C6C6F0005776F726C64, 0x04BD8010, 0x80, 0x00, 0x80, 0x80, 0x80, 0x80, 0x00, 0x80, 0x80, 0x10
472 dig 3                                             0x01020007000EFF000568656C6C6F0005776F726C64, 0x04BD8010, 0x80, 0x00, 0x80, 0x80, 0x80, 0x80, 0x00, 0x80, 0x80, 0x10, 0x00
474 byte 0x00                                         0x01020007000EFF000568656C6C6F0005776F726C64, 0x04BD8010, 0x80, 0x00, 0x80, 0x80, 0x80, 0x80, 0x00, 0x80, 0x80, 0x10, 0x00, 0x00
475 ==                                                0x01020007000EFF000568656C6C6F0005776F726C64, 0x04BD8010, 0x80, 0x00, 0x80, 0x80, 0x80, 0x80, 0x00, 0x80, 0x80, 0x10, 1
476 assert                                            0x01020007000EFF000568656C6C6F0005776F726C64, 0x04BD8010, 0x80, 0x00, 0x80, 0x80, 0x80, 0x80, 0x00, 0x80, 0x80, 0x10
477 dup                                               0x01020007000EFF000568656C6C6F0005776F726C64, 0x04BD8010, 0x80, 0x00, 0x80, 0x80, 0x80, 0x80, 0x00, 0x80, 0x80, 0x10, 0x10
478 btoi                                              0x01020007000EFF000568656C6C6F0005776F726C64, 0x04BD8010, 0x80, 0x00, 0x80, 0x80, 0x80, 0x80, 0x00, 0x80, 0x80, 0x10, 16
479 int 16                                            0x01020007000EFF000568656C6C6F0005776F726C64, 0x04BD8010, 0x80, 0x00, 0x80, 0x80, 0x80, 0x80, 0x00, 0x80, 0x80, 0x10, 16, 16
481 ==                                                0x01020007000EFF000568656C6C6F0005776F726C64, 0x04BD8010, 0x80, 0x00, 0x80, 0x80, 0x80, 0x80, 0x00, 0x80, 0x80, 0x10, 1
482 assert                                            0x01020007000EFF000568656C6C6F0005776F726C64, 0x04BD8010, 0x80, 0x00, 0x80, 0x80, 0x80, 0x80, 0x00, 0x80, 0x80, 0x10
483 dig 10                                            0x01020007000EFF000568656C6C6F0005776F726C64, 0x04BD8010, 0x80, 0x00, 0x80, 0x80, 0x80, 0x80, 0x00, 0x80, 0x80, 0x10, 0x04BD8010
485 dup                                               0x01020007000EFF000568656C6C6F0005776F726C64, 0x04BD8010, 0x80, 0x00, 0x80, 0x80, 0x80, 0x80, 0x00, 0x80, 0x80, 0x10, 0x04BD8010, 0x04BD8010
486 int 0                                             0x01020007000EFF000568656C6C6F0005776F726C64, 0x04BD8010, 0x80, 0x00, 0x80, 0x80, 0x80, 0x80, 0x00, 0x80, 0x80, 0x10, 0x04BD8010, 0x04BD8010, 0
487 int 1                                             0x01020007000EFF000568656C6C6F0005776F726C64, 0x04BD8010, 0x80, 0x00, 0x80, 0x80, 0x80, 0x80, 0x00, 0x80, 0x80, 0x10, 0x04BD8010, 0x04BD8010, 0, 1
488 extract3                                          0x01020007000EFF000568656C6C6F0005776F726C64, 0x04BD8010, 0x80, 0x00, 0x80, 0x80, 0x80, 0x80, 0x00, 0x80, 0x80, 0x10, 0x04BD8010, 0x04
489 swap                                              0x01020007000EFF000568656C6C6F0005776F726C64, 0x04BD8010, 0x80, 0x00, 0x80, 0x80, 0x80, 0x80, 0x00, 0x80, 0x80, 0x10, 0x04, 0x04BD8010
490 dup                                               0x01020007000EFF000568656C6C6F0005776F726C64, 0x04BD8010, 0x80, 0x00, 0x80, 0x80, 0x80, 0x80, 0x00, 0x80, 0x80, 0x10, 0x04, 0x04BD8010, 0x04BD8010
491 int 8                                             0x01020007000EFF000568656C6C6F0005776F726C64, 0x04BD8010, 0x80, 0x00, 0x80, 0x80, 0x80, 0x80, 0x00, 0x80, 0x80, 0x10, 0x04, 0x04BD8010, 0x04BD8010, 8
493 getbit                                            0x01020007000EFF000568656C6C6F0005776F726C64, 0x04BD8010, 0x80, 0x00, 0x80, 0x80, 0x80, 0x80, 0x00, 0x80, 0x80, 0x10, 0x04, 0x04BD8010, 1
494 byte 0x00                                         0x01020007000EFF000568656C6C6F0005776F726C64, 0x04BD8010, 0x80, 0x00, 0x80, 0x80, 0x80, 0x80, 0x00, 0x80, 0x80, 0x10, 0x04, 0x04BD8010, 1, 0x00
495 int 0                                             0x01020007000EFF000568656C6C6F0005776F726C64, 0x04BD8010, 0x80, 0x00, 0x80, 0x80, 0x80, 0x80, 0x00, 0x80, 0x80, 0x10, 0x04, 0x04BD8010, 1, 0x00, 0
496 uncover 2                                         0x01020007000EFF000568656C6C6F0005776F726C64, 0x04BD8010, 0x80, 0x00, 0x80, 0x80, 0x80, 0x80, 0x00, 0x80, 0x80, 0x10, 0x04, 0x04BD8010, 0x00, 0, 1
498 setbit                                            0x01020007000EFF000568656C6C6F0005776F726C64, 0x04BD8010, 0x80, 0x00, 0x80, 0x80, 0x80, 0x80, 0x00, 0x80, 0x80, 0x10, 0x04, 0x04BD8010, 0x80
499 swap                                              0x01020007000EFF000568656C6C6F0005776F726C64, 0x04BD8010, 0x80, 0x00, 0x80, 0x80, 0x80, 0x80, 0x00, 0x80, 0x80, 0x10, 0x04, 0x80, 0x04BD8010
500 dup                                               0x01020007000EFF000568656C6C6F0005776F726C64, 0x04BD8010, 0x80, 0x00, 0x80, 0x80, 0x80, 0x80, 0x00, 0x80, 0x80, 0x10, 0x04, 0x80, 0x04BD8010, 0x04BD8010
501 int 9                                             0x01020007000EFF000568656C6C6F0005776F726C64, 0x04BD8010, 0x80, 0x00, 0x80, 0x80, 0x80, 0x80, 0x00, 0x80, 0x80, 0x10, 0x04, 0x80, 0x04BD8010, 0x04BD8010, 9
502 getbit                                            0x01020007000EFF000568656C6C6F0005776F726C64, 0x04BD8010, 0x80, 0x00, 0x80, 0x80, 0x80, 0x80, 0x00, 0x80, 0x80, 0x10, 0x04, 0x80, 0x04BD8010, 0
503 byte 0x00                                         0x01020007000EFF000568656C6C6F0005776F726C64, 0x04BD8010, 0x80, 0x00, 0x80, 0x80, 0x80, 0x80, 0x00, 0x80, 0x80, 0x10, 0x04, 0x80, 0x04BD8010, 0, 0x00
504 int 0                                             0x01020007000EFF000568656C6C6F0005776F726C64, 0x04BD8010, 0x80, 0x00, 0x80, 0x80, 0x80, 0x80, 0x00, 0x80, 0x80, 0x10, 0x04, 0x80, 0x04BD8010, 0, 0x00, 0
505 uncover 2                                         0x01020007000EFF000568656C6C6F0005776F726C64, 0x04BD8010, 0x80, 0x00, 0x80, 0x80, 0x80, 0x80, 0x00, 0x80, 0x80, 0x10, 0x04, 0x80, 0x04BD8010, 0x00, 0, 0
507 setbit                                            0x01020007000EFF000568656C6C6F0005776F726C64, 0x04BD8010, 0x80, 0x00, 0x80, 0x80, 0x80, 0x80, 0x00, 0x80, 0x80, 0x10, 0x04, 0x80, 0x04BD8010, 0x00
508 swap                                              0x01020007000EFF000568656C6C6F0005776F726C64, 0x04BD8010, 0x80, 0x00, 0x80, 0x80, 0x80, 0x80, 0x00, 0x80, 0x80, 0x10, 0x04, 0x80, 0x00, 0x04BD8010
509 dup                                               0x01020007000EFF000568656C6C6F0005776F726C64, 0x04BD8010, 0x80, 0x00, 0x80, 0x80, 0x80, 0x80, 0x00, 0x80, 0x80, 0x10, 0x04, 0x80, 0x00, 0x04BD8010, 0x04BD8010
510 int 10                                            0x01020007000EFF000568656C6C6F0005776F726C64, 0x04BD8010, 0x80, 0x00, 0x80, 0x80, 0x80, 0x80, 0x00, 0x80, 0x80, 0x10, 0x04, 0x80, 0x00, 0x04BD8010, 0x04BD8010, 10
512 getbit                                            0x01020007000EFF000568656C6C6F0005776F726C64, 0x04BD8010, 0x80, 0x00, 0x80, 0x80, 0x80, 0x80, 0x00, 0x80, 0x80, 0x10, 0x04, 0x80, 0x00, 0x04BD8010, 1
513 byte 0x00                                         0x01020007000EFF000568656C6C6F0005776F726C64, 0x04BD8010, 0x80, 0x00, 0x80, 0x80, 0x80, 0x80, 0x00, 0x80, 0x80, 0x10, 0x04, 0x80, 0x00, 0x04BD8010, 1, 0x00
514 int 0                                             0x01020007000EFF000568656C6C6F0005776F726C64, 0x04BD8010, 0x80, 0x00, 0x80, 0x80, 0x80, 0x80, 0x00, 0x80, 0x80, 0x10, 0x04, 0x80, 0x00, 0x04BD8010, 1, 0x00, 0
515 uncover 2                                         0x01020007000EFF000568656C6C6F0005776F726C64, 0x04BD8010, 0x80, 0x00, 0x80, 0x80, 0x80, 0x80, 0x00, 0x80, 0x80, 0x10, 0x04, 0x80, 0x00, 0x04BD8010, 0x00, 0, 1
517 setbit                                            0x01020007000EFF000568656C6C6F0005776F726C64, 0x04BD8010, 0x80, 0x00, 0x80, 0x80, 0x80, 0x80, 0x00, 0x80, 0x80, 0x10, 0x04, 0x80, 0x00, 0x04BD8010, 0x80
518 cover 2                                           0x01020007000EFF000568656C6C6F0005776F726C64, 0x04BD8010, 0x80, 0x00, 0x80, 0x80, 0x80, 0x80, 0x00, 0x80, 0x80, 0x10, 0x04, 0x80, 0x80, 0x00, 0x04BD8010
520 dup                                               0x01020007000EFF000568656C6C6F0005776F726C64, 0x04BD8010, 0x80, 0x00, 0x80, 0x80, 0x80, 0x80, 0x00, 0x80, 0x80, 0x10, 0x04, 0x80, 0x80, 0x00, 0x04BD8010, 0x04BD8010
521 int 11                                            0x01020007000EFF000568656C6C6F0005776F726C64, 0x04BD8010, 0x80, 0x00, 0x80, 0x80, 0x80, 0x80, 0x00, 0x80, 0x80, 0x10, 0x04, 0x80, 0x80, 0x00, 0x04BD8010, 0x04BD8010, 11
523 getbit                                            0x01020007000EFF000568656C6C6F0005776F726C64, 0x04BD8010, 0x80, 0x00, 0x80, 0x80, 0x80, 0x80, 0x00, 0x80, 0x80, 0x10, 0x04, 0x80, 0x80, 0x00, 0x04BD8010, 1
524 byte 0x00                                         0x01020007000EFF000568656C6C6F0005776F726C64, 0x04BD8010, 0x80, 0x00, 0x80, 0x80, 0x80, 0x80, 0x00, 0x80, 0x80, 0x10, 0x04, 0x80, 0x80, 0x00, 0x04BD8010, 1, 0x00
525 int 0                                             0x01020007000EFF000568656C6C6F0005776F726C64, 0x04BD8010, 0x80, 0x00, 0x80, 0x80, 0x80, 0x80, 0x00, 0x80, 0x80, 0x10, 0x04, 0x80, 0x80, 0x00, 0x04BD8010, 1, 0x00, 0
526 uncover 2                                         0x01020007000EFF000568656C6C6F0005776F726C64, 0x04BD8010, 0x80, 0x00, 0x80, 0x80, 0x80, 0x80, 0x00, 0x80, 0x80, 0x10, 0x04, 0x80, 0x80, 0x00, 0x04BD8010, 0x00, 0, 1
528 setbit                                            0x01020007000EFF000568656C6C6F0005776F726C64, 0x04BD8010, 0x80, 0x00, 0x80, 0x80, 0x80, 0x80, 0x00, 0x80, 0x80, 0x10, 0x04, 0x80, 0x80, 0x00, 0x04BD8010, 0x80
529 cover 3                                           0x01020007000EFF000568656C6C6F0005776F726C64, 0x04BD8010, 0x80, 0x00, 0x80, 0x80, 0x80, 0x80, 0x00, 0x80, 0x80, 0x10, 0x04, 0x80, 0x80, 0x80, 0x00, 0x04BD8010
531 dup                                               0x01020007000EFF000568656C6C6F0005776F726C64, 0x04BD8010, 0x80, 0x00, 0x80, 0x80, 0x80, 0x80, 0x00, 0x80, 0x80, 0x10, 0x04, 0x80, 0x80, 0x80, 0x00, 0x04BD8010, 0x04BD8010
532 int 12                                            0x01020007000EFF000568656C6C6F0005776F726C64, 0x04BD8010, 0x80, 0x00, 0x80, 0x80, 0x80, 0x80, 0x00, 0x80, 0x80, 0x10, 0x04, 0x80, 0x80, 0x80, 0x00, 0x04BD8010, 0x04BD8010, 12
534 getbit                                            0x01020007000EFF000568656C6C6F0005776F726C64, 0x04BD8010, 0x80, 0x00, 0x80, 0x80, 0x80, 0x80, 0x00, 0x80, 0x80, 0x10, 0x04, 0x80, 0x80, 0x80, 0x00, 0x04BD8010, 1
535 byte 0x00                                         0x01020007000EFF000568656C6C6F0005776F726C64, 0x04BD8010, 0x80, 0x00, 0x80, 0x80, 0x80, 0x80, 0x00, 0x80, 0x80, 0x10, 0x04, 0x80, 0x80, 0x80, 0x00, 0x04BD8010, 1, 0x00
536 int 0                                             0x01020007000EFF000568656C6C6F0005776F726C64, 0x04BD8010, 0x80, 0x00, 0x80, 0x80, 0x80, 0x80, 0x00, 0x80, 0x80, 0x10, 0x04, 0x80, 0x80, 0x80, 0x00, 0x04BD8010, 1, 0x00, 0
537 uncover 2                                         0x01020007000EFF000568656C6C6F0005776F726C64, 0x04BD8010, 0x80, 0x00, 0x80, 0x80, 0x80, 0x80, 0x00, 0x80, 0x80, 0x10, 0x04, 0x80, 0x80, 0x80, 0x00, 0x04BD8010, 0x00, 0, 1
539 setbit                                            0x01020007000EFF000568656C6C6F0005776F726C64, 0x04BD8010, 0x80, 0x00, 0x80, 0x80, 0x80, 0x80, 0x00, 0x80, 0x80, 0x10, 0x04, 0x80, 0x80, 0x80, 0x00, 0x04BD8010, 0x80
540 cover 4                                           0x01020007000EFF000568656C6C6F0005776F726C64, 0x04BD8010, 0x80, 0x00, 0x80, 0x80, 0x80, 0x80, 0x00, 0x80, 0x80, 0x10, 0x04, 0x80, 0x80, 0x80, 0x80, 0x00, 0x04BD8010
542 dup                                               0x01020007000EFF000568656C6C6F0005776F726C64, 0x04BD8010, 0x80, 0x00, 0x80, 0x80, 0x80, 0x80, 0x00, 0x80, 0x80, 0x10, 0x04, 0x80, 0x80, 0x80, 0x80, 0x00, 0x04BD8010, 0x04BD8010
543 int 13                                            0x01020007000EFF000568656C6C6F0005776F726C64, 0x04BD8010, 0x80, 0x00, 0x80, 0x80, 0x80, 0x80, 0x00, 0x80, 0x80, 0x10, 0x04, 0x80, 0x80, 0x80, 0x80, 0x00, 0x04BD8010, 0x04BD8010, 13
545 getbit                                            0x01020007000EFF000568656C6C6F0005776F726C64, 0x04BD8010, 0x80, 0x00, 0x80, 0x80, 0x80, 0x80, 0x00, 0x80, 0x80, 0x10, 0x04, 0x80, 0x80, 0x80, 0x80, 0x00, 0x04BD8010, 1
546 byte 0x00                                         0x01020007000EFF000568656C6C6F0005776F726C64, 0x04BD8010, 0x80, 0x00, 0x80, 0x80, 0x80, 0x80, 0x00, 0x80, 0x80, 0x10, 0x04, 0x80, 0x80, 0x80, 0x80, 0x00, 0x04BD8010, 1, 0x00
547 int 0                                             0x01020007000EFF000568656C6C6F0005776F726C64, 0x04BD8010, 0x80, 0x00, 0x80, 0x80, 0x80, 0x80, 0x00, 0x80, 0x80, 0x10, 0x04, 0x80, 0x80, 0x80, 0x80, 0x00, 0x04BD8010, 1, 0x00, 0
548 uncover 2                                         0x01020007000EFF000568656C6C6F0005776F726C64, 0x04BD8010, 0x80, 0x00, 0x80, 0x80, 0x80, 0x80, 0x00, 0x80, 0x80, 0x10, 0x04, 0x80, 0x80, 0x80, 0x80, 0x00, 0x04BD8010, 0x00, 0, 1
550 setbit                                            0x01020007000EFF000568656C6C6F0005776F726C64, 0x04BD8010, 0x80, 0x00, 0x80, 0x80, 0x80, 0x80, 0x00, 0x80, 0x80, 0x10, 0x04, 0x80, 0x80, 0x80, 0x80, 0x00, 0x04BD8010, 0x80
551 cover 5                                           0x01020007000EFF000568656C6C6F0005776F726C64, 0x04BD8010, 0x80, 0x00, 0x80, 0x80, 0x80, 0x80, 0x00, 0x80, 0x80, 0x10, 0x04, 0x80, 0x80, 0x80, 0x80, 0x80, 0x00, 0x04BD8010
553 dup                                               0x01020007000EFF000568656C6C6F0005776F726C64, 0x04BD8010, 0x80, 0x00, 0x80, 0x80, 0x80, 0x80, 0x00, 0x80, 0x80, 0x10, 0x04, 0x80, 0x80, 0x80, 0x80, 0x80, 0x00, 0x04BD8010, 0x04BD8010
554 int 14                                            0x01020007000EFF000568656C6C6F0005776F726C64, 0x04BD8010, 0x80, 0x00, 0x80, 0x80, 0x80, 0x80, 0x00, 0x80, 0x80, 0x10, 0x04, 0x80, 0x80, 0x80, 0x80, 0x80, 0x00, 0x04BD8010, 0x04BD8010, 14
556 getbit                                            0x01020007000EFF000568656C6C6F0005776F726C64, 0x04BD8010, 0x80, 0x00, 0x80, 0x80, 0x80, 0x80, 0x00, 0x80, 0x80, 0x10, 0x04, 0x80, 0x80, 0x80, 0x80, 0x80, 0x00, 0x04BD8010, 0
557 byte 0x00                                         0x01020007000EFF000568656C6C6F0005776F726C64, 0x04BD8010, 0x80, 0x00, 0x80, 0x80, 0x80, 0x80, 0x00, 0x80, 0x80, 0x10, 0x04, 0x80, 0x80, 0x80, 0x80, 0x80, 0x00, 0x04BD8010, 0, 0x00
558 int 0                                             0x01020007000EFF000568656C6C6F0005776F726C64, 0x04BD8010, 0x80, 0x00, 0x80, 0x80, 0x80, 0x80, 0x00, 0x80, 0x80, 0x10, 0x04, 0x80, 0x80, 0x80, 0x80, 0x80, 0x00, 0x04BD8010, 0, 0x00, 0
559 uncover 2                                         0x01020007000EFF000568656C6C6F0005776F726C64, 0x04BD8010, 0x80, 0x00, 0x80, 0x80, 0x80, 0x80, 0x00, 0x80, 0x80, 0x10, 0x04, 0x80, 0x80, 0x80, 0x80, 0x80, 0x00, 0x04BD8010, 0x00, 0, 0
561 setbit                                            0x01020007000EFF000568656C6C6F0005776F726C64, 0x04BD8010, 0x80, 0x00, 0x80, 0x80, 0x80, 0x80, 0x00, 0x80, 0x80, 0x10, 0x04, 0x80, 0x80, 0x80, 0x80, 0x80, 0x00, 0x04BD8010, 0x00
562 cover 6                                           0x01020007000EFF000568656C6C6F0005776F726C64, 0x04BD8010, 0x80, 0x00, 0x80, 0x80, 0x80, 0x80, 0x00, 0x80, 0x80, 0x10, 0x04, 0x80, 0x00, 0x80, 0x80, 0x80, 0x80, 0x00, 0x04BD8010
564 dup                                               0x01020007000EFF000568656C6C6F0005776F726C64, 0x04BD8010, 0x80, 0x00, 0x80, 0x80, 0x80, 0x80, 0x00, 0x80, 0x80, 0x10, 0x04, 0x80, 0x00, 0x80, 0x80, 0x80, 0x80, 0x00, 0x04BD8010, 0x04BD8010
565 int 15                                            0x01020007000EFF000568656C6C6F0005776F726C64, 0x04BD8010, 0x80, 0x00, 0x80, 0x80, 0x80, 0x80, 0x00, 0x80, 0x80, 0x10, 0x04, 0x80, 0x00, 0x80, 0x80, 0x80, 0x80, 0x00, 0x04BD8010, 0x04BD8010, 15
567 getbit                                            0x01020007000EFF000568656C6C6F0005776F726C64, 0x04BD8010, 0x80, 0x00, 0x80, 0x80, 0x80, 0x80, 0x00, 0x80, 0x80, 0x10, 0x04, 0x80, 0x00, 0x80, 0x80, 0x80, 0x80, 0x00, 0x04BD8010, 1
568 byte 0x00                                         0x01020007000EFF000568656C6C6F0005776F726C64, 0x04BD8010, 0x80, 0x00, 0x80, 0x80, 0x80, 0x80, 0x00, 0x80, 0x80, 0x10, 0x04, 0x80, 0x00, 0x80, 0x80, 0x80, 0x80, 0x00, 0x04BD8010, 1, 0x00
569 int 0                                             0x01020007000EFF000568656C6C6F0005776F726C64, 0x04BD8010, 0x80, 0x00, 0x80, 0x80, 0x80, 0x80, 0x00, 0x80, 0x80, 0x10, 0x04, 0x80, 0x00, 0x80, 0x80, 0x80, 0x80, 0x00, 0x04BD8010, 1, 0x00, 0
570 uncover 2                                         0x01020007000EFF000568656C6C6F0005776F726C64, 0x04BD8010, 0x80, 0x00, 0x80, 0x80, 0x80, 0x80, 0x00, 0x80, 0x80, 0x10, 0x04, 0x80, 0x00, 0x80, 0x80, 0x80, 0x80, 0x00, 0x04BD8010, 0x00, 0, 1
572 setbit                                            0x01020007000EFF000568656C6C6F0005776F726C64, 0x04BD8010, 0x80, 0x00, 0x80, 0x80, 0x80, 0x80, 0x00, 0x80, 0x80, 0x10, 0x04, 0x80, 0x00, 0x80, 0x80, 0x80, 0x80, 0x00, 0x04BD8010, 0x80
573 cover 7                                           0x01020007000EFF000568656C6C6F0005776F726C64, 0x04BD8010, 0x80, 0x00, 0x80, 0x80, 0x80, 0x80, 0x00, 0x80, 0x80, 0x10, 0x04, 0x80, 0x80, 0x00, 0x80, 0x80, 0x80, 0x80, 0x00, 0x04BD8010
575 dup                                               0x01020007000EFF000568656C6C6F0005776F726C64, 0x04BD8010, 0x80, 0x00, 0x80, 0x80, 0x80, 0x80, 0x00, 0x80, 0x80, 0x10, 0x04, 0x80, 0x80, 0x00, 0x80, 0x80, 0x80, 0x80, 0x00, 0x04BD8010, 0x04BD8010
576 int 16                                            0x01020007000EFF000568656C6C6F0005776F726C64, 0x04BD8010, 0x80, 0x00, 0x80, 0x80, 0x80, 0x80, 0x00, 0x80, 0x80, 0x10, 0x04, 0x80, 0x80, 0x00, 0x80, 0x80, 0x80, 0x80, 0x00, 0x04BD8010, 0x04BD8010, 16
578 getbit                                            0x01020007000EFF000568656C6C6F0005776F726C64, 0x04BD8010, 0x80, 0x00, 0x80, 0x80, 0x80, 0x80, 0x00, 0x80, 0x80, 0x10, 0x04, 0x80, 0x80, 0x00, 0x80, 0x80, 0x80, 0x80, 0x00, 0x04BD8010, 1
579 byte 0x00                                         0x01020007000EFF000568656C6C6F0005776F726C64, 0x04BD8010, 0x80, 0x00, 0x80, 0x80, 0x80, 0x80, 0x00, 0x80, 0x80, 0x10, 0x04, 0x80, 0x80, 0x00, 0x80, 0x80, 0x80, 0x80, 0x00, 0x04BD8010, 1, 0x00
580 int 0                                             0x01020007000EFF000568656C6C6F0005776F726C64, 0x04BD8010, 0x80, 0x00, 0x80, 0x80, 0x80, 0x80, 0x00, 0x80, 0x80, 0x10, 0x04, 0x80, 0x80, 0x00, 0x80, 0x80, 0x80, 0x80, 0x00, 0x04BD8010, 1, 0x00, 0
581 uncover 2                                         0x01020007000EFF000568656C6C6F0005776F726C64, 0x04BD8010, 0x80, 0x00, 0x80, 0x80, 0x80, 0x80, 0x00, 0x80, 0x80, 0x10, 0x04, 0x80, 0x80, 0x00, 0x80, 0x80, 0x80, 0x80, 0x00, 0x04BD8010, 0x00, 0, 1
583 setbit                                            0x01020007000EFF000568656C6C6F0005776F726C64, 0x04BD8010, 0x80, 0x00, 0x80, 0x80, 0x80, 0x80, 0x00, 0x80, 0x80, 0x10, 0x04, 0x80, 0x80, 0x00, 0x80, 0x80, 0x80, 0x80, 0x00, 0x04BD8010, 0x80
584 cover 8                                           0x01020007000EFF000568656C6C6F0005776F726C64, 0x04BD8010, 0x80, 0x00, 0x80, 0x80, 0x80, 0x80, 0x00, 0x80, 0x80, 0x10, 0x04, 0x80, 0x80, 0x80, 0x00, 0x80, 0x80, 0x80, 0x80, 0x00, 0x04BD8010
586 dup                                               0x01020007000EFF000568656C6C6F0005776F726C64, 0x04BD8010, 0x80, 0x00, 0x80, 0x80, 0x80, 0x80, 0x00, 0x80, 0x80, 0x10, 0x04, 0x80, 0x80, 0x80, 0x00, 0x80, 0x80, 0x80, 0x80, 0x00, 0x04BD8010, 0x04BD8010
587 int 3                                             0x01020007000EFF000568656C6C6F0005776F726C64, 0x04BD8010, 0x80, 0x00, 0x80, 0x80, 0x80, 0x80, 0x00, 0x80, 0x80, 0x10, 0x04, 0x80, 0x80, 0x80, 0x00, 0x80, 0x80, 0x80, 0x80, 0x00, 0x04BD8010, 0x04BD8010, 3
589 int 1                                             0x01020007000EFF000568656C6C6F0005776F726C64, 0x04BD8010, 0x80, 0x00, 0x80, 0x80, 0x80, 0x80, 0x00, 0x80, 0x80, 0x10, 0x04, 0x80, 0x80, 0x80, 0x00, 0x80, 0x80, 0x80, 0x80, 0x00, 0x04BD8010, 0x04BD8010, 3, 1
590 extract3                                          0x01020007000EFF000568656C6C6F0005776F726C64, 0x04BD8010, 0x80, 0x00, 0x80, 0x80, 0x80, 0x80, 0x00, 0x80, 0x80, 0x10, 0x04, 0x80, 0x80, 0x80, 0x00, 0x80, 0x80, 0x80, 0x80, 0x00, 0x04BD8010, 0x10
591 cover 7                                           0x01020007000EFF000568656C6C6F0005776F726C64, 0x04BD8010, 0x80, 0x00, 0x80, 0x80, 0x80, 0x80, 0x00, 0x80, 0x80, 0x10, 0x04, 0x80, 0x80, 0x80, 0x10, 0x00, 0x80, 0x80, 0x80, 0x80, 0x00, 0x04BD8010
593 int 4                                             0x01020007000EFF000568656C6C6F0005776F726C64, 0x04BD8010, 0x80, 0x00, 0x80, 0x80, 0x80, 0x80, 0x00, 0x80, 0x80, 0x10, 0x04, 0x80, 0x80, 0x80, 0x10, 0x00, 0x80, 0x80, 0x80, 0x80, 0x00, 0x04BD8010, 4
594 pop                                               0x01020007000EFF000568656C6C6F0005776F726C64, 0x04BD8010, 0x80, 0x00, 0x80, 0x80, 0x80, 0x80, 0x00, 0x80, 0x80, 0x10, 0x04, 0x80, 0x80, 0x80, 0x10, 0x00, 0x80, 0x80, 0x80, 0x80, 0x00, 0x04BD8010
595 byte 0x                                           0x01020007000EFF000568656C6C6F0005776F726C64, 0x04BD8010, 0x80, 0x00, 0x80, 0x80, 0x80, 0x80, 0x00, 0x80, 0x80, 0x10, 0x04, 0x80, 0x80, 0x80, 0x10, 0x00, 0x80, 0x80, 0x80, 0x80, 0x00, 0x04BD8010, 0x
596 uncover 12                                        0x01020007000EFF000568656C6C6F0005776F726C64, 0x04BD8010, 0x80, 0x00, 0x80, 0x80, 0x80, 0x80, 0x00, 0x80, 0x80, 0x10, 0x80, 0x80, 0x80, 0x10, 0x00, 0x80, 0x80, 0x80, 0x80, 0x00, 0x04BD8010, 0x, 0x04
598 concat                                            0x01020007000EFF000568656C6C6F0005776F726C64, 0x04BD8010, 0x80, 0x00, 0x80, 0x80, 0x80, 0x80, 0x00, 0x80, 0x80, 0x10, 0x80, 0x80, 0x80, 0x10, 0x00, 0x80, 0x80, 0x80, 0x80, 0x00, 0x04BD8010, 0x04
599 uncover 11                                        0x01020007000EFF000568656C6C6F0005776F726C64, 0x04BD8010, 0x80, 0x00, 0x80, 0x80, 0x80, 0x80, 0x00, 0x80, 0x80, 0x10, 0x80, 0x80, 0x10, 0x00, 0x80, 0x80, 0x80, 0x80, 0x00, 0x04BD8010, 0x04, 0x80
601 concat                                            0x01020007000EFF000568656C6C6F0005776F726C64, 0x04BD8010, 0x80, 0x00, 0x80, 0x80, 0x80, 0x80, 0x00, 0x80, 0x80, 0x10, 0x80, 0x80, 0x10, 0x00, 0x80, 0x80, 0x80, 0x80, 0x00, 0x04BD8010, 0x0480
602 uncover 2                                         0x01020007000EFF000568656C6C6F0005776F726C64, 0x04BD8010, 0x80, 0x00, 0x80, 0x80, 0x80, 0x80, 0x00, 0x80, 0x80, 0x10, 0x80, 0x80, 0x10, 0x00, 0x80, 0x80, 0x80, 0x80, 0x04BD8010, 0x0480, 0x00
604 int 0                                             0x01020007000EFF000568656C6C6F0005776F726C64, 0x04BD8010, 0x80, 0x00, 0x80, 0x80, 0x80, 0x80, 0x00, 0x80, 0x80, 0x10, 0x80, 0x80, 0x10, 0x00, 0x80, 0x80, 0x80, 0x80, 0x04BD8010, 0x0480, 0x00, 0
605 getbit                                            0x01020007000EFF000568656C6C6F0005776F726C64, 0x04BD8010, 0x80, 0x00, 0x80, 0x80, 0x80, 0x80, 0x00, 0x80, 0x80, 0x10, 0x80, 0x80, 0x10, 0x00, 0x80, 0x80, 0x80, 0x80, 0x04BD8010, 0x0480, 0
606 swap                                              0x01020007000EFF000568656C6C6F0005776F726C64, 0x04BD8010, 0x80, 0x00, 0x80, 0x80, 0x80, 0x80, 0x00, 0x80, 0x80, 0x10, 0x80, 0x80, 0x10, 0x00, 0x80, 0x80, 0x80, 0x80, 0x04BD8010, 0, 0x0480
607 int 9                                             0x01020007000EFF000568656C6C6F0005776F726C64, 0x04BD8010, 0x80, 0x00, 0x80, 0x80, 0x80, 0x80, 0x00, 0x80, 0x80, 0x10, 0x80, 0x80, 0x10, 0x00, 0x80, 0x80, 0x80, 0x80, 0x04BD8010, 0, 0x0480, 9
608 uncover 2                                         0x01020007000EFF000568656C6C6F0005776F726C64, 0x04BD8010, 0x80, 0x00, 0x80, 0x80, 0x80, 0x80, 0x00, 0x80, 0x80, 0x10, 0x80, 0x80, 0x10, 0x00, 0x80, 0x80, 0x80, 0x80, 0x04BD8010, 0x0480, 9, 0
610 setbit                                            0x01020007000EFF000568656C6C6F0005776F726C64, 0x04BD8010, 0x80, 0x00, 0x80, 0x80, 0x80, 0x80, 0x00, 0x80, 0x80, 0x10, 0x80, 0x80, 0x10, 0x00, 0x80, 0x80, 0x80, 0x80, 0x04BD8010, 0x0480
611 uncover 2                                         0x01020007000EFF000568656C6C6F0005776F726C64, 0x04BD8010, 0x80, 0x00, 0x80, 0x80, 0x80, 0x80, 0x00, 0x80, 0x80, 0x10, 0x80, 0x80, 0x10, 0x00, 0x80, 0x80, 0x80, 0x04BD8010, 0x0480, 0x80
613 int 0                                             0x01020007000EFF000568656C6C6F0005776F726C64, 0x04BD8010, 0x80, 0x00, 0x80, 0x80, 0x80, 0x80, 0x00, 0x80, 0x80, 0x10, 0x80, 0x80, 0x10, 0x00, 0x80, 0x80, 0x80, 0x04BD8010, 0x0480, 0x80, 0
614 getbit                                            0x01020007000EFF000568656C6C6F0005776F726C64, 0x04BD8010, 0x80, 0x00, 0x80, 0x80, 0x80, 0x80, 0x00, 0x80, 0x80, 0x10, 0x80, 0x80, 0x10, 0x00, 0x80, 0x80, 0x80, 0x04BD8010, 0x0480, 1
615 swap                                              0x01020007000EFF000568656C6C6F0005776F726C64, 0x04BD8010, 0x80, 0x00, 0x80, 0x80, 0x80, 0x80, 0x00, 0x80, 0x80, 0x10, 0x80, 0x80, 0x10, 0x00, 0x80, 0x80, 0x80, 0x04BD8010, 1, 0x0480
616 int 10                                            0x01020007000EFF000568656C6C6F0005776F726C64, 0x04BD8010, 0x80, 0x00, 0x80, 0x80, 0x80, 0x80, 0x00, 0x80, 0x80, 0x10, 0x80, 0x80, 0x10, 0x00, 0x80, 0x80, 0x80, 0x04BD8010, 1, 0x0480, 10
618 uncover 2                                         0x01020007000EFF000568656C6C6F0005776F726C64, 0x04BD8010, 0x80, 0x00, 0x80, 0x80, 0x80, 0x80, 0x00, 0x80, 0x80, 0x10, 0x80, 0x80, 0x10, 0x00, 0x80, 0x80, 0x80, 0x04BD8010, 0x0480, 10, 1
620 setbit                                            0x01020007000EFF000568656C6C6F0005776F726C64, 0x04BD8010, 0x80, 0x00, 0x80, 0x80, 0x80, 0x80, 0x00, 0x80, 0x80, 0x10, 0x80, 0x80, 0x10, 0x00, 0x80, 0x80, 0x80, 0x04BD8010, 0x04A0
621 uncover 2                                         0x01020007000EFF000568656C6C6F0005776F726C64, 0x04BD8010, 0x80, 0x00, 0x80, 0x80, 0x80, 0x80, 0x00, 0x80, 0x80, 0x10, 0x80, 0x80, 0x10, 0x00, 0x80, 0x80, 0x04BD8010, 0x04A0, 0x80
623 int 0                                             0x01020007000EFF000568656C6C6F0005776F726C64, 0x04BD8010, 0x80, 0x00, 0x80, 0x80, 0x80, 0x80, 0x00, 0x80, 0x80, 0x10, 0x80, 0x80, 0x10, 0x00, 0x80, 0x80, 0x04BD8010, 0x04A0, 0x80, 0
624 getbit                                            0x01020007000EFF000568656C6C6F0005776F726C64, 0x04BD8010, 0x80, 0x00, 0x80, 0x80, 0x80, 0x80, 0x00, 0x80, 0x80, 0x10, 0x80, 0x80, 0x10, 0x00, 0x80, 0x80, 0x04BD8010, 0x04A0, 1
625 swap                                              0x01020007000EFF000568656C6C6F0005776F726C64, 0x04BD8010, 0x80, 0x00, 0x80, 0x80, 0x80, 0x80, 0x00, 0x80, 0x80, 0x10, 0x80, 0x80, 0x10, 0x00, 0x80, 0x80, 0x04BD8010, 1, 0x04A0
626 int 11                                            0x01020007000EFF000568656C6C6F0005776F726C64, 0x04BD8010, 0x80, 0x00, 0x80, 0x80, 0x80, 0x80, 0x00, 0x80, 0x80, 0x10, 0x80, 0x80, 0x10, 0x00, 0x80, 0x80, 0x04BD8010, 1, 0x04A0, 11
628 uncover 2                                         0x01020007000EFF000568656C6C6F0005776F726C64, 0x04BD8010, 0x80, 0x00, 0x80, 0x80, 0x80, 0x80, 0x00, 0x80, 0x80, 0x10, 0x80, 0x80, 0x10, 0x00, 0x80, 0x80, 0x04BD8010, 0x04A0, 11, 1
630 setbit                                            0x01020007000EFF000568656C6C6F0005776F726C64, 0x04BD8010, 0x80, 0x00, 0x80, 0x80, 0x80, 0x80, 0x00, 0x80, 0x80, 0x10, 0x80, 0x80, 0x10, 0x00, 0x80, 0x80, 0x04BD8010, 0x04B0
631 uncover 2                                         0x01020007000EFF000568656C6C6F0005776F726C64, 0x04BD8010, 0x80, 0x00, 0x80, 0x80, 0x80, 0x80, 0x00, 0x80, 0x80, 0x10, 0x80, 0x80, 0x10, 0x00, 0x80, 0x04BD8010, 0x04B0, 0x80
633 int 0                                             0x01020007000EFF000568656C6C6F0005776F726C64, 0x04BD8010, 0x80, 0x00, 0x80, 0x80, 0x80, 0x80, 0x00, 0x80, 0x80, 0x10, 0x80, 0x80, 0x10, 0x00, 0x80, 0x04BD8010, 0x04B0, 0x80, 0
634 getbit                                            0x01020007000EFF000568656C6C6F0005776F726C64, 0x04BD8010, 0x80, 0x00, 0x80, 0x80, 0x80, 0x80, 0x00, 0x80, 0x80, 0x10, 0x80, 0x80, 0x10, 0x00, 0x80, 0x04BD8010, 0x04B0, 1
635 swap                                              0x01020007000EFF000568656C6C6F0005776F726C64, 0x04BD8010, 0x80, 0x00, 0x80, 0x80, 0x80, 0x80, 0x00, 0x80, 0x80, 0x10, 0x80, 0x80, 0x10, 0x00, 0x80, 0x04BD8010, 1, 0x04B0
636 int 12                                            0x01020007000EFF000568656C6C6F0005776F726C64, 0x04BD8010, 0x80, 0x00, 0x80, 0x80, 0x80, 0x80, 0x00, 0x80, 0x80, 0x10, 0x80, 0x80, 0x10, 0x00, 0x80, 0x04BD8010, 1, 0x04B0, 12
638 uncover 2                                         0x01020007000EFF000568656C6C6F0005776F726C64, 0x04BD8010, 0x80, 0x00, 0x80, 0x80, 0x80, 0x80, 0x00, 0x80, 0x80, 0x10, 0x80, 0x80, 0x10, 0x00, 0x80, 0x04BD8010, 0x04B0, 12, 1
640 setbit                                            0x01020007000EFF000568656C6C6F0005776F726C64, 0x04BD8010, 0x80, 0x00, 0x80, 0x80, 0x80, 0x80, 0x00, 0x80, 0x80, 0x10, 0x80, 0x80, 0x10, 0x00, 0x80, 0x04BD8010, 0x04B8
641 uncover 2                                         0x01020007000EFF000568656C6C6F0005776F726C64, 0x04BD8010, 0x80, 0x00, 0x80, 0x80, 0x80, 0x80, 0x00, 0x80, 0x80, 0x10, 0x80, 0x80, 0x10, 0x00, 0x04BD8010, 0x04B8, 0x80
643 int 0                                             0x01020007000EFF000568656C6C6F0005776F726C64, 0x04BD8010, 0x80, 0x00, 0x80, 0x80, 0x80, 0x80, 0x00, 0x80, 0x80, 0x10, 0x80, 0x80, 0x10, 0x00, 0x04BD8010, 0x04B8, 0x80, 0
644 getbit                                            0x01020007000EFF000568656C6C6F0005776F726C64, 0x04BD8010, 0x80, 0x00, 0x80, 0x80, 0x80, 0x80, 0x00, 0x80, 0x80, 0x10, 0x80, 0x80, 0x10, 0x00, 0x04BD8010, 0x04B8, 1
645 swap                                              0x01020007000EFF000568656C6C6F0005776F726C64, 0x04BD8010, 0x80, 0x00, 0x80, 0x80, 0x80, 0x80, 0x00, 0x80, 0x80, 0x10, 0x80, 0x80, 0x10, 0x00, 0x04BD8010, 1, 0x04B8
646 int 13                                            0x01020007000EFF000568656C6C6F0005776F726C64, 0x04BD8010, 0x80, 0x00, 0x80, 0x80, 0x80, 0x80, 0x00, 0x80, 0x80, 0x10, 0x80, 0x80, 0x10, 0x00, 0x04BD8010, 1, 0x04B8, 13
648 uncover 2                                         0x01020007000EFF000568656C6C6F0005776F726C64, 0x04BD8010, 0x80, 0x00, 0x80, 0x80, 0x80, 0x80, 0x00, 0x80, 0x80, 0x10, 0x80, 0x80, 0x10, 0x00, 0x04BD8010, 0x04B8, 13, 1
650 setbit                                            0x01020007000EFF000568656C6C6F0005776F726C64, 0x04BD8010, 0x80, 0x00, 0x80, 0x80, 0x80, 0x80, 0x00, 0x80, 0x80, 0x10, 0x80, 0x80, 0x10, 0x00, 0x04BD8010, 0x04BC
651 uncover 2                                         0x01020007000EFF000568656C6C6F0005776F726C64, 0x04BD8010, 0x80, 0x00, 0x80, 0x80, 0x80, 0x80, 0x00, 0x80, 0x80, 0x10, 0x80, 0x80, 0x10, 0x04BD8010, 0x04BC, 0x00
653 int 0                                             0x01020007000EFF000568656C6C6F0005776F726C64, 0x04BD8010, 0x80, 0x00, 0x80, 0x80, 0x80, 0x80, 0x00, 0x80, 0x80, 0x10, 0x80, 0x80, 0x10, 0x04BD8010, 0x04BC, 0x00, 0
654 getbit                                            0x01020007000EFF000568656C6C6F0005776F726C64, 0x04BD8010, 0x80, 0x00, 0x80, 0x80, 0x80, 0x80, 0x00, 0x80, 0x80, 0x10, 0x80, 0x80, 0x10, 0x04BD8010, 0x04BC, 0
655 swap                                              0x01020007000EFF000568656C6C6F0005776F726C64, 0x04BD8010, 0x80, 0x00, 0x80, 0x80, 0x80, 0x80, 0x00, 0x80, 0x80, 0x10, 0x80, 0x80, 0x10, 0x04BD8010, 0, 0x04BC
656 int 14                                            0x01020007000EFF000568656C6C6F0005776F726C64, 0x04BD8010, 0x80, 0x00, 0x80, 0x80, 0x80, 0x80, 0x00, 0x80, 0x80, 0x10, 0x80, 0x80, 0x10, 0x04BD8010, 0, 0x04BC, 14
658 uncover 2                                         0x01020007000EFF000568656C6C6F0005776F726C64, 0x04BD8010, 0x80, 0x00, 0x80, 0x80, 0x80, 0x80, 0x00, 0x80, 0x80, 0x10, 0x80, 0x80, 0x10, 0x04BD8010, 0x04BC, 14, 0
660 setbit                                            0x01020007000EFF000568656C6C6F0005776F726C64, 0x04BD8010, 0x80, 0x00, 0x80, 0x80, 0x80, 0x80, 0x00, 0x80, 0x80, 0x10, 0x80, 0x80, 0x10, 0x04BD8010, 0x04BC
661 uncover 3                                         0x01020007000EFF000568656C6C6F0005776F726C64, 0x04BD8010, 0x80, 0x00, 0x80, 0x80, 0x80, 0x80, 0x00, 0x80, 0x80, 0x10, 0x80, 0x10, 0x04BD8010, 0x04BC, 0x80
663 int 0                                             0x01020007000EFF000568656C6C6F0005776F726C64, 0x04BD8010, 0x80, 0x00, 0x80, 0x80, 0x80, 0x80, 0x00, 0x80, 0x80, 0x10, 0x80, 0x10, 0x04BD8010, 0x04BC, 0x80, 0
664 getbit                                            0x01020007000EFF000568656C6C6F0005776F726C64, 0x04BD8010, 0x80, 0x00, 0x80, 0x80, 0x80, 0x80, 0x00, 0x80, 0x80, 0x10, 0x80, 0x10, 0x04BD8010, 0x04BC, 1
665 swap                                              0x01020007000EFF000568656C6C6F0005776F726C64, 0x04BD8010, 0x80, 0x00, 0x80, 0x80, 0x80, 0x80, 0x00, 0x80, 0x80, 0x10, 0x80, 0x10, 0x04BD8010, 1, 0x04BC
666 int 15                                            0x01020007000EFF000568656C6C6F0005776F726C64, 0x04BD8010, 0x80, 0x00, 0x80, 0x80, 0x80, 0x80, 0x00, 0x80, 0x80, 0x10, 0x80, 0x10, 0x04BD8010, 1, 0x04BC, 15
668 uncover 2                                         0x01020007000EFF000568656C6C6F0005776F726C64, 0x04BD8010, 0x80, 0x00, 0x80, 0x80, 0x80, 0x80, 0x00, 0x80, 0x80, 0x10, 0x80, 0x10, 0x04BD8010, 0x04BC, 15, 1
670 setbit                                            0x01020007000EFF000568656C6C6F0005776F726C64, 0x04BD8010, 0x80, 0x00, 0x80, 0x80, 0x80, 0x80, 0x00, 0x80, 0x80, 0x10, 0x80, 0x10, 0x04BD8010, 0x04BD
671 uncover 3                                         0x01020007000EFF000568656C6C6F0005776F726C64, 0x04BD8010, 0x80, 0x00, 0x80, 0x80, 0x80, 0x80, 0x00, 0x80, 0x80, 0x10, 0x10, 0x04BD8010, 0x04BD, 0x80
673 concat                                            0x01020007000EFF000568656C6C6F0005776F726C64, 0x04BD8010, 0x80, 0x00, 0x80, 0x80, 0x80, 0x80, 0x00, 0x80, 0x80, 0x10, 0x10, 0x04BD8010, 0x04BD80
674 uncover 2                                         0x01020007000EFF000568656C6C6F0005776F726C64, 0x04BD8010, 0x80, 0x00, 0x80, 0x80, 0x80, 0x80, 0x00, 0x80, 0x80, 0x10, 0x04BD8010, 0x04BD80, 0x10
676 concat                                            0x01020007000EFF000568656C6C6F0005776F726C64, 0x04BD8010, 0x80, 0x00, 0x80, 0x80, 0x80, 0x80, 0x00, 0x80, 0x80, 0x10, 0x04BD8010, 0x04BD8010
677 ==                                                0x01020007000EFF000568656C6C6F0005776F726C64, 0x04BD8010, 0x80, 0x00, 0x80, 0x80, 0x80, 0x80, 0x00, 0x80, 0x80, 0x10, 1
678 assert                                            0x01020007000EFF000568656C6C6F0005776F726C64, 0x04BD8010, 0x80, 0x00, 0x80, 0x80, 0x80, 0x80, 0x00, 0x80, 0x80, 0x10
679 dig 11                                            0x01020007000EFF000568656C6C6F0005776F726C64, 0x04BD8010, 0x80, 0x00, 0x80, 0x80, 0x80, 0x80, 0x00, 0x80, 0x80, 0x10, 0x01020007000EFF000568656C6C6F0005776F726C64
681 callsub test_stuff                                0x01020007000EFF000568656C6C6F0005776F726C64, 0x04BD8010, 0x80, 0x00, 0x80, 0x80, 0x80, 0x80, 0x00, 0x80, 0x80, 0x10, 0x01020007000EFF000568656C6C6F0005776F726C64
711 proto 1 2                                         0x01020007000EFF000568656C6C6F0005776F726C64, 0x04BD8010, 0x80, 0x00, 0x80, 0x80, 0x80, 0x80, 0x00, 0x80, 0x80, 0x10, 0x01020007000EFF000568656C6C6F0005776F726C64
714 frame_dig -1                                      0x01020007000EFF000568656C6C6F0005776F726C64, 0x04BD8010, 0x80, 0x00, 0x80, 0x80, 0x80, 0x80, 0x00, 0x80, 0x80, 0x10, 0x01020007000EFF000568656C6C6F0005776F726C64, 0x01020007000EFF000568656C6C6F0005776F726C64
716 int 0                                             0x01020007000EFF000568656C6C6F0005776F726C64, 0x04BD8010, 0x80, 0x00, 0x80, 0x80, 0x80, 0x80, 0x00, 0x80, 0x80, 0x10, 0x01020007000EFF000568656C6C6F0005776F726C64, 0x01020007000EFF000568656C6C6F0005776F726C64, 0
717 int 1                                             0x01020007000EFF000568656C6C6F0005776F726C64, 0x04BD8010, 0x80, 0x00, 0x80, 0x80, 0x80, 0x80, 0x00, 0x80, 0x80, 0x10, 0x01020007000EFF000568656C6C6F0005776F726C64, 0x01020007000EFF000568656C6C6F0005776F726C64, 0, 1
718 extract3                                          0x01020007000EFF000568656C6C6F0005776F726C64, 0x04BD8010, 0x80, 0x00, 0x80, 0x80, 0x80, 0x80, 0x00, 0x80, 0x80, 0x10, 0x01020007000EFF000568656C6C6F0005776F726C64, 0x01
719 frame_dig -1                                      0x01020007000EFF000568656C6C6F0005776F726C64, 0x04BD8010, 0x80, 0x00, 0x80, 0x80, 0x80, 0x80, 0x00, 0x80, 0x80, 0x10, 0x01020007000EFF000568656C6C6F0005776F726C64, 0x01, 0x01020007000EFF000568656C6C6F0005776F726C64
721 int 1                                             0x01020007000EFF000568656C6C6F0005776F726C64, 0x04BD8010, 0x80, 0x00, 0x80, 0x80, 0x80, 0x80, 0x00, 0x80, 0x80, 0x10, 0x01020007000EFF000568656C6C6F0005776F726C64, 0x01, 0x01020007000EFF000568656C6C6F0005776F726C64, 1
722 int 1                                             0x01020007000EFF000568656C6C6F0005776F726C64, 0x04BD8010, 0x80, 0x00, 0x80, 0x80, 0x80, 0x80, 0x00, 0x80, 0x80, 0x10, 0x01020007000EFF000568656C6C6F0005776F726C64, 0x01, 0x01020007000EFF000568656C6C6F0005776F726C64, 1, 1
723 extract3                                          0x01020007000EFF000568656C6C6F0005776F726C64, 0x04BD8010, 0x80, 0x00, 0x80, 0x80, 0x80, 0x80, 0x00, 0x80, 0x80, 0x10, 0x01020007000EFF000568656C6C6F0005776F726C64, 0x01, 0x02
724 frame_dig -1                                      0x01020007000EFF000568656C6C6F0005776F726C64, 0x04BD8010, 0x80, 0x00, 0x80, 0x80, 0x80, 0x80, 0x00, 0x80, 0x80, 0x10, 0x01020007000EFF000568656C6C6F0005776F726C64, 0x01, 0x02, 0x01020007000EFF000568656C6C6F0005776F726C64
726 int 2                                             0x01020007000EFF000568656C6C6F0005776F726C64, 0x04BD8010, 0x80, 0x00, 0x80, 0x80, 0x80, 0x80, 0x00, 0x80, 0x80, 0x10, 0x01020007000EFF000568656C6C6F0005776F726C64, 0x01, 0x02, 0x01020007000EFF000568656C6C6F0005776F726C64, 2
728 extract_uint16                                    0x01020007000EFF000568656C6C6F0005776F726C64, 0x04BD8010, 0x80, 0x00, 0x80, 0x80, 0x80, 0x80, 0x00, 0x80, 0x80, 0x10, 0x01020007000EFF000568656C6C6F0005776F726C64, 0x01, 0x02, 7
729 frame_dig -1                                      0x01020007000EFF000568656C6C6F0005776F726C64, 0x04BD8010, 0x80, 0x00, 0x80, 0x80, 0x80, 0x80, 0x00, 0x80, 0x80, 0x10, 0x01020007000EFF000568656C6C6F0005776F726C64, 0x01, 0x02, 7, 0x01020007000EFF000568656C6C6F0005776F726C64
731 dig 1                                             0x01020007000EFF000568656C6C6F0005776F726C64, 0x04BD8010, 0x80, 0x00, 0x80, 0x80, 0x80, 0x80, 0x00, 0x80, 0x80, 0x10, 0x01020007000EFF000568656C6C6F0005776F726C64, 0x01, 0x02, 7, 0x01020007000EFF000568656C6C6F0005776F726C64, 7
733 extract_uint16                                    0x01020007000EFF000568656C6C6F0005776F726C64, 0x04BD8010, 0x80, 0x00, 0x80, 0x80, 0x80, 0x80, 0x00, 0x80, 0x80, 0x10, 0x01020007000EFF000568656C6C6F0005776F726C64, 0x01, 0x02, 7, 5
734 int 2                                             0x01020007000EFF000568656C6C6F0005776F726C64, 0x04BD8010, 0x80, 0x00, 0x80, 0x80, 0x80, 0x80, 0x00, 0x80, 0x80, 0x10, 0x01020007000EFF000568656C6C6F0005776F726C64, 0x01, 0x02, 7, 5, 2
736 +                                                 0x01020007000EFF000568656C6C6F0005776F726C64, 0x04BD8010, 0x80, 0x00, 0x80, 0x80, 0x80, 0x80, 0x00, 0x80, 0x80, 0x10, 0x01020007000EFF000568656C6C6F0005776F726C64, 0x01, 0x02, 7, 7
737 frame_dig -1                                      0x01020007000EFF000568656C6C6F0005776F726C64, 0x04BD8010, 0x80, 0x00, 0x80, 0x80, 0x80, 0x80, 0x00, 0x80, 0x80, 0x10, 0x01020007000EFF000568656C6C6F0005776F726C64, 0x01, 0x02, 7, 7, 0x01020007000EFF000568656C6C6F0005776F726C64
739 uncover 2                                         0x01020007000EFF000568656C6C6F0005776F726C64, 0x04BD8010, 0x80, 0x00, 0x80, 0x80, 0x80, 0x80, 0x00, 0x80, 0x80, 0x10, 0x01020007000EFF000568656C6C6F0005776F726C64, 0x01, 0x02, 7, 0x01020007000EFF000568656C6C6F0005776F726C64, 7
741 uncover 2                                         0x01020007000EFF000568656C6C6F0005776F726C64, 0x04BD8010, 0x80, 0x00, 0x80, 0x80, 0x80, 0x80, 0x00, 0x80, 0x80, 0x10, 0x01020007000EFF000568656C6C6F0005776F726C64, 0x01, 0x02, 0x01020007000EFF000568656C6C6F0005776F726C64, 7, 7
743 extract3                                          0x01020007000EFF000568656C6C6F0005776F726C64, 0x04BD8010, 0x80, 0x00, 0x80, 0x80, 0x80, 0x80, 0x00, 0x80, 0x80, 0x10, 0x01020007000EFF000568656C6C6F0005776F726C64, 0x01, 0x02, 0x000568656C6C6F
744 frame_dig -1                                      0x01020007000EFF000568656C6C6F0005776F726C64, 0x04BD8010, 0x80, 0x00, 0x80, 0x80, 0x80, 0x80, 0x00, 0x80, 0x80, 0x10, 0x01020007000EFF000568656C6C6F0005776F726C64, 0x01, 0x02, 0x000568656C6C6F, 0x01020007000EFF000568656C6C6F0005776F726C64
746 int 4                                             0x01020007000EFF000568656C6C6F0005776F726C64, 0x04BD8010, 0x80, 0x00, 0x80, 0x80, 0x80, 0x80, 0x00, 0x80, 0x80, 0x10, 0x01020007000EFF000568656C6C6F0005776F726C64, 0x01, 0x02, 0x000568656C6C6F, 0x01020007000EFF000568656C6C6F0005776F726C64, 4
747 extract_uint16                                    0x01020007000EFF000568656C6C6F0005776F726C64, 0x04BD8010, 0x80, 0x00, 0x80, 0x80, 0x80, 0x80, 0x00, 0x80, 0x80, 0x10, 0x01020007000EFF000568656C6C6F0005776F726C64, 0x01, 0x02, 0x000568656C6C6F, 14
748 frame_dig -1                                      0x01020007000EFF000568656C6C6F0005776F726C64, 0x04BD8010, 0x80, 0x00, 0x80, 0x80, 0x80, 0x80, 0x00, 0x80, 0x80, 0x10, 0x01020007000EFF000568656C6C6F0005776F726C64, 0x01, 0x02, 0x000568656C6C6F, 14, 0x01020007000EFF000568656C6C6F0005776F726C64
750 dig 1                                             0x01020007000EFF000568656C6C6F0005776F726C64, 0x04BD8010, 0x80, 0x00, 0x80, 0x80, 0x80, 0x80, 0x00, 0x80, 0x80, 0x10, 0x01020007000EFF000568656C6C6F0005776F726C64, 0x01, 0x02, 0x000568656C6C6F, 14, 0x01020007000EFF000568656C6C6F0005776F726C64, 14
752 extract_uint16                                    0x01020007000EFF000568656C6C6F0005776F726C64, 0x04BD8010, 0x80, 0x00, 0x80, 0x80, 0x80, 0x80, 0x00, 0x80, 0x80, 0x10, 0x01020007000EFF000568656C6C6F0005776F726C64, 0x01, 0x02, 0x000568656C6C6F, 14, 5
753 int 2                                             0x01020007000EFF000568656C6C6F0005776F726C64, 0x04BD8010, 0x80, 0x00, 0x80, 0x80, 0x80, 0x80, 0x00, 0x80, 0x80, 0x10, 0x01020007000EFF000568656C6C6F0005776F726C64, 0x01, 0x02, 0x000568656C6C6F, 14, 5, 2
755 +                                                 0x01020007000EFF000568656C6C6F0005776F726C64, 0x04BD8010, 0x80, 0x00, 0x80, 0x80, 0x80, 0x80, 0x00, 0x80, 0x80, 0x10, 0x01020007000EFF000568656C6C6F0005776F726C64, 0x01, 0x02, 0x000568656C6C6F, 14, 7
756 frame_dig -1                                      0x01020007000EFF000568656C6C6F0005776F726C64, 0x04BD8010, 0x80, 0x00, 0x80, 0x80, 0x80, 0x80, 0x00, 0x80, 0x80, 0x10, 0x01020007000EFF000568656C6C6F0005776F726C64, 0x01, 0x02, 0x000568656C6C6F, 14, 7, 0x01020007000EFF000568656C6C6F0005776F726C64
758 uncover 2                                         0x01020007000EFF000568656C6C6F0005776F726C64, 0x04BD8010, 0x80, 0x00, 0x80, 0x80, 0x80, 0x80, 0x00, 0x80, 0x80, 0x10, 0x01020007000EFF000568656C6C6F0005776F726C64, 0x01, 0x02, 0x000568656C6C6F, 7, 0x01020007000EFF000568656C6C6F0005776F726C64, 14
760 uncover 2                                         0x01020007000EFF000568656C6C6F0005776F726C64, 0x04BD8010, 0x80, 0x00, 0x80, 0x80, 0x80, 0x80, 0x00, 0x80, 0x80, 0x10, 0x01020007000EFF000568656C6C6F0005776F726C64, 0x01, 0x02, 0x000568656C6C6F, 0x01020007000EFF000568656C6C6F0005776F726C64, 14, 7
762 extract3                                          0x01020007000EFF000568656C6C6F0005776F726C64, 0x04BD8010, 0x80, 0x00, 0x80, 0x80, 0x80, 0x80, 0x00, 0x80, 0x80, 0x10, 0x01020007000EFF000568656C6C6F0005776F726C64, 0x01, 0x02, 0x000568656C6C6F, 0x0005776F726C64
763 frame_dig -1                                      0x01020007000EFF000568656C6C6F0005776F726C64, 0x04BD8010, 0x80, 0x00, 0x80, 0x80, 0x80, 0x80, 0x00, 0x80, 0x80, 0x10, 0x01020007000EFF000568656C6C6F0005776F726C64, 0x01, 0x02, 0x000568656C6C6F, 0x0005776F726C64, 0x01020007000EFF000568656C6C6F0005776F726C64
765 int 6                                             0x01020007000EFF000568656C6C6F0005776F726C64, 0x04BD8010, 0x80, 0x00, 0x80, 0x80, 0x80, 0x80, 0x00, 0x80, 0x80, 0x10, 0x01020007000EFF000568656C6C6F0005776F726C64, 0x01, 0x02, 0x000568656C6C6F, 0x0005776F726C64, 0x01020007000EFF000568656C6C6F0005776F726C64, 6
767 int 1                                             0x01020007000EFF000568656C6C6F0005776F726C64, 0x04BD8010, 0x80, 0x00, 0x80, 0x80, 0x80, 0x80, 0x00, 0x80, 0x80, 0x10, 0x01020007000EFF000568656C6C6F0005776F726C64, 0x01, 0x02, 0x000568656C6C6F, 0x0005776F726C64, 0x01020007000EFF000568656C6C6F0005776F726C64, 6, 1
768 extract3                                          0x01020007000EFF000568656C6C6F0005776F726C64, 0x04BD8010, 0x80, 0x00, 0x80, 0x80, 0x80, 0x80, 0x00, 0x80, 0x80, 0x10, 0x01020007000EFF000568656C6C6F0005776F726C64, 0x01, 0x02, 0x000568656C6C6F, 0x0005776F726C64, 0xFF
769 uncover 4                                         0x01020007000EFF000568656C6C6F0005776F726C64, 0x04BD8010, 0x80, 0x00, 0x80, 0x80, 0x80, 0x80, 0x00, 0x80, 0x80, 0x10, 0x01020007000EFF000568656C6C6F0005776F726C64, 0x02, 0x000568656C6C6F, 0x0005776F726C64, 0xFF, 0x01
771 swap                                              0x01020007000EFF000568656C6C6F0005776F726C64, 0x04BD8010, 0x80, 0x00, 0x80, 0x80, 0x80, 0x80, 0x00, 0x80, 0x80, 0x10, 0x01020007000EFF000568656C6C6F0005776F726C64, 0x02, 0x000568656C6C6F, 0x0005776F726C64, 0x01, 0xFF
772 uncover 4                                         0x01020007000EFF000568656C6C6F0005776F726C64, 0x04BD8010, 0x80, 0x00, 0x80, 0x80, 0x80, 0x80, 0x00, 0x80, 0x80, 0x10, 0x01020007000EFF000568656C6C6F0005776F726C64, 0x000568656C6C6F, 0x0005776F726C64, 0x01, 0xFF, 0x02
774 cover 2                                           0x01020007000EFF000568656C6C6F0005776F726C64, 0x04BD8010, 0x80, 0x00, 0x80, 0x80, 0x80, 0x80, 0x00, 0x80, 0x80, 0x10, 0x01020007000EFF000568656C6C6F0005776F726C64, 0x000568656C6C6F, 0x0005776F726C64, 0x02, 0x01, 0xFF
776 uncover 3                                         0x01020007000EFF000568656C6C6F0005776F726C64, 0x04BD8010, 0x80, 0x00, 0x80, 0x80, 0x80, 0x80, 0x00, 0x80, 0x80, 0x10, 0x01020007000EFF000568656C6C6F0005776F726C64, 0x000568656C6C6F, 0x02, 0x01, 0xFF, 0x0005776F726C64
778 cover 4                                           0x01020007000EFF000568656C6C6F0005776F726C64, 0x04BD8010, 0x80, 0x00, 0x80, 0x80, 0x80, 0x80, 0x00, 0x80, 0x80, 0x10, 0x01020007000EFF000568656C6C6F0005776F726C64, 0x0005776F726C64, 0x000568656C6C6F, 0x02, 0x01, 0xFF
780 cover 2                                           0x01020007000EFF000568656C6C6F0005776F726C64, 0x04BD8010, 0x80, 0x00, 0x80, 0x80, 0x80, 0x80, 0x00, 0x80, 0x80, 0x10, 0x01020007000EFF000568656C6C6F0005776F726C64, 0x0005776F726C64, 0x000568656C6C6F, 0xFF, 0x02, 0x01
782 btoi                                              0x01020007000EFF000568656C6C6F0005776F726C64, 0x04BD8010, 0x80, 0x00, 0x80, 0x80, 0x80, 0x80, 0x00, 0x80, 0x80, 0x10, 0x01020007000EFF000568656C6C6F0005776F726C64, 0x0005776F726C64, 0x000568656C6C6F, 0xFF, 0x02, 1
783 swap                                              0x01020007000EFF000568656C6C6F0005776F726C64, 0x04BD8010, 0x80, 0x00, 0x80, 0x80, 0x80, 0x80, 0x00, 0x80, 0x80, 0x10, 0x01020007000EFF000568656C6C6F0005776F726C64, 0x0005776F726C64, 0x000568656C6C6F, 0xFF, 1, 0x02
784 btoi                                              0x01020007000EFF000568656C6C6F0005776F726C64, 0x04BD8010, 0x80, 0x00, 0x80, 0x80, 0x80, 0x80, 0x00, 0x80, 0x80, 0x10, 0x01020007000EFF000568656C6C6F0005776F726C64, 0x0005776F726C64, 0x000568656C6C6F, 0xFF, 1, 2
785 +                                                 0x01020007000EFF000568656C6C6F0005776F726C64, 0x04BD8010, 0x80, 0x00, 0x80, 0x80, 0x80, 0x80, 0x00, 0x80, 0x80, 0x10, 0x01020007000EFF000568656C6C6F0005776F726C64, 0x0005776F726C64, 0x000568656C6C6F, 0xFF, 3
786 swap                                              0x01020007000EFF000568656C6C6F0005776F726C64, 0x04BD8010, 0x80, 0x00, 0x80, 0x80, 0x80, 0x80, 0x00, 0x80, 0x80, 0x10, 0x01020007000EFF000568656C6C6F0005776F726C64, 0x0005776F726C64, 0x000568656C6C6F, 3, 0xFF
787 btoi                                              0x01020007000EFF000568656C6C6F0005776F726C64, 0x04BD8010, 0x80, 0x00, 0x80, 0x80, 0x80, 0x80, 0x00, 0x80, 0x80, 0x10, 0x01020007000EFF000568656C6C6F0005776F726C64, 0x0005776F726C64, 0x000568656C6C6F, 3, 255
788 +                                                 0x01020007000EFF000568656C6C6F0005776F726C64, 0x04BD8010, 0x80, 0x00, 0x80, 0x80, 0x80, 0x80, 0x00, 0x80, 0x80, 0x10, 0x01020007000EFF000568656C6C6F0005776F726C64, 0x0005776F726C64, 0x000568656C6C6F, 258
789 cover 2                                           0x01020007000EFF000568656C6C6F0005776F726C64, 0x04BD8010, 0x80, 0x00, 0x80, 0x80, 0x80, 0x80, 0x00, 0x80, 0x80, 0x10, 0x01020007000EFF000568656C6C6F0005776F726C64, 258, 0x0005776F726C64, 0x000568656C6C6F
791 extract 2 0                                       0x01020007000EFF000568656C6C6F0005776F726C64, 0x04BD8010, 0x80, 0x00, 0x80, 0x80, 0x80, 0x80, 0x00, 0x80, 0x80, 0x10, 0x01020007000EFF000568656C6C6F0005776F726C64, 258, 0x0005776F726C64, "hello"
794 byte " "                                          0x01020007000EFF000568656C6C6F0005776F726C64, 0x04BD8010, 0x80, 0x00, 0x80, 0x80, 0x80, 0x80, 0x00, 0x80, 0x80, 0x10, 0x01020007000EFF000568656C6C6F0005776F726C64, 258, 0x0005776F726C64, "hello", " "
797 concat                                            0x01020007000EFF000568656C6C6F0005776F726C64, 0x04BD8010, 0x80, 0x00, 0x80, 0x80, 0x80, 0x80, 0x00, 0x80, 0x80, 0x10, 0x01020007000EFF000568656C6C6F0005776F726C64, 258, 0x0005776F726C64, "hello "
798 swap                                              0x01020007000EFF000568656C6C6F0005776F726C64, 0x04BD8010, 0x80, 0x00, 0x80, 0x80, 0x80, 0x80, 0x00, 0x80, 0x80, 0x10, 0x01020007000EFF000568656C6C6F0005776F726C64, 258, "hello ", 0x0005776F726C64
799 extract 2 0                                       0x01020007000EFF000568656C6C6F0005776F726C64, 0x04BD8010, 0x80, 0x00, 0x80, 0x80, 0x80, 0x80, 0x00, 0x80, 0x80, 0x10, 0x01020007000EFF000568656C6C6F0005776F726C64, 258, "hello ", "world"
802 concat                                            0x01020007000EFF000568656C6C6F0005776F726C64, 0x04BD8010, 0x80, 0x00, 0x80, 0x80, 0x80, 0x80, 0x00, 0x80, 0x80, 0x10, 0x01020007000EFF000568656C6C6F0005776F726C64, 258, "hello world"
803 dup                                               0x01020007000EFF000568656C6C6F0005776F726C64, 0x04BD8010, 0x80, 0x00, 0x80, 0x80, 0x80, 0x80, 0x00, 0x80, 0x80, 0x10, 0x01020007000EFF000568656C6C6F0005776F726C64, 258, "hello world", "hello world"
804 len                                               0x01020007000EFF000568656C6C6F0005776F726C64, 0x04BD8010, 0x80, 0x00, 0x80, 0x80, 0x80, 0x80, 0x00, 0x80, 0x80, 0x10, 0x01020007000EFF000568656C6C6F0005776F726C64, 258, "hello world", 11
805 itob                                              0x01020007000EFF000568656C6C6F0005776F726C64, 0x04BD8010, 0x80, 0x00, 0x80, 0x80, 0x80, 0x80, 0x00, 0x80, 0x80, 0x10, 0x01020007000EFF000568656C6C6F0005776F726C64, 258, "hello world", 0x000000000000000B
806 extract 6 2                                       0x01020007000EFF000568656C6C6F0005776F726C64, 0x04BD8010, 0x80, 0x00, 0x80, 0x80, 0x80, 0x80, 0x00, 0x80, 0x80, 0x10, 0x01020007000EFF000568656C6C6F0005776F726C64, 258, "hello world", 0x000B
809 swap                                              0x01020007000EFF000568656C6C6F0005776F726C64, 0x04BD8010, 0x80, 0x00, 0x80, 0x80, 0x80, 0x80, 0x00, 0x80, 0x80, 0x10, 0x01020007000EFF000568656C6C6F0005776F726C64, 258, 0x000B, "hello world"
810 concat                                            0x01020007000EFF000568656C6C6F0005776F726C64, 0x04BD8010, 0x80, 0x00, 0x80, 0x80, 0x80, 0x80, 0x00, 0x80, 0x80, 0x10, 0x01020007000EFF000568656C6C6F0005776F726C64, 258, 0x000B68656C6C6F20776F726C64
811 retsub                                            0x01020007000EFF000568656C6C6F0005776F726C64, 0x04BD8010, 0x80, 0x00, 0x80, 0x80, 0x80, 0x80, 0x00, 0x80, 0x80, 0x10, 258, 0x000B68656C6C6F20776F726C64
684 swap                                              0x01020007000EFF000568656C6C6F0005776F726C64, 0x04BD8010, 0x80, 0x00, 0x80, 0x80, 0x80, 0x80, 0x00, 0x80, 0x80, 0x10, 0x000B68656C6C6F20776F726C64, 258
685 swap                                              0x01020007000EFF000568656C6C6F0005776F726C64, 0x04BD8010, 0x80, 0x00, 0x80, 0x80, 0x80, 0x80, 0x00, 0x80, 0x80, 0x10, 258, 0x000B68656C6C6F20776F726C64
686 extract 2 0                                       0x01020007000EFF000568656C6C6F0005776F726C64, 0x04BD8010, 0x80, 0x00, 0x80, 0x80, 0x80, 0x80, 0x00, 0x80, 0x80, 0x10, 258, "hello world"
689 byte "hello world"                                0x01020007000EFF000568656C6C6F0005776F726C64, 0x04BD8010, 0x80, 0x00, 0x80, 0x80, 0x80, 0x80, 0x00, 0x80, 0x80, 0x10, 258, "hello world", "hello world"
702 ==                                                0x01020007000EFF000568656C6C6F0005776F726C64, 0x04BD8010, 0x80, 0x00, 0x80, 0x80, 0x80, 0x80, 0x00, 0x80, 0x80, 0x10, 258, 1
703 assert                                            0x01020007000EFF000568656C6C6F0005776F726C64, 0x04BD8010, 0x80, 0x00, 0x80, 0x80, 0x80, 0x80, 0x00, 0x80, 0x80, 0x10, 258
704 int 258                                           0x01020007000EFF000568656C6C6F0005776F726C64, 0x04BD8010, 0x80, 0x00, 0x80, 0x80, 0x80, 0x80, 0x00, 0x80, 0x80, 0x10, 258, 258
707 ==                                                0x01020007000EFF000568656C6C6F0005776F726C64, 0x04BD8010, 0x80, 0x00, 0x80, 0x80, 0x80, 0x80, 0x00, 0x80, 0x80, 0x10, 1
708 assert                                            0x01020007000EFF000568656C6C6F0005776F726C64, 0x04BD8010, 0x80, 0x00, 0x80, 0x80, 0x80, 0x80, 0x00, 0x80, 0x80, 0x10
709 int 1                                             0x01020007000EFF000568656C6C6F0005776F726C64, 0x04BD8010, 0x80, 0x00, 0x80, 0x80, 0x80, 0x80, 0x00, 0x80, 0x80, 0x10, 1
710 return                                            1