debug: PuyaOptions(paths=['struct_in_box'], output_teal=True, output_arc32=True, output_client=True, output_awst=True, output_ssa_ir=True, output_optimization_ir=True, output_destructured_ir=True, output_memory_ir=True, debug_level=1, optimization_level=1, log_level=<LogLevel.debug: 10>, target_avm_version=10, locals_coalescing_strategy=<LocalsCoalescingStrategy.root_operand: 'root_operand'>)
info: Found python prefix: <git root>/.venv
struct_in_box/contract.py:21:9 warning: expression result is ignored
debug: Sealing block@0: // L11
debug: Terminated block@0: // L11
debug: Looking for 'required_budget_with_buffer' in an unsealed block creating an incomplete Phi: block@1: // while_top_L19
debug: Created Phi assignment: let required_budget_with_buffer#1: uint64 = undefined while trying to resolve 'required_budget_with_buffer' in block@1: // while_top_L19
debug: Terminated block@1: // while_top_L19
debug: Sealing block@None: // while_body_L19
debug: Looking for 'fee_source' in an unsealed block creating an incomplete Phi: block@1: // while_top_L19
debug: Created Phi assignment: let fee_source#1: uint64 = undefined while trying to resolve 'fee_source' in block@1: // while_top_L19
debug: Terminated block@2: // while_body_L19
debug: Sealing block@None: // switch_case_default_L25
debug: Sealing block@None: // switch_case_0_L27
debug: Sealing block@None: // switch_case_1_L29
debug: Terminated block@3: // switch_case_0_L27
debug: Terminated block@4: // switch_case_1_L29
debug: Terminated block@5: // switch_case_default_L25
debug: Sealing block@6: // switch_case_next_L25
debug: Terminated block@6: // switch_case_next_L25
debug: Sealing block@1: // while_top_L19
debug: Added required_budget_with_buffer#0 to Phi node: let required_budget_with_buffer#1: uint64 = φ(required_budget_with_buffer#0 <- block@0) in block@0: // L11
debug: Created Phi assignment: let required_budget_with_buffer#2: uint64 = undefined while trying to resolve 'required_budget_with_buffer' in block@6: // switch_case_next_L25
debug: Added required_budget_with_buffer#1 to Phi node: let required_budget_with_buffer#2: uint64 = φ(required_budget_with_buffer#1 <- block@3) in block@3: // switch_case_0_L27
debug: Added required_budget_with_buffer#1 to Phi node: let required_budget_with_buffer#2: uint64 = φ(required_budget_with_buffer#1 <- block@3, required_budget_with_buffer#1 <- block@4) in block@4: // switch_case_1_L29
debug: Added required_budget_with_buffer#1 to Phi node: let required_budget_with_buffer#2: uint64 = φ(required_budget_with_buffer#1 <- block@3, required_budget_with_buffer#1 <- block@4, required_budget_with_buffer#1 <- block@5) in block@5: // switch_case_default_L25
debug: Replacing trivial Phi node: let required_budget_with_buffer#2: uint64 = φ(required_budget_with_buffer#1 <- block@3, required_budget_with_buffer#1 <- block@4, required_budget_with_buffer#1 <- block@5) (required_budget_with_buffer#2) with required_budget_with_buffer#1
debug: Deleting Phi assignment: let required_budget_with_buffer#2: uint64 = φ(required_budget_with_buffer#1 <- block@3, required_budget_with_buffer#1 <- block@4, required_budget_with_buffer#1 <- block@5)
debug: Replaced trivial Phi node: let required_budget_with_buffer#2: uint64 = φ(required_budget_with_buffer#1 <- block@3, required_budget_with_buffer#1 <- block@4, required_budget_with_buffer#1 <- block@5) (required_budget_with_buffer#2) with required_budget_with_buffer#1 in current definition for 1 blocks
debug: Added required_budget_with_buffer#1 to Phi node: let required_budget_with_buffer#1: uint64 = φ(required_budget_with_buffer#0 <- block@0, required_budget_with_buffer#1 <- block@6) in block@6: // switch_case_next_L25
debug: Replacing trivial Phi node: let required_budget_with_buffer#1: uint64 = φ(required_budget_with_buffer#0 <- block@0, required_budget_with_buffer#1 <- block@6) (required_budget_with_buffer#1) with required_budget_with_buffer#0
debug: Deleting Phi assignment: let required_budget_with_buffer#1: uint64 = φ(required_budget_with_buffer#0 <- block@0, required_budget_with_buffer#1 <- block@6)
debug: Replaced trivial Phi node: let required_budget_with_buffer#1: uint64 = φ(required_budget_with_buffer#0 <- block@0, required_budget_with_buffer#1 <- block@6) (required_budget_with_buffer#1) with required_budget_with_buffer#0 in current definition for 6 blocks
debug: Added fee_source#0 to Phi node: let fee_source#1: uint64 = φ(fee_source#0 <- block@0) in block@0: // L11
debug: Created Phi assignment: let fee_source#2: uint64 = undefined while trying to resolve 'fee_source' in block@6: // switch_case_next_L25
debug: Added fee_source#1 to Phi node: let fee_source#2: uint64 = φ(fee_source#1 <- block@3) in block@3: // switch_case_0_L27
debug: Added fee_source#1 to Phi node: let fee_source#2: uint64 = φ(fee_source#1 <- block@3, fee_source#1 <- block@4) in block@4: // switch_case_1_L29
debug: Added fee_source#1 to Phi node: let fee_source#2: uint64 = φ(fee_source#1 <- block@3, fee_source#1 <- block@4, fee_source#1 <- block@5) in block@5: // switch_case_default_L25
debug: Replacing trivial Phi node: let fee_source#2: uint64 = φ(fee_source#1 <- block@3, fee_source#1 <- block@4, fee_source#1 <- block@5) (fee_source#2) with fee_source#1
debug: Deleting Phi assignment: let fee_source#2: uint64 = φ(fee_source#1 <- block@3, fee_source#1 <- block@4, fee_source#1 <- block@5)
debug: Replaced trivial Phi node: let fee_source#2: uint64 = φ(fee_source#1 <- block@3, fee_source#1 <- block@4, fee_source#1 <- block@5) (fee_source#2) with fee_source#1 in current definition for 1 blocks
debug: Added fee_source#1 to Phi node: let fee_source#1: uint64 = φ(fee_source#0 <- block@0, fee_source#1 <- block@6) in block@6: // switch_case_next_L25
debug: Replacing trivial Phi node: let fee_source#1: uint64 = φ(fee_source#0 <- block@0, fee_source#1 <- block@6) (fee_source#1) with fee_source#0
debug: Deleting Phi assignment: let fee_source#1: uint64 = φ(fee_source#0 <- block@0, fee_source#1 <- block@6)
debug: Replaced trivial Phi node: let fee_source#1: uint64 = φ(fee_source#0 <- block@0, fee_source#1 <- block@6) (fee_source#1) with fee_source#0 in current definition for 6 blocks
debug: Sealing block@None: // after_while_L19
debug: Terminated block@7: // after_while_L19
debug: Sealing block@0: // L20
debug: Terminated block@0: // L20
debug: Sealing block@0: // L39
debug: Terminated block@0: // L39
debug: Sealing block@0: // L57
debug: Terminated block@0: // L57
debug: Sealing block@0: // L84
debug: Terminated block@0: // L84
debug: Sealing block@None: // if_body_L106
debug: Sealing block@None: // else_body_L106
debug: Terminated block@1: // if_body_L106
debug: Sealing block@2: // after_if_else_L106
debug: Created Phi assignment: let array_length#1: uint64 = undefined while trying to resolve 'array_length' in block@2: // after_if_else_L106
debug: Added array_length#0 to Phi node: let array_length#1: uint64 = φ(array_length#0 <- block@0) in block@0: // L84
debug: Added array_length#0 to Phi node: let array_length#1: uint64 = φ(array_length#0 <- block@0, array_length#0 <- block@1) in block@1: // if_body_L106
debug: Replacing trivial Phi node: let array_length#1: uint64 = φ(array_length#0 <- block@0, array_length#0 <- block@1) (array_length#1) with array_length#0
debug: Deleting Phi assignment: let array_length#1: uint64 = φ(array_length#0 <- block@0, array_length#0 <- block@1)
debug: Replaced trivial Phi node: let array_length#1: uint64 = φ(array_length#0 <- block@0, array_length#0 <- block@1) (array_length#1) with array_length#0 in current definition for 1 blocks
debug: Created Phi assignment: let is_packed#1: bool = undefined while trying to resolve 'is_packed' in block@2: // after_if_else_L106
debug: Added is_packed#0 to Phi node: let is_packed#1: bool = φ(is_packed#0 <- block@0) in block@0: // L84
debug: Added is_packed#0 to Phi node: let is_packed#1: bool = φ(is_packed#0 <- block@0, is_packed#0 <- block@1) in block@1: // if_body_L106
debug: Replacing trivial Phi node: let is_packed#1: bool = φ(is_packed#0 <- block@0, is_packed#0 <- block@1) (is_packed#1) with is_packed#0
debug: Deleting Phi assignment: let is_packed#1: bool = φ(is_packed#0 <- block@0, is_packed#0 <- block@1)
debug: Replaced trivial Phi node: let is_packed#1: bool = φ(is_packed#0 <- block@0, is_packed#0 <- block@1) (is_packed#1) with is_packed#0 in current definition for 1 blocks
debug: Terminated block@2: // after_if_else_L106
debug: Sealing block@None: // ternary_true_L110
debug: Sealing block@None: // ternary_false_L110
debug: Terminated block@3: // ternary_true_L110
debug: Terminated block@4: // ternary_false_L110
debug: Sealing block@5: // ternary_merge_L110
debug: Created Phi assignment: let ternary_result%0#2: uint64 = undefined while trying to resolve 'ternary_result%0' in block@5: // ternary_merge_L110
debug: Added ternary_result%0#0 to Phi node: let ternary_result%0#2: uint64 = φ(ternary_result%0#0 <- block@3) in block@3: // ternary_true_L110
debug: Added ternary_result%0#1 to Phi node: let ternary_result%0#2: uint64 = φ(ternary_result%0#0 <- block@3, ternary_result%0#1 <- block@4) in block@4: // ternary_false_L110
debug: Created Phi assignment: let new_items_count#1: uint64 = undefined while trying to resolve 'new_items_count' in block@5: // ternary_merge_L110
debug: Created Phi assignment: let new_items_count#2: uint64 = undefined while trying to resolve 'new_items_count' in block@2: // after_if_else_L106
debug: Added new_items_count#0 to Phi node: let new_items_count#2: uint64 = φ(new_items_count#0 <- block@0) in block@0: // L84
debug: Added new_items_count#0 to Phi node: let new_items_count#2: uint64 = φ(new_items_count#0 <- block@0, new_items_count#0 <- block@1) in block@1: // if_body_L106
debug: Replacing trivial Phi node: let new_items_count#2: uint64 = φ(new_items_count#0 <- block@0, new_items_count#0 <- block@1) (new_items_count#2) with new_items_count#0
debug: Deleting Phi assignment: let new_items_count#2: uint64 = φ(new_items_count#0 <- block@0, new_items_count#0 <- block@1)
debug: Replaced trivial Phi node: let new_items_count#2: uint64 = φ(new_items_count#0 <- block@0, new_items_count#0 <- block@1) (new_items_count#2) with new_items_count#0 in current definition for 1 blocks
debug: Added new_items_count#0 to Phi node: let new_items_count#1: uint64 = φ(new_items_count#0 <- block@3) in block@3: // ternary_true_L110
debug: Added new_items_count#0 to Phi node: let new_items_count#1: uint64 = φ(new_items_count#0 <- block@3, new_items_count#0 <- block@4) in block@4: // ternary_false_L110
debug: Replacing trivial Phi node: let new_items_count#1: uint64 = φ(new_items_count#0 <- block@3, new_items_count#0 <- block@4) (new_items_count#1) with new_items_count#0
debug: Deleting Phi assignment: let new_items_count#1: uint64 = φ(new_items_count#0 <- block@3, new_items_count#0 <- block@4)
debug: Replaced trivial Phi node: let new_items_count#1: uint64 = φ(new_items_count#0 <- block@3, new_items_count#0 <- block@4) (new_items_count#1) with new_items_count#0 in current definition for 1 blocks
debug: Terminated block@5: // ternary_merge_L110
debug: Looking for 'range_item%0' in an unsealed block creating an incomplete Phi: block@6: // for_header_L110
debug: Created Phi assignment: let range_item%0#1: uint64 = undefined while trying to resolve 'range_item%0' in block@6: // for_header_L110
debug: Terminated block@6: // for_header_L110
debug: Looking for 'range_item%0' in an unsealed block creating an incomplete Phi: block@7: // for_body_L110
debug: Created Phi assignment: let range_item%0#2: uint64 = undefined while trying to resolve 'range_item%0' in block@7: // for_body_L110
debug: Looking for 'result' in an unsealed block creating an incomplete Phi: block@7: // for_body_L110
debug: Created Phi assignment: let result#2: bytes = undefined while trying to resolve 'result' in block@7: // for_body_L110
debug: Looking for 'write_offset' in an unsealed block creating an incomplete Phi: block@7: // for_body_L110
debug: Created Phi assignment: let write_offset#1: uint64 = undefined while trying to resolve 'write_offset' in block@7: // for_body_L110
debug: Looking for 'new_items_bytes' in an unsealed block creating an incomplete Phi: block@7: // for_body_L110
debug: Created Phi assignment: let new_items_bytes#1: bytes = undefined while trying to resolve 'new_items_bytes' in block@7: // for_body_L110
debug: Terminated block@7: // for_body_L110
debug: Sealing block@8: // for_footer_L110
debug: Terminated block@8: // for_footer_L110
debug: Sealing block@9: // for_increment_L110
debug: Terminated block@9: // for_increment_L110
debug: Sealing block@6: // for_header_L110
debug: Added range_item%0#0 to Phi node: let range_item%0#1: uint64 = φ(range_item%0#0 <- block@5) in block@5: // ternary_merge_L110
debug: Added range_item%0#3 to Phi node: let range_item%0#1: uint64 = φ(range_item%0#0 <- block@5, range_item%0#3 <- block@9) in block@9: // for_increment_L110
debug: Sealing block@7: // for_body_L110
debug: Added range_item%0#1 to Phi node: let range_item%0#2: uint64 = φ(range_item%0#1 <- block@6) in block@6: // for_header_L110
debug: Replacing trivial Phi node: let range_item%0#2: uint64 = φ(range_item%0#1 <- block@6) (range_item%0#2) with range_item%0#1
debug: Deleting Phi assignment: let range_item%0#2: uint64 = φ(range_item%0#1 <- block@6)
debug: Replaced trivial Phi node: let range_item%0#2: uint64 = φ(range_item%0#1 <- block@6) (range_item%0#2) with range_item%0#1 in current definition for 2 blocks
debug: Created Phi assignment: let result#4: bytes = undefined while trying to resolve 'result' in block@6: // for_header_L110
debug: Created Phi assignment: let result#5: bytes = undefined while trying to resolve 'result' in block@5: // ternary_merge_L110
debug: Created Phi assignment: let result#6: bytes = undefined while trying to resolve 'result' in block@2: // after_if_else_L106
debug: Added result#0 to Phi node: let result#6: bytes = φ(result#0 <- block@0) in block@0: // L84
debug: Added result#1 to Phi node: let result#6: bytes = φ(result#0 <- block@0, result#1 <- block@1) in block@1: // if_body_L106
debug: Added result#6 to Phi node: let result#5: bytes = φ(result#6 <- block@3) in block@3: // ternary_true_L110
debug: Added result#6 to Phi node: let result#5: bytes = φ(result#6 <- block@3, result#6 <- block@4) in block@4: // ternary_false_L110
debug: Replacing trivial Phi node: let result#5: bytes = φ(result#6 <- block@3, result#6 <- block@4) (result#5) with result#6
debug: Deleting Phi assignment: let result#5: bytes = φ(result#6 <- block@3, result#6 <- block@4)
debug: Replaced trivial Phi node: let result#5: bytes = φ(result#6 <- block@3, result#6 <- block@4) (result#5) with result#6 in current definition for 1 blocks
debug: Added result#6 to Phi node: let result#4: bytes = φ(result#6 <- block@5) in block@5: // ternary_merge_L110
debug: Added result#3 to Phi node: let result#4: bytes = φ(result#6 <- block@5, result#3 <- block@9) in block@9: // for_increment_L110
debug: Added result#4 to Phi node: let result#2: bytes = φ(result#4 <- block@6) in block@6: // for_header_L110
debug: Replacing trivial Phi node: let result#2: bytes = φ(result#4 <- block@6) (result#2) with result#4
debug: Deleting Phi assignment: let result#2: bytes = φ(result#4 <- block@6)
debug: Replaced trivial Phi node: let result#2: bytes = φ(result#4 <- block@6) (result#2) with result#4 in current definition for 0 blocks
debug: Created Phi assignment: let write_offset#3: uint64 = undefined while trying to resolve 'write_offset' in block@6: // for_header_L110
debug: Created Phi assignment: let write_offset#4: uint64 = undefined while trying to resolve 'write_offset' in block@5: // ternary_merge_L110
debug: Added write_offset#0 to Phi node: let write_offset#4: uint64 = φ(write_offset#0 <- block@3) in block@3: // ternary_true_L110
debug: Added write_offset#0 to Phi node: let write_offset#4: uint64 = φ(write_offset#0 <- block@3, write_offset#0 <- block@4) in block@4: // ternary_false_L110
debug: Replacing trivial Phi node: let write_offset#4: uint64 = φ(write_offset#0 <- block@3, write_offset#0 <- block@4) (write_offset#4) with write_offset#0
debug: Deleting Phi assignment: let write_offset#4: uint64 = φ(write_offset#0 <- block@3, write_offset#0 <- block@4)
debug: Replaced trivial Phi node: let write_offset#4: uint64 = φ(write_offset#0 <- block@3, write_offset#0 <- block@4) (write_offset#4) with write_offset#0 in current definition for 1 blocks
debug: Added write_offset#0 to Phi node: let write_offset#3: uint64 = φ(write_offset#0 <- block@5) in block@5: // ternary_merge_L110
debug: Added write_offset#2 to Phi node: let write_offset#3: uint64 = φ(write_offset#0 <- block@5, write_offset#2 <- block@9) in block@9: // for_increment_L110
debug: Added write_offset#3 to Phi node: let write_offset#1: uint64 = φ(write_offset#3 <- block@6) in block@6: // for_header_L110
debug: Replacing trivial Phi node: let write_offset#1: uint64 = φ(write_offset#3 <- block@6) (write_offset#1) with write_offset#3
debug: Deleting Phi assignment: let write_offset#1: uint64 = φ(write_offset#3 <- block@6)
debug: Replaced trivial Phi node: let write_offset#1: uint64 = φ(write_offset#3 <- block@6) (write_offset#1) with write_offset#3 in current definition for 0 blocks
debug: Created Phi assignment: let new_items_bytes#2: bytes = undefined while trying to resolve 'new_items_bytes' in block@6: // for_header_L110
debug: Created Phi assignment: let new_items_bytes#3: bytes = undefined while trying to resolve 'new_items_bytes' in block@5: // ternary_merge_L110
debug: Created Phi assignment: let new_items_bytes#4: bytes = undefined while trying to resolve 'new_items_bytes' in block@2: // after_if_else_L106
debug: Added new_items_bytes#0 to Phi node: let new_items_bytes#4: bytes = φ(new_items_bytes#0 <- block@0) in block@0: // L84
debug: Added new_items_bytes#0 to Phi node: let new_items_bytes#4: bytes = φ(new_items_bytes#0 <- block@0, new_items_bytes#0 <- block@1) in block@1: // if_body_L106
debug: Replacing trivial Phi node: let new_items_bytes#4: bytes = φ(new_items_bytes#0 <- block@0, new_items_bytes#0 <- block@1) (new_items_bytes#4) with new_items_bytes#0
debug: Deleting Phi assignment: let new_items_bytes#4: bytes = φ(new_items_bytes#0 <- block@0, new_items_bytes#0 <- block@1)
debug: Replaced trivial Phi node: let new_items_bytes#4: bytes = φ(new_items_bytes#0 <- block@0, new_items_bytes#0 <- block@1) (new_items_bytes#4) with new_items_bytes#0 in current definition for 1 blocks
debug: Added new_items_bytes#0 to Phi node: let new_items_bytes#3: bytes = φ(new_items_bytes#0 <- block@3) in block@3: // ternary_true_L110
debug: Added new_items_bytes#0 to Phi node: let new_items_bytes#3: bytes = φ(new_items_bytes#0 <- block@3, new_items_bytes#0 <- block@4) in block@4: // ternary_false_L110
debug: Replacing trivial Phi node: let new_items_bytes#3: bytes = φ(new_items_bytes#0 <- block@3, new_items_bytes#0 <- block@4) (new_items_bytes#3) with new_items_bytes#0
debug: Deleting Phi assignment: let new_items_bytes#3: bytes = φ(new_items_bytes#0 <- block@3, new_items_bytes#0 <- block@4)
debug: Replaced trivial Phi node: let new_items_bytes#3: bytes = φ(new_items_bytes#0 <- block@3, new_items_bytes#0 <- block@4) (new_items_bytes#3) with new_items_bytes#0 in current definition for 1 blocks
debug: Added new_items_bytes#0 to Phi node: let new_items_bytes#2: bytes = φ(new_items_bytes#0 <- block@5) in block@5: // ternary_merge_L110
debug: Added new_items_bytes#1 to Phi node: let new_items_bytes#2: bytes = φ(new_items_bytes#0 <- block@5, new_items_bytes#1 <- block@9) in block@9: // for_increment_L110
debug: Added new_items_bytes#2 to Phi node: let new_items_bytes#1: bytes = φ(new_items_bytes#2 <- block@6) in block@6: // for_header_L110
debug: Replacing trivial Phi node: let new_items_bytes#1: bytes = φ(new_items_bytes#2 <- block@6) (new_items_bytes#1) with new_items_bytes#2
debug: Deleting Phi assignment: let new_items_bytes#1: bytes = φ(new_items_bytes#2 <- block@6)
debug: Replacing trivial Phi node: let new_items_bytes#2: bytes = φ(new_items_bytes#0 <- block@5, new_items_bytes#2 <- block@9) (new_items_bytes#2) with new_items_bytes#0
debug: Deleting Phi assignment: let new_items_bytes#2: bytes = φ(new_items_bytes#0 <- block@5, new_items_bytes#2 <- block@9)
debug: Replaced trivial Phi node: let new_items_bytes#1: bytes = φ(new_items_bytes#2 <- block@6) (new_items_bytes#1) with new_items_bytes#2 in current definition for 3 blocks
debug: Replaced trivial Phi node: let new_items_bytes#2: bytes = φ(new_items_bytes#0 <- block@5, new_items_bytes#2 <- block@9) (new_items_bytes#2) with new_items_bytes#0 in current definition for 4 blocks
debug: Sealing block@None: // after_for_L110
debug: Terminated block@10: // after_for_L110
debug: Sealing block@0: // L117
debug: Terminated block@0: // L117
debug: Sealing block@0: // L139
debug: Terminated block@0: // L139
debug: Sealing block@0: // L166
debug: Terminated block@0: // L166
debug: Sealing block@0: // L195
debug: Terminated block@0: // L195
debug: Sealing block@None: // if_body_L210
debug: Sealing block@None: // else_body_L210
debug: Terminated block@1: // if_body_L210
debug: Terminated block@2: // else_body_L210
debug: Sealing block@3: // after_if_else_L210
debug: Created Phi assignment: let length#1: uint64 = undefined while trying to resolve 'length' in block@3: // after_if_else_L210
debug: Added length#0 to Phi node: let length#1: uint64 = φ(length#0 <- block@1) in block@1: // if_body_L210
debug: Added length#0 to Phi node: let length#1: uint64 = φ(length#0 <- block@1, length#0 <- block@2) in block@2: // else_body_L210
debug: Replacing trivial Phi node: let length#1: uint64 = φ(length#0 <- block@1, length#0 <- block@2) (length#1) with length#0
debug: Deleting Phi assignment: let length#1: uint64 = φ(length#0 <- block@1, length#0 <- block@2)
debug: Replaced trivial Phi node: let length#1: uint64 = φ(length#0 <- block@1, length#0 <- block@2) (length#1) with length#0 in current definition for 1 blocks
debug: Created Phi assignment: let start_at_index#1: uint64 = undefined while trying to resolve 'start_at_index' in block@3: // after_if_else_L210
debug: Added start_at_index#0 to Phi node: let start_at_index#1: uint64 = φ(start_at_index#0 <- block@1) in block@1: // if_body_L210
debug: Added start_at_index#0 to Phi node: let start_at_index#1: uint64 = φ(start_at_index#0 <- block@1, start_at_index#0 <- block@2) in block@2: // else_body_L210
debug: Replacing trivial Phi node: let start_at_index#1: uint64 = φ(start_at_index#0 <- block@1, start_at_index#0 <- block@2) (start_at_index#1) with start_at_index#0
debug: Deleting Phi assignment: let start_at_index#1: uint64 = φ(start_at_index#0 <- block@1, start_at_index#0 <- block@2)
debug: Replaced trivial Phi node: let start_at_index#1: uint64 = φ(start_at_index#0 <- block@1, start_at_index#0 <- block@2) (start_at_index#1) with start_at_index#0 in current definition for 1 blocks
debug: Terminated block@3: // after_if_else_L210
debug: Looking for 'range_item%0' in an unsealed block creating an incomplete Phi: block@4: // for_header_L215
debug: Created Phi assignment: let range_item%0#1: uint64 = undefined while trying to resolve 'range_item%0' in block@4: // for_header_L215
debug: Terminated block@4: // for_header_L215
debug: Looking for 'range_item%0' in an unsealed block creating an incomplete Phi: block@5: // for_body_L215
debug: Created Phi assignment: let range_item%0#2: uint64 = undefined while trying to resolve 'range_item%0' in block@5: // for_body_L215
debug: Looking for 'tail_cursor' in an unsealed block creating an incomplete Phi: block@5: // for_body_L215
debug: Created Phi assignment: let tail_cursor#2: uint64 = undefined while trying to resolve 'tail_cursor' in block@5: // for_body_L215
debug: Looking for 'array_data' in an unsealed block creating an incomplete Phi: block@5: // for_body_L215
debug: Created Phi assignment: let array_data#1: bytes = undefined while trying to resolve 'array_data' in block@5: // for_body_L215
debug: Looking for 'header_cursor' in an unsealed block creating an incomplete Phi: block@5: // for_body_L215
debug: Created Phi assignment: let header_cursor#1: uint64 = undefined while trying to resolve 'header_cursor' in block@5: // for_body_L215
debug: Terminated block@5: // for_body_L215
debug: Sealing block@6: // for_footer_L215
debug: Terminated block@6: // for_footer_L215
debug: Sealing block@7: // for_increment_L215
debug: Terminated block@7: // for_increment_L215
debug: Sealing block@4: // for_header_L215
debug: Added range_item%0#0 to Phi node: let range_item%0#1: uint64 = φ(range_item%0#0 <- block@3) in block@3: // after_if_else_L210
debug: Added range_item%0#3 to Phi node: let range_item%0#1: uint64 = φ(range_item%0#0 <- block@3, range_item%0#3 <- block@7) in block@7: // for_increment_L215
debug: Sealing block@5: // for_body_L215
debug: Added range_item%0#1 to Phi node: let range_item%0#2: uint64 = φ(range_item%0#1 <- block@4) in block@4: // for_header_L215
debug: Replacing trivial Phi node: let range_item%0#2: uint64 = φ(range_item%0#1 <- block@4) (range_item%0#2) with range_item%0#1
debug: Deleting Phi assignment: let range_item%0#2: uint64 = φ(range_item%0#1 <- block@4)
debug: Replaced trivial Phi node: let range_item%0#2: uint64 = φ(range_item%0#1 <- block@4) (range_item%0#2) with range_item%0#1 in current definition for 2 blocks
debug: Created Phi assignment: let tail_cursor#4: uint64 = undefined while trying to resolve 'tail_cursor' in block@4: // for_header_L215
debug: Created Phi assignment: let tail_cursor#5: uint64 = undefined while trying to resolve 'tail_cursor' in block@3: // after_if_else_L210
debug: Added tail_cursor#0 to Phi node: let tail_cursor#5: uint64 = φ(tail_cursor#0 <- block@1) in block@1: // if_body_L210
debug: Added tail_cursor#1 to Phi node: let tail_cursor#5: uint64 = φ(tail_cursor#0 <- block@1, tail_cursor#1 <- block@2) in block@2: // else_body_L210
debug: Added tail_cursor#5 to Phi node: let tail_cursor#4: uint64 = φ(tail_cursor#5 <- block@3) in block@3: // after_if_else_L210
debug: Added tail_cursor#3 to Phi node: let tail_cursor#4: uint64 = φ(tail_cursor#5 <- block@3, tail_cursor#3 <- block@7) in block@7: // for_increment_L215
debug: Added tail_cursor#4 to Phi node: let tail_cursor#2: uint64 = φ(tail_cursor#4 <- block@4) in block@4: // for_header_L215
debug: Replacing trivial Phi node: let tail_cursor#2: uint64 = φ(tail_cursor#4 <- block@4) (tail_cursor#2) with tail_cursor#4
debug: Deleting Phi assignment: let tail_cursor#2: uint64 = φ(tail_cursor#4 <- block@4)
debug: Replaced trivial Phi node: let tail_cursor#2: uint64 = φ(tail_cursor#4 <- block@4) (tail_cursor#2) with tail_cursor#4 in current definition for 0 blocks
debug: Created Phi assignment: let array_data#3: bytes = undefined while trying to resolve 'array_data' in block@4: // for_header_L215
debug: Created Phi assignment: let array_data#4: bytes = undefined while trying to resolve 'array_data' in block@3: // after_if_else_L210
debug: Added array_data#0 to Phi node: let array_data#4: bytes = φ(array_data#0 <- block@1) in block@1: // if_body_L210
debug: Added array_data#0 to Phi node: let array_data#4: bytes = φ(array_data#0 <- block@1, array_data#0 <- block@2) in block@2: // else_body_L210
debug: Replacing trivial Phi node: let array_data#4: bytes = φ(array_data#0 <- block@1, array_data#0 <- block@2) (array_data#4) with array_data#0
debug: Deleting Phi assignment: let array_data#4: bytes = φ(array_data#0 <- block@1, array_data#0 <- block@2)
debug: Replaced trivial Phi node: let array_data#4: bytes = φ(array_data#0 <- block@1, array_data#0 <- block@2) (array_data#4) with array_data#0 in current definition for 1 blocks
debug: Added array_data#0 to Phi node: let array_data#3: bytes = φ(array_data#0 <- block@3) in block@3: // after_if_else_L210
debug: Added array_data#2 to Phi node: let array_data#3: bytes = φ(array_data#0 <- block@3, array_data#2 <- block@7) in block@7: // for_increment_L215
debug: Added array_data#3 to Phi node: let array_data#1: bytes = φ(array_data#3 <- block@4) in block@4: // for_header_L215
debug: Replacing trivial Phi node: let array_data#1: bytes = φ(array_data#3 <- block@4) (array_data#1) with array_data#3
debug: Deleting Phi assignment: let array_data#1: bytes = φ(array_data#3 <- block@4)
debug: Replaced trivial Phi node: let array_data#1: bytes = φ(array_data#3 <- block@4) (array_data#1) with array_data#3 in current definition for 0 blocks
debug: Created Phi assignment: let header_cursor#3: uint64 = undefined while trying to resolve 'header_cursor' in block@4: // for_header_L215
debug: Created Phi assignment: let header_cursor#4: uint64 = undefined while trying to resolve 'header_cursor' in block@3: // after_if_else_L210
debug: Added header_cursor#0 to Phi node: let header_cursor#4: uint64 = φ(header_cursor#0 <- block@1) in block@1: // if_body_L210
debug: Added header_cursor#0 to Phi node: let header_cursor#4: uint64 = φ(header_cursor#0 <- block@1, header_cursor#0 <- block@2) in block@2: // else_body_L210
debug: Replacing trivial Phi node: let header_cursor#4: uint64 = φ(header_cursor#0 <- block@1, header_cursor#0 <- block@2) (header_cursor#4) with header_cursor#0
debug: Deleting Phi assignment: let header_cursor#4: uint64 = φ(header_cursor#0 <- block@1, header_cursor#0 <- block@2)
debug: Replaced trivial Phi node: let header_cursor#4: uint64 = φ(header_cursor#0 <- block@1, header_cursor#0 <- block@2) (header_cursor#4) with header_cursor#0 in current definition for 1 blocks
debug: Added header_cursor#0 to Phi node: let header_cursor#3: uint64 = φ(header_cursor#0 <- block@3) in block@3: // after_if_else_L210
debug: Added header_cursor#2 to Phi node: let header_cursor#3: uint64 = φ(header_cursor#0 <- block@3, header_cursor#2 <- block@7) in block@7: // for_increment_L215
debug: Added header_cursor#3 to Phi node: let header_cursor#1: uint64 = φ(header_cursor#3 <- block@4) in block@4: // for_header_L215
debug: Replacing trivial Phi node: let header_cursor#1: uint64 = φ(header_cursor#3 <- block@4) (header_cursor#1) with header_cursor#3
debug: Deleting Phi assignment: let header_cursor#1: uint64 = φ(header_cursor#3 <- block@4)
debug: Replaced trivial Phi node: let header_cursor#1: uint64 = φ(header_cursor#3 <- block@4) (header_cursor#1) with header_cursor#3 in current definition for 0 blocks
debug: Sealing block@None: // after_for_L215
debug: Terminated block@8: // after_for_L215
debug: Sealing block@0: // L4
debug: Terminated block@0: // L4
debug: Looking for 'start' in an unsealed block creating an incomplete Phi: block@1: // while_top_L11
debug: Created Phi assignment: let start#1: uint64 = undefined while trying to resolve 'start' in block@1: // while_top_L11
debug: Looking for 'item' in an unsealed block creating an incomplete Phi: block@1: // while_top_L11
debug: Created Phi assignment: let item#1: bytes = undefined while trying to resolve 'item' in block@1: // while_top_L11
debug: Looking for 'sequence' in an unsealed block creating an incomplete Phi: block@1: // while_top_L11
debug: Created Phi assignment: let sequence#1: bytes = undefined while trying to resolve 'sequence' in block@1: // while_top_L11
debug: Terminated block@1: // while_top_L11
debug: Sealing block@None: // while_body_L11
debug: Terminated block@2: // while_body_L11
debug: Sealing block@None: // if_body_L12
debug: Sealing block@None: // else_body_L12
debug: Terminated block@3: // if_body_L12
debug: Sealing block@4: // after_if_else_L12
debug: Terminated block@4: // after_if_else_L12
debug: Sealing block@1: // while_top_L11
debug: Added start#0 to Phi node: let start#1: uint64 = φ(start#0 <- block@0) in block@0: // L4
debug: Added start#2 to Phi node: let start#1: uint64 = φ(start#0 <- block@0, start#2 <- block@4) in block@4: // after_if_else_L12
debug: Added item#0 to Phi node: let item#1: bytes = φ(item#0 <- block@0) in block@0: // L4
debug: Added item#1 to Phi node: let item#1: bytes = φ(item#0 <- block@0, item#1 <- block@4) in block@4: // after_if_else_L12
debug: Replacing trivial Phi node: let item#1: bytes = φ(item#0 <- block@0, item#1 <- block@4) (item#1) with item#0
debug: Deleting Phi assignment: let item#1: bytes = φ(item#0 <- block@0, item#1 <- block@4)
debug: Replaced trivial Phi node: let item#1: bytes = φ(item#0 <- block@0, item#1 <- block@4) (item#1) with item#0 in current definition for 3 blocks
debug: Added sequence#0 to Phi node: let sequence#1: bytes = φ(sequence#0 <- block@0) in block@0: // L4
debug: Added sequence#1 to Phi node: let sequence#1: bytes = φ(sequence#0 <- block@0, sequence#1 <- block@4) in block@4: // after_if_else_L12
debug: Replacing trivial Phi node: let sequence#1: bytes = φ(sequence#0 <- block@0, sequence#1 <- block@4) (sequence#1) with sequence#0
debug: Deleting Phi assignment: let sequence#1: bytes = φ(sequence#0 <- block@0, sequence#1 <- block@4)
debug: Replaced trivial Phi node: let sequence#1: bytes = φ(sequence#0 <- block@0, sequence#1 <- block@4) (sequence#1) with sequence#0 in current definition for 3 blocks
debug: Sealing block@None: // after_while_L11
debug: Terminated block@5: // after_while_L11
debug: Sealing block@0: // L31
debug: Terminated block@0: // L31
debug: Sealing block@0: // L26
debug: Terminated block@0: // L26
debug: Sealing block@0: // L18
debug: Terminated block@0: // L18
debug: Sealing block@0: // L36
debug: Terminated block@0: // L36
debug: Sealing block@0: // L12
debug: Terminated block@0: // L12
debug: Sealing block@0: // L42
debug: Terminated block@0: // L42
debug: Sealing block@0: // L10
debug: Terminated block@0: // L10
debug: Sealing block@None: // abi_routing_L10
debug: Sealing block@None: // bare_routing_L10
debug: Terminated block@1: // abi_routing_L10
debug: Sealing block@None: // switch_case_default_L10
debug: Sealing block@None: // add_user_route_L31
debug: Sealing block@None: // attach_asset_to_user_route_L36
debug: Sealing block@None: // get_user_route_L42
debug: Terminated block@2: // add_user_route_L31
debug: Terminated block@3: // attach_asset_to_user_route_L36
debug: Terminated block@4: // get_user_route_L42
debug: Terminated block@5: // switch_case_default_L10
debug: Sealing block@6: // switch_case_next_L10
debug: Terminated block@6: // switch_case_next_L10
debug: Terminated block@7: // bare_routing_L10
debug: Sealing block@None: // reject_bare_on_completion_L10
debug: Sealing block@None: // create_L10
debug: Terminated block@8: // create_L10
debug: Terminated block@9: // reject_bare_on_completion_L10
debug: Sealing block@None: // switch_case_next_L10
debug: Sealing block@None: // after_if_else_L10
debug: Sealing block@0: // L10
debug: Terminated block@0: // L10
debug: Output IR to struct_in_box/out/ExampleContract.ssa.ir
info: Optimizing examples.struct_in_box.contract.ExampleContract at level 1
debug: Begin optimization pass 1/100
debug: Optimizing subroutine examples.struct_in_box.contract.ExampleContract.approval_program
debug: Splitting parallel copies prior to optimization
debug: Optimizer: Constant Replacer
debug: Optimizer: Copy Propagation
debug: Optimizer: Intrinsic Simplifier
debug: Simplified (== tmp%2#0 NoOp) to (! tmp%2#0)
debug: Simplified (== tmp%6#0 NoOp) to (! tmp%6#0)
debug: Simplified (== tmp%13#0 NoOp) to (! tmp%13#0)
debug: Optimizer: Remove Unused Variables
debug: Optimizer: Inner Txn Field Replacer
debug: Optimizer: Simplify Control Ops
debug: inlining the default target of a switch/goto nth
debug: adding block@1: // abi_routing_L10 as a predecessor of block@6: // switch_case_next_L10 due to inlining of block@5: // switch_case_default_L10
debug: simplified terminator of block@1: // abi_routing_L10 from switch tmp%1#0 {method "add_user((string,uint64,uint64))void" => block@2, method "attach_asset_to_user(uint64,asset)void" => block@3, method "get_user(uint64)(string,uint64,uint64)" => block@4, * => block@5} to switch tmp%1#0 {method "add_user((string,uint64,uint64))void" => block@2, method "attach_asset_to_user(uint64,asset)void" => block@3, method "get_user(uint64)(string,uint64,uint64)" => block@4, * => block@6}
debug: simplifying a switch with constants into goto nth
debug: simplified terminator of block@7: // bare_routing_L10 from switch tmp%19#0 {0u => block@8, * => block@9} to goto_nth [block@8][tmp%19#0] else goto block@9
debug: inlining the default target of a switch/goto nth
debug: simplified terminator of block@1: // abi_routing_L10 from switch tmp%1#0 {method "add_user((string,uint64,uint64))void" => block@2, method "attach_asset_to_user(uint64,asset)void" => block@3, method "get_user(uint64)(string,uint64,uint64)" => block@4, * => block@6} to switch tmp%1#0 {method "add_user((string,uint64,uint64))void" => block@2, method "attach_asset_to_user(uint64,asset)void" => block@3, method "get_user(uint64)(string,uint64,uint64)" => block@4, * => fail // reject transaction}
debug: simplifying a goto nth with two targets into a conditional branch
debug: simplified terminator of block@7: // bare_routing_L10 from goto_nth [block@8][tmp%19#0] else goto block@9 to goto tmp%19#0 ? block@9 : block@8
debug: inlining condition branch to err block into an assert false
debug: simplified terminator of block@7: // bare_routing_L10 from goto tmp%19#0 ? block@9 : block@8 to goto block@8
debug: Optimizer: Remove Linear Jump
debug: Merged linear block@6: // switch_case_next_L10 into block@5: // switch_case_default_L10
debug: Merged linear block@8: // create_L10 into block@7: // bare_routing_L10
debug: Optimizer: Remove Empty Blocks
debug: Optimizer: Remove Unreachable Blocks
debug: Removing unreachable blocks: block@5: // switch_case_default_L10, block@9: // reject_bare_on_completion_L10
debug: Optimizer: Repeated Expression Elimination
debug: Optimizing subroutine examples.struct_in_box.contract.ExampleContract.add_user
debug: Splitting parallel copies prior to optimization
debug: Optimizer: Constant Replacer
debug: Optimizer: Copy Propagation
debug: Found equivalence set: write_to_box%0#0, user#1
debug: Replacing {write_to_box%0#0} with user#1 made 1 modifications
debug: Optimizer: Intrinsic Simplifier
debug: Simplified (extract3 user#0 2u 8u) to ((extract 2 8) user#0)
debug: Optimizer: Remove Unused Variables
debug: Not removing unused assignment since source is not marked as pure: let user#1: bytes = examples.struct_in_box.contract.ExampleContract.write_to_box(user#0)
debug: Optimizer: Inner Txn Field Replacer
debug: Optimizer: Simplify Control Ops
debug: Optimizer: Remove Linear Jump
debug: Optimizer: Remove Empty Blocks
debug: Optimizer: Remove Unreachable Blocks
debug: Optimizer: Repeated Expression Elimination
debug: Optimizing subroutine examples.struct_in_box.contract.ExampleContract.box_exists
debug: Splitting parallel copies prior to optimization
debug: Optimizer: Constant Replacer
debug: Optimizer: Copy Propagation
debug: Found equivalence set: tuple_assignment%0#0, _data#0
debug: Replacing {tuple_assignment%0#0} with _data#0 made 1 modifications
debug: Found equivalence set: tuple_assignment%1#0, exists#0
debug: Replacing {tuple_assignment%1#0} with exists#0 made 1 modifications
debug: Optimizer: Intrinsic Simplifier
debug: Optimizer: Remove Unused Variables
debug: Optimizer: Inner Txn Field Replacer
debug: Optimizer: Simplify Control Ops
debug: Optimizer: Remove Linear Jump
debug: Optimizer: Remove Empty Blocks
debug: Optimizer: Remove Unreachable Blocks
debug: Optimizer: Repeated Expression Elimination
debug: Optimizing subroutine examples.struct_in_box.contract.ExampleContract.write_to_box
debug: Splitting parallel copies prior to optimization
debug: Optimizer: Constant Replacer
debug: Optimizer: Copy Propagation
debug: Optimizer: Intrinsic Simplifier
debug: Simplified (extract3 user#0 2u 8u) to ((extract 2 8) user#0)
debug: Optimizer: Remove Unused Variables
debug: Optimizer: Inner Txn Field Replacer
debug: Optimizer: Simplify Control Ops
debug: Optimizer: Remove Linear Jump
debug: Optimizer: Remove Empty Blocks
debug: Optimizer: Remove Unreachable Blocks
debug: Optimizer: Repeated Expression Elimination
debug: Optimizing subroutine examples.struct_in_box.contract.ExampleContract.attach_asset_to_user
debug: Splitting parallel copies prior to optimization
debug: Optimizer: Constant Replacer
debug: Optimizer: Copy Propagation
debug: Found equivalence set: val_as_bytes%0#0, assigned_value%0#0
debug: Replacing {assigned_value%0#0} with val_as_bytes%0#0 made 1 modifications
debug: Found equivalence set: updated_data%0#0, user#1
debug: Replacing {updated_data%0#0} with user#1 made 1 modifications
debug: Found equivalence set: write_to_box%0#0, user#2
debug: Replacing {write_to_box%0#0} with user#2 made 1 modifications
debug: Optimizer: Intrinsic Simplifier
debug: Optimizer: Remove Unused Variables
debug: Not removing unused assignment since source is not marked as pure: let user#2: bytes = examples.struct_in_box.contract.ExampleContract.write_to_box(user#1)
debug: Optimizer: Inner Txn Field Replacer
debug: Optimizer: Simplify Control Ops
debug: Optimizer: Remove Linear Jump
debug: Optimizer: Remove Empty Blocks
debug: Optimizer: Remove Unreachable Blocks
debug: Optimizer: Repeated Expression Elimination
debug: Optimizing subroutine examples.struct_in_box.contract.ExampleContract.read_from_box
debug: Splitting parallel copies prior to optimization
debug: Optimizer: Constant Replacer
debug: Optimizer: Copy Propagation
debug: Found equivalence set: tuple_assignment%0#0, box_data#0
debug: Replacing {tuple_assignment%0#0} with box_data#0 made 1 modifications
debug: Found equivalence set: tuple_assignment%1#0, exists#0
debug: Replacing {tuple_assignment%1#0} with exists#0 made 1 modifications
debug: Optimizer: Intrinsic Simplifier
debug: Optimizer: Remove Unused Variables
debug: Optimizer: Inner Txn Field Replacer
debug: Optimizer: Simplify Control Ops
debug: Optimizer: Remove Linear Jump
debug: Optimizer: Remove Empty Blocks
debug: Optimizer: Remove Unreachable Blocks
debug: Optimizer: Repeated Expression Elimination
debug: Optimizing subroutine examples.struct_in_box.contract.ExampleContract.get_user
debug: Splitting parallel copies prior to optimization
debug: Optimizer: Constant Replacer
debug: Optimizer: Copy Propagation
debug: Optimizer: Intrinsic Simplifier
debug: Optimizer: Remove Unused Variables
debug: Optimizer: Inner Txn Field Replacer
debug: Optimizer: Simplify Control Ops
debug: Optimizer: Remove Linear Jump
debug: Optimizer: Remove Empty Blocks
debug: Optimizer: Remove Unreachable Blocks
debug: Optimizer: Repeated Expression Elimination
debug: Optimizing subroutine examples.struct_in_box.contract.ExampleContract.clear_state_program
debug: Splitting parallel copies prior to optimization
debug: Optimizer: Constant Replacer
debug: Optimizer: Copy Propagation
debug: Optimizer: Intrinsic Simplifier
debug: Optimizer: Remove Unused Variables
debug: Optimizer: Inner Txn Field Replacer
debug: Optimizer: Simplify Control Ops
debug: Optimizer: Remove Linear Jump
debug: Optimizer: Remove Empty Blocks
debug: Optimizer: Remove Unreachable Blocks
debug: Optimizer: Repeated Expression Elimination
debug: Output IR to struct_in_box/out/ExampleContract.ssa.opt_pass_1.ir
debug: Begin optimization pass 2/100
debug: Optimizing subroutine examples.struct_in_box.contract.ExampleContract.approval_program
debug: Optimizer: Constant Replacer
debug: Optimizer: Copy Propagation
debug: Optimizer: Intrinsic Simplifier
debug: Optimizer: Remove Unused Variables
debug: Optimizer: Inner Txn Field Replacer
debug: Optimizer: Simplify Control Ops
debug: Optimizer: Remove Linear Jump
debug: Optimizer: Remove Empty Blocks
debug: Optimizer: Remove Unreachable Blocks
debug: Optimizer: Repeated Expression Elimination
debug: Optimizing subroutine examples.struct_in_box.contract.ExampleContract.add_user
debug: Optimizer: Constant Replacer
debug: Optimizer: Copy Propagation
debug: Optimizer: Intrinsic Simplifier
debug: Optimizer: Remove Unused Variables
debug: Not removing unused assignment since source is not marked as pure: let user#1: bytes = examples.struct_in_box.contract.ExampleContract.write_to_box(user#0)
debug: Optimizer: Inner Txn Field Replacer
debug: Optimizer: Simplify Control Ops
debug: Optimizer: Remove Linear Jump
debug: Optimizer: Remove Empty Blocks
debug: Optimizer: Remove Unreachable Blocks
debug: Optimizer: Repeated Expression Elimination
debug: Optimizing subroutine examples.struct_in_box.contract.ExampleContract.box_exists
debug: Optimizer: Constant Replacer
debug: Optimizer: Copy Propagation
debug: Optimizer: Intrinsic Simplifier
debug: Optimizer: Remove Unused Variables
debug: Optimizer: Inner Txn Field Replacer
debug: Optimizer: Simplify Control Ops
debug: Optimizer: Remove Linear Jump
debug: Optimizer: Remove Empty Blocks
debug: Optimizer: Remove Unreachable Blocks
debug: Optimizer: Repeated Expression Elimination
debug: Optimizing subroutine examples.struct_in_box.contract.ExampleContract.write_to_box
debug: Optimizer: Constant Replacer
debug: Optimizer: Copy Propagation
debug: Optimizer: Intrinsic Simplifier
debug: Optimizer: Remove Unused Variables
debug: Optimizer: Inner Txn Field Replacer
debug: Optimizer: Simplify Control Ops
debug: Optimizer: Remove Linear Jump
debug: Optimizer: Remove Empty Blocks
debug: Optimizer: Remove Unreachable Blocks
debug: Optimizer: Repeated Expression Elimination
debug: Optimizing subroutine examples.struct_in_box.contract.ExampleContract.attach_asset_to_user
debug: Optimizer: Constant Replacer
debug: Optimizer: Copy Propagation
debug: Optimizer: Intrinsic Simplifier
debug: Optimizer: Remove Unused Variables
debug: Not removing unused assignment since source is not marked as pure: let user#2: bytes = examples.struct_in_box.contract.ExampleContract.write_to_box(user#1)
debug: Optimizer: Inner Txn Field Replacer
debug: Optimizer: Simplify Control Ops
debug: Optimizer: Remove Linear Jump
debug: Optimizer: Remove Empty Blocks
debug: Optimizer: Remove Unreachable Blocks
debug: Optimizer: Repeated Expression Elimination
debug: Optimizing subroutine examples.struct_in_box.contract.ExampleContract.read_from_box
debug: Optimizer: Constant Replacer
debug: Optimizer: Copy Propagation
debug: Optimizer: Intrinsic Simplifier
debug: Optimizer: Remove Unused Variables
debug: Optimizer: Inner Txn Field Replacer
debug: Optimizer: Simplify Control Ops
debug: Optimizer: Remove Linear Jump
debug: Optimizer: Remove Empty Blocks
debug: Optimizer: Remove Unreachable Blocks
debug: Optimizer: Repeated Expression Elimination
debug: Optimizing subroutine examples.struct_in_box.contract.ExampleContract.get_user
debug: Optimizer: Constant Replacer
debug: Optimizer: Copy Propagation
debug: Optimizer: Intrinsic Simplifier
debug: Optimizer: Remove Unused Variables
debug: Optimizer: Inner Txn Field Replacer
debug: Optimizer: Simplify Control Ops
debug: Optimizer: Remove Linear Jump
debug: Optimizer: Remove Empty Blocks
debug: Optimizer: Remove Unreachable Blocks
debug: Optimizer: Repeated Expression Elimination
debug: Optimizing subroutine examples.struct_in_box.contract.ExampleContract.clear_state_program
debug: Optimizer: Constant Replacer
debug: Optimizer: Copy Propagation
debug: Optimizer: Intrinsic Simplifier
debug: Optimizer: Remove Unused Variables
debug: Optimizer: Inner Txn Field Replacer
debug: Optimizer: Simplify Control Ops
debug: Optimizer: Remove Linear Jump
debug: Optimizer: Remove Empty Blocks
debug: Optimizer: Remove Unreachable Blocks
debug: Optimizer: Repeated Expression Elimination
debug: No optimizations performed in pass 2, ending loop
debug: Removing Phis from examples.struct_in_box.contract.ExampleContract.approval_program
debug: Removing Phis from examples.struct_in_box.contract.ExampleContract.add_user
debug: Removing Phis from examples.struct_in_box.contract.ExampleContract.box_exists
debug: Removing Phis from examples.struct_in_box.contract.ExampleContract.write_to_box
debug: Removing Phis from examples.struct_in_box.contract.ExampleContract.attach_asset_to_user
debug: Removing Phis from examples.struct_in_box.contract.ExampleContract.read_from_box
debug: Removing Phis from examples.struct_in_box.contract.ExampleContract.get_user
debug: Removing Phis from examples.struct_in_box.contract.ExampleContract.clear_state_program
debug: Coalescing local variables in examples.struct_in_box.contract.ExampleContract.approval_program using strategy RootOperandGrouping
debug: Coalescing resulted in 0 replacement/s
debug: Coalescing local variables in examples.struct_in_box.contract.ExampleContract.add_user using strategy RootOperandGrouping
debug: Coalescing user#0 with [user#1]
debug: Coalescing resulted in 1 replacement/s
debug: Coalescing local variables in examples.struct_in_box.contract.ExampleContract.box_exists using strategy RootOperandGrouping
debug: Coalescing resulted in 0 replacement/s
debug: Coalescing local variables in examples.struct_in_box.contract.ExampleContract.write_to_box using strategy RootOperandGrouping
debug: Coalescing resulted in 0 replacement/s
debug: Coalescing local variables in examples.struct_in_box.contract.ExampleContract.attach_asset_to_user using strategy RootOperandGrouping
debug: Coalescing user#0 with [user#1, user#2]
debug: Coalescing resulted in 3 replacement/s
debug: Coalescing local variables in examples.struct_in_box.contract.ExampleContract.read_from_box using strategy RootOperandGrouping
debug: Coalescing resulted in 0 replacement/s
debug: Coalescing local variables in examples.struct_in_box.contract.ExampleContract.get_user using strategy RootOperandGrouping
debug: Coalescing resulted in 0 replacement/s
debug: Coalescing local variables in examples.struct_in_box.contract.ExampleContract.clear_state_program using strategy RootOperandGrouping
debug: Coalescing resulted in 0 replacement/s
debug: Sequentializing parallel copies in examples.struct_in_box.contract.ExampleContract.approval_program
debug: Sequentializing parallel copies in examples.struct_in_box.contract.ExampleContract.add_user
debug: Sequentializing parallel copies in examples.struct_in_box.contract.ExampleContract.box_exists
debug: Sequentializing parallel copies in examples.struct_in_box.contract.ExampleContract.write_to_box
debug: Sequentializing parallel copies in examples.struct_in_box.contract.ExampleContract.attach_asset_to_user
debug: Sequentializing parallel copies in examples.struct_in_box.contract.ExampleContract.read_from_box
debug: Sequentializing parallel copies in examples.struct_in_box.contract.ExampleContract.get_user
debug: Sequentializing parallel copies in examples.struct_in_box.contract.ExampleContract.clear_state_program
debug: Performing post-SSA optimizations
debug: Output IR to struct_in_box/out/ExampleContract.destructured.ir
debug: Inserted main_block@0.ops[1]: 'store tmp%0#0 to l-stack (copy)'
debug: Replaced main_block@0.ops[3]: 'load tmp%0#0' with 'load tmp%0#0 from l-stack (no copy)'
debug: Inserted main_abi_routing@1.ops[1]: 'store tmp%1#0 to l-stack (copy)'
debug: Replaced main_abi_routing@1.ops[6]: 'load tmp%1#0' with 'load tmp%1#0 from l-stack (no copy)'
debug: Inserted main_add_user_route@2.ops[1]: 'store tmp%2#0 to l-stack (copy)'
debug: Replaced main_add_user_route@2.ops[3]: 'load tmp%2#0' with 'load tmp%2#0 from l-stack (no copy)'
debug: Inserted main_add_user_route@2.ops[5]: 'store tmp%3#0 to l-stack (copy)'
debug: Replaced main_add_user_route@2.ops[7]: 'load tmp%3#0' with 'load tmp%3#0 from l-stack (no copy)'
debug: Inserted main_add_user_route@2.ops[10]: 'store tmp%4#0 to l-stack (copy)'
debug: Replaced main_add_user_route@2.ops[12]: 'load tmp%4#0' with 'load tmp%4#0 from l-stack (no copy)'
debug: Inserted main_add_user_route@2.ops[15]: 'store tmp%5#0 to l-stack (copy)'
debug: Replaced main_add_user_route@2.ops[17]: 'load tmp%5#0' with 'load tmp%5#0 from l-stack (no copy)'
debug: Inserted main_attach_asset_to_user_route@3.ops[1]: 'store tmp%6#0 to l-stack (copy)'
debug: Replaced main_attach_asset_to_user_route@3.ops[3]: 'load tmp%6#0' with 'load tmp%6#0 from l-stack (no copy)'
debug: Inserted main_attach_asset_to_user_route@3.ops[5]: 'store tmp%7#0 to l-stack (copy)'
debug: Replaced main_attach_asset_to_user_route@3.ops[7]: 'load tmp%7#0' with 'load tmp%7#0 from l-stack (no copy)'
debug: Inserted main_attach_asset_to_user_route@3.ops[10]: 'store tmp%8#0 to l-stack (copy)'
debug: Replaced main_attach_asset_to_user_route@3.ops[12]: 'load tmp%8#0' with 'load tmp%8#0 from l-stack (no copy)'
debug: Inserted main_attach_asset_to_user_route@3.ops[17]: 'store tmp%10#0 to l-stack (copy)'
debug: Replaced main_attach_asset_to_user_route@3.ops[19]: 'load tmp%10#0' with 'load tmp%10#0 from l-stack (no copy)'
debug: Inserted main_attach_asset_to_user_route@3.ops[21]: 'store tmp%11#0 to l-stack (copy)'
debug: Replaced main_attach_asset_to_user_route@3.ops[23]: 'load tmp%11#0' with 'load tmp%11#0 from l-stack (no copy)'
debug: Inserted main_attach_asset_to_user_route@3.ops[25]: 'store tmp%12#0 to l-stack (copy)'
debug: Replaced main_attach_asset_to_user_route@3.ops[28]: 'load tmp%12#0' with 'load tmp%12#0 from l-stack (no copy)'
debug: Inserted main_attach_asset_to_user_route@3.ops[15]: 'store tmp%9#0 to l-stack (copy)'
debug: Replaced main_attach_asset_to_user_route@3.ops[28]: 'load tmp%9#0' with 'load tmp%9#0 from l-stack (no copy)'
debug: Inserted main_get_user_route@4.ops[1]: 'store tmp%13#0 to l-stack (copy)'
debug: Replaced main_get_user_route@4.ops[3]: 'load tmp%13#0' with 'load tmp%13#0 from l-stack (no copy)'
debug: Inserted main_get_user_route@4.ops[5]: 'store tmp%14#0 to l-stack (copy)'
debug: Replaced main_get_user_route@4.ops[7]: 'load tmp%14#0' with 'load tmp%14#0 from l-stack (no copy)'
debug: Inserted main_get_user_route@4.ops[10]: 'store tmp%15#0 to l-stack (copy)'
debug: Replaced main_get_user_route@4.ops[12]: 'load tmp%15#0' with 'load tmp%15#0 from l-stack (no copy)'
debug: Inserted main_get_user_route@4.ops[15]: 'store tmp%16#0 to l-stack (copy)'
debug: Replaced main_get_user_route@4.ops[17]: 'load tmp%16#0' with 'load tmp%16#0 from l-stack (no copy)'
debug: Inserted main_get_user_route@4.ops[23]: 'store tmp%18#0 to l-stack (copy)'
debug: Replaced main_get_user_route@4.ops[25]: 'load tmp%18#0' with 'load tmp%18#0 from l-stack (no copy)'
debug: Inserted main_get_user_route@4.ops[19]: 'store tmp%17#0 to l-stack (copy)'
debug: Replaced main_get_user_route@4.ops[22]: 'load tmp%17#0' with 'load tmp%17#0 from l-stack (no copy)'
debug: Inserted main_bare_routing@7.ops[1]: 'store tmp%19#0 to l-stack (copy)'
debug: Replaced main_bare_routing@7.ops[3]: 'load tmp%19#0' with 'load tmp%19#0 from l-stack (no copy)'
debug: Inserted main_bare_routing@7.ops[5]: 'store not%tmp%19#0 to l-stack (copy)'
debug: Replaced main_bare_routing@7.ops[7]: 'load not%tmp%19#0' with 'load not%tmp%19#0 from l-stack (no copy)'
debug: Inserted main_bare_routing@7.ops[10]: 'store tmp%20#0 to l-stack (copy)'
debug: Replaced main_bare_routing@7.ops[12]: 'load tmp%20#0' with 'load tmp%20#0 from l-stack (no copy)'
debug: Inserted main_bare_routing@7.ops[14]: 'store tmp%21#0 to l-stack (copy)'
debug: Replaced main_bare_routing@7.ops[16]: 'load tmp%21#0' with 'load tmp%21#0 from l-stack (no copy)'
debug: Found 2 edge set/s for examples.struct_in_box.contract.ExampleContract.approval_program
debug: Inserted add_user_block@0.ops[2]: 'store tmp%0#0 to l-stack (copy)'
debug: Replaced add_user_block@0.ops[4]: 'load tmp%0#0' with 'load tmp%0#0 from l-stack (no copy)'
debug: Inserted add_user_block@0.ops[6]: 'store tmp%1#0 to l-stack (copy)'
debug: Replaced add_user_block@0.ops[8]: 'load tmp%1#0' with 'load tmp%1#0 from l-stack (no copy)'
debug: Inserted add_user_block@0.ops[10]: 'store tmp%2#0 to l-stack (copy)'
debug: Replaced add_user_block@0.ops[12]: 'load tmp%2#0' with 'load tmp%2#0 from l-stack (no copy)'
debug: Inserted box_exists_block@0.ops[2]: 'store exists#0 to l-stack (copy)'
debug: Replaced box_exists_block@0.ops[5]: 'load exists#0' with 'load exists#0 from l-stack (no copy)'
debug: Inserted write_to_box_block@0.ops[2]: 'store box_key#0 to l-stack (copy)'
debug: Replaced write_to_box_block@0.ops[4]: 'load box_key#0' with 'load box_key#0 from l-stack (no copy)'
debug: Inserted write_to_box_block@0.ops[5]: 'store box_key#0 to l-stack (copy)'
debug: Replaced write_to_box_block@0.ops[8]: 'load box_key#0' with 'load box_key#0 from l-stack (no copy)'
debug: Inserted attach_asset_to_user_block@0.ops[9]: 'store user#0 to l-stack (copy)'
debug: Replaced attach_asset_to_user_block@0.ops[11]: 'load user#0' with 'load user#0 from l-stack (no copy)'
debug: Inserted attach_asset_to_user_block@0.ops[5]: 'store val_as_bytes%0#0 to l-stack (copy)'
debug: Replaced attach_asset_to_user_block@0.ops[8]: 'load val_as_bytes%0#0' with 'load val_as_bytes%0#0 from l-stack (no copy)'
debug: Inserted attach_asset_to_user_block@0.ops[2]: 'store user#0 to l-stack (copy)'
debug: Replaced attach_asset_to_user_block@0.ops[8]: 'load user#0' with 'load user#0 from l-stack (no copy)'
debug: Inserted read_from_box_block@0.ops[2]: 'store exists#0 to l-stack (copy)'
debug: Replaced read_from_box_block@0.ops[5]: 'load exists#0' with 'load exists#0 from l-stack (no copy)'
debug: Inserted read_from_box_block@0.ops[4]: 'store box_data#0 to l-stack (copy)'
debug: Replaced read_from_box_block@0.ops[8]: 'load box_data#0' with 'load box_data#0 from l-stack (no copy)'
debug: Inserted get_user_block@0.ops[2]: 'store tmp%0#0 to l-stack (copy)'
debug: Replaced get_user_block@0.ops[4]: 'load tmp%0#0' with 'load tmp%0#0 from l-stack (no copy)'
info: Writing struct_in_box/out/ExampleContract.approval.teal
info: Writing struct_in_box/out/ExampleContract.clear.teal
info: Writing struct_in_box/out/ExampleContract.arc32.json
info: Writing struct_in_box/out/client_ExampleContract.py