>> poetry run puyapy -O1 --output-ssa-ir --output-optimization-ir --output-final-ir --output-cssa-ir --output-post-ssa-ir --output-parallel-copies-ir --out-dir=out --debug-level=1 --log-level=debug koopman
debug: Building AWST for __init__.py
debug: Building AWST for koopman
debug: Building AWST for embedded puyapy lib at <puya>/puyapy_lib_bytes.py
debug: Building AWST for embedded puyapy lib at <puya>/puyapy.py
debug: Building AWST for koopman/contract.py
debug: Sealing block@0: // L5
debug: Terminated block@0: // L5
debug: Looking for 'start' in an unsealed block creating an incomplete Phi: block@1: // while_top_L11
debug: Created Phi assignment: let start#1: uint64 = undefined while trying to resolve 'start' in block@1: // while_top_L11
debug: Looking for 'item' in an unsealed block creating an incomplete Phi: block@1: // while_top_L11
debug: Created Phi assignment: let item#1: bytes = undefined while trying to resolve 'item' in block@1: // while_top_L11
debug: Looking for 'sequence' in an unsealed block creating an incomplete Phi: block@1: // while_top_L11
debug: Created Phi assignment: let sequence#1: bytes = undefined while trying to resolve 'sequence' in block@1: // while_top_L11
debug: Terminated block@1: // while_top_L11
debug: Sealing block@None: // while_body_L11
debug: Terminated block@2: // while_body_L11
debug: Sealing block@None: // if_body_L12
debug: Sealing block@None: // else_body_L12
debug: Terminated block@3: // if_body_L12
debug: Sealing block@4: // after_if_else_L12
debug: Terminated block@4: // after_if_else_L12
debug: Sealing block@1: // while_top_L11
debug: Added start#0 to Phi node: let start#1: uint64 = φ(start#0 <- block@0) in block@0: // L5
debug: Added start#2 to Phi node: let start#1: uint64 = φ(start#0 <- block@0, start#2 <- block@4) in block@4: // after_if_else_L12
debug: Added item#0 to Phi node: let item#1: bytes = φ(item#0 <- block@0) in block@0: // L5
debug: Added item#1 to Phi node: let item#1: bytes = φ(item#0 <- block@0, item#1 <- block@4) in block@4: // after_if_else_L12
debug: Replacing trivial Phi node: let item#1: bytes = φ(item#0 <- block@0, item#1 <- block@4) (item#1) with item#0
debug: Deleting Phi assignment: let item#1: bytes = φ(item#0 <- block@0, item#1 <- block@4)
debug: Replaced trivial Phi node: let item#1: bytes = φ(item#0 <- block@0, item#1 <- block@4) (item#1) with item#0 in current definition for 3 blocks
debug: Added sequence#0 to Phi node: let sequence#1: bytes = φ(sequence#0 <- block@0) in block@0: // L5
debug: Added sequence#1 to Phi node: let sequence#1: bytes = φ(sequence#0 <- block@0, sequence#1 <- block@4) in block@4: // after_if_else_L12
debug: Replacing trivial Phi node: let sequence#1: bytes = φ(sequence#0 <- block@0, sequence#1 <- block@4) (sequence#1) with sequence#0
debug: Deleting Phi assignment: let sequence#1: bytes = φ(sequence#0 <- block@0, sequence#1 <- block@4)
debug: Replaced trivial Phi node: let sequence#1: bytes = φ(sequence#0 <- block@0, sequence#1 <- block@4) (sequence#1) with sequence#0 in current definition for 3 blocks
debug: Sealing block@None: // after_while_L11
debug: Terminated block@5: // after_while_L11
debug: Sealing block@0: // L5
debug: Terminated block@0: // L5
debug: Looking for 'start' in an unsealed block creating an incomplete Phi: block@1: // while_top_L11
debug: Created Phi assignment: let start#1: uint64 = undefined while trying to resolve 'start' in block@1: // while_top_L11
debug: Looking for 'item' in an unsealed block creating an incomplete Phi: block@1: // while_top_L11
debug: Created Phi assignment: let item#1: bytes = undefined while trying to resolve 'item' in block@1: // while_top_L11
debug: Looking for 'sequence' in an unsealed block creating an incomplete Phi: block@1: // while_top_L11
debug: Created Phi assignment: let sequence#1: bytes = undefined while trying to resolve 'sequence' in block@1: // while_top_L11
debug: Terminated block@1: // while_top_L11
debug: Sealing block@None: // while_body_L11
debug: Terminated block@2: // while_body_L11
debug: Sealing block@None: // if_body_L12
debug: Sealing block@None: // else_body_L12
debug: Terminated block@3: // if_body_L12
debug: Sealing block@4: // after_if_else_L12
debug: Terminated block@4: // after_if_else_L12
debug: Sealing block@1: // while_top_L11
debug: Added start#0 to Phi node: let start#1: uint64 = φ(start#0 <- block@0) in block@0: // L5
debug: Added start#2 to Phi node: let start#1: uint64 = φ(start#0 <- block@0, start#2 <- block@4) in block@4: // after_if_else_L12
debug: Added item#0 to Phi node: let item#1: bytes = φ(item#0 <- block@0) in block@0: // L5
debug: Added item#1 to Phi node: let item#1: bytes = φ(item#0 <- block@0, item#1 <- block@4) in block@4: // after_if_else_L12
debug: Replacing trivial Phi node: let item#1: bytes = φ(item#0 <- block@0, item#1 <- block@4) (item#1) with item#0
debug: Deleting Phi assignment: let item#1: bytes = φ(item#0 <- block@0, item#1 <- block@4)
debug: Replaced trivial Phi node: let item#1: bytes = φ(item#0 <- block@0, item#1 <- block@4) (item#1) with item#0 in current definition for 3 blocks
debug: Added sequence#0 to Phi node: let sequence#1: bytes = φ(sequence#0 <- block@0) in block@0: // L5
debug: Added sequence#1 to Phi node: let sequence#1: bytes = φ(sequence#0 <- block@0, sequence#1 <- block@4) in block@4: // after_if_else_L12
debug: Replacing trivial Phi node: let sequence#1: bytes = φ(sequence#0 <- block@0, sequence#1 <- block@4) (sequence#1) with sequence#0
debug: Deleting Phi assignment: let sequence#1: bytes = φ(sequence#0 <- block@0, sequence#1 <- block@4)
debug: Replaced trivial Phi node: let sequence#1: bytes = φ(sequence#0 <- block@0, sequence#1 <- block@4) (sequence#1) with sequence#0 in current definition for 3 blocks
debug: Sealing block@None: // after_while_L11
debug: Terminated block@5: // after_while_L11
debug: Sealing block@0: // L7
debug: Terminated block@0: // L7
debug: Sealing block@0: // L16
debug: Terminated block@0: // L16
debug: Output IR to <git root>/examples/koopman/out/contract_MyContract.ssa.ir
info: Optimizing examples.koopman.contract.MyContract at level 1
debug: Begin optimization pass 1/100
debug: Optimizing subroutine examples.koopman.contract.MyContract.approval_program
debug: Splitting parallel copies prior to optimization
debug: Optimizer: Arithmetic Simplification
debug: Optimizer: Constant Replacer
debug: Optimizer: Copy Propagation
debug: Optimizer: Intrinsic Simplifier
debug: Optimizer: Remove Unused Variables
debug: Removing unused variable a#0
debug: Removing unused variable c#0
debug: Optimizer: Simplify Conditional Branches
debug: Optimizer: Remove Linear Jump
debug: Optimizer: Remove Empty Blocks
debug: Optimizer: Remove Unreachable Blocks
debug: Optimizing subroutine examples.koopman.contract.MyContract.clear_state_program
debug: Splitting parallel copies prior to optimization
debug: Optimizer: Arithmetic Simplification
debug: Optimizer: Constant Replacer
debug: Optimizer: Copy Propagation
debug: Optimizer: Intrinsic Simplifier
debug: Optimizer: Remove Unused Variables
debug: Optimizer: Simplify Conditional Branches
debug: Optimizer: Remove Linear Jump
debug: Optimizer: Remove Empty Blocks
debug: Optimizer: Remove Unreachable Blocks
debug: Output IR to <git root>/examples/koopman/out/contract_MyContract.ssa.opt_pass_1.ir
debug: Begin optimization pass 2/100
debug: Optimizing subroutine examples.koopman.contract.MyContract.approval_program
debug: Optimizer: Arithmetic Simplification
debug: Folded 75 + 77 to 152
debug: Optimizer: Constant Replacer
debug: Optimizer: Copy Propagation
debug: Optimizer: Intrinsic Simplifier
debug: Optimizer: Remove Unused Variables
debug: Removing unused variable b#0
debug: Optimizer: Simplify Conditional Branches
debug: Optimizer: Remove Linear Jump
debug: Optimizer: Remove Empty Blocks
debug: Optimizer: Remove Unreachable Blocks
debug: Optimizing subroutine examples.koopman.contract.MyContract.clear_state_program
debug: Optimizer: Arithmetic Simplification
debug: Optimizer: Constant Replacer
debug: Optimizer: Copy Propagation
debug: Optimizer: Intrinsic Simplifier
debug: Optimizer: Remove Unused Variables
debug: Optimizer: Simplify Conditional Branches
debug: Optimizer: Remove Linear Jump
debug: Optimizer: Remove Empty Blocks
debug: Optimizer: Remove Unreachable Blocks
debug: Output IR to <git root>/examples/koopman/out/contract_MyContract.ssa.opt_pass_2.ir
debug: Begin optimization pass 3/100
debug: Optimizing subroutine examples.koopman.contract.MyContract.approval_program
debug: Optimizer: Arithmetic Simplification
debug: Folded 152 + 5 to 157
debug: Optimizer: Constant Replacer
debug: Optimizer: Copy Propagation
debug: Optimizer: Intrinsic Simplifier
debug: Optimizer: Remove Unused Variables
debug: Removing unused variable a#1
debug: Optimizer: Simplify Conditional Branches
debug: Optimizer: Remove Linear Jump
debug: Optimizer: Remove Empty Blocks
debug: Optimizer: Remove Unreachable Blocks
debug: Optimizing subroutine examples.koopman.contract.MyContract.clear_state_program
debug: Optimizer: Arithmetic Simplification
debug: Optimizer: Constant Replacer
debug: Optimizer: Copy Propagation
debug: Optimizer: Intrinsic Simplifier
debug: Optimizer: Remove Unused Variables
debug: Optimizer: Simplify Conditional Branches
debug: Optimizer: Remove Linear Jump
debug: Optimizer: Remove Empty Blocks
debug: Optimizer: Remove Unreachable Blocks
debug: Output IR to <git root>/examples/koopman/out/contract_MyContract.ssa.opt_pass_3.ir
debug: Begin optimization pass 4/100
debug: Optimizing subroutine examples.koopman.contract.MyContract.approval_program
debug: Optimizer: Arithmetic Simplification
debug: Folded 152 + 157 to 309
debug: Optimizer: Constant Replacer
debug: Optimizer: Copy Propagation
debug: Optimizer: Intrinsic Simplifier
debug: Optimizer: Remove Unused Variables
debug: Removing unused variable c#1
debug: Optimizer: Simplify Conditional Branches
debug: Optimizer: Remove Linear Jump
debug: Optimizer: Remove Empty Blocks
debug: Optimizer: Remove Unreachable Blocks
debug: Optimizing subroutine examples.koopman.contract.MyContract.clear_state_program
debug: Optimizer: Arithmetic Simplification
debug: Optimizer: Constant Replacer
debug: Optimizer: Copy Propagation
debug: Optimizer: Intrinsic Simplifier
debug: Optimizer: Remove Unused Variables
debug: Optimizer: Simplify Conditional Branches
debug: Optimizer: Remove Linear Jump
debug: Optimizer: Remove Empty Blocks
debug: Optimizer: Remove Unreachable Blocks
debug: Output IR to <git root>/examples/koopman/out/contract_MyContract.ssa.opt_pass_4.ir
debug: Begin optimization pass 5/100
debug: Optimizing subroutine examples.koopman.contract.MyContract.approval_program
debug: Optimizer: Arithmetic Simplification
debug: Optimizer: Constant Replacer
debug: Optimizer: Copy Propagation
debug: Optimizer: Intrinsic Simplifier
debug: Optimizer: Remove Unused Variables
debug: Optimizer: Simplify Conditional Branches
debug: Optimizer: Remove Linear Jump
debug: Optimizer: Remove Empty Blocks
debug: Optimizer: Remove Unreachable Blocks
debug: Optimizing subroutine examples.koopman.contract.MyContract.clear_state_program
debug: Optimizer: Arithmetic Simplification
debug: Optimizer: Constant Replacer
debug: Optimizer: Copy Propagation
debug: Optimizer: Intrinsic Simplifier
debug: Optimizer: Remove Unused Variables
debug: Optimizer: Simplify Conditional Branches
debug: Optimizer: Remove Linear Jump
debug: Optimizer: Remove Empty Blocks
debug: Optimizer: Remove Unreachable Blocks
debug: No optimizations performed in pass 5, ending loop
debug: Output IR to <git root>/examples/koopman/out/contract_MyContract.cssa.ir
debug: Removing Phis from examples.koopman.contract.MyContract.approval_program
debug: Removing Phis from examples.koopman.contract.MyContract.clear_state_program
debug: Output IR to <git root>/examples/koopman/out/contract_MyContract.post_ssa.ir
debug: Sequentializing parallel copies in examples.koopman.contract.MyContract.approval_program
debug: Sequentializing parallel copies in examples.koopman.contract.MyContract.clear_state_program
debug: Output IR to <git root>/examples/koopman/out/contract_MyContract.parallel_copies.ir
debug: Coalescing local variables in examples.koopman.contract.MyContract.approval_program using strategy RootOperandGrouping
debug: Coalescing resulted in 0 replacement/s
debug: Coalescing local variables in examples.koopman.contract.MyContract.clear_state_program using strategy RootOperandGrouping
debug: Coalescing resulted in 0 replacement/s
debug: Output IR to <git root>/examples/koopman/out/contract_MyContract.final.ir
info: Writing koopman/out/contract.approval.teal
info: Writing koopman/out/contract.approval.debug.teal
info: Writing koopman/out/contract.clear.teal
info: Writing koopman/out/contract.clear.debug.teal
>> exit code = 0