>> poetry run puya -O1 --output-ssa-ir --output-optimization-ir --output-final-ir --output-cssa-ir --output-post-ssa-ir --output-parallel-copies-ir --out-dir=out --debug-level=1 --log-level=debug address_constant.py
debug: Building AWST for __init__.py
debug: Building AWST for embedded algopy lib at <puya>/algopy.py
debug: Building AWST for address_constant.py
debug: Sealing block@0: // L7
debug: Terminated block@0: // L7
debug: Sealing block@0: // L18
debug: Terminated block@0: // L18
debug: Output IR to <git root>/examples/out/address_constant_AddressConstantContract.ssa.ir
info: Optimizing examples.address_constant.AddressConstantContract at level 1
debug: Begin optimization pass 1/100
debug: Optimizing subroutine examples.address_constant.AddressConstantContract.approval_program
debug: Splitting parallel copies prior to optimization
debug: Optimizer: Arithmetic Simplification
debug: Optimizer: Constant Replacer
debug: Optimizer: Copy Propagation
debug: Found equivalence set: sender#0, sender_bytes#0
debug: Replacing {sender_bytes#0} with sender#0 made 1 modifications
debug: Optimizer: Intrinsic Simplifier
debug: Optimizer: Remove Unused Variables
debug: Removing unused variable some_address#0
debug: Removing unused variable some_address#1
debug: Optimizer: Simplify Conditional Branches
debug: Optimizer: Remove Linear Jump
debug: Optimizer: Remove Empty Blocks
debug: Optimizer: Remove Unreachable Blocks
debug: Optimizing subroutine examples.address_constant.AddressConstantContract.clear_state_program
debug: Splitting parallel copies prior to optimization
debug: Optimizer: Arithmetic Simplification
debug: Optimizer: Constant Replacer
debug: Optimizer: Copy Propagation
debug: Optimizer: Intrinsic Simplifier
debug: Optimizer: Remove Unused Variables
debug: Optimizer: Simplify Conditional Branches
debug: Optimizer: Remove Linear Jump
debug: Optimizer: Remove Empty Blocks
debug: Optimizer: Remove Unreachable Blocks
debug: Output IR to <git root>/examples/out/address_constant_AddressConstantContract.ssa.opt_pass_1.ir
debug: Begin optimization pass 2/100
debug: Optimizing subroutine examples.address_constant.AddressConstantContract.approval_program
debug: Optimizer: Arithmetic Simplification
debug: Optimizer: Constant Replacer
debug: Optimizer: Copy Propagation
debug: Optimizer: Intrinsic Simplifier
debug: Optimizer: Remove Unused Variables
debug: Optimizer: Simplify Conditional Branches
debug: Optimizer: Remove Linear Jump
debug: Optimizer: Remove Empty Blocks
debug: Optimizer: Remove Unreachable Blocks
debug: Optimizing subroutine examples.address_constant.AddressConstantContract.clear_state_program
debug: Optimizer: Arithmetic Simplification
debug: Optimizer: Constant Replacer
debug: Optimizer: Copy Propagation
debug: Optimizer: Intrinsic Simplifier
debug: Optimizer: Remove Unused Variables
debug: Optimizer: Simplify Conditional Branches
debug: Optimizer: Remove Linear Jump
debug: Optimizer: Remove Empty Blocks
debug: Optimizer: Remove Unreachable Blocks
debug: No optimizations performed in pass 2, ending loop
debug: Output IR to <git root>/examples/out/address_constant_AddressConstantContract.cssa.ir
debug: Removing Phis from examples.address_constant.AddressConstantContract.approval_program
debug: Removing Phis from examples.address_constant.AddressConstantContract.clear_state_program
debug: Output IR to <git root>/examples/out/address_constant_AddressConstantContract.post_ssa.ir
debug: Sequentializing parallel copies in examples.address_constant.AddressConstantContract.approval_program
debug: Sequentializing parallel copies in examples.address_constant.AddressConstantContract.clear_state_program
debug: Output IR to <git root>/examples/out/address_constant_AddressConstantContract.parallel_copies.ir
debug: Coalescing local variables in examples.address_constant.AddressConstantContract.approval_program using strategy RootOperandGrouping
debug: Coalescing resulted in 0 replacement/s
debug: Coalescing local variables in examples.address_constant.AddressConstantContract.clear_state_program using strategy RootOperandGrouping
debug: Coalescing resulted in 0 replacement/s
debug: Output IR to <git root>/examples/out/address_constant_AddressConstantContract.final.ir
debug: Inserted main_block@0.ops[1]: 'store sender#0 to l-stack (copy)'
debug: Replaced main_block@0.ops[3]: 'load sender#0' with 'load sender#0 from l-stack (no copy)'
debug: Inserted main_block@0.ops[6]: 'store tmp%0#0 to l-stack (copy)'
debug: Replaced main_block@0.ops[8]: 'load tmp%0#0' with 'load tmp%0#0 from l-stack (no copy)'
debug: Inserted main_block@0.ops[11]: 'store is_some_address#0 to l-stack (copy)'
debug: Replaced main_block@0.ops[13]: 'load is_some_address#0' with 'load is_some_address#0 from l-stack (no copy)'
debug: Inserted main_block@0.ops[15]: 'store tmp%1#0 to l-stack (copy)'
debug: Replaced main_block@0.ops[17]: 'load tmp%1#0' with 'load tmp%1#0 from l-stack (no copy)'
info: Writing out/address_constant.approval.teal
info: Writing out/address_constant.approval.debug.teal
info: Writing out/address_constant.clear.teal
info: Writing out/address_constant.clear.debug.teal
>> exit code = 0