>> poetry run algopy -O1 --output-ssa-ir --output-optimization-ir --output-final-ir --output-cssa-ir --output-post-ssa-ir --output-parallel-copies-ir --out-dir=out --debug-level=1 --log-level=debug simplish
debug: Building AWST for __init__.py
debug: Building AWST for simplish/__init__.py
debug: Building AWST for embedded algopy lib at <poya>/algopy.py
debug: Building AWST for simplish/base_class.py
debug: Building AWST for simplish/contract.py
debug: Sealing block@0: // L116
debug: Terminated block@0: // L116
debug: Sealing block@None: // if_body_L120
debug: Sealing block@None: // else_body_L120
debug: Terminated block@1: // if_body_L120
debug: Sealing block@2: // after_if_else_L120
debug: Terminated block@2: // after_if_else_L120
debug: Sealing block@0: // L16
debug: Terminated block@0: // L16
debug: Sealing block@0: // L69
debug: Terminated block@0: // L69
debug: Sealing block@None: // if_body_L74
debug: Sealing block@None: // else_body_L74
debug: Terminated block@1: // if_body_L74
debug: Terminated block@2: // else_body_L74
debug: Sealing block@None: // if_body_L77
debug: Sealing block@None: // else_body_L77
debug: Terminated block@3: // if_body_L77
debug: Terminated block@4: // else_body_L77
debug: Sealing block@None: // if_body_L80
debug: Sealing block@None: // else_body_L80
debug: Terminated block@5: // if_body_L80
debug: Terminated block@6: // else_body_L80
debug: Sealing block@7: // after_if_else_L80
debug: Terminated block@7: // after_if_else_L80
debug: Sealing block@8: // after_if_else_L77
debug: Terminated block@8: // after_if_else_L77
debug: Sealing block@9: // after_if_else_L74
debug: Created Phi assignment: let result#4: bytes = undefined while trying to resolve 'result' in block@9: // after_if_else_L74
debug: Added result#0 to Phi node: let result#4: bytes = φ(result#0 <- block@1) in block@1: // if_body_L74
debug: Created Phi assignment: let result#5: bytes = undefined while trying to resolve 'result' in block@8: // after_if_else_L77
debug: Added result#1 to Phi node: let result#5: bytes = φ(result#1 <- block@3) in block@3: // if_body_L77
debug: Created Phi assignment: let result#6: bytes = undefined while trying to resolve 'result' in block@7: // after_if_else_L80
debug: Added result#2 to Phi node: let result#6: bytes = φ(result#2 <- block@5) in block@5: // if_body_L80
debug: Added result#3 to Phi node: let result#6: bytes = φ(result#2 <- block@5, result#3 <- block@6) in block@6: // else_body_L80
debug: Added result#6 to Phi node: let result#5: bytes = φ(result#1 <- block@3, result#6 <- block@7) in block@7: // after_if_else_L80
debug: Added result#5 to Phi node: let result#4: bytes = φ(result#0 <- block@1, result#5 <- block@8) in block@8: // after_if_else_L77
debug: Created Phi assignment: let status#2: uint64 = undefined while trying to resolve 'status' in block@9: // after_if_else_L74
debug: Added status#0 to Phi node: let status#2: uint64 = φ(status#0 <- block@1) in block@1: // if_body_L74
debug: Created Phi assignment: let status#3: uint64 = undefined while trying to resolve 'status' in block@8: // after_if_else_L77
debug: Added status#0 to Phi node: let status#3: uint64 = φ(status#0 <- block@3) in block@3: // if_body_L77
debug: Created Phi assignment: let status#4: uint64 = undefined while trying to resolve 'status' in block@7: // after_if_else_L80
debug: Added status#0 to Phi node: let status#4: uint64 = φ(status#0 <- block@5) in block@5: // if_body_L80
debug: Added status#1 to Phi node: let status#4: uint64 = φ(status#0 <- block@5, status#1 <- block@6) in block@6: // else_body_L80
debug: Added status#4 to Phi node: let status#3: uint64 = φ(status#0 <- block@3, status#4 <- block@7) in block@7: // after_if_else_L80
debug: Added status#3 to Phi node: let status#2: uint64 = φ(status#0 <- block@1, status#3 <- block@8) in block@8: // after_if_else_L77
debug: Terminated block@9: // after_if_else_L74
debug: Sealing block@0: // L109
debug: Terminated block@0: // L109
debug: Sealing block@0: // L102
debug: Terminated block@0: // L102
debug: Sealing block@0: // L96
debug: Terminated block@0: // L96
debug: Sealing block@0: // L12
debug: Terminated block@0: // L12
debug: Sealing block@0: // L7
debug: Terminated block@0: // L7
debug: Sealing block@0: // L28
debug: Terminated block@0: // L28
debug: Sealing block@None: // on_create_L7
debug: Terminated block@1: // on_create_L7
debug: Sealing block@2: // entrypoint_L7
debug: Terminated block@2: // entrypoint_L7
debug: Sealing block@None: // if_body_L29
debug: Sealing block@None: // else_body_L29
debug: Terminated block@3: // if_body_L29
debug: Sealing block@4: // after_if_else_L29
debug: Terminated block@4: // after_if_else_L29
debug: Sealing block@None: // if_body_L33
debug: Sealing block@None: // else_body_L33
debug: Terminated block@5: // if_body_L33
debug: Sealing block@None: // if_body_L37
debug: Sealing block@None: // else_body_L37
debug: Terminated block@6: // if_body_L37
debug: Sealing block@7: // after_if_else_L37
debug: Created Phi assignment: let sender#1: bytes = undefined while trying to resolve 'sender' in block@7: // after_if_else_L37
debug: Added sender#0 to Phi node: let sender#1: bytes = φ(sender#0 <- block@5) in block@5: // if_body_L33
debug: Added sender#0 to Phi node: let sender#1: bytes = φ(sender#0 <- block@5, sender#0 <- block@6) in block@6: // if_body_L37
debug: Replacing trivial Phi node: let sender#1: bytes = φ(sender#0 <- block@5, sender#0 <- block@6) (sender#1) with sender#0
debug: Deleting Phi assignment: let sender#1: bytes = φ(sender#0 <- block@5, sender#0 <- block@6)
debug: Replaced trivial Phi node: let sender#1: bytes = φ(sender#0 <- block@5, sender#0 <- block@6) (sender#1) with sender#0 in current definition for 1 blocks
debug: Terminated block@7: // after_if_else_L37
debug: Sealing block@8: // after_if_else_L33
debug: Terminated block@8: // after_if_else_L33
debug: Sealing block@None: // if_body_L41
debug: Sealing block@None: // else_body_L41
debug: Terminated block@9: // if_body_L41
debug: Sealing block@None: // if_body_L42
debug: Sealing block@None: // else_body_L42
debug: Terminated block@10: // if_body_L42
debug: Sealing block@11: // after_if_else_L42
debug: Terminated block@11: // after_if_else_L42
debug: Sealing block@12: // after_if_else_L41
debug: Terminated block@12: // after_if_else_L41
debug: Sealing block@None: // if_body_L45
debug: Sealing block@None: // else_body_L45
debug: Terminated block@13: // if_body_L45
debug: Sealing block@14: // after_if_else_L45
debug: Terminated block@14: // after_if_else_L45
debug: Sealing block@None: // if_body_L48
debug: Sealing block@None: // else_body_L48
debug: Terminated block@15: // if_body_L48
debug: Terminated block@16: // else_body_L48
debug: Sealing block@None: // if_body_L51
debug: Sealing block@None: // else_body_L51
debug: Terminated block@17: // if_body_L51
debug: Sealing block@None: // if_body_L53
debug: Sealing block@None: // else_body_L53
debug: Terminated block@18: // if_body_L53
debug: Terminated block@19: // else_body_L53
debug: Sealing block@20: // after_if_else_L53
debug: Terminated block@20: // after_if_else_L53
debug: Terminated block@21: // else_body_L51
debug: Sealing block@22: // after_if_else_L51
debug: Terminated block@22: // after_if_else_L51
debug: Sealing block@23: // after_if_else_L48
debug: Created Phi assignment: let msg#4: bytes = undefined while trying to resolve 'msg' in block@23: // after_if_else_L48
debug: Added msg#0 to Phi node: let msg#4: bytes = φ(msg#0 <- block@15) in block@15: // if_body_L48
debug: Created Phi assignment: let msg#5: bytes = undefined while trying to resolve 'msg' in block@22: // after_if_else_L51
debug: Created Phi assignment: let msg#6: bytes = undefined while trying to resolve 'msg' in block@20: // after_if_else_L53
debug: Added msg#1 to Phi node: let msg#6: bytes = φ(msg#1 <- block@18) in block@18: // if_body_L53
debug: Added msg#2 to Phi node: let msg#6: bytes = φ(msg#1 <- block@18, msg#2 <- block@19) in block@19: // else_body_L53
debug: Added msg#6 to Phi node: let msg#5: bytes = φ(msg#6 <- block@20) in block@20: // after_if_else_L53
debug: Added msg#3 to Phi node: let msg#5: bytes = φ(msg#6 <- block@20, msg#3 <- block@21) in block@21: // else_body_L51
debug: Added msg#5 to Phi node: let msg#4: bytes = φ(msg#0 <- block@15, msg#5 <- block@22) in block@22: // after_if_else_L51
debug: Created Phi assignment: let result#3: uint64 = undefined while trying to resolve 'result' in block@23: // after_if_else_L48
debug: Added result#0 to Phi node: let result#3: uint64 = φ(result#0 <- block@15) in block@15: // if_body_L48
debug: Created Phi assignment: let result#4: uint64 = undefined while trying to resolve 'result' in block@22: // after_if_else_L51
debug: Added result#1 to Phi node: let result#4: uint64 = φ(result#1 <- block@20) in block@20: // after_if_else_L53
debug: Added result#2 to Phi node: let result#4: uint64 = φ(result#1 <- block@20, result#2 <- block@21) in block@21: // else_body_L51
debug: Added result#4 to Phi node: let result#3: uint64 = φ(result#0 <- block@15, result#4 <- block@22) in block@22: // after_if_else_L51
debug: Terminated block@23: // after_if_else_L48
debug: Sealing block@0: // L65
debug: Terminated block@0: // L65
debug: Output IR to <git root>/examples/simplish/out/contract_Simplish.ssa.ir
info: Optimizing examples.simplish.contract.Simplish at level 1
debug: Begin optimization pass 1/100
debug: Optimizing subroutine examples.simplish.contract.Simplish.approval_program
debug: Splitting parallel copies prior to optimization
debug: Optimizer: Arithmetic Simplification
debug: Optimizer: Constant Replacer
debug: Optimizer: Copy Propagation
debug: Found equivalence set: tuple_assignment%20#0, msg#0
debug: Replacing {tuple_assignment%20#0} with msg#0 made 1 modifications
debug: Found equivalence set: tuple_assignment%21#0, result#0
debug: Replacing {tuple_assignment%21#0} with result#0 made 1 modifications
debug: Found equivalence set: tuple_assignment%24#0, asset_balance#0
debug: Replacing {tuple_assignment%24#0} with asset_balance#0 made 1 modifications
debug: Found equivalence set: tuple_assignment%25#0, asset_exists#0
debug: Replacing {tuple_assignment%25#0} with asset_exists#0 made 1 modifications
debug: Optimizer: Intrinsic Simplifier
debug: Optimizer: Remove Unused Variables
debug: Optimizer: Simplify Conditional Branches
debug: Optimizer: Remove Linear Jump
debug: Optimizer: Remove Empty Blocks
debug: Optimizer: Remove Unreachable Blocks
debug: Optimizing subroutine examples.simplish.contract.itoa
debug: Splitting parallel copies prior to optimization
debug: Optimizer: Arithmetic Simplification
debug: Optimizer: Constant Replacer
debug: Optimizer: Copy Propagation
debug: Optimizer: Intrinsic Simplifier
debug: Optimizer: Remove Unused Variables
debug: Removing unused variable digits#0
debug: Optimizer: Simplify Conditional Branches
debug: Optimizer: Remove Linear Jump
debug: Optimizer: Remove Empty Blocks
debug: Optimizer: Remove Unreachable Blocks
debug: Optimizing subroutine examples.simplish.base_class.CallCounter.set_sender_nickname
debug: Splitting parallel copies prior to optimization
debug: Optimizer: Arithmetic Simplification
debug: Optimizer: Constant Replacer
debug: Optimizer: Copy Propagation
debug: Optimizer: Intrinsic Simplifier
debug: Optimizer: Remove Unused Variables
debug: Optimizer: Simplify Conditional Branches
debug: Optimizer: Remove Linear Jump
debug: Optimizer: Remove Empty Blocks
debug: Optimizer: Remove Unreachable Blocks
debug: Optimizing subroutine examples.simplish.contract.Simplish.call
debug: Splitting parallel copies prior to optimization
debug: Optimizer: Arithmetic Simplification
debug: Optimizer: Constant Replacer
debug: Optimizer: Copy Propagation
debug: Found equivalence set: tmp%5#0, area#1
debug: Replacing {tmp%5#0} with area#1 made 1 modifications
debug: Found equivalence set: tmp%6#0, circumference#1
debug: Replacing {tmp%6#0} with circumference#1 made 1 modifications
debug: Optimizer: Intrinsic Simplifier
debug: Optimizer: Remove Unused Variables
debug: Optimizer: Simplify Conditional Branches
debug: Optimizer: Remove Linear Jump
debug: Optimizer: Remove Empty Blocks
debug: Optimizer: Remove Unreachable Blocks
debug: Optimizing subroutine examples.simplish.contract.circle_area
debug: Splitting parallel copies prior to optimization
debug: Optimizer: Arithmetic Simplification
debug: Optimizer: Constant Replacer
debug: Optimizer: Copy Propagation
debug: Optimizer: Intrinsic Simplifier
debug: Optimizer: Remove Unused Variables
debug: Optimizer: Simplify Conditional Branches
debug: Optimizer: Remove Linear Jump
debug: Optimizer: Remove Empty Blocks
debug: Optimizer: Remove Unreachable Blocks
debug: Optimizing subroutine examples.simplish.contract.circle_circumference
debug: Splitting parallel copies prior to optimization
debug: Optimizer: Arithmetic Simplification
debug: Folded 2 * 314159 to 628318
debug: Optimizer: Constant Replacer
debug: Optimizer: Copy Propagation
debug: Optimizer: Intrinsic Simplifier
debug: Optimizer: Remove Unused Variables
debug: Removing unused variable two_pi#0
debug: Optimizer: Simplify Conditional Branches
debug: Optimizer: Remove Linear Jump
debug: Optimizer: Remove Empty Blocks
debug: Optimizer: Remove Unreachable Blocks
debug: Optimizing subroutine examples.simplish.contract.Simplish.increment_counter
debug: Splitting parallel copies prior to optimization
debug: Optimizer: Arithmetic Simplification
debug: Optimizer: Constant Replacer
debug: Optimizer: Copy Propagation
debug: Optimizer: Intrinsic Simplifier
debug: Optimizer: Remove Unused Variables
debug: Optimizer: Simplify Conditional Branches
debug: Optimizer: Remove Linear Jump
debug: Optimizer: Remove Empty Blocks
debug: Optimizer: Remove Unreachable Blocks
debug: Optimizing subroutine examples.simplish.base_class.CallCounter.increment_counter
debug: Splitting parallel copies prior to optimization
debug: Optimizer: Arithmetic Simplification
debug: Optimizer: Constant Replacer
debug: Optimizer: Copy Propagation
debug: Optimizer: Intrinsic Simplifier
debug: Optimizer: Remove Unused Variables
debug: Optimizer: Simplify Conditional Branches
debug: Optimizer: Remove Linear Jump
debug: Optimizer: Remove Empty Blocks
debug: Optimizer: Remove Unreachable Blocks
debug: Optimizing subroutine examples.simplish.base_class.CallCounter.__init__
debug: Splitting parallel copies prior to optimization
debug: Optimizer: Arithmetic Simplification
debug: Optimizer: Constant Replacer
debug: Optimizer: Copy Propagation
debug: Optimizer: Intrinsic Simplifier
debug: Optimizer: Remove Unused Variables
debug: Optimizer: Simplify Conditional Branches
debug: Optimizer: Remove Linear Jump
debug: Optimizer: Remove Empty Blocks
debug: Optimizer: Remove Unreachable Blocks
debug: Optimizing subroutine examples.simplish.contract.Simplish.clear_state_program
debug: Splitting parallel copies prior to optimization
debug: Optimizer: Arithmetic Simplification
debug: Optimizer: Constant Replacer
debug: Optimizer: Copy Propagation
debug: Optimizer: Intrinsic Simplifier
debug: Optimizer: Remove Unused Variables
debug: Optimizer: Simplify Conditional Branches
debug: Optimizer: Remove Linear Jump
debug: Optimizer: Remove Empty Blocks
debug: Optimizer: Remove Unreachable Blocks
debug: Output IR to <git root>/examples/simplish/out/contract_Simplish.ssa.opt_pass_1.ir
debug: Begin optimization pass 2/100
debug: Optimizing subroutine examples.simplish.contract.Simplish.approval_program
debug: Optimizer: Arithmetic Simplification
debug: Optimizer: Constant Replacer
debug: Optimizer: Copy Propagation
debug: Optimizer: Intrinsic Simplifier
debug: Optimizer: Remove Unused Variables
debug: Optimizer: Simplify Conditional Branches
debug: Optimizer: Remove Linear Jump
debug: Optimizer: Remove Empty Blocks
debug: Optimizer: Remove Unreachable Blocks
debug: Optimizing subroutine examples.simplish.contract.itoa
debug: Optimizer: Arithmetic Simplification
debug: Folded len("0123456789") to 10
debug: Optimizer: Constant Replacer
debug: Optimizer: Copy Propagation
debug: Optimizer: Intrinsic Simplifier
debug: Optimizer: Remove Unused Variables
debug: Removing unused variable radix#0
debug: Optimizer: Simplify Conditional Branches
debug: Optimizer: Remove Linear Jump
debug: Optimizer: Remove Empty Blocks
debug: Optimizer: Remove Unreachable Blocks
debug: Optimizing subroutine examples.simplish.base_class.CallCounter.set_sender_nickname
debug: Optimizer: Arithmetic Simplification
debug: Optimizer: Constant Replacer
debug: Optimizer: Copy Propagation
debug: Optimizer: Intrinsic Simplifier
debug: Optimizer: Remove Unused Variables
debug: Optimizer: Simplify Conditional Branches
debug: Optimizer: Remove Linear Jump
debug: Optimizer: Remove Empty Blocks
debug: Optimizer: Remove Unreachable Blocks
debug: Optimizing subroutine examples.simplish.contract.Simplish.call
debug: Optimizer: Arithmetic Simplification
debug: Optimizer: Constant Replacer
debug: Optimizer: Copy Propagation
debug: Optimizer: Intrinsic Simplifier
debug: Optimizer: Remove Unused Variables
debug: Optimizer: Simplify Conditional Branches
debug: Optimizer: Remove Linear Jump
debug: Optimizer: Remove Empty Blocks
debug: Optimizer: Remove Unreachable Blocks
debug: Optimizing subroutine examples.simplish.contract.circle_area
debug: Optimizer: Arithmetic Simplification
debug: Optimizer: Constant Replacer
debug: Optimizer: Copy Propagation
debug: Optimizer: Intrinsic Simplifier
debug: Optimizer: Remove Unused Variables
debug: Optimizer: Simplify Conditional Branches
debug: Optimizer: Remove Linear Jump
debug: Optimizer: Remove Empty Blocks
debug: Optimizer: Remove Unreachable Blocks
debug: Optimizing subroutine examples.simplish.contract.circle_circumference
debug: Optimizer: Arithmetic Simplification
debug: Optimizer: Constant Replacer
debug: Optimizer: Copy Propagation
debug: Optimizer: Intrinsic Simplifier
debug: Optimizer: Remove Unused Variables
debug: Optimizer: Simplify Conditional Branches
debug: Optimizer: Remove Linear Jump
debug: Optimizer: Remove Empty Blocks
debug: Optimizer: Remove Unreachable Blocks
debug: Optimizing subroutine examples.simplish.contract.Simplish.increment_counter
debug: Optimizer: Arithmetic Simplification
debug: Optimizer: Constant Replacer
debug: Optimizer: Copy Propagation
debug: Optimizer: Intrinsic Simplifier
debug: Optimizer: Remove Unused Variables
debug: Optimizer: Simplify Conditional Branches
debug: Optimizer: Remove Linear Jump
debug: Optimizer: Remove Empty Blocks
debug: Optimizer: Remove Unreachable Blocks
debug: Optimizing subroutine examples.simplish.base_class.CallCounter.increment_counter
debug: Optimizer: Arithmetic Simplification
debug: Optimizer: Constant Replacer
debug: Optimizer: Copy Propagation
debug: Optimizer: Intrinsic Simplifier
debug: Optimizer: Remove Unused Variables
debug: Optimizer: Simplify Conditional Branches
debug: Optimizer: Remove Linear Jump
debug: Optimizer: Remove Empty Blocks
debug: Optimizer: Remove Unreachable Blocks
debug: Optimizing subroutine examples.simplish.base_class.CallCounter.__init__
debug: Optimizer: Arithmetic Simplification
debug: Optimizer: Constant Replacer
debug: Optimizer: Copy Propagation
debug: Optimizer: Intrinsic Simplifier
debug: Optimizer: Remove Unused Variables
debug: Optimizer: Simplify Conditional Branches
debug: Optimizer: Remove Linear Jump
debug: Optimizer: Remove Empty Blocks
debug: Optimizer: Remove Unreachable Blocks
debug: Optimizing subroutine examples.simplish.contract.Simplish.clear_state_program
debug: Optimizer: Arithmetic Simplification
debug: Optimizer: Constant Replacer
debug: Optimizer: Copy Propagation
debug: Optimizer: Intrinsic Simplifier
debug: Optimizer: Remove Unused Variables
debug: Optimizer: Simplify Conditional Branches
debug: Optimizer: Remove Linear Jump
debug: Optimizer: Remove Empty Blocks
debug: Optimizer: Remove Unreachable Blocks
debug: Output IR to <git root>/examples/simplish/out/contract_Simplish.ssa.opt_pass_2.ir
debug: Begin optimization pass 3/100
debug: Optimizing subroutine examples.simplish.contract.Simplish.approval_program
debug: Optimizer: Arithmetic Simplification
debug: Optimizer: Constant Replacer
debug: Optimizer: Copy Propagation
debug: Optimizer: Intrinsic Simplifier
debug: Optimizer: Remove Unused Variables
debug: Optimizer: Simplify Conditional Branches
debug: Optimizer: Remove Linear Jump
debug: Optimizer: Remove Empty Blocks
debug: Optimizer: Remove Unreachable Blocks
debug: Optimizing subroutine examples.simplish.contract.itoa
debug: Optimizer: Arithmetic Simplification
debug: Optimizer: Constant Replacer
debug: Optimizer: Copy Propagation
debug: Optimizer: Intrinsic Simplifier
debug: Optimizer: Remove Unused Variables
debug: Optimizer: Simplify Conditional Branches
debug: Optimizer: Remove Linear Jump
debug: Optimizer: Remove Empty Blocks
debug: Optimizer: Remove Unreachable Blocks
debug: Optimizing subroutine examples.simplish.base_class.CallCounter.set_sender_nickname
debug: Optimizer: Arithmetic Simplification
debug: Optimizer: Constant Replacer
debug: Optimizer: Copy Propagation
debug: Optimizer: Intrinsic Simplifier
debug: Optimizer: Remove Unused Variables
debug: Optimizer: Simplify Conditional Branches
debug: Optimizer: Remove Linear Jump
debug: Optimizer: Remove Empty Blocks
debug: Optimizer: Remove Unreachable Blocks
debug: Optimizing subroutine examples.simplish.contract.Simplish.call
debug: Optimizer: Arithmetic Simplification
debug: Optimizer: Constant Replacer
debug: Optimizer: Copy Propagation
debug: Optimizer: Intrinsic Simplifier
debug: Optimizer: Remove Unused Variables
debug: Optimizer: Simplify Conditional Branches
debug: Optimizer: Remove Linear Jump
debug: Optimizer: Remove Empty Blocks
debug: Optimizer: Remove Unreachable Blocks
debug: Optimizing subroutine examples.simplish.contract.circle_area
debug: Optimizer: Arithmetic Simplification
debug: Optimizer: Constant Replacer
debug: Optimizer: Copy Propagation
debug: Optimizer: Intrinsic Simplifier
debug: Optimizer: Remove Unused Variables
debug: Optimizer: Simplify Conditional Branches
debug: Optimizer: Remove Linear Jump
debug: Optimizer: Remove Empty Blocks
debug: Optimizer: Remove Unreachable Blocks
debug: Optimizing subroutine examples.simplish.contract.circle_circumference
debug: Optimizer: Arithmetic Simplification
debug: Optimizer: Constant Replacer
debug: Optimizer: Copy Propagation
debug: Optimizer: Intrinsic Simplifier
debug: Optimizer: Remove Unused Variables
debug: Optimizer: Simplify Conditional Branches
debug: Optimizer: Remove Linear Jump
debug: Optimizer: Remove Empty Blocks
debug: Optimizer: Remove Unreachable Blocks
debug: Optimizing subroutine examples.simplish.contract.Simplish.increment_counter
debug: Optimizer: Arithmetic Simplification
debug: Optimizer: Constant Replacer
debug: Optimizer: Copy Propagation
debug: Optimizer: Intrinsic Simplifier
debug: Optimizer: Remove Unused Variables
debug: Optimizer: Simplify Conditional Branches
debug: Optimizer: Remove Linear Jump
debug: Optimizer: Remove Empty Blocks
debug: Optimizer: Remove Unreachable Blocks
debug: Optimizing subroutine examples.simplish.base_class.CallCounter.increment_counter
debug: Optimizer: Arithmetic Simplification
debug: Optimizer: Constant Replacer
debug: Optimizer: Copy Propagation
debug: Optimizer: Intrinsic Simplifier
debug: Optimizer: Remove Unused Variables
debug: Optimizer: Simplify Conditional Branches
debug: Optimizer: Remove Linear Jump
debug: Optimizer: Remove Empty Blocks
debug: Optimizer: Remove Unreachable Blocks
debug: Optimizing subroutine examples.simplish.base_class.CallCounter.__init__
debug: Optimizer: Arithmetic Simplification
debug: Optimizer: Constant Replacer
debug: Optimizer: Copy Propagation
debug: Optimizer: Intrinsic Simplifier
debug: Optimizer: Remove Unused Variables
debug: Optimizer: Simplify Conditional Branches
debug: Optimizer: Remove Linear Jump
debug: Optimizer: Remove Empty Blocks
debug: Optimizer: Remove Unreachable Blocks
debug: Optimizing subroutine examples.simplish.contract.Simplish.clear_state_program
debug: Optimizer: Arithmetic Simplification
debug: Optimizer: Constant Replacer
debug: Optimizer: Copy Propagation
debug: Optimizer: Intrinsic Simplifier
debug: Optimizer: Remove Unused Variables
debug: Optimizer: Simplify Conditional Branches
debug: Optimizer: Remove Linear Jump
debug: Optimizer: Remove Empty Blocks
debug: Optimizer: Remove Unreachable Blocks
debug: No optimizations performed in pass 3, ending loop
debug: Output IR to <git root>/examples/simplish/out/contract_Simplish.cssa.ir
debug: Removing Phis from examples.simplish.contract.Simplish.approval_program
debug: Removing Phis from examples.simplish.contract.itoa
debug: Removing Phis from examples.simplish.base_class.CallCounter.set_sender_nickname
debug: Removing Phis from examples.simplish.contract.Simplish.call
debug: Removing Phis from examples.simplish.contract.circle_area
debug: Removing Phis from examples.simplish.contract.circle_circumference
debug: Removing Phis from examples.simplish.contract.Simplish.increment_counter
debug: Removing Phis from examples.simplish.base_class.CallCounter.increment_counter
debug: Removing Phis from examples.simplish.base_class.CallCounter.__init__
debug: Removing Phis from examples.simplish.contract.Simplish.clear_state_program
debug: Output IR to <git root>/examples/simplish/out/contract_Simplish.post_ssa.ir
debug: Sequentializing parallel copies in examples.simplish.contract.Simplish.approval_program
debug: loc: {result#10=None, msg#15=None, result#0=result#0, msg#0=msg#0}
debug: pred: {result#10=result#0, msg#15=msg#0}
debug: ready: result#10, msg#15
debug: to_do: result#10, msg#15
debug: * avail msg#15
debug: * avail msg#0
debug: * avail result#10
debug: * avail result#0
debug: * to_do msg#15
debug: * to_do result#10
debug: loc: {result#7=None, msg#12=None, result#1=result#1, msg#6=msg#6}
debug: pred: {result#7=result#1, msg#12=msg#6}
debug: ready: result#7, msg#12
debug: to_do: result#7, msg#12
debug: * avail msg#12
debug: * avail msg#6
debug: * avail result#7
debug: * avail result#1
debug: * to_do msg#12
debug: * to_do result#7
debug: loc: {result#7=None, msg#12=None, result#2=result#2, msg#3=msg#3}
debug: pred: {result#7=result#2, msg#12=msg#3}
debug: ready: result#7, msg#12
debug: to_do: result#7, msg#12
debug: * avail msg#12
debug: * avail msg#3
debug: * avail result#7
debug: * avail result#2
debug: * to_do msg#12
debug: * to_do result#7
debug: loc: {result#4=None, msg#5=None, result#7=result#7, msg#12=msg#12}
debug: pred: {result#4=result#7, msg#5=msg#12}
debug: ready: result#4, msg#5
debug: to_do: result#4, msg#5
debug: * avail msg#5
debug: * avail msg#12
debug: * avail result#4
debug: * avail result#7
debug: * to_do msg#5
debug: * to_do result#4
debug: loc: {result#10=None, msg#15=None, result#4=result#4, msg#5=msg#5}
debug: pred: {result#10=result#4, msg#15=msg#5}
debug: ready: result#10, msg#15
debug: to_do: result#10, msg#15
debug: * avail msg#15
debug: * avail msg#5
debug: * avail result#10
debug: * avail result#4
debug: * to_do msg#15
debug: * to_do result#10
debug: loc: {result#3=None, msg#4=None, result#10=result#10, msg#15=msg#15}
debug: pred: {result#3=result#10, msg#4=msg#15}
debug: ready: result#3, msg#4
debug: to_do: result#3, msg#4
debug: * avail msg#4
debug: * avail msg#15
debug: * avail result#3
debug: * avail result#10
debug: * to_do msg#4
debug: * to_do result#3
debug: Sequentializing parallel copies in examples.simplish.contract.itoa
debug: Sequentializing parallel copies in examples.simplish.base_class.CallCounter.set_sender_nickname
debug: Sequentializing parallel copies in examples.simplish.contract.Simplish.call
debug: loc: {status#13=None, result#15=None, status#0=status#0, result#0=result#0}
debug: pred: {status#13=status#0, result#15=result#0}
debug: ready: status#13, result#15
debug: to_do: status#13, result#15
debug: * avail result#15
debug: * avail result#0
debug: * avail status#13
debug: * avail status#0
debug: * to_do result#15
debug: * to_do status#13
debug: loc: {status#10=None, result#12=None, status#0=status#0, result#1=result#1}
debug: pred: {status#10=status#0, result#12=result#1}
debug: ready: status#10, result#12
debug: to_do: status#10, result#12
debug: * avail result#12
debug: * avail result#1
debug: * avail status#10
debug: * avail status#0
debug: * to_do result#12
debug: * to_do status#10
debug: loc: {status#7=None, result#9=None, status#0=status#0, result#2=result#2}
debug: pred: {status#7=status#0, result#9=result#2}
debug: ready: status#7, result#9
debug: to_do: status#7, result#9
debug: * avail result#9
debug: * avail result#2
debug: * avail status#7
debug: * avail status#0
debug: * to_do result#9
debug: * to_do status#7
debug: loc: {status#7=None, result#9=None, status#1=status#1, result#3=result#3}
debug: pred: {status#7=status#1, result#9=result#3}
debug: ready: status#7, result#9
debug: to_do: status#7, result#9
debug: * avail result#9
debug: * avail result#3
debug: * avail status#7
debug: * avail status#1
debug: * to_do result#9
debug: * to_do status#7
debug: loc: {status#4=None, result#6=None, status#7=status#7, result#9=result#9}
debug: pred: {status#4=status#7, result#6=result#9}
debug: ready: status#4, result#6
debug: to_do: status#4, result#6
debug: * avail result#6
debug: * avail result#9
debug: * avail status#4
debug: * avail status#7
debug: * to_do result#6
debug: * to_do status#4
debug: loc: {status#10=None, result#12=None, status#4=status#4, result#6=result#6}
debug: pred: {status#10=status#4, result#12=result#6}
debug: ready: status#10, result#12
debug: to_do: status#10, result#12
debug: * avail result#12
debug: * avail result#6
debug: * avail status#10
debug: * avail status#4
debug: * to_do result#12
debug: * to_do status#10
debug: loc: {status#3=None, result#5=None, status#10=status#10, result#12=result#12}
debug: pred: {status#3=status#10, result#5=result#12}
debug: ready: status#3, result#5
debug: to_do: status#3, result#5
debug: * avail result#5
debug: * avail result#12
debug: * avail status#3
debug: * avail status#10
debug: * to_do result#5
debug: * to_do status#3
debug: loc: {status#13=None, result#15=None, status#3=status#3, result#5=result#5}
debug: pred: {status#13=status#3, result#15=result#5}
debug: ready: status#13, result#15
debug: to_do: status#13, result#15
debug: * avail result#15
debug: * avail result#5
debug: * avail status#13
debug: * avail status#3
debug: * to_do result#15
debug: * to_do status#13
debug: loc: {status#2=None, result#4=None, status#13=status#13, result#15=result#15}
debug: pred: {status#2=status#13, result#4=result#15}
debug: ready: status#2, result#4
debug: to_do: status#2, result#4
debug: * avail result#4
debug: * avail result#15
debug: * avail status#2
debug: * avail status#13
debug: * to_do result#4
debug: * to_do status#2
debug: Sequentializing parallel copies in examples.simplish.contract.circle_area
debug: Sequentializing parallel copies in examples.simplish.contract.circle_circumference
debug: Sequentializing parallel copies in examples.simplish.contract.Simplish.increment_counter
debug: Sequentializing parallel copies in examples.simplish.base_class.CallCounter.increment_counter
debug: Sequentializing parallel copies in examples.simplish.base_class.CallCounter.__init__
debug: Sequentializing parallel copies in examples.simplish.contract.Simplish.clear_state_program
debug: Output IR to <git root>/examples/simplish/out/contract_Simplish.parallel_copies.ir
debug: Coalescing local variables in examples.simplish.contract.Simplish.approval_program using strategy RootOperandGrouping
debug: Coalescing msg#0 with [msg#15, msg#1, msg#9, msg#2, msg#6, msg#12, msg#3, msg#5, msg#4]
debug: Coalescing result#0 with [result#10, result#1, result#7, result#2, result#4, result#3]
debug: Coalescing resulted in 35 replacement/s
debug: Coalescing local variables in examples.simplish.contract.itoa using strategy RootOperandGrouping
debug: Coalescing resulted in 0 replacement/s
debug: Coalescing local variables in examples.simplish.base_class.CallCounter.set_sender_nickname using strategy RootOperandGrouping
debug: Coalescing resulted in 0 replacement/s
debug: Coalescing local variables in examples.simplish.contract.Simplish.call using strategy RootOperandGrouping
debug: Coalescing status#0 with [status#13, status#10, status#7, status#1, status#4, status#3, status#2]
debug: Coalescing area#0 with [area#1]
debug: Coalescing result#0 with [result#15, result#1, result#12, result#2, result#9, result#3, result#6, result#5, result#4]
debug: Coalescing circumference#0 with [circumference#1]
debug: Coalescing resulted in 42 replacement/s
debug: Coalescing local variables in examples.simplish.contract.circle_area using strategy RootOperandGrouping
debug: Coalescing resulted in 0 replacement/s
debug: Coalescing local variables in examples.simplish.contract.circle_circumference using strategy RootOperandGrouping
debug: Coalescing resulted in 0 replacement/s
debug: Coalescing local variables in examples.simplish.contract.Simplish.increment_counter using strategy RootOperandGrouping
debug: Coalescing resulted in 0 replacement/s
debug: Coalescing local variables in examples.simplish.base_class.CallCounter.increment_counter using strategy RootOperandGrouping
debug: Coalescing resulted in 0 replacement/s
debug: Coalescing local variables in examples.simplish.base_class.CallCounter.__init__ using strategy RootOperandGrouping
debug: Coalescing resulted in 0 replacement/s
debug: Coalescing local variables in examples.simplish.contract.Simplish.clear_state_program using strategy RootOperandGrouping
debug: Coalescing resulted in 0 replacement/s
debug: Output IR to <git root>/examples/simplish/out/contract_Simplish.final.ir
debug: Inserted main_block@0.ops[1]: 'store app_id%0#0 to l-stack (copy)'
debug: Replaced main_block@0.ops[3]: 'load app_id%0#0' with 'load app_id%0#0 from l-stack (no copy)'
debug: Inserted main_entrypoint@2.ops[1]: 'store tmp%1#0 to l-stack (copy)'
debug: Replaced main_entrypoint@2.ops[3]: 'load tmp%1#0' with 'load tmp%1#0 from l-stack (no copy)'
debug: Inserted main_entrypoint@2.ops[5]: 'store tmp%2#0 to l-stack (copy)'
debug: Replaced main_entrypoint@2.ops[7]: 'load tmp%2#0' with 'load tmp%2#0 from l-stack (no copy)'
debug: Inserted main_after_if_else@4.ops[15]: 'store tmp%5#0 to l-stack (copy)'
debug: Replaced main_after_if_else@4.ops[17]: 'load tmp%5#0' with 'load tmp%5#0 from l-stack (no copy)'
debug: Inserted main_after_if_else@4.ops[11]: 'store is_equal%4#0 to l-stack (copy)'
debug: Replaced main_after_if_else@4.ops[14]: 'load is_equal%4#0' with 'load is_equal%4#0 from l-stack (no copy)'
debug: Inserted main_after_if_else@4.ops[1]: 'store oca#0 to l-stack (copy)'
debug: Replaced main_after_if_else@4.ops[5]: 'load oca#0' with 'load oca#0 from l-stack (no copy)'
debug: Inserted main_after_if_else@4.ops[6]: 'store oca#0 to l-stack (copy)'
debug: Replaced main_after_if_else@4.ops[10]: 'load oca#0' with 'load oca#0 from l-stack (no copy)'
debug: Inserted main_after_if_else@4.ops[9]: 'store contains%3#0 to l-stack (copy)'
debug: Replaced main_after_if_else@4.ops[16]: 'load contains%3#0' with 'load contains%3#0 from l-stack (no copy)'
debug: Inserted main_if_body@5.ops[3]: 'store tmp%6#0 to l-stack (copy)'
debug: Replaced main_if_body@5.ops[5]: 'load tmp%6#0' with 'load tmp%6#0 from l-stack (no copy)'
debug: Inserted main_if_body@6.ops[13]: 'store tmp%10#0 to l-stack (copy)'
debug: Replaced main_if_body@6.ops[15]: 'load tmp%10#0' with 'load tmp%10#0 from l-stack (no copy)'
debug: Inserted main_if_body@6.ops[18]: 'store tmp%11#0 to l-stack (copy)'
debug: Replaced main_if_body@6.ops[20]: 'load tmp%11#0' with 'load tmp%11#0 from l-stack (no copy)'
debug: Inserted main_if_body@6.ops[3]: 'store app_global_get_ex_did_exist%8#0 to l-stack (copy)'
debug: Replaced main_if_body@6.ops[6]: 'load app_global_get_ex_did_exist%8#0' with 'load app_global_get_ex_did_exist%8#0 from l-stack (no copy)'
debug: Inserted main_if_body@6.ops[10]: 'store tmp%9#0 to l-stack (copy)'
debug: Replaced main_if_body@6.ops[13]: 'load tmp%9#0' with 'load tmp%9#0 from l-stack (no copy)'
debug: Inserted main_if_body@6.ops[5]: 'store app_global_get_ex_value%7#0 to l-stack (copy)'
debug: Replaced main_if_body@6.ops[9]: 'load app_global_get_ex_value%7#0' with 'load app_global_get_ex_value%7#0 from l-stack (no copy)'
debug: Inserted main_after_if_else@7.ops[1]: 'store tmp%12#0 to l-stack (copy)'
debug: Replaced main_after_if_else@7.ops[3]: 'load tmp%12#0' with 'load tmp%12#0 from l-stack (no copy)'
debug: Inserted main_after_if_else@7.ops[6]: 'store tmp%13#0 to l-stack (copy)'
debug: Replaced main_after_if_else@7.ops[8]: 'load tmp%13#0' with 'load tmp%13#0 from l-stack (no copy)'
debug: Inserted main_after_if_else@8.ops[3]: 'store tmp%14#0 to l-stack (copy)'
debug: Replaced main_after_if_else@8.ops[5]: 'load tmp%14#0' with 'load tmp%14#0 from l-stack (no copy)'
debug: Inserted main_if_body@9.ops[1]: 'store tmp%15#0 to l-stack (copy)'
debug: Replaced main_if_body@9.ops[3]: 'load tmp%15#0' with 'load tmp%15#0 from l-stack (no copy)'
debug: Inserted main_if_body@9.ops[6]: 'store tmp%16#0 to l-stack (copy)'
debug: Replaced main_if_body@9.ops[8]: 'load tmp%16#0' with 'load tmp%16#0 from l-stack (no copy)'
debug: Inserted main_if_body@10.ops[1]: 'store tmp%17#0 to l-stack (copy)'
debug: Replaced main_if_body@10.ops[3]: 'load tmp%17#0' with 'load tmp%17#0 from l-stack (no copy)'
debug: Inserted main_after_if_else@12.ops[3]: 'store tmp%18#0 to l-stack (copy)'
debug: Replaced main_after_if_else@12.ops[5]: 'load tmp%18#0' with 'load tmp%18#0 from l-stack (no copy)'
debug: Inserted main_after_if_else@14.ops[1]: 'store num_app_args#0 to l-stack (copy)'
debug: Replaced main_after_if_else@14.ops[3]: 'load num_app_args#0' with 'load num_app_args#0 from l-stack (no copy)'
debug: Inserted main_after_if_else@14.ops[6]: 'store tmp%19#0 to l-stack (copy)'
debug: Replaced main_after_if_else@14.ops[8]: 'load tmp%19#0' with 'load tmp%19#0 from l-stack (no copy)'
debug: Inserted main_if_body@15.ops[1]: 'store method_name#0 to l-stack (copy)'
debug: Replaced main_if_body@15.ops[3]: 'load method_name#0' with 'load method_name#0 from l-stack (no copy)'
debug: Inserted main_else_body@16.ops[1]: 'store tmp%22#0 to l-stack (copy)'
debug: Replaced main_else_body@16.ops[3]: 'load tmp%22#0' with 'load tmp%22#0 from l-stack (no copy)'
debug: Inserted main_else_body@16.ops[6]: 'store tmp%23#0 to l-stack (copy)'
debug: Replaced main_else_body@16.ops[8]: 'load tmp%23#0' with 'load tmp%23#0 from l-stack (no copy)'
debug: Inserted main_if_body@17.ops[3]: 'store asset_exists#0 to l-stack (copy)'
debug: Replaced main_if_body@17.ops[6]: 'load asset_exists#0' with 'load asset_exists#0 from l-stack (no copy)'
debug: Inserted main_else_body@19.ops[2]: 'store tmp%26#0 to l-stack (copy)'
debug: Replaced main_else_body@19.ops[5]: 'load tmp%26#0' with 'load tmp%26#0 from l-stack (no copy)'
debug: Found 13 edge set/s for examples.simplish.contract.Simplish.approval_program
debug: examples.simplish.contract.Simplish.approval_program f-stack entry: ['msg#0', 'sender#0', 'asset_balance#0', 'num_app_args#0', 'oca#0', 'result#0']
debug: examples.simplish.contract.Simplish.approval_program f-stack on first store: []
debug: Inserted itoa_block@0.ops[3]: 'store tmp%0#0 to l-stack (copy)'
debug: Replaced itoa_block@0.ops[5]: 'load tmp%0#0' with 'load tmp%0#0 from l-stack (no copy)'
debug: Inserted itoa_if_body@1.ops[8]: 'store tmp%2#0 to l-stack (copy)'
debug: Replaced itoa_if_body@1.ops[10]: 'load tmp%2#0' with 'load tmp%2#0 from l-stack (no copy)'
debug: Inserted itoa_if_body@1.ops[3]: 'store index_plus_1%1#0 to l-stack (copy)'
debug: Replaced itoa_if_body@1.ops[7]: 'load index_plus_1%1#0' with 'load index_plus_1%1#0 from l-stack (no copy)'
debug: Inserted itoa_after_if_else@2.ops[3]: 'store tmp%3#0 to l-stack (copy)'
debug: Replaced itoa_after_if_else@2.ops[5]: 'load tmp%3#0' with 'load tmp%3#0 from l-stack (no copy)'
debug: Inserted itoa_after_if_else@2.ops[11]: 'store tmp%5#0 to l-stack (copy)'
debug: Replaced itoa_after_if_else@2.ops[13]: 'load tmp%5#0' with 'load tmp%5#0 from l-stack (no copy)'
debug: Inserted itoa_after_if_else@2.ops[25]: 'store tmp%8#0 to l-stack (copy)'
debug: Replaced itoa_after_if_else@2.ops[27]: 'load tmp%8#0' with 'load tmp%8#0 from l-stack (no copy)'
debug: Inserted itoa_after_if_else@2.ops[21]: 'store tmp%7#0 to l-stack (copy)'
debug: Replaced itoa_after_if_else@2.ops[24]: 'load tmp%7#0' with 'load tmp%7#0 from l-stack (no copy)'
debug: Inserted itoa_after_if_else@2.ops[16]: 'store index_plus_1%6#0 to l-stack (copy)'
debug: Replaced itoa_after_if_else@2.ops[20]: 'load index_plus_1%6#0' with 'load index_plus_1%6#0 from l-stack (no copy)'
debug: Inserted itoa_after_if_else@2.ops[14]: 'store tmp%5#0 to l-stack (copy)'
debug: Replaced itoa_after_if_else@2.ops[20]: 'load tmp%5#0' with 'load tmp%5#0 from l-stack (no copy)'
debug: Inserted itoa_after_if_else@2.ops[7]: 'store tmp%4#0 to l-stack (copy)'
debug: Replaced itoa_after_if_else@2.ops[26]: 'load tmp%4#0' with 'load tmp%4#0 from l-stack (no copy)'
debug: Found 1 edge set/s for examples.simplish.contract.itoa
debug: Simplified uncover 2; uncover 2 to cover 2
debug: Inserted call_block@0.ops[3]: 'store tmp%0#0 to l-stack (copy)'
debug: Replaced call_block@0.ops[5]: 'load tmp%0#0' with 'load tmp%0#0 from l-stack (no copy)'
debug: Inserted call_block@0.ops[8]: 'store tmp%1#0 to l-stack (copy)'
debug: Replaced call_block@0.ops[10]: 'load tmp%1#0' with 'load tmp%1#0 from l-stack (no copy)'
debug: Inserted call_block@0.ops[18]: 'store tmp%2#0 to l-stack (copy)'
debug: Replaced call_block@0.ops[20]: 'load tmp%2#0' with 'load tmp%2#0 from l-stack (no copy)'
debug: Inserted call_if_body@1.ops[2]: 'store area#0 to l-stack (copy)'
debug: Replaced call_if_body@1.ops[4]: 'load area#0' with 'load area#0 from l-stack (no copy)'
debug: Inserted call_else_body@2.ops[3]: 'store tmp%3#0 to l-stack (copy)'
debug: Replaced call_else_body@2.ops[5]: 'load tmp%3#0' with 'load tmp%3#0 from l-stack (no copy)'
debug: Inserted call_if_body@3.ops[2]: 'store circumference#0 to l-stack (copy)'
debug: Replaced call_if_body@3.ops[4]: 'load circumference#0' with 'load circumference#0 from l-stack (no copy)'
debug: Inserted call_else_body@4.ops[3]: 'store tmp%4#0 to l-stack (copy)'
debug: Replaced call_else_body@4.ops[5]: 'load tmp%4#0' with 'load tmp%4#0 from l-stack (no copy)'
debug: Inserted call_if_body@5.ops[12]: 'store tmp%8#0 to l-stack (copy)'
debug: Replaced call_if_body@5.ops[14]: 'load tmp%8#0' with 'load tmp%8#0 from l-stack (no copy)'
debug: Inserted call_if_body@5.ops[24]: 'store tmp%11#0 to l-stack (copy)'
debug: Replaced call_if_body@5.ops[26]: 'load tmp%11#0' with 'load tmp%11#0 from l-stack (no copy)'
debug: Inserted call_if_body@5.ops[8]: 'store tmp%7#0 to l-stack (copy)'
debug: Replaced call_if_body@5.ops[11]: 'load tmp%7#0' with 'load tmp%7#0 from l-stack (no copy)'
debug: Inserted call_if_body@5.ops[21]: 'store tmp%10#0 to l-stack (copy)'
debug: Replaced call_if_body@5.ops[24]: 'load tmp%10#0' with 'load tmp%10#0 from l-stack (no copy)'
debug: Inserted call_if_body@5.ops[34]: 'store tmp%13#0 to l-stack (copy)'
debug: Replaced call_if_body@5.ops[37]: 'load tmp%13#0' with 'load tmp%13#0 from l-stack (no copy)'
debug: Inserted call_if_body@5.ops[1]: 'store radius#0 to l-stack (copy)'
debug: Replaced call_if_body@5.ops[4]: 'load radius#0' with 'load radius#0 from l-stack (no copy)'
debug: Inserted call_if_body@5.ops[5]: 'store radius#0 to l-stack (copy)'
debug: Replaced call_if_body@5.ops[8]: 'load radius#0' with 'load radius#0 from l-stack (no copy)'
debug: Inserted call_if_body@5.ops[20]: 'store tmp%9#0 to l-stack (copy)'
debug: Replaced call_if_body@5.ops[26]: 'load tmp%9#0' with 'load tmp%9#0 from l-stack (no copy)'
debug: Inserted call_if_body@5.ops[34]: 'store tmp%12#0 to l-stack (copy)'
debug: Replaced call_if_body@5.ops[40]: 'load tmp%12#0' with 'load tmp%12#0 from l-stack (no copy)'
debug: Inserted call_if_body@5.ops[3]: 'store area#0 to l-stack (copy)'
debug: Replaced call_if_body@5.ops[23]: 'load area#0' with 'load area#0 from l-stack (no copy)'
debug: Inserted call_if_body@5.ops[8]: 'store circumference#0 to l-stack (copy)'
debug: Replaced call_if_body@5.ops[38]: 'load circumference#0' with 'load circumference#0 from l-stack (no copy)'
debug: Found 6 edge set/s for examples.simplish.contract.Simplish.call
debug: examples.simplish.contract.Simplish.call f-stack entry: ['result#0']
debug: examples.simplish.contract.Simplish.call f-stack on first store: ['radius#0', 'status#0']
debug: Inserted circle_area_block@0.ops[3]: 'store tmp%0#0 to l-stack (copy)'
debug: Replaced circle_area_block@0.ops[5]: 'load tmp%0#0' with 'load tmp%0#0 from l-stack (no copy)'
debug: Inserted circle_area_block@0.ops[8]: 'store tmp%1#0 to l-stack (copy)'
debug: Replaced circle_area_block@0.ops[10]: 'load tmp%1#0' with 'load tmp%1#0 from l-stack (no copy)'
debug: Inserted circle_area_block@0.ops[13]: 'store result#0 to l-stack (copy)'
debug: Replaced circle_area_block@0.ops[15]: 'load result#0' with 'load result#0 from l-stack (no copy)'
debug: Inserted circle_circumference_block@0.ops[3]: 'store tmp%0#0 to l-stack (copy)'
debug: Replaced circle_circumference_block@0.ops[5]: 'load tmp%0#0' with 'load tmp%0#0 from l-stack (no copy)'
debug: Inserted circle_circumference_block@0.ops[8]: 'store tmp%1#0 to l-stack (copy)'
debug: Replaced circle_circumference_block@0.ops[10]: 'load tmp%1#0' with 'load tmp%1#0 from l-stack (no copy)'
debug: Inserted CallCounter.increment_counter_block@0.ops[3]: 'store app_global_get_ex_did_exist%1#0 to l-stack (copy)'
debug: Replaced CallCounter.increment_counter_block@0.ops[6]: 'load app_global_get_ex_did_exist%1#0' with 'load app_global_get_ex_did_exist%1#0 from l-stack (no copy)'
debug: Inserted CallCounter.increment_counter_block@0.ops[11]: 'store new_state_value%2#0 to l-stack (copy)'
debug: Replaced CallCounter.increment_counter_block@0.ops[14]: 'load new_state_value%2#0' with 'load new_state_value%2#0 from l-stack (no copy)'
debug: Inserted CallCounter.increment_counter_block@0.ops[5]: 'store app_global_get_ex_value%0#0 to l-stack (copy)'
debug: Replaced CallCounter.increment_counter_block@0.ops[9]: 'load app_global_get_ex_value%0#0' with 'load app_global_get_ex_value%0#0 from l-stack (no copy)'
info: Writing simplish/out/contract.approval.teal
info: Writing simplish/out/contract.approval.debug.teal
info: Writing simplish/out/contract.clear.teal
info: Writing simplish/out/contract.clear.debug.teal
>> exit code = 0