>> poetry run puyapy -O1 --output-ssa-ir --output-optimization-ir --output-final-ir --output-cssa-ir --output-post-ssa-ir --output-parallel-copies-ir --out-dir=out --debug-level=1 --log-level=debug ssa2
debug: Building AWST for __init__.py
debug: Building AWST for ssa2/__init__.py
debug: Building AWST for embedded puyapy lib at <puya>/puyapy_lib_bytes.py
debug: Building AWST for embedded puyapy lib at <puya>/puyapy_lib_arc4.py
debug: Building AWST for embedded puyapy lib at <puya>/puyapy.py
debug: Building AWST for ssa2/contract.py
debug: Sealing block@0: // L13
debug: Terminated block@0: // L13
debug: Looking for 'required_budget_with_buffer' in an unsealed block creating an incomplete Phi: block@1: // while_top_L20
debug: Created Phi assignment: let required_budget_with_buffer#1: uint64 = undefined while trying to resolve 'required_budget_with_buffer' in block@1: // while_top_L20
debug: Terminated block@1: // while_top_L20
debug: Sealing block@None: // while_body_L20
debug: Looking for 'fee_source' in an unsealed block creating an incomplete Phi: block@1: // while_top_L20
debug: Created Phi assignment: let fee_source#1: uint64 = undefined while trying to resolve 'fee_source' in block@1: // while_top_L20
debug: Terminated block@2: // while_body_L20
debug: Sealing block@None: // switch_case_default_L26
debug: Sealing block@None: // switch_case_0_L28
debug: Sealing block@None: // switch_case_1_L30
debug: Terminated block@3: // switch_case_0_L28
debug: Terminated block@4: // switch_case_1_L30
debug: Terminated block@5: // switch_case_default_L26
debug: Sealing block@6: // switch_case_next_L26
debug: Terminated block@6: // switch_case_next_L26
debug: Sealing block@1: // while_top_L20
debug: Added required_budget_with_buffer#0 to Phi node: let required_budget_with_buffer#1: uint64 = φ(required_budget_with_buffer#0 <- block@0) in block@0: // L13
debug: Created Phi assignment: let required_budget_with_buffer#2: uint64 = undefined while trying to resolve 'required_budget_with_buffer' in block@6: // switch_case_next_L26
debug: Added required_budget_with_buffer#1 to Phi node: let required_budget_with_buffer#2: uint64 = φ(required_budget_with_buffer#1 <- block@3) in block@3: // switch_case_0_L28
debug: Added required_budget_with_buffer#1 to Phi node: let required_budget_with_buffer#2: uint64 = φ(required_budget_with_buffer#1 <- block@3, required_budget_with_buffer#1 <- block@4) in block@4: // switch_case_1_L30
debug: Added required_budget_with_buffer#1 to Phi node: let required_budget_with_buffer#2: uint64 = φ(required_budget_with_buffer#1 <- block@3, required_budget_with_buffer#1 <- block@4, required_budget_with_buffer#1 <- block@5) in block@5: // switch_case_default_L26
debug: Replacing trivial Phi node: let required_budget_with_buffer#2: uint64 = φ(required_budget_with_buffer#1 <- block@3, required_budget_with_buffer#1 <- block@4, required_budget_with_buffer#1 <- block@5) (required_budget_with_buffer#2) with required_budget_with_buffer#1
debug: Deleting Phi assignment: let required_budget_with_buffer#2: uint64 = φ(required_budget_with_buffer#1 <- block@3, required_budget_with_buffer#1 <- block@4, required_budget_with_buffer#1 <- block@5)
debug: Replaced trivial Phi node: let required_budget_with_buffer#2: uint64 = φ(required_budget_with_buffer#1 <- block@3, required_budget_with_buffer#1 <- block@4, required_budget_with_buffer#1 <- block@5) (required_budget_with_buffer#2) with required_budget_with_buffer#1 in current definition for 1 blocks
debug: Added required_budget_with_buffer#1 to Phi node: let required_budget_with_buffer#1: uint64 = φ(required_budget_with_buffer#0 <- block@0, required_budget_with_buffer#1 <- block@6) in block@6: // switch_case_next_L26
debug: Replacing trivial Phi node: let required_budget_with_buffer#1: uint64 = φ(required_budget_with_buffer#0 <- block@0, required_budget_with_buffer#1 <- block@6) (required_budget_with_buffer#1) with required_budget_with_buffer#0
debug: Deleting Phi assignment: let required_budget_with_buffer#1: uint64 = φ(required_budget_with_buffer#0 <- block@0, required_budget_with_buffer#1 <- block@6)
debug: Replaced trivial Phi node: let required_budget_with_buffer#1: uint64 = φ(required_budget_with_buffer#0 <- block@0, required_budget_with_buffer#1 <- block@6) (required_budget_with_buffer#1) with required_budget_with_buffer#0 in current definition for 6 blocks
debug: Added fee_source#0 to Phi node: let fee_source#1: uint64 = φ(fee_source#0 <- block@0) in block@0: // L13
debug: Created Phi assignment: let fee_source#2: uint64 = undefined while trying to resolve 'fee_source' in block@6: // switch_case_next_L26
debug: Added fee_source#1 to Phi node: let fee_source#2: uint64 = φ(fee_source#1 <- block@3) in block@3: // switch_case_0_L28
debug: Added fee_source#1 to Phi node: let fee_source#2: uint64 = φ(fee_source#1 <- block@3, fee_source#1 <- block@4) in block@4: // switch_case_1_L30
debug: Added fee_source#1 to Phi node: let fee_source#2: uint64 = φ(fee_source#1 <- block@3, fee_source#1 <- block@4, fee_source#1 <- block@5) in block@5: // switch_case_default_L26
debug: Replacing trivial Phi node: let fee_source#2: uint64 = φ(fee_source#1 <- block@3, fee_source#1 <- block@4, fee_source#1 <- block@5) (fee_source#2) with fee_source#1
debug: Deleting Phi assignment: let fee_source#2: uint64 = φ(fee_source#1 <- block@3, fee_source#1 <- block@4, fee_source#1 <- block@5)
debug: Replaced trivial Phi node: let fee_source#2: uint64 = φ(fee_source#1 <- block@3, fee_source#1 <- block@4, fee_source#1 <- block@5) (fee_source#2) with fee_source#1 in current definition for 1 blocks
debug: Added fee_source#1 to Phi node: let fee_source#1: uint64 = φ(fee_source#0 <- block@0, fee_source#1 <- block@6) in block@6: // switch_case_next_L26
debug: Replacing trivial Phi node: let fee_source#1: uint64 = φ(fee_source#0 <- block@0, fee_source#1 <- block@6) (fee_source#1) with fee_source#0
debug: Deleting Phi assignment: let fee_source#1: uint64 = φ(fee_source#0 <- block@0, fee_source#1 <- block@6)
debug: Replaced trivial Phi node: let fee_source#1: uint64 = φ(fee_source#0 <- block@0, fee_source#1 <- block@6) (fee_source#1) with fee_source#0 in current definition for 6 blocks
debug: Sealing block@None: // after_while_L20
debug: Terminated block@7: // after_while_L20
debug: Sealing block@0: // L18
debug: Terminated block@0: // L18
debug: Sealing block@0: // L37
debug: Terminated block@0: // L37
debug: Sealing block@0: // L55
debug: Terminated block@0: // L55
debug: Sealing block@0: // L82
debug: Terminated block@0: // L82
debug: Sealing block@None: // if_body_L101
debug: Sealing block@None: // else_body_L101
debug: Terminated block@1: // if_body_L101
debug: Sealing block@2: // after_if_else_L101
debug: Created Phi assignment: let array_length#1: uint64 = undefined while trying to resolve 'array_length' in block@2: // after_if_else_L101
debug: Added array_length#0 to Phi node: let array_length#1: uint64 = φ(array_length#0 <- block@0) in block@0: // L82
debug: Added array_length#0 to Phi node: let array_length#1: uint64 = φ(array_length#0 <- block@0, array_length#0 <- block@1) in block@1: // if_body_L101
debug: Replacing trivial Phi node: let array_length#1: uint64 = φ(array_length#0 <- block@0, array_length#0 <- block@1) (array_length#1) with array_length#0
debug: Deleting Phi assignment: let array_length#1: uint64 = φ(array_length#0 <- block@0, array_length#0 <- block@1)
debug: Replaced trivial Phi node: let array_length#1: uint64 = φ(array_length#0 <- block@0, array_length#0 <- block@1) (array_length#1) with array_length#0 in current definition for 1 blocks
debug: Created Phi assignment: let is_packed#1: uint64 = undefined while trying to resolve 'is_packed' in block@2: // after_if_else_L101
debug: Added is_packed#0 to Phi node: let is_packed#1: uint64 = φ(is_packed#0 <- block@0) in block@0: // L82
debug: Added is_packed#0 to Phi node: let is_packed#1: uint64 = φ(is_packed#0 <- block@0, is_packed#0 <- block@1) in block@1: // if_body_L101
debug: Replacing trivial Phi node: let is_packed#1: uint64 = φ(is_packed#0 <- block@0, is_packed#0 <- block@1) (is_packed#1) with is_packed#0
debug: Deleting Phi assignment: let is_packed#1: uint64 = φ(is_packed#0 <- block@0, is_packed#0 <- block@1)
debug: Replaced trivial Phi node: let is_packed#1: uint64 = φ(is_packed#0 <- block@0, is_packed#0 <- block@1) (is_packed#1) with is_packed#0 in current definition for 1 blocks
debug: Terminated block@2: // after_if_else_L101
debug: Sealing block@None: // ternary_true_L105
debug: Sealing block@None: // ternary_false_L105
debug: Terminated block@3: // ternary_true_L105
debug: Terminated block@4: // ternary_false_L105
debug: Sealing block@5: // ternary_merge_L105
debug: Created Phi assignment: let ternary_result%9#2: uint64 = undefined while trying to resolve 'ternary_result%9' in block@5: // ternary_merge_L105
debug: Added ternary_result%9#0 to Phi node: let ternary_result%9#2: uint64 = φ(ternary_result%9#0 <- block@3) in block@3: // ternary_true_L105
debug: Added ternary_result%9#1 to Phi node: let ternary_result%9#2: uint64 = φ(ternary_result%9#0 <- block@3, ternary_result%9#1 <- block@4) in block@4: // ternary_false_L105
debug: Created Phi assignment: let new_items_count#1: uint64 = undefined while trying to resolve 'new_items_count' in block@5: // ternary_merge_L105
debug: Created Phi assignment: let new_items_count#2: uint64 = undefined while trying to resolve 'new_items_count' in block@2: // after_if_else_L101
debug: Added new_items_count#0 to Phi node: let new_items_count#2: uint64 = φ(new_items_count#0 <- block@0) in block@0: // L82
debug: Added new_items_count#0 to Phi node: let new_items_count#2: uint64 = φ(new_items_count#0 <- block@0, new_items_count#0 <- block@1) in block@1: // if_body_L101
debug: Replacing trivial Phi node: let new_items_count#2: uint64 = φ(new_items_count#0 <- block@0, new_items_count#0 <- block@1) (new_items_count#2) with new_items_count#0
debug: Deleting Phi assignment: let new_items_count#2: uint64 = φ(new_items_count#0 <- block@0, new_items_count#0 <- block@1)
debug: Replaced trivial Phi node: let new_items_count#2: uint64 = φ(new_items_count#0 <- block@0, new_items_count#0 <- block@1) (new_items_count#2) with new_items_count#0 in current definition for 1 blocks
debug: Added new_items_count#0 to Phi node: let new_items_count#1: uint64 = φ(new_items_count#0 <- block@3) in block@3: // ternary_true_L105
debug: Added new_items_count#0 to Phi node: let new_items_count#1: uint64 = φ(new_items_count#0 <- block@3, new_items_count#0 <- block@4) in block@4: // ternary_false_L105
debug: Replacing trivial Phi node: let new_items_count#1: uint64 = φ(new_items_count#0 <- block@3, new_items_count#0 <- block@4) (new_items_count#1) with new_items_count#0
debug: Deleting Phi assignment: let new_items_count#1: uint64 = φ(new_items_count#0 <- block@3, new_items_count#0 <- block@4)
debug: Replaced trivial Phi node: let new_items_count#1: uint64 = φ(new_items_count#0 <- block@3, new_items_count#0 <- block@4) (new_items_count#1) with new_items_count#0 in current definition for 1 blocks
debug: Terminated block@5: // ternary_merge_L105
debug: Looking for 'range_item%10' in an unsealed block creating an incomplete Phi: block@6: // for_header_L105
debug: Created Phi assignment: let range_item%10#1: uint64 = undefined while trying to resolve 'range_item%10' in block@6: // for_header_L105
debug: Terminated block@6: // for_header_L105
debug: Sealing block@None: // for_body_L105
debug: Looking for 'source' in an unsealed block creating an incomplete Phi: block@6: // for_header_L105
debug: Created Phi assignment: let source#3: bytes = undefined while trying to resolve 'source' in block@6: // for_header_L105
debug: Looking for 'write_offset' in an unsealed block creating an incomplete Phi: block@6: // for_header_L105
debug: Created Phi assignment: let write_offset#1: uint64 = undefined while trying to resolve 'write_offset' in block@6: // for_header_L105
debug: Looking for 'new_items_bytes' in an unsealed block creating an incomplete Phi: block@6: // for_header_L105
debug: Created Phi assignment: let new_items_bytes#1: bytes = undefined while trying to resolve 'new_items_bytes' in block@6: // for_header_L105
debug: Terminated block@7: // for_body_L105
debug: Sealing block@8: // for_footer_L105
debug: Sealing block@None: // after_for_L105
debug: Terminated block@8: // for_footer_L105
debug: Sealing block@6: // for_header_L105
debug: Added range_item%10#0 to Phi node: let range_item%10#1: uint64 = φ(range_item%10#0 <- block@5) in block@5: // ternary_merge_L105
debug: Added range_item%10#2 to Phi node: let range_item%10#1: uint64 = φ(range_item%10#0 <- block@5, range_item%10#2 <- block@8) in block@8: // for_footer_L105
debug: Created Phi assignment: let source#5: bytes = undefined while trying to resolve 'source' in block@5: // ternary_merge_L105
debug: Created Phi assignment: let source#6: bytes = undefined while trying to resolve 'source' in block@2: // after_if_else_L101
debug: Added source#1 to Phi node: let source#6: bytes = φ(source#1 <- block@0) in block@0: // L82
debug: Added source#2 to Phi node: let source#6: bytes = φ(source#1 <- block@0, source#2 <- block@1) in block@1: // if_body_L101
debug: Added source#6 to Phi node: let source#5: bytes = φ(source#6 <- block@3) in block@3: // ternary_true_L105
debug: Added source#6 to Phi node: let source#5: bytes = φ(source#6 <- block@3, source#6 <- block@4) in block@4: // ternary_false_L105
debug: Replacing trivial Phi node: let source#5: bytes = φ(source#6 <- block@3, source#6 <- block@4) (source#5) with source#6
debug: Deleting Phi assignment: let source#5: bytes = φ(source#6 <- block@3, source#6 <- block@4)
debug: Replaced trivial Phi node: let source#5: bytes = φ(source#6 <- block@3, source#6 <- block@4) (source#5) with source#6 in current definition for 1 blocks
debug: Added source#6 to Phi node: let source#3: bytes = φ(source#6 <- block@5) in block@5: // ternary_merge_L105
debug: Added source#4 to Phi node: let source#3: bytes = φ(source#6 <- block@5, source#4 <- block@8) in block@8: // for_footer_L105
debug: Created Phi assignment: let write_offset#3: uint64 = undefined while trying to resolve 'write_offset' in block@5: // ternary_merge_L105
debug: Added write_offset#0 to Phi node: let write_offset#3: uint64 = φ(write_offset#0 <- block@3) in block@3: // ternary_true_L105
debug: Added write_offset#0 to Phi node: let write_offset#3: uint64 = φ(write_offset#0 <- block@3, write_offset#0 <- block@4) in block@4: // ternary_false_L105
debug: Replacing trivial Phi node: let write_offset#3: uint64 = φ(write_offset#0 <- block@3, write_offset#0 <- block@4) (write_offset#3) with write_offset#0
debug: Deleting Phi assignment: let write_offset#3: uint64 = φ(write_offset#0 <- block@3, write_offset#0 <- block@4)
debug: Replaced trivial Phi node: let write_offset#3: uint64 = φ(write_offset#0 <- block@3, write_offset#0 <- block@4) (write_offset#3) with write_offset#0 in current definition for 1 blocks
debug: Added write_offset#0 to Phi node: let write_offset#1: uint64 = φ(write_offset#0 <- block@5) in block@5: // ternary_merge_L105
debug: Added write_offset#2 to Phi node: let write_offset#1: uint64 = φ(write_offset#0 <- block@5, write_offset#2 <- block@8) in block@8: // for_footer_L105
debug: Created Phi assignment: let new_items_bytes#2: bytes = undefined while trying to resolve 'new_items_bytes' in block@5: // ternary_merge_L105
debug: Created Phi assignment: let new_items_bytes#3: bytes = undefined while trying to resolve 'new_items_bytes' in block@2: // after_if_else_L101
debug: Added new_items_bytes#0 to Phi node: let new_items_bytes#3: bytes = φ(new_items_bytes#0 <- block@0) in block@0: // L82
debug: Added new_items_bytes#0 to Phi node: let new_items_bytes#3: bytes = φ(new_items_bytes#0 <- block@0, new_items_bytes#0 <- block@1) in block@1: // if_body_L101
debug: Replacing trivial Phi node: let new_items_bytes#3: bytes = φ(new_items_bytes#0 <- block@0, new_items_bytes#0 <- block@1) (new_items_bytes#3) with new_items_bytes#0
debug: Deleting Phi assignment: let new_items_bytes#3: bytes = φ(new_items_bytes#0 <- block@0, new_items_bytes#0 <- block@1)
debug: Replaced trivial Phi node: let new_items_bytes#3: bytes = φ(new_items_bytes#0 <- block@0, new_items_bytes#0 <- block@1) (new_items_bytes#3) with new_items_bytes#0 in current definition for 1 blocks
debug: Added new_items_bytes#0 to Phi node: let new_items_bytes#2: bytes = φ(new_items_bytes#0 <- block@3) in block@3: // ternary_true_L105
debug: Added new_items_bytes#0 to Phi node: let new_items_bytes#2: bytes = φ(new_items_bytes#0 <- block@3, new_items_bytes#0 <- block@4) in block@4: // ternary_false_L105
debug: Replacing trivial Phi node: let new_items_bytes#2: bytes = φ(new_items_bytes#0 <- block@3, new_items_bytes#0 <- block@4) (new_items_bytes#2) with new_items_bytes#0
debug: Deleting Phi assignment: let new_items_bytes#2: bytes = φ(new_items_bytes#0 <- block@3, new_items_bytes#0 <- block@4)
debug: Replaced trivial Phi node: let new_items_bytes#2: bytes = φ(new_items_bytes#0 <- block@3, new_items_bytes#0 <- block@4) (new_items_bytes#2) with new_items_bytes#0 in current definition for 1 blocks
debug: Added new_items_bytes#0 to Phi node: let new_items_bytes#1: bytes = φ(new_items_bytes#0 <- block@5) in block@5: // ternary_merge_L105
debug: Added new_items_bytes#1 to Phi node: let new_items_bytes#1: bytes = φ(new_items_bytes#0 <- block@5, new_items_bytes#1 <- block@8) in block@8: // for_footer_L105
debug: Replacing trivial Phi node: let new_items_bytes#1: bytes = φ(new_items_bytes#0 <- block@5, new_items_bytes#1 <- block@8) (new_items_bytes#1) with new_items_bytes#0
debug: Deleting Phi assignment: let new_items_bytes#1: bytes = φ(new_items_bytes#0 <- block@5, new_items_bytes#1 <- block@8)
debug: Replaced trivial Phi node: let new_items_bytes#1: bytes = φ(new_items_bytes#0 <- block@5, new_items_bytes#1 <- block@8) (new_items_bytes#1) with new_items_bytes#0 in current definition for 3 blocks
debug: Terminated block@9: // after_for_L105
debug: Sealing block@0: // L113
debug: Terminated block@0: // L113
debug: Sealing block@0: // L134
debug: Terminated block@0: // L134
debug: Sealing block@0: // L161
debug: Terminated block@0: // L161
debug: Sealing block@0: // L190
debug: Terminated block@0: // L190
debug: Sealing block@0: // L209
debug: Terminated block@0: // L209
debug: Sealing block@0: // L227
debug: Terminated block@0: // L227
debug: Sealing block@None: // if_body_L241
debug: Sealing block@None: // else_body_L241
debug: Terminated block@1: // if_body_L241
debug: Terminated block@2: // else_body_L241
debug: Sealing block@3: // after_if_else_L241
debug: Created Phi assignment: let length#1: uint64 = undefined while trying to resolve 'length' in block@3: // after_if_else_L241
debug: Added length#0 to Phi node: let length#1: uint64 = φ(length#0 <- block@1) in block@1: // if_body_L241
debug: Added length#0 to Phi node: let length#1: uint64 = φ(length#0 <- block@1, length#0 <- block@2) in block@2: // else_body_L241
debug: Replacing trivial Phi node: let length#1: uint64 = φ(length#0 <- block@1, length#0 <- block@2) (length#1) with length#0
debug: Deleting Phi assignment: let length#1: uint64 = φ(length#0 <- block@1, length#0 <- block@2)
debug: Replaced trivial Phi node: let length#1: uint64 = φ(length#0 <- block@1, length#0 <- block@2) (length#1) with length#0 in current definition for 1 blocks
debug: Created Phi assignment: let start_at_index#1: uint64 = undefined while trying to resolve 'start_at_index' in block@3: // after_if_else_L241
debug: Added start_at_index#0 to Phi node: let start_at_index#1: uint64 = φ(start_at_index#0 <- block@1) in block@1: // if_body_L241
debug: Added start_at_index#0 to Phi node: let start_at_index#1: uint64 = φ(start_at_index#0 <- block@1, start_at_index#0 <- block@2) in block@2: // else_body_L241
debug: Replacing trivial Phi node: let start_at_index#1: uint64 = φ(start_at_index#0 <- block@1, start_at_index#0 <- block@2) (start_at_index#1) with start_at_index#0
debug: Deleting Phi assignment: let start_at_index#1: uint64 = φ(start_at_index#0 <- block@1, start_at_index#0 <- block@2)
debug: Replaced trivial Phi node: let start_at_index#1: uint64 = φ(start_at_index#0 <- block@1, start_at_index#0 <- block@2) (start_at_index#1) with start_at_index#0 in current definition for 1 blocks
debug: Terminated block@3: // after_if_else_L241
debug: Looking for 'range_item%1' in an unsealed block creating an incomplete Phi: block@4: // for_header_L246
debug: Created Phi assignment: let range_item%1#1: uint64 = undefined while trying to resolve 'range_item%1' in block@4: // for_header_L246
debug: Terminated block@4: // for_header_L246
debug: Sealing block@None: // for_body_L246
debug: Looking for 'tail_cursor' in an unsealed block creating an incomplete Phi: block@4: // for_header_L246
debug: Created Phi assignment: let tail_cursor#2: uint64 = undefined while trying to resolve 'tail_cursor' in block@4: // for_header_L246
debug: Looking for 'array_data' in an unsealed block creating an incomplete Phi: block@4: // for_header_L246
debug: Created Phi assignment: let array_data#1: bytes = undefined while trying to resolve 'array_data' in block@4: // for_header_L246
debug: Looking for 'header_cursor' in an unsealed block creating an incomplete Phi: block@4: // for_header_L246
debug: Created Phi assignment: let header_cursor#1: uint64 = undefined while trying to resolve 'header_cursor' in block@4: // for_header_L246
debug: Terminated block@5: // for_body_L246
debug: Sealing block@6: // for_footer_L246
debug: Sealing block@None: // after_for_L246
debug: Terminated block@6: // for_footer_L246
debug: Sealing block@4: // for_header_L246
debug: Added range_item%1#0 to Phi node: let range_item%1#1: uint64 = φ(range_item%1#0 <- block@3) in block@3: // after_if_else_L241
debug: Added range_item%1#2 to Phi node: let range_item%1#1: uint64 = φ(range_item%1#0 <- block@3, range_item%1#2 <- block@6) in block@6: // for_footer_L246
debug: Created Phi assignment: let tail_cursor#4: uint64 = undefined while trying to resolve 'tail_cursor' in block@3: // after_if_else_L241
debug: Added tail_cursor#0 to Phi node: let tail_cursor#4: uint64 = φ(tail_cursor#0 <- block@1) in block@1: // if_body_L241
debug: Added tail_cursor#1 to Phi node: let tail_cursor#4: uint64 = φ(tail_cursor#0 <- block@1, tail_cursor#1 <- block@2) in block@2: // else_body_L241
debug: Added tail_cursor#4 to Phi node: let tail_cursor#2: uint64 = φ(tail_cursor#4 <- block@3) in block@3: // after_if_else_L241
debug: Added tail_cursor#3 to Phi node: let tail_cursor#2: uint64 = φ(tail_cursor#4 <- block@3, tail_cursor#3 <- block@6) in block@6: // for_footer_L246
debug: Created Phi assignment: let array_data#3: bytes = undefined while trying to resolve 'array_data' in block@3: // after_if_else_L241
debug: Added array_data#0 to Phi node: let array_data#3: bytes = φ(array_data#0 <- block@1) in block@1: // if_body_L241
debug: Added array_data#0 to Phi node: let array_data#3: bytes = φ(array_data#0 <- block@1, array_data#0 <- block@2) in block@2: // else_body_L241
debug: Replacing trivial Phi node: let array_data#3: bytes = φ(array_data#0 <- block@1, array_data#0 <- block@2) (array_data#3) with array_data#0
debug: Deleting Phi assignment: let array_data#3: bytes = φ(array_data#0 <- block@1, array_data#0 <- block@2)
debug: Replaced trivial Phi node: let array_data#3: bytes = φ(array_data#0 <- block@1, array_data#0 <- block@2) (array_data#3) with array_data#0 in current definition for 1 blocks
debug: Added array_data#0 to Phi node: let array_data#1: bytes = φ(array_data#0 <- block@3) in block@3: // after_if_else_L241
debug: Added array_data#2 to Phi node: let array_data#1: bytes = φ(array_data#0 <- block@3, array_data#2 <- block@6) in block@6: // for_footer_L246
debug: Created Phi assignment: let header_cursor#3: uint64 = undefined while trying to resolve 'header_cursor' in block@3: // after_if_else_L241
debug: Added header_cursor#0 to Phi node: let header_cursor#3: uint64 = φ(header_cursor#0 <- block@1) in block@1: // if_body_L241
debug: Added header_cursor#0 to Phi node: let header_cursor#3: uint64 = φ(header_cursor#0 <- block@1, header_cursor#0 <- block@2) in block@2: // else_body_L241
debug: Replacing trivial Phi node: let header_cursor#3: uint64 = φ(header_cursor#0 <- block@1, header_cursor#0 <- block@2) (header_cursor#3) with header_cursor#0
debug: Deleting Phi assignment: let header_cursor#3: uint64 = φ(header_cursor#0 <- block@1, header_cursor#0 <- block@2)
debug: Replaced trivial Phi node: let header_cursor#3: uint64 = φ(header_cursor#0 <- block@1, header_cursor#0 <- block@2) (header_cursor#3) with header_cursor#0 in current definition for 1 blocks
debug: Added header_cursor#0 to Phi node: let header_cursor#1: uint64 = φ(header_cursor#0 <- block@3) in block@3: // after_if_else_L241
debug: Added header_cursor#2 to Phi node: let header_cursor#1: uint64 = φ(header_cursor#0 <- block@3, header_cursor#2 <- block@6) in block@6: // for_footer_L246
debug: Terminated block@7: // after_for_L246
debug: Sealing block@0: // L5
debug: Terminated block@0: // L5
debug: Looking for 'start' in an unsealed block creating an incomplete Phi: block@1: // while_top_L11
debug: Created Phi assignment: let start#1: uint64 = undefined while trying to resolve 'start' in block@1: // while_top_L11
debug: Looking for 'item' in an unsealed block creating an incomplete Phi: block@1: // while_top_L11
debug: Created Phi assignment: let item#1: bytes = undefined while trying to resolve 'item' in block@1: // while_top_L11
debug: Looking for 'sequence' in an unsealed block creating an incomplete Phi: block@1: // while_top_L11
debug: Created Phi assignment: let sequence#1: bytes = undefined while trying to resolve 'sequence' in block@1: // while_top_L11
debug: Terminated block@1: // while_top_L11
debug: Sealing block@None: // while_body_L11
debug: Terminated block@2: // while_body_L11
debug: Sealing block@None: // if_body_L12
debug: Sealing block@None: // else_body_L12
debug: Terminated block@3: // if_body_L12
debug: Sealing block@4: // after_if_else_L12
debug: Terminated block@4: // after_if_else_L12
debug: Sealing block@1: // while_top_L11
debug: Added start#0 to Phi node: let start#1: uint64 = φ(start#0 <- block@0) in block@0: // L5
debug: Added start#2 to Phi node: let start#1: uint64 = φ(start#0 <- block@0, start#2 <- block@4) in block@4: // after_if_else_L12
debug: Added item#0 to Phi node: let item#1: bytes = φ(item#0 <- block@0) in block@0: // L5
debug: Added item#1 to Phi node: let item#1: bytes = φ(item#0 <- block@0, item#1 <- block@4) in block@4: // after_if_else_L12
debug: Replacing trivial Phi node: let item#1: bytes = φ(item#0 <- block@0, item#1 <- block@4) (item#1) with item#0
debug: Deleting Phi assignment: let item#1: bytes = φ(item#0 <- block@0, item#1 <- block@4)
debug: Replaced trivial Phi node: let item#1: bytes = φ(item#0 <- block@0, item#1 <- block@4) (item#1) with item#0 in current definition for 3 blocks
debug: Added sequence#0 to Phi node: let sequence#1: bytes = φ(sequence#0 <- block@0) in block@0: // L5
debug: Added sequence#1 to Phi node: let sequence#1: bytes = φ(sequence#0 <- block@0, sequence#1 <- block@4) in block@4: // after_if_else_L12
debug: Replacing trivial Phi node: let sequence#1: bytes = φ(sequence#0 <- block@0, sequence#1 <- block@4) (sequence#1) with sequence#0
debug: Deleting Phi assignment: let sequence#1: bytes = φ(sequence#0 <- block@0, sequence#1 <- block@4)
debug: Replaced trivial Phi node: let sequence#1: bytes = φ(sequence#0 <- block@0, sequence#1 <- block@4) (sequence#1) with sequence#0 in current definition for 3 blocks
debug: Sealing block@None: // after_while_L11
debug: Terminated block@5: // after_while_L11
debug: Sealing block@0: // L42
debug: Terminated block@0: // L42
debug: Sealing block@None: // if_body_L45
debug: Sealing block@None: // else_body_L45
debug: Terminated block@1: // if_body_L45
debug: Sealing block@2: // after_if_else_L45
debug: Created Phi assignment: let b#2: uint64 = undefined while trying to resolve 'b' in block@2: // after_if_else_L45
debug: Added b#0 to Phi node: let b#2: uint64 = φ(b#0 <- block@0) in block@0: // L42
debug: Added b#1 to Phi node: let b#2: uint64 = φ(b#0 <- block@0, b#1 <- block@1) in block@1: // if_body_L45
debug: Created Phi assignment: let a#2: uint64 = undefined while trying to resolve 'a' in block@2: // after_if_else_L45
debug: Added a#0 to Phi node: let a#2: uint64 = φ(a#0 <- block@0) in block@0: // L42
debug: Added a#1 to Phi node: let a#2: uint64 = φ(a#0 <- block@0, a#1 <- block@1) in block@1: // if_body_L45
debug: Terminated block@2: // after_if_else_L45
debug: Sealing block@0: // L7
debug: Terminated block@0: // L7
debug: Looking for 'range_item%0' in an unsealed block creating an incomplete Phi: block@1: // for_header_L15
debug: Created Phi assignment: let range_item%0#1: uint64 = undefined while trying to resolve 'range_item%0' in block@1: // for_header_L15
debug: Terminated block@1: // for_header_L15
debug: Sealing block@None: // for_body_L15
debug: Looking for 'b' in an unsealed block creating an incomplete Phi: block@1: // for_header_L15
debug: Created Phi assignment: let b#1: uint64 = undefined while trying to resolve 'b' in block@1: // for_header_L15
debug: Looking for 'a' in an unsealed block creating an incomplete Phi: block@1: // for_header_L15
debug: Created Phi assignment: let a#1: uint64 = undefined while trying to resolve 'a' in block@1: // for_header_L15
debug: Terminated block@2: // for_body_L15
debug: Sealing block@3: // for_footer_L15
debug: Sealing block@None: // after_for_L15
debug: Terminated block@3: // for_footer_L15
debug: Sealing block@1: // for_header_L15
debug: Added range_item%0#0 to Phi node: let range_item%0#1: uint64 = φ(range_item%0#0 <- block@0) in block@0: // L7
debug: Added range_item%0#2 to Phi node: let range_item%0#1: uint64 = φ(range_item%0#0 <- block@0, range_item%0#2 <- block@3) in block@3: // for_footer_L15
debug: Added b#0 to Phi node: let b#1: uint64 = φ(b#0 <- block@0) in block@0: // L7
debug: Added b#2 to Phi node: let b#1: uint64 = φ(b#0 <- block@0, b#2 <- block@3) in block@3: // for_footer_L15
debug: Added a#0 to Phi node: let a#1: uint64 = φ(a#0 <- block@0) in block@0: // L7
debug: Added a#2 to Phi node: let a#1: uint64 = φ(a#0 <- block@0, a#2 <- block@3) in block@3: // for_footer_L15
debug: Terminated block@4: // after_for_L15
debug: Sealing block@0: // L37
debug: Terminated block@0: // L37
debug: Output IR to <git root>/examples/ssa2/out/contract_MyContract.ssa.ir
info: Optimizing examples.ssa2.contract.MyContract at level 1
debug: Begin optimization pass 1/100
debug: Optimizing subroutine examples.ssa2.contract.MyContract.approval_program
debug: Splitting parallel copies prior to optimization
debug: Optimizer: Arithmetic Simplification
debug: Folded 1 + 2 to 3
debug: Folded 4 * 5 to 20
debug: Optimizer: Constant Replacer
debug: Optimizer: Copy Propagation
debug: Found equivalence set: range_item%0#1, i#0
debug: Replacing {range_item%0#1} with i#0 made 3 modifications
debug: Optimizer: Intrinsic Simplifier
debug: Optimizer: Remove Unused Variables
debug: Optimizer: Simplify Conditional Branches
debug: Optimizer: Remove Linear Jump
debug: Replaced predecessor block@3: // for_footer_L15 with block@2: // for_body_L15 in block@1: // for_header_L15
debug: Merged linear block@3: // for_footer_L15 into block@2: // for_body_L15
debug: Optimizer: Remove Empty Blocks
debug: Optimizer: Remove Unreachable Blocks
debug: Optimizing subroutine examples.ssa2.contract.MyContract.clear_state_program
debug: Splitting parallel copies prior to optimization
debug: Optimizer: Arithmetic Simplification
debug: Optimizer: Constant Replacer
debug: Optimizer: Copy Propagation
debug: Optimizer: Intrinsic Simplifier
debug: Optimizer: Remove Unused Variables
debug: Optimizer: Simplify Conditional Branches
debug: Optimizer: Remove Linear Jump
debug: Optimizer: Remove Empty Blocks
debug: Optimizer: Remove Unreachable Blocks
debug: Optimizing subroutine examples.ssa2.contract.one_hundred
debug: Splitting parallel copies prior to optimization
debug: Optimizer: Arithmetic Simplification
debug: Optimizer: Constant Replacer
debug: Optimizer: Copy Propagation
debug: Optimizer: Intrinsic Simplifier
debug: Optimizer: Remove Unused Variables
debug: Optimizer: Simplify Conditional Branches
debug: Optimizer: Remove Linear Jump
debug: Optimizer: Remove Empty Blocks
debug: Optimizer: Remove Unreachable Blocks
debug: Output IR to <git root>/examples/ssa2/out/contract_MyContract.ssa.opt_pass_1.ir
debug: Begin optimization pass 2/100
debug: Optimizing subroutine examples.ssa2.contract.MyContract.approval_program
debug: Optimizer: Arithmetic Simplification
debug: Optimizer: Constant Replacer
debug: Optimizer: Copy Propagation
debug: Optimizer: Intrinsic Simplifier
debug: Optimizer: Remove Unused Variables
debug: Optimizer: Simplify Conditional Branches
debug: Optimizer: Remove Linear Jump
debug: Optimizer: Remove Empty Blocks
debug: Optimizer: Remove Unreachable Blocks
debug: Optimizing subroutine examples.ssa2.contract.MyContract.clear_state_program
debug: Optimizer: Arithmetic Simplification
debug: Optimizer: Constant Replacer
debug: Optimizer: Copy Propagation
debug: Optimizer: Intrinsic Simplifier
debug: Optimizer: Remove Unused Variables
debug: Optimizer: Simplify Conditional Branches
debug: Optimizer: Remove Linear Jump
debug: Optimizer: Remove Empty Blocks
debug: Optimizer: Remove Unreachable Blocks
debug: Optimizing subroutine examples.ssa2.contract.one_hundred
debug: Optimizer: Arithmetic Simplification
debug: Optimizer: Constant Replacer
debug: Optimizer: Copy Propagation
debug: Optimizer: Intrinsic Simplifier
debug: Optimizer: Remove Unused Variables
debug: Optimizer: Simplify Conditional Branches
debug: Optimizer: Remove Linear Jump
debug: Optimizer: Remove Empty Blocks
debug: Optimizer: Remove Unreachable Blocks
debug: No optimizations performed in pass 2, ending loop
debug: Output IR to <git root>/examples/ssa2/out/contract_MyContract.cssa.ir
debug: Removing Phis from examples.ssa2.contract.MyContract.approval_program
debug: Removing Phis from examples.ssa2.contract.MyContract.clear_state_program
debug: Removing Phis from examples.ssa2.contract.one_hundred
debug: Output IR to <git root>/examples/ssa2/out/contract_MyContract.post_ssa.ir
debug: Sequentializing parallel copies in examples.ssa2.contract.MyContract.approval_program
debug: loc: {a#5=None, b#5=None, i#1=None, a#0=a#0, b#0=b#0, range_item%0#0=range_item%0#0}
debug: pred: {a#5=a#0, b#5=b#0, i#1=range_item%0#0}
debug: ready: a#5, b#5, i#1
debug: to_do: a#5, b#5, i#1
debug: * avail i#1
debug: * avail range_item%0#0
debug: * avail b#5
debug: * avail b#0
debug: * avail a#5
debug: * avail a#0
debug: * to_do i#1
debug: * to_do b#5
debug: * to_do a#5
debug: loc: {a#1=None, b#1=None, i#0=None, a#5=a#5, b#5=b#5, i#1=i#1}
debug: pred: {a#1=a#5, b#1=b#5, i#0=i#1}
debug: ready: a#1, b#1, i#0
debug: to_do: a#1, b#1, i#0
debug: * avail i#0
debug: * avail i#1
debug: * avail b#1
debug: * avail b#5
debug: * avail a#1
debug: * avail a#5
debug: * to_do i#0
debug: * to_do b#1
debug: * to_do a#1
debug: loc: {a#5=None, b#5=None, i#1=None, a#2=a#2, b#2=b#2, range_item%0#2=range_item%0#2}
debug: pred: {a#5=a#2, b#5=b#2, i#1=range_item%0#2}
debug: ready: a#5, b#5, i#1
debug: to_do: a#5, b#5, i#1
debug: * avail i#1
debug: * avail range_item%0#2
debug: * avail b#5
debug: * avail b#2
debug: * avail a#5
debug: * avail a#2
debug: * to_do i#1
debug: * to_do b#5
debug: * to_do a#5
debug: Sequentializing parallel copies in examples.ssa2.contract.MyContract.clear_state_program
debug: Sequentializing parallel copies in examples.ssa2.contract.one_hundred
debug: loc: {a#5=None, b#6=None, a#0=a#0, b#0=b#0}
debug: pred: {a#5=a#0, b#6=b#0}
debug: ready: a#5, b#6
debug: to_do: a#5, b#6
debug: * avail b#6
debug: * avail b#0
debug: * avail a#5
debug: * avail a#0
debug: * to_do b#6
debug: * to_do a#5
debug: loc: {a#5=None, b#6=None, a#1=a#1, b#1=b#1}
debug: pred: {a#5=a#1, b#6=b#1}
debug: ready: a#5, b#6
debug: to_do: a#5, b#6
debug: * avail b#6
debug: * avail b#1
debug: * avail a#5
debug: * avail a#1
debug: * to_do b#6
debug: * to_do a#5
debug: loc: {a#2=None, b#2=None, a#5=a#5, b#6=b#6}
debug: pred: {a#2=a#5, b#2=b#6}
debug: ready: a#2, b#2
debug: to_do: a#2, b#2
debug: * avail b#2
debug: * avail b#6
debug: * avail a#2
debug: * avail a#5
debug: * to_do b#2
debug: * to_do a#2
debug: Output IR to <git root>/examples/ssa2/out/contract_MyContract.parallel_copies.ir
debug: Coalescing local variables in examples.ssa2.contract.MyContract.approval_program using strategy RootOperandGrouping
debug: Coalescing a#0 with [a#5, a#1, a#2]
debug: Coalescing b#0 with [b#5, b#1, b#2]
debug: Coalescing range_item%0#0 with [range_item%0#2]
debug: Coalescing i#0 with [i#1]
debug: Coalescing resulted in 22 replacement/s
debug: Coalescing local variables in examples.ssa2.contract.MyContract.clear_state_program using strategy RootOperandGrouping
debug: Coalescing resulted in 0 replacement/s
debug: Coalescing local variables in examples.ssa2.contract.one_hundred using strategy RootOperandGrouping
debug: Coalescing a#0 with [a#5, a#1, a#2]
debug: Coalescing b#0 with [b#6, b#1, b#2, b#3]
debug: Coalescing resulted in 17 replacement/s
debug: Output IR to <git root>/examples/ssa2/out/contract_MyContract.final.ir
debug: Inserted main_block@0.ops[5]: 'store range_item%0#0 to l-stack (copy)'
debug: Replaced main_block@0.ops[7]: 'load range_item%0#0' with 'load range_item%0#0 from l-stack (no copy)'
debug: Inserted main_for_header@1.ops[3]: 'store continue_looping%1#0 to l-stack (copy)'
debug: Replaced main_for_header@1.ops[5]: 'load continue_looping%1#0' with 'load continue_looping%1#0 from l-stack (no copy)'
debug: Inserted main_for_body@2.ops[11]: 'store range_item%0#0 to l-stack (copy)'
debug: Replaced main_for_body@2.ops[13]: 'load range_item%0#0' with 'load range_item%0#0 from l-stack (no copy)'
debug: Inserted main_for_body@2.ops[2]: 'store a#0 to l-stack (copy)'
debug: Replaced main_for_body@2.ops[5]: 'load a#0' with 'load a#0 from l-stack (no copy)'
debug: Inserted main_for_body@2.ops[7]: 'store i#0 to l-stack (copy)'
debug: Replaced main_for_body@2.ops[10]: 'load i#0' with 'load i#0 from l-stack (no copy)'
debug: Inserted main_after_for@4.ops[3]: 'store tmp%2#0 to l-stack (copy)'
debug: Replaced main_after_for@4.ops[5]: 'load tmp%2#0' with 'load tmp%2#0 from l-stack (no copy)'
debug: Found 2 edge set/s for examples.ssa2.contract.MyContract.approval_program
debug: examples.ssa2.contract.MyContract.approval_program f-stack entry: []
debug: examples.ssa2.contract.MyContract.approval_program f-stack on first store: ['a#0', 'b#0', 'i#0']
debug: Inserted main_block@0.ops[2]: 'store tmp%0#0 to l-stack (copy)'
debug: Replaced main_block@0.ops[4]: 'load tmp%0#0' with 'load tmp%0#0 from l-stack (no copy)'
debug: Inserted one_hundred_block@0.ops[7]: 'store tmp%0#0 to l-stack (copy)'
debug: Replaced one_hundred_block@0.ops[9]: 'load tmp%0#0' with 'load tmp%0#0 from l-stack (no copy)'
debug: Inserted one_hundred_after_if_else@2.ops[1]: 'store b#0 to l-stack (copy)'
debug: Replaced one_hundred_after_if_else@2.ops[2]: 'load b#0' with 'load b#0 from l-stack (no copy)'
debug: Inserted one_hundred_after_if_else@2.ops[8]: 'store tmp%1#0 to l-stack (copy)'
debug: Replaced one_hundred_after_if_else@2.ops[10]: 'load tmp%1#0' with 'load tmp%1#0 from l-stack (no copy)'
debug: Inserted one_hundred_after_if_else@2.ops[4]: 'store b#0 to l-stack (copy)'
debug: Replaced one_hundred_after_if_else@2.ops[7]: 'load b#0' with 'load b#0 from l-stack (no copy)'
debug: Found 1 edge set/s for examples.ssa2.contract.one_hundred
debug: examples.ssa2.contract.one_hundred f-stack entry: []
debug: examples.ssa2.contract.one_hundred f-stack on first store: ['a#0', 'b#0']
info: Writing ssa2/out/contract.approval.teal
info: Writing ssa2/out/contract.approval.debug.teal
info: Writing ssa2/out/contract.clear.teal
info: Writing ssa2/out/contract.clear.debug.teal
>> exit code = 0