debug: PuyaOptions(paths=['debug'], output_teal=True, output_arc32=True, output_client=True, output_awst=True, output_awst_json=False, output_ssa_ir=True, output_optimization_ir=True, output_destructured_ir=True, output_memory_ir=True, output_bytecode=True, match_algod_bytecode=False, debug_level=1, optimization_level=1, log_level=<LogLevel.debug: 10>, target_avm_version=10, cli_template_definitions=[], template_vars_prefix='TMPL_', locals_coalescing_strategy=<LocalsCoalescingStrategy.root_operand: 'root_operand'>)
info: Found python prefix: <git root>/.venv
info: Writing debug/out/module.awst
debug: Sealing block@0: // L12
debug: Terminated block@0: // L12
debug: Looking for 'required_budget_with_buffer' in an unsealed block creating an incomplete Phi: block@1: // while_top_L20
debug: Created Phi assignment: let required_budget_with_buffer#1: uint64 = undefined while trying to resolve 'required_budget_with_buffer' in block@1: // while_top_L20
debug: Terminated block@1: // while_top_L20
debug: Sealing block@2: // while_body_L21
debug: Looking for 'fee_source' in an unsealed block creating an incomplete Phi: block@1: // while_top_L20
debug: Created Phi assignment: let fee_source#1: uint64 = undefined while trying to resolve 'fee_source' in block@1: // while_top_L20
debug: Terminated block@2: // while_body_L21
debug: Sealing block@3: // switch_case_0_L28
debug: Terminated block@3: // switch_case_0_L28
debug: Sealing block@4: // switch_case_1_L30
debug: Terminated block@4: // switch_case_1_L30
debug: Sealing block@5: // switch_case_default_L26
debug: Terminated block@5: // switch_case_default_L26
debug: Sealing block@6: // switch_case_next_L26
debug: Terminated block@6: // switch_case_next_L26
debug: Sealing block@1: // while_top_L20
debug: Added required_budget_with_buffer#0 to Phi node: let required_budget_with_buffer#1: uint64 = φ(required_budget_with_buffer#0 <- block@0) in block@0: // L12
debug: Created Phi assignment: let required_budget_with_buffer#2: uint64 = undefined while trying to resolve 'required_budget_with_buffer' in block@6: // switch_case_next_L26
debug: Added required_budget_with_buffer#1 to Phi node: let required_budget_with_buffer#2: uint64 = φ(required_budget_with_buffer#1 <- block@3) in block@3: // switch_case_0_L28
debug: Added required_budget_with_buffer#1 to Phi node: let required_budget_with_buffer#2: uint64 = φ(required_budget_with_buffer#1 <- block@3, required_budget_with_buffer#1 <- block@4) in block@4: // switch_case_1_L30
debug: Added required_budget_with_buffer#1 to Phi node: let required_budget_with_buffer#2: uint64 = φ(required_budget_with_buffer#1 <- block@3, required_budget_with_buffer#1 <- block@4, required_budget_with_buffer#1 <- block@5) in block@5: // switch_case_default_L26
debug: Replacing trivial Phi node: let required_budget_with_buffer#2: uint64 = φ(required_budget_with_buffer#1 <- block@3, required_budget_with_buffer#1 <- block@4, required_budget_with_buffer#1 <- block@5) (required_budget_with_buffer#2) with required_budget_with_buffer#1
debug: Deleting Phi assignment: let required_budget_with_buffer#2: uint64 = φ(required_budget_with_buffer#1 <- block@3, required_budget_with_buffer#1 <- block@4, required_budget_with_buffer#1 <- block@5)
debug: Replaced trivial Phi node: let required_budget_with_buffer#2: uint64 = φ(required_budget_with_buffer#1 <- block@3, required_budget_with_buffer#1 <- block@4, required_budget_with_buffer#1 <- block@5) (required_budget_with_buffer#2) with required_budget_with_buffer#1 in current definition for 1 blocks
debug: Added required_budget_with_buffer#1 to Phi node: let required_budget_with_buffer#1: uint64 = φ(required_budget_with_buffer#0 <- block@0, required_budget_with_buffer#1 <- block@6) in block@6: // switch_case_next_L26
debug: Replacing trivial Phi node: let required_budget_with_buffer#1: uint64 = φ(required_budget_with_buffer#0 <- block@0, required_budget_with_buffer#1 <- block@6) (required_budget_with_buffer#1) with required_budget_with_buffer#0
debug: Deleting Phi assignment: let required_budget_with_buffer#1: uint64 = φ(required_budget_with_buffer#0 <- block@0, required_budget_with_buffer#1 <- block@6)
debug: Replaced trivial Phi node: let required_budget_with_buffer#1: uint64 = φ(required_budget_with_buffer#0 <- block@0, required_budget_with_buffer#1 <- block@6) (required_budget_with_buffer#1) with required_budget_with_buffer#0 in current definition for 6 blocks
debug: Added fee_source#0 to Phi node: let fee_source#1: uint64 = φ(fee_source#0 <- block@0) in block@0: // L12
debug: Created Phi assignment: let fee_source#2: uint64 = undefined while trying to resolve 'fee_source' in block@6: // switch_case_next_L26
debug: Added fee_source#1 to Phi node: let fee_source#2: uint64 = φ(fee_source#1 <- block@3) in block@3: // switch_case_0_L28
debug: Added fee_source#1 to Phi node: let fee_source#2: uint64 = φ(fee_source#1 <- block@3, fee_source#1 <- block@4) in block@4: // switch_case_1_L30
debug: Added fee_source#1 to Phi node: let fee_source#2: uint64 = φ(fee_source#1 <- block@3, fee_source#1 <- block@4, fee_source#1 <- block@5) in block@5: // switch_case_default_L26
debug: Replacing trivial Phi node: let fee_source#2: uint64 = φ(fee_source#1 <- block@3, fee_source#1 <- block@4, fee_source#1 <- block@5) (fee_source#2) with fee_source#1
debug: Deleting Phi assignment: let fee_source#2: uint64 = φ(fee_source#1 <- block@3, fee_source#1 <- block@4, fee_source#1 <- block@5)
debug: Replaced trivial Phi node: let fee_source#2: uint64 = φ(fee_source#1 <- block@3, fee_source#1 <- block@4, fee_source#1 <- block@5) (fee_source#2) with fee_source#1 in current definition for 1 blocks
debug: Added fee_source#1 to Phi node: let fee_source#1: uint64 = φ(fee_source#0 <- block@0, fee_source#1 <- block@6) in block@6: // switch_case_next_L26
debug: Replacing trivial Phi node: let fee_source#1: uint64 = φ(fee_source#0 <- block@0, fee_source#1 <- block@6) (fee_source#1) with fee_source#0
debug: Deleting Phi assignment: let fee_source#1: uint64 = φ(fee_source#0 <- block@0, fee_source#1 <- block@6)
debug: Replaced trivial Phi node: let fee_source#1: uint64 = φ(fee_source#0 <- block@0, fee_source#1 <- block@6) (fee_source#1) with fee_source#0 in current definition for 6 blocks
debug: Sealing block@7: // after_while_L20
debug: Terminated block@7: // after_while_L20
debug: Sealing block@0: // L4
debug: Terminated block@0: // L4
debug: Looking for 'start' in an unsealed block creating an incomplete Phi: block@1: // while_top_L11
debug: Created Phi assignment: let start#1: uint64 = undefined while trying to resolve 'start' in block@1: // while_top_L11
debug: Looking for 'item' in an unsealed block creating an incomplete Phi: block@1: // while_top_L11
debug: Created Phi assignment: let item#1: bytes = undefined while trying to resolve 'item' in block@1: // while_top_L11
debug: Looking for 'sequence' in an unsealed block creating an incomplete Phi: block@1: // while_top_L11
debug: Created Phi assignment: let sequence#1: bytes = undefined while trying to resolve 'sequence' in block@1: // while_top_L11
debug: Terminated block@1: // while_top_L11
debug: Sealing block@2: // while_body_L12
debug: Terminated block@2: // while_body_L12
debug: Sealing block@3: // if_body_L13
debug: Terminated block@3: // if_body_L13
debug: Sealing block@4: // after_if_else_L12
debug: Terminated block@4: // after_if_else_L12
debug: Sealing block@1: // while_top_L11
debug: Added start#0 to Phi node: let start#1: uint64 = φ(start#0 <- block@0) in block@0: // L4
debug: Added start#2 to Phi node: let start#1: uint64 = φ(start#0 <- block@0, start#2 <- block@4) in block@4: // after_if_else_L12
debug: Added item#0 to Phi node: let item#1: bytes = φ(item#0 <- block@0) in block@0: // L4
debug: Added item#1 to Phi node: let item#1: bytes = φ(item#0 <- block@0, item#1 <- block@4) in block@4: // after_if_else_L12
debug: Replacing trivial Phi node: let item#1: bytes = φ(item#0 <- block@0, item#1 <- block@4) (item#1) with item#0
debug: Deleting Phi assignment: let item#1: bytes = φ(item#0 <- block@0, item#1 <- block@4)
debug: Replaced trivial Phi node: let item#1: bytes = φ(item#0 <- block@0, item#1 <- block@4) (item#1) with item#0 in current definition for 3 blocks
debug: Added sequence#0 to Phi node: let sequence#1: bytes = φ(sequence#0 <- block@0) in block@0: // L4
debug: Added sequence#1 to Phi node: let sequence#1: bytes = φ(sequence#0 <- block@0, sequence#1 <- block@4) in block@4: // after_if_else_L12
debug: Replacing trivial Phi node: let sequence#1: bytes = φ(sequence#0 <- block@0, sequence#1 <- block@4) (sequence#1) with sequence#0
debug: Deleting Phi assignment: let sequence#1: bytes = φ(sequence#0 <- block@0, sequence#1 <- block@4)
debug: Replaced trivial Phi node: let sequence#1: bytes = φ(sequence#0 <- block@0, sequence#1 <- block@4) (sequence#1) with sequence#0 in current definition for 3 blocks
debug: Sealing block@5: // after_while_L11
debug: Terminated block@5: // after_while_L11
debug: Sealing block@0: // L25
debug: Terminated block@0: // L25
debug: Sealing block@0: // L44
debug: Terminated block@0: // L44
debug: Sealing block@0: // L62
debug: Terminated block@0: // L62
debug: Sealing block@0: // L92
debug: Terminated block@0: // L92
debug: Looking for 'head_offset' in an unsealed block creating an incomplete Phi: block@1: // for_header_L110
debug: Created Phi assignment: let head_offset#1: uint64 = undefined while trying to resolve 'head_offset' in block@1: // for_header_L110
debug: Terminated block@1: // for_header_L110
debug: Sealing block@2: // for_body_L111
debug: Looking for 'head_and_tail' in an unsealed block creating an incomplete Phi: block@1: // for_header_L110
debug: Created Phi assignment: let head_and_tail#1: bytes = undefined while trying to resolve 'head_and_tail' in block@1: // for_header_L110
debug: Looking for 'new_head' in an unsealed block creating an incomplete Phi: block@1: // for_header_L110
debug: Created Phi assignment: let new_head#1: bytes = undefined while trying to resolve 'new_head' in block@1: // for_header_L110
debug: Terminated block@2: // for_body_L111
debug: Sealing block@3: // for_footer_L110
debug: Terminated block@3: // for_footer_L110
debug: Sealing block@1: // for_header_L110
debug: Added head_offset#0 to Phi node: let head_offset#1: uint64 = φ(head_offset#0 <- block@0) in block@0: // L92
debug: Added head_offset#2 to Phi node: let head_offset#1: uint64 = φ(head_offset#0 <- block@0, head_offset#2 <- block@3) in block@3: // for_footer_L110
debug: Added head_and_tail#0 to Phi node: let head_and_tail#1: bytes = φ(head_and_tail#0 <- block@0) in block@0: // L92
debug: Added head_and_tail#1 to Phi node: let head_and_tail#1: bytes = φ(head_and_tail#0 <- block@0, head_and_tail#1 <- block@3) in block@3: // for_footer_L110
debug: Replacing trivial Phi node: let head_and_tail#1: bytes = φ(head_and_tail#0 <- block@0, head_and_tail#1 <- block@3) (head_and_tail#1) with head_and_tail#0
debug: Deleting Phi assignment: let head_and_tail#1: bytes = φ(head_and_tail#0 <- block@0, head_and_tail#1 <- block@3)
debug: Replaced trivial Phi node: let head_and_tail#1: bytes = φ(head_and_tail#0 <- block@0, head_and_tail#1 <- block@3) (head_and_tail#1) with head_and_tail#0 in current definition for 3 blocks
debug: Added new_head#0 to Phi node: let new_head#1: bytes = φ(new_head#0 <- block@0) in block@0: // L92
debug: Added new_head#2 to Phi node: let new_head#1: bytes = φ(new_head#0 <- block@0, new_head#2 <- block@3) in block@3: // for_footer_L110
debug: Sealing block@4: // after_for_L110
debug: Created Phi assignment: let length_minus_1#1: uint64 = undefined while trying to resolve 'length_minus_1' in block@1: // for_header_L110
debug: Added length_minus_1#0 to Phi node: let length_minus_1#1: uint64 = φ(length_minus_1#0 <- block@0) in block@0: // L92
debug: Added length_minus_1#1 to Phi node: let length_minus_1#1: uint64 = φ(length_minus_1#0 <- block@0, length_minus_1#1 <- block@3) in block@3: // for_footer_L110
debug: Replacing trivial Phi node: let length_minus_1#1: uint64 = φ(length_minus_1#0 <- block@0, length_minus_1#1 <- block@3) (length_minus_1#1) with length_minus_1#0
debug: Deleting Phi assignment: let length_minus_1#1: uint64 = φ(length_minus_1#0 <- block@0, length_minus_1#1 <- block@3)
debug: Replaced trivial Phi node: let length_minus_1#1: uint64 = φ(length_minus_1#0 <- block@0, length_minus_1#1 <- block@3) (length_minus_1#1) with length_minus_1#0 in current definition for 3 blocks
debug: Created Phi assignment: let popped_header_offset#1: uint64 = undefined while trying to resolve 'popped_header_offset' in block@1: // for_header_L110
debug: Added popped_header_offset#0 to Phi node: let popped_header_offset#1: uint64 = φ(popped_header_offset#0 <- block@0) in block@0: // L92
debug: Added popped_header_offset#1 to Phi node: let popped_header_offset#1: uint64 = φ(popped_header_offset#0 <- block@0, popped_header_offset#1 <- block@3) in block@3: // for_footer_L110
debug: Replacing trivial Phi node: let popped_header_offset#1: uint64 = φ(popped_header_offset#0 <- block@0, popped_header_offset#1 <- block@3) (popped_header_offset#1) with popped_header_offset#0
debug: Deleting Phi assignment: let popped_header_offset#1: uint64 = φ(popped_header_offset#0 <- block@0, popped_header_offset#1 <- block@3)
debug: Replaced trivial Phi node: let popped_header_offset#1: uint64 = φ(popped_header_offset#0 <- block@0, popped_header_offset#1 <- block@3) (popped_header_offset#1) with popped_header_offset#0 in current definition for 3 blocks
debug: Created Phi assignment: let popped_offset#1: uint64 = undefined while trying to resolve 'popped_offset' in block@1: // for_header_L110
debug: Added popped_offset#0 to Phi node: let popped_offset#1: uint64 = φ(popped_offset#0 <- block@0) in block@0: // L92
debug: Added popped_offset#1 to Phi node: let popped_offset#1: uint64 = φ(popped_offset#0 <- block@0, popped_offset#1 <- block@3) in block@3: // for_footer_L110
debug: Replacing trivial Phi node: let popped_offset#1: uint64 = φ(popped_offset#0 <- block@0, popped_offset#1 <- block@3) (popped_offset#1) with popped_offset#0
debug: Deleting Phi assignment: let popped_offset#1: uint64 = φ(popped_offset#0 <- block@0, popped_offset#1 <- block@3)
debug: Replaced trivial Phi node: let popped_offset#1: uint64 = φ(popped_offset#0 <- block@0, popped_offset#1 <- block@3) (popped_offset#1) with popped_offset#0 in current definition for 3 blocks
debug: Created Phi assignment: let popped#1: bytes = undefined while trying to resolve 'popped' in block@1: // for_header_L110
debug: Added popped#0 to Phi node: let popped#1: bytes = φ(popped#0 <- block@0) in block@0: // L92
debug: Added popped#1 to Phi node: let popped#1: bytes = φ(popped#0 <- block@0, popped#1 <- block@3) in block@3: // for_footer_L110
debug: Replacing trivial Phi node: let popped#1: bytes = φ(popped#0 <- block@0, popped#1 <- block@3) (popped#1) with popped#0
debug: Deleting Phi assignment: let popped#1: bytes = φ(popped#0 <- block@0, popped#1 <- block@3)
debug: Replaced trivial Phi node: let popped#1: bytes = φ(popped#0 <- block@0, popped#1 <- block@3) (popped#1) with popped#0 in current definition for 3 blocks
debug: Terminated block@4: // after_for_L110
debug: Sealing block@0: // L124
debug: Terminated block@0: // L124
debug: Sealing block@1: // if_body_L147
debug: Terminated block@1: // if_body_L147
debug: Sealing block@2: // after_if_else_L146
debug: Created Phi assignment: let array_length#1: uint64 = undefined while trying to resolve 'array_length' in block@2: // after_if_else_L146
debug: Added array_length#0 to Phi node: let array_length#1: uint64 = φ(array_length#0 <- block@0) in block@0: // L124
debug: Added array_length#0 to Phi node: let array_length#1: uint64 = φ(array_length#0 <- block@0, array_length#0 <- block@1) in block@1: // if_body_L147
debug: Replacing trivial Phi node: let array_length#1: uint64 = φ(array_length#0 <- block@0, array_length#0 <- block@1) (array_length#1) with array_length#0
debug: Deleting Phi assignment: let array_length#1: uint64 = φ(array_length#0 <- block@0, array_length#0 <- block@1)
debug: Replaced trivial Phi node: let array_length#1: uint64 = φ(array_length#0 <- block@0, array_length#0 <- block@1) (array_length#1) with array_length#0 in current definition for 1 blocks
debug: Created Phi assignment: let is_packed#1: bool = undefined while trying to resolve 'is_packed' in block@2: // after_if_else_L146
debug: Added is_packed#0 to Phi node: let is_packed#1: bool = φ(is_packed#0 <- block@0) in block@0: // L124
debug: Added is_packed#0 to Phi node: let is_packed#1: bool = φ(is_packed#0 <- block@0, is_packed#0 <- block@1) in block@1: // if_body_L147
debug: Replacing trivial Phi node: let is_packed#1: bool = φ(is_packed#0 <- block@0, is_packed#0 <- block@1) (is_packed#1) with is_packed#0
debug: Deleting Phi assignment: let is_packed#1: bool = φ(is_packed#0 <- block@0, is_packed#0 <- block@1)
debug: Replaced trivial Phi node: let is_packed#1: bool = φ(is_packed#0 <- block@0, is_packed#0 <- block@1) (is_packed#1) with is_packed#0 in current definition for 1 blocks
debug: Created Phi assignment: let new_items_count#1: uint64 = undefined while trying to resolve 'new_items_count' in block@2: // after_if_else_L146
debug: Added new_items_count#0 to Phi node: let new_items_count#1: uint64 = φ(new_items_count#0 <- block@0) in block@0: // L124
debug: Added new_items_count#0 to Phi node: let new_items_count#1: uint64 = φ(new_items_count#0 <- block@0, new_items_count#0 <- block@1) in block@1: // if_body_L147
debug: Replacing trivial Phi node: let new_items_count#1: uint64 = φ(new_items_count#0 <- block@0, new_items_count#0 <- block@1) (new_items_count#1) with new_items_count#0
debug: Deleting Phi assignment: let new_items_count#1: uint64 = φ(new_items_count#0 <- block@0, new_items_count#0 <- block@1)
debug: Replaced trivial Phi node: let new_items_count#1: uint64 = φ(new_items_count#0 <- block@0, new_items_count#0 <- block@1) (new_items_count#1) with new_items_count#0 in current definition for 1 blocks
debug: Terminated block@2: // after_if_else_L146
debug: Looking for 'i' in an unsealed block creating an incomplete Phi: block@3: // for_header_L150
debug: Created Phi assignment: let i#1: uint64 = undefined while trying to resolve 'i' in block@3: // for_header_L150
debug: Terminated block@3: // for_header_L150
debug: Sealing block@4: // for_body_L151
debug: Looking for 'result' in an unsealed block creating an incomplete Phi: block@3: // for_header_L150
debug: Created Phi assignment: let result#2: bytes = undefined while trying to resolve 'result' in block@3: // for_header_L150
debug: Looking for 'write_offset' in an unsealed block creating an incomplete Phi: block@3: // for_header_L150
debug: Created Phi assignment: let write_offset#1: uint64 = undefined while trying to resolve 'write_offset' in block@3: // for_header_L150
debug: Looking for 'new_items_bytes' in an unsealed block creating an incomplete Phi: block@3: // for_header_L150
debug: Created Phi assignment: let new_items_bytes#1: bytes = undefined while trying to resolve 'new_items_bytes' in block@3: // for_header_L150
debug: Terminated block@4: // for_body_L151
debug: Sealing block@5: // for_footer_L150
debug: Terminated block@5: // for_footer_L150
debug: Sealing block@3: // for_header_L150
debug: Added i#0 to Phi node: let i#1: uint64 = φ(i#0 <- block@2) in block@2: // after_if_else_L146
debug: Added i#2 to Phi node: let i#1: uint64 = φ(i#0 <- block@2, i#2 <- block@5) in block@5: // for_footer_L150
debug: Created Phi assignment: let result#4: bytes = undefined while trying to resolve 'result' in block@2: // after_if_else_L146
debug: Added result#0 to Phi node: let result#4: bytes = φ(result#0 <- block@0) in block@0: // L124
debug: Added result#1 to Phi node: let result#4: bytes = φ(result#0 <- block@0, result#1 <- block@1) in block@1: // if_body_L147
debug: Added result#4 to Phi node: let result#2: bytes = φ(result#4 <- block@2) in block@2: // after_if_else_L146
debug: Added result#3 to Phi node: let result#2: bytes = φ(result#4 <- block@2, result#3 <- block@5) in block@5: // for_footer_L150
debug: Added write_offset#0 to Phi node: let write_offset#1: uint64 = φ(write_offset#0 <- block@2) in block@2: // after_if_else_L146
debug: Added write_offset#2 to Phi node: let write_offset#1: uint64 = φ(write_offset#0 <- block@2, write_offset#2 <- block@5) in block@5: // for_footer_L150
debug: Created Phi assignment: let new_items_bytes#2: bytes = undefined while trying to resolve 'new_items_bytes' in block@2: // after_if_else_L146
debug: Added new_items_bytes#0 to Phi node: let new_items_bytes#2: bytes = φ(new_items_bytes#0 <- block@0) in block@0: // L124
debug: Added new_items_bytes#0 to Phi node: let new_items_bytes#2: bytes = φ(new_items_bytes#0 <- block@0, new_items_bytes#0 <- block@1) in block@1: // if_body_L147
debug: Replacing trivial Phi node: let new_items_bytes#2: bytes = φ(new_items_bytes#0 <- block@0, new_items_bytes#0 <- block@1) (new_items_bytes#2) with new_items_bytes#0
debug: Deleting Phi assignment: let new_items_bytes#2: bytes = φ(new_items_bytes#0 <- block@0, new_items_bytes#0 <- block@1)
debug: Replaced trivial Phi node: let new_items_bytes#2: bytes = φ(new_items_bytes#0 <- block@0, new_items_bytes#0 <- block@1) (new_items_bytes#2) with new_items_bytes#0 in current definition for 1 blocks
debug: Added new_items_bytes#0 to Phi node: let new_items_bytes#1: bytes = φ(new_items_bytes#0 <- block@2) in block@2: // after_if_else_L146
debug: Added new_items_bytes#1 to Phi node: let new_items_bytes#1: bytes = φ(new_items_bytes#0 <- block@2, new_items_bytes#1 <- block@5) in block@5: // for_footer_L150
debug: Replacing trivial Phi node: let new_items_bytes#1: bytes = φ(new_items_bytes#0 <- block@2, new_items_bytes#1 <- block@5) (new_items_bytes#1) with new_items_bytes#0
debug: Deleting Phi assignment: let new_items_bytes#1: bytes = φ(new_items_bytes#0 <- block@2, new_items_bytes#1 <- block@5)
debug: Replaced trivial Phi node: let new_items_bytes#1: bytes = φ(new_items_bytes#0 <- block@2, new_items_bytes#1 <- block@5) (new_items_bytes#1) with new_items_bytes#0 in current definition for 3 blocks
debug: Sealing block@6: // after_for_L150
debug: Terminated block@6: // after_for_L150
debug: Sealing block@0: // L157
debug: Terminated block@0: // L157
debug: Sealing block@0: // L189
debug: Terminated block@0: // L189
debug: Looking for 'head_offset' in an unsealed block creating an incomplete Phi: block@1: // for_header_L199
debug: Created Phi assignment: let head_offset#1: uint64 = undefined while trying to resolve 'head_offset' in block@1: // for_header_L199
debug: Terminated block@1: // for_header_L199
debug: Sealing block@2: // for_body_L200
debug: Looking for 'array_head_and_tail' in an unsealed block creating an incomplete Phi: block@1: // for_header_L199
debug: Created Phi assignment: let array_head_and_tail#1: bytes = undefined while trying to resolve 'array_head_and_tail' in block@1: // for_header_L199
debug: Looking for 'new_head' in an unsealed block creating an incomplete Phi: block@1: // for_header_L199
debug: Created Phi assignment: let new_head#1: bytes = undefined while trying to resolve 'new_head' in block@1: // for_header_L199
debug: Looking for 'item_offset_adjustment' in an unsealed block creating an incomplete Phi: block@1: // for_header_L199
debug: Created Phi assignment: let item_offset_adjustment#1: uint64 = undefined while trying to resolve 'item_offset_adjustment' in block@1: // for_header_L199
debug: Terminated block@2: // for_body_L200
debug: Sealing block@3: // for_footer_L199
debug: Terminated block@3: // for_footer_L199
debug: Sealing block@1: // for_header_L199
debug: Added head_offset#0 to Phi node: let head_offset#1: uint64 = φ(head_offset#0 <- block@0) in block@0: // L189
debug: Added head_offset#2 to Phi node: let head_offset#1: uint64 = φ(head_offset#0 <- block@0, head_offset#2 <- block@3) in block@3: // for_footer_L199
debug: Added array_head_and_tail#0 to Phi node: let array_head_and_tail#1: bytes = φ(array_head_and_tail#0 <- block@0) in block@0: // L189
debug: Added array_head_and_tail#1 to Phi node: let array_head_and_tail#1: bytes = φ(array_head_and_tail#0 <- block@0, array_head_and_tail#1 <- block@3) in block@3: // for_footer_L199
debug: Replacing trivial Phi node: let array_head_and_tail#1: bytes = φ(array_head_and_tail#0 <- block@0, array_head_and_tail#1 <- block@3) (array_head_and_tail#1) with array_head_and_tail#0
debug: Deleting Phi assignment: let array_head_and_tail#1: bytes = φ(array_head_and_tail#0 <- block@0, array_head_and_tail#1 <- block@3)
debug: Replaced trivial Phi node: let array_head_and_tail#1: bytes = φ(array_head_and_tail#0 <- block@0, array_head_and_tail#1 <- block@3) (array_head_and_tail#1) with array_head_and_tail#0 in current definition for 3 blocks
debug: Added new_head#0 to Phi node: let new_head#1: bytes = φ(new_head#0 <- block@0) in block@0: // L189
debug: Added new_head#2 to Phi node: let new_head#1: bytes = φ(new_head#0 <- block@0, new_head#2 <- block@3) in block@3: // for_footer_L199
debug: Added item_offset_adjustment#0 to Phi node: let item_offset_adjustment#1: uint64 = φ(item_offset_adjustment#0 <- block@0) in block@0: // L189
debug: Added item_offset_adjustment#1 to Phi node: let item_offset_adjustment#1: uint64 = φ(item_offset_adjustment#0 <- block@0, item_offset_adjustment#1 <- block@3) in block@3: // for_footer_L199
debug: Replacing trivial Phi node: let item_offset_adjustment#1: uint64 = φ(item_offset_adjustment#0 <- block@0, item_offset_adjustment#1 <- block@3) (item_offset_adjustment#1) with item_offset_adjustment#0
debug: Deleting Phi assignment: let item_offset_adjustment#1: uint64 = φ(item_offset_adjustment#0 <- block@0, item_offset_adjustment#1 <- block@3)
debug: Replaced trivial Phi node: let item_offset_adjustment#1: uint64 = φ(item_offset_adjustment#0 <- block@0, item_offset_adjustment#1 <- block@3) (item_offset_adjustment#1) with item_offset_adjustment#0 in current definition for 3 blocks
debug: Sealing block@4: // after_for_L199
debug: Created Phi assignment: let new_items_count#1: uint64 = undefined while trying to resolve 'new_items_count' in block@1: // for_header_L199
debug: Added new_items_count#0 to Phi node: let new_items_count#1: uint64 = φ(new_items_count#0 <- block@0) in block@0: // L189
debug: Added new_items_count#1 to Phi node: let new_items_count#1: uint64 = φ(new_items_count#0 <- block@0, new_items_count#1 <- block@3) in block@3: // for_footer_L199
debug: Replacing trivial Phi node: let new_items_count#1: uint64 = φ(new_items_count#0 <- block@0, new_items_count#1 <- block@3) (new_items_count#1) with new_items_count#0
debug: Deleting Phi assignment: let new_items_count#1: uint64 = φ(new_items_count#0 <- block@0, new_items_count#1 <- block@3)
debug: Replaced trivial Phi node: let new_items_count#1: uint64 = φ(new_items_count#0 <- block@0, new_items_count#1 <- block@3) (new_items_count#1) with new_items_count#0 in current definition for 3 blocks
debug: Terminated block@4: // after_for_L199
debug: Looking for 'head_offset' in an unsealed block creating an incomplete Phi: block@5: // for_header_L204
debug: Created Phi assignment: let head_offset#4: uint64 = undefined while trying to resolve 'head_offset' in block@5: // for_header_L204
debug: Terminated block@5: // for_header_L204
debug: Sealing block@6: // for_body_L205
debug: Looking for 'new_head_and_tail' in an unsealed block creating an incomplete Phi: block@5: // for_header_L204
debug: Created Phi assignment: let new_head_and_tail#1: bytes = undefined while trying to resolve 'new_head_and_tail' in block@5: // for_header_L204
debug: Looking for 'new_head' in an unsealed block creating an incomplete Phi: block@5: // for_header_L204
debug: Created Phi assignment: let new_head#3: bytes = undefined while trying to resolve 'new_head' in block@5: // for_header_L204
debug: Looking for 'item_offset_adjustment' in an unsealed block creating an incomplete Phi: block@5: // for_header_L204
debug: Created Phi assignment: let item_offset_adjustment#3: uint64 = undefined while trying to resolve 'item_offset_adjustment' in block@5: // for_header_L204
debug: Terminated block@6: // for_body_L205
debug: Sealing block@7: // for_footer_L204
debug: Terminated block@7: // for_footer_L204
debug: Sealing block@5: // for_header_L204
debug: Added head_offset#3 to Phi node: let head_offset#4: uint64 = φ(head_offset#3 <- block@4) in block@4: // after_for_L199
debug: Added head_offset#5 to Phi node: let head_offset#4: uint64 = φ(head_offset#3 <- block@4, head_offset#5 <- block@7) in block@7: // for_footer_L204
debug: Created Phi assignment: let new_head_and_tail#2: bytes = undefined while trying to resolve 'new_head_and_tail' in block@1: // for_header_L199
debug: Added new_head_and_tail#0 to Phi node: let new_head_and_tail#2: bytes = φ(new_head_and_tail#0 <- block@0) in block@0: // L189
debug: Added new_head_and_tail#2 to Phi node: let new_head_and_tail#2: bytes = φ(new_head_and_tail#0 <- block@0, new_head_and_tail#2 <- block@3) in block@3: // for_footer_L199
debug: Replacing trivial Phi node: let new_head_and_tail#2: bytes = φ(new_head_and_tail#0 <- block@0, new_head_and_tail#2 <- block@3) (new_head_and_tail#2) with new_head_and_tail#0
debug: Deleting Phi assignment: let new_head_and_tail#2: bytes = φ(new_head_and_tail#0 <- block@0, new_head_and_tail#2 <- block@3)
debug: Replaced trivial Phi node: let new_head_and_tail#2: bytes = φ(new_head_and_tail#0 <- block@0, new_head_and_tail#2 <- block@3) (new_head_and_tail#2) with new_head_and_tail#0 in current definition for 3 blocks
debug: Added new_head_and_tail#0 to Phi node: let new_head_and_tail#1: bytes = φ(new_head_and_tail#0 <- block@4) in block@4: // after_for_L199
debug: Added new_head_and_tail#1 to Phi node: let new_head_and_tail#1: bytes = φ(new_head_and_tail#0 <- block@4, new_head_and_tail#1 <- block@7) in block@7: // for_footer_L204
debug: Replacing trivial Phi node: let new_head_and_tail#1: bytes = φ(new_head_and_tail#0 <- block@4, new_head_and_tail#1 <- block@7) (new_head_and_tail#1) with new_head_and_tail#0
debug: Deleting Phi assignment: let new_head_and_tail#1: bytes = φ(new_head_and_tail#0 <- block@4, new_head_and_tail#1 <- block@7)
debug: Replaced trivial Phi node: let new_head_and_tail#1: bytes = φ(new_head_and_tail#0 <- block@4, new_head_and_tail#1 <- block@7) (new_head_and_tail#1) with new_head_and_tail#0 in current definition for 3 blocks
debug: Added new_head#1 to Phi node: let new_head#3: bytes = φ(new_head#1 <- block@4) in block@4: // after_for_L199
debug: Added new_head#4 to Phi node: let new_head#3: bytes = φ(new_head#1 <- block@4, new_head#4 <- block@7) in block@7: // for_footer_L204
debug: Added item_offset_adjustment#2 to Phi node: let item_offset_adjustment#3: uint64 = φ(item_offset_adjustment#2 <- block@4) in block@4: // after_for_L199
debug: Added item_offset_adjustment#3 to Phi node: let item_offset_adjustment#3: uint64 = φ(item_offset_adjustment#2 <- block@4, item_offset_adjustment#3 <- block@7) in block@7: // for_footer_L204
debug: Replacing trivial Phi node: let item_offset_adjustment#3: uint64 = φ(item_offset_adjustment#2 <- block@4, item_offset_adjustment#3 <- block@7) (item_offset_adjustment#3) with item_offset_adjustment#2
debug: Deleting Phi assignment: let item_offset_adjustment#3: uint64 = φ(item_offset_adjustment#2 <- block@4, item_offset_adjustment#3 <- block@7)
debug: Replaced trivial Phi node: let item_offset_adjustment#3: uint64 = φ(item_offset_adjustment#2 <- block@4, item_offset_adjustment#3 <- block@7) (item_offset_adjustment#3) with item_offset_adjustment#2 in current definition for 3 blocks
debug: Sealing block@8: // after_for_L204
debug: Created Phi assignment: let array_items_count#1: uint64 = undefined while trying to resolve 'array_items_count' in block@5: // for_header_L204
debug: Created Phi assignment: let array_items_count#2: uint64 = undefined while trying to resolve 'array_items_count' in block@1: // for_header_L199
debug: Added array_items_count#0 to Phi node: let array_items_count#2: uint64 = φ(array_items_count#0 <- block@0) in block@0: // L189
debug: Added array_items_count#2 to Phi node: let array_items_count#2: uint64 = φ(array_items_count#0 <- block@0, array_items_count#2 <- block@3) in block@3: // for_footer_L199
debug: Replacing trivial Phi node: let array_items_count#2: uint64 = φ(array_items_count#0 <- block@0, array_items_count#2 <- block@3) (array_items_count#2) with array_items_count#0
debug: Deleting Phi assignment: let array_items_count#2: uint64 = φ(array_items_count#0 <- block@0, array_items_count#2 <- block@3)
debug: Replaced trivial Phi node: let array_items_count#2: uint64 = φ(array_items_count#0 <- block@0, array_items_count#2 <- block@3) (array_items_count#2) with array_items_count#0 in current definition for 3 blocks
debug: Added array_items_count#0 to Phi node: let array_items_count#1: uint64 = φ(array_items_count#0 <- block@4) in block@4: // after_for_L199
debug: Added array_items_count#1 to Phi node: let array_items_count#1: uint64 = φ(array_items_count#0 <- block@4, array_items_count#1 <- block@7) in block@7: // for_footer_L204
debug: Replacing trivial Phi node: let array_items_count#1: uint64 = φ(array_items_count#0 <- block@4, array_items_count#1 <- block@7) (array_items_count#1) with array_items_count#0
debug: Deleting Phi assignment: let array_items_count#1: uint64 = φ(array_items_count#0 <- block@4, array_items_count#1 <- block@7)
debug: Replaced trivial Phi node: let array_items_count#1: uint64 = φ(array_items_count#0 <- block@4, array_items_count#1 <- block@7) (array_items_count#1) with array_items_count#0 in current definition for 3 blocks
debug: Created Phi assignment: let new_items_count#2: uint64 = undefined while trying to resolve 'new_items_count' in block@5: // for_header_L204
debug: Added new_items_count#0 to Phi node: let new_items_count#2: uint64 = φ(new_items_count#0 <- block@4) in block@4: // after_for_L199
debug: Added new_items_count#2 to Phi node: let new_items_count#2: uint64 = φ(new_items_count#0 <- block@4, new_items_count#2 <- block@7) in block@7: // for_footer_L204
debug: Replacing trivial Phi node: let new_items_count#2: uint64 = φ(new_items_count#0 <- block@4, new_items_count#2 <- block@7) (new_items_count#2) with new_items_count#0
debug: Deleting Phi assignment: let new_items_count#2: uint64 = φ(new_items_count#0 <- block@4, new_items_count#2 <- block@7)
debug: Replaced trivial Phi node: let new_items_count#2: uint64 = φ(new_items_count#0 <- block@4, new_items_count#2 <- block@7) (new_items_count#2) with new_items_count#0 in current definition for 3 blocks
debug: Created Phi assignment: let array_head_and_tail#2: bytes = undefined while trying to resolve 'array_head_and_tail' in block@5: // for_header_L204
debug: Added array_head_and_tail#0 to Phi node: let array_head_and_tail#2: bytes = φ(array_head_and_tail#0 <- block@4) in block@4: // after_for_L199
debug: Added array_head_and_tail#2 to Phi node: let array_head_and_tail#2: bytes = φ(array_head_and_tail#0 <- block@4, array_head_and_tail#2 <- block@7) in block@7: // for_footer_L204
debug: Replacing trivial Phi node: let array_head_and_tail#2: bytes = φ(array_head_and_tail#0 <- block@4, array_head_and_tail#2 <- block@7) (array_head_and_tail#2) with array_head_and_tail#0
debug: Deleting Phi assignment: let array_head_and_tail#2: bytes = φ(array_head_and_tail#0 <- block@4, array_head_and_tail#2 <- block@7)
debug: Replaced trivial Phi node: let array_head_and_tail#2: bytes = φ(array_head_and_tail#0 <- block@4, array_head_and_tail#2 <- block@7) (array_head_and_tail#2) with array_head_and_tail#0 in current definition for 3 blocks
debug: Terminated block@8: // after_for_L204
debug: Sealing block@0: // L217
debug: Terminated block@0: // L217
debug: Sealing block@0: // L240
debug: Terminated block@0: // L240
debug: Sealing block@0: // L252
debug: Terminated block@0: // L252
debug: Looking for 'head_offset' in an unsealed block creating an incomplete Phi: block@1: // for_header_L269
debug: Created Phi assignment: let head_offset#1: uint64 = undefined while trying to resolve 'head_offset' in block@1: // for_header_L269
debug: Terminated block@1: // for_header_L269
debug: Sealing block@2: // for_body_L270
debug: Looking for 'new_head_and_tail' in an unsealed block creating an incomplete Phi: block@1: // for_header_L269
debug: Created Phi assignment: let new_head_and_tail#1: bytes = undefined while trying to resolve 'new_head_and_tail' in block@1: // for_header_L269
debug: Looking for 'new_item_length' in an unsealed block creating an incomplete Phi: block@1: // for_header_L269
debug: Created Phi assignment: let new_item_length#1: uint64 = undefined while trying to resolve 'new_item_length' in block@1: // for_header_L269
debug: Looking for 'original_item_length' in an unsealed block creating an incomplete Phi: block@1: // for_header_L269
debug: Created Phi assignment: let original_item_length#1: uint64 = undefined while trying to resolve 'original_item_length' in block@1: // for_header_L269
debug: Terminated block@2: // for_body_L270
debug: Sealing block@3: // for_footer_L269
debug: Terminated block@3: // for_footer_L269
debug: Sealing block@1: // for_header_L269
debug: Added head_offset#0 to Phi node: let head_offset#1: uint64 = φ(head_offset#0 <- block@0) in block@0: // L252
debug: Added head_offset#2 to Phi node: let head_offset#1: uint64 = φ(head_offset#0 <- block@0, head_offset#2 <- block@3) in block@3: // for_footer_L269
debug: Added new_head_and_tail#0 to Phi node: let new_head_and_tail#1: bytes = φ(new_head_and_tail#0 <- block@0) in block@0: // L252
debug: Added new_head_and_tail#2 to Phi node: let new_head_and_tail#1: bytes = φ(new_head_and_tail#0 <- block@0, new_head_and_tail#2 <- block@3) in block@3: // for_footer_L269
debug: Added new_item_length#0 to Phi node: let new_item_length#1: uint64 = φ(new_item_length#0 <- block@0) in block@0: // L252
debug: Added new_item_length#1 to Phi node: let new_item_length#1: uint64 = φ(new_item_length#0 <- block@0, new_item_length#1 <- block@3) in block@3: // for_footer_L269
debug: Replacing trivial Phi node: let new_item_length#1: uint64 = φ(new_item_length#0 <- block@0, new_item_length#1 <- block@3) (new_item_length#1) with new_item_length#0
debug: Deleting Phi assignment: let new_item_length#1: uint64 = φ(new_item_length#0 <- block@0, new_item_length#1 <- block@3)
debug: Replaced trivial Phi node: let new_item_length#1: uint64 = φ(new_item_length#0 <- block@0, new_item_length#1 <- block@3) (new_item_length#1) with new_item_length#0 in current definition for 3 blocks
debug: Added original_item_length#0 to Phi node: let original_item_length#1: uint64 = φ(original_item_length#0 <- block@0) in block@0: // L252
debug: Added original_item_length#1 to Phi node: let original_item_length#1: uint64 = φ(original_item_length#0 <- block@0, original_item_length#1 <- block@3) in block@3: // for_footer_L269
debug: Replacing trivial Phi node: let original_item_length#1: uint64 = φ(original_item_length#0 <- block@0, original_item_length#1 <- block@3) (original_item_length#1) with original_item_length#0
debug: Deleting Phi assignment: let original_item_length#1: uint64 = φ(original_item_length#0 <- block@0, original_item_length#1 <- block@3)
debug: Replaced trivial Phi node: let original_item_length#1: uint64 = φ(original_item_length#0 <- block@0, original_item_length#1 <- block@3) (original_item_length#1) with original_item_length#0 in current definition for 3 blocks
debug: Sealing block@4: // after_for_L269
debug: Terminated block@4: // after_for_L269
debug: Sealing block@0: // L278
debug: Terminated block@0: // L278
debug: Sealing block@0: // L306
debug: Terminated block@0: // L306
debug: Looking for 'head_offset' in an unsealed block creating an incomplete Phi: block@1: // for_header_L327
debug: Created Phi assignment: let head_offset#1: uint64 = undefined while trying to resolve 'head_offset' in block@1: // for_header_L327
debug: Terminated block@1: // for_header_L327
debug: Sealing block@2: // for_body_L328
debug: Looking for 'tail_offset' in an unsealed block creating an incomplete Phi: block@1: // for_header_L327
debug: Created Phi assignment: let tail_offset#1: uint64 = undefined while trying to resolve 'tail_offset' in block@1: // for_header_L327
debug: Looking for 'array_head_and_tail' in an unsealed block creating an incomplete Phi: block@1: // for_header_L327
debug: Created Phi assignment: let array_head_and_tail#1: bytes = undefined while trying to resolve 'array_head_and_tail' in block@1: // for_header_L327
debug: Terminated block@2: // for_body_L328
debug: Sealing block@3: // for_footer_L327
debug: Terminated block@3: // for_footer_L327
debug: Sealing block@1: // for_header_L327
debug: Added head_offset#0 to Phi node: let head_offset#1: uint64 = φ(head_offset#0 <- block@0) in block@0: // L306
debug: Added head_offset#3 to Phi node: let head_offset#1: uint64 = φ(head_offset#0 <- block@0, head_offset#3 <- block@3) in block@3: // for_footer_L327
debug: Added tail_offset#0 to Phi node: let tail_offset#1: uint64 = φ(tail_offset#0 <- block@0) in block@0: // L306
debug: Added tail_offset#2 to Phi node: let tail_offset#1: uint64 = φ(tail_offset#0 <- block@0, tail_offset#2 <- block@3) in block@3: // for_footer_L327
debug: Added array_head_and_tail#0 to Phi node: let array_head_and_tail#1: bytes = φ(array_head_and_tail#0 <- block@0) in block@0: // L306
debug: Added array_head_and_tail#2 to Phi node: let array_head_and_tail#1: bytes = φ(array_head_and_tail#0 <- block@0, array_head_and_tail#2 <- block@3) in block@3: // for_footer_L327
debug: Sealing block@4: // after_for_L327
debug: Terminated block@4: // after_for_L327
debug: Sealing block@0: // L4
debug: Terminated block@0: // L4
debug: Sealing block@1: // abi_routing_L4
debug: Terminated block@1: // abi_routing_L4
debug: Sealing block@2: // test_route_L5
debug: Terminated block@2: // test_route_L5
debug: Sealing block@3: // switch_case_default_L4
debug: Terminated block@3: // switch_case_default_L4
debug: Sealing block@4: // switch_case_next_L4
debug: Terminated block@4: // switch_case_next_L4
debug: Sealing block@5: // bare_routing_L4
debug: Terminated block@5: // bare_routing_L4
debug: Sealing block@6: // __algopy_default_create_L4
debug: Terminated block@6: // __algopy_default_create_L4
debug: Sealing block@7: // switch_case_default_L4
debug: Terminated block@7: // switch_case_default_L4
debug: Sealing block@8: // switch_case_next_L4
debug: Terminated block@8: // switch_case_next_L4
debug: Sealing block@9: // after_if_else_L4
debug: Terminated block@9: // after_if_else_L4
debug: Sealing block@0: // L5
debug: Terminated block@0: // L5
debug: Sealing block@1: // if_body_L11
debug: Terminated block@1: // if_body_L11
debug: Sealing block@2: // else_body_L12
debug: Terminated block@2: // else_body_L12
debug: Sealing block@3: // if_body_L13
debug: Terminated block@3: // if_body_L13
debug: Sealing block@4: // after_if_else_L12
debug: Terminated block@4: // after_if_else_L12
debug: Sealing block@5: // after_if_else_L10
debug: Created Phi assignment: let y#1: uint64 = undefined while trying to resolve 'y' in block@5: // after_if_else_L10
debug: Added y#0 to Phi node: let y#1: uint64 = φ(y#0 <- block@1) in block@1: // if_body_L11
debug: Created Phi assignment: let y#2: uint64 = undefined while trying to resolve 'y' in block@4: // after_if_else_L12
debug: Added y#0 to Phi node: let y#2: uint64 = φ(y#0 <- block@2) in block@2: // else_body_L12
debug: Added y#0 to Phi node: let y#2: uint64 = φ(y#0 <- block@2, y#0 <- block@3) in block@3: // if_body_L13
debug: Replacing trivial Phi node: let y#2: uint64 = φ(y#0 <- block@2, y#0 <- block@3) (y#2) with y#0
debug: Deleting Phi assignment: let y#2: uint64 = φ(y#0 <- block@2, y#0 <- block@3)
debug: Replaced trivial Phi node: let y#2: uint64 = φ(y#0 <- block@2, y#0 <- block@3) (y#2) with y#0 in current definition for 1 blocks
debug: Added y#0 to Phi node: let y#1: uint64 = φ(y#0 <- block@1, y#0 <- block@4) in block@4: // after_if_else_L12
debug: Replacing trivial Phi node: let y#1: uint64 = φ(y#0 <- block@1, y#0 <- block@4) (y#1) with y#0
debug: Deleting Phi assignment: let y#1: uint64 = φ(y#0 <- block@1, y#0 <- block@4)
debug: Replaced trivial Phi node: let y#1: uint64 = φ(y#0 <- block@1, y#0 <- block@4) (y#1) with y#0 in current definition for 1 blocks
debug: Created Phi assignment: let z#1: uint64 = undefined while trying to resolve 'z' in block@5: // after_if_else_L10
debug: Added z#0 to Phi node: let z#1: uint64 = φ(z#0 <- block@1) in block@1: // if_body_L11
debug: Created Phi assignment: let z#2: uint64 = undefined while trying to resolve 'z' in block@4: // after_if_else_L12
debug: Added z#0 to Phi node: let z#2: uint64 = φ(z#0 <- block@2) in block@2: // else_body_L12
debug: Added z#0 to Phi node: let z#2: uint64 = φ(z#0 <- block@2, z#0 <- block@3) in block@3: // if_body_L13
debug: Replacing trivial Phi node: let z#2: uint64 = φ(z#0 <- block@2, z#0 <- block@3) (z#2) with z#0
debug: Deleting Phi assignment: let z#2: uint64 = φ(z#0 <- block@2, z#0 <- block@3)
debug: Replaced trivial Phi node: let z#2: uint64 = φ(z#0 <- block@2, z#0 <- block@3) (z#2) with z#0 in current definition for 1 blocks
debug: Added z#0 to Phi node: let z#1: uint64 = φ(z#0 <- block@1, z#0 <- block@4) in block@4: // after_if_else_L12
debug: Replacing trivial Phi node: let z#1: uint64 = φ(z#0 <- block@1, z#0 <- block@4) (z#1) with z#0
debug: Deleting Phi assignment: let z#1: uint64 = φ(z#0 <- block@1, z#0 <- block@4)
debug: Replaced trivial Phi node: let z#1: uint64 = φ(z#0 <- block@1, z#0 <- block@4) (z#1) with z#0 in current definition for 1 blocks
debug: Terminated block@5: // after_if_else_L10
debug: Sealing block@6: // if_body_L16
debug: Created Phi assignment: let a#3: uint64 = undefined while trying to resolve 'a' in block@5: // after_if_else_L10
debug: Added a#1 to Phi node: let a#3: uint64 = φ(a#1 <- block@1) in block@1: // if_body_L11
debug: Created Phi assignment: let a#4: uint64 = undefined while trying to resolve 'a' in block@4: // after_if_else_L12
debug: Added a#0 to Phi node: let a#4: uint64 = φ(a#0 <- block@2) in block@2: // else_body_L12
debug: Added a#2 to Phi node: let a#4: uint64 = φ(a#0 <- block@2, a#2 <- block@3) in block@3: // if_body_L13
debug: Added a#4 to Phi node: let a#3: uint64 = φ(a#1 <- block@1, a#4 <- block@4) in block@4: // after_if_else_L12
debug: Terminated block@6: // if_body_L16
debug: Sealing block@7: // else_body_L18
debug: Terminated block@7: // else_body_L18
debug: Sealing block@8: // after_if_else_L15
debug: Created Phi assignment: let a#7: uint64 = undefined while trying to resolve 'a' in block@8: // after_if_else_L15
debug: Added a#5 to Phi node: let a#7: uint64 = φ(a#5 <- block@6) in block@6: // if_body_L16
debug: Added a#6 to Phi node: let a#7: uint64 = φ(a#5 <- block@6, a#6 <- block@7) in block@7: // else_body_L18
debug: Created Phi assignment: let x#1: uint64 = undefined while trying to resolve 'x' in block@8: // after_if_else_L15
debug: Created Phi assignment: let x#2: uint64 = undefined while trying to resolve 'x' in block@5: // after_if_else_L10
debug: Added x#0 to Phi node: let x#2: uint64 = φ(x#0 <- block@1) in block@1: // if_body_L11
debug: Created Phi assignment: let x#3: uint64 = undefined while trying to resolve 'x' in block@4: // after_if_else_L12
debug: Added x#0 to Phi node: let x#3: uint64 = φ(x#0 <- block@2) in block@2: // else_body_L12
debug: Added x#0 to Phi node: let x#3: uint64 = φ(x#0 <- block@2, x#0 <- block@3) in block@3: // if_body_L13
debug: Replacing trivial Phi node: let x#3: uint64 = φ(x#0 <- block@2, x#0 <- block@3) (x#3) with x#0
debug: Deleting Phi assignment: let x#3: uint64 = φ(x#0 <- block@2, x#0 <- block@3)
debug: Replaced trivial Phi node: let x#3: uint64 = φ(x#0 <- block@2, x#0 <- block@3) (x#3) with x#0 in current definition for 1 blocks
debug: Added x#0 to Phi node: let x#2: uint64 = φ(x#0 <- block@1, x#0 <- block@4) in block@4: // after_if_else_L12
debug: Replacing trivial Phi node: let x#2: uint64 = φ(x#0 <- block@1, x#0 <- block@4) (x#2) with x#0
debug: Deleting Phi assignment: let x#2: uint64 = φ(x#0 <- block@1, x#0 <- block@4)
debug: Replaced trivial Phi node: let x#2: uint64 = φ(x#0 <- block@1, x#0 <- block@4) (x#2) with x#0 in current definition for 1 blocks
debug: Added x#0 to Phi node: let x#1: uint64 = φ(x#0 <- block@6) in block@6: // if_body_L16
debug: Added x#0 to Phi node: let x#1: uint64 = φ(x#0 <- block@6, x#0 <- block@7) in block@7: // else_body_L18
debug: Replacing trivial Phi node: let x#1: uint64 = φ(x#0 <- block@6, x#0 <- block@7) (x#1) with x#0
debug: Deleting Phi assignment: let x#1: uint64 = φ(x#0 <- block@6, x#0 <- block@7)
debug: Replaced trivial Phi node: let x#1: uint64 = φ(x#0 <- block@6, x#0 <- block@7) (x#1) with x#0 in current definition for 1 blocks
debug: Terminated block@8: // after_if_else_L15
debug: Sealing block@9: // if_body_L21
debug: Terminated block@9: // if_body_L21
debug: Sealing block@10: // after_if_else_L20
debug: Created Phi assignment: let a#9: uint64 = undefined while trying to resolve 'a' in block@10: // after_if_else_L20
debug: Added a#7 to Phi node: let a#9: uint64 = φ(a#7 <- block@8) in block@8: // after_if_else_L15
debug: Added a#8 to Phi node: let a#9: uint64 = φ(a#7 <- block@8, a#8 <- block@9) in block@9: // if_body_L21
debug: Created Phi assignment: let y#3: uint64 = undefined while trying to resolve 'y' in block@10: // after_if_else_L20
debug: Created Phi assignment: let y#4: uint64 = undefined while trying to resolve 'y' in block@8: // after_if_else_L15
debug: Added y#0 to Phi node: let y#4: uint64 = φ(y#0 <- block@6) in block@6: // if_body_L16
debug: Added y#0 to Phi node: let y#4: uint64 = φ(y#0 <- block@6, y#0 <- block@7) in block@7: // else_body_L18
debug: Replacing trivial Phi node: let y#4: uint64 = φ(y#0 <- block@6, y#0 <- block@7) (y#4) with y#0
debug: Deleting Phi assignment: let y#4: uint64 = φ(y#0 <- block@6, y#0 <- block@7)
debug: Replaced trivial Phi node: let y#4: uint64 = φ(y#0 <- block@6, y#0 <- block@7) (y#4) with y#0 in current definition for 1 blocks
debug: Added y#0 to Phi node: let y#3: uint64 = φ(y#0 <- block@8) in block@8: // after_if_else_L15
debug: Added y#0 to Phi node: let y#3: uint64 = φ(y#0 <- block@8, y#0 <- block@9) in block@9: // if_body_L21
debug: Replacing trivial Phi node: let y#3: uint64 = φ(y#0 <- block@8, y#0 <- block@9) (y#3) with y#0
debug: Deleting Phi assignment: let y#3: uint64 = φ(y#0 <- block@8, y#0 <- block@9)
debug: Replaced trivial Phi node: let y#3: uint64 = φ(y#0 <- block@8, y#0 <- block@9) (y#3) with y#0 in current definition for 1 blocks
debug: Terminated block@10: // after_if_else_L20
debug: Sealing block@11: // if_body_L23
debug: Terminated block@11: // if_body_L23
debug: Sealing block@12: // after_if_else_L22
debug: Created Phi assignment: let a#11: uint64 = undefined while trying to resolve 'a' in block@12: // after_if_else_L22
debug: Added a#9 to Phi node: let a#11: uint64 = φ(a#9 <- block@10) in block@10: // after_if_else_L20
debug: Added a#10 to Phi node: let a#11: uint64 = φ(a#9 <- block@10, a#10 <- block@11) in block@11: // if_body_L23
debug: Created Phi assignment: let z#3: uint64 = undefined while trying to resolve 'z' in block@12: // after_if_else_L22
debug: Created Phi assignment: let z#4: uint64 = undefined while trying to resolve 'z' in block@10: // after_if_else_L20
debug: Created Phi assignment: let z#5: uint64 = undefined while trying to resolve 'z' in block@8: // after_if_else_L15
debug: Added z#0 to Phi node: let z#5: uint64 = φ(z#0 <- block@6) in block@6: // if_body_L16
debug: Added z#0 to Phi node: let z#5: uint64 = φ(z#0 <- block@6, z#0 <- block@7) in block@7: // else_body_L18
debug: Replacing trivial Phi node: let z#5: uint64 = φ(z#0 <- block@6, z#0 <- block@7) (z#5) with z#0
debug: Deleting Phi assignment: let z#5: uint64 = φ(z#0 <- block@6, z#0 <- block@7)
debug: Replaced trivial Phi node: let z#5: uint64 = φ(z#0 <- block@6, z#0 <- block@7) (z#5) with z#0 in current definition for 1 blocks
debug: Added z#0 to Phi node: let z#4: uint64 = φ(z#0 <- block@8) in block@8: // after_if_else_L15
debug: Added z#0 to Phi node: let z#4: uint64 = φ(z#0 <- block@8, z#0 <- block@9) in block@9: // if_body_L21
debug: Replacing trivial Phi node: let z#4: uint64 = φ(z#0 <- block@8, z#0 <- block@9) (z#4) with z#0
debug: Deleting Phi assignment: let z#4: uint64 = φ(z#0 <- block@8, z#0 <- block@9)
debug: Replaced trivial Phi node: let z#4: uint64 = φ(z#0 <- block@8, z#0 <- block@9) (z#4) with z#0 in current definition for 1 blocks
debug: Added z#0 to Phi node: let z#3: uint64 = φ(z#0 <- block@10) in block@10: // after_if_else_L20
debug: Added z#0 to Phi node: let z#3: uint64 = φ(z#0 <- block@10, z#0 <- block@11) in block@11: // if_body_L23
debug: Replacing trivial Phi node: let z#3: uint64 = φ(z#0 <- block@10, z#0 <- block@11) (z#3) with z#0
debug: Deleting Phi assignment: let z#3: uint64 = φ(z#0 <- block@10, z#0 <- block@11)
debug: Replaced trivial Phi node: let z#3: uint64 = φ(z#0 <- block@10, z#0 <- block@11) (z#3) with z#0 in current definition for 1 blocks
debug: Terminated block@12: // after_if_else_L22
debug: Sealing block@13: // if_body_L25
debug: Terminated block@13: // if_body_L25
debug: Sealing block@14: // after_if_else_L24
debug: Created Phi assignment: let a#13: uint64 = undefined while trying to resolve 'a' in block@14: // after_if_else_L24
debug: Added a#11 to Phi node: let a#13: uint64 = φ(a#11 <- block@12) in block@12: // after_if_else_L22
debug: Added a#12 to Phi node: let a#13: uint64 = φ(a#11 <- block@12, a#12 <- block@13) in block@13: // if_body_L25
debug: Terminated block@14: // after_if_else_L24
debug: Sealing block@0: // L30
debug: Terminated block@0: // L30
debug: Sealing block@0: // L4
debug: Terminated block@0: // L4
debug: Sealing block@0: // L-1
debug: Terminated block@0: // L-1
debug: Sealing block@0: // L-1
debug: Terminated block@0: // L-1
debug: Output IR to debug/out/DebugContract.ssa.ir
info: optimizing examples.debug.contract.DebugContract at level 1
debug: Begin optimization pass 1/100
debug: Optimizing subroutine algopy.arc4.ARC4Contract.approval_program
debug: Splitting parallel copies prior to optimization
debug: Optimizer: Constant Replacer
debug: Optimizer: Copy Propagation
debug: Optimizer: Intrinsic Simplifier
debug: Optimizer: Remove Unused Variables
debug: Optimizer: Inner Txn Field Replacer
debug: Optimizer: Replace Compiled References
debug: Optimizer: Simplify Control Ops
debug: Optimizer: Remove Linear Jump
debug: Optimizer: Remove Empty Blocks
debug: Optimizer: Remove Unreachable Blocks
debug: Optimizer: Repeated Expression Elimination
debug: Optimizer: Remove Calls To No Op Subroutines
debug: Optimizing subroutine examples.debug.contract.DebugContract.__puya_arc4_router__
debug: Splitting parallel copies prior to optimization
debug: Optimizer: Constant Replacer
debug: Optimizer: Copy Propagation
debug: Optimizer: Intrinsic Simplifier
debug: Simplified (== tmp%3#0 NoOp) to (! tmp%3#0)
debug: Simplified (== tmp%16#0 0u) to (! tmp%16#0)
debug: Optimizer: Remove Unused Variables
debug: Removing unused variable tmp%1#0
debug: Removing unused variable tmp%6#0
debug: Optimizer: Inner Txn Field Replacer
debug: Optimizer: Replace Compiled References
debug: Optimizer: Simplify Control Ops
debug: inlining the default target of a switch/goto nth
debug: adding block@1: // abi_routing_L4 as a predecessor of block@4: // switch_case_next_L4 due to inlining of block@3: // switch_case_default_L4
debug: simplified terminator of block@1: // abi_routing_L4 from switch tmp%2#0 {method "test(uint64,uint64,uint64)uint64" => block@2, * => block@3} to switch tmp%2#0 {method "test(uint64,uint64,uint64)uint64" => block@2, * => block@4}
debug: simplifying a switch with constants into goto nth
debug: simplified terminator of block@5: // bare_routing_L4 from switch tmp%15#0 {0u => block@6, * => block@7} to goto_nth [block@6][tmp%15#0] else goto block@7
debug: inlining the default target of a switch/goto nth
debug: adding block@1: // abi_routing_L4 as a predecessor of block@9: // after_if_else_L4 due to inlining of block@4: // switch_case_next_L4
debug: simplified terminator of block@1: // abi_routing_L4 from switch tmp%2#0 {method "test(uint64,uint64,uint64)uint64" => block@2, * => block@4} to switch tmp%2#0 {method "test(uint64,uint64,uint64)uint64" => block@2, * => block@9}
debug: simplifying a goto nth with two targets into a conditional branch
debug: simplified terminator of block@5: // bare_routing_L4 from goto_nth [block@6][tmp%15#0] else goto block@7 to goto tmp%15#0 ? block@7 : block@6
debug: inlining the default target of a switch/goto nth
debug: simplified terminator of block@1: // abi_routing_L4 from switch tmp%2#0 {method "test(uint64,uint64,uint64)uint64" => block@2, * => block@9} to switch tmp%2#0 {method "test(uint64,uint64,uint64)uint64" => block@2, * => return 0u}
debug: Optimizer: Remove Linear Jump
debug: Replaced predecessor block@4: // switch_case_next_L4 with block@3: // switch_case_default_L4 in block@9: // after_if_else_L4
debug: Merged linear block@4: // switch_case_next_L4 into block@3: // switch_case_default_L4
debug: Replaced predecessor block@8: // switch_case_next_L4 with block@7: // switch_case_default_L4 in block@9: // after_if_else_L4
debug: Merged linear block@8: // switch_case_next_L4 into block@7: // switch_case_default_L4
debug: Optimizer: Remove Empty Blocks
debug: Removed empty block: block@3: // switch_case_default_L4
debug: Removed empty block: block@7: // switch_case_default_L4
debug: Optimizer: Remove Unreachable Blocks
debug: Optimizer: Repeated Expression Elimination
debug: Optimizer: Remove Calls To No Op Subroutines
debug: Optimizing subroutine examples.debug.contract.DebugContract.test
debug: Splitting parallel copies prior to optimization
debug: Optimizer: Constant Replacer
debug: Optimizer: Copy Propagation
debug: Found equivalence set: x#0, a#0
debug: Replacing {a#0} with x#0 made 3 modifications
debug: Optimizer: Intrinsic Simplifier
debug: Optimizer: Remove Unused Variables
debug: Optimizer: Inner Txn Field Replacer
debug: Optimizer: Replace Compiled References
debug: Optimizer: Simplify Control Ops
debug: Optimizer: Remove Linear Jump
debug: Optimizer: Remove Empty Blocks
debug: Optimizer: Remove Unreachable Blocks
debug: Optimizer: Repeated Expression Elimination
debug: Optimizer: Remove Calls To No Op Subroutines
debug: Optimizing subroutine examples.debug.contract.some_func
debug: Splitting parallel copies prior to optimization
debug: Optimizer: Constant Replacer
debug: Optimizer: Copy Propagation
debug: Optimizer: Intrinsic Simplifier
debug: Optimizer: Remove Unused Variables
debug: Optimizer: Inner Txn Field Replacer
debug: Optimizer: Replace Compiled References
debug: Optimizer: Simplify Control Ops
debug: Optimizer: Remove Linear Jump
debug: Optimizer: Remove Empty Blocks
debug: Optimizer: Remove Unreachable Blocks
debug: Optimizer: Repeated Expression Elimination
debug: Optimizer: Remove Calls To No Op Subroutines
debug: Optimizing subroutine examples.debug.contract.DebugContract.__algopy_default_create
debug: Splitting parallel copies prior to optimization
debug: Optimizer: Constant Replacer
debug: Optimizer: Copy Propagation
debug: Optimizer: Intrinsic Simplifier
debug: Optimizer: Remove Unused Variables
debug: Optimizer: Inner Txn Field Replacer
debug: Optimizer: Replace Compiled References
debug: Optimizer: Simplify Control Ops
debug: Optimizer: Remove Linear Jump
debug: Optimizer: Remove Empty Blocks
debug: Optimizer: Remove Unreachable Blocks
debug: Optimizer: Repeated Expression Elimination
debug: Optimizer: Remove Calls To No Op Subroutines
debug: Optimizing subroutine algopy.arc4.ARC4Contract.clear_state_program
debug: Splitting parallel copies prior to optimization
debug: Optimizer: Constant Replacer
debug: Optimizer: Copy Propagation
debug: Optimizer: Intrinsic Simplifier
debug: Optimizer: Remove Unused Variables
debug: Optimizer: Inner Txn Field Replacer
debug: Optimizer: Replace Compiled References
debug: Optimizer: Simplify Control Ops
debug: Optimizer: Remove Linear Jump
debug: Optimizer: Remove Empty Blocks
debug: Optimizer: Remove Unreachable Blocks
debug: Optimizer: Repeated Expression Elimination
debug: Optimizer: Remove Calls To No Op Subroutines
debug: Output IR to debug/out/DebugContract.ssa.opt_pass_1.ir
debug: Begin optimization pass 2/100
debug: Optimizing subroutine algopy.arc4.ARC4Contract.approval_program
debug: Optimizer: Constant Replacer
debug: Optimizer: Copy Propagation
debug: Optimizer: Intrinsic Simplifier
debug: Optimizer: Remove Unused Variables
debug: Optimizer: Inner Txn Field Replacer
debug: Optimizer: Replace Compiled References
debug: Optimizer: Simplify Control Ops
debug: Optimizer: Remove Linear Jump
debug: Optimizer: Remove Empty Blocks
debug: Optimizer: Remove Unreachable Blocks
debug: Optimizer: Repeated Expression Elimination
debug: Optimizer: Remove Calls To No Op Subroutines
debug: Optimizing subroutine examples.debug.contract.DebugContract.__puya_arc4_router__
debug: Optimizer: Constant Replacer
debug: Optimizer: Copy Propagation
debug: Optimizer: Intrinsic Simplifier
debug: Optimizer: Remove Unused Variables
debug: Optimizer: Inner Txn Field Replacer
debug: Optimizer: Replace Compiled References
debug: Optimizer: Simplify Control Ops
debug: Optimizer: Remove Linear Jump
debug: Optimizer: Remove Empty Blocks
debug: Optimizer: Remove Unreachable Blocks
debug: Optimizer: Repeated Expression Elimination
debug: Optimizer: Remove Calls To No Op Subroutines
debug: Optimizing subroutine examples.debug.contract.DebugContract.test
debug: Optimizer: Constant Replacer
debug: Optimizer: Copy Propagation
debug: Optimizer: Intrinsic Simplifier
debug: Optimizer: Remove Unused Variables
debug: Optimizer: Inner Txn Field Replacer
debug: Optimizer: Replace Compiled References
debug: Optimizer: Simplify Control Ops
debug: Optimizer: Remove Linear Jump
debug: Optimizer: Remove Empty Blocks
debug: Optimizer: Remove Unreachable Blocks
debug: Optimizer: Repeated Expression Elimination
debug: Optimizer: Remove Calls To No Op Subroutines
debug: Optimizing subroutine examples.debug.contract.some_func
debug: Optimizer: Constant Replacer
debug: Optimizer: Copy Propagation
debug: Optimizer: Intrinsic Simplifier
debug: Optimizer: Remove Unused Variables
debug: Optimizer: Inner Txn Field Replacer
debug: Optimizer: Replace Compiled References
debug: Optimizer: Simplify Control Ops
debug: Optimizer: Remove Linear Jump
debug: Optimizer: Remove Empty Blocks
debug: Optimizer: Remove Unreachable Blocks
debug: Optimizer: Repeated Expression Elimination
debug: Optimizer: Remove Calls To No Op Subroutines
debug: Optimizing subroutine algopy.arc4.ARC4Contract.clear_state_program
debug: Optimizer: Constant Replacer
debug: Optimizer: Copy Propagation
debug: Optimizer: Intrinsic Simplifier
debug: Optimizer: Remove Unused Variables
debug: Optimizer: Inner Txn Field Replacer
debug: Optimizer: Replace Compiled References
debug: Optimizer: Simplify Control Ops
debug: Optimizer: Remove Linear Jump
debug: Optimizer: Remove Empty Blocks
debug: Optimizer: Remove Unreachable Blocks
debug: Optimizer: Repeated Expression Elimination
debug: Optimizer: Remove Calls To No Op Subroutines
debug: No optimizations performed in pass 2, ending loop
debug: Removing Phis from algopy.arc4.ARC4Contract.approval_program
debug: Removing Phis from examples.debug.contract.DebugContract.__puya_arc4_router__
debug: Removing Phis from examples.debug.contract.DebugContract.test
debug: Removing Phis from examples.debug.contract.some_func
debug: Removing Phis from algopy.arc4.ARC4Contract.clear_state_program
debug: Coalescing local variables in algopy.arc4.ARC4Contract.approval_program using strategy RootOperandGrouping
debug: Coalescing resulted in 0 replacement/s
debug: Coalescing local variables in examples.debug.contract.DebugContract.__puya_arc4_router__ using strategy RootOperandGrouping
debug: Coalescing resulted in 0 replacement/s
debug: Coalescing local variables in examples.debug.contract.DebugContract.test using strategy RootOperandGrouping
debug: Coalescing a#1 with [a#18, a#15, a#2, a#4, a#3, a#5, a#21, a#6, a#7, a#8, a#9, a#10, a#11, a#12, a#13]
debug: Coalescing a#24 with [a#27, a#30]
debug: Coalescing resulted in 48 replacement/s
debug: Coalescing local variables in examples.debug.contract.some_func using strategy RootOperandGrouping
debug: Coalescing a#0 with [a#1, a#2, a#3]
debug: Coalescing b#0 with [b#1]
debug: Coalescing resulted in 9 replacement/s
debug: Coalescing local variables in algopy.arc4.ARC4Contract.clear_state_program using strategy RootOperandGrouping
debug: Coalescing resulted in 0 replacement/s
debug: Sequentializing parallel copies in algopy.arc4.ARC4Contract.approval_program
debug: Sequentializing parallel copies in examples.debug.contract.DebugContract.__puya_arc4_router__
debug: Sequentializing parallel copies in examples.debug.contract.DebugContract.test
debug: Sequentializing parallel copies in examples.debug.contract.some_func
debug: Sequentializing parallel copies in algopy.arc4.ARC4Contract.clear_state_program
debug: Performing post-SSA optimizations
debug: Removing jump block block@4: // after_if_else_L12 and replacing references with block@5: // after_if_else_L10
debug: Output IR to debug/out/DebugContract.destructured.ir
debug: Inserted main_block@0.ops[1]: 'store tmp%0#0 to l-stack (copy)'
debug: Replaced main_block@0.ops[3]: 'load tmp%0#0' with 'load tmp%0#0 from l-stack (no copy)'
debug: Inserted __puya_arc4_router___block@0.ops[1]: 'store tmp%0#0 to l-stack (copy)'
debug: Replaced __puya_arc4_router___block@0.ops[3]: 'load tmp%0#0' with 'load tmp%0#0 from l-stack (no copy)'
debug: Inserted __puya_arc4_router___abi_routing@1.ops[1]: 'store tmp%2#0 to l-stack (copy)'
debug: Replaced __puya_arc4_router___abi_routing@1.ops[4]: 'load tmp%2#0' with 'load tmp%2#0 from l-stack (no copy)'
debug: Inserted __puya_arc4_router___test_route@2.ops[1]: 'store tmp%3#0 to l-stack (copy)'
debug: Replaced __puya_arc4_router___test_route@2.ops[3]: 'load tmp%3#0' with 'load tmp%3#0 from l-stack (no copy)'
debug: Inserted __puya_arc4_router___test_route@2.ops[5]: 'store tmp%4#0 to l-stack (copy)'
debug: Replaced __puya_arc4_router___test_route@2.ops[7]: 'load tmp%4#0' with 'load tmp%4#0 from l-stack (no copy)'
debug: Inserted __puya_arc4_router___test_route@2.ops[10]: 'store tmp%5#0 to l-stack (copy)'
debug: Replaced __puya_arc4_router___test_route@2.ops[12]: 'load tmp%5#0' with 'load tmp%5#0 from l-stack (no copy)'
debug: Inserted __puya_arc4_router___test_route@2.ops[15]: 'store tmp%7#0 to l-stack (copy)'
debug: Replaced __puya_arc4_router___test_route@2.ops[17]: 'load tmp%7#0' with 'load tmp%7#0 from l-stack (no copy)'
debug: Inserted __puya_arc4_router___test_route@2.ops[21]: 'store tmp%9#0 to l-stack (copy)'
debug: Replaced __puya_arc4_router___test_route@2.ops[23]: 'load tmp%9#0' with 'load tmp%9#0 from l-stack (no copy)'
debug: Inserted __puya_arc4_router___test_route@2.ops[27]: 'store tmp%11#0 to l-stack (copy)'
debug: Replaced __puya_arc4_router___test_route@2.ops[29]: 'load tmp%11#0' with 'load tmp%11#0 from l-stack (no copy)'
debug: Inserted __puya_arc4_router___test_route@2.ops[36]: 'store tmp%13#0 to l-stack (copy)'
debug: Replaced __puya_arc4_router___test_route@2.ops[38]: 'load tmp%13#0' with 'load tmp%13#0 from l-stack (no copy)'
debug: Inserted __puya_arc4_router___test_route@2.ops[44]: 'store tmp%14#0 to l-stack (copy)'
debug: Replaced __puya_arc4_router___test_route@2.ops[46]: 'load tmp%14#0' with 'load tmp%14#0 from l-stack (no copy)'
debug: Inserted __puya_arc4_router___test_route@2.ops[40]: 'store val_as_bytes%0#0 to l-stack (copy)'
debug: Replaced __puya_arc4_router___test_route@2.ops[43]: 'load val_as_bytes%0#0' with 'load val_as_bytes%0#0 from l-stack (no copy)'
debug: Inserted __puya_arc4_router___test_route@2.ops[31]: 'store tmp%12#0 to l-stack (copy)'
debug: Replaced __puya_arc4_router___test_route@2.ops[35]: 'load tmp%12#0' with 'load tmp%12#0 from l-stack (no copy)'
debug: Inserted __puya_arc4_router___test_route@2.ops[25]: 'store tmp%10#0 to l-stack (copy)'
debug: Replaced __puya_arc4_router___test_route@2.ops[35]: 'load tmp%10#0' with 'load tmp%10#0 from l-stack (no copy)'
debug: Inserted __puya_arc4_router___test_route@2.ops[19]: 'store tmp%8#0 to l-stack (copy)'
debug: Replaced __puya_arc4_router___test_route@2.ops[35]: 'load tmp%8#0' with 'load tmp%8#0 from l-stack (no copy)'
debug: Inserted __puya_arc4_router___bare_routing@5.ops[1]: 'store tmp%15#0 to l-stack (copy)'
debug: Replaced __puya_arc4_router___bare_routing@5.ops[3]: 'load tmp%15#0' with 'load tmp%15#0 from l-stack (no copy)'
debug: Inserted __puya_arc4_router_____algopy_default_create@6.ops[1]: 'store tmp%16#0 to l-stack (copy)'
debug: Replaced __puya_arc4_router_____algopy_default_create@6.ops[3]: 'load tmp%16#0' with 'load tmp%16#0 from l-stack (no copy)'
debug: Inserted __puya_arc4_router_____algopy_default_create@6.ops[5]: 'store tmp%17#0 to l-stack (copy)'
debug: Replaced __puya_arc4_router_____algopy_default_create@6.ops[7]: 'load tmp%17#0' with 'load tmp%17#0 from l-stack (no copy)'
debug: Found 3 edge set/s for examples.debug.contract.DebugContract.__puya_arc4_router__
debug: Inserted test_block@0.ops[3]: 'store tmp%0#0 to l-stack (copy)'
debug: Replaced test_block@0.ops[5]: 'load tmp%0#0' with 'load tmp%0#0 from l-stack (no copy)'
debug: Inserted test_else_body@2.ops[3]: 'store tmp%1#0 to l-stack (copy)'
debug: Replaced test_else_body@2.ops[7]: 'load tmp%1#0' with 'load tmp%1#0 from l-stack (no copy)'
debug: Inserted test_after_if_else@5.ops[3]: 'store tmp%2#0 to l-stack (copy)'
debug: Replaced test_after_if_else@5.ops[5]: 'load tmp%2#0' with 'load tmp%2#0 from l-stack (no copy)'
debug: Inserted test_if_body@6.ops[3]: 'store tmp%3#0 to l-stack (copy)'
debug: Replaced test_if_body@6.ops[6]: 'load tmp%3#0' with 'load tmp%3#0 from l-stack (no copy)'
debug: Inserted test_if_body@6.ops[1]: 'store a#1 to l-stack (copy)'
debug: Replaced test_if_body@6.ops[6]: 'load a#1' with 'load a#1 from l-stack (no copy)'
debug: Inserted test_else_body@7.ops[3]: 'store tmp%4#0 to l-stack (copy)'
debug: Replaced test_else_body@7.ops[6]: 'load tmp%4#0' with 'load tmp%4#0 from l-stack (no copy)'
debug: Inserted test_else_body@7.ops[1]: 'store a#1 to l-stack (copy)'
debug: Replaced test_else_body@7.ops[6]: 'load a#1' with 'load a#1 from l-stack (no copy)'
debug: Inserted test_after_if_else@8.ops[3]: 'store tmp%5#0 to l-stack (copy)'
debug: Replaced test_after_if_else@8.ops[7]: 'load tmp%5#0' with 'load tmp%5#0 from l-stack (no copy)'
debug: Inserted test_after_if_else@8.ops[1]: 'store a#1 to l-stack (copy)'
debug: Replaced test_after_if_else@8.ops[6]: 'load a#1' with 'load a#1 from l-stack (no copy)'
debug: Inserted test_if_body@9.ops[3]: 'store a#1 to l-stack (copy)'
debug: Replaced test_if_body@9.ops[5]: 'load a#1' with 'load a#1 from l-stack (no copy)'
debug: Inserted test_after_if_else@10.ops[1]: 'store a#1 to l-stack (copy)'
debug: Replaced test_after_if_else@10.ops[3]: 'load a#1' with 'load a#1 from l-stack (no copy)'
debug: Inserted test_after_if_else@10.ops[6]: 'store tmp%6#0 to l-stack (copy)'
debug: Replaced test_after_if_else@10.ops[10]: 'load tmp%6#0' with 'load tmp%6#0 from l-stack (no copy)'
debug: Inserted test_after_if_else@10.ops[4]: 'store a#1 to l-stack (copy)'
debug: Replaced test_after_if_else@10.ops[9]: 'load a#1' with 'load a#1 from l-stack (no copy)'
debug: Inserted test_if_body@11.ops[3]: 'store a#1 to l-stack (copy)'
debug: Replaced test_if_body@11.ops[5]: 'load a#1' with 'load a#1 from l-stack (no copy)'
debug: Inserted test_after_if_else@12.ops[1]: 'store a#1 to l-stack (copy)'
debug: Replaced test_after_if_else@12.ops[3]: 'load a#1' with 'load a#1 from l-stack (no copy)'
debug: Inserted test_after_if_else@12.ops[6]: 'store tmp%7#0 to l-stack (copy)'
debug: Replaced test_after_if_else@12.ops[10]: 'load tmp%7#0' with 'load tmp%7#0 from l-stack (no copy)'
debug: Inserted test_after_if_else@12.ops[4]: 'store a#1 to l-stack (copy)'
debug: Replaced test_after_if_else@12.ops[9]: 'load a#1' with 'load a#1 from l-stack (no copy)'
debug: Inserted test_if_body@13.ops[3]: 'store a#1 to l-stack (copy)'
debug: Replaced test_if_body@13.ops[5]: 'load a#1' with 'load a#1 from l-stack (no copy)'
debug: Inserted test_after_if_else@14.ops[1]: 'store a#1 to l-stack (copy)'
debug: Replaced test_after_if_else@14.ops[3]: 'load a#1' with 'load a#1 from l-stack (no copy)'
debug: Found 7 edge set/s for examples.debug.contract.DebugContract.test
debug: examples.debug.contract.DebugContract.test f-stack entry: ['a#1', 'a#24']
debug: examples.debug.contract.DebugContract.test f-stack on first store: []
info: Writing debug/out/DebugContract.arc32.json
info: Writing debug/out/client_DebugContract.py
info: Writing debug/out/DebugContract.approval.teal
info: Writing debug/out/DebugContract.clear.teal
info: Writing debug/out/DebugContract.approval.bin
info: Writing debug/out/DebugContract.clear.bin
info: Writing debug/out/DebugContract.approval.bin.map
info: Writing debug/out/DebugContract.clear.bin.map
