PC  Teal                     Stack
1
5
35  txn ApplicationID        0
37  bnz main_entrypoint@2
40  callsub __init__
370 proto 0 0
373 byte "did_execute_a"     "did_execute_a"
374 int 0                    "did_execute_a", 0
375 app_global_put
376 byte "did_execute_b"     "did_execute_b"
377 int 0                    "did_execute_b", 0
378 app_global_put
379 retsub
43  int 1                    1
44  callsub func_a           1
333 proto 1 1                1
336 byte "did_execute_a"     1, "did_execute_a"
337 int 1                    1, "did_execute_a", 1
338 app_global_put           1
339 frame_dig -1             1, 1
341 retsub                   1
47  bnz main_bool_true@4
57  int 1                    1
58  pop
59  b main_bool_merge@6
64  int 0                    0
65  byte "did_execute_a"     0, "did_execute_a"
66  app_global_get_ex        1, 1
67  assert                   1
68  bz main_bool_false@9
71  int 0                    0
72  byte "did_execute_b"     0, "did_execute_b"
73  app_global_get_ex        0, 1
74  assert                   0
75  bnz main_bool_false@9
78  int 1                    1
79  b main_bool_merge@10     1
83  callsub assert_and_reset 1
351 proto 1 0                1
354 frame_dig -1             1, 1
356 assert                   1
357 byte "did_execute_b"     1, "did_execute_b"
358 int 0                    1, "did_execute_b", 0
359 app_global_put           1
360 byte "did_execute_a"     1, "did_execute_a"
361 int 0                    1, "did_execute_a", 0
362 app_global_put           1
363 retsub
86  int 0                    0
87  callsub func_a           0
333 proto 1 1                0
336 byte "did_execute_a"     0, "did_execute_a"
337 int 1                    0, "did_execute_a", 1
338 app_global_put           0
339 frame_dig -1             0, 0
341 retsub                   0
90  bnz main_bool_true@12
93  int 1                    1
94  callsub func_b           1
342 proto 1 1                1
345 byte "did_execute_b"     1, "did_execute_b"
346 int 1                    1, "did_execute_b", 1
347 app_global_put           1
348 frame_dig -1             1, 1
350 retsub                   1
97  bz main_bool_false@13
100 int 1                    1
101 pop
102 b main_bool_merge@14
107 int 0                    0
108 byte "did_execute_a"     0, "did_execute_a"
109 app_global_get_ex        1, 1
110 assert                   1
111 bz main_bool_false@17
114 int 0                    0
115 byte "did_execute_b"     0, "did_execute_b"
116 app_global_get_ex        1, 1
117 assert                   1
118 bz main_bool_false@17
121 int 1                    1
122 b main_bool_merge@18     1
126 callsub assert_and_reset 1
351 proto 1 0                1
354 frame_dig -1             1, 1
356 assert                   1
357 byte "did_execute_b"     1, "did_execute_b"
358 int 0                    1, "did_execute_b", 0
359 app_global_put           1
360 byte "did_execute_a"     1, "did_execute_a"
361 int 0                    1, "did_execute_a", 0
362 app_global_put           1
363 retsub
129 int 0                    0
130 callsub func_a           0
333 proto 1 1                0
336 byte "did_execute_a"     0, "did_execute_a"
337 int 1                    0, "did_execute_a", 1
338 app_global_put           0
339 frame_dig -1             0, 0
341 retsub                   0
133 bz main_bool_false@21
148 int 0                    0
149 pop
150 int 0                    0
151 byte "did_execute_a"     0, "did_execute_a"
152 app_global_get_ex        1, 1
153 assert                   1
154 bz main_bool_false@25
157 int 0                    0
158 byte "did_execute_b"     0, "did_execute_b"
159 app_global_get_ex        0, 1
160 assert                   0
161 bnz main_bool_false@25
164 int 1                    1
165 b main_bool_merge@26     1
169 callsub assert_and_reset 1
351 proto 1 0                1
354 frame_dig -1             1, 1
356 assert                   1
357 byte "did_execute_b"     1, "did_execute_b"
358 int 0                    1, "did_execute_b", 0
359 app_global_put           1
360 byte "did_execute_a"     1, "did_execute_a"
361 int 0                    1, "did_execute_a", 0
362 app_global_put           1
363 retsub
172 int 1                    1
173 callsub func_a           1
333 proto 1 1                1
336 byte "did_execute_a"     1, "did_execute_a"
337 int 1                    1, "did_execute_a", 1
338 app_global_put           1
339 frame_dig -1             1, 1
341 retsub                   1
176 bz main_bool_false@29
179 int 1                    1
180 callsub func_b           1
342 proto 1 1                1
345 byte "did_execute_b"     1, "did_execute_b"
346 int 1                    1, "did_execute_b", 1
347 app_global_put           1
348 frame_dig -1             1, 1
350 retsub                   1
183 bz main_bool_false@29
186 int 1                    1
187 pop
188 b main_bool_merge@30
193 int 0                    0
194 byte "did_execute_a"     0, "did_execute_a"
195 app_global_get_ex        1, 1
196 assert                   1
197 bz main_bool_false@33
200 int 0                    0
201 byte "did_execute_b"     0, "did_execute_b"
202 app_global_get_ex        1, 1
203 assert                   1
204 bz main_bool_false@33
207 int 1                    1
208 b main_bool_merge@34     1
212 callsub assert_and_reset 1
351 proto 1 0                1
354 frame_dig -1             1, 1
356 assert                   1
357 byte "did_execute_b"     1, "did_execute_b"
358 int 0                    1, "did_execute_b", 0
359 app_global_put           1
360 byte "did_execute_a"     1, "did_execute_a"
361 int 0                    1, "did_execute_a", 0
362 app_global_put           1
363 retsub
215 int 1                    1
216 callsub func_a           1
333 proto 1 1                1
336 byte "did_execute_a"     1, "did_execute_a"
337 int 1                    1, "did_execute_a", 1
338 app_global_put           1
339 frame_dig -1             1, 1
341 retsub                   1
219 pop
220 int 1                    1
221 callsub func_b           1
342 proto 1 1                1
345 byte "did_execute_b"     1, "did_execute_b"
346 int 1                    1, "did_execute_b", 1
347 app_global_put           1
348 frame_dig -1             1, 1
350 retsub                   1
224 pop
225 int 0                    0
226 byte "did_execute_a"     0, "did_execute_a"
227 app_global_get_ex        1, 1
228 assert                   1
229 bz main_bool_false@37
232 int 0                    0
233 byte "did_execute_b"     0, "did_execute_b"
234 app_global_get_ex        1, 1
235 assert                   1
236 bz main_bool_false@37
239 int 1                    1
240 b main_bool_merge@38     1
244 callsub assert_and_reset 1
351 proto 1 0                1
354 frame_dig -1             1, 1
356 assert                   1
357 byte "did_execute_b"     1, "did_execute_b"
358 int 0                    1, "did_execute_b", 0
359 app_global_put           1
360 byte "did_execute_a"     1, "did_execute_a"
361 int 0                    1, "did_execute_a", 0
362 app_global_put           1
363 retsub
247 int 1                    1
248 callsub func_c           1
364 proto 1 1                1
367 frame_dig -1             1, 1
369 retsub                   1
251 bz main_ternary_false@40
254 int 1                    1
255 callsub func_a           1
333 proto 1 1                1
336 byte "did_execute_a"     1, "did_execute_a"
337 int 1                    1, "did_execute_a", 1
338 app_global_put           1
339 frame_dig -1             1, 1
341 retsub                   1
258 pop
259 b main_ternary_merge@41
267 int 0                    0
268 byte "did_execute_a"     0, "did_execute_a"
269 app_global_get_ex        1, 1
270 assert                   1
271 bz main_bool_false@44
274 int 0                    0
275 byte "did_execute_b"     0, "did_execute_b"
276 app_global_get_ex        0, 1
277 assert                   0
278 bnz main_bool_false@44
281 int 1                    1
282 b main_bool_merge@45     1
286 callsub assert_and_reset 1
351 proto 1 0                1
354 frame_dig -1             1, 1
356 assert                   1
357 byte "did_execute_b"     1, "did_execute_b"
358 int 0                    1, "did_execute_b", 0
359 app_global_put           1
360 byte "did_execute_a"     1, "did_execute_a"
361 int 0                    1, "did_execute_a", 0
362 app_global_put           1
363 retsub
289 int 0                    0
290 callsub func_c           0
364 proto 1 1                0
367 frame_dig -1             0, 0
369 retsub                   0
293 bz main_ternary_false@47
304 int 1                    1
305 callsub func_b           1
342 proto 1 1                1
345 byte "did_execute_b"     1, "did_execute_b"
346 int 1                    1, "did_execute_b", 1
347 app_global_put           1
348 frame_dig -1             1, 1
350 retsub                   1
308 pop
309 int 0                    0
310 byte "did_execute_a"     0, "did_execute_a"
311 app_global_get_ex        0, 1
312 assert                   0
313 bnz main_bool_false@51
316 int 0                    0
317 byte "did_execute_b"     0, "did_execute_b"
318 app_global_get_ex        1, 1
319 assert                   1
320 bz main_bool_false@51
323 int 1                    1
324 b main_bool_merge@52     1
328 callsub assert_and_reset 1
351 proto 1 0                1
354 frame_dig -1             1, 1
356 assert                   1
357 byte "did_execute_b"     1, "did_execute_b"
358 int 0                    1, "did_execute_b", 0
359 app_global_put           1
360 byte "did_execute_a"     1, "did_execute_a"
361 int 0                    1, "did_execute_a", 0
362 app_global_put           1
363 retsub
331 int 1                    1
332 return                   1