>> poetry run puyapy -O1 --output-ssa-ir --output-optimization-ir --output-final-ir --output-cssa-ir --output-post-ssa-ir --output-parallel-copies-ir --out-dir=out --debug-level=1 --log-level=debug boolean_binary_ops
debug: Building AWST for __init__.py
debug: Building AWST for boolean_binary_ops
debug: Building AWST for embedded puyapy lib at <puya>/puyapy_lib_bytes.py
debug: Building AWST for embedded puyapy lib at <puya>/puyapy.py
debug: Building AWST for boolean_binary_ops/contract.py
debug: Sealing block@0: // L13
debug: Terminated block@0: // L13
debug: Looking for 'required_budget_with_buffer' in an unsealed block creating an incomplete Phi: block@1: // while_top_L20
debug: Created Phi assignment: let required_budget_with_buffer#1: uint64 = undefined while trying to resolve 'required_budget_with_buffer' in block@1: // while_top_L20
debug: Terminated block@1: // while_top_L20
debug: Sealing block@None: // while_body_L20
debug: Looking for 'fee_source' in an unsealed block creating an incomplete Phi: block@1: // while_top_L20
debug: Created Phi assignment: let fee_source#1: uint64 = undefined while trying to resolve 'fee_source' in block@1: // while_top_L20
debug: Terminated block@2: // while_body_L20
debug: Sealing block@None: // switch_case_default_L26
debug: Sealing block@None: // switch_case_0_L28
debug: Sealing block@None: // switch_case_1_L30
debug: Terminated block@3: // switch_case_0_L28
debug: Terminated block@4: // switch_case_1_L30
debug: Terminated block@5: // switch_case_default_L26
debug: Sealing block@6: // switch_case_next_L26
debug: Terminated block@6: // switch_case_next_L26
debug: Sealing block@1: // while_top_L20
debug: Added required_budget_with_buffer#0 to Phi node: let required_budget_with_buffer#1: uint64 = φ(required_budget_with_buffer#0 <- block@0) in block@0: // L13
debug: Created Phi assignment: let required_budget_with_buffer#2: uint64 = undefined while trying to resolve 'required_budget_with_buffer' in block@6: // switch_case_next_L26
debug: Added required_budget_with_buffer#1 to Phi node: let required_budget_with_buffer#2: uint64 = φ(required_budget_with_buffer#1 <- block@3) in block@3: // switch_case_0_L28
debug: Added required_budget_with_buffer#1 to Phi node: let required_budget_with_buffer#2: uint64 = φ(required_budget_with_buffer#1 <- block@3, required_budget_with_buffer#1 <- block@4) in block@4: // switch_case_1_L30
debug: Added required_budget_with_buffer#1 to Phi node: let required_budget_with_buffer#2: uint64 = φ(required_budget_with_buffer#1 <- block@3, required_budget_with_buffer#1 <- block@4, required_budget_with_buffer#1 <- block@5) in block@5: // switch_case_default_L26
debug: Replacing trivial Phi node: let required_budget_with_buffer#2: uint64 = φ(required_budget_with_buffer#1 <- block@3, required_budget_with_buffer#1 <- block@4, required_budget_with_buffer#1 <- block@5) (required_budget_with_buffer#2) with required_budget_with_buffer#1
debug: Deleting Phi assignment: let required_budget_with_buffer#2: uint64 = φ(required_budget_with_buffer#1 <- block@3, required_budget_with_buffer#1 <- block@4, required_budget_with_buffer#1 <- block@5)
debug: Replaced trivial Phi node: let required_budget_with_buffer#2: uint64 = φ(required_budget_with_buffer#1 <- block@3, required_budget_with_buffer#1 <- block@4, required_budget_with_buffer#1 <- block@5) (required_budget_with_buffer#2) with required_budget_with_buffer#1 in current definition for 1 blocks
debug: Added required_budget_with_buffer#1 to Phi node: let required_budget_with_buffer#1: uint64 = φ(required_budget_with_buffer#0 <- block@0, required_budget_with_buffer#1 <- block@6) in block@6: // switch_case_next_L26
debug: Replacing trivial Phi node: let required_budget_with_buffer#1: uint64 = φ(required_budget_with_buffer#0 <- block@0, required_budget_with_buffer#1 <- block@6) (required_budget_with_buffer#1) with required_budget_with_buffer#0
debug: Deleting Phi assignment: let required_budget_with_buffer#1: uint64 = φ(required_budget_with_buffer#0 <- block@0, required_budget_with_buffer#1 <- block@6)
debug: Replaced trivial Phi node: let required_budget_with_buffer#1: uint64 = φ(required_budget_with_buffer#0 <- block@0, required_budget_with_buffer#1 <- block@6) (required_budget_with_buffer#1) with required_budget_with_buffer#0 in current definition for 6 blocks
debug: Added fee_source#0 to Phi node: let fee_source#1: uint64 = φ(fee_source#0 <- block@0) in block@0: // L13
debug: Created Phi assignment: let fee_source#2: uint64 = undefined while trying to resolve 'fee_source' in block@6: // switch_case_next_L26
debug: Added fee_source#1 to Phi node: let fee_source#2: uint64 = φ(fee_source#1 <- block@3) in block@3: // switch_case_0_L28
debug: Added fee_source#1 to Phi node: let fee_source#2: uint64 = φ(fee_source#1 <- block@3, fee_source#1 <- block@4) in block@4: // switch_case_1_L30
debug: Added fee_source#1 to Phi node: let fee_source#2: uint64 = φ(fee_source#1 <- block@3, fee_source#1 <- block@4, fee_source#1 <- block@5) in block@5: // switch_case_default_L26
debug: Replacing trivial Phi node: let fee_source#2: uint64 = φ(fee_source#1 <- block@3, fee_source#1 <- block@4, fee_source#1 <- block@5) (fee_source#2) with fee_source#1
debug: Deleting Phi assignment: let fee_source#2: uint64 = φ(fee_source#1 <- block@3, fee_source#1 <- block@4, fee_source#1 <- block@5)
debug: Replaced trivial Phi node: let fee_source#2: uint64 = φ(fee_source#1 <- block@3, fee_source#1 <- block@4, fee_source#1 <- block@5) (fee_source#2) with fee_source#1 in current definition for 1 blocks
debug: Added fee_source#1 to Phi node: let fee_source#1: uint64 = φ(fee_source#0 <- block@0, fee_source#1 <- block@6) in block@6: // switch_case_next_L26
debug: Replacing trivial Phi node: let fee_source#1: uint64 = φ(fee_source#0 <- block@0, fee_source#1 <- block@6) (fee_source#1) with fee_source#0
debug: Deleting Phi assignment: let fee_source#1: uint64 = φ(fee_source#0 <- block@0, fee_source#1 <- block@6)
debug: Replaced trivial Phi node: let fee_source#1: uint64 = φ(fee_source#0 <- block@0, fee_source#1 <- block@6) (fee_source#1) with fee_source#0 in current definition for 6 blocks
debug: Sealing block@None: // after_while_L20
debug: Terminated block@7: // after_while_L20
debug: Sealing block@0: // L5
debug: Terminated block@0: // L5
debug: Looking for 'start' in an unsealed block creating an incomplete Phi: block@1: // while_top_L11
debug: Created Phi assignment: let start#1: uint64 = undefined while trying to resolve 'start' in block@1: // while_top_L11
debug: Looking for 'item' in an unsealed block creating an incomplete Phi: block@1: // while_top_L11
debug: Created Phi assignment: let item#1: bytes = undefined while trying to resolve 'item' in block@1: // while_top_L11
debug: Looking for 'sequence' in an unsealed block creating an incomplete Phi: block@1: // while_top_L11
debug: Created Phi assignment: let sequence#1: bytes = undefined while trying to resolve 'sequence' in block@1: // while_top_L11
debug: Terminated block@1: // while_top_L11
debug: Sealing block@None: // while_body_L11
debug: Terminated block@2: // while_body_L11
debug: Sealing block@None: // if_body_L12
debug: Sealing block@None: // else_body_L12
debug: Terminated block@3: // if_body_L12
debug: Sealing block@4: // after_if_else_L12
debug: Terminated block@4: // after_if_else_L12
debug: Sealing block@1: // while_top_L11
debug: Added start#0 to Phi node: let start#1: uint64 = φ(start#0 <- block@0) in block@0: // L5
debug: Added start#2 to Phi node: let start#1: uint64 = φ(start#0 <- block@0, start#2 <- block@4) in block@4: // after_if_else_L12
debug: Added item#0 to Phi node: let item#1: bytes = φ(item#0 <- block@0) in block@0: // L5
debug: Added item#1 to Phi node: let item#1: bytes = φ(item#0 <- block@0, item#1 <- block@4) in block@4: // after_if_else_L12
debug: Replacing trivial Phi node: let item#1: bytes = φ(item#0 <- block@0, item#1 <- block@4) (item#1) with item#0
debug: Deleting Phi assignment: let item#1: bytes = φ(item#0 <- block@0, item#1 <- block@4)
debug: Replaced trivial Phi node: let item#1: bytes = φ(item#0 <- block@0, item#1 <- block@4) (item#1) with item#0 in current definition for 3 blocks
debug: Added sequence#0 to Phi node: let sequence#1: bytes = φ(sequence#0 <- block@0) in block@0: // L5
debug: Added sequence#1 to Phi node: let sequence#1: bytes = φ(sequence#0 <- block@0, sequence#1 <- block@4) in block@4: // after_if_else_L12
debug: Replacing trivial Phi node: let sequence#1: bytes = φ(sequence#0 <- block@0, sequence#1 <- block@4) (sequence#1) with sequence#0
debug: Deleting Phi assignment: let sequence#1: bytes = φ(sequence#0 <- block@0, sequence#1 <- block@4)
debug: Replaced trivial Phi node: let sequence#1: bytes = φ(sequence#0 <- block@0, sequence#1 <- block@4) (sequence#1) with sequence#0 in current definition for 3 blocks
debug: Sealing block@None: // after_while_L11
debug: Terminated block@5: // after_while_L11
debug: Sealing block@0: // L15
debug: Terminated block@0: // L15
debug: Sealing block@0: // L33
debug: Terminated block@0: // L33
debug: Sealing block@1: // for_header_0_L34
debug: Terminated block@1: // for_header_0_L34
debug: Terminated block@2: // for_header_1_L34
debug: Sealing block@None: // for_body_L34
debug: Terminated block@3: // for_body_L34
debug: Sealing block@4: // for_header_0_L35
debug: Terminated block@4: // for_header_0_L35
debug: Terminated block@5: // for_header_1_L35
debug: Sealing block@None: // for_body_L35
debug: Created Phi assignment: let lhs#2: uint64 = undefined while trying to resolve 'lhs' in block@6: // for_body_L35
debug: Created Phi assignment: let lhs#3: uint64 = undefined while trying to resolve 'lhs' in block@3: // for_body_L34
debug: Added lhs#0 to Phi node: let lhs#3: uint64 = φ(lhs#0 <- block@1) in block@1: // for_header_0_L34
debug: Added lhs#1 to Phi node: let lhs#3: uint64 = φ(lhs#0 <- block@1, lhs#1 <- block@2) in block@2: // for_header_1_L34
debug: Added lhs#3 to Phi node: let lhs#2: uint64 = φ(lhs#3 <- block@4) in block@4: // for_header_0_L35
debug: Looking for 'lhs' in an unsealed block creating an incomplete Phi: block@5: // for_header_1_L35
debug: Created Phi assignment: let lhs#4: uint64 = undefined while trying to resolve 'lhs' in block@5: // for_header_1_L35
debug: Added lhs#4 to Phi node: let lhs#2: uint64 = φ(lhs#3 <- block@4, lhs#4 <- block@5) in block@5: // for_header_1_L35
debug: Created Phi assignment: let rhs#2: uint64 = undefined while trying to resolve 'rhs' in block@6: // for_body_L35
debug: Added rhs#0 to Phi node: let rhs#2: uint64 = φ(rhs#0 <- block@4) in block@4: // for_header_0_L35
debug: Added rhs#1 to Phi node: let rhs#2: uint64 = φ(rhs#0 <- block@4, rhs#1 <- block@5) in block@5: // for_header_1_L35
debug: Terminated block@6: // for_body_L35
debug: Sealing block@None: // and_contd_L37
debug: Terminated block@7: // and_contd_L37
debug: Sealing block@None: // bool_true_L37
debug: Sealing block@None: // bool_false_L37
debug: Terminated block@8: // bool_true_L37
debug: Terminated block@9: // bool_false_L37
debug: Sealing block@10: // bool_merge_L37
debug: Created Phi assignment: let and_result%10#2: uint64 = undefined while trying to resolve 'and_result%10' in block@10: // bool_merge_L37
debug: Added and_result%10#0 to Phi node: let and_result%10#2: uint64 = φ(and_result%10#0 <- block@8) in block@8: // bool_true_L37
debug: Added and_result%10#1 to Phi node: let and_result%10#2: uint64 = φ(and_result%10#0 <- block@8, and_result%10#1 <- block@9) in block@9: // bool_false_L37
debug: Created Phi assignment: let lhs#5: uint64 = undefined while trying to resolve 'lhs' in block@10: // bool_merge_L37
debug: Added lhs#2 to Phi node: let lhs#5: uint64 = φ(lhs#2 <- block@8) in block@8: // bool_true_L37
debug: Created Phi assignment: let lhs#6: uint64 = undefined while trying to resolve 'lhs' in block@9: // bool_false_L37
debug: Added lhs#2 to Phi node: let lhs#6: uint64 = φ(lhs#2 <- block@6) in block@6: // for_body_L35
debug: Added lhs#2 to Phi node: let lhs#6: uint64 = φ(lhs#2 <- block@6, lhs#2 <- block@7) in block@7: // and_contd_L37
debug: Replacing trivial Phi node: let lhs#6: uint64 = φ(lhs#2 <- block@6, lhs#2 <- block@7) (lhs#6) with lhs#2
debug: Deleting Phi assignment: let lhs#6: uint64 = φ(lhs#2 <- block@6, lhs#2 <- block@7)
debug: Replaced trivial Phi node: let lhs#6: uint64 = φ(lhs#2 <- block@6, lhs#2 <- block@7) (lhs#6) with lhs#2 in current definition for 1 blocks
debug: Added lhs#2 to Phi node: let lhs#5: uint64 = φ(lhs#2 <- block@8, lhs#2 <- block@9) in block@9: // bool_false_L37
debug: Replacing trivial Phi node: let lhs#5: uint64 = φ(lhs#2 <- block@8, lhs#2 <- block@9) (lhs#5) with lhs#2
debug: Deleting Phi assignment: let lhs#5: uint64 = φ(lhs#2 <- block@8, lhs#2 <- block@9)
debug: Replaced trivial Phi node: let lhs#5: uint64 = φ(lhs#2 <- block@8, lhs#2 <- block@9) (lhs#5) with lhs#2 in current definition for 1 blocks
debug: Created Phi assignment: let rhs#3: uint64 = undefined while trying to resolve 'rhs' in block@10: // bool_merge_L37
debug: Added rhs#2 to Phi node: let rhs#3: uint64 = φ(rhs#2 <- block@8) in block@8: // bool_true_L37
debug: Created Phi assignment: let rhs#4: uint64 = undefined while trying to resolve 'rhs' in block@9: // bool_false_L37
debug: Added rhs#2 to Phi node: let rhs#4: uint64 = φ(rhs#2 <- block@6) in block@6: // for_body_L35
debug: Added rhs#2 to Phi node: let rhs#4: uint64 = φ(rhs#2 <- block@6, rhs#2 <- block@7) in block@7: // and_contd_L37
debug: Replacing trivial Phi node: let rhs#4: uint64 = φ(rhs#2 <- block@6, rhs#2 <- block@7) (rhs#4) with rhs#2
debug: Deleting Phi assignment: let rhs#4: uint64 = φ(rhs#2 <- block@6, rhs#2 <- block@7)
debug: Replaced trivial Phi node: let rhs#4: uint64 = φ(rhs#2 <- block@6, rhs#2 <- block@7) (rhs#4) with rhs#2 in current definition for 1 blocks
debug: Added rhs#2 to Phi node: let rhs#3: uint64 = φ(rhs#2 <- block@8, rhs#2 <- block@9) in block@9: // bool_false_L37
debug: Replacing trivial Phi node: let rhs#3: uint64 = φ(rhs#2 <- block@8, rhs#2 <- block@9) (rhs#3) with rhs#2
debug: Deleting Phi assignment: let rhs#3: uint64 = φ(rhs#2 <- block@8, rhs#2 <- block@9)
debug: Replaced trivial Phi node: let rhs#3: uint64 = φ(rhs#2 <- block@8, rhs#2 <- block@9) (rhs#3) with rhs#2 in current definition for 1 blocks
debug: Terminated block@10: // bool_merge_L37
debug: Sealing block@None: // or_contd_L42
debug: Terminated block@11: // or_contd_L42
debug: Sealing block@None: // bool_true_L42
debug: Sealing block@None: // bool_false_L42
debug: Terminated block@12: // bool_true_L42
debug: Terminated block@13: // bool_false_L42
debug: Sealing block@14: // bool_merge_L42
debug: Created Phi assignment: let or_result%21#2: uint64 = undefined while trying to resolve 'or_result%21' in block@14: // bool_merge_L42
debug: Added or_result%21#0 to Phi node: let or_result%21#2: uint64 = φ(or_result%21#0 <- block@12) in block@12: // bool_true_L42
debug: Added or_result%21#1 to Phi node: let or_result%21#2: uint64 = φ(or_result%21#0 <- block@12, or_result%21#1 <- block@13) in block@13: // bool_false_L42
debug: Created Phi assignment: let lhs#7: uint64 = undefined while trying to resolve 'lhs' in block@14: // bool_merge_L42
debug: Created Phi assignment: let lhs#8: uint64 = undefined while trying to resolve 'lhs' in block@12: // bool_true_L42
debug: Added lhs#2 to Phi node: let lhs#8: uint64 = φ(lhs#2 <- block@10) in block@10: // bool_merge_L37
debug: Added lhs#2 to Phi node: let lhs#8: uint64 = φ(lhs#2 <- block@10, lhs#2 <- block@11) in block@11: // or_contd_L42
debug: Replacing trivial Phi node: let lhs#8: uint64 = φ(lhs#2 <- block@10, lhs#2 <- block@11) (lhs#8) with lhs#2
debug: Deleting Phi assignment: let lhs#8: uint64 = φ(lhs#2 <- block@10, lhs#2 <- block@11)
debug: Replaced trivial Phi node: let lhs#8: uint64 = φ(lhs#2 <- block@10, lhs#2 <- block@11) (lhs#8) with lhs#2 in current definition for 1 blocks
debug: Added lhs#2 to Phi node: let lhs#7: uint64 = φ(lhs#2 <- block@12) in block@12: // bool_true_L42
debug: Added lhs#2 to Phi node: let lhs#7: uint64 = φ(lhs#2 <- block@12, lhs#2 <- block@13) in block@13: // bool_false_L42
debug: Replacing trivial Phi node: let lhs#7: uint64 = φ(lhs#2 <- block@12, lhs#2 <- block@13) (lhs#7) with lhs#2
debug: Deleting Phi assignment: let lhs#7: uint64 = φ(lhs#2 <- block@12, lhs#2 <- block@13)
debug: Replaced trivial Phi node: let lhs#7: uint64 = φ(lhs#2 <- block@12, lhs#2 <- block@13) (lhs#7) with lhs#2 in current definition for 1 blocks
debug: Created Phi assignment: let rhs#5: uint64 = undefined while trying to resolve 'rhs' in block@14: // bool_merge_L42
debug: Created Phi assignment: let rhs#6: uint64 = undefined while trying to resolve 'rhs' in block@12: // bool_true_L42
debug: Added rhs#2 to Phi node: let rhs#6: uint64 = φ(rhs#2 <- block@10) in block@10: // bool_merge_L37
debug: Added rhs#2 to Phi node: let rhs#6: uint64 = φ(rhs#2 <- block@10, rhs#2 <- block@11) in block@11: // or_contd_L42
debug: Replacing trivial Phi node: let rhs#6: uint64 = φ(rhs#2 <- block@10, rhs#2 <- block@11) (rhs#6) with rhs#2
debug: Deleting Phi assignment: let rhs#6: uint64 = φ(rhs#2 <- block@10, rhs#2 <- block@11)
debug: Replaced trivial Phi node: let rhs#6: uint64 = φ(rhs#2 <- block@10, rhs#2 <- block@11) (rhs#6) with rhs#2 in current definition for 1 blocks
debug: Added rhs#2 to Phi node: let rhs#5: uint64 = φ(rhs#2 <- block@12) in block@12: // bool_true_L42
debug: Added rhs#2 to Phi node: let rhs#5: uint64 = φ(rhs#2 <- block@12, rhs#2 <- block@13) in block@13: // bool_false_L42
debug: Replacing trivial Phi node: let rhs#5: uint64 = φ(rhs#2 <- block@12, rhs#2 <- block@13) (rhs#5) with rhs#2
debug: Deleting Phi assignment: let rhs#5: uint64 = φ(rhs#2 <- block@12, rhs#2 <- block@13)
debug: Replaced trivial Phi node: let rhs#5: uint64 = φ(rhs#2 <- block@12, rhs#2 <- block@13) (rhs#5) with rhs#2 in current definition for 1 blocks
debug: Terminated block@14: // bool_merge_L42
debug: Sealing block@15: // for_footer_L35
debug: Created Phi assignment: let tuple_index%1#1: uint64 = undefined while trying to resolve 'tuple_index%1' in block@14: // bool_merge_L42
debug: Created Phi assignment: let tuple_index%1#2: uint64 = undefined while trying to resolve 'tuple_index%1' in block@12: // bool_true_L42
debug: Created Phi assignment: let tuple_index%1#3: uint64 = undefined while trying to resolve 'tuple_index%1' in block@10: // bool_merge_L37
debug: Created Phi assignment: let tuple_index%1#4: uint64 = undefined while trying to resolve 'tuple_index%1' in block@6: // for_body_L35
debug: Added tuple_index%1#0 to Phi node: let tuple_index%1#4: uint64 = φ(tuple_index%1#0 <- block@4) in block@4: // for_header_0_L35
debug: Looking for 'tuple_index%1' in an unsealed block creating an incomplete Phi: block@5: // for_header_1_L35
debug: Created Phi assignment: let tuple_index%1#5: uint64 = undefined while trying to resolve 'tuple_index%1' in block@5: // for_header_1_L35
debug: Added tuple_index%1#5 to Phi node: let tuple_index%1#4: uint64 = φ(tuple_index%1#0 <- block@4, tuple_index%1#5 <- block@5) in block@5: // for_header_1_L35
debug: Added tuple_index%1#4 to Phi node: let tuple_index%1#3: uint64 = φ(tuple_index%1#4 <- block@8) in block@8: // bool_true_L37
debug: Created Phi assignment: let tuple_index%1#6: uint64 = undefined while trying to resolve 'tuple_index%1' in block@9: // bool_false_L37
debug: Added tuple_index%1#4 to Phi node: let tuple_index%1#6: uint64 = φ(tuple_index%1#4 <- block@6) in block@6: // for_body_L35
debug: Added tuple_index%1#4 to Phi node: let tuple_index%1#6: uint64 = φ(tuple_index%1#4 <- block@6, tuple_index%1#4 <- block@7) in block@7: // and_contd_L37
debug: Replacing trivial Phi node: let tuple_index%1#6: uint64 = φ(tuple_index%1#4 <- block@6, tuple_index%1#4 <- block@7) (tuple_index%1#6) with tuple_index%1#4
debug: Deleting Phi assignment: let tuple_index%1#6: uint64 = φ(tuple_index%1#4 <- block@6, tuple_index%1#4 <- block@7)
debug: Replaced trivial Phi node: let tuple_index%1#6: uint64 = φ(tuple_index%1#4 <- block@6, tuple_index%1#4 <- block@7) (tuple_index%1#6) with tuple_index%1#4 in current definition for 1 blocks
debug: Added tuple_index%1#4 to Phi node: let tuple_index%1#3: uint64 = φ(tuple_index%1#4 <- block@8, tuple_index%1#4 <- block@9) in block@9: // bool_false_L37
debug: Replacing trivial Phi node: let tuple_index%1#3: uint64 = φ(tuple_index%1#4 <- block@8, tuple_index%1#4 <- block@9) (tuple_index%1#3) with tuple_index%1#4
debug: Deleting Phi assignment: let tuple_index%1#3: uint64 = φ(tuple_index%1#4 <- block@8, tuple_index%1#4 <- block@9)
debug: Replaced trivial Phi node: let tuple_index%1#3: uint64 = φ(tuple_index%1#4 <- block@8, tuple_index%1#4 <- block@9) (tuple_index%1#3) with tuple_index%1#4 in current definition for 1 blocks
debug: Added tuple_index%1#4 to Phi node: let tuple_index%1#2: uint64 = φ(tuple_index%1#4 <- block@10) in block@10: // bool_merge_L37
debug: Added tuple_index%1#4 to Phi node: let tuple_index%1#2: uint64 = φ(tuple_index%1#4 <- block@10, tuple_index%1#4 <- block@11) in block@11: // or_contd_L42
debug: Replacing trivial Phi node: let tuple_index%1#2: uint64 = φ(tuple_index%1#4 <- block@10, tuple_index%1#4 <- block@11) (tuple_index%1#2) with tuple_index%1#4
debug: Deleting Phi assignment: let tuple_index%1#2: uint64 = φ(tuple_index%1#4 <- block@10, tuple_index%1#4 <- block@11)
debug: Replaced trivial Phi node: let tuple_index%1#2: uint64 = φ(tuple_index%1#4 <- block@10, tuple_index%1#4 <- block@11) (tuple_index%1#2) with tuple_index%1#4 in current definition for 1 blocks
debug: Added tuple_index%1#4 to Phi node: let tuple_index%1#1: uint64 = φ(tuple_index%1#4 <- block@12) in block@12: // bool_true_L42
debug: Added tuple_index%1#4 to Phi node: let tuple_index%1#1: uint64 = φ(tuple_index%1#4 <- block@12, tuple_index%1#4 <- block@13) in block@13: // bool_false_L42
debug: Replacing trivial Phi node: let tuple_index%1#1: uint64 = φ(tuple_index%1#4 <- block@12, tuple_index%1#4 <- block@13) (tuple_index%1#1) with tuple_index%1#4
debug: Deleting Phi assignment: let tuple_index%1#1: uint64 = φ(tuple_index%1#4 <- block@12, tuple_index%1#4 <- block@13)
debug: Replaced trivial Phi node: let tuple_index%1#1: uint64 = φ(tuple_index%1#4 <- block@12, tuple_index%1#4 <- block@13) (tuple_index%1#1) with tuple_index%1#4 in current definition for 1 blocks
debug: Terminated block@15: // for_footer_L35
debug: Sealing block@5: // for_header_1_L35
debug: Added lhs#2 to Phi node: let lhs#4: uint64 = φ(lhs#2 <- block@15) in block@15: // for_footer_L35
debug: Replacing trivial Phi node: let lhs#4: uint64 = φ(lhs#2 <- block@15) (lhs#4) with lhs#2
debug: Deleting Phi assignment: let lhs#4: uint64 = φ(lhs#2 <- block@15)
debug: Replacing trivial Phi node: let lhs#2: uint64 = φ(lhs#3 <- block@4, lhs#2 <- block@5) (lhs#2) with lhs#3
debug: Deleting Phi assignment: let lhs#2: uint64 = φ(lhs#3 <- block@4, lhs#2 <- block@5)
debug: Replaced trivial Phi node: let lhs#4: uint64 = φ(lhs#2 <- block@15) (lhs#4) with lhs#2 in current definition for 1 blocks
debug: Replaced trivial Phi node: let lhs#2: uint64 = φ(lhs#3 <- block@4, lhs#2 <- block@5) (lhs#2) with lhs#3 in current definition for 11 blocks
debug: Added tuple_index%1#7 to Phi node: let tuple_index%1#5: uint64 = φ(tuple_index%1#7 <- block@15) in block@15: // for_footer_L35
debug: Replacing trivial Phi node: let tuple_index%1#5: uint64 = φ(tuple_index%1#7 <- block@15) (tuple_index%1#5) with tuple_index%1#7
debug: Deleting Phi assignment: let tuple_index%1#5: uint64 = φ(tuple_index%1#7 <- block@15)
debug: Replaced trivial Phi node: let tuple_index%1#5: uint64 = φ(tuple_index%1#7 <- block@15) (tuple_index%1#5) with tuple_index%1#7 in current definition for 1 blocks
debug: Sealing block@None: // after_for_L35
debug: Terminated block@16: // after_for_L35
debug: Sealing block@17: // for_footer_L34
debug: Created Phi assignment: let tuple_index%0#1: uint64 = undefined while trying to resolve 'tuple_index%0' in block@14: // bool_merge_L42
debug: Created Phi assignment: let tuple_index%0#2: uint64 = undefined while trying to resolve 'tuple_index%0' in block@12: // bool_true_L42
debug: Created Phi assignment: let tuple_index%0#3: uint64 = undefined while trying to resolve 'tuple_index%0' in block@10: // bool_merge_L37
debug: Created Phi assignment: let tuple_index%0#4: uint64 = undefined while trying to resolve 'tuple_index%0' in block@6: // for_body_L35
debug: Created Phi assignment: let tuple_index%0#5: uint64 = undefined while trying to resolve 'tuple_index%0' in block@3: // for_body_L34
debug: Added tuple_index%0#0 to Phi node: let tuple_index%0#5: uint64 = φ(tuple_index%0#0 <- block@1) in block@1: // for_header_0_L34
debug: Looking for 'tuple_index%0' in an unsealed block creating an incomplete Phi: block@2: // for_header_1_L34
debug: Created Phi assignment: let tuple_index%0#6: uint64 = undefined while trying to resolve 'tuple_index%0' in block@2: // for_header_1_L34
debug: Added tuple_index%0#6 to Phi node: let tuple_index%0#5: uint64 = φ(tuple_index%0#0 <- block@1, tuple_index%0#6 <- block@2) in block@2: // for_header_1_L34
debug: Added tuple_index%0#5 to Phi node: let tuple_index%0#4: uint64 = φ(tuple_index%0#5 <- block@4) in block@4: // for_header_0_L35
debug: Added tuple_index%0#1 to Phi node: let tuple_index%0#4: uint64 = φ(tuple_index%0#5 <- block@4, tuple_index%0#1 <- block@5) in block@5: // for_header_1_L35
debug: Added tuple_index%0#4 to Phi node: let tuple_index%0#3: uint64 = φ(tuple_index%0#4 <- block@8) in block@8: // bool_true_L37
debug: Created Phi assignment: let tuple_index%0#7: uint64 = undefined while trying to resolve 'tuple_index%0' in block@9: // bool_false_L37
debug: Added tuple_index%0#4 to Phi node: let tuple_index%0#7: uint64 = φ(tuple_index%0#4 <- block@6) in block@6: // for_body_L35
debug: Added tuple_index%0#4 to Phi node: let tuple_index%0#7: uint64 = φ(tuple_index%0#4 <- block@6, tuple_index%0#4 <- block@7) in block@7: // and_contd_L37
debug: Replacing trivial Phi node: let tuple_index%0#7: uint64 = φ(tuple_index%0#4 <- block@6, tuple_index%0#4 <- block@7) (tuple_index%0#7) with tuple_index%0#4
debug: Deleting Phi assignment: let tuple_index%0#7: uint64 = φ(tuple_index%0#4 <- block@6, tuple_index%0#4 <- block@7)
debug: Replaced trivial Phi node: let tuple_index%0#7: uint64 = φ(tuple_index%0#4 <- block@6, tuple_index%0#4 <- block@7) (tuple_index%0#7) with tuple_index%0#4 in current definition for 1 blocks
debug: Added tuple_index%0#4 to Phi node: let tuple_index%0#3: uint64 = φ(tuple_index%0#4 <- block@8, tuple_index%0#4 <- block@9) in block@9: // bool_false_L37
debug: Replacing trivial Phi node: let tuple_index%0#3: uint64 = φ(tuple_index%0#4 <- block@8, tuple_index%0#4 <- block@9) (tuple_index%0#3) with tuple_index%0#4
debug: Deleting Phi assignment: let tuple_index%0#3: uint64 = φ(tuple_index%0#4 <- block@8, tuple_index%0#4 <- block@9)
debug: Replaced trivial Phi node: let tuple_index%0#3: uint64 = φ(tuple_index%0#4 <- block@8, tuple_index%0#4 <- block@9) (tuple_index%0#3) with tuple_index%0#4 in current definition for 1 blocks
debug: Added tuple_index%0#4 to Phi node: let tuple_index%0#2: uint64 = φ(tuple_index%0#4 <- block@10) in block@10: // bool_merge_L37
debug: Added tuple_index%0#4 to Phi node: let tuple_index%0#2: uint64 = φ(tuple_index%0#4 <- block@10, tuple_index%0#4 <- block@11) in block@11: // or_contd_L42
debug: Replacing trivial Phi node: let tuple_index%0#2: uint64 = φ(tuple_index%0#4 <- block@10, tuple_index%0#4 <- block@11) (tuple_index%0#2) with tuple_index%0#4
debug: Deleting Phi assignment: let tuple_index%0#2: uint64 = φ(tuple_index%0#4 <- block@10, tuple_index%0#4 <- block@11)
debug: Replaced trivial Phi node: let tuple_index%0#2: uint64 = φ(tuple_index%0#4 <- block@10, tuple_index%0#4 <- block@11) (tuple_index%0#2) with tuple_index%0#4 in current definition for 1 blocks
debug: Added tuple_index%0#4 to Phi node: let tuple_index%0#1: uint64 = φ(tuple_index%0#4 <- block@12) in block@12: // bool_true_L42
debug: Added tuple_index%0#4 to Phi node: let tuple_index%0#1: uint64 = φ(tuple_index%0#4 <- block@12, tuple_index%0#4 <- block@13) in block@13: // bool_false_L42
debug: Replacing trivial Phi node: let tuple_index%0#1: uint64 = φ(tuple_index%0#4 <- block@12, tuple_index%0#4 <- block@13) (tuple_index%0#1) with tuple_index%0#4
debug: Deleting Phi assignment: let tuple_index%0#1: uint64 = φ(tuple_index%0#4 <- block@12, tuple_index%0#4 <- block@13)
debug: Replacing trivial Phi node: let tuple_index%0#4: uint64 = φ(tuple_index%0#5 <- block@4, tuple_index%0#4 <- block@5) (tuple_index%0#4) with tuple_index%0#5
debug: Deleting Phi assignment: let tuple_index%0#4: uint64 = φ(tuple_index%0#5 <- block@4, tuple_index%0#4 <- block@5)
debug: Replaced trivial Phi node: let tuple_index%0#1: uint64 = φ(tuple_index%0#4 <- block@12, tuple_index%0#4 <- block@13) (tuple_index%0#1) with tuple_index%0#4 in current definition for 3 blocks
debug: Replaced trivial Phi node: let tuple_index%0#4: uint64 = φ(tuple_index%0#5 <- block@4, tuple_index%0#4 <- block@5) (tuple_index%0#4) with tuple_index%0#5 in current definition for 11 blocks
debug: Terminated block@17: // for_footer_L34
debug: Sealing block@2: // for_header_1_L34
debug: Added tuple_index%0#8 to Phi node: let tuple_index%0#6: uint64 = φ(tuple_index%0#8 <- block@17) in block@17: // for_footer_L34
debug: Replacing trivial Phi node: let tuple_index%0#6: uint64 = φ(tuple_index%0#8 <- block@17) (tuple_index%0#6) with tuple_index%0#8
debug: Deleting Phi assignment: let tuple_index%0#6: uint64 = φ(tuple_index%0#8 <- block@17)
debug: Replaced trivial Phi node: let tuple_index%0#6: uint64 = φ(tuple_index%0#8 <- block@17) (tuple_index%0#6) with tuple_index%0#8 in current definition for 1 blocks
debug: Sealing block@None: // after_for_L34
debug: Terminated block@18: // after_for_L34
debug: Sealing block@0: // L28
debug: Terminated block@0: // L28
debug: Sealing block@None: // ternary_true_L29
debug: Sealing block@None: // ternary_false_L29
debug: Terminated block@1: // ternary_true_L29
debug: Terminated block@2: // ternary_false_L29
debug: Sealing block@3: // ternary_merge_L29
debug: Created Phi assignment: let ternary_result%0#2: bytes = undefined while trying to resolve 'ternary_result%0' in block@3: // ternary_merge_L29
debug: Added ternary_result%0#0 to Phi node: let ternary_result%0#2: bytes = φ(ternary_result%0#0 <- block@1) in block@1: // ternary_true_L29
debug: Added ternary_result%0#1 to Phi node: let ternary_result%0#2: bytes = φ(ternary_result%0#0 <- block@1, ternary_result%0#1 <- block@2) in block@2: // ternary_false_L29
debug: Terminated block@3: // ternary_merge_L29
debug: Sealing block@0: // L49
debug: Terminated block@0: // L49
debug: Sealing block@0: // L5
debug: Terminated block@0: // L5
debug: Sealing block@0: // L10
debug: Terminated block@0: // L10
debug: Output IR to <git root>/examples/boolean_binary_ops/out/contract_BooleanBinaryOps.ssa.ir
info: Optimizing examples.boolean_binary_ops.contract.BooleanBinaryOps at level 1
debug: Begin optimization pass 1/100
debug: Optimizing subroutine examples.boolean_binary_ops.contract.BooleanBinaryOps.approval_program
debug: Splitting parallel copies prior to optimization
debug: Optimizer: Arithmetic Simplification
debug: Optimizer: Constant Replacer
debug: Optimizer: Copy Propagation
debug: Optimizer: Intrinsic Simplifier
debug: Optimizer: Remove Unused Variables
debug: Optimizer: Simplify Conditional Branches
debug: Optimizer: Remove Linear Jump
debug: Optimizer: Remove Empty Blocks
debug: Optimizer: Remove Unreachable Blocks
debug: Optimizing subroutine examples.boolean_binary_ops.contract.test_boolean_binary_ops
debug: Splitting parallel copies prior to optimization
debug: Optimizer: Arithmetic Simplification
debug: Optimizer: Constant Replacer
debug: Optimizer: Copy Propagation
debug: Optimizer: Intrinsic Simplifier
debug: Optimizer: Remove Unused Variables
debug: Optimizer: Simplify Conditional Branches
debug: Optimizer: Remove Linear Jump
debug: Optimizer: Remove Empty Blocks
debug: Optimizer: Remove Unreachable Blocks
debug: Optimizing subroutine examples.boolean_binary_ops.contract.test_boolean_shortcircuit_binary_ops
debug: Splitting parallel copies prior to optimization
debug: Optimizer: Arithmetic Simplification
debug: Optimizer: Constant Replacer
debug: Optimizer: Copy Propagation
debug: Found equivalence set: and_result%10#2, and_result#0
debug: Replacing {and_result%10#2} with and_result#0 made 1 modifications
debug: Found equivalence set: or_result%21#2, or_result#0
debug: Replacing {or_result%21#2} with or_result#0 made 1 modifications
debug: Optimizer: Intrinsic Simplifier
debug: Optimizer: Remove Unused Variables
debug: Optimizer: Simplify Conditional Branches
debug: GotoNth goto [block@5, ...block@16][tuple_index%1#4] simplified to goto tuple_index%1#4 ? block@16 : block@5
debug: GotoNth goto [block@2, ...block@18][tuple_index%0#5] simplified to goto tuple_index%0#5 ? block@18 : block@2
debug: Optimizer: Remove Linear Jump
debug: Replaced predecessor block@1: // for_header_0_L34 with block@0: // L33 in block@3: // for_body_L34
debug: Merged linear block@1: // for_header_0_L34 into block@0: // L33
debug: Replaced predecessor block@4: // for_header_0_L35 with block@3: // for_body_L34 in block@6: // for_body_L35
debug: Merged linear block@4: // for_header_0_L35 into block@3: // for_body_L34
debug: Replaced predecessor block@15: // for_footer_L35 with block@14: // bool_merge_L42 in block@5: // for_header_1_L35
debug: Replaced predecessor block@15: // for_footer_L35 with block@14: // bool_merge_L42 in block@16: // after_for_L35
debug: Merged linear block@15: // for_footer_L35 into block@14: // bool_merge_L42
debug: Replaced predecessor block@17: // for_footer_L34 with block@16: // after_for_L35 in block@2: // for_header_1_L34
debug: Replaced predecessor block@17: // for_footer_L34 with block@16: // after_for_L35 in block@18: // after_for_L34
debug: Merged linear block@17: // for_footer_L34 into block@16: // after_for_L35
debug: Optimizer: Remove Empty Blocks
debug: Optimizer: Remove Unreachable Blocks
debug: Optimizing subroutine examples.boolean_binary_ops.contract.bool_to_bytes
debug: Splitting parallel copies prior to optimization
debug: Optimizer: Arithmetic Simplification
debug: Optimizer: Constant Replacer
debug: Optimizer: Copy Propagation
debug: Optimizer: Intrinsic Simplifier
debug: Optimizer: Remove Unused Variables
debug: Optimizer: Simplify Conditional Branches
debug: Optimizer: Remove Linear Jump
debug: Optimizer: Remove Empty Blocks
debug: Optimizer: Remove Unreachable Blocks
debug: Optimizing subroutine examples.boolean_binary_ops.contract.log_and_return
debug: Splitting parallel copies prior to optimization
debug: Optimizer: Arithmetic Simplification
debug: Optimizer: Constant Replacer
debug: Optimizer: Copy Propagation
debug: Optimizer: Intrinsic Simplifier
debug: Optimizer: Remove Unused Variables
debug: Optimizer: Simplify Conditional Branches
debug: Optimizer: Remove Linear Jump
debug: Optimizer: Remove Empty Blocks
debug: Optimizer: Remove Unreachable Blocks
debug: Optimizing subroutine examples.boolean_binary_ops.contract.BooleanBinaryOps.clear_state_program
debug: Splitting parallel copies prior to optimization
debug: Optimizer: Arithmetic Simplification
debug: Optimizer: Constant Replacer
debug: Optimizer: Copy Propagation
debug: Optimizer: Intrinsic Simplifier
debug: Optimizer: Remove Unused Variables
debug: Optimizer: Simplify Conditional Branches
debug: Optimizer: Remove Linear Jump
debug: Optimizer: Remove Empty Blocks
debug: Optimizer: Remove Unreachable Blocks
debug: Output IR to <git root>/examples/boolean_binary_ops/out/contract_BooleanBinaryOps.ssa.opt_pass_1.ir
debug: Begin optimization pass 2/100
debug: Optimizing subroutine examples.boolean_binary_ops.contract.BooleanBinaryOps.approval_program
debug: Optimizer: Arithmetic Simplification
debug: Optimizer: Constant Replacer
debug: Optimizer: Copy Propagation
debug: Optimizer: Intrinsic Simplifier
debug: Optimizer: Remove Unused Variables
debug: Optimizer: Simplify Conditional Branches
debug: Optimizer: Remove Linear Jump
debug: Optimizer: Remove Empty Blocks
debug: Optimizer: Remove Unreachable Blocks
debug: Optimizing subroutine examples.boolean_binary_ops.contract.test_boolean_binary_ops
debug: Optimizer: Arithmetic Simplification
debug: Optimizer: Constant Replacer
debug: Optimizer: Copy Propagation
debug: Optimizer: Intrinsic Simplifier
debug: Optimizer: Remove Unused Variables
debug: Optimizer: Simplify Conditional Branches
debug: Optimizer: Remove Linear Jump
debug: Optimizer: Remove Empty Blocks
debug: Optimizer: Remove Unreachable Blocks
debug: Optimizing subroutine examples.boolean_binary_ops.contract.test_boolean_shortcircuit_binary_ops
debug: Optimizer: Arithmetic Simplification
debug: Optimizer: Constant Replacer
debug: Optimizer: Copy Propagation
debug: Optimizer: Intrinsic Simplifier
debug: Optimizer: Remove Unused Variables
debug: Optimizer: Simplify Conditional Branches
debug: Optimizer: Remove Linear Jump
debug: Optimizer: Remove Empty Blocks
debug: Optimizer: Remove Unreachable Blocks
debug: Optimizing subroutine examples.boolean_binary_ops.contract.bool_to_bytes
debug: Optimizer: Arithmetic Simplification
debug: Optimizer: Constant Replacer
debug: Optimizer: Copy Propagation
debug: Optimizer: Intrinsic Simplifier
debug: Optimizer: Remove Unused Variables
debug: Optimizer: Simplify Conditional Branches
debug: Optimizer: Remove Linear Jump
debug: Optimizer: Remove Empty Blocks
debug: Optimizer: Remove Unreachable Blocks
debug: Optimizing subroutine examples.boolean_binary_ops.contract.log_and_return
debug: Optimizer: Arithmetic Simplification
debug: Optimizer: Constant Replacer
debug: Optimizer: Copy Propagation
debug: Optimizer: Intrinsic Simplifier
debug: Optimizer: Remove Unused Variables
debug: Optimizer: Simplify Conditional Branches
debug: Optimizer: Remove Linear Jump
debug: Optimizer: Remove Empty Blocks
debug: Optimizer: Remove Unreachable Blocks
debug: Optimizing subroutine examples.boolean_binary_ops.contract.BooleanBinaryOps.clear_state_program
debug: Optimizer: Arithmetic Simplification
debug: Optimizer: Constant Replacer
debug: Optimizer: Copy Propagation
debug: Optimizer: Intrinsic Simplifier
debug: Optimizer: Remove Unused Variables
debug: Optimizer: Simplify Conditional Branches
debug: Optimizer: Remove Linear Jump
debug: Optimizer: Remove Empty Blocks
debug: Optimizer: Remove Unreachable Blocks
debug: No optimizations performed in pass 2, ending loop
debug: Output IR to <git root>/examples/boolean_binary_ops/out/contract_BooleanBinaryOps.cssa.ir
debug: Removing Phis from examples.boolean_binary_ops.contract.BooleanBinaryOps.approval_program
debug: Removing Phis from examples.boolean_binary_ops.contract.test_boolean_binary_ops
debug: Removing Phis from examples.boolean_binary_ops.contract.test_boolean_shortcircuit_binary_ops
debug: Removing Phis from examples.boolean_binary_ops.contract.bool_to_bytes
debug: Removing Phis from examples.boolean_binary_ops.contract.log_and_return
debug: Removing Phis from examples.boolean_binary_ops.contract.BooleanBinaryOps.clear_state_program
debug: Output IR to <git root>/examples/boolean_binary_ops/out/contract_BooleanBinaryOps.post_ssa.ir
debug: Sequentializing parallel copies in examples.boolean_binary_ops.contract.BooleanBinaryOps.approval_program
debug: Sequentializing parallel copies in examples.boolean_binary_ops.contract.test_boolean_binary_ops
debug: Sequentializing parallel copies in examples.boolean_binary_ops.contract.test_boolean_shortcircuit_binary_ops
debug: loc: {tuple_index%0#11=None, lhs#6=None, tuple_index%0#0=tuple_index%0#0, lhs#0=lhs#0}
debug: pred: {tuple_index%0#11=tuple_index%0#0, lhs#6=lhs#0}
debug: ready: tuple_index%0#11, lhs#6
debug: to_do: tuple_index%0#11, lhs#6
debug: * avail lhs#6
debug: * avail lhs#0
debug: * avail tuple_index%0#11
debug: * avail tuple_index%0#0
debug: * to_do lhs#6
debug: * to_do tuple_index%0#11
debug: loc: {tuple_index%0#11=None, lhs#6=None, tuple_index%0#8=tuple_index%0#8, lhs#1=lhs#1}
debug: pred: {tuple_index%0#11=tuple_index%0#8, lhs#6=lhs#1}
debug: ready: tuple_index%0#11, lhs#6
debug: to_do: tuple_index%0#11, lhs#6
debug: * avail lhs#6
debug: * avail lhs#1
debug: * avail tuple_index%0#11
debug: * avail tuple_index%0#8
debug: * to_do lhs#6
debug: * to_do tuple_index%0#11
debug: loc: {tuple_index%0#5=None, lhs#3=None, tuple_index%0#11=tuple_index%0#11, lhs#6=lhs#6}
debug: pred: {tuple_index%0#5=tuple_index%0#11, lhs#3=lhs#6}
debug: ready: tuple_index%0#5, lhs#3
debug: to_do: tuple_index%0#5, lhs#3
debug: * avail lhs#3
debug: * avail lhs#6
debug: * avail tuple_index%0#5
debug: * avail tuple_index%0#11
debug: * to_do lhs#3
debug: * to_do tuple_index%0#5
debug: loc: {tuple_index%1#10=None, rhs#5=None, tuple_index%1#0=tuple_index%1#0, rhs#0=rhs#0}
debug: pred: {tuple_index%1#10=tuple_index%1#0, rhs#5=rhs#0}
debug: ready: tuple_index%1#10, rhs#5
debug: to_do: tuple_index%1#10, rhs#5
debug: * avail rhs#5
debug: * avail rhs#0
debug: * avail tuple_index%1#10
debug: * avail tuple_index%1#0
debug: * to_do rhs#5
debug: * to_do tuple_index%1#10
debug: loc: {tuple_index%1#10=None, rhs#5=None, tuple_index%1#7=tuple_index%1#7, rhs#1=rhs#1}
debug: pred: {tuple_index%1#10=tuple_index%1#7, rhs#5=rhs#1}
debug: ready: tuple_index%1#10, rhs#5
debug: to_do: tuple_index%1#10, rhs#5
debug: * avail rhs#5
debug: * avail rhs#1
debug: * avail tuple_index%1#10
debug: * avail tuple_index%1#7
debug: * to_do rhs#5
debug: * to_do tuple_index%1#10
debug: loc: {tuple_index%1#4=None, rhs#2=None, tuple_index%1#10=tuple_index%1#10, rhs#5=rhs#5}
debug: pred: {tuple_index%1#4=tuple_index%1#10, rhs#2=rhs#5}
debug: ready: tuple_index%1#4, rhs#2
debug: to_do: tuple_index%1#4, rhs#2
debug: * avail rhs#2
debug: * avail rhs#5
debug: * avail tuple_index%1#4
debug: * avail tuple_index%1#10
debug: * to_do rhs#2
debug: * to_do tuple_index%1#4
debug: Sequentializing parallel copies in examples.boolean_binary_ops.contract.bool_to_bytes
debug: Sequentializing parallel copies in examples.boolean_binary_ops.contract.log_and_return
debug: Sequentializing parallel copies in examples.boolean_binary_ops.contract.BooleanBinaryOps.clear_state_program
debug: Output IR to <git root>/examples/boolean_binary_ops/out/contract_BooleanBinaryOps.parallel_copies.ir
debug: Coalescing local variables in examples.boolean_binary_ops.contract.BooleanBinaryOps.approval_program using strategy RootOperandGrouping
debug: Coalescing resulted in 0 replacement/s
debug: Coalescing local variables in examples.boolean_binary_ops.contract.test_boolean_binary_ops using strategy RootOperandGrouping
debug: Coalescing resulted in 0 replacement/s
debug: Coalescing local variables in examples.boolean_binary_ops.contract.test_boolean_shortcircuit_binary_ops using strategy RootOperandGrouping
debug: Coalescing tuple_index%0#0 with [tuple_index%0#11, tuple_index%0#5]
debug: Coalescing lhs#0 with [lhs#6, lhs#1, lhs#3]
debug: Coalescing tuple_index%1#0 with [tuple_index%1#10, tuple_index%1#4]
debug: Coalescing rhs#0 with [rhs#5, rhs#1, rhs#2]
debug: Coalescing and_result%10#0 with [and_result%10#1]
debug: Coalescing and_result#0 with [and_result#1]
debug: Coalescing or_result%21#0 with [or_result%21#1]
debug: Coalescing or_result#0 with [or_result#1]
debug: Coalescing resulted in 46 replacement/s
debug: Coalescing local variables in examples.boolean_binary_ops.contract.bool_to_bytes using strategy RootOperandGrouping
debug: Coalescing ternary_result%0#0 with [ternary_result%0#5, ternary_result%0#1, ternary_result%0#2]
debug: Coalescing resulted in 7 replacement/s
debug: Coalescing local variables in examples.boolean_binary_ops.contract.log_and_return using strategy RootOperandGrouping
debug: Coalescing resulted in 0 replacement/s
debug: Coalescing local variables in examples.boolean_binary_ops.contract.BooleanBinaryOps.clear_state_program using strategy RootOperandGrouping
debug: Coalescing resulted in 0 replacement/s
debug: Output IR to <git root>/examples/boolean_binary_ops/out/contract_BooleanBinaryOps.final.ir
debug: Inserted test_boolean_binary_ops_block@0.ops[3]: 'store tmp%0#0 to l-stack (copy)'
debug: Replaced test_boolean_binary_ops_block@0.ops[5]: 'load tmp%0#0' with 'load tmp%0#0 from l-stack (no copy)'
debug: Inserted test_boolean_binary_ops_block@0.ops[7]: 'store tmp%1#0 to l-stack (copy)'
debug: Replaced test_boolean_binary_ops_block@0.ops[9]: 'load tmp%1#0' with 'load tmp%1#0 from l-stack (no copy)'
debug: Inserted test_boolean_binary_ops_block@0.ops[14]: 'store tmp%2#0 to l-stack (copy)'
debug: Replaced test_boolean_binary_ops_block@0.ops[16]: 'load tmp%2#0' with 'load tmp%2#0 from l-stack (no copy)'
debug: Inserted test_boolean_binary_ops_block@0.ops[18]: 'store tmp%3#0 to l-stack (copy)'
debug: Replaced test_boolean_binary_ops_block@0.ops[20]: 'load tmp%3#0' with 'load tmp%3#0 from l-stack (no copy)'
debug: Inserted test_boolean_binary_ops_block@0.ops[25]: 'store tmp%4#0 to l-stack (copy)'
debug: Replaced test_boolean_binary_ops_block@0.ops[27]: 'load tmp%4#0' with 'load tmp%4#0 from l-stack (no copy)'
debug: Inserted test_boolean_binary_ops_block@0.ops[32]: 'store tmp%5#0 to l-stack (copy)'
debug: Replaced test_boolean_binary_ops_block@0.ops[34]: 'load tmp%5#0' with 'load tmp%5#0 from l-stack (no copy)'
debug: Inserted test_boolean_binary_ops_block@0.ops[36]: 'store tmp%6#0 to l-stack (copy)'
debug: Replaced test_boolean_binary_ops_block@0.ops[38]: 'load tmp%6#0' with 'load tmp%6#0 from l-stack (no copy)'
debug: Inserted test_boolean_binary_ops_block@0.ops[43]: 'store tmp%7#0 to l-stack (copy)'
debug: Replaced test_boolean_binary_ops_block@0.ops[45]: 'load tmp%7#0' with 'load tmp%7#0 from l-stack (no copy)'
debug: Inserted test_boolean_binary_ops_block@0.ops[50]: 'store tmp%8#0 to l-stack (copy)'
debug: Replaced test_boolean_binary_ops_block@0.ops[52]: 'load tmp%8#0' with 'load tmp%8#0 from l-stack (no copy)'
debug: Inserted test_boolean_binary_ops_block@0.ops[57]: 'store tmp%9#0 to l-stack (copy)'
debug: Replaced test_boolean_binary_ops_block@0.ops[59]: 'load tmp%9#0' with 'load tmp%9#0 from l-stack (no copy)'
debug: Inserted test_boolean_binary_ops_block@0.ops[64]: 'store tmp%10#0 to l-stack (copy)'
debug: Replaced test_boolean_binary_ops_block@0.ops[66]: 'load tmp%10#0' with 'load tmp%10#0 from l-stack (no copy)'
debug: Inserted test_boolean_binary_ops_block@0.ops[68]: 'store tmp%11#0 to l-stack (copy)'
debug: Replaced test_boolean_binary_ops_block@0.ops[70]: 'load tmp%11#0' with 'load tmp%11#0 from l-stack (no copy)'
debug: Inserted test_boolean_shortcircuit_binary_ops_for_body@6.ops[6]: 'store tmp%3#0 to l-stack (copy)'
debug: Replaced test_boolean_shortcircuit_binary_ops_for_body@6.ops[8]: 'load tmp%3#0' with 'load tmp%3#0 from l-stack (no copy)'
debug: Inserted test_boolean_shortcircuit_binary_ops_for_body@6.ops[26]: 'store tmp%7#0 to l-stack (copy)'
debug: Replaced test_boolean_shortcircuit_binary_ops_for_body@6.ops[28]: 'load tmp%7#0' with 'load tmp%7#0 from l-stack (no copy)'
debug: Inserted test_boolean_shortcircuit_binary_ops_for_body@6.ops[2]: 'store tmp%2#0 to l-stack (copy)'
debug: Replaced test_boolean_shortcircuit_binary_ops_for_body@6.ops[5]: 'load tmp%2#0' with 'load tmp%2#0 from l-stack (no copy)'
debug: Inserted test_boolean_shortcircuit_binary_ops_for_body@6.ops[15]: 'store tmp%5#0 to l-stack (copy)'
debug: Replaced test_boolean_shortcircuit_binary_ops_for_body@6.ops[18]: 'load tmp%5#0' with 'load tmp%5#0 from l-stack (no copy)'
debug: Inserted test_boolean_shortcircuit_binary_ops_for_body@6.ops[20]: 'store and_msg#0 to l-stack (copy)'
debug: Replaced test_boolean_shortcircuit_binary_ops_for_body@6.ops[23]: 'load and_msg#0' with 'load and_msg#0 from l-stack (no copy)'
debug: Inserted test_boolean_shortcircuit_binary_ops_for_body@6.ops[25]: 'store tmp%6#0 to l-stack (copy)'
debug: Replaced test_boolean_shortcircuit_binary_ops_for_body@6.ops[28]: 'load tmp%6#0' with 'load tmp%6#0 from l-stack (no copy)'
debug: Inserted test_boolean_shortcircuit_binary_ops_for_body@6.ops[12]: 'store tmp%4#0 to l-stack (copy)'
debug: Replaced test_boolean_shortcircuit_binary_ops_for_body@6.ops[18]: 'load tmp%4#0' with 'load tmp%4#0 from l-stack (no copy)'
debug: Inserted test_boolean_shortcircuit_binary_ops_for_body@6.ops[1]: 'store lhs#0 to l-stack (copy)'
debug: Replaced test_boolean_shortcircuit_binary_ops_for_body@6.ops[29]: 'load lhs#0' with 'load lhs#0 from l-stack (no copy)'
debug: Inserted test_boolean_shortcircuit_binary_ops_and_contd@7.ops[7]: 'store tmp%9#0 to l-stack (copy)'
debug: Replaced test_boolean_shortcircuit_binary_ops_and_contd@7.ops[9]: 'load tmp%9#0' with 'load tmp%9#0 from l-stack (no copy)'
debug: Inserted test_boolean_shortcircuit_binary_ops_and_contd@7.ops[3]: 'store tmp%8#0 to l-stack (copy)'
debug: Replaced test_boolean_shortcircuit_binary_ops_and_contd@7.ops[6]: 'load tmp%8#0' with 'load tmp%8#0 from l-stack (no copy)'
debug: Inserted test_boolean_shortcircuit_binary_ops_bool_true@8.ops[1]: 'store and_result%10#0 to l-stack (copy)'
debug: Replaced test_boolean_shortcircuit_binary_ops_bool_true@8.ops[3]: 'load and_result%10#0' with 'load and_result%10#0 from l-stack (no copy)'
debug: Inserted test_boolean_shortcircuit_binary_ops_bool_false@9.ops[1]: 'store and_result%10#0 to l-stack (copy)'
debug: Replaced test_boolean_shortcircuit_binary_ops_bool_false@9.ops[3]: 'load and_result%10#0' with 'load and_result%10#0 from l-stack (no copy)'
debug: Inserted test_boolean_shortcircuit_binary_ops_bool_merge@10.ops[7]: 'store tmp%12#0 to l-stack (copy)'
debug: Replaced test_boolean_shortcircuit_binary_ops_bool_merge@10.ops[9]: 'load tmp%12#0' with 'load tmp%12#0 from l-stack (no copy)'
debug: Inserted test_boolean_shortcircuit_binary_ops_bool_merge@10.ops[17]: 'store tmp%14#0 to l-stack (copy)'
debug: Replaced test_boolean_shortcircuit_binary_ops_bool_merge@10.ops[19]: 'load tmp%14#0' with 'load tmp%14#0 from l-stack (no copy)'
debug: Inserted test_boolean_shortcircuit_binary_ops_bool_merge@10.ops[37]: 'store tmp%18#0 to l-stack (copy)'
debug: Replaced test_boolean_shortcircuit_binary_ops_bool_merge@10.ops[39]: 'load tmp%18#0' with 'load tmp%18#0 from l-stack (no copy)'
debug: Inserted test_boolean_shortcircuit_binary_ops_bool_merge@10.ops[3]: 'store tmp%11#0 to l-stack (copy)'
debug: Replaced test_boolean_shortcircuit_binary_ops_bool_merge@10.ops[6]: 'load tmp%11#0' with 'load tmp%11#0 from l-stack (no copy)'
debug: Inserted test_boolean_shortcircuit_binary_ops_bool_merge@10.ops[14]: 'store tmp%13#0 to l-stack (copy)'
debug: Replaced test_boolean_shortcircuit_binary_ops_bool_merge@10.ops[17]: 'load tmp%13#0' with 'load tmp%13#0 from l-stack (no copy)'
debug: Inserted test_boolean_shortcircuit_binary_ops_bool_merge@10.ops[27]: 'store tmp%16#0 to l-stack (copy)'
debug: Replaced test_boolean_shortcircuit_binary_ops_bool_merge@10.ops[30]: 'load tmp%16#0' with 'load tmp%16#0 from l-stack (no copy)'
debug: Inserted test_boolean_shortcircuit_binary_ops_bool_merge@10.ops[32]: 'store or_msg#0 to l-stack (copy)'
debug: Replaced test_boolean_shortcircuit_binary_ops_bool_merge@10.ops[35]: 'load or_msg#0' with 'load or_msg#0 from l-stack (no copy)'
debug: Inserted test_boolean_shortcircuit_binary_ops_bool_merge@10.ops[37]: 'store tmp%17#0 to l-stack (copy)'
debug: Replaced test_boolean_shortcircuit_binary_ops_bool_merge@10.ops[40]: 'load tmp%17#0' with 'load tmp%17#0 from l-stack (no copy)'
debug: Inserted test_boolean_shortcircuit_binary_ops_bool_merge@10.ops[24]: 'store tmp%15#0 to l-stack (copy)'
debug: Replaced test_boolean_shortcircuit_binary_ops_bool_merge@10.ops[30]: 'load tmp%15#0' with 'load tmp%15#0 from l-stack (no copy)'
debug: Inserted test_boolean_shortcircuit_binary_ops_bool_merge@10.ops[1]: 'store lhs#0 to l-stack (copy)'
debug: Replaced test_boolean_shortcircuit_binary_ops_bool_merge@10.ops[13]: 'load lhs#0' with 'load lhs#0 from l-stack (no copy)'
debug: Inserted test_boolean_shortcircuit_binary_ops_bool_merge@10.ops[3]: 'store rhs#0 to l-stack (copy)'
debug: Replaced test_boolean_shortcircuit_binary_ops_bool_merge@10.ops[28]: 'load rhs#0' with 'load rhs#0 from l-stack (no copy)'
debug: Inserted test_boolean_shortcircuit_binary_ops_bool_merge@10.ops[15]: 'store lhs#0 to l-stack (copy)'
debug: Replaced test_boolean_shortcircuit_binary_ops_bool_merge@10.ops[43]: 'load lhs#0' with 'load lhs#0 from l-stack (no copy)'
debug: Inserted test_boolean_shortcircuit_binary_ops_or_contd@11.ops[7]: 'store tmp%20#0 to l-stack (copy)'
debug: Replaced test_boolean_shortcircuit_binary_ops_or_contd@11.ops[9]: 'load tmp%20#0' with 'load tmp%20#0 from l-stack (no copy)'
debug: Inserted test_boolean_shortcircuit_binary_ops_or_contd@11.ops[3]: 'store tmp%19#0 to l-stack (copy)'
debug: Replaced test_boolean_shortcircuit_binary_ops_or_contd@11.ops[6]: 'load tmp%19#0' with 'load tmp%19#0 from l-stack (no copy)'
debug: Inserted test_boolean_shortcircuit_binary_ops_bool_true@12.ops[1]: 'store or_result%21#0 to l-stack (copy)'
debug: Replaced test_boolean_shortcircuit_binary_ops_bool_true@12.ops[3]: 'load or_result%21#0' with 'load or_result%21#0 from l-stack (no copy)'
debug: Inserted test_boolean_shortcircuit_binary_ops_bool_false@13.ops[1]: 'store or_result%21#0 to l-stack (copy)'
debug: Replaced test_boolean_shortcircuit_binary_ops_bool_false@13.ops[3]: 'load or_result%21#0' with 'load or_result%21#0 from l-stack (no copy)'
debug: Inserted test_boolean_shortcircuit_binary_ops_bool_merge@14.ops[7]: 'store tmp%23#0 to l-stack (copy)'
debug: Replaced test_boolean_shortcircuit_binary_ops_bool_merge@14.ops[9]: 'load tmp%23#0' with 'load tmp%23#0 from l-stack (no copy)'
debug: Inserted test_boolean_shortcircuit_binary_ops_bool_merge@14.ops[3]: 'store tmp%22#0 to l-stack (copy)'
debug: Replaced test_boolean_shortcircuit_binary_ops_bool_merge@14.ops[6]: 'load tmp%22#0' with 'load tmp%22#0 from l-stack (no copy)'
debug: Inserted test_boolean_shortcircuit_binary_ops_bool_merge@14.ops[13]: 'store tuple_index%1#0 to l-stack (copy)'
debug: Replaced test_boolean_shortcircuit_binary_ops_bool_merge@14.ops[17]: 'load tuple_index%1#0' with 'load tuple_index%1#0 from l-stack (no copy)'
debug: Inserted test_boolean_shortcircuit_binary_ops_after_for@16.ops[1]: 'store tuple_index%0#0 to l-stack (copy)'
debug: Replaced test_boolean_shortcircuit_binary_ops_after_for@16.ops[5]: 'load tuple_index%0#0' with 'load tuple_index%0#0 from l-stack (no copy)'
debug: Found 8 edge set/s for examples.boolean_binary_ops.contract.test_boolean_shortcircuit_binary_ops
debug: Allocated 2 variable/s to x-stack: and_result#0, or_result#0
debug: shared x-stack for test_boolean_shortcircuit_binary_ops_bool_true@8 -> test_boolean_shortcircuit_binary_ops_bool_merge@10: and_result#0
debug: shared x-stack for test_boolean_shortcircuit_binary_ops_bool_false@9 -> test_boolean_shortcircuit_binary_ops_bool_merge@10: and_result#0
debug: shared x-stack for test_boolean_shortcircuit_binary_ops_bool_true@12 -> test_boolean_shortcircuit_binary_ops_bool_merge@14: or_result#0
debug: shared x-stack for test_boolean_shortcircuit_binary_ops_bool_false@13 -> test_boolean_shortcircuit_binary_ops_bool_merge@14: or_result#0
debug: examples.boolean_binary_ops.contract.test_boolean_shortcircuit_binary_ops f-stack entry: ['and_msg#0', 'or_msg#0', 'rhs#0', 'tuple_index%0#8', 'tuple_index%1#0', 'tuple_index%1#7']
debug: examples.boolean_binary_ops.contract.test_boolean_shortcircuit_binary_ops f-stack on first store: ['tuple_index%0#0', 'lhs#0']
debug: Found 2 edge set/s for examples.boolean_binary_ops.contract.bool_to_bytes
debug: Allocated 1 variable/s to x-stack: ternary_result%0#0
debug: shared x-stack for bool_to_bytes_ternary_true@1 -> bool_to_bytes_ternary_merge@3: ternary_result%0#0
debug: shared x-stack for bool_to_bytes_ternary_false@2 -> bool_to_bytes_ternary_merge@3: ternary_result%0#0
info: Writing boolean_binary_ops/out/contract.approval.teal
info: Writing boolean_binary_ops/out/contract.approval.debug.teal
info: Writing boolean_binary_ops/out/contract.clear.teal
info: Writing boolean_binary_ops/out/contract.clear.debug.teal
>> exit code = 0