>> poetry run puyapy -O1 --output-ssa-ir --output-optimization-ir --output-final-ir --output-cssa-ir --output-post-ssa-ir --output-parallel-copies-ir --out-dir=out --debug-level=1 --log-level=debug aug_ass_wit_side_efex
debug: Building AWST for __init__.py
debug: Building AWST for aug_ass_wit_side_efex
debug: Building AWST for embedded puyapy lib at <puya>/puyapy.py
debug: Building AWST for aug_ass_wit_side_efex/lol.py
aug_ass_wit_side_efex/lol.py:8 error: UNEXPECTED 
Traceback (most recent call last):
  File "<string>", line 1, in <module>
  File "<git root>/src/puya/__main__.py", line 97, in main
    compile_to_teal(options)
  File "<git root>/src/puya/compile.py", line 166, in compile_to_teal
    compiled_contracts_by_source_path = awst_to_teal(context, awst)
  File "<git root>/src/puya/compile.py", line 76, in awst_to_teal
    build_ir(context, node, module_asts)
  File "<git root>/src/puya/ir/main.py", line 47, in build_ir
    return _build_ir(ctx, contract)
           ^^^^^^^^^^^^^^^^^^^^^^^^
  File "<git root>/src/puya/ir/main.py", line 60, in _build_ir
    approval_subs_srefs = SubroutineCollector.collect(ctx, start=folded.approval_program.body)
                          ^^^^^^^^^^^^^^^^^^^^^^^^^^^^^^^^^^^^^^^^^^^^^^^^^^^^^^^^^^^^^^^^^^^^
  File "<git root>/src/puya/ir/main.py", line 266, in collect
    start.accept(collector)
  File "<git root>/src/puya/awst/nodes.py", line 204, in accept
    return visitor.visit_block(self)
           ^^^^^^^^^^^^^^^^^^^^^^^^^
  File "<git root>/src/puya/awst/function_traverser.py", line 143, in visit_block
    stmt.accept(self)
  File "<git root>/src/puya/awst/nodes.py", line 688, in accept
    return visitor.visit_assignment_statement(self)
           ^^^^^^^^^^^^^^^^^^^^^^^^^^^^^^^^^^^^^^^^
  File "<git root>/src/puya/awst/function_traverser.py", line 11, in visit_assignment_statement
    statement.value.accept(self)
  File "<git root>/src/puya/awst/nodes.py", line 1088, in accept
    return visitor.visit_new_struct(self)
           ^^^^^^^^^^^^^^^^^^^^^^^^^^^^^^
  File "<git root>/src/puya/awst/visitors.py", line 206, in visit_new_struct
    raise NotImplementedError
<git root>/examples/aug_ass_wit_side_efex/lol.py:8: NotImplementedError: 
>> exit code = 2