debug: PuyaPyOptions(output_teal=True, output_source_map=True, output_arc32=True, output_arc56=True, output_ssa_ir=True, output_optimization_ir=True, output_destructured_ir=True, output_memory_ir=True, output_bytecode=True, output_teal_intermediates=False, output_op_statistics=True, debug_level=1, optimization_level=1, target_avm_version=10, cli_template_definitions={}, template_vars_prefix='TMPL_', locals_coalescing_strategy=<LocalsCoalescingStrategy.root_operand: 'root_operand'>, _disabled_optimizations=(), expand_all_bytes=False, paths=['merkle'], output_awst=True, output_awst_json=False, output_source_annotations_json=False, output_client=True, log_level=<LogLevel.debug: 10>)
info: Found python prefix: <git root>/.venv
info: writing merkle/out/module.awst
debug: Building IR for function _puya_lib.util.ensure_budget
debug: Sealing block@0
debug: Terminated block@0
debug: Looking for 'required_budget_with_buffer' in an unsealed block creating an incomplete Phi: block@1
debug: Created Phi assignment: let required_budget_with_buffer#1: uint64 = undefined while trying to resolve 'required_budget_with_buffer' in block@1
debug: Terminated block@1
debug: Sealing block@2
debug: Looking for 'fee_source' in an unsealed block creating an incomplete Phi: block@1
debug: Created Phi assignment: let fee_source#1: uint64 = undefined while trying to resolve 'fee_source' in block@1
debug: Terminated block@2
debug: Sealing block@3
debug: Terminated block@3
debug: Sealing block@4
debug: Terminated block@4
debug: Sealing block@5
debug: Terminated block@5
debug: Sealing block@6
debug: Terminated block@6
debug: Sealing block@1
debug: Added required_budget_with_buffer#0 to Phi node: let required_budget_with_buffer#1: uint64 = φ(required_budget_with_buffer#0 <- block@0) in block@0
debug: Created Phi assignment: let required_budget_with_buffer#2: uint64 = undefined while trying to resolve 'required_budget_with_buffer' in block@6
debug: Added required_budget_with_buffer#1 to Phi node: let required_budget_with_buffer#2: uint64 = φ(required_budget_with_buffer#1 <- block@3) in block@3
debug: Added required_budget_with_buffer#1 to Phi node: let required_budget_with_buffer#2: uint64 = φ(required_budget_with_buffer#1 <- block@3, required_budget_with_buffer#1 <- block@4) in block@4
debug: Added required_budget_with_buffer#1 to Phi node: let required_budget_with_buffer#2: uint64 = φ(required_budget_with_buffer#1 <- block@3, required_budget_with_buffer#1 <- block@4, required_budget_with_buffer#1 <- block@5) in block@5
debug: Replacing trivial Phi node: let required_budget_with_buffer#2: uint64 = φ(required_budget_with_buffer#1 <- block@3, required_budget_with_buffer#1 <- block@4, required_budget_with_buffer#1 <- block@5) (required_budget_with_buffer#2) with required_budget_with_buffer#1
debug: Deleting Phi assignment: let required_budget_with_buffer#2: uint64 = φ(required_budget_with_buffer#1 <- block@3, required_budget_with_buffer#1 <- block@4, required_budget_with_buffer#1 <- block@5)
debug: Replaced trivial Phi node: let required_budget_with_buffer#2: uint64 = φ(required_budget_with_buffer#1 <- block@3, required_budget_with_buffer#1 <- block@4, required_budget_with_buffer#1 <- block@5) (required_budget_with_buffer#2) with required_budget_with_buffer#1 in current definition for 1 blocks
debug: Added required_budget_with_buffer#1 to Phi node: let required_budget_with_buffer#1: uint64 = φ(required_budget_with_buffer#0 <- block@0, required_budget_with_buffer#1 <- block@6) in block@6
debug: Replacing trivial Phi node: let required_budget_with_buffer#1: uint64 = φ(required_budget_with_buffer#0 <- block@0, required_budget_with_buffer#1 <- block@6) (required_budget_with_buffer#1) with required_budget_with_buffer#0
debug: Deleting Phi assignment: let required_budget_with_buffer#1: uint64 = φ(required_budget_with_buffer#0 <- block@0, required_budget_with_buffer#1 <- block@6)
debug: Replaced trivial Phi node: let required_budget_with_buffer#1: uint64 = φ(required_budget_with_buffer#0 <- block@0, required_budget_with_buffer#1 <- block@6) (required_budget_with_buffer#1) with required_budget_with_buffer#0 in current definition for 6 blocks
debug: Added fee_source#0 to Phi node: let fee_source#1: uint64 = φ(fee_source#0 <- block@0) in block@0
debug: Created Phi assignment: let fee_source#2: uint64 = undefined while trying to resolve 'fee_source' in block@6
debug: Added fee_source#1 to Phi node: let fee_source#2: uint64 = φ(fee_source#1 <- block@3) in block@3
debug: Added fee_source#1 to Phi node: let fee_source#2: uint64 = φ(fee_source#1 <- block@3, fee_source#1 <- block@4) in block@4
debug: Added fee_source#1 to Phi node: let fee_source#2: uint64 = φ(fee_source#1 <- block@3, fee_source#1 <- block@4, fee_source#1 <- block@5) in block@5
debug: Replacing trivial Phi node: let fee_source#2: uint64 = φ(fee_source#1 <- block@3, fee_source#1 <- block@4, fee_source#1 <- block@5) (fee_source#2) with fee_source#1
debug: Deleting Phi assignment: let fee_source#2: uint64 = φ(fee_source#1 <- block@3, fee_source#1 <- block@4, fee_source#1 <- block@5)
debug: Replaced trivial Phi node: let fee_source#2: uint64 = φ(fee_source#1 <- block@3, fee_source#1 <- block@4, fee_source#1 <- block@5) (fee_source#2) with fee_source#1 in current definition for 1 blocks
debug: Added fee_source#1 to Phi node: let fee_source#1: uint64 = φ(fee_source#0 <- block@0, fee_source#1 <- block@6) in block@6
debug: Replacing trivial Phi node: let fee_source#1: uint64 = φ(fee_source#0 <- block@0, fee_source#1 <- block@6) (fee_source#1) with fee_source#0
debug: Deleting Phi assignment: let fee_source#1: uint64 = φ(fee_source#0 <- block@0, fee_source#1 <- block@6)
debug: Replaced trivial Phi node: let fee_source#1: uint64 = φ(fee_source#0 <- block@0, fee_source#1 <- block@6) (fee_source#1) with fee_source#0 in current definition for 6 blocks
debug: Sealing block@7
debug: Terminated block@7
debug: Building IR for function _puya_lib.bytes_.is_substring
debug: Sealing block@0
debug: Terminated block@0
debug: Looking for 'start' in an unsealed block creating an incomplete Phi: block@1
debug: Created Phi assignment: let start#1: uint64 = undefined while trying to resolve 'start' in block@1
debug: Looking for 'item' in an unsealed block creating an incomplete Phi: block@1
debug: Created Phi assignment: let item#1: bytes = undefined while trying to resolve 'item' in block@1
debug: Looking for 'sequence' in an unsealed block creating an incomplete Phi: block@1
debug: Created Phi assignment: let sequence#1: bytes = undefined while trying to resolve 'sequence' in block@1
debug: Terminated block@1
debug: Sealing block@2
debug: Terminated block@2
debug: Sealing block@3
debug: Terminated block@3
debug: Sealing block@4
debug: Terminated block@4
debug: Sealing block@1
debug: Added start#0 to Phi node: let start#1: uint64 = φ(start#0 <- block@0) in block@0
debug: Added start#2 to Phi node: let start#1: uint64 = φ(start#0 <- block@0, start#2 <- block@4) in block@4
debug: Added item#0 to Phi node: let item#1: bytes = φ(item#0 <- block@0) in block@0
debug: Added item#1 to Phi node: let item#1: bytes = φ(item#0 <- block@0, item#1 <- block@4) in block@4
debug: Replacing trivial Phi node: let item#1: bytes = φ(item#0 <- block@0, item#1 <- block@4) (item#1) with item#0
debug: Deleting Phi assignment: let item#1: bytes = φ(item#0 <- block@0, item#1 <- block@4)
debug: Replaced trivial Phi node: let item#1: bytes = φ(item#0 <- block@0, item#1 <- block@4) (item#1) with item#0 in current definition for 3 blocks
debug: Added sequence#0 to Phi node: let sequence#1: bytes = φ(sequence#0 <- block@0) in block@0
debug: Added sequence#1 to Phi node: let sequence#1: bytes = φ(sequence#0 <- block@0, sequence#1 <- block@4) in block@4
debug: Replacing trivial Phi node: let sequence#1: bytes = φ(sequence#0 <- block@0, sequence#1 <- block@4) (sequence#1) with sequence#0
debug: Deleting Phi assignment: let sequence#1: bytes = φ(sequence#0 <- block@0, sequence#1 <- block@4)
debug: Replaced trivial Phi node: let sequence#1: bytes = φ(sequence#0 <- block@0, sequence#1 <- block@4) (sequence#1) with sequence#0 in current definition for 3 blocks
debug: Sealing block@5
debug: Terminated block@5
debug: Building IR for function _puya_lib.arc4.dynamic_array_pop_bit
debug: Sealing block@0
debug: Terminated block@0
debug: Building IR for function _puya_lib.arc4.dynamic_array_pop_fixed_size
debug: Sealing block@0
debug: Terminated block@0
debug: Building IR for function _puya_lib.arc4.dynamic_array_pop_byte_length_head
debug: Sealing block@0
debug: Terminated block@0
debug: Building IR for function _puya_lib.arc4.dynamic_array_pop_dynamic_element
debug: Sealing block@0
debug: Terminated block@0
debug: Looking for 'head_offset' in an unsealed block creating an incomplete Phi: block@1
debug: Created Phi assignment: let head_offset#1: uint64 = undefined while trying to resolve 'head_offset' in block@1
debug: Terminated block@1
debug: Sealing block@2
debug: Looking for 'head_and_tail' in an unsealed block creating an incomplete Phi: block@1
debug: Created Phi assignment: let head_and_tail#1: bytes = undefined while trying to resolve 'head_and_tail' in block@1
debug: Looking for 'new_head' in an unsealed block creating an incomplete Phi: block@1
debug: Created Phi assignment: let new_head#1: bytes = undefined while trying to resolve 'new_head' in block@1
debug: Terminated block@2
debug: Sealing block@3
debug: Terminated block@3
debug: Sealing block@1
debug: Added head_offset#0 to Phi node: let head_offset#1: uint64 = φ(head_offset#0 <- block@0) in block@0
debug: Added head_offset#2 to Phi node: let head_offset#1: uint64 = φ(head_offset#0 <- block@0, head_offset#2 <- block@3) in block@3
debug: Added head_and_tail#0 to Phi node: let head_and_tail#1: bytes = φ(head_and_tail#0 <- block@0) in block@0
debug: Added head_and_tail#1 to Phi node: let head_and_tail#1: bytes = φ(head_and_tail#0 <- block@0, head_and_tail#1 <- block@3) in block@3
debug: Replacing trivial Phi node: let head_and_tail#1: bytes = φ(head_and_tail#0 <- block@0, head_and_tail#1 <- block@3) (head_and_tail#1) with head_and_tail#0
debug: Deleting Phi assignment: let head_and_tail#1: bytes = φ(head_and_tail#0 <- block@0, head_and_tail#1 <- block@3)
debug: Replaced trivial Phi node: let head_and_tail#1: bytes = φ(head_and_tail#0 <- block@0, head_and_tail#1 <- block@3) (head_and_tail#1) with head_and_tail#0 in current definition for 3 blocks
debug: Added new_head#0 to Phi node: let new_head#1: bytes = φ(new_head#0 <- block@0) in block@0
debug: Added new_head#2 to Phi node: let new_head#1: bytes = φ(new_head#0 <- block@0, new_head#2 <- block@3) in block@3
debug: Sealing block@4
debug: Created Phi assignment: let length_minus_1#1: uint64 = undefined while trying to resolve 'length_minus_1' in block@1
debug: Added length_minus_1#0 to Phi node: let length_minus_1#1: uint64 = φ(length_minus_1#0 <- block@0) in block@0
debug: Added length_minus_1#1 to Phi node: let length_minus_1#1: uint64 = φ(length_minus_1#0 <- block@0, length_minus_1#1 <- block@3) in block@3
debug: Replacing trivial Phi node: let length_minus_1#1: uint64 = φ(length_minus_1#0 <- block@0, length_minus_1#1 <- block@3) (length_minus_1#1) with length_minus_1#0
debug: Deleting Phi assignment: let length_minus_1#1: uint64 = φ(length_minus_1#0 <- block@0, length_minus_1#1 <- block@3)
debug: Replaced trivial Phi node: let length_minus_1#1: uint64 = φ(length_minus_1#0 <- block@0, length_minus_1#1 <- block@3) (length_minus_1#1) with length_minus_1#0 in current definition for 3 blocks
debug: Created Phi assignment: let popped_header_offset#1: uint64 = undefined while trying to resolve 'popped_header_offset' in block@1
debug: Added popped_header_offset#0 to Phi node: let popped_header_offset#1: uint64 = φ(popped_header_offset#0 <- block@0) in block@0
debug: Added popped_header_offset#1 to Phi node: let popped_header_offset#1: uint64 = φ(popped_header_offset#0 <- block@0, popped_header_offset#1 <- block@3) in block@3
debug: Replacing trivial Phi node: let popped_header_offset#1: uint64 = φ(popped_header_offset#0 <- block@0, popped_header_offset#1 <- block@3) (popped_header_offset#1) with popped_header_offset#0
debug: Deleting Phi assignment: let popped_header_offset#1: uint64 = φ(popped_header_offset#0 <- block@0, popped_header_offset#1 <- block@3)
debug: Replaced trivial Phi node: let popped_header_offset#1: uint64 = φ(popped_header_offset#0 <- block@0, popped_header_offset#1 <- block@3) (popped_header_offset#1) with popped_header_offset#0 in current definition for 3 blocks
debug: Created Phi assignment: let popped_offset#1: uint64 = undefined while trying to resolve 'popped_offset' in block@1
debug: Added popped_offset#0 to Phi node: let popped_offset#1: uint64 = φ(popped_offset#0 <- block@0) in block@0
debug: Added popped_offset#1 to Phi node: let popped_offset#1: uint64 = φ(popped_offset#0 <- block@0, popped_offset#1 <- block@3) in block@3
debug: Replacing trivial Phi node: let popped_offset#1: uint64 = φ(popped_offset#0 <- block@0, popped_offset#1 <- block@3) (popped_offset#1) with popped_offset#0
debug: Deleting Phi assignment: let popped_offset#1: uint64 = φ(popped_offset#0 <- block@0, popped_offset#1 <- block@3)
debug: Replaced trivial Phi node: let popped_offset#1: uint64 = φ(popped_offset#0 <- block@0, popped_offset#1 <- block@3) (popped_offset#1) with popped_offset#0 in current definition for 3 blocks
debug: Created Phi assignment: let popped#1: bytes = undefined while trying to resolve 'popped' in block@1
debug: Added popped#0 to Phi node: let popped#1: bytes = φ(popped#0 <- block@0) in block@0
debug: Added popped#1 to Phi node: let popped#1: bytes = φ(popped#0 <- block@0, popped#1 <- block@3) in block@3
debug: Replacing trivial Phi node: let popped#1: bytes = φ(popped#0 <- block@0, popped#1 <- block@3) (popped#1) with popped#0
debug: Deleting Phi assignment: let popped#1: bytes = φ(popped#0 <- block@0, popped#1 <- block@3)
debug: Replaced trivial Phi node: let popped#1: bytes = φ(popped#0 <- block@0, popped#1 <- block@3) (popped#1) with popped#0 in current definition for 3 blocks
debug: Terminated block@4
debug: Building IR for function _puya_lib.arc4.dynamic_array_concat_bits
debug: Sealing block@0
debug: Terminated block@0
debug: Sealing block@1
debug: Terminated block@1
debug: Sealing block@2
debug: Created Phi assignment: let array_length#1: uint64 = undefined while trying to resolve 'array_length' in block@2
debug: Added array_length#0 to Phi node: let array_length#1: uint64 = φ(array_length#0 <- block@0) in block@0
debug: Added array_length#0 to Phi node: let array_length#1: uint64 = φ(array_length#0 <- block@0, array_length#0 <- block@1) in block@1
debug: Replacing trivial Phi node: let array_length#1: uint64 = φ(array_length#0 <- block@0, array_length#0 <- block@1) (array_length#1) with array_length#0
debug: Deleting Phi assignment: let array_length#1: uint64 = φ(array_length#0 <- block@0, array_length#0 <- block@1)
debug: Replaced trivial Phi node: let array_length#1: uint64 = φ(array_length#0 <- block@0, array_length#0 <- block@1) (array_length#1) with array_length#0 in current definition for 1 blocks
debug: Created Phi assignment: let new_items_count#1: uint64 = undefined while trying to resolve 'new_items_count' in block@2
debug: Added new_items_count#0 to Phi node: let new_items_count#1: uint64 = φ(new_items_count#0 <- block@0) in block@0
debug: Added new_items_count#0 to Phi node: let new_items_count#1: uint64 = φ(new_items_count#0 <- block@0, new_items_count#0 <- block@1) in block@1
debug: Replacing trivial Phi node: let new_items_count#1: uint64 = φ(new_items_count#0 <- block@0, new_items_count#0 <- block@1) (new_items_count#1) with new_items_count#0
debug: Deleting Phi assignment: let new_items_count#1: uint64 = φ(new_items_count#0 <- block@0, new_items_count#0 <- block@1)
debug: Replaced trivial Phi node: let new_items_count#1: uint64 = φ(new_items_count#0 <- block@0, new_items_count#0 <- block@1) (new_items_count#1) with new_items_count#0 in current definition for 1 blocks
debug: Terminated block@2
debug: Looking for 'write_offset' in an unsealed block creating an incomplete Phi: block@3
debug: Created Phi assignment: let write_offset#1: uint64 = undefined while trying to resolve 'write_offset' in block@3
debug: Looking for 'write_end' in an unsealed block creating an incomplete Phi: block@3
debug: Created Phi assignment: let write_end#1: uint64 = undefined while trying to resolve 'write_end' in block@3
debug: Terminated block@3
debug: Sealing block@4
debug: Looking for 'result' in an unsealed block creating an incomplete Phi: block@3
debug: Created Phi assignment: let result#2: bytes = undefined while trying to resolve 'result' in block@3
debug: Looking for 'new_items_bytes' in an unsealed block creating an incomplete Phi: block@3
debug: Created Phi assignment: let new_items_bytes#1: bytes = undefined while trying to resolve 'new_items_bytes' in block@3
debug: Looking for 'read_offset' in an unsealed block creating an incomplete Phi: block@3
debug: Created Phi assignment: let read_offset#1: uint64 = undefined while trying to resolve 'read_offset' in block@3
debug: Looking for 'read_step' in an unsealed block creating an incomplete Phi: block@3
debug: Created Phi assignment: let read_step#1: uint64 = undefined while trying to resolve 'read_step' in block@3
debug: Terminated block@4
debug: Sealing block@3
debug: Added write_offset#0 to Phi node: let write_offset#1: uint64 = φ(write_offset#0 <- block@2) in block@2
debug: Added write_offset#2 to Phi node: let write_offset#1: uint64 = φ(write_offset#0 <- block@2, write_offset#2 <- block@4) in block@4
debug: Added write_end#0 to Phi node: let write_end#1: uint64 = φ(write_end#0 <- block@2) in block@2
debug: Added write_end#1 to Phi node: let write_end#1: uint64 = φ(write_end#0 <- block@2, write_end#1 <- block@4) in block@4
debug: Replacing trivial Phi node: let write_end#1: uint64 = φ(write_end#0 <- block@2, write_end#1 <- block@4) (write_end#1) with write_end#0
debug: Deleting Phi assignment: let write_end#1: uint64 = φ(write_end#0 <- block@2, write_end#1 <- block@4)
debug: Replaced trivial Phi node: let write_end#1: uint64 = φ(write_end#0 <- block@2, write_end#1 <- block@4) (write_end#1) with write_end#0 in current definition for 2 blocks
debug: Created Phi assignment: let result#4: bytes = undefined while trying to resolve 'result' in block@2
debug: Added result#0 to Phi node: let result#4: bytes = φ(result#0 <- block@0) in block@0
debug: Added result#1 to Phi node: let result#4: bytes = φ(result#0 <- block@0, result#1 <- block@1) in block@1
debug: Added result#4 to Phi node: let result#2: bytes = φ(result#4 <- block@2) in block@2
debug: Added result#3 to Phi node: let result#2: bytes = φ(result#4 <- block@2, result#3 <- block@4) in block@4
debug: Created Phi assignment: let new_items_bytes#2: bytes = undefined while trying to resolve 'new_items_bytes' in block@2
debug: Added new_items_bytes#0 to Phi node: let new_items_bytes#2: bytes = φ(new_items_bytes#0 <- block@0) in block@0
debug: Added new_items_bytes#0 to Phi node: let new_items_bytes#2: bytes = φ(new_items_bytes#0 <- block@0, new_items_bytes#0 <- block@1) in block@1
debug: Replacing trivial Phi node: let new_items_bytes#2: bytes = φ(new_items_bytes#0 <- block@0, new_items_bytes#0 <- block@1) (new_items_bytes#2) with new_items_bytes#0
debug: Deleting Phi assignment: let new_items_bytes#2: bytes = φ(new_items_bytes#0 <- block@0, new_items_bytes#0 <- block@1)
debug: Replaced trivial Phi node: let new_items_bytes#2: bytes = φ(new_items_bytes#0 <- block@0, new_items_bytes#0 <- block@1) (new_items_bytes#2) with new_items_bytes#0 in current definition for 1 blocks
debug: Added new_items_bytes#0 to Phi node: let new_items_bytes#1: bytes = φ(new_items_bytes#0 <- block@2) in block@2
debug: Added new_items_bytes#1 to Phi node: let new_items_bytes#1: bytes = φ(new_items_bytes#0 <- block@2, new_items_bytes#1 <- block@4) in block@4
debug: Replacing trivial Phi node: let new_items_bytes#1: bytes = φ(new_items_bytes#0 <- block@2, new_items_bytes#1 <- block@4) (new_items_bytes#1) with new_items_bytes#0
debug: Deleting Phi assignment: let new_items_bytes#1: bytes = φ(new_items_bytes#0 <- block@2, new_items_bytes#1 <- block@4)
debug: Replaced trivial Phi node: let new_items_bytes#1: bytes = φ(new_items_bytes#0 <- block@2, new_items_bytes#1 <- block@4) (new_items_bytes#1) with new_items_bytes#0 in current definition for 2 blocks
debug: Added read_offset#0 to Phi node: let read_offset#1: uint64 = φ(read_offset#0 <- block@2) in block@2
debug: Added read_offset#2 to Phi node: let read_offset#1: uint64 = φ(read_offset#0 <- block@2, read_offset#2 <- block@4) in block@4
debug: Created Phi assignment: let read_step#2: uint64 = undefined while trying to resolve 'read_step' in block@2
debug: Added read_step#0 to Phi node: let read_step#2: uint64 = φ(read_step#0 <- block@0) in block@0
debug: Added read_step#0 to Phi node: let read_step#2: uint64 = φ(read_step#0 <- block@0, read_step#0 <- block@1) in block@1
debug: Replacing trivial Phi node: let read_step#2: uint64 = φ(read_step#0 <- block@0, read_step#0 <- block@1) (read_step#2) with read_step#0
debug: Deleting Phi assignment: let read_step#2: uint64 = φ(read_step#0 <- block@0, read_step#0 <- block@1)
debug: Replaced trivial Phi node: let read_step#2: uint64 = φ(read_step#0 <- block@0, read_step#0 <- block@1) (read_step#2) with read_step#0 in current definition for 1 blocks
debug: Added read_step#0 to Phi node: let read_step#1: uint64 = φ(read_step#0 <- block@2) in block@2
debug: Added read_step#1 to Phi node: let read_step#1: uint64 = φ(read_step#0 <- block@2, read_step#1 <- block@4) in block@4
debug: Replacing trivial Phi node: let read_step#1: uint64 = φ(read_step#0 <- block@2, read_step#1 <- block@4) (read_step#1) with read_step#0
debug: Deleting Phi assignment: let read_step#1: uint64 = φ(read_step#0 <- block@2, read_step#1 <- block@4)
debug: Replaced trivial Phi node: let read_step#1: uint64 = φ(read_step#0 <- block@2, read_step#1 <- block@4) (read_step#1) with read_step#0 in current definition for 2 blocks
debug: Sealing block@5
debug: Terminated block@5
debug: Building IR for function _puya_lib.arc4.dynamic_array_concat_byte_length_head
debug: Sealing block@0
debug: Terminated block@0
debug: Building IR for function _puya_lib.arc4.dynamic_array_concat_dynamic_element
debug: Sealing block@0
debug: Terminated block@0
debug: Looking for 'head_offset' in an unsealed block creating an incomplete Phi: block@1
debug: Created Phi assignment: let head_offset#1: uint64 = undefined while trying to resolve 'head_offset' in block@1
debug: Terminated block@1
debug: Sealing block@2
debug: Looking for 'array_head_and_tail' in an unsealed block creating an incomplete Phi: block@1
debug: Created Phi assignment: let array_head_and_tail#1: bytes = undefined while trying to resolve 'array_head_and_tail' in block@1
debug: Looking for 'new_head' in an unsealed block creating an incomplete Phi: block@1
debug: Created Phi assignment: let new_head#1: bytes = undefined while trying to resolve 'new_head' in block@1
debug: Looking for 'item_offset_adjustment' in an unsealed block creating an incomplete Phi: block@1
debug: Created Phi assignment: let item_offset_adjustment#1: uint64 = undefined while trying to resolve 'item_offset_adjustment' in block@1
debug: Terminated block@2
debug: Sealing block@3
debug: Terminated block@3
debug: Sealing block@1
debug: Added head_offset#0 to Phi node: let head_offset#1: uint64 = φ(head_offset#0 <- block@0) in block@0
debug: Added head_offset#2 to Phi node: let head_offset#1: uint64 = φ(head_offset#0 <- block@0, head_offset#2 <- block@3) in block@3
debug: Added array_head_and_tail#0 to Phi node: let array_head_and_tail#1: bytes = φ(array_head_and_tail#0 <- block@0) in block@0
debug: Added array_head_and_tail#1 to Phi node: let array_head_and_tail#1: bytes = φ(array_head_and_tail#0 <- block@0, array_head_and_tail#1 <- block@3) in block@3
debug: Replacing trivial Phi node: let array_head_and_tail#1: bytes = φ(array_head_and_tail#0 <- block@0, array_head_and_tail#1 <- block@3) (array_head_and_tail#1) with array_head_and_tail#0
debug: Deleting Phi assignment: let array_head_and_tail#1: bytes = φ(array_head_and_tail#0 <- block@0, array_head_and_tail#1 <- block@3)
debug: Replaced trivial Phi node: let array_head_and_tail#1: bytes = φ(array_head_and_tail#0 <- block@0, array_head_and_tail#1 <- block@3) (array_head_and_tail#1) with array_head_and_tail#0 in current definition for 3 blocks
debug: Added new_head#0 to Phi node: let new_head#1: bytes = φ(new_head#0 <- block@0) in block@0
debug: Added new_head#2 to Phi node: let new_head#1: bytes = φ(new_head#0 <- block@0, new_head#2 <- block@3) in block@3
debug: Added item_offset_adjustment#0 to Phi node: let item_offset_adjustment#1: uint64 = φ(item_offset_adjustment#0 <- block@0) in block@0
debug: Added item_offset_adjustment#1 to Phi node: let item_offset_adjustment#1: uint64 = φ(item_offset_adjustment#0 <- block@0, item_offset_adjustment#1 <- block@3) in block@3
debug: Replacing trivial Phi node: let item_offset_adjustment#1: uint64 = φ(item_offset_adjustment#0 <- block@0, item_offset_adjustment#1 <- block@3) (item_offset_adjustment#1) with item_offset_adjustment#0
debug: Deleting Phi assignment: let item_offset_adjustment#1: uint64 = φ(item_offset_adjustment#0 <- block@0, item_offset_adjustment#1 <- block@3)
debug: Replaced trivial Phi node: let item_offset_adjustment#1: uint64 = φ(item_offset_adjustment#0 <- block@0, item_offset_adjustment#1 <- block@3) (item_offset_adjustment#1) with item_offset_adjustment#0 in current definition for 3 blocks
debug: Sealing block@4
debug: Created Phi assignment: let new_items_count#1: uint64 = undefined while trying to resolve 'new_items_count' in block@1
debug: Added new_items_count#0 to Phi node: let new_items_count#1: uint64 = φ(new_items_count#0 <- block@0) in block@0
debug: Added new_items_count#1 to Phi node: let new_items_count#1: uint64 = φ(new_items_count#0 <- block@0, new_items_count#1 <- block@3) in block@3
debug: Replacing trivial Phi node: let new_items_count#1: uint64 = φ(new_items_count#0 <- block@0, new_items_count#1 <- block@3) (new_items_count#1) with new_items_count#0
debug: Deleting Phi assignment: let new_items_count#1: uint64 = φ(new_items_count#0 <- block@0, new_items_count#1 <- block@3)
debug: Replaced trivial Phi node: let new_items_count#1: uint64 = φ(new_items_count#0 <- block@0, new_items_count#1 <- block@3) (new_items_count#1) with new_items_count#0 in current definition for 3 blocks
debug: Terminated block@4
debug: Looking for 'head_offset' in an unsealed block creating an incomplete Phi: block@5
debug: Created Phi assignment: let head_offset#4: uint64 = undefined while trying to resolve 'head_offset' in block@5
debug: Terminated block@5
debug: Sealing block@6
debug: Looking for 'new_head_and_tail' in an unsealed block creating an incomplete Phi: block@5
debug: Created Phi assignment: let new_head_and_tail#1: bytes = undefined while trying to resolve 'new_head_and_tail' in block@5
debug: Looking for 'new_head' in an unsealed block creating an incomplete Phi: block@5
debug: Created Phi assignment: let new_head#3: bytes = undefined while trying to resolve 'new_head' in block@5
debug: Looking for 'item_offset_adjustment' in an unsealed block creating an incomplete Phi: block@5
debug: Created Phi assignment: let item_offset_adjustment#3: uint64 = undefined while trying to resolve 'item_offset_adjustment' in block@5
debug: Terminated block@6
debug: Sealing block@7
debug: Terminated block@7
debug: Sealing block@5
debug: Added head_offset#3 to Phi node: let head_offset#4: uint64 = φ(head_offset#3 <- block@4) in block@4
debug: Added head_offset#5 to Phi node: let head_offset#4: uint64 = φ(head_offset#3 <- block@4, head_offset#5 <- block@7) in block@7
debug: Created Phi assignment: let new_head_and_tail#2: bytes = undefined while trying to resolve 'new_head_and_tail' in block@1
debug: Added new_head_and_tail#0 to Phi node: let new_head_and_tail#2: bytes = φ(new_head_and_tail#0 <- block@0) in block@0
debug: Added new_head_and_tail#2 to Phi node: let new_head_and_tail#2: bytes = φ(new_head_and_tail#0 <- block@0, new_head_and_tail#2 <- block@3) in block@3
debug: Replacing trivial Phi node: let new_head_and_tail#2: bytes = φ(new_head_and_tail#0 <- block@0, new_head_and_tail#2 <- block@3) (new_head_and_tail#2) with new_head_and_tail#0
debug: Deleting Phi assignment: let new_head_and_tail#2: bytes = φ(new_head_and_tail#0 <- block@0, new_head_and_tail#2 <- block@3)
debug: Replaced trivial Phi node: let new_head_and_tail#2: bytes = φ(new_head_and_tail#0 <- block@0, new_head_and_tail#2 <- block@3) (new_head_and_tail#2) with new_head_and_tail#0 in current definition for 3 blocks
debug: Added new_head_and_tail#0 to Phi node: let new_head_and_tail#1: bytes = φ(new_head_and_tail#0 <- block@4) in block@4
debug: Added new_head_and_tail#1 to Phi node: let new_head_and_tail#1: bytes = φ(new_head_and_tail#0 <- block@4, new_head_and_tail#1 <- block@7) in block@7
debug: Replacing trivial Phi node: let new_head_and_tail#1: bytes = φ(new_head_and_tail#0 <- block@4, new_head_and_tail#1 <- block@7) (new_head_and_tail#1) with new_head_and_tail#0
debug: Deleting Phi assignment: let new_head_and_tail#1: bytes = φ(new_head_and_tail#0 <- block@4, new_head_and_tail#1 <- block@7)
debug: Replaced trivial Phi node: let new_head_and_tail#1: bytes = φ(new_head_and_tail#0 <- block@4, new_head_and_tail#1 <- block@7) (new_head_and_tail#1) with new_head_and_tail#0 in current definition for 3 blocks
debug: Added new_head#1 to Phi node: let new_head#3: bytes = φ(new_head#1 <- block@4) in block@4
debug: Added new_head#4 to Phi node: let new_head#3: bytes = φ(new_head#1 <- block@4, new_head#4 <- block@7) in block@7
debug: Added item_offset_adjustment#2 to Phi node: let item_offset_adjustment#3: uint64 = φ(item_offset_adjustment#2 <- block@4) in block@4
debug: Added item_offset_adjustment#3 to Phi node: let item_offset_adjustment#3: uint64 = φ(item_offset_adjustment#2 <- block@4, item_offset_adjustment#3 <- block@7) in block@7
debug: Replacing trivial Phi node: let item_offset_adjustment#3: uint64 = φ(item_offset_adjustment#2 <- block@4, item_offset_adjustment#3 <- block@7) (item_offset_adjustment#3) with item_offset_adjustment#2
debug: Deleting Phi assignment: let item_offset_adjustment#3: uint64 = φ(item_offset_adjustment#2 <- block@4, item_offset_adjustment#3 <- block@7)
debug: Replaced trivial Phi node: let item_offset_adjustment#3: uint64 = φ(item_offset_adjustment#2 <- block@4, item_offset_adjustment#3 <- block@7) (item_offset_adjustment#3) with item_offset_adjustment#2 in current definition for 3 blocks
debug: Sealing block@8
debug: Created Phi assignment: let array_items_count#1: uint64 = undefined while trying to resolve 'array_items_count' in block@5
debug: Created Phi assignment: let array_items_count#2: uint64 = undefined while trying to resolve 'array_items_count' in block@1
debug: Added array_items_count#0 to Phi node: let array_items_count#2: uint64 = φ(array_items_count#0 <- block@0) in block@0
debug: Added array_items_count#2 to Phi node: let array_items_count#2: uint64 = φ(array_items_count#0 <- block@0, array_items_count#2 <- block@3) in block@3
debug: Replacing trivial Phi node: let array_items_count#2: uint64 = φ(array_items_count#0 <- block@0, array_items_count#2 <- block@3) (array_items_count#2) with array_items_count#0
debug: Deleting Phi assignment: let array_items_count#2: uint64 = φ(array_items_count#0 <- block@0, array_items_count#2 <- block@3)
debug: Replaced trivial Phi node: let array_items_count#2: uint64 = φ(array_items_count#0 <- block@0, array_items_count#2 <- block@3) (array_items_count#2) with array_items_count#0 in current definition for 3 blocks
debug: Added array_items_count#0 to Phi node: let array_items_count#1: uint64 = φ(array_items_count#0 <- block@4) in block@4
debug: Added array_items_count#1 to Phi node: let array_items_count#1: uint64 = φ(array_items_count#0 <- block@4, array_items_count#1 <- block@7) in block@7
debug: Replacing trivial Phi node: let array_items_count#1: uint64 = φ(array_items_count#0 <- block@4, array_items_count#1 <- block@7) (array_items_count#1) with array_items_count#0
debug: Deleting Phi assignment: let array_items_count#1: uint64 = φ(array_items_count#0 <- block@4, array_items_count#1 <- block@7)
debug: Replaced trivial Phi node: let array_items_count#1: uint64 = φ(array_items_count#0 <- block@4, array_items_count#1 <- block@7) (array_items_count#1) with array_items_count#0 in current definition for 3 blocks
debug: Created Phi assignment: let new_items_count#2: uint64 = undefined while trying to resolve 'new_items_count' in block@5
debug: Added new_items_count#0 to Phi node: let new_items_count#2: uint64 = φ(new_items_count#0 <- block@4) in block@4
debug: Added new_items_count#2 to Phi node: let new_items_count#2: uint64 = φ(new_items_count#0 <- block@4, new_items_count#2 <- block@7) in block@7
debug: Replacing trivial Phi node: let new_items_count#2: uint64 = φ(new_items_count#0 <- block@4, new_items_count#2 <- block@7) (new_items_count#2) with new_items_count#0
debug: Deleting Phi assignment: let new_items_count#2: uint64 = φ(new_items_count#0 <- block@4, new_items_count#2 <- block@7)
debug: Replaced trivial Phi node: let new_items_count#2: uint64 = φ(new_items_count#0 <- block@4, new_items_count#2 <- block@7) (new_items_count#2) with new_items_count#0 in current definition for 3 blocks
debug: Created Phi assignment: let array_head_and_tail#2: bytes = undefined while trying to resolve 'array_head_and_tail' in block@5
debug: Added array_head_and_tail#0 to Phi node: let array_head_and_tail#2: bytes = φ(array_head_and_tail#0 <- block@4) in block@4
debug: Added array_head_and_tail#2 to Phi node: let array_head_and_tail#2: bytes = φ(array_head_and_tail#0 <- block@4, array_head_and_tail#2 <- block@7) in block@7
debug: Replacing trivial Phi node: let array_head_and_tail#2: bytes = φ(array_head_and_tail#0 <- block@4, array_head_and_tail#2 <- block@7) (array_head_and_tail#2) with array_head_and_tail#0
debug: Deleting Phi assignment: let array_head_and_tail#2: bytes = φ(array_head_and_tail#0 <- block@4, array_head_and_tail#2 <- block@7)
debug: Replaced trivial Phi node: let array_head_and_tail#2: bytes = φ(array_head_and_tail#0 <- block@4, array_head_and_tail#2 <- block@7) (array_head_and_tail#2) with array_head_and_tail#0 in current definition for 3 blocks
debug: Terminated block@8
debug: Building IR for function _puya_lib.arc4.dynamic_array_replace_byte_length_head
debug: Sealing block@0
debug: Terminated block@0
debug: Building IR for function _puya_lib.arc4.dynamic_array_replace_dynamic_element
debug: Sealing block@0
debug: Terminated block@0
debug: Building IR for function _puya_lib.arc4.static_array_replace_dynamic_element
debug: Sealing block@0
debug: Terminated block@0
debug: Looking for 'head_offset' in an unsealed block creating an incomplete Phi: block@1
debug: Created Phi assignment: let head_offset#1: uint64 = undefined while trying to resolve 'head_offset' in block@1
debug: Terminated block@1
debug: Sealing block@2
debug: Looking for 'new_head_and_tail' in an unsealed block creating an incomplete Phi: block@1
debug: Created Phi assignment: let new_head_and_tail#1: bytes = undefined while trying to resolve 'new_head_and_tail' in block@1
debug: Looking for 'new_item_length' in an unsealed block creating an incomplete Phi: block@1
debug: Created Phi assignment: let new_item_length#1: uint64 = undefined while trying to resolve 'new_item_length' in block@1
debug: Looking for 'original_item_length' in an unsealed block creating an incomplete Phi: block@1
debug: Created Phi assignment: let original_item_length#1: uint64 = undefined while trying to resolve 'original_item_length' in block@1
debug: Terminated block@2
debug: Sealing block@3
debug: Terminated block@3
debug: Sealing block@1
debug: Added head_offset#0 to Phi node: let head_offset#1: uint64 = φ(head_offset#0 <- block@0) in block@0
debug: Added head_offset#2 to Phi node: let head_offset#1: uint64 = φ(head_offset#0 <- block@0, head_offset#2 <- block@3) in block@3
debug: Added new_head_and_tail#0 to Phi node: let new_head_and_tail#1: bytes = φ(new_head_and_tail#0 <- block@0) in block@0
debug: Added new_head_and_tail#2 to Phi node: let new_head_and_tail#1: bytes = φ(new_head_and_tail#0 <- block@0, new_head_and_tail#2 <- block@3) in block@3
debug: Added new_item_length#0 to Phi node: let new_item_length#1: uint64 = φ(new_item_length#0 <- block@0) in block@0
debug: Added new_item_length#1 to Phi node: let new_item_length#1: uint64 = φ(new_item_length#0 <- block@0, new_item_length#1 <- block@3) in block@3
debug: Replacing trivial Phi node: let new_item_length#1: uint64 = φ(new_item_length#0 <- block@0, new_item_length#1 <- block@3) (new_item_length#1) with new_item_length#0
debug: Deleting Phi assignment: let new_item_length#1: uint64 = φ(new_item_length#0 <- block@0, new_item_length#1 <- block@3)
debug: Replaced trivial Phi node: let new_item_length#1: uint64 = φ(new_item_length#0 <- block@0, new_item_length#1 <- block@3) (new_item_length#1) with new_item_length#0 in current definition for 3 blocks
debug: Added original_item_length#0 to Phi node: let original_item_length#1: uint64 = φ(original_item_length#0 <- block@0) in block@0
debug: Added original_item_length#1 to Phi node: let original_item_length#1: uint64 = φ(original_item_length#0 <- block@0, original_item_length#1 <- block@3) in block@3
debug: Replacing trivial Phi node: let original_item_length#1: uint64 = φ(original_item_length#0 <- block@0, original_item_length#1 <- block@3) (original_item_length#1) with original_item_length#0
debug: Deleting Phi assignment: let original_item_length#1: uint64 = φ(original_item_length#0 <- block@0, original_item_length#1 <- block@3)
debug: Replaced trivial Phi node: let original_item_length#1: uint64 = φ(original_item_length#0 <- block@0, original_item_length#1 <- block@3) (original_item_length#1) with original_item_length#0 in current definition for 3 blocks
debug: Sealing block@4
debug: Terminated block@4
debug: Building IR for function _puya_lib.arc4.static_array_replace_byte_length_head
debug: Sealing block@0
debug: Terminated block@0
debug: Building IR for function _puya_lib.arc4.recalculate_head_for_elements_with_byte_length_head
debug: Sealing block@0
debug: Terminated block@0
debug: Looking for 'head_offset' in an unsealed block creating an incomplete Phi: block@1
debug: Created Phi assignment: let head_offset#1: uint64 = undefined while trying to resolve 'head_offset' in block@1
debug: Terminated block@1
debug: Sealing block@2
debug: Looking for 'tail_offset' in an unsealed block creating an incomplete Phi: block@1
debug: Created Phi assignment: let tail_offset#1: uint64 = undefined while trying to resolve 'tail_offset' in block@1
debug: Looking for 'array_head_and_tail' in an unsealed block creating an incomplete Phi: block@1
debug: Created Phi assignment: let array_head_and_tail#1: bytes = undefined while trying to resolve 'array_head_and_tail' in block@1
debug: Terminated block@2
debug: Sealing block@3
debug: Terminated block@3
debug: Sealing block@1
debug: Added head_offset#0 to Phi node: let head_offset#1: uint64 = φ(head_offset#0 <- block@0) in block@0
debug: Added head_offset#3 to Phi node: let head_offset#1: uint64 = φ(head_offset#0 <- block@0, head_offset#3 <- block@3) in block@3
debug: Added tail_offset#0 to Phi node: let tail_offset#1: uint64 = φ(tail_offset#0 <- block@0) in block@0
debug: Added tail_offset#2 to Phi node: let tail_offset#1: uint64 = φ(tail_offset#0 <- block@0, tail_offset#2 <- block@3) in block@3
debug: Added array_head_and_tail#0 to Phi node: let array_head_and_tail#1: bytes = φ(array_head_and_tail#0 <- block@0) in block@0
debug: Added array_head_and_tail#2 to Phi node: let array_head_and_tail#1: bytes = φ(array_head_and_tail#0 <- block@0, array_head_and_tail#2 <- block@3) in block@3
debug: Sealing block@4
debug: Terminated block@4
debug: Building IR for function examples.merkle.contract.compute_root_hash
debug: Sealing block@0
debug: Terminated block@0
debug: Looking for 'idx' in an unsealed block creating an incomplete Phi: block@1
debug: Created Phi assignment: let idx#1: uint64 = undefined while trying to resolve 'idx' in block@1
debug: Terminated block@1
debug: Sealing block@2
debug: Looking for 'computed' in an unsealed block creating an incomplete Phi: block@1
debug: Created Phi assignment: let computed#1: bytes = undefined while trying to resolve 'computed' in block@1
debug: Looking for 'proof' in an unsealed block creating an incomplete Phi: block@1
debug: Created Phi assignment: let proof#1: Encoded(len+uint8[32][]) = undefined while trying to resolve 'proof' in block@1
debug: Terminated block@2
debug: Sealing block@3
debug: Terminated block@3
debug: Sealing block@1
debug: Added idx#0 to Phi node: let idx#1: uint64 = φ(idx#0 <- block@0) in block@0
debug: Added idx#2 to Phi node: let idx#1: uint64 = φ(idx#0 <- block@0, idx#2 <- block@3) in block@3
debug: Added computed#0 to Phi node: let computed#1: bytes = φ(computed#0 <- block@0) in block@0
debug: Added computed#2 to Phi node: let computed#1: bytes = φ(computed#0 <- block@0, computed#2 <- block@3) in block@3
debug: Added proof#0 to Phi node: let proof#1: Encoded(len+uint8[32][]) = φ(proof#0 <- block@0) in block@0
debug: Added proof#1 to Phi node: let proof#1: Encoded(len+uint8[32][]) = φ(proof#0 <- block@0, proof#1 <- block@3) in block@3
debug: Replacing trivial Phi node: let proof#1: Encoded(len+uint8[32][]) = φ(proof#0 <- block@0, proof#1 <- block@3) (proof#1) with proof#0
debug: Deleting Phi assignment: let proof#1: Encoded(len+uint8[32][]) = φ(proof#0 <- block@0, proof#1 <- block@3)
debug: Replaced trivial Phi node: let proof#1: Encoded(len+uint8[32][]) = φ(proof#0 <- block@0, proof#1 <- block@3) (proof#1) with proof#0 in current definition for 3 blocks
debug: Sealing block@4
debug: Terminated block@4
debug: Building IR for function examples.merkle.contract.hash_pair
debug: Sealing block@0
debug: Terminated block@0
debug: Sealing block@1
debug: Terminated block@1
debug: Sealing block@2
debug: Terminated block@2
debug: Sealing block@3
debug: Created Phi assignment: let ternary_result%0#2: bytes = undefined while trying to resolve 'ternary_result%0' in block@3
debug: Added ternary_result%0#0 to Phi node: let ternary_result%0#2: bytes = φ(ternary_result%0#0 <- block@1) in block@1
debug: Added ternary_result%0#1 to Phi node: let ternary_result%0#2: bytes = φ(ternary_result%0#0 <- block@1, ternary_result%0#1 <- block@2) in block@2
debug: Terminated block@3
debug: Building IR for function examples.merkle.contract.MerkleTree.__puya_arc4_router__
debug: Sealing block@0
debug: Terminated block@0
debug: Sealing block@1
debug: Terminated block@1
debug: Sealing block@2
debug: Terminated block@2
debug: Sealing block@3
debug: Terminated block@3
debug: Sealing block@4
debug: Terminated block@4
debug: Sealing block@5
debug: Terminated block@5
debug: Sealing block@6
debug: Terminated block@6
debug: Sealing block@7
debug: Terminated block@7
debug: Building IR for function examples.merkle.contract.MerkleTree.create
debug: Sealing block@0
debug: Terminated block@0
debug: Building IR for function examples.merkle.contract.MerkleTree.verify
debug: Sealing block@0
debug: Terminated block@0
debug: Building IR for function algopy.arc4.ARC4Contract.approval_program
debug: Sealing block@0
debug: Terminated block@0
debug: Building IR for function algopy.arc4.ARC4Contract.clear_state_program
debug: Sealing block@0
debug: Terminated block@0
debug: Building IR for function algopy.arc4.ARC4Contract.approval_program
debug: Sealing block@0
debug: Terminated block@0
debug: removing unused subroutine _puya_lib.util.ensure_budget
debug: removing unused subroutine _puya_lib.bytes_.is_substring
debug: removing unused subroutine _puya_lib.arc4.dynamic_array_pop_bit
debug: removing unused subroutine _puya_lib.arc4.dynamic_array_pop_fixed_size
debug: removing unused subroutine _puya_lib.arc4.dynamic_array_pop_byte_length_head
debug: removing unused subroutine _puya_lib.arc4.dynamic_array_pop_dynamic_element
debug: removing unused subroutine _puya_lib.arc4.dynamic_array_concat_bits
debug: removing unused subroutine _puya_lib.arc4.dynamic_array_concat_byte_length_head
debug: removing unused subroutine _puya_lib.arc4.dynamic_array_concat_dynamic_element
debug: removing unused subroutine _puya_lib.arc4.dynamic_array_replace_byte_length_head
debug: removing unused subroutine _puya_lib.arc4.dynamic_array_replace_dynamic_element
debug: removing unused subroutine _puya_lib.arc4.static_array_replace_dynamic_element
debug: removing unused subroutine _puya_lib.arc4.static_array_replace_byte_length_head
debug: removing unused subroutine _puya_lib.arc4.recalculate_head_for_elements_with_byte_length_head
debug: removing unused subroutine algopy.arc4.ARC4Contract.approval_program
debug: removing unused subroutine algopy.arc4.ARC4Contract.clear_state_program
debug: Building IR for function algopy.arc4.ARC4Contract.clear_state_program
debug: Sealing block@0
debug: Terminated block@0
debug: removing unused subroutine _puya_lib.util.ensure_budget
debug: removing unused subroutine _puya_lib.bytes_.is_substring
debug: removing unused subroutine _puya_lib.arc4.dynamic_array_pop_bit
debug: removing unused subroutine _puya_lib.arc4.dynamic_array_pop_fixed_size
debug: removing unused subroutine _puya_lib.arc4.dynamic_array_pop_byte_length_head
debug: removing unused subroutine _puya_lib.arc4.dynamic_array_pop_dynamic_element
debug: removing unused subroutine _puya_lib.arc4.dynamic_array_concat_bits
debug: removing unused subroutine _puya_lib.arc4.dynamic_array_concat_byte_length_head
debug: removing unused subroutine _puya_lib.arc4.dynamic_array_concat_dynamic_element
debug: removing unused subroutine _puya_lib.arc4.dynamic_array_replace_byte_length_head
debug: removing unused subroutine _puya_lib.arc4.dynamic_array_replace_dynamic_element
debug: removing unused subroutine _puya_lib.arc4.static_array_replace_dynamic_element
debug: removing unused subroutine _puya_lib.arc4.static_array_replace_byte_length_head
debug: removing unused subroutine _puya_lib.arc4.recalculate_head_for_elements_with_byte_length_head
debug: removing unused subroutine examples.merkle.contract.compute_root_hash
debug: removing unused subroutine examples.merkle.contract.hash_pair
debug: removing unused subroutine examples.merkle.contract.MerkleTree.__puya_arc4_router__
debug: removing unused subroutine examples.merkle.contract.MerkleTree.create
debug: removing unused subroutine examples.merkle.contract.MerkleTree.verify
debug: removing unused subroutine algopy.arc4.ARC4Contract.approval_program
debug: removing unused subroutine algopy.arc4.ARC4Contract.clear_state_program
debug: Output IR to merkle/out/MerkleTree.ir/MerkleTree.approval.000.ssa.ir
debug: Output IR to merkle/out/MerkleTree.ir/MerkleTree.clear.000.ssa.ir
debug: optimizing approval program of examples.merkle.contract.MerkleTree at level 1
debug: Begin optimization pass 1/100
debug: marking single-use function examples.merkle.contract.compute_root_hash for inlining
debug: marking single-use function examples.merkle.contract.hash_pair for inlining
debug: Optimizing subroutine algopy.arc4.ARC4Contract.approval_program
debug: Optimizer: Perform Subroutine Inlining
debug: inlining call to examples.merkle.contract.MerkleTree.__puya_arc4_router__ in algopy.arc4.ARC4Contract.approval_program
debug: Optimizer: Split Parallel Copies
debug: Optimizer: Constant Replacer
debug: Optimizer: Copy Propagation
debug: Optimizer: Elide Itxn Field Calls
debug: Optimizer: Remove Unused Variables
debug: Optimizer: Intrinsic Simplifier
debug: Simplified (== tmp%3#0 NoOp) to (! tmp%3#0)
debug: Simplified (== tmp%5#0 0u) to (! tmp%5#0)
debug: Simplified (== tmp%7#0 NoOp) to (! tmp%7#0)
debug: Optimizer: Inner Txn Field Replacer
debug: Optimizer: Replace Compiled References
debug: Optimizer: Simplify Control Ops
debug: Optimizer: Remove Linear Jump
debug: Replaced predecessor block@1 with block@0 in block@7
debug: Replaced predecessor block@1 with block@0 in block@2
debug: Merged linear block@1 into block@0
debug: Replaced predecessor block@6 with block@5 in block@8
debug: Merged linear block@6 into block@5
debug: Optimizer: Remove Empty Blocks
debug: Removed empty block: block@5
debug: Removed empty block: block@7
debug: Optimizer: Remove Unreachable Blocks
debug: Optimizer: Repeated Expression Elimination
debug: Optimizer: Encode Decode Pair Elimination
debug: Optimizer: Merge Chained Aggregate Reads
debug: Optimizer: Replace Aggregate Box Ops
debug: Optimizer: Minimize Box Exist Asserts
debug: Optimizer: Constant Reads And Unobserved Writes Elimination
debug: Optimizing subroutine examples.merkle.contract.compute_root_hash
debug: Optimizer: Perform Subroutine Inlining
merkle/contract.py:23:20 debug: inlining call to examples.merkle.contract.hash_pair in examples.merkle.contract.compute_root_hash
debug: Optimizer: Split Parallel Copies
debug: Optimizer: Constant Replacer
debug: Optimizer: Copy Propagation
debug: Found equivalence set: proof#0, proof%out#0
debug: selected proof#0 from equivalence set
debug: Found equivalence set: leaf#0, computed#0
debug: selected leaf#0 from equivalence set
debug: Found equivalence set: computed#1, a#0, reinterpret_biguint%0#0
debug: selected computed#1 from equivalence set
debug: Found equivalence set: array_item%0#0, b#0, reinterpret_biguint%1#0
debug: selected b#0 from equivalence set
debug: Found equivalence set: tmp%1#0, tmp%0#0, computed#2
debug: selected computed#2 from equivalence set
debug: Copy propagation made 7 modifications
debug: Optimizer: Elide Itxn Field Calls
debug: Optimizer: Remove Unused Variables
debug: Removing unused variable proof%is_original#0
debug: Optimizer: Intrinsic Simplifier
debug: Optimizer: Inner Txn Field Replacer
debug: Optimizer: Replace Compiled References
debug: Optimizer: Simplify Control Ops
debug: Optimizer: Remove Linear Jump
debug: Replaced predecessor block@5 with block@2 in block@7
debug: Replaced predecessor block@5 with block@2 in block@6
debug: Merged linear block@5 into block@2
debug: Replaced predecessor block@9 with block@8 in block@3
debug: Merged linear block@9 into block@8
debug: Replaced predecessor block@3 with block@8 in block@1
debug: Merged linear block@3 into block@8
debug: Optimizer: Remove Empty Blocks
debug: Optimizer: Remove Unreachable Blocks
debug: Optimizer: Repeated Expression Elimination
debug: Optimizer: Encode Decode Pair Elimination
debug: Optimizer: Merge Chained Aggregate Reads
debug: Optimizer: Replace Aggregate Box Ops
debug: Optimizer: Minimize Box Exist Asserts
debug: Optimizer: Constant Reads And Unobserved Writes Elimination
debug: Optimizing subroutine examples.merkle.contract.hash_pair
debug: Optimizer: Perform Subroutine Inlining
debug: Optimizer: Split Parallel Copies
debug: Optimizer: Constant Replacer
debug: Optimizer: Copy Propagation
debug: Found equivalence set: a#0, reinterpret_biguint%0#0
debug: selected a#0 from equivalence set
debug: Found equivalence set: b#0, reinterpret_biguint%1#0
debug: selected b#0 from equivalence set
debug: Copy propagation made 2 modifications
debug: Optimizer: Elide Itxn Field Calls
debug: Optimizer: Remove Unused Variables
debug: Optimizer: Intrinsic Simplifier
debug: Optimizer: Inner Txn Field Replacer
debug: Optimizer: Replace Compiled References
debug: Optimizer: Simplify Control Ops
debug: Optimizer: Remove Linear Jump
debug: Optimizer: Remove Empty Blocks
debug: Optimizer: Remove Unreachable Blocks
debug: Optimizer: Repeated Expression Elimination
debug: Optimizer: Encode Decode Pair Elimination
debug: Optimizer: Merge Chained Aggregate Reads
debug: Optimizer: Replace Aggregate Box Ops
debug: Optimizer: Minimize Box Exist Asserts
debug: Optimizer: Constant Reads And Unobserved Writes Elimination
debug: Optimizing subroutine examples.merkle.contract.MerkleTree.__puya_arc4_router__
debug: Optimizer: Perform Subroutine Inlining
debug: Optimizer: Split Parallel Copies
debug: Optimizer: Constant Replacer
debug: Optimizer: Copy Propagation
debug: Optimizer: Elide Itxn Field Calls
debug: Optimizer: Remove Unused Variables
debug: Optimizer: Intrinsic Simplifier
debug: Simplified (== tmp%3#0 NoOp) to (! tmp%3#0)
debug: Simplified (== tmp%5#0 0u) to (! tmp%5#0)
debug: Simplified (== tmp%7#0 NoOp) to (! tmp%7#0)
debug: Optimizer: Inner Txn Field Replacer
debug: Optimizer: Replace Compiled References
debug: Optimizer: Simplify Control Ops
debug: Optimizer: Remove Linear Jump
debug: Replaced predecessor block@5 with block@4 in block@7
debug: Merged linear block@5 into block@4
debug: Optimizer: Remove Empty Blocks
debug: Removed empty block: block@4
debug: Removed empty block: block@6
debug: Optimizer: Remove Unreachable Blocks
debug: Optimizer: Repeated Expression Elimination
debug: Optimizer: Encode Decode Pair Elimination
debug: Optimizer: Merge Chained Aggregate Reads
debug: Optimizer: Replace Aggregate Box Ops
debug: Optimizer: Minimize Box Exist Asserts
debug: Optimizer: Constant Reads And Unobserved Writes Elimination
debug: Optimizing subroutine examples.merkle.contract.MerkleTree.create
debug: Optimizer: Perform Subroutine Inlining
debug: Optimizer: Split Parallel Copies
debug: Optimizer: Constant Replacer
debug: Optimizer: Copy Propagation
debug: Optimizer: Elide Itxn Field Calls
debug: Optimizer: Remove Unused Variables
debug: Optimizer: Intrinsic Simplifier
debug: Optimizer: Inner Txn Field Replacer
debug: Optimizer: Replace Compiled References
debug: Optimizer: Simplify Control Ops
debug: Optimizer: Remove Linear Jump
debug: Optimizer: Remove Empty Blocks
debug: Optimizer: Remove Unreachable Blocks
debug: Optimizer: Repeated Expression Elimination
debug: Optimizer: Encode Decode Pair Elimination
debug: Optimizer: Merge Chained Aggregate Reads
debug: Optimizer: Replace Aggregate Box Ops
debug: Optimizer: Minimize Box Exist Asserts
debug: Optimizer: Constant Reads And Unobserved Writes Elimination
debug: Optimizing subroutine examples.merkle.contract.MerkleTree.verify
debug: Optimizer: Perform Subroutine Inlining
merkle/contract.py:16:29 debug: inlining call to examples.merkle.contract.compute_root_hash in examples.merkle.contract.MerkleTree.verify
debug: Optimizer: Split Parallel Copies
debug: Optimizer: Constant Replacer
debug: Optimizer: Copy Propagation
debug: Found equivalence set: proof#0, proof#2, compute_root_hash%1#0, proof#1
debug: selected proof#0 from equivalence set
debug: Found equivalence set: leaf#0, leaf#1
debug: selected leaf#0 from equivalence set
debug: Found equivalence set: computed#1, compute_root_hash%0#0
debug: selected computed#1 from equivalence set
debug: Copy propagation made 4 modifications
debug: Optimizer: Elide Itxn Field Calls
debug: Optimizer: Remove Unused Variables
debug: Optimizer: Intrinsic Simplifier
debug: Optimizer: Inner Txn Field Replacer
debug: Optimizer: Replace Compiled References
debug: Optimizer: Simplify Control Ops
debug: Optimizer: Remove Linear Jump
debug: Replaced predecessor block@1 with block@0 in block@2
debug: Merged linear block@1 into block@0
debug: Merged linear block@8 into block@7
debug: Optimizer: Remove Empty Blocks
debug: Optimizer: Remove Unreachable Blocks
debug: Optimizer: Repeated Expression Elimination
debug: Optimizer: Encode Decode Pair Elimination
debug: Optimizer: Merge Chained Aggregate Reads
debug: Optimizer: Replace Aggregate Box Ops
debug: Optimizer: Minimize Box Exist Asserts
debug: Optimizer: Constant Reads And Unobserved Writes Elimination
debug: removing unused subroutine examples.merkle.contract.compute_root_hash
debug: removing unused subroutine examples.merkle.contract.hash_pair
debug: removing unused subroutine examples.merkle.contract.MerkleTree.__puya_arc4_router__
debug: Unused subroutines removed
debug: Output IR to merkle/out/MerkleTree.ir/MerkleTree.approval.001.ssa.opt.ir
debug: Begin optimization pass 2/100
debug: Optimizing subroutine algopy.arc4.ARC4Contract.approval_program
debug: Optimizer: Perform Subroutine Inlining
debug: Optimizer: Split Parallel Copies
debug: Optimizer: Constant Replacer
debug: Optimizer: Copy Propagation
debug: Optimizer: Elide Itxn Field Calls
debug: Optimizer: Remove Unused Variables
debug: Removing unused variable tmp%1#0
debug: Removing unused variable tmp%10#0
debug: Optimizer: Intrinsic Simplifier
debug: Optimizer: Inner Txn Field Replacer
debug: Optimizer: Replace Compiled References
debug: Optimizer: Simplify Control Ops
debug: Optimizer: Remove Linear Jump
debug: Optimizer: Remove Empty Blocks
debug: Optimizer: Remove Unreachable Blocks
debug: Optimizer: Repeated Expression Elimination
debug: Optimizer: Encode Decode Pair Elimination
debug: Optimizer: Merge Chained Aggregate Reads
debug: Optimizer: Replace Aggregate Box Ops
debug: Optimizer: Minimize Box Exist Asserts
debug: Optimizer: Constant Reads And Unobserved Writes Elimination
debug: Optimizing subroutine examples.merkle.contract.MerkleTree.create
debug: Optimizer: Perform Subroutine Inlining
debug: Optimizer: Split Parallel Copies
debug: Optimizer: Constant Replacer
debug: Optimizer: Copy Propagation
debug: Optimizer: Elide Itxn Field Calls
debug: Optimizer: Remove Unused Variables
debug: Optimizer: Intrinsic Simplifier
debug: Optimizer: Inner Txn Field Replacer
debug: Optimizer: Replace Compiled References
debug: Optimizer: Simplify Control Ops
debug: Optimizer: Remove Linear Jump
debug: Optimizer: Remove Empty Blocks
debug: Optimizer: Remove Unreachable Blocks
debug: Optimizer: Repeated Expression Elimination
debug: Optimizer: Encode Decode Pair Elimination
debug: Optimizer: Merge Chained Aggregate Reads
debug: Optimizer: Replace Aggregate Box Ops
debug: Optimizer: Minimize Box Exist Asserts
debug: Optimizer: Constant Reads And Unobserved Writes Elimination
debug: Optimizing subroutine examples.merkle.contract.MerkleTree.verify
debug: Optimizer: Perform Subroutine Inlining
debug: Optimizer: Split Parallel Copies
debug: Optimizer: Constant Replacer
debug: Optimizer: Copy Propagation
debug: Optimizer: Elide Itxn Field Calls
debug: Optimizer: Remove Unused Variables
debug: Optimizer: Intrinsic Simplifier
debug: Optimizer: Inner Txn Field Replacer
debug: Optimizer: Replace Compiled References
debug: Optimizer: Simplify Control Ops
debug: Optimizer: Remove Linear Jump
debug: Optimizer: Remove Empty Blocks
debug: Optimizer: Remove Unreachable Blocks
debug: Optimizer: Repeated Expression Elimination
debug: Optimizer: Encode Decode Pair Elimination
debug: Optimizer: Merge Chained Aggregate Reads
debug: Optimizer: Replace Aggregate Box Ops
debug: Optimizer: Minimize Box Exist Asserts
debug: Optimizer: Constant Reads And Unobserved Writes Elimination
debug: Output IR to merkle/out/MerkleTree.ir/MerkleTree.approval.002.ssa.opt.ir
debug: Begin optimization pass 3/100
debug: Optimizing subroutine algopy.arc4.ARC4Contract.approval_program
debug: Optimizer: Perform Subroutine Inlining
debug: Optimizer: Split Parallel Copies
debug: Optimizer: Constant Replacer
debug: Optimizer: Copy Propagation
debug: Optimizer: Elide Itxn Field Calls
debug: Optimizer: Remove Unused Variables
debug: Optimizer: Intrinsic Simplifier
debug: Optimizer: Inner Txn Field Replacer
debug: Optimizer: Replace Compiled References
debug: Optimizer: Simplify Control Ops
debug: Optimizer: Remove Linear Jump
debug: Optimizer: Remove Empty Blocks
debug: Optimizer: Remove Unreachable Blocks
debug: Optimizer: Repeated Expression Elimination
debug: Optimizer: Encode Decode Pair Elimination
debug: Optimizer: Merge Chained Aggregate Reads
debug: Optimizer: Replace Aggregate Box Ops
debug: Optimizer: Minimize Box Exist Asserts
debug: Optimizer: Constant Reads And Unobserved Writes Elimination
debug: Optimizing subroutine examples.merkle.contract.MerkleTree.create
debug: Optimizer: Perform Subroutine Inlining
debug: Optimizer: Split Parallel Copies
debug: Optimizer: Constant Replacer
debug: Optimizer: Copy Propagation
debug: Optimizer: Elide Itxn Field Calls
debug: Optimizer: Remove Unused Variables
debug: Optimizer: Intrinsic Simplifier
debug: Optimizer: Inner Txn Field Replacer
debug: Optimizer: Replace Compiled References
debug: Optimizer: Simplify Control Ops
debug: Optimizer: Remove Linear Jump
debug: Optimizer: Remove Empty Blocks
debug: Optimizer: Remove Unreachable Blocks
debug: Optimizer: Repeated Expression Elimination
debug: Optimizer: Encode Decode Pair Elimination
debug: Optimizer: Merge Chained Aggregate Reads
debug: Optimizer: Replace Aggregate Box Ops
debug: Optimizer: Minimize Box Exist Asserts
debug: Optimizer: Constant Reads And Unobserved Writes Elimination
debug: Optimizing subroutine examples.merkle.contract.MerkleTree.verify
debug: Optimizer: Perform Subroutine Inlining
debug: Optimizer: Split Parallel Copies
debug: Optimizer: Constant Replacer
debug: Optimizer: Copy Propagation
debug: Optimizer: Elide Itxn Field Calls
debug: Optimizer: Remove Unused Variables
debug: Optimizer: Intrinsic Simplifier
debug: Optimizer: Inner Txn Field Replacer
debug: Optimizer: Replace Compiled References
debug: Optimizer: Simplify Control Ops
debug: Optimizer: Remove Linear Jump
debug: Optimizer: Remove Empty Blocks
debug: Optimizer: Remove Unreachable Blocks
debug: Optimizer: Repeated Expression Elimination
debug: Optimizer: Encode Decode Pair Elimination
debug: Optimizer: Merge Chained Aggregate Reads
debug: Optimizer: Replace Aggregate Box Ops
debug: Optimizer: Minimize Box Exist Asserts
debug: Optimizer: Constant Reads And Unobserved Writes Elimination
debug: No optimizations performed in pass 3, ending loop
debug: optimizing clear program of examples.merkle.contract.MerkleTree at level 1
debug: Begin optimization pass 1/100
debug: Optimizing subroutine algopy.arc4.ARC4Contract.clear_state_program
debug: Optimizer: Perform Subroutine Inlining
debug: Optimizer: Split Parallel Copies
debug: Optimizer: Constant Replacer
debug: Optimizer: Copy Propagation
debug: Optimizer: Elide Itxn Field Calls
debug: Optimizer: Remove Unused Variables
debug: Optimizer: Intrinsic Simplifier
debug: Optimizer: Inner Txn Field Replacer
debug: Optimizer: Replace Compiled References
debug: Optimizer: Simplify Control Ops
debug: Optimizer: Remove Linear Jump
debug: Optimizer: Remove Empty Blocks
debug: Optimizer: Remove Unreachable Blocks
debug: Optimizer: Repeated Expression Elimination
debug: Optimizer: Encode Decode Pair Elimination
debug: Optimizer: Merge Chained Aggregate Reads
debug: Optimizer: Replace Aggregate Box Ops
debug: Optimizer: Minimize Box Exist Asserts
debug: Optimizer: Constant Reads And Unobserved Writes Elimination
debug: No optimizations performed in pass 1, ending loop
debug: lowering array IR nodes in approval program of examples.merkle.contract.MerkleTree
debug: Output IR to merkle/out/MerkleTree.ir/MerkleTree.approval.100.ssa.array.ir
debug: lowering array IR nodes in clear program of examples.merkle.contract.MerkleTree
debug: Output IR to merkle/out/MerkleTree.ir/MerkleTree.clear.100.ssa.array.ir
debug: optimizing approval program of examples.merkle.contract.MerkleTree at level 1
debug: Begin optimization pass 1/100
debug: Optimizing subroutine algopy.arc4.ARC4Contract.approval_program
debug: Optimizer: Perform Subroutine Inlining
debug: Optimizer: Split Parallel Copies
debug: Optimizer: Constant Replacer
debug: Optimizer: Copy Propagation
debug: Found equivalence set: aggregate%encoded_bool%0#1, aggregate%as_Encoded(bool8)%0#1, tmp%12#0
debug: selected aggregate%encoded_bool%0#1 from equivalence set
debug: Copy propagation made 1 modifications
debug: Optimizer: Elide Itxn Field Calls
debug: Optimizer: Remove Unused Variables
debug: Optimizer: Intrinsic Simplifier
debug: Optimizer: Inner Txn Field Replacer
debug: Optimizer: Replace Compiled References
debug: Optimizer: Simplify Control Ops
debug: Optimizer: Remove Linear Jump
debug: Optimizer: Remove Empty Blocks
debug: Optimizer: Remove Unreachable Blocks
debug: Optimizer: Repeated Expression Elimination
debug: Optimizer: Encode Decode Pair Elimination
debug: Optimizer: Merge Chained Aggregate Reads
debug: Optimizer: Replace Aggregate Box Ops
debug: Optimizer: Minimize Box Exist Asserts
debug: Optimizer: Constant Reads And Unobserved Writes Elimination
debug: Optimizing subroutine examples.merkle.contract.MerkleTree.create
debug: Optimizer: Perform Subroutine Inlining
debug: Optimizer: Split Parallel Copies
debug: Optimizer: Constant Replacer
debug: Optimizer: Copy Propagation
debug: Optimizer: Elide Itxn Field Calls
debug: Optimizer: Remove Unused Variables
debug: Optimizer: Intrinsic Simplifier
debug: Optimizer: Inner Txn Field Replacer
debug: Optimizer: Replace Compiled References
debug: Optimizer: Simplify Control Ops
debug: Optimizer: Remove Linear Jump
debug: Optimizer: Remove Empty Blocks
debug: Optimizer: Remove Unreachable Blocks
debug: Optimizer: Repeated Expression Elimination
debug: Optimizer: Encode Decode Pair Elimination
debug: Optimizer: Merge Chained Aggregate Reads
debug: Optimizer: Replace Aggregate Box Ops
debug: Optimizer: Minimize Box Exist Asserts
debug: Optimizer: Constant Reads And Unobserved Writes Elimination
debug: Optimizing subroutine examples.merkle.contract.MerkleTree.verify
debug: Optimizer: Perform Subroutine Inlining
debug: Optimizer: Split Parallel Copies
debug: Optimizer: Constant Replacer
debug: Optimizer: Copy Propagation
debug: Found equivalence set: aggregate%encoded_element%0#1, b#0
debug: selected b#0 from equivalence set
debug: Copy propagation made 1 modifications
debug: Optimizer: Elide Itxn Field Calls
debug: Optimizer: Remove Unused Variables
debug: Optimizer: Intrinsic Simplifier
debug: Optimizer: Inner Txn Field Replacer
debug: Optimizer: Replace Compiled References
debug: Optimizer: Simplify Control Ops
debug: Optimizer: Remove Linear Jump
debug: Optimizer: Remove Empty Blocks
debug: Optimizer: Remove Unreachable Blocks
debug: Optimizer: Repeated Expression Elimination
debug: Optimizer: Encode Decode Pair Elimination
debug: Optimizer: Merge Chained Aggregate Reads
debug: Optimizer: Replace Aggregate Box Ops
debug: Optimizer: Minimize Box Exist Asserts
debug: Optimizer: Constant Reads And Unobserved Writes Elimination
debug: Output IR to merkle/out/MerkleTree.ir/MerkleTree.approval.200.ssa.array.opt.ir
debug: Begin optimization pass 2/100
debug: Optimizing subroutine algopy.arc4.ARC4Contract.approval_program
debug: Optimizer: Perform Subroutine Inlining
debug: Optimizer: Split Parallel Copies
debug: Optimizer: Constant Replacer
debug: Optimizer: Copy Propagation
debug: Optimizer: Elide Itxn Field Calls
debug: Optimizer: Remove Unused Variables
debug: Optimizer: Intrinsic Simplifier
debug: Optimizer: Inner Txn Field Replacer
debug: Optimizer: Replace Compiled References
debug: Optimizer: Simplify Control Ops
debug: Optimizer: Remove Linear Jump
debug: Optimizer: Remove Empty Blocks
debug: Optimizer: Remove Unreachable Blocks
debug: Optimizer: Repeated Expression Elimination
debug: Optimizer: Encode Decode Pair Elimination
debug: Optimizer: Merge Chained Aggregate Reads
debug: Optimizer: Replace Aggregate Box Ops
debug: Optimizer: Minimize Box Exist Asserts
debug: Optimizer: Constant Reads And Unobserved Writes Elimination
debug: Optimizing subroutine examples.merkle.contract.MerkleTree.create
debug: Optimizer: Perform Subroutine Inlining
debug: Optimizer: Split Parallel Copies
debug: Optimizer: Constant Replacer
debug: Optimizer: Copy Propagation
debug: Optimizer: Elide Itxn Field Calls
debug: Optimizer: Remove Unused Variables
debug: Optimizer: Intrinsic Simplifier
debug: Optimizer: Inner Txn Field Replacer
debug: Optimizer: Replace Compiled References
debug: Optimizer: Simplify Control Ops
debug: Optimizer: Remove Linear Jump
debug: Optimizer: Remove Empty Blocks
debug: Optimizer: Remove Unreachable Blocks
debug: Optimizer: Repeated Expression Elimination
debug: Optimizer: Encode Decode Pair Elimination
debug: Optimizer: Merge Chained Aggregate Reads
debug: Optimizer: Replace Aggregate Box Ops
debug: Optimizer: Minimize Box Exist Asserts
debug: Optimizer: Constant Reads And Unobserved Writes Elimination
debug: Optimizing subroutine examples.merkle.contract.MerkleTree.verify
debug: Optimizer: Perform Subroutine Inlining
debug: Optimizer: Split Parallel Copies
debug: Optimizer: Constant Replacer
debug: Optimizer: Copy Propagation
debug: Optimizer: Elide Itxn Field Calls
debug: Optimizer: Remove Unused Variables
debug: Optimizer: Intrinsic Simplifier
debug: Optimizer: Inner Txn Field Replacer
debug: Optimizer: Replace Compiled References
debug: Optimizer: Simplify Control Ops
debug: Optimizer: Remove Linear Jump
debug: Optimizer: Remove Empty Blocks
debug: Optimizer: Remove Unreachable Blocks
debug: Optimizer: Repeated Expression Elimination
debug: Optimizer: Encode Decode Pair Elimination
debug: Optimizer: Merge Chained Aggregate Reads
debug: Optimizer: Replace Aggregate Box Ops
debug: Optimizer: Minimize Box Exist Asserts
debug: Optimizer: Constant Reads And Unobserved Writes Elimination
debug: No optimizations performed in pass 2, ending loop
debug: optimizing clear program of examples.merkle.contract.MerkleTree at level 1
debug: Begin optimization pass 1/100
debug: Optimizing subroutine algopy.arc4.ARC4Contract.clear_state_program
debug: Optimizer: Perform Subroutine Inlining
debug: Optimizer: Split Parallel Copies
debug: Optimizer: Constant Replacer
debug: Optimizer: Copy Propagation
debug: Optimizer: Elide Itxn Field Calls
debug: Optimizer: Remove Unused Variables
debug: Optimizer: Intrinsic Simplifier
debug: Optimizer: Inner Txn Field Replacer
debug: Optimizer: Replace Compiled References
debug: Optimizer: Simplify Control Ops
debug: Optimizer: Remove Linear Jump
debug: Optimizer: Remove Empty Blocks
debug: Optimizer: Remove Unreachable Blocks
debug: Optimizer: Repeated Expression Elimination
debug: Optimizer: Encode Decode Pair Elimination
debug: Optimizer: Merge Chained Aggregate Reads
debug: Optimizer: Replace Aggregate Box Ops
debug: Optimizer: Minimize Box Exist Asserts
debug: Optimizer: Constant Reads And Unobserved Writes Elimination
debug: No optimizations performed in pass 1, ending loop
debug: removing local static slots in approval program of examples.merkle.contract.MerkleTree
debug: auto reserving slots in algopy.arc4.ARC4Contract.approval_program, []
merkle/contract.py:10 debug: auto reserving slots in examples.merkle.contract.MerkleTree.create, []
merkle/contract.py:14 debug: auto reserving slots in examples.merkle.contract.MerkleTree.verify, []
debug: Slot allocation not required
debug: Output IR to merkle/out/MerkleTree.ir/MerkleTree.approval.300.ssa.slot.ir
debug: removing local static slots in clear program of examples.merkle.contract.MerkleTree
debug: auto reserving slots in algopy.arc4.ARC4Contract.clear_state_program, []
debug: Slot allocation not required
debug: Output IR to merkle/out/MerkleTree.ir/MerkleTree.clear.300.ssa.slot.ir
debug: Performing SSA IR destructuring for algopy.arc4.ARC4Contract.approval_program
debug: Converting to CSSA
debug: Removing Phi nodes
debug: Coalescing local variables in algopy.arc4.ARC4Contract.approval_program using strategy RootOperandGrouping
debug: Coalescing examples.merkle.contract.MerkleTree.__puya_arc4_router__%0#0 with [examples.merkle.contract.MerkleTree.__puya_arc4_router__%0#1, examples.merkle.contract.MerkleTree.__puya_arc4_router__%0#2]
debug: Coalescing tmp%0#0 with [tmp%0#2]
debug: Coalescing resulted in 8 replacement/s
debug: Sequentializing parallel copies in algopy.arc4.ARC4Contract.approval_program
debug: Performing post-SSA optimizations at level 1
debug: Performing SSA IR destructuring for examples.merkle.contract.MerkleTree.create
debug: Converting to CSSA
debug: Removing Phi nodes
debug: Coalescing local variables in examples.merkle.contract.MerkleTree.create using strategy RootOperandGrouping
debug: Coalescing resulted in 0 replacement/s
debug: Sequentializing parallel copies in examples.merkle.contract.MerkleTree.create
debug: Performing post-SSA optimizations at level 1
debug: Performing SSA IR destructuring for examples.merkle.contract.MerkleTree.verify
debug: Converting to CSSA
debug: Removing Phi nodes
debug: Coalescing local variables in examples.merkle.contract.MerkleTree.verify using strategy RootOperandGrouping
debug: Coalescing idx#0 with [idx#5, idx#1, idx#2]
debug: Coalescing computed#1 with [computed#4, computed#2]
debug: Coalescing tmp%0#0 with [tmp%0#2]
debug: Coalescing ternary_result%0#0 with [ternary_result%0#5, ternary_result%0#1, ternary_result%0#2]
debug: Coalescing resulted in 23 replacement/s
debug: Sequentializing parallel copies in examples.merkle.contract.MerkleTree.verify
debug: loc: {idx#0=idx#0, computed#1=None, leaf#0=leaf#0}
debug: pred: {idx#0=idx#0, computed#1=leaf#0}
debug: ready: computed#1
debug: to_do: idx#0, computed#1
debug: * avail computed#1
debug: * avail leaf#0
debug: * to_do computed#1
debug: * to_do idx#0
debug: loc: {idx#0=idx#0, computed#1=computed#1}
debug: pred: {idx#0=idx#0, computed#1=computed#1}
debug: ready: 
debug: to_do: idx#0, computed#1
debug: * to_do computed#1
debug: * to_do idx#0
debug: loc: {idx#0=idx#0, computed#1=computed#1}
debug: pred: {idx#0=idx#0, computed#1=computed#1}
debug: ready: 
debug: to_do: idx#0, computed#1
debug: * to_do computed#1
debug: * to_do idx#0
debug: Performing post-SSA optimizations at level 1
debug: Output IR to merkle/out/MerkleTree.ir/MerkleTree.approval.400.destructured.ir
debug: Performing SSA IR destructuring for algopy.arc4.ARC4Contract.clear_state_program
debug: Converting to CSSA
debug: Removing Phi nodes
debug: Coalescing local variables in algopy.arc4.ARC4Contract.clear_state_program using strategy RootOperandGrouping
debug: Coalescing resulted in 0 replacement/s
debug: Sequentializing parallel copies in algopy.arc4.ARC4Contract.clear_state_program
debug: Performing post-SSA optimizations at level 1
debug: Output IR to merkle/out/MerkleTree.ir/MerkleTree.clear.400.destructured.ir
debug: Inserted main_block@0.ops[1]: 'l-store-copy tmp%0#1 0'
debug: Replaced main_block@0.ops[3]: 'v-load tmp%0#1' with 'l-load tmp%0#1'
debug: Inserted main_abi_routing@2.ops[1]: 'l-store-copy tmp%2#0 0'
debug: Replaced main_abi_routing@2.ops[5]: 'v-load tmp%2#0' with 'l-load tmp%2#0'
debug: Inserted main_create_route@3.ops[1]: 'l-store-copy tmp%3#0 0'
debug: Replaced main_create_route@3.ops[3]: 'v-load tmp%3#0' with 'l-load tmp%3#0'
debug: Inserted main_create_route@3.ops[5]: 'l-store-copy tmp%4#0 0'
debug: Replaced main_create_route@3.ops[7]: 'v-load tmp%4#0' with 'l-load tmp%4#0'
debug: Inserted main_create_route@3.ops[10]: 'l-store-copy tmp%5#0 0'
debug: Replaced main_create_route@3.ops[12]: 'v-load tmp%5#0' with 'l-load tmp%5#0'
debug: Inserted main_create_route@3.ops[14]: 'l-store-copy tmp%6#0 0'
debug: Replaced main_create_route@3.ops[16]: 'v-load tmp%6#0' with 'l-load tmp%6#0'
debug: Inserted main_create_route@3.ops[19]: 'l-store-copy reinterpret_Encoded(uint8[32])%0#0 0'
debug: Replaced main_create_route@3.ops[21]: 'v-load reinterpret_Encoded(uint8[32])%0#0' with 'l-load reinterpret_Encoded(uint8[32])%0#0'
debug: Inserted main_create_route@3.ops[24]: 'l-store-copy examples.merkle.contract.MerkleTree.__puya_arc4_router__%0#0 0'
debug: Replaced main_create_route@3.ops[26]: 'v-load examples.merkle.contract.MerkleTree.__puya_arc4_router__%0#0' with 'l-load examples.merkle.contract.MerkleTree.__puya_arc4_router__%0#0'
debug: Inserted main_verify_route@4.ops[1]: 'l-store-copy tmp%7#0 0'
debug: Replaced main_verify_route@4.ops[3]: 'v-load tmp%7#0' with 'l-load tmp%7#0'
debug: Inserted main_verify_route@4.ops[5]: 'l-store-copy tmp%8#0 0'
debug: Replaced main_verify_route@4.ops[7]: 'v-load tmp%8#0' with 'l-load tmp%8#0'
debug: Inserted main_verify_route@4.ops[10]: 'l-store-copy tmp%9#0 0'
debug: Replaced main_verify_route@4.ops[12]: 'v-load tmp%9#0' with 'l-load tmp%9#0'
debug: Inserted main_verify_route@4.ops[30]: 'l-store-copy tmp%13#0 0'
debug: Replaced main_verify_route@4.ops[32]: 'v-load tmp%13#0' with 'l-load tmp%13#0'
debug: Inserted main_verify_route@4.ops[35]: 'l-store-copy examples.merkle.contract.MerkleTree.__puya_arc4_router__%0#0 0'
debug: Replaced main_verify_route@4.ops[37]: 'v-load examples.merkle.contract.MerkleTree.__puya_arc4_router__%0#0' with 'l-load examples.merkle.contract.MerkleTree.__puya_arc4_router__%0#0'
debug: Inserted main_verify_route@4.ops[17]: 'l-store-copy reinterpret_Encoded(uint8[32])%1#0 0'
debug: Replaced main_verify_route@4.ops[20]: 'v-load reinterpret_Encoded(uint8[32])%1#0' with 'l-load reinterpret_Encoded(uint8[32])%1#0'
debug: Inserted main_verify_route@4.ops[27]: 'l-store-copy aggregate%encoded_bool%0#1 0'
debug: Replaced main_verify_route@4.ops[30]: 'v-load aggregate%encoded_bool%0#1' with 'l-load aggregate%encoded_bool%0#1'
debug: Inserted main_verify_route@4.ops[15]: 'l-store-copy reinterpret_Encoded(len+uint8[32][])%0#0 0'
debug: Replaced main_verify_route@4.ops[20]: 'v-load reinterpret_Encoded(len+uint8[32][])%0#0' with 'l-load reinterpret_Encoded(len+uint8[32][])%0#0'
debug: Inserted main_verify_route@4.ops[23]: 'l-store-copy tmp%11#0 0'
debug: Replaced main_verify_route@4.ops[27]: 'v-load tmp%11#0' with 'l-load tmp%11#0'
debug: Inserted main_after_if_else@8.ops[1]: 'l-store-copy examples.merkle.contract.MerkleTree.__puya_arc4_router__%0#0 0'
debug: Replaced main_after_if_else@8.ops[3]: 'v-load examples.merkle.contract.MerkleTree.__puya_arc4_router__%0#0' with 'l-load examples.merkle.contract.MerkleTree.__puya_arc4_router__%0#0'
debug: Inserted verify_block@0.ops[3]: 'l-store-copy maybe_exists%0#0 1'
debug: Replaced verify_block@0.ops[6]: 'v-load maybe_exists%0#0' with 'l-load maybe_exists%0#0'
debug: Inserted verify_for_header@2.ops[3]: 'l-store-copy continue_looping%0#0 0'
debug: Replaced verify_for_header@2.ops[5]: 'v-load continue_looping%0#0' with 'l-load continue_looping%0#0'
debug: Inserted verify_for_body@3.ops[15]: 'l-store-copy tmp%0#0 0'
debug: Replaced verify_for_body@3.ops[17]: 'v-load tmp%0#0' with 'l-load tmp%0#0'
debug: Inserted verify_for_body@3.ops[6]: 'l-store-copy aggregate%bytes_offset%0#1 0'
debug: Replaced verify_for_body@3.ops[9]: 'v-load aggregate%bytes_offset%0#1' with 'l-load aggregate%bytes_offset%0#1'
debug: Inserted verify_for_body@3.ops[12]: 'l-store-copy b#0 0'
debug: Replaced verify_for_body@3.ops[15]: 'v-load b#0' with 'l-load b#0'
debug: Inserted verify_for_body@3.ops[2]: 'l-store-copy aggregate%array_trimmed%0#1 0'
debug: Replaced verify_for_body@3.ops[9]: 'v-load aggregate%array_trimmed%0#1' with 'l-load aggregate%array_trimmed%0#1'
debug: Inserted verify_after_for@7.ops[3]: 'l-store-copy tmp%0#0 0'
debug: Replaced verify_after_for@7.ops[5]: 'v-load tmp%0#0' with 'l-load tmp%0#0'
debug: Found 2 edge set/s for algopy.arc4.ARC4Contract.approval_program
debug: Allocated 1 variable/s to x-stack: tmp%0#0
debug: shared x-stack for main_create_route@3 -> main_after_inlined_examples.merkle.contract.MerkleTree.__puya_arc4_router__@9: tmp%0#0
debug: shared x-stack for main_verify_route@4 -> main_after_inlined_examples.merkle.contract.MerkleTree.__puya_arc4_router__@9: tmp%0#0
debug: shared x-stack for main_after_if_else@8 -> main_after_inlined_examples.merkle.contract.MerkleTree.__puya_arc4_router__@9: tmp%0#0
debug: Found 4 edge set/s for examples.merkle.contract.MerkleTree.verify
debug: Allocated 2 variable/s to x-stack: b#0, ternary_result%0#0
debug: shared x-stack for verify_for_body@3 -> verify_ternary_true@4: b#0
debug: shared x-stack for verify_for_body@3 -> verify_ternary_false@5: b#0
debug: shared x-stack for verify_ternary_true@4 -> verify_ternary_merge@6: ternary_result%0#0
debug: shared x-stack for verify_ternary_false@5 -> verify_ternary_merge@6: ternary_result%0#0
debug: examples.merkle.contract.MerkleTree.verify f-stack entry: []
debug: examples.merkle.contract.MerkleTree.verify f-stack on first store: ['maybe_value%0#0', 'array_length%0#0', 'idx#0', 'computed#1']
debug: optimizing TEAL subroutine ops algopy.arc4.ARC4Contract.approval_program() -> uint64:
merkle/contract.py:10 debug: optimizing TEAL subroutine ops examples.merkle.contract.MerkleTree.create(root: bytes) -> void:
merkle/contract.py:14 debug: optimizing TEAL subroutine ops examples.merkle.contract.MerkleTree.verify(proof: bytes, leaf: bytes) -> uint64:
debug: optimizing TEAL subroutine blocks algopy.arc4.ARC4Contract.approval_program() -> uint64:
debug: replacing `b main_after_inlined_examples.merkle.contract.MerkleTree.__puya_arc4_router__@9` with `return`
debug: replacing `b main_after_inlined_examples.merkle.contract.MerkleTree.__puya_arc4_router__@9` with `return`
debug: inlining single reference block main_block@0 into main
debug: inlining single reference block main_abi_routing@2 into main
debug: inlining single reference block main_after_inlined_examples.merkle.contract.MerkleTree.__puya_arc4_router__@9 into main_after_if_else@8
debug: removing explicit jump to fall-through block main_after_if_else@8
merkle/contract.py:10 debug: optimizing TEAL subroutine blocks examples.merkle.contract.MerkleTree.create(root: bytes) -> void:
debug: inlining single reference block create_block@0 into create
merkle/contract.py:14 debug: optimizing TEAL subroutine blocks examples.merkle.contract.MerkleTree.verify(proof: bytes, leaf: bytes) -> uint64:
debug: inlining single reference block verify_block@0 into verify
debug: inlining single reference block verify_for_body@3 into verify_for_header@2
debug: inlining single reference block verify_ternary_true@4 into verify_for_header@2
debug: removing explicit jump to fall-through block verify_for_header@2
debug: removing explicit jump to fall-through block verify_ternary_merge@6
debug: optimizing TEAL subroutine ops algopy.arc4.ARC4Contract.clear_state_program() -> uint64:
debug: optimizing TEAL subroutine blocks algopy.arc4.ARC4Contract.clear_state_program() -> uint64:
debug: inlining single reference block main_block@0 into main
info: Writing merkle/out/MerkleTree.arc32.json
info: Writing merkle/out/MerkleTree.arc56.json
info: Writing merkle/out/MerkleTree.approval.teal
info: Writing merkle/out/MerkleTree.clear.teal
info: Writing merkle/out/MerkleTree.approval.bin
info: Writing merkle/out/MerkleTree.clear.bin
info: Writing merkle/out/MerkleTree.approval.stats.txt
info: Writing merkle/out/MerkleTree.clear.stats.txt
info: Writing merkle/out/MerkleTree.approval.puya.map
info: Writing merkle/out/MerkleTree.clear.puya.map
info: writing merkle/out/client_MerkleTree.py