debug: PuyaPyOptions(output_teal=True, output_source_map=True, output_arc32=False, output_arc56=False, output_ssa_ir=False, output_optimization_ir=False, output_destructured_ir=True, output_memory_ir=False, output_bytecode=True, output_teal_intermediates=False, debug_level=1, optimization_level=0, target_avm_version=10, cli_template_definitions={}, template_vars_prefix='TMPL_', locals_coalescing_strategy=<LocalsCoalescingStrategy.root_operand: 'root_operand'>, _disabled_optimizations=(), paths=['merkle'], output_awst=False, output_awst_json=False, output_client=False, log_level=<LogLevel.debug: 10>)
info: Found python prefix: <git root>/.venv
debug: Building IR for function _puya_lib.util.ensure_budget
debug: Sealing block@0
debug: Terminated block@0
debug: Looking for 'required_budget_with_buffer' in an unsealed block creating an incomplete Phi: block@1
debug: Created Phi assignment: let required_budget_with_buffer#1: uint64 = undefined while trying to resolve 'required_budget_with_buffer' in block@1
debug: Terminated block@1
debug: Sealing block@2
debug: Looking for 'fee_source' in an unsealed block creating an incomplete Phi: block@1
debug: Created Phi assignment: let fee_source#1: uint64 = undefined while trying to resolve 'fee_source' in block@1
debug: Terminated block@2
debug: Sealing block@3
debug: Terminated block@3
debug: Sealing block@4
debug: Terminated block@4
debug: Sealing block@5
debug: Terminated block@5
debug: Sealing block@6
debug: Terminated block@6
debug: Sealing block@1
debug: Added required_budget_with_buffer#0 to Phi node: let required_budget_with_buffer#1: uint64 = φ(required_budget_with_buffer#0 <- block@0) in block@0
debug: Created Phi assignment: let required_budget_with_buffer#2: uint64 = undefined while trying to resolve 'required_budget_with_buffer' in block@6
debug: Added required_budget_with_buffer#1 to Phi node: let required_budget_with_buffer#2: uint64 = φ(required_budget_with_buffer#1 <- block@3) in block@3
debug: Added required_budget_with_buffer#1 to Phi node: let required_budget_with_buffer#2: uint64 = φ(required_budget_with_buffer#1 <- block@3, required_budget_with_buffer#1 <- block@4) in block@4
debug: Added required_budget_with_buffer#1 to Phi node: let required_budget_with_buffer#2: uint64 = φ(required_budget_with_buffer#1 <- block@3, required_budget_with_buffer#1 <- block@4, required_budget_with_buffer#1 <- block@5) in block@5
debug: Replacing trivial Phi node: let required_budget_with_buffer#2: uint64 = φ(required_budget_with_buffer#1 <- block@3, required_budget_with_buffer#1 <- block@4, required_budget_with_buffer#1 <- block@5) (required_budget_with_buffer#2) with required_budget_with_buffer#1
debug: Deleting Phi assignment: let required_budget_with_buffer#2: uint64 = φ(required_budget_with_buffer#1 <- block@3, required_budget_with_buffer#1 <- block@4, required_budget_with_buffer#1 <- block@5)
debug: Replaced trivial Phi node: let required_budget_with_buffer#2: uint64 = φ(required_budget_with_buffer#1 <- block@3, required_budget_with_buffer#1 <- block@4, required_budget_with_buffer#1 <- block@5) (required_budget_with_buffer#2) with required_budget_with_buffer#1 in current definition for 1 blocks
debug: Added required_budget_with_buffer#1 to Phi node: let required_budget_with_buffer#1: uint64 = φ(required_budget_with_buffer#0 <- block@0, required_budget_with_buffer#1 <- block@6) in block@6
debug: Replacing trivial Phi node: let required_budget_with_buffer#1: uint64 = φ(required_budget_with_buffer#0 <- block@0, required_budget_with_buffer#1 <- block@6) (required_budget_with_buffer#1) with required_budget_with_buffer#0
debug: Deleting Phi assignment: let required_budget_with_buffer#1: uint64 = φ(required_budget_with_buffer#0 <- block@0, required_budget_with_buffer#1 <- block@6)
debug: Replaced trivial Phi node: let required_budget_with_buffer#1: uint64 = φ(required_budget_with_buffer#0 <- block@0, required_budget_with_buffer#1 <- block@6) (required_budget_with_buffer#1) with required_budget_with_buffer#0 in current definition for 6 blocks
debug: Added fee_source#0 to Phi node: let fee_source#1: uint64 = φ(fee_source#0 <- block@0) in block@0
debug: Created Phi assignment: let fee_source#2: uint64 = undefined while trying to resolve 'fee_source' in block@6
debug: Added fee_source#1 to Phi node: let fee_source#2: uint64 = φ(fee_source#1 <- block@3) in block@3
debug: Added fee_source#1 to Phi node: let fee_source#2: uint64 = φ(fee_source#1 <- block@3, fee_source#1 <- block@4) in block@4
debug: Added fee_source#1 to Phi node: let fee_source#2: uint64 = φ(fee_source#1 <- block@3, fee_source#1 <- block@4, fee_source#1 <- block@5) in block@5
debug: Replacing trivial Phi node: let fee_source#2: uint64 = φ(fee_source#1 <- block@3, fee_source#1 <- block@4, fee_source#1 <- block@5) (fee_source#2) with fee_source#1
debug: Deleting Phi assignment: let fee_source#2: uint64 = φ(fee_source#1 <- block@3, fee_source#1 <- block@4, fee_source#1 <- block@5)
debug: Replaced trivial Phi node: let fee_source#2: uint64 = φ(fee_source#1 <- block@3, fee_source#1 <- block@4, fee_source#1 <- block@5) (fee_source#2) with fee_source#1 in current definition for 1 blocks
debug: Added fee_source#1 to Phi node: let fee_source#1: uint64 = φ(fee_source#0 <- block@0, fee_source#1 <- block@6) in block@6
debug: Replacing trivial Phi node: let fee_source#1: uint64 = φ(fee_source#0 <- block@0, fee_source#1 <- block@6) (fee_source#1) with fee_source#0
debug: Deleting Phi assignment: let fee_source#1: uint64 = φ(fee_source#0 <- block@0, fee_source#1 <- block@6)
debug: Replaced trivial Phi node: let fee_source#1: uint64 = φ(fee_source#0 <- block@0, fee_source#1 <- block@6) (fee_source#1) with fee_source#0 in current definition for 6 blocks
debug: Sealing block@7
debug: Terminated block@7
debug: Building IR for function _puya_lib.bytes_.is_substring
debug: Sealing block@0
debug: Terminated block@0
debug: Looking for 'start' in an unsealed block creating an incomplete Phi: block@1
debug: Created Phi assignment: let start#1: uint64 = undefined while trying to resolve 'start' in block@1
debug: Looking for 'item' in an unsealed block creating an incomplete Phi: block@1
debug: Created Phi assignment: let item#1: bytes = undefined while trying to resolve 'item' in block@1
debug: Looking for 'sequence' in an unsealed block creating an incomplete Phi: block@1
debug: Created Phi assignment: let sequence#1: bytes = undefined while trying to resolve 'sequence' in block@1
debug: Terminated block@1
debug: Sealing block@2
debug: Terminated block@2
debug: Sealing block@3
debug: Terminated block@3
debug: Sealing block@4
debug: Terminated block@4
debug: Sealing block@1
debug: Added start#0 to Phi node: let start#1: uint64 = φ(start#0 <- block@0) in block@0
debug: Added start#2 to Phi node: let start#1: uint64 = φ(start#0 <- block@0, start#2 <- block@4) in block@4
debug: Added item#0 to Phi node: let item#1: bytes = φ(item#0 <- block@0) in block@0
debug: Added item#1 to Phi node: let item#1: bytes = φ(item#0 <- block@0, item#1 <- block@4) in block@4
debug: Replacing trivial Phi node: let item#1: bytes = φ(item#0 <- block@0, item#1 <- block@4) (item#1) with item#0
debug: Deleting Phi assignment: let item#1: bytes = φ(item#0 <- block@0, item#1 <- block@4)
debug: Replaced trivial Phi node: let item#1: bytes = φ(item#0 <- block@0, item#1 <- block@4) (item#1) with item#0 in current definition for 3 blocks
debug: Added sequence#0 to Phi node: let sequence#1: bytes = φ(sequence#0 <- block@0) in block@0
debug: Added sequence#1 to Phi node: let sequence#1: bytes = φ(sequence#0 <- block@0, sequence#1 <- block@4) in block@4
debug: Replacing trivial Phi node: let sequence#1: bytes = φ(sequence#0 <- block@0, sequence#1 <- block@4) (sequence#1) with sequence#0
debug: Deleting Phi assignment: let sequence#1: bytes = φ(sequence#0 <- block@0, sequence#1 <- block@4)
debug: Replaced trivial Phi node: let sequence#1: bytes = φ(sequence#0 <- block@0, sequence#1 <- block@4) (sequence#1) with sequence#0 in current definition for 3 blocks
debug: Sealing block@5
debug: Terminated block@5
debug: Building IR for function _puya_lib.arc4.dynamic_array_pop_bit
debug: Sealing block@0
debug: Terminated block@0
debug: Building IR for function _puya_lib.arc4.dynamic_array_pop_fixed_size
debug: Sealing block@0
debug: Terminated block@0
debug: Building IR for function _puya_lib.arc4.dynamic_array_pop_byte_length_head
debug: Sealing block@0
debug: Terminated block@0
debug: Building IR for function _puya_lib.arc4.dynamic_array_pop_dynamic_element
debug: Sealing block@0
debug: Terminated block@0
debug: Looking for 'head_offset' in an unsealed block creating an incomplete Phi: block@1
debug: Created Phi assignment: let head_offset#1: uint64 = undefined while trying to resolve 'head_offset' in block@1
debug: Terminated block@1
debug: Sealing block@2
debug: Looking for 'head_and_tail' in an unsealed block creating an incomplete Phi: block@1
debug: Created Phi assignment: let head_and_tail#1: bytes = undefined while trying to resolve 'head_and_tail' in block@1
debug: Looking for 'new_head' in an unsealed block creating an incomplete Phi: block@1
debug: Created Phi assignment: let new_head#1: bytes = undefined while trying to resolve 'new_head' in block@1
debug: Terminated block@2
debug: Sealing block@3
debug: Terminated block@3
debug: Sealing block@1
debug: Added head_offset#0 to Phi node: let head_offset#1: uint64 = φ(head_offset#0 <- block@0) in block@0
debug: Added head_offset#2 to Phi node: let head_offset#1: uint64 = φ(head_offset#0 <- block@0, head_offset#2 <- block@3) in block@3
debug: Added head_and_tail#0 to Phi node: let head_and_tail#1: bytes = φ(head_and_tail#0 <- block@0) in block@0
debug: Added head_and_tail#1 to Phi node: let head_and_tail#1: bytes = φ(head_and_tail#0 <- block@0, head_and_tail#1 <- block@3) in block@3
debug: Replacing trivial Phi node: let head_and_tail#1: bytes = φ(head_and_tail#0 <- block@0, head_and_tail#1 <- block@3) (head_and_tail#1) with head_and_tail#0
debug: Deleting Phi assignment: let head_and_tail#1: bytes = φ(head_and_tail#0 <- block@0, head_and_tail#1 <- block@3)
debug: Replaced trivial Phi node: let head_and_tail#1: bytes = φ(head_and_tail#0 <- block@0, head_and_tail#1 <- block@3) (head_and_tail#1) with head_and_tail#0 in current definition for 3 blocks
debug: Added new_head#0 to Phi node: let new_head#1: bytes = φ(new_head#0 <- block@0) in block@0
debug: Added new_head#2 to Phi node: let new_head#1: bytes = φ(new_head#0 <- block@0, new_head#2 <- block@3) in block@3
debug: Sealing block@4
debug: Created Phi assignment: let length_minus_1#1: uint64 = undefined while trying to resolve 'length_minus_1' in block@1
debug: Added length_minus_1#0 to Phi node: let length_minus_1#1: uint64 = φ(length_minus_1#0 <- block@0) in block@0
debug: Added length_minus_1#1 to Phi node: let length_minus_1#1: uint64 = φ(length_minus_1#0 <- block@0, length_minus_1#1 <- block@3) in block@3
debug: Replacing trivial Phi node: let length_minus_1#1: uint64 = φ(length_minus_1#0 <- block@0, length_minus_1#1 <- block@3) (length_minus_1#1) with length_minus_1#0
debug: Deleting Phi assignment: let length_minus_1#1: uint64 = φ(length_minus_1#0 <- block@0, length_minus_1#1 <- block@3)
debug: Replaced trivial Phi node: let length_minus_1#1: uint64 = φ(length_minus_1#0 <- block@0, length_minus_1#1 <- block@3) (length_minus_1#1) with length_minus_1#0 in current definition for 3 blocks
debug: Created Phi assignment: let popped_header_offset#1: uint64 = undefined while trying to resolve 'popped_header_offset' in block@1
debug: Added popped_header_offset#0 to Phi node: let popped_header_offset#1: uint64 = φ(popped_header_offset#0 <- block@0) in block@0
debug: Added popped_header_offset#1 to Phi node: let popped_header_offset#1: uint64 = φ(popped_header_offset#0 <- block@0, popped_header_offset#1 <- block@3) in block@3
debug: Replacing trivial Phi node: let popped_header_offset#1: uint64 = φ(popped_header_offset#0 <- block@0, popped_header_offset#1 <- block@3) (popped_header_offset#1) with popped_header_offset#0
debug: Deleting Phi assignment: let popped_header_offset#1: uint64 = φ(popped_header_offset#0 <- block@0, popped_header_offset#1 <- block@3)
debug: Replaced trivial Phi node: let popped_header_offset#1: uint64 = φ(popped_header_offset#0 <- block@0, popped_header_offset#1 <- block@3) (popped_header_offset#1) with popped_header_offset#0 in current definition for 3 blocks
debug: Created Phi assignment: let popped_offset#1: uint64 = undefined while trying to resolve 'popped_offset' in block@1
debug: Added popped_offset#0 to Phi node: let popped_offset#1: uint64 = φ(popped_offset#0 <- block@0) in block@0
debug: Added popped_offset#1 to Phi node: let popped_offset#1: uint64 = φ(popped_offset#0 <- block@0, popped_offset#1 <- block@3) in block@3
debug: Replacing trivial Phi node: let popped_offset#1: uint64 = φ(popped_offset#0 <- block@0, popped_offset#1 <- block@3) (popped_offset#1) with popped_offset#0
debug: Deleting Phi assignment: let popped_offset#1: uint64 = φ(popped_offset#0 <- block@0, popped_offset#1 <- block@3)
debug: Replaced trivial Phi node: let popped_offset#1: uint64 = φ(popped_offset#0 <- block@0, popped_offset#1 <- block@3) (popped_offset#1) with popped_offset#0 in current definition for 3 blocks
debug: Created Phi assignment: let popped#1: bytes = undefined while trying to resolve 'popped' in block@1
debug: Added popped#0 to Phi node: let popped#1: bytes = φ(popped#0 <- block@0) in block@0
debug: Added popped#1 to Phi node: let popped#1: bytes = φ(popped#0 <- block@0, popped#1 <- block@3) in block@3
debug: Replacing trivial Phi node: let popped#1: bytes = φ(popped#0 <- block@0, popped#1 <- block@3) (popped#1) with popped#0
debug: Deleting Phi assignment: let popped#1: bytes = φ(popped#0 <- block@0, popped#1 <- block@3)
debug: Replaced trivial Phi node: let popped#1: bytes = φ(popped#0 <- block@0, popped#1 <- block@3) (popped#1) with popped#0 in current definition for 3 blocks
debug: Terminated block@4
debug: Building IR for function _puya_lib.arc4.dynamic_array_concat_bits
debug: Sealing block@0
debug: Terminated block@0
debug: Sealing block@1
debug: Terminated block@1
debug: Sealing block@2
debug: Created Phi assignment: let array_length#1: uint64 = undefined while trying to resolve 'array_length' in block@2
debug: Added array_length#0 to Phi node: let array_length#1: uint64 = φ(array_length#0 <- block@0) in block@0
debug: Added array_length#0 to Phi node: let array_length#1: uint64 = φ(array_length#0 <- block@0, array_length#0 <- block@1) in block@1
debug: Replacing trivial Phi node: let array_length#1: uint64 = φ(array_length#0 <- block@0, array_length#0 <- block@1) (array_length#1) with array_length#0
debug: Deleting Phi assignment: let array_length#1: uint64 = φ(array_length#0 <- block@0, array_length#0 <- block@1)
debug: Replaced trivial Phi node: let array_length#1: uint64 = φ(array_length#0 <- block@0, array_length#0 <- block@1) (array_length#1) with array_length#0 in current definition for 1 blocks
debug: Created Phi assignment: let new_items_count#1: uint64 = undefined while trying to resolve 'new_items_count' in block@2
debug: Added new_items_count#0 to Phi node: let new_items_count#1: uint64 = φ(new_items_count#0 <- block@0) in block@0
debug: Added new_items_count#0 to Phi node: let new_items_count#1: uint64 = φ(new_items_count#0 <- block@0, new_items_count#0 <- block@1) in block@1
debug: Replacing trivial Phi node: let new_items_count#1: uint64 = φ(new_items_count#0 <- block@0, new_items_count#0 <- block@1) (new_items_count#1) with new_items_count#0
debug: Deleting Phi assignment: let new_items_count#1: uint64 = φ(new_items_count#0 <- block@0, new_items_count#0 <- block@1)
debug: Replaced trivial Phi node: let new_items_count#1: uint64 = φ(new_items_count#0 <- block@0, new_items_count#0 <- block@1) (new_items_count#1) with new_items_count#0 in current definition for 1 blocks
debug: Terminated block@2
debug: Looking for 'write_offset' in an unsealed block creating an incomplete Phi: block@3
debug: Created Phi assignment: let write_offset#1: uint64 = undefined while trying to resolve 'write_offset' in block@3
debug: Looking for 'write_end' in an unsealed block creating an incomplete Phi: block@3
debug: Created Phi assignment: let write_end#1: uint64 = undefined while trying to resolve 'write_end' in block@3
debug: Terminated block@3
debug: Sealing block@4
debug: Looking for 'result' in an unsealed block creating an incomplete Phi: block@3
debug: Created Phi assignment: let result#2: bytes = undefined while trying to resolve 'result' in block@3
debug: Looking for 'new_items_bytes' in an unsealed block creating an incomplete Phi: block@3
debug: Created Phi assignment: let new_items_bytes#1: bytes = undefined while trying to resolve 'new_items_bytes' in block@3
debug: Looking for 'read_offset' in an unsealed block creating an incomplete Phi: block@3
debug: Created Phi assignment: let read_offset#1: uint64 = undefined while trying to resolve 'read_offset' in block@3
debug: Looking for 'read_step' in an unsealed block creating an incomplete Phi: block@3
debug: Created Phi assignment: let read_step#1: uint64 = undefined while trying to resolve 'read_step' in block@3
debug: Terminated block@4
debug: Sealing block@3
debug: Added write_offset#0 to Phi node: let write_offset#1: uint64 = φ(write_offset#0 <- block@2) in block@2
debug: Added write_offset#2 to Phi node: let write_offset#1: uint64 = φ(write_offset#0 <- block@2, write_offset#2 <- block@4) in block@4
debug: Added write_end#0 to Phi node: let write_end#1: uint64 = φ(write_end#0 <- block@2) in block@2
debug: Added write_end#1 to Phi node: let write_end#1: uint64 = φ(write_end#0 <- block@2, write_end#1 <- block@4) in block@4
debug: Replacing trivial Phi node: let write_end#1: uint64 = φ(write_end#0 <- block@2, write_end#1 <- block@4) (write_end#1) with write_end#0
debug: Deleting Phi assignment: let write_end#1: uint64 = φ(write_end#0 <- block@2, write_end#1 <- block@4)
debug: Replaced trivial Phi node: let write_end#1: uint64 = φ(write_end#0 <- block@2, write_end#1 <- block@4) (write_end#1) with write_end#0 in current definition for 2 blocks
debug: Created Phi assignment: let result#4: bytes = undefined while trying to resolve 'result' in block@2
debug: Added result#0 to Phi node: let result#4: bytes = φ(result#0 <- block@0) in block@0
debug: Added result#1 to Phi node: let result#4: bytes = φ(result#0 <- block@0, result#1 <- block@1) in block@1
debug: Added result#4 to Phi node: let result#2: bytes = φ(result#4 <- block@2) in block@2
debug: Added result#3 to Phi node: let result#2: bytes = φ(result#4 <- block@2, result#3 <- block@4) in block@4
debug: Created Phi assignment: let new_items_bytes#2: bytes = undefined while trying to resolve 'new_items_bytes' in block@2
debug: Added new_items_bytes#0 to Phi node: let new_items_bytes#2: bytes = φ(new_items_bytes#0 <- block@0) in block@0
debug: Added new_items_bytes#0 to Phi node: let new_items_bytes#2: bytes = φ(new_items_bytes#0 <- block@0, new_items_bytes#0 <- block@1) in block@1
debug: Replacing trivial Phi node: let new_items_bytes#2: bytes = φ(new_items_bytes#0 <- block@0, new_items_bytes#0 <- block@1) (new_items_bytes#2) with new_items_bytes#0
debug: Deleting Phi assignment: let new_items_bytes#2: bytes = φ(new_items_bytes#0 <- block@0, new_items_bytes#0 <- block@1)
debug: Replaced trivial Phi node: let new_items_bytes#2: bytes = φ(new_items_bytes#0 <- block@0, new_items_bytes#0 <- block@1) (new_items_bytes#2) with new_items_bytes#0 in current definition for 1 blocks
debug: Added new_items_bytes#0 to Phi node: let new_items_bytes#1: bytes = φ(new_items_bytes#0 <- block@2) in block@2
debug: Added new_items_bytes#1 to Phi node: let new_items_bytes#1: bytes = φ(new_items_bytes#0 <- block@2, new_items_bytes#1 <- block@4) in block@4
debug: Replacing trivial Phi node: let new_items_bytes#1: bytes = φ(new_items_bytes#0 <- block@2, new_items_bytes#1 <- block@4) (new_items_bytes#1) with new_items_bytes#0
debug: Deleting Phi assignment: let new_items_bytes#1: bytes = φ(new_items_bytes#0 <- block@2, new_items_bytes#1 <- block@4)
debug: Replaced trivial Phi node: let new_items_bytes#1: bytes = φ(new_items_bytes#0 <- block@2, new_items_bytes#1 <- block@4) (new_items_bytes#1) with new_items_bytes#0 in current definition for 2 blocks
debug: Added read_offset#0 to Phi node: let read_offset#1: uint64 = φ(read_offset#0 <- block@2) in block@2
debug: Added read_offset#2 to Phi node: let read_offset#1: uint64 = φ(read_offset#0 <- block@2, read_offset#2 <- block@4) in block@4
debug: Created Phi assignment: let read_step#2: uint64 = undefined while trying to resolve 'read_step' in block@2
debug: Added read_step#0 to Phi node: let read_step#2: uint64 = φ(read_step#0 <- block@0) in block@0
debug: Added read_step#0 to Phi node: let read_step#2: uint64 = φ(read_step#0 <- block@0, read_step#0 <- block@1) in block@1
debug: Replacing trivial Phi node: let read_step#2: uint64 = φ(read_step#0 <- block@0, read_step#0 <- block@1) (read_step#2) with read_step#0
debug: Deleting Phi assignment: let read_step#2: uint64 = φ(read_step#0 <- block@0, read_step#0 <- block@1)
debug: Replaced trivial Phi node: let read_step#2: uint64 = φ(read_step#0 <- block@0, read_step#0 <- block@1) (read_step#2) with read_step#0 in current definition for 1 blocks
debug: Added read_step#0 to Phi node: let read_step#1: uint64 = φ(read_step#0 <- block@2) in block@2
debug: Added read_step#1 to Phi node: let read_step#1: uint64 = φ(read_step#0 <- block@2, read_step#1 <- block@4) in block@4
debug: Replacing trivial Phi node: let read_step#1: uint64 = φ(read_step#0 <- block@2, read_step#1 <- block@4) (read_step#1) with read_step#0
debug: Deleting Phi assignment: let read_step#1: uint64 = φ(read_step#0 <- block@2, read_step#1 <- block@4)
debug: Replaced trivial Phi node: let read_step#1: uint64 = φ(read_step#0 <- block@2, read_step#1 <- block@4) (read_step#1) with read_step#0 in current definition for 2 blocks
debug: Sealing block@5
debug: Terminated block@5
debug: Building IR for function _puya_lib.arc4.dynamic_array_concat_byte_length_head
debug: Sealing block@0
debug: Terminated block@0
debug: Building IR for function _puya_lib.arc4.dynamic_array_concat_dynamic_element
debug: Sealing block@0
debug: Terminated block@0
debug: Looking for 'head_offset' in an unsealed block creating an incomplete Phi: block@1
debug: Created Phi assignment: let head_offset#1: uint64 = undefined while trying to resolve 'head_offset' in block@1
debug: Terminated block@1
debug: Sealing block@2
debug: Looking for 'array_head_and_tail' in an unsealed block creating an incomplete Phi: block@1
debug: Created Phi assignment: let array_head_and_tail#1: bytes = undefined while trying to resolve 'array_head_and_tail' in block@1
debug: Looking for 'new_head' in an unsealed block creating an incomplete Phi: block@1
debug: Created Phi assignment: let new_head#1: bytes = undefined while trying to resolve 'new_head' in block@1
debug: Looking for 'item_offset_adjustment' in an unsealed block creating an incomplete Phi: block@1
debug: Created Phi assignment: let item_offset_adjustment#1: uint64 = undefined while trying to resolve 'item_offset_adjustment' in block@1
debug: Terminated block@2
debug: Sealing block@3
debug: Terminated block@3
debug: Sealing block@1
debug: Added head_offset#0 to Phi node: let head_offset#1: uint64 = φ(head_offset#0 <- block@0) in block@0
debug: Added head_offset#2 to Phi node: let head_offset#1: uint64 = φ(head_offset#0 <- block@0, head_offset#2 <- block@3) in block@3
debug: Added array_head_and_tail#0 to Phi node: let array_head_and_tail#1: bytes = φ(array_head_and_tail#0 <- block@0) in block@0
debug: Added array_head_and_tail#1 to Phi node: let array_head_and_tail#1: bytes = φ(array_head_and_tail#0 <- block@0, array_head_and_tail#1 <- block@3) in block@3
debug: Replacing trivial Phi node: let array_head_and_tail#1: bytes = φ(array_head_and_tail#0 <- block@0, array_head_and_tail#1 <- block@3) (array_head_and_tail#1) with array_head_and_tail#0
debug: Deleting Phi assignment: let array_head_and_tail#1: bytes = φ(array_head_and_tail#0 <- block@0, array_head_and_tail#1 <- block@3)
debug: Replaced trivial Phi node: let array_head_and_tail#1: bytes = φ(array_head_and_tail#0 <- block@0, array_head_and_tail#1 <- block@3) (array_head_and_tail#1) with array_head_and_tail#0 in current definition for 3 blocks
debug: Added new_head#0 to Phi node: let new_head#1: bytes = φ(new_head#0 <- block@0) in block@0
debug: Added new_head#2 to Phi node: let new_head#1: bytes = φ(new_head#0 <- block@0, new_head#2 <- block@3) in block@3
debug: Added item_offset_adjustment#0 to Phi node: let item_offset_adjustment#1: uint64 = φ(item_offset_adjustment#0 <- block@0) in block@0
debug: Added item_offset_adjustment#1 to Phi node: let item_offset_adjustment#1: uint64 = φ(item_offset_adjustment#0 <- block@0, item_offset_adjustment#1 <- block@3) in block@3
debug: Replacing trivial Phi node: let item_offset_adjustment#1: uint64 = φ(item_offset_adjustment#0 <- block@0, item_offset_adjustment#1 <- block@3) (item_offset_adjustment#1) with item_offset_adjustment#0
debug: Deleting Phi assignment: let item_offset_adjustment#1: uint64 = φ(item_offset_adjustment#0 <- block@0, item_offset_adjustment#1 <- block@3)
debug: Replaced trivial Phi node: let item_offset_adjustment#1: uint64 = φ(item_offset_adjustment#0 <- block@0, item_offset_adjustment#1 <- block@3) (item_offset_adjustment#1) with item_offset_adjustment#0 in current definition for 3 blocks
debug: Sealing block@4
debug: Created Phi assignment: let new_items_count#1: uint64 = undefined while trying to resolve 'new_items_count' in block@1
debug: Added new_items_count#0 to Phi node: let new_items_count#1: uint64 = φ(new_items_count#0 <- block@0) in block@0
debug: Added new_items_count#1 to Phi node: let new_items_count#1: uint64 = φ(new_items_count#0 <- block@0, new_items_count#1 <- block@3) in block@3
debug: Replacing trivial Phi node: let new_items_count#1: uint64 = φ(new_items_count#0 <- block@0, new_items_count#1 <- block@3) (new_items_count#1) with new_items_count#0
debug: Deleting Phi assignment: let new_items_count#1: uint64 = φ(new_items_count#0 <- block@0, new_items_count#1 <- block@3)
debug: Replaced trivial Phi node: let new_items_count#1: uint64 = φ(new_items_count#0 <- block@0, new_items_count#1 <- block@3) (new_items_count#1) with new_items_count#0 in current definition for 3 blocks
debug: Terminated block@4
debug: Looking for 'head_offset' in an unsealed block creating an incomplete Phi: block@5
debug: Created Phi assignment: let head_offset#4: uint64 = undefined while trying to resolve 'head_offset' in block@5
debug: Terminated block@5
debug: Sealing block@6
debug: Looking for 'new_head_and_tail' in an unsealed block creating an incomplete Phi: block@5
debug: Created Phi assignment: let new_head_and_tail#1: bytes = undefined while trying to resolve 'new_head_and_tail' in block@5
debug: Looking for 'new_head' in an unsealed block creating an incomplete Phi: block@5
debug: Created Phi assignment: let new_head#3: bytes = undefined while trying to resolve 'new_head' in block@5
debug: Looking for 'item_offset_adjustment' in an unsealed block creating an incomplete Phi: block@5
debug: Created Phi assignment: let item_offset_adjustment#3: uint64 = undefined while trying to resolve 'item_offset_adjustment' in block@5
debug: Terminated block@6
debug: Sealing block@7
debug: Terminated block@7
debug: Sealing block@5
debug: Added head_offset#3 to Phi node: let head_offset#4: uint64 = φ(head_offset#3 <- block@4) in block@4
debug: Added head_offset#5 to Phi node: let head_offset#4: uint64 = φ(head_offset#3 <- block@4, head_offset#5 <- block@7) in block@7
debug: Created Phi assignment: let new_head_and_tail#2: bytes = undefined while trying to resolve 'new_head_and_tail' in block@1
debug: Added new_head_and_tail#0 to Phi node: let new_head_and_tail#2: bytes = φ(new_head_and_tail#0 <- block@0) in block@0
debug: Added new_head_and_tail#2 to Phi node: let new_head_and_tail#2: bytes = φ(new_head_and_tail#0 <- block@0, new_head_and_tail#2 <- block@3) in block@3
debug: Replacing trivial Phi node: let new_head_and_tail#2: bytes = φ(new_head_and_tail#0 <- block@0, new_head_and_tail#2 <- block@3) (new_head_and_tail#2) with new_head_and_tail#0
debug: Deleting Phi assignment: let new_head_and_tail#2: bytes = φ(new_head_and_tail#0 <- block@0, new_head_and_tail#2 <- block@3)
debug: Replaced trivial Phi node: let new_head_and_tail#2: bytes = φ(new_head_and_tail#0 <- block@0, new_head_and_tail#2 <- block@3) (new_head_and_tail#2) with new_head_and_tail#0 in current definition for 3 blocks
debug: Added new_head_and_tail#0 to Phi node: let new_head_and_tail#1: bytes = φ(new_head_and_tail#0 <- block@4) in block@4
debug: Added new_head_and_tail#1 to Phi node: let new_head_and_tail#1: bytes = φ(new_head_and_tail#0 <- block@4, new_head_and_tail#1 <- block@7) in block@7
debug: Replacing trivial Phi node: let new_head_and_tail#1: bytes = φ(new_head_and_tail#0 <- block@4, new_head_and_tail#1 <- block@7) (new_head_and_tail#1) with new_head_and_tail#0
debug: Deleting Phi assignment: let new_head_and_tail#1: bytes = φ(new_head_and_tail#0 <- block@4, new_head_and_tail#1 <- block@7)
debug: Replaced trivial Phi node: let new_head_and_tail#1: bytes = φ(new_head_and_tail#0 <- block@4, new_head_and_tail#1 <- block@7) (new_head_and_tail#1) with new_head_and_tail#0 in current definition for 3 blocks
debug: Added new_head#1 to Phi node: let new_head#3: bytes = φ(new_head#1 <- block@4) in block@4
debug: Added new_head#4 to Phi node: let new_head#3: bytes = φ(new_head#1 <- block@4, new_head#4 <- block@7) in block@7
debug: Added item_offset_adjustment#2 to Phi node: let item_offset_adjustment#3: uint64 = φ(item_offset_adjustment#2 <- block@4) in block@4
debug: Added item_offset_adjustment#3 to Phi node: let item_offset_adjustment#3: uint64 = φ(item_offset_adjustment#2 <- block@4, item_offset_adjustment#3 <- block@7) in block@7
debug: Replacing trivial Phi node: let item_offset_adjustment#3: uint64 = φ(item_offset_adjustment#2 <- block@4, item_offset_adjustment#3 <- block@7) (item_offset_adjustment#3) with item_offset_adjustment#2
debug: Deleting Phi assignment: let item_offset_adjustment#3: uint64 = φ(item_offset_adjustment#2 <- block@4, item_offset_adjustment#3 <- block@7)
debug: Replaced trivial Phi node: let item_offset_adjustment#3: uint64 = φ(item_offset_adjustment#2 <- block@4, item_offset_adjustment#3 <- block@7) (item_offset_adjustment#3) with item_offset_adjustment#2 in current definition for 3 blocks
debug: Sealing block@8
debug: Created Phi assignment: let array_items_count#1: uint64 = undefined while trying to resolve 'array_items_count' in block@5
debug: Created Phi assignment: let array_items_count#2: uint64 = undefined while trying to resolve 'array_items_count' in block@1
debug: Added array_items_count#0 to Phi node: let array_items_count#2: uint64 = φ(array_items_count#0 <- block@0) in block@0
debug: Added array_items_count#2 to Phi node: let array_items_count#2: uint64 = φ(array_items_count#0 <- block@0, array_items_count#2 <- block@3) in block@3
debug: Replacing trivial Phi node: let array_items_count#2: uint64 = φ(array_items_count#0 <- block@0, array_items_count#2 <- block@3) (array_items_count#2) with array_items_count#0
debug: Deleting Phi assignment: let array_items_count#2: uint64 = φ(array_items_count#0 <- block@0, array_items_count#2 <- block@3)
debug: Replaced trivial Phi node: let array_items_count#2: uint64 = φ(array_items_count#0 <- block@0, array_items_count#2 <- block@3) (array_items_count#2) with array_items_count#0 in current definition for 3 blocks
debug: Added array_items_count#0 to Phi node: let array_items_count#1: uint64 = φ(array_items_count#0 <- block@4) in block@4
debug: Added array_items_count#1 to Phi node: let array_items_count#1: uint64 = φ(array_items_count#0 <- block@4, array_items_count#1 <- block@7) in block@7
debug: Replacing trivial Phi node: let array_items_count#1: uint64 = φ(array_items_count#0 <- block@4, array_items_count#1 <- block@7) (array_items_count#1) with array_items_count#0
debug: Deleting Phi assignment: let array_items_count#1: uint64 = φ(array_items_count#0 <- block@4, array_items_count#1 <- block@7)
debug: Replaced trivial Phi node: let array_items_count#1: uint64 = φ(array_items_count#0 <- block@4, array_items_count#1 <- block@7) (array_items_count#1) with array_items_count#0 in current definition for 3 blocks
debug: Created Phi assignment: let new_items_count#2: uint64 = undefined while trying to resolve 'new_items_count' in block@5
debug: Added new_items_count#0 to Phi node: let new_items_count#2: uint64 = φ(new_items_count#0 <- block@4) in block@4
debug: Added new_items_count#2 to Phi node: let new_items_count#2: uint64 = φ(new_items_count#0 <- block@4, new_items_count#2 <- block@7) in block@7
debug: Replacing trivial Phi node: let new_items_count#2: uint64 = φ(new_items_count#0 <- block@4, new_items_count#2 <- block@7) (new_items_count#2) with new_items_count#0
debug: Deleting Phi assignment: let new_items_count#2: uint64 = φ(new_items_count#0 <- block@4, new_items_count#2 <- block@7)
debug: Replaced trivial Phi node: let new_items_count#2: uint64 = φ(new_items_count#0 <- block@4, new_items_count#2 <- block@7) (new_items_count#2) with new_items_count#0 in current definition for 3 blocks
debug: Created Phi assignment: let array_head_and_tail#2: bytes = undefined while trying to resolve 'array_head_and_tail' in block@5
debug: Added array_head_and_tail#0 to Phi node: let array_head_and_tail#2: bytes = φ(array_head_and_tail#0 <- block@4) in block@4
debug: Added array_head_and_tail#2 to Phi node: let array_head_and_tail#2: bytes = φ(array_head_and_tail#0 <- block@4, array_head_and_tail#2 <- block@7) in block@7
debug: Replacing trivial Phi node: let array_head_and_tail#2: bytes = φ(array_head_and_tail#0 <- block@4, array_head_and_tail#2 <- block@7) (array_head_and_tail#2) with array_head_and_tail#0
debug: Deleting Phi assignment: let array_head_and_tail#2: bytes = φ(array_head_and_tail#0 <- block@4, array_head_and_tail#2 <- block@7)
debug: Replaced trivial Phi node: let array_head_and_tail#2: bytes = φ(array_head_and_tail#0 <- block@4, array_head_and_tail#2 <- block@7) (array_head_and_tail#2) with array_head_and_tail#0 in current definition for 3 blocks
debug: Terminated block@8
debug: Building IR for function _puya_lib.arc4.dynamic_array_replace_byte_length_head
debug: Sealing block@0
debug: Terminated block@0
debug: Building IR for function _puya_lib.arc4.dynamic_array_replace_dynamic_element
debug: Sealing block@0
debug: Terminated block@0
debug: Building IR for function _puya_lib.arc4.static_array_replace_dynamic_element
debug: Sealing block@0
debug: Terminated block@0
debug: Looking for 'head_offset' in an unsealed block creating an incomplete Phi: block@1
debug: Created Phi assignment: let head_offset#1: uint64 = undefined while trying to resolve 'head_offset' in block@1
debug: Terminated block@1
debug: Sealing block@2
debug: Looking for 'new_head_and_tail' in an unsealed block creating an incomplete Phi: block@1
debug: Created Phi assignment: let new_head_and_tail#1: bytes = undefined while trying to resolve 'new_head_and_tail' in block@1
debug: Looking for 'new_item_length' in an unsealed block creating an incomplete Phi: block@1
debug: Created Phi assignment: let new_item_length#1: uint64 = undefined while trying to resolve 'new_item_length' in block@1
debug: Looking for 'original_item_length' in an unsealed block creating an incomplete Phi: block@1
debug: Created Phi assignment: let original_item_length#1: uint64 = undefined while trying to resolve 'original_item_length' in block@1
debug: Terminated block@2
debug: Sealing block@3
debug: Terminated block@3
debug: Sealing block@1
debug: Added head_offset#0 to Phi node: let head_offset#1: uint64 = φ(head_offset#0 <- block@0) in block@0
debug: Added head_offset#2 to Phi node: let head_offset#1: uint64 = φ(head_offset#0 <- block@0, head_offset#2 <- block@3) in block@3
debug: Added new_head_and_tail#0 to Phi node: let new_head_and_tail#1: bytes = φ(new_head_and_tail#0 <- block@0) in block@0
debug: Added new_head_and_tail#2 to Phi node: let new_head_and_tail#1: bytes = φ(new_head_and_tail#0 <- block@0, new_head_and_tail#2 <- block@3) in block@3
debug: Added new_item_length#0 to Phi node: let new_item_length#1: uint64 = φ(new_item_length#0 <- block@0) in block@0
debug: Added new_item_length#1 to Phi node: let new_item_length#1: uint64 = φ(new_item_length#0 <- block@0, new_item_length#1 <- block@3) in block@3
debug: Replacing trivial Phi node: let new_item_length#1: uint64 = φ(new_item_length#0 <- block@0, new_item_length#1 <- block@3) (new_item_length#1) with new_item_length#0
debug: Deleting Phi assignment: let new_item_length#1: uint64 = φ(new_item_length#0 <- block@0, new_item_length#1 <- block@3)
debug: Replaced trivial Phi node: let new_item_length#1: uint64 = φ(new_item_length#0 <- block@0, new_item_length#1 <- block@3) (new_item_length#1) with new_item_length#0 in current definition for 3 blocks
debug: Added original_item_length#0 to Phi node: let original_item_length#1: uint64 = φ(original_item_length#0 <- block@0) in block@0
debug: Added original_item_length#1 to Phi node: let original_item_length#1: uint64 = φ(original_item_length#0 <- block@0, original_item_length#1 <- block@3) in block@3
debug: Replacing trivial Phi node: let original_item_length#1: uint64 = φ(original_item_length#0 <- block@0, original_item_length#1 <- block@3) (original_item_length#1) with original_item_length#0
debug: Deleting Phi assignment: let original_item_length#1: uint64 = φ(original_item_length#0 <- block@0, original_item_length#1 <- block@3)
debug: Replaced trivial Phi node: let original_item_length#1: uint64 = φ(original_item_length#0 <- block@0, original_item_length#1 <- block@3) (original_item_length#1) with original_item_length#0 in current definition for 3 blocks
debug: Sealing block@4
debug: Terminated block@4
debug: Building IR for function _puya_lib.arc4.static_array_replace_byte_length_head
debug: Sealing block@0
debug: Terminated block@0
debug: Building IR for function _puya_lib.arc4.recalculate_head_for_elements_with_byte_length_head
debug: Sealing block@0
debug: Terminated block@0
debug: Looking for 'head_offset' in an unsealed block creating an incomplete Phi: block@1
debug: Created Phi assignment: let head_offset#1: uint64 = undefined while trying to resolve 'head_offset' in block@1
debug: Terminated block@1
debug: Sealing block@2
debug: Looking for 'tail_offset' in an unsealed block creating an incomplete Phi: block@1
debug: Created Phi assignment: let tail_offset#1: uint64 = undefined while trying to resolve 'tail_offset' in block@1
debug: Looking for 'array_head_and_tail' in an unsealed block creating an incomplete Phi: block@1
debug: Created Phi assignment: let array_head_and_tail#1: bytes = undefined while trying to resolve 'array_head_and_tail' in block@1
debug: Terminated block@2
debug: Sealing block@3
debug: Terminated block@3
debug: Sealing block@1
debug: Added head_offset#0 to Phi node: let head_offset#1: uint64 = φ(head_offset#0 <- block@0) in block@0
debug: Added head_offset#3 to Phi node: let head_offset#1: uint64 = φ(head_offset#0 <- block@0, head_offset#3 <- block@3) in block@3
debug: Added tail_offset#0 to Phi node: let tail_offset#1: uint64 = φ(tail_offset#0 <- block@0) in block@0
debug: Added tail_offset#2 to Phi node: let tail_offset#1: uint64 = φ(tail_offset#0 <- block@0, tail_offset#2 <- block@3) in block@3
debug: Added array_head_and_tail#0 to Phi node: let array_head_and_tail#1: bytes = φ(array_head_and_tail#0 <- block@0) in block@0
debug: Added array_head_and_tail#2 to Phi node: let array_head_and_tail#1: bytes = φ(array_head_and_tail#0 <- block@0, array_head_and_tail#2 <- block@3) in block@3
debug: Sealing block@4
debug: Terminated block@4
debug: Building IR for function examples.merkle.contract.compute_root_hash
debug: Sealing block@0
debug: Terminated block@0
debug: Looking for 'idx' in an unsealed block creating an incomplete Phi: block@1
debug: Created Phi assignment: let idx#1: uint64 = undefined while trying to resolve 'idx' in block@1
debug: Terminated block@1
debug: Sealing block@2
debug: Looking for 'computed' in an unsealed block creating an incomplete Phi: block@1
debug: Created Phi assignment: let computed#1: bytes = undefined while trying to resolve 'computed' in block@1
debug: Looking for 'proof' in an unsealed block creating an incomplete Phi: block@1
debug: Created Phi assignment: let proof#1: bytes = undefined while trying to resolve 'proof' in block@1
debug: Terminated block@2
debug: Sealing block@3
debug: Terminated block@3
debug: Sealing block@1
debug: Added idx#0 to Phi node: let idx#1: uint64 = φ(idx#0 <- block@0) in block@0
debug: Added idx#2 to Phi node: let idx#1: uint64 = φ(idx#0 <- block@0, idx#2 <- block@3) in block@3
debug: Added computed#0 to Phi node: let computed#1: bytes = φ(computed#0 <- block@0) in block@0
debug: Added computed#2 to Phi node: let computed#1: bytes = φ(computed#0 <- block@0, computed#2 <- block@3) in block@3
debug: Added proof#0 to Phi node: let proof#1: bytes = φ(proof#0 <- block@0) in block@0
debug: Added proof#1 to Phi node: let proof#1: bytes = φ(proof#0 <- block@0, proof#1 <- block@3) in block@3
debug: Replacing trivial Phi node: let proof#1: bytes = φ(proof#0 <- block@0, proof#1 <- block@3) (proof#1) with proof#0
debug: Deleting Phi assignment: let proof#1: bytes = φ(proof#0 <- block@0, proof#1 <- block@3)
debug: Replaced trivial Phi node: let proof#1: bytes = φ(proof#0 <- block@0, proof#1 <- block@3) (proof#1) with proof#0 in current definition for 3 blocks
debug: Sealing block@4
debug: Terminated block@4
debug: Building IR for function examples.merkle.contract.hash_pair
debug: Sealing block@0
debug: Terminated block@0
debug: Sealing block@1
debug: Terminated block@1
debug: Sealing block@2
debug: Terminated block@2
debug: Sealing block@3
debug: Created Phi assignment: let ternary_result%0#2: bytes = undefined while trying to resolve 'ternary_result%0' in block@3
debug: Added ternary_result%0#0 to Phi node: let ternary_result%0#2: bytes = φ(ternary_result%0#0 <- block@1) in block@1
debug: Added ternary_result%0#1 to Phi node: let ternary_result%0#2: bytes = φ(ternary_result%0#0 <- block@1, ternary_result%0#1 <- block@2) in block@2
debug: Terminated block@3
debug: Building IR for function examples.merkle.contract.MerkleTree.__puya_arc4_router__
debug: Sealing block@0
debug: Terminated block@0
debug: Sealing block@1
debug: Terminated block@1
debug: Sealing block@2
debug: Terminated block@2
debug: Sealing block@3
debug: Terminated block@3
debug: Sealing block@4
debug: Terminated block@4
debug: Sealing block@5
debug: Terminated block@5
debug: Sealing block@6
debug: Terminated block@6
debug: Sealing block@7
debug: Terminated block@7
debug: Building IR for function examples.merkle.contract.MerkleTree.create
debug: Sealing block@0
debug: Terminated block@0
debug: Building IR for function examples.merkle.contract.MerkleTree.verify
debug: Sealing block@0
debug: Terminated block@0
debug: Building IR for function algopy.arc4.ARC4Contract.approval_program
debug: Sealing block@0
debug: Terminated block@0
debug: Building IR for function algopy.arc4.ARC4Contract.clear_state_program
debug: Sealing block@0
debug: Terminated block@0
debug: Building IR for function algopy.arc4.ARC4Contract.approval_program
debug: Sealing block@0
debug: Terminated block@0
debug: removing unused subroutine _puya_lib.util.ensure_budget
debug: removing unused subroutine _puya_lib.bytes_.is_substring
debug: removing unused subroutine _puya_lib.arc4.dynamic_array_pop_bit
debug: removing unused subroutine _puya_lib.arc4.dynamic_array_pop_fixed_size
debug: removing unused subroutine _puya_lib.arc4.dynamic_array_pop_byte_length_head
debug: removing unused subroutine _puya_lib.arc4.dynamic_array_pop_dynamic_element
debug: removing unused subroutine _puya_lib.arc4.dynamic_array_concat_bits
debug: removing unused subroutine _puya_lib.arc4.dynamic_array_concat_byte_length_head
debug: removing unused subroutine _puya_lib.arc4.dynamic_array_concat_dynamic_element
debug: removing unused subroutine _puya_lib.arc4.dynamic_array_replace_byte_length_head
debug: removing unused subroutine _puya_lib.arc4.dynamic_array_replace_dynamic_element
debug: removing unused subroutine _puya_lib.arc4.static_array_replace_dynamic_element
debug: removing unused subroutine _puya_lib.arc4.static_array_replace_byte_length_head
debug: removing unused subroutine _puya_lib.arc4.recalculate_head_for_elements_with_byte_length_head
debug: removing unused subroutine algopy.arc4.ARC4Contract.approval_program
debug: removing unused subroutine algopy.arc4.ARC4Contract.clear_state_program
debug: Building IR for function algopy.arc4.ARC4Contract.clear_state_program
debug: Sealing block@0
debug: Terminated block@0
debug: removing unused subroutine _puya_lib.util.ensure_budget
debug: removing unused subroutine _puya_lib.bytes_.is_substring
debug: removing unused subroutine _puya_lib.arc4.dynamic_array_pop_bit
debug: removing unused subroutine _puya_lib.arc4.dynamic_array_pop_fixed_size
debug: removing unused subroutine _puya_lib.arc4.dynamic_array_pop_byte_length_head
debug: removing unused subroutine _puya_lib.arc4.dynamic_array_pop_dynamic_element
debug: removing unused subroutine _puya_lib.arc4.dynamic_array_concat_bits
debug: removing unused subroutine _puya_lib.arc4.dynamic_array_concat_byte_length_head
debug: removing unused subroutine _puya_lib.arc4.dynamic_array_concat_dynamic_element
debug: removing unused subroutine _puya_lib.arc4.dynamic_array_replace_byte_length_head
debug: removing unused subroutine _puya_lib.arc4.dynamic_array_replace_dynamic_element
debug: removing unused subroutine _puya_lib.arc4.static_array_replace_dynamic_element
debug: removing unused subroutine _puya_lib.arc4.static_array_replace_byte_length_head
debug: removing unused subroutine _puya_lib.arc4.recalculate_head_for_elements_with_byte_length_head
debug: removing unused subroutine examples.merkle.contract.compute_root_hash
debug: removing unused subroutine examples.merkle.contract.hash_pair
debug: removing unused subroutine examples.merkle.contract.MerkleTree.__puya_arc4_router__
debug: removing unused subroutine examples.merkle.contract.MerkleTree.create
debug: removing unused subroutine examples.merkle.contract.MerkleTree.verify
debug: removing unused subroutine algopy.arc4.ARC4Contract.approval_program
debug: removing unused subroutine algopy.arc4.ARC4Contract.clear_state_program
debug: optimizing approval program of examples.merkle.contract.MerkleTree at level 0
debug: Begin optimization pass 1/100
debug: Optimizing subroutine algopy.arc4.ARC4Contract.approval_program
debug: Optimizer: Perform Subroutine Inlining
debug: inlining call to examples.merkle.contract.MerkleTree.__puya_arc4_router__ in algopy.arc4.ARC4Contract.approval_program
debug: Optimizer: Split Parallel Copies
debug: Optimizer: Constant Replacer
debug: Optimizer: Remove Unused Variables
debug: Optimizer: Inner Txn Field Replacer
debug: Optimizer: Replace Compiled References
debug: Optimizing subroutine examples.merkle.contract.compute_root_hash
debug: Optimizer: Perform Subroutine Inlining
debug: Optimizer: Split Parallel Copies
debug: Optimizer: Constant Replacer
debug: Optimizer: Remove Unused Variables
debug: Removing unused variable proof%is_original#0
debug: Removing unused variable proof%out#0
debug: Optimizer: Inner Txn Field Replacer
debug: Optimizer: Replace Compiled References
debug: Optimizing subroutine examples.merkle.contract.hash_pair
debug: Optimizer: Perform Subroutine Inlining
debug: Optimizer: Split Parallel Copies
debug: Optimizer: Constant Replacer
debug: Optimizer: Remove Unused Variables
debug: Optimizer: Inner Txn Field Replacer
debug: Optimizer: Replace Compiled References
debug: Optimizing subroutine examples.merkle.contract.MerkleTree.__puya_arc4_router__
debug: Optimizer: Perform Subroutine Inlining
debug: Optimizer: Split Parallel Copies
debug: Optimizer: Constant Replacer
debug: Optimizer: Remove Unused Variables
debug: Optimizer: Inner Txn Field Replacer
debug: Optimizer: Replace Compiled References
debug: Optimizing subroutine examples.merkle.contract.MerkleTree.create
debug: Optimizer: Perform Subroutine Inlining
debug: Optimizer: Split Parallel Copies
debug: Optimizer: Constant Replacer
debug: Optimizer: Remove Unused Variables
debug: Optimizer: Inner Txn Field Replacer
debug: Optimizer: Replace Compiled References
debug: Optimizing subroutine examples.merkle.contract.MerkleTree.verify
debug: Optimizer: Perform Subroutine Inlining
debug: Optimizer: Split Parallel Copies
debug: Optimizer: Constant Replacer
debug: Optimizer: Remove Unused Variables
debug: Removing unused variable proof#1
debug: Optimizer: Inner Txn Field Replacer
debug: Optimizer: Replace Compiled References
debug: removing unused subroutine examples.merkle.contract.MerkleTree.__puya_arc4_router__
debug: Unused subroutines removed
debug: Begin optimization pass 2/100
debug: Optimizing subroutine algopy.arc4.ARC4Contract.approval_program
debug: Optimizer: Perform Subroutine Inlining
debug: Optimizer: Split Parallel Copies
debug: Optimizer: Constant Replacer
debug: Optimizer: Remove Unused Variables
debug: Optimizer: Inner Txn Field Replacer
debug: Optimizer: Replace Compiled References
debug: Optimizing subroutine examples.merkle.contract.compute_root_hash
debug: Optimizer: Perform Subroutine Inlining
debug: Optimizer: Split Parallel Copies
debug: Optimizer: Constant Replacer
debug: Optimizer: Remove Unused Variables
debug: Optimizer: Inner Txn Field Replacer
debug: Optimizer: Replace Compiled References
debug: Optimizing subroutine examples.merkle.contract.hash_pair
debug: Optimizer: Perform Subroutine Inlining
debug: Optimizer: Split Parallel Copies
debug: Optimizer: Constant Replacer
debug: Optimizer: Remove Unused Variables
debug: Optimizer: Inner Txn Field Replacer
debug: Optimizer: Replace Compiled References
debug: Optimizing subroutine examples.merkle.contract.MerkleTree.create
debug: Optimizer: Perform Subroutine Inlining
debug: Optimizer: Split Parallel Copies
debug: Optimizer: Constant Replacer
debug: Optimizer: Remove Unused Variables
debug: Optimizer: Inner Txn Field Replacer
debug: Optimizer: Replace Compiled References
debug: Optimizing subroutine examples.merkle.contract.MerkleTree.verify
debug: Optimizer: Perform Subroutine Inlining
debug: Optimizer: Split Parallel Copies
debug: Optimizer: Constant Replacer
debug: Optimizer: Remove Unused Variables
debug: Optimizer: Inner Txn Field Replacer
debug: Optimizer: Replace Compiled References
debug: No optimizations performed in pass 2, ending loop
debug: optimizing clear program of examples.merkle.contract.MerkleTree at level 0
debug: Begin optimization pass 1/100
debug: Optimizing subroutine algopy.arc4.ARC4Contract.clear_state_program
debug: Optimizer: Perform Subroutine Inlining
debug: Optimizer: Split Parallel Copies
debug: Optimizer: Constant Replacer
debug: Optimizer: Remove Unused Variables
debug: Optimizer: Inner Txn Field Replacer
debug: Optimizer: Replace Compiled References
debug: No optimizations performed in pass 1, ending loop
debug: lowering array IR nodes in approval program of examples.merkle.contract.MerkleTree
debug: lowering array IR nodes in clear program of examples.merkle.contract.MerkleTree
debug: optimizing approval program of examples.merkle.contract.MerkleTree at level 0
debug: Begin optimization pass 1/100
debug: Optimizing subroutine algopy.arc4.ARC4Contract.approval_program
debug: Optimizer: Perform Subroutine Inlining
debug: Optimizer: Split Parallel Copies
debug: Optimizer: Constant Replacer
debug: Optimizer: Remove Unused Variables
debug: Optimizer: Inner Txn Field Replacer
debug: Optimizer: Replace Compiled References
debug: Optimizing subroutine examples.merkle.contract.compute_root_hash
debug: Optimizer: Perform Subroutine Inlining
debug: Optimizer: Split Parallel Copies
debug: Optimizer: Constant Replacer
debug: Optimizer: Remove Unused Variables
debug: Optimizer: Inner Txn Field Replacer
debug: Optimizer: Replace Compiled References
debug: Optimizing subroutine examples.merkle.contract.hash_pair
debug: Optimizer: Perform Subroutine Inlining
debug: Optimizer: Split Parallel Copies
debug: Optimizer: Constant Replacer
debug: Optimizer: Remove Unused Variables
debug: Optimizer: Inner Txn Field Replacer
debug: Optimizer: Replace Compiled References
debug: Optimizing subroutine examples.merkle.contract.MerkleTree.create
debug: Optimizer: Perform Subroutine Inlining
debug: Optimizer: Split Parallel Copies
debug: Optimizer: Constant Replacer
debug: Optimizer: Remove Unused Variables
debug: Optimizer: Inner Txn Field Replacer
debug: Optimizer: Replace Compiled References
debug: Optimizing subroutine examples.merkle.contract.MerkleTree.verify
debug: Optimizer: Perform Subroutine Inlining
debug: Optimizer: Split Parallel Copies
debug: Optimizer: Constant Replacer
debug: Optimizer: Remove Unused Variables
debug: Optimizer: Inner Txn Field Replacer
debug: Optimizer: Replace Compiled References
debug: No optimizations performed in pass 1, ending loop
debug: optimizing clear program of examples.merkle.contract.MerkleTree at level 0
debug: Begin optimization pass 1/100
debug: Optimizing subroutine algopy.arc4.ARC4Contract.clear_state_program
debug: Optimizer: Perform Subroutine Inlining
debug: Optimizer: Split Parallel Copies
debug: Optimizer: Constant Replacer
debug: Optimizer: Remove Unused Variables
debug: Optimizer: Inner Txn Field Replacer
debug: Optimizer: Replace Compiled References
debug: No optimizations performed in pass 1, ending loop
debug: removing local static slots in approval program of examples.merkle.contract.MerkleTree
debug: auto reserving slots in algopy.arc4.ARC4Contract.approval_program, []
merkle/contract.py:19 debug: auto reserving slots in examples.merkle.contract.compute_root_hash, []
merkle/contract.py:27 debug: auto reserving slots in examples.merkle.contract.hash_pair, []
merkle/contract.py:10 debug: auto reserving slots in examples.merkle.contract.MerkleTree.create, []
merkle/contract.py:14 debug: auto reserving slots in examples.merkle.contract.MerkleTree.verify, []
debug: Slot allocation not required
debug: removing local static slots in clear program of examples.merkle.contract.MerkleTree
debug: auto reserving slots in algopy.arc4.ARC4Contract.clear_state_program, []
debug: Slot allocation not required
debug: Performing SSA IR destructuring for algopy.arc4.ARC4Contract.approval_program
debug: Converting to CSSA
debug: Removing Phi nodes
debug: Coalescing local variables in algopy.arc4.ARC4Contract.approval_program using strategy RootOperandGrouping
debug: Coalescing examples.merkle.contract.MerkleTree.__puya_arc4_router__%0#0 with [examples.merkle.contract.MerkleTree.__puya_arc4_router__%0#1, examples.merkle.contract.MerkleTree.__puya_arc4_router__%0#2]
debug: Coalescing tmp%0#0 with [tmp%0#2]
debug: Coalescing resulted in 8 replacement/s
debug: Sequentializing parallel copies in algopy.arc4.ARC4Contract.approval_program
debug: Performing post-SSA optimizations at level 0
debug: Performing SSA IR destructuring for examples.merkle.contract.compute_root_hash
debug: Converting to CSSA
debug: Removing Phi nodes
debug: Coalescing local variables in examples.merkle.contract.compute_root_hash using strategy RootOperandGrouping
debug: Coalescing computed#0 with [computed#5, computed#1, computed#2]
debug: Coalescing idx#0 with [idx#5, idx#1, idx#2]
debug: Coalescing resulted in 17 replacement/s
debug: Sequentializing parallel copies in examples.merkle.contract.compute_root_hash
debug: loc: {idx#0=idx#0, computed#0=computed#0}
debug: pred: {idx#0=idx#0, computed#0=computed#0}
debug: ready: 
debug: to_do: idx#0, computed#0
debug: * to_do computed#0
debug: * to_do idx#0
debug: loc: {idx#0=idx#0, computed#0=computed#0}
debug: pred: {idx#0=idx#0, computed#0=computed#0}
debug: ready: 
debug: to_do: idx#0, computed#0
debug: * to_do computed#0
debug: * to_do idx#0
debug: loc: {idx#0=idx#0, computed#0=computed#0}
debug: pred: {idx#0=idx#0, computed#0=computed#0}
debug: ready: 
debug: to_do: idx#0, computed#0
debug: * to_do computed#0
debug: * to_do idx#0
debug: Performing post-SSA optimizations at level 0
debug: Performing SSA IR destructuring for examples.merkle.contract.hash_pair
debug: Converting to CSSA
debug: Removing Phi nodes
debug: Coalescing local variables in examples.merkle.contract.hash_pair using strategy RootOperandGrouping
debug: Coalescing ternary_result%0#0 with [ternary_result%0#5, ternary_result%0#1, ternary_result%0#2]
debug: Coalescing resulted in 7 replacement/s
debug: Sequentializing parallel copies in examples.merkle.contract.hash_pair
debug: Performing post-SSA optimizations at level 0
debug: Performing SSA IR destructuring for examples.merkle.contract.MerkleTree.create
debug: Converting to CSSA
debug: Removing Phi nodes
debug: Coalescing local variables in examples.merkle.contract.MerkleTree.create using strategy RootOperandGrouping
debug: Coalescing resulted in 0 replacement/s
debug: Sequentializing parallel copies in examples.merkle.contract.MerkleTree.create
debug: Performing post-SSA optimizations at level 0
debug: Performing SSA IR destructuring for examples.merkle.contract.MerkleTree.verify
debug: Converting to CSSA
debug: Removing Phi nodes
debug: Coalescing local variables in examples.merkle.contract.MerkleTree.verify using strategy RootOperandGrouping
debug: Coalescing resulted in 0 replacement/s
debug: Sequentializing parallel copies in examples.merkle.contract.MerkleTree.verify
debug: Performing post-SSA optimizations at level 0
debug: Output IR to merkle/out_unoptimized/MerkleTree.ir/MerkleTree.approval.0.destructured.ir
debug: Performing SSA IR destructuring for algopy.arc4.ARC4Contract.clear_state_program
debug: Converting to CSSA
debug: Removing Phi nodes
debug: Coalescing local variables in algopy.arc4.ARC4Contract.clear_state_program using strategy RootOperandGrouping
debug: Coalescing resulted in 0 replacement/s
debug: Sequentializing parallel copies in algopy.arc4.ARC4Contract.clear_state_program
debug: Performing post-SSA optimizations at level 0
debug: Output IR to merkle/out_unoptimized/MerkleTree.ir/MerkleTree.clear.0.destructured.ir
debug: Inserted main_block@1.ops[1]: 'l-store-copy tmp%0#1 0'
debug: Replaced main_block@1.ops[3]: 'v-load tmp%0#1' with 'l-load tmp%0#1'
debug: Inserted main_block@1.ops[6]: 'l-store-copy tmp%1#0 0'
debug: Replaced main_block@1.ops[8]: 'v-load tmp%1#0' with 'l-load tmp%1#0'
debug: Inserted main_abi_routing@2.ops[1]: 'l-store-copy tmp%2#0 0'
debug: Replaced main_abi_routing@2.ops[5]: 'v-load tmp%2#0' with 'l-load tmp%2#0'
debug: Inserted main_create_route@3.ops[1]: 'l-store-copy tmp%3#0 0'
debug: Replaced main_create_route@3.ops[3]: 'v-load tmp%3#0' with 'l-load tmp%3#0'
debug: Inserted main_create_route@3.ops[6]: 'l-store-copy tmp%4#0 0'
debug: Replaced main_create_route@3.ops[8]: 'v-load tmp%4#0' with 'l-load tmp%4#0'
debug: Inserted main_create_route@3.ops[11]: 'l-store-copy tmp%5#0 0'
debug: Replaced main_create_route@3.ops[13]: 'v-load tmp%5#0' with 'l-load tmp%5#0'
debug: Inserted main_create_route@3.ops[16]: 'l-store-copy tmp%6#0 0'
debug: Replaced main_create_route@3.ops[18]: 'v-load tmp%6#0' with 'l-load tmp%6#0'
debug: Inserted main_create_route@3.ops[21]: 'l-store-copy reinterpret_bytes[32]%0#0 0'
debug: Replaced main_create_route@3.ops[23]: 'v-load reinterpret_bytes[32]%0#0' with 'l-load reinterpret_bytes[32]%0#0'
debug: Inserted main_create_route@3.ops[26]: 'l-store-copy examples.merkle.contract.MerkleTree.__puya_arc4_router__%0#0 0'
debug: Replaced main_create_route@3.ops[28]: 'v-load examples.merkle.contract.MerkleTree.__puya_arc4_router__%0#0' with 'l-load examples.merkle.contract.MerkleTree.__puya_arc4_router__%0#0'
debug: Inserted main_verify_route@4.ops[1]: 'l-store-copy tmp%7#0 0'
debug: Replaced main_verify_route@4.ops[3]: 'v-load tmp%7#0' with 'l-load tmp%7#0'
debug: Inserted main_verify_route@4.ops[6]: 'l-store-copy tmp%8#0 0'
debug: Replaced main_verify_route@4.ops[8]: 'v-load tmp%8#0' with 'l-load tmp%8#0'
debug: Inserted main_verify_route@4.ops[11]: 'l-store-copy tmp%9#0 0'
debug: Replaced main_verify_route@4.ops[13]: 'v-load tmp%9#0' with 'l-load tmp%9#0'
debug: Inserted main_verify_route@4.ops[16]: 'l-store-copy tmp%10#0 0'
debug: Replaced main_verify_route@4.ops[18]: 'v-load tmp%10#0' with 'l-load tmp%10#0'
debug: Inserted main_verify_route@4.ops[36]: 'l-store-copy tmp%12#0 0'
debug: Replaced main_verify_route@4.ops[38]: 'v-load tmp%12#0' with 'l-load tmp%12#0'
debug: Inserted main_verify_route@4.ops[41]: 'l-store-copy examples.merkle.contract.MerkleTree.__puya_arc4_router__%0#0 0'
debug: Replaced main_verify_route@4.ops[43]: 'v-load examples.merkle.contract.MerkleTree.__puya_arc4_router__%0#0' with 'l-load examples.merkle.contract.MerkleTree.__puya_arc4_router__%0#0'
debug: Inserted main_verify_route@4.ops[23]: 'l-store-copy reinterpret_bytes[32]%1#0 0'
debug: Replaced main_verify_route@4.ops[26]: 'v-load reinterpret_bytes[32]%1#0' with 'l-load reinterpret_bytes[32]%1#0'
debug: Inserted main_verify_route@4.ops[33]: 'l-store-copy encoded_bool%0#0 0'
debug: Replaced main_verify_route@4.ops[36]: 'v-load encoded_bool%0#0' with 'l-load encoded_bool%0#0'
debug: Inserted main_verify_route@4.ops[21]: 'l-store-copy tmp%11#0 0'
debug: Replaced main_verify_route@4.ops[26]: 'v-load tmp%11#0' with 'l-load tmp%11#0'
debug: Inserted main_verify_route@4.ops[29]: 'l-store-copy to_encode%0#0 0'
debug: Replaced main_verify_route@4.ops[33]: 'v-load to_encode%0#0' with 'l-load to_encode%0#0'
debug: Inserted main_after_if_else@8.ops[1]: 'l-store-copy examples.merkle.contract.MerkleTree.__puya_arc4_router__%0#0 0'
debug: Replaced main_after_if_else@8.ops[3]: 'v-load examples.merkle.contract.MerkleTree.__puya_arc4_router__%0#0' with 'l-load examples.merkle.contract.MerkleTree.__puya_arc4_router__%0#0'
debug: Inserted compute_root_hash_for_header@1.ops[3]: 'l-store-copy continue_looping%0#0 0'
debug: Replaced compute_root_hash_for_header@1.ops[5]: 'v-load continue_looping%0#0' with 'l-load continue_looping%0#0'
debug: Inserted compute_root_hash_for_body@2.ops[6]: 'l-store-copy item_offset%0#0 0'
debug: Replaced compute_root_hash_for_body@2.ops[9]: 'v-load item_offset%0#0' with 'l-load item_offset%0#0'
debug: Inserted compute_root_hash_for_body@2.ops[12]: 'l-store-copy tmp%1#0 0'
debug: Replaced compute_root_hash_for_body@2.ops[15]: 'v-load tmp%1#0' with 'l-load tmp%1#0'
debug: Inserted compute_root_hash_for_body@2.ops[2]: 'l-store-copy array_head_and_tail%0#0 0'
debug: Replaced compute_root_hash_for_body@2.ops[9]: 'v-load array_head_and_tail%0#0' with 'l-load array_head_and_tail%0#0'
debug: Inserted hash_pair.ops[7]: 'l-store-copy tmp%0#0 0'
debug: Replaced hash_pair.ops[9]: 'v-load tmp%0#0' with 'l-load tmp%0#0'
debug: Inserted hash_pair.ops[3]: 'l-store-copy reinterpret_biguint%1#0 0'
debug: Replaced hash_pair.ops[6]: 'v-load reinterpret_biguint%1#0' with 'l-load reinterpret_biguint%1#0'
debug: Inserted hash_pair.ops[1]: 'l-store-copy reinterpret_biguint%0#0 0'
debug: Replaced hash_pair.ops[6]: 'v-load reinterpret_biguint%0#0' with 'l-load reinterpret_biguint%0#0'
debug: Inserted hash_pair_ternary_merge@3.ops[2]: 'l-store-copy tmp%1#0 0'
debug: Replaced hash_pair_ternary_merge@3.ops[4]: 'v-load tmp%1#0' with 'l-load tmp%1#0'
debug: Inserted verify.ops[15]: 'l-store-copy tmp%0#0 0'
debug: Replaced verify.ops[17]: 'v-load tmp%0#0' with 'l-load tmp%0#0'
debug: Inserted verify.ops[3]: 'l-store-copy maybe_exists%0#0 1'
debug: Replaced verify.ops[6]: 'v-load maybe_exists%0#0' with 'l-load maybe_exists%0#0'
debug: Inserted verify.ops[12]: 'l-store-copy compute_root_hash%0#0 0'
debug: Replaced verify.ops[15]: 'v-load compute_root_hash%0#0' with 'l-load compute_root_hash%0#0'
debug: Inserted verify.ops[5]: 'l-store-copy maybe_value%0#0 1'
debug: Replaced verify.ops[15]: 'v-load maybe_value%0#0' with 'l-load maybe_value%0#0'
debug: Found 6 edge set/s for algopy.arc4.ARC4Contract.approval_program
debug: Allocated 1 variable/s to x-stack: tmp%0#0
debug: shared x-stack for main_create_route@3 -> main_after_inlined_examples.merkle.contract.MerkleTree.__puya_arc4_router__@9: tmp%0#0
debug: shared x-stack for main_verify_route@4 -> main_after_inlined_examples.merkle.contract.MerkleTree.__puya_arc4_router__@9: tmp%0#0
debug: shared x-stack for main_after_if_else@8 -> main_after_inlined_examples.merkle.contract.MerkleTree.__puya_arc4_router__@9: tmp%0#0
debug: Found 3 edge set/s for examples.merkle.contract.compute_root_hash
debug: Found 2 edge set/s for examples.merkle.contract.hash_pair
debug: Allocated 1 variable/s to x-stack: ternary_result%0#0
debug: shared x-stack for hash_pair_ternary_true@1 -> hash_pair_ternary_merge@3: ternary_result%0#0
debug: shared x-stack for hash_pair_ternary_false@2 -> hash_pair_ternary_merge@3: ternary_result%0#0
debug: examples.merkle.contract.compute_root_hash f-stack entry: []
debug: examples.merkle.contract.compute_root_hash f-stack on first store: ['computed#0', 'tmp%0#0', 'idx#0']
debug: optimizing TEAL subroutine ops algopy.arc4.ARC4Contract.approval_program() -> uint64:
merkle/contract.py:19 debug: optimizing TEAL subroutine ops examples.merkle.contract.compute_root_hash(proof: bytes, leaf: bytes) -> bytes, bytes:
merkle/contract.py:27 debug: optimizing TEAL subroutine ops examples.merkle.contract.hash_pair(a: bytes, b: bytes) -> bytes:
merkle/contract.py:10 debug: optimizing TEAL subroutine ops examples.merkle.contract.MerkleTree.create(root: bytes) -> void:
merkle/contract.py:14 debug: optimizing TEAL subroutine ops examples.merkle.contract.MerkleTree.verify(proof: bytes, leaf: bytes) -> uint64:
debug: optimizing TEAL subroutine blocks algopy.arc4.ARC4Contract.approval_program() -> uint64:
debug: removing explicit jump to fall-through block main_block@1
debug: removing explicit jump to fall-through block main_abi_routing@2
debug: removing explicit jump to fall-through block main_switch_case_default@5
debug: removing explicit jump to fall-through block main_switch_case_next@6
debug: removing explicit jump to fall-through block main_after_if_else@8
debug: removing explicit jump to fall-through block main_after_inlined_examples.merkle.contract.MerkleTree.__puya_arc4_router__@9
merkle/contract.py:19 debug: optimizing TEAL subroutine blocks examples.merkle.contract.compute_root_hash(proof: bytes, leaf: bytes) -> bytes, bytes:
debug: removing explicit jump to fall-through block compute_root_hash_for_header@1
debug: removing explicit jump to fall-through block compute_root_hash_for_body@2
debug: removing explicit jump to fall-through block compute_root_hash_for_footer@3
merkle/contract.py:27 debug: optimizing TEAL subroutine blocks examples.merkle.contract.hash_pair(a: bytes, b: bytes) -> bytes:
debug: removing explicit jump to fall-through block hash_pair_ternary_true@1
debug: removing explicit jump to fall-through block hash_pair_ternary_merge@3
merkle/contract.py:10 debug: optimizing TEAL subroutine blocks examples.merkle.contract.MerkleTree.create(root: bytes) -> void:
merkle/contract.py:14 debug: optimizing TEAL subroutine blocks examples.merkle.contract.MerkleTree.verify(proof: bytes, leaf: bytes) -> uint64:
debug: optimizing TEAL subroutine ops algopy.arc4.ARC4Contract.clear_state_program() -> uint64:
debug: optimizing TEAL subroutine blocks algopy.arc4.ARC4Contract.clear_state_program() -> uint64:
info: Writing merkle/out_unoptimized/MerkleTree.approval.teal
info: Writing merkle/out_unoptimized/MerkleTree.clear.teal
info: Writing merkle/out_unoptimized/MerkleTree.approval.bin
info: Writing merkle/out_unoptimized/MerkleTree.clear.bin
info: Writing merkle/out_unoptimized/MerkleTree.approval.puya.map
info: Writing merkle/out_unoptimized/MerkleTree.clear.puya.map