debug: PuyaPyOptions(output_teal=True, output_source_map=True, output_arc32=True, output_arc56=True, output_ssa_ir=True, output_optimization_ir=True, output_destructured_ir=True, output_memory_ir=True, output_bytecode=True, debug_level=1, optimization_level=1, target_avm_version=10, cli_template_definitions={}, template_vars_prefix='TMPL_', locals_coalescing_strategy=<LocalsCoalescingStrategy.root_operand: 'root_operand'>, paths=['global_state'], output_awst=True, output_awst_json=False, output_client=True, log_level=<LogLevel.debug: 10>)
info: Found python prefix: <git root>/.venv
info: writing global_state/out/module.awst
debug: Sealing block@0: // L12
debug: Terminated block@0: // L12
debug: Looking for 'required_budget_with_buffer' in an unsealed block creating an incomplete Phi: block@1: // while_top_L20
debug: Created Phi assignment: let required_budget_with_buffer#1: uint64 = undefined while trying to resolve 'required_budget_with_buffer' in block@1: // while_top_L20
debug: Terminated block@1: // while_top_L20
debug: Sealing block@2: // while_body_L21
debug: Looking for 'fee_source' in an unsealed block creating an incomplete Phi: block@1: // while_top_L20
debug: Created Phi assignment: let fee_source#1: uint64 = undefined while trying to resolve 'fee_source' in block@1: // while_top_L20
debug: Terminated block@2: // while_body_L21
debug: Sealing block@3: // switch_case_0_L28
debug: Terminated block@3: // switch_case_0_L28
debug: Sealing block@4: // switch_case_1_L30
debug: Terminated block@4: // switch_case_1_L30
debug: Sealing block@5: // switch_case_default_L26
debug: Terminated block@5: // switch_case_default_L26
debug: Sealing block@6: // switch_case_next_L26
debug: Terminated block@6: // switch_case_next_L26
debug: Sealing block@1: // while_top_L20
debug: Added required_budget_with_buffer#0 to Phi node: let required_budget_with_buffer#1: uint64 = φ(required_budget_with_buffer#0 <- block@0) in block@0: // L12
debug: Created Phi assignment: let required_budget_with_buffer#2: uint64 = undefined while trying to resolve 'required_budget_with_buffer' in block@6: // switch_case_next_L26
debug: Added required_budget_with_buffer#1 to Phi node: let required_budget_with_buffer#2: uint64 = φ(required_budget_with_buffer#1 <- block@3) in block@3: // switch_case_0_L28
debug: Added required_budget_with_buffer#1 to Phi node: let required_budget_with_buffer#2: uint64 = φ(required_budget_with_buffer#1 <- block@3, required_budget_with_buffer#1 <- block@4) in block@4: // switch_case_1_L30
debug: Added required_budget_with_buffer#1 to Phi node: let required_budget_with_buffer#2: uint64 = φ(required_budget_with_buffer#1 <- block@3, required_budget_with_buffer#1 <- block@4, required_budget_with_buffer#1 <- block@5) in block@5: // switch_case_default_L26
debug: Replacing trivial Phi node: let required_budget_with_buffer#2: uint64 = φ(required_budget_with_buffer#1 <- block@3, required_budget_with_buffer#1 <- block@4, required_budget_with_buffer#1 <- block@5) (required_budget_with_buffer#2) with required_budget_with_buffer#1
debug: Deleting Phi assignment: let required_budget_with_buffer#2: uint64 = φ(required_budget_with_buffer#1 <- block@3, required_budget_with_buffer#1 <- block@4, required_budget_with_buffer#1 <- block@5)
debug: Replaced trivial Phi node: let required_budget_with_buffer#2: uint64 = φ(required_budget_with_buffer#1 <- block@3, required_budget_with_buffer#1 <- block@4, required_budget_with_buffer#1 <- block@5) (required_budget_with_buffer#2) with required_budget_with_buffer#1 in current definition for 1 blocks
debug: Added required_budget_with_buffer#1 to Phi node: let required_budget_with_buffer#1: uint64 = φ(required_budget_with_buffer#0 <- block@0, required_budget_with_buffer#1 <- block@6) in block@6: // switch_case_next_L26
debug: Replacing trivial Phi node: let required_budget_with_buffer#1: uint64 = φ(required_budget_with_buffer#0 <- block@0, required_budget_with_buffer#1 <- block@6) (required_budget_with_buffer#1) with required_budget_with_buffer#0
debug: Deleting Phi assignment: let required_budget_with_buffer#1: uint64 = φ(required_budget_with_buffer#0 <- block@0, required_budget_with_buffer#1 <- block@6)
debug: Replaced trivial Phi node: let required_budget_with_buffer#1: uint64 = φ(required_budget_with_buffer#0 <- block@0, required_budget_with_buffer#1 <- block@6) (required_budget_with_buffer#1) with required_budget_with_buffer#0 in current definition for 6 blocks
debug: Added fee_source#0 to Phi node: let fee_source#1: uint64 = φ(fee_source#0 <- block@0) in block@0: // L12
debug: Created Phi assignment: let fee_source#2: uint64 = undefined while trying to resolve 'fee_source' in block@6: // switch_case_next_L26
debug: Added fee_source#1 to Phi node: let fee_source#2: uint64 = φ(fee_source#1 <- block@3) in block@3: // switch_case_0_L28
debug: Added fee_source#1 to Phi node: let fee_source#2: uint64 = φ(fee_source#1 <- block@3, fee_source#1 <- block@4) in block@4: // switch_case_1_L30
debug: Added fee_source#1 to Phi node: let fee_source#2: uint64 = φ(fee_source#1 <- block@3, fee_source#1 <- block@4, fee_source#1 <- block@5) in block@5: // switch_case_default_L26
debug: Replacing trivial Phi node: let fee_source#2: uint64 = φ(fee_source#1 <- block@3, fee_source#1 <- block@4, fee_source#1 <- block@5) (fee_source#2) with fee_source#1
debug: Deleting Phi assignment: let fee_source#2: uint64 = φ(fee_source#1 <- block@3, fee_source#1 <- block@4, fee_source#1 <- block@5)
debug: Replaced trivial Phi node: let fee_source#2: uint64 = φ(fee_source#1 <- block@3, fee_source#1 <- block@4, fee_source#1 <- block@5) (fee_source#2) with fee_source#1 in current definition for 1 blocks
debug: Added fee_source#1 to Phi node: let fee_source#1: uint64 = φ(fee_source#0 <- block@0, fee_source#1 <- block@6) in block@6: // switch_case_next_L26
debug: Replacing trivial Phi node: let fee_source#1: uint64 = φ(fee_source#0 <- block@0, fee_source#1 <- block@6) (fee_source#1) with fee_source#0
debug: Deleting Phi assignment: let fee_source#1: uint64 = φ(fee_source#0 <- block@0, fee_source#1 <- block@6)
debug: Replaced trivial Phi node: let fee_source#1: uint64 = φ(fee_source#0 <- block@0, fee_source#1 <- block@6) (fee_source#1) with fee_source#0 in current definition for 6 blocks
debug: Sealing block@7: // after_while_L20
debug: Terminated block@7: // after_while_L20
debug: Sealing block@0: // L4
debug: Terminated block@0: // L4
debug: Looking for 'start' in an unsealed block creating an incomplete Phi: block@1: // while_top_L11
debug: Created Phi assignment: let start#1: uint64 = undefined while trying to resolve 'start' in block@1: // while_top_L11
debug: Looking for 'item' in an unsealed block creating an incomplete Phi: block@1: // while_top_L11
debug: Created Phi assignment: let item#1: bytes = undefined while trying to resolve 'item' in block@1: // while_top_L11
debug: Looking for 'sequence' in an unsealed block creating an incomplete Phi: block@1: // while_top_L11
debug: Created Phi assignment: let sequence#1: bytes = undefined while trying to resolve 'sequence' in block@1: // while_top_L11
debug: Terminated block@1: // while_top_L11
debug: Sealing block@2: // while_body_L12
debug: Terminated block@2: // while_body_L12
debug: Sealing block@3: // if_body_L13
debug: Terminated block@3: // if_body_L13
debug: Sealing block@4: // after_if_else_L12
debug: Terminated block@4: // after_if_else_L12
debug: Sealing block@1: // while_top_L11
debug: Added start#0 to Phi node: let start#1: uint64 = φ(start#0 <- block@0) in block@0: // L4
debug: Added start#2 to Phi node: let start#1: uint64 = φ(start#0 <- block@0, start#2 <- block@4) in block@4: // after_if_else_L12
debug: Added item#0 to Phi node: let item#1: bytes = φ(item#0 <- block@0) in block@0: // L4
debug: Added item#1 to Phi node: let item#1: bytes = φ(item#0 <- block@0, item#1 <- block@4) in block@4: // after_if_else_L12
debug: Replacing trivial Phi node: let item#1: bytes = φ(item#0 <- block@0, item#1 <- block@4) (item#1) with item#0
debug: Deleting Phi assignment: let item#1: bytes = φ(item#0 <- block@0, item#1 <- block@4)
debug: Replaced trivial Phi node: let item#1: bytes = φ(item#0 <- block@0, item#1 <- block@4) (item#1) with item#0 in current definition for 3 blocks
debug: Added sequence#0 to Phi node: let sequence#1: bytes = φ(sequence#0 <- block@0) in block@0: // L4
debug: Added sequence#1 to Phi node: let sequence#1: bytes = φ(sequence#0 <- block@0, sequence#1 <- block@4) in block@4: // after_if_else_L12
debug: Replacing trivial Phi node: let sequence#1: bytes = φ(sequence#0 <- block@0, sequence#1 <- block@4) (sequence#1) with sequence#0
debug: Deleting Phi assignment: let sequence#1: bytes = φ(sequence#0 <- block@0, sequence#1 <- block@4)
debug: Replaced trivial Phi node: let sequence#1: bytes = φ(sequence#0 <- block@0, sequence#1 <- block@4) (sequence#1) with sequence#0 in current definition for 3 blocks
debug: Sealing block@5: // after_while_L11
debug: Terminated block@5: // after_while_L11
debug: Sealing block@0: // L25
debug: Terminated block@0: // L25
debug: Sealing block@0: // L44
debug: Terminated block@0: // L44
debug: Sealing block@0: // L62
debug: Terminated block@0: // L62
debug: Sealing block@0: // L92
debug: Terminated block@0: // L92
debug: Looking for 'head_offset' in an unsealed block creating an incomplete Phi: block@1: // for_header_L110
debug: Created Phi assignment: let head_offset#1: uint64 = undefined while trying to resolve 'head_offset' in block@1: // for_header_L110
debug: Terminated block@1: // for_header_L110
debug: Sealing block@2: // for_body_L111
debug: Looking for 'head_and_tail' in an unsealed block creating an incomplete Phi: block@1: // for_header_L110
debug: Created Phi assignment: let head_and_tail#1: bytes = undefined while trying to resolve 'head_and_tail' in block@1: // for_header_L110
debug: Looking for 'new_head' in an unsealed block creating an incomplete Phi: block@1: // for_header_L110
debug: Created Phi assignment: let new_head#1: bytes = undefined while trying to resolve 'new_head' in block@1: // for_header_L110
debug: Terminated block@2: // for_body_L111
debug: Sealing block@3: // for_footer_L110
debug: Terminated block@3: // for_footer_L110
debug: Sealing block@1: // for_header_L110
debug: Added head_offset#0 to Phi node: let head_offset#1: uint64 = φ(head_offset#0 <- block@0) in block@0: // L92
debug: Added head_offset#2 to Phi node: let head_offset#1: uint64 = φ(head_offset#0 <- block@0, head_offset#2 <- block@3) in block@3: // for_footer_L110
debug: Added head_and_tail#0 to Phi node: let head_and_tail#1: bytes = φ(head_and_tail#0 <- block@0) in block@0: // L92
debug: Added head_and_tail#1 to Phi node: let head_and_tail#1: bytes = φ(head_and_tail#0 <- block@0, head_and_tail#1 <- block@3) in block@3: // for_footer_L110
debug: Replacing trivial Phi node: let head_and_tail#1: bytes = φ(head_and_tail#0 <- block@0, head_and_tail#1 <- block@3) (head_and_tail#1) with head_and_tail#0
debug: Deleting Phi assignment: let head_and_tail#1: bytes = φ(head_and_tail#0 <- block@0, head_and_tail#1 <- block@3)
debug: Replaced trivial Phi node: let head_and_tail#1: bytes = φ(head_and_tail#0 <- block@0, head_and_tail#1 <- block@3) (head_and_tail#1) with head_and_tail#0 in current definition for 3 blocks
debug: Added new_head#0 to Phi node: let new_head#1: bytes = φ(new_head#0 <- block@0) in block@0: // L92
debug: Added new_head#2 to Phi node: let new_head#1: bytes = φ(new_head#0 <- block@0, new_head#2 <- block@3) in block@3: // for_footer_L110
debug: Sealing block@4: // after_for_L110
debug: Created Phi assignment: let length_minus_1#1: uint64 = undefined while trying to resolve 'length_minus_1' in block@1: // for_header_L110
debug: Added length_minus_1#0 to Phi node: let length_minus_1#1: uint64 = φ(length_minus_1#0 <- block@0) in block@0: // L92
debug: Added length_minus_1#1 to Phi node: let length_minus_1#1: uint64 = φ(length_minus_1#0 <- block@0, length_minus_1#1 <- block@3) in block@3: // for_footer_L110
debug: Replacing trivial Phi node: let length_minus_1#1: uint64 = φ(length_minus_1#0 <- block@0, length_minus_1#1 <- block@3) (length_minus_1#1) with length_minus_1#0
debug: Deleting Phi assignment: let length_minus_1#1: uint64 = φ(length_minus_1#0 <- block@0, length_minus_1#1 <- block@3)
debug: Replaced trivial Phi node: let length_minus_1#1: uint64 = φ(length_minus_1#0 <- block@0, length_minus_1#1 <- block@3) (length_minus_1#1) with length_minus_1#0 in current definition for 3 blocks
debug: Created Phi assignment: let popped_header_offset#1: uint64 = undefined while trying to resolve 'popped_header_offset' in block@1: // for_header_L110
debug: Added popped_header_offset#0 to Phi node: let popped_header_offset#1: uint64 = φ(popped_header_offset#0 <- block@0) in block@0: // L92
debug: Added popped_header_offset#1 to Phi node: let popped_header_offset#1: uint64 = φ(popped_header_offset#0 <- block@0, popped_header_offset#1 <- block@3) in block@3: // for_footer_L110
debug: Replacing trivial Phi node: let popped_header_offset#1: uint64 = φ(popped_header_offset#0 <- block@0, popped_header_offset#1 <- block@3) (popped_header_offset#1) with popped_header_offset#0
debug: Deleting Phi assignment: let popped_header_offset#1: uint64 = φ(popped_header_offset#0 <- block@0, popped_header_offset#1 <- block@3)
debug: Replaced trivial Phi node: let popped_header_offset#1: uint64 = φ(popped_header_offset#0 <- block@0, popped_header_offset#1 <- block@3) (popped_header_offset#1) with popped_header_offset#0 in current definition for 3 blocks
debug: Created Phi assignment: let popped_offset#1: uint64 = undefined while trying to resolve 'popped_offset' in block@1: // for_header_L110
debug: Added popped_offset#0 to Phi node: let popped_offset#1: uint64 = φ(popped_offset#0 <- block@0) in block@0: // L92
debug: Added popped_offset#1 to Phi node: let popped_offset#1: uint64 = φ(popped_offset#0 <- block@0, popped_offset#1 <- block@3) in block@3: // for_footer_L110
debug: Replacing trivial Phi node: let popped_offset#1: uint64 = φ(popped_offset#0 <- block@0, popped_offset#1 <- block@3) (popped_offset#1) with popped_offset#0
debug: Deleting Phi assignment: let popped_offset#1: uint64 = φ(popped_offset#0 <- block@0, popped_offset#1 <- block@3)
debug: Replaced trivial Phi node: let popped_offset#1: uint64 = φ(popped_offset#0 <- block@0, popped_offset#1 <- block@3) (popped_offset#1) with popped_offset#0 in current definition for 3 blocks
debug: Created Phi assignment: let popped#1: bytes = undefined while trying to resolve 'popped' in block@1: // for_header_L110
debug: Added popped#0 to Phi node: let popped#1: bytes = φ(popped#0 <- block@0) in block@0: // L92
debug: Added popped#1 to Phi node: let popped#1: bytes = φ(popped#0 <- block@0, popped#1 <- block@3) in block@3: // for_footer_L110
debug: Replacing trivial Phi node: let popped#1: bytes = φ(popped#0 <- block@0, popped#1 <- block@3) (popped#1) with popped#0
debug: Deleting Phi assignment: let popped#1: bytes = φ(popped#0 <- block@0, popped#1 <- block@3)
debug: Replaced trivial Phi node: let popped#1: bytes = φ(popped#0 <- block@0, popped#1 <- block@3) (popped#1) with popped#0 in current definition for 3 blocks
debug: Terminated block@4: // after_for_L110
debug: Sealing block@0: // L124
debug: Terminated block@0: // L124
debug: Sealing block@1: // if_body_L147
debug: Terminated block@1: // if_body_L147
debug: Sealing block@2: // after_if_else_L146
debug: Created Phi assignment: let array_length#1: uint64 = undefined while trying to resolve 'array_length' in block@2: // after_if_else_L146
debug: Added array_length#0 to Phi node: let array_length#1: uint64 = φ(array_length#0 <- block@0) in block@0: // L124
debug: Added array_length#0 to Phi node: let array_length#1: uint64 = φ(array_length#0 <- block@0, array_length#0 <- block@1) in block@1: // if_body_L147
debug: Replacing trivial Phi node: let array_length#1: uint64 = φ(array_length#0 <- block@0, array_length#0 <- block@1) (array_length#1) with array_length#0
debug: Deleting Phi assignment: let array_length#1: uint64 = φ(array_length#0 <- block@0, array_length#0 <- block@1)
debug: Replaced trivial Phi node: let array_length#1: uint64 = φ(array_length#0 <- block@0, array_length#0 <- block@1) (array_length#1) with array_length#0 in current definition for 1 blocks
debug: Created Phi assignment: let is_packed#1: bool = undefined while trying to resolve 'is_packed' in block@2: // after_if_else_L146
debug: Added is_packed#0 to Phi node: let is_packed#1: bool = φ(is_packed#0 <- block@0) in block@0: // L124
debug: Added is_packed#0 to Phi node: let is_packed#1: bool = φ(is_packed#0 <- block@0, is_packed#0 <- block@1) in block@1: // if_body_L147
debug: Replacing trivial Phi node: let is_packed#1: bool = φ(is_packed#0 <- block@0, is_packed#0 <- block@1) (is_packed#1) with is_packed#0
debug: Deleting Phi assignment: let is_packed#1: bool = φ(is_packed#0 <- block@0, is_packed#0 <- block@1)
debug: Replaced trivial Phi node: let is_packed#1: bool = φ(is_packed#0 <- block@0, is_packed#0 <- block@1) (is_packed#1) with is_packed#0 in current definition for 1 blocks
debug: Created Phi assignment: let new_items_count#1: uint64 = undefined while trying to resolve 'new_items_count' in block@2: // after_if_else_L146
debug: Added new_items_count#0 to Phi node: let new_items_count#1: uint64 = φ(new_items_count#0 <- block@0) in block@0: // L124
debug: Added new_items_count#0 to Phi node: let new_items_count#1: uint64 = φ(new_items_count#0 <- block@0, new_items_count#0 <- block@1) in block@1: // if_body_L147
debug: Replacing trivial Phi node: let new_items_count#1: uint64 = φ(new_items_count#0 <- block@0, new_items_count#0 <- block@1) (new_items_count#1) with new_items_count#0
debug: Deleting Phi assignment: let new_items_count#1: uint64 = φ(new_items_count#0 <- block@0, new_items_count#0 <- block@1)
debug: Replaced trivial Phi node: let new_items_count#1: uint64 = φ(new_items_count#0 <- block@0, new_items_count#0 <- block@1) (new_items_count#1) with new_items_count#0 in current definition for 1 blocks
debug: Terminated block@2: // after_if_else_L146
debug: Looking for 'i' in an unsealed block creating an incomplete Phi: block@3: // for_header_L150
debug: Created Phi assignment: let i#1: uint64 = undefined while trying to resolve 'i' in block@3: // for_header_L150
debug: Terminated block@3: // for_header_L150
debug: Sealing block@4: // for_body_L151
debug: Looking for 'result' in an unsealed block creating an incomplete Phi: block@3: // for_header_L150
debug: Created Phi assignment: let result#2: bytes = undefined while trying to resolve 'result' in block@3: // for_header_L150
debug: Looking for 'write_offset' in an unsealed block creating an incomplete Phi: block@3: // for_header_L150
debug: Created Phi assignment: let write_offset#1: uint64 = undefined while trying to resolve 'write_offset' in block@3: // for_header_L150
debug: Looking for 'new_items_bytes' in an unsealed block creating an incomplete Phi: block@3: // for_header_L150
debug: Created Phi assignment: let new_items_bytes#1: bytes = undefined while trying to resolve 'new_items_bytes' in block@3: // for_header_L150
debug: Terminated block@4: // for_body_L151
debug: Sealing block@5: // for_footer_L150
debug: Terminated block@5: // for_footer_L150
debug: Sealing block@3: // for_header_L150
debug: Added i#0 to Phi node: let i#1: uint64 = φ(i#0 <- block@2) in block@2: // after_if_else_L146
debug: Added i#2 to Phi node: let i#1: uint64 = φ(i#0 <- block@2, i#2 <- block@5) in block@5: // for_footer_L150
debug: Created Phi assignment: let result#4: bytes = undefined while trying to resolve 'result' in block@2: // after_if_else_L146
debug: Added result#0 to Phi node: let result#4: bytes = φ(result#0 <- block@0) in block@0: // L124
debug: Added result#1 to Phi node: let result#4: bytes = φ(result#0 <- block@0, result#1 <- block@1) in block@1: // if_body_L147
debug: Added result#4 to Phi node: let result#2: bytes = φ(result#4 <- block@2) in block@2: // after_if_else_L146
debug: Added result#3 to Phi node: let result#2: bytes = φ(result#4 <- block@2, result#3 <- block@5) in block@5: // for_footer_L150
debug: Added write_offset#0 to Phi node: let write_offset#1: uint64 = φ(write_offset#0 <- block@2) in block@2: // after_if_else_L146
debug: Added write_offset#2 to Phi node: let write_offset#1: uint64 = φ(write_offset#0 <- block@2, write_offset#2 <- block@5) in block@5: // for_footer_L150
debug: Created Phi assignment: let new_items_bytes#2: bytes = undefined while trying to resolve 'new_items_bytes' in block@2: // after_if_else_L146
debug: Added new_items_bytes#0 to Phi node: let new_items_bytes#2: bytes = φ(new_items_bytes#0 <- block@0) in block@0: // L124
debug: Added new_items_bytes#0 to Phi node: let new_items_bytes#2: bytes = φ(new_items_bytes#0 <- block@0, new_items_bytes#0 <- block@1) in block@1: // if_body_L147
debug: Replacing trivial Phi node: let new_items_bytes#2: bytes = φ(new_items_bytes#0 <- block@0, new_items_bytes#0 <- block@1) (new_items_bytes#2) with new_items_bytes#0
debug: Deleting Phi assignment: let new_items_bytes#2: bytes = φ(new_items_bytes#0 <- block@0, new_items_bytes#0 <- block@1)
debug: Replaced trivial Phi node: let new_items_bytes#2: bytes = φ(new_items_bytes#0 <- block@0, new_items_bytes#0 <- block@1) (new_items_bytes#2) with new_items_bytes#0 in current definition for 1 blocks
debug: Added new_items_bytes#0 to Phi node: let new_items_bytes#1: bytes = φ(new_items_bytes#0 <- block@2) in block@2: // after_if_else_L146
debug: Added new_items_bytes#1 to Phi node: let new_items_bytes#1: bytes = φ(new_items_bytes#0 <- block@2, new_items_bytes#1 <- block@5) in block@5: // for_footer_L150
debug: Replacing trivial Phi node: let new_items_bytes#1: bytes = φ(new_items_bytes#0 <- block@2, new_items_bytes#1 <- block@5) (new_items_bytes#1) with new_items_bytes#0
debug: Deleting Phi assignment: let new_items_bytes#1: bytes = φ(new_items_bytes#0 <- block@2, new_items_bytes#1 <- block@5)
debug: Replaced trivial Phi node: let new_items_bytes#1: bytes = φ(new_items_bytes#0 <- block@2, new_items_bytes#1 <- block@5) (new_items_bytes#1) with new_items_bytes#0 in current definition for 3 blocks
debug: Sealing block@6: // after_for_L150
debug: Terminated block@6: // after_for_L150
debug: Sealing block@0: // L157
debug: Terminated block@0: // L157
debug: Sealing block@0: // L189
debug: Terminated block@0: // L189
debug: Looking for 'head_offset' in an unsealed block creating an incomplete Phi: block@1: // for_header_L199
debug: Created Phi assignment: let head_offset#1: uint64 = undefined while trying to resolve 'head_offset' in block@1: // for_header_L199
debug: Terminated block@1: // for_header_L199
debug: Sealing block@2: // for_body_L200
debug: Looking for 'array_head_and_tail' in an unsealed block creating an incomplete Phi: block@1: // for_header_L199
debug: Created Phi assignment: let array_head_and_tail#1: bytes = undefined while trying to resolve 'array_head_and_tail' in block@1: // for_header_L199
debug: Looking for 'new_head' in an unsealed block creating an incomplete Phi: block@1: // for_header_L199
debug: Created Phi assignment: let new_head#1: bytes = undefined while trying to resolve 'new_head' in block@1: // for_header_L199
debug: Looking for 'item_offset_adjustment' in an unsealed block creating an incomplete Phi: block@1: // for_header_L199
debug: Created Phi assignment: let item_offset_adjustment#1: uint64 = undefined while trying to resolve 'item_offset_adjustment' in block@1: // for_header_L199
debug: Terminated block@2: // for_body_L200
debug: Sealing block@3: // for_footer_L199
debug: Terminated block@3: // for_footer_L199
debug: Sealing block@1: // for_header_L199
debug: Added head_offset#0 to Phi node: let head_offset#1: uint64 = φ(head_offset#0 <- block@0) in block@0: // L189
debug: Added head_offset#2 to Phi node: let head_offset#1: uint64 = φ(head_offset#0 <- block@0, head_offset#2 <- block@3) in block@3: // for_footer_L199
debug: Added array_head_and_tail#0 to Phi node: let array_head_and_tail#1: bytes = φ(array_head_and_tail#0 <- block@0) in block@0: // L189
debug: Added array_head_and_tail#1 to Phi node: let array_head_and_tail#1: bytes = φ(array_head_and_tail#0 <- block@0, array_head_and_tail#1 <- block@3) in block@3: // for_footer_L199
debug: Replacing trivial Phi node: let array_head_and_tail#1: bytes = φ(array_head_and_tail#0 <- block@0, array_head_and_tail#1 <- block@3) (array_head_and_tail#1) with array_head_and_tail#0
debug: Deleting Phi assignment: let array_head_and_tail#1: bytes = φ(array_head_and_tail#0 <- block@0, array_head_and_tail#1 <- block@3)
debug: Replaced trivial Phi node: let array_head_and_tail#1: bytes = φ(array_head_and_tail#0 <- block@0, array_head_and_tail#1 <- block@3) (array_head_and_tail#1) with array_head_and_tail#0 in current definition for 3 blocks
debug: Added new_head#0 to Phi node: let new_head#1: bytes = φ(new_head#0 <- block@0) in block@0: // L189
debug: Added new_head#2 to Phi node: let new_head#1: bytes = φ(new_head#0 <- block@0, new_head#2 <- block@3) in block@3: // for_footer_L199
debug: Added item_offset_adjustment#0 to Phi node: let item_offset_adjustment#1: uint64 = φ(item_offset_adjustment#0 <- block@0) in block@0: // L189
debug: Added item_offset_adjustment#1 to Phi node: let item_offset_adjustment#1: uint64 = φ(item_offset_adjustment#0 <- block@0, item_offset_adjustment#1 <- block@3) in block@3: // for_footer_L199
debug: Replacing trivial Phi node: let item_offset_adjustment#1: uint64 = φ(item_offset_adjustment#0 <- block@0, item_offset_adjustment#1 <- block@3) (item_offset_adjustment#1) with item_offset_adjustment#0
debug: Deleting Phi assignment: let item_offset_adjustment#1: uint64 = φ(item_offset_adjustment#0 <- block@0, item_offset_adjustment#1 <- block@3)
debug: Replaced trivial Phi node: let item_offset_adjustment#1: uint64 = φ(item_offset_adjustment#0 <- block@0, item_offset_adjustment#1 <- block@3) (item_offset_adjustment#1) with item_offset_adjustment#0 in current definition for 3 blocks
debug: Sealing block@4: // after_for_L199
debug: Created Phi assignment: let new_items_count#1: uint64 = undefined while trying to resolve 'new_items_count' in block@1: // for_header_L199
debug: Added new_items_count#0 to Phi node: let new_items_count#1: uint64 = φ(new_items_count#0 <- block@0) in block@0: // L189
debug: Added new_items_count#1 to Phi node: let new_items_count#1: uint64 = φ(new_items_count#0 <- block@0, new_items_count#1 <- block@3) in block@3: // for_footer_L199
debug: Replacing trivial Phi node: let new_items_count#1: uint64 = φ(new_items_count#0 <- block@0, new_items_count#1 <- block@3) (new_items_count#1) with new_items_count#0
debug: Deleting Phi assignment: let new_items_count#1: uint64 = φ(new_items_count#0 <- block@0, new_items_count#1 <- block@3)
debug: Replaced trivial Phi node: let new_items_count#1: uint64 = φ(new_items_count#0 <- block@0, new_items_count#1 <- block@3) (new_items_count#1) with new_items_count#0 in current definition for 3 blocks
debug: Terminated block@4: // after_for_L199
debug: Looking for 'head_offset' in an unsealed block creating an incomplete Phi: block@5: // for_header_L204
debug: Created Phi assignment: let head_offset#4: uint64 = undefined while trying to resolve 'head_offset' in block@5: // for_header_L204
debug: Terminated block@5: // for_header_L204
debug: Sealing block@6: // for_body_L205
debug: Looking for 'new_head_and_tail' in an unsealed block creating an incomplete Phi: block@5: // for_header_L204
debug: Created Phi assignment: let new_head_and_tail#1: bytes = undefined while trying to resolve 'new_head_and_tail' in block@5: // for_header_L204
debug: Looking for 'new_head' in an unsealed block creating an incomplete Phi: block@5: // for_header_L204
debug: Created Phi assignment: let new_head#3: bytes = undefined while trying to resolve 'new_head' in block@5: // for_header_L204
debug: Looking for 'item_offset_adjustment' in an unsealed block creating an incomplete Phi: block@5: // for_header_L204
debug: Created Phi assignment: let item_offset_adjustment#3: uint64 = undefined while trying to resolve 'item_offset_adjustment' in block@5: // for_header_L204
debug: Terminated block@6: // for_body_L205
debug: Sealing block@7: // for_footer_L204
debug: Terminated block@7: // for_footer_L204
debug: Sealing block@5: // for_header_L204
debug: Added head_offset#3 to Phi node: let head_offset#4: uint64 = φ(head_offset#3 <- block@4) in block@4: // after_for_L199
debug: Added head_offset#5 to Phi node: let head_offset#4: uint64 = φ(head_offset#3 <- block@4, head_offset#5 <- block@7) in block@7: // for_footer_L204
debug: Created Phi assignment: let new_head_and_tail#2: bytes = undefined while trying to resolve 'new_head_and_tail' in block@1: // for_header_L199
debug: Added new_head_and_tail#0 to Phi node: let new_head_and_tail#2: bytes = φ(new_head_and_tail#0 <- block@0) in block@0: // L189
debug: Added new_head_and_tail#2 to Phi node: let new_head_and_tail#2: bytes = φ(new_head_and_tail#0 <- block@0, new_head_and_tail#2 <- block@3) in block@3: // for_footer_L199
debug: Replacing trivial Phi node: let new_head_and_tail#2: bytes = φ(new_head_and_tail#0 <- block@0, new_head_and_tail#2 <- block@3) (new_head_and_tail#2) with new_head_and_tail#0
debug: Deleting Phi assignment: let new_head_and_tail#2: bytes = φ(new_head_and_tail#0 <- block@0, new_head_and_tail#2 <- block@3)
debug: Replaced trivial Phi node: let new_head_and_tail#2: bytes = φ(new_head_and_tail#0 <- block@0, new_head_and_tail#2 <- block@3) (new_head_and_tail#2) with new_head_and_tail#0 in current definition for 3 blocks
debug: Added new_head_and_tail#0 to Phi node: let new_head_and_tail#1: bytes = φ(new_head_and_tail#0 <- block@4) in block@4: // after_for_L199
debug: Added new_head_and_tail#1 to Phi node: let new_head_and_tail#1: bytes = φ(new_head_and_tail#0 <- block@4, new_head_and_tail#1 <- block@7) in block@7: // for_footer_L204
debug: Replacing trivial Phi node: let new_head_and_tail#1: bytes = φ(new_head_and_tail#0 <- block@4, new_head_and_tail#1 <- block@7) (new_head_and_tail#1) with new_head_and_tail#0
debug: Deleting Phi assignment: let new_head_and_tail#1: bytes = φ(new_head_and_tail#0 <- block@4, new_head_and_tail#1 <- block@7)
debug: Replaced trivial Phi node: let new_head_and_tail#1: bytes = φ(new_head_and_tail#0 <- block@4, new_head_and_tail#1 <- block@7) (new_head_and_tail#1) with new_head_and_tail#0 in current definition for 3 blocks
debug: Added new_head#1 to Phi node: let new_head#3: bytes = φ(new_head#1 <- block@4) in block@4: // after_for_L199
debug: Added new_head#4 to Phi node: let new_head#3: bytes = φ(new_head#1 <- block@4, new_head#4 <- block@7) in block@7: // for_footer_L204
debug: Added item_offset_adjustment#2 to Phi node: let item_offset_adjustment#3: uint64 = φ(item_offset_adjustment#2 <- block@4) in block@4: // after_for_L199
debug: Added item_offset_adjustment#3 to Phi node: let item_offset_adjustment#3: uint64 = φ(item_offset_adjustment#2 <- block@4, item_offset_adjustment#3 <- block@7) in block@7: // for_footer_L204
debug: Replacing trivial Phi node: let item_offset_adjustment#3: uint64 = φ(item_offset_adjustment#2 <- block@4, item_offset_adjustment#3 <- block@7) (item_offset_adjustment#3) with item_offset_adjustment#2
debug: Deleting Phi assignment: let item_offset_adjustment#3: uint64 = φ(item_offset_adjustment#2 <- block@4, item_offset_adjustment#3 <- block@7)
debug: Replaced trivial Phi node: let item_offset_adjustment#3: uint64 = φ(item_offset_adjustment#2 <- block@4, item_offset_adjustment#3 <- block@7) (item_offset_adjustment#3) with item_offset_adjustment#2 in current definition for 3 blocks
debug: Sealing block@8: // after_for_L204
debug: Created Phi assignment: let array_items_count#1: uint64 = undefined while trying to resolve 'array_items_count' in block@5: // for_header_L204
debug: Created Phi assignment: let array_items_count#2: uint64 = undefined while trying to resolve 'array_items_count' in block@1: // for_header_L199
debug: Added array_items_count#0 to Phi node: let array_items_count#2: uint64 = φ(array_items_count#0 <- block@0) in block@0: // L189
debug: Added array_items_count#2 to Phi node: let array_items_count#2: uint64 = φ(array_items_count#0 <- block@0, array_items_count#2 <- block@3) in block@3: // for_footer_L199
debug: Replacing trivial Phi node: let array_items_count#2: uint64 = φ(array_items_count#0 <- block@0, array_items_count#2 <- block@3) (array_items_count#2) with array_items_count#0
debug: Deleting Phi assignment: let array_items_count#2: uint64 = φ(array_items_count#0 <- block@0, array_items_count#2 <- block@3)
debug: Replaced trivial Phi node: let array_items_count#2: uint64 = φ(array_items_count#0 <- block@0, array_items_count#2 <- block@3) (array_items_count#2) with array_items_count#0 in current definition for 3 blocks
debug: Added array_items_count#0 to Phi node: let array_items_count#1: uint64 = φ(array_items_count#0 <- block@4) in block@4: // after_for_L199
debug: Added array_items_count#1 to Phi node: let array_items_count#1: uint64 = φ(array_items_count#0 <- block@4, array_items_count#1 <- block@7) in block@7: // for_footer_L204
debug: Replacing trivial Phi node: let array_items_count#1: uint64 = φ(array_items_count#0 <- block@4, array_items_count#1 <- block@7) (array_items_count#1) with array_items_count#0
debug: Deleting Phi assignment: let array_items_count#1: uint64 = φ(array_items_count#0 <- block@4, array_items_count#1 <- block@7)
debug: Replaced trivial Phi node: let array_items_count#1: uint64 = φ(array_items_count#0 <- block@4, array_items_count#1 <- block@7) (array_items_count#1) with array_items_count#0 in current definition for 3 blocks
debug: Created Phi assignment: let new_items_count#2: uint64 = undefined while trying to resolve 'new_items_count' in block@5: // for_header_L204
debug: Added new_items_count#0 to Phi node: let new_items_count#2: uint64 = φ(new_items_count#0 <- block@4) in block@4: // after_for_L199
debug: Added new_items_count#2 to Phi node: let new_items_count#2: uint64 = φ(new_items_count#0 <- block@4, new_items_count#2 <- block@7) in block@7: // for_footer_L204
debug: Replacing trivial Phi node: let new_items_count#2: uint64 = φ(new_items_count#0 <- block@4, new_items_count#2 <- block@7) (new_items_count#2) with new_items_count#0
debug: Deleting Phi assignment: let new_items_count#2: uint64 = φ(new_items_count#0 <- block@4, new_items_count#2 <- block@7)
debug: Replaced trivial Phi node: let new_items_count#2: uint64 = φ(new_items_count#0 <- block@4, new_items_count#2 <- block@7) (new_items_count#2) with new_items_count#0 in current definition for 3 blocks
debug: Created Phi assignment: let array_head_and_tail#2: bytes = undefined while trying to resolve 'array_head_and_tail' in block@5: // for_header_L204
debug: Added array_head_and_tail#0 to Phi node: let array_head_and_tail#2: bytes = φ(array_head_and_tail#0 <- block@4) in block@4: // after_for_L199
debug: Added array_head_and_tail#2 to Phi node: let array_head_and_tail#2: bytes = φ(array_head_and_tail#0 <- block@4, array_head_and_tail#2 <- block@7) in block@7: // for_footer_L204
debug: Replacing trivial Phi node: let array_head_and_tail#2: bytes = φ(array_head_and_tail#0 <- block@4, array_head_and_tail#2 <- block@7) (array_head_and_tail#2) with array_head_and_tail#0
debug: Deleting Phi assignment: let array_head_and_tail#2: bytes = φ(array_head_and_tail#0 <- block@4, array_head_and_tail#2 <- block@7)
debug: Replaced trivial Phi node: let array_head_and_tail#2: bytes = φ(array_head_and_tail#0 <- block@4, array_head_and_tail#2 <- block@7) (array_head_and_tail#2) with array_head_and_tail#0 in current definition for 3 blocks
debug: Terminated block@8: // after_for_L204
debug: Sealing block@0: // L217
debug: Terminated block@0: // L217
debug: Sealing block@0: // L240
debug: Terminated block@0: // L240
debug: Sealing block@0: // L252
debug: Terminated block@0: // L252
debug: Looking for 'head_offset' in an unsealed block creating an incomplete Phi: block@1: // for_header_L269
debug: Created Phi assignment: let head_offset#1: uint64 = undefined while trying to resolve 'head_offset' in block@1: // for_header_L269
debug: Terminated block@1: // for_header_L269
debug: Sealing block@2: // for_body_L270
debug: Looking for 'new_head_and_tail' in an unsealed block creating an incomplete Phi: block@1: // for_header_L269
debug: Created Phi assignment: let new_head_and_tail#1: bytes = undefined while trying to resolve 'new_head_and_tail' in block@1: // for_header_L269
debug: Looking for 'new_item_length' in an unsealed block creating an incomplete Phi: block@1: // for_header_L269
debug: Created Phi assignment: let new_item_length#1: uint64 = undefined while trying to resolve 'new_item_length' in block@1: // for_header_L269
debug: Looking for 'original_item_length' in an unsealed block creating an incomplete Phi: block@1: // for_header_L269
debug: Created Phi assignment: let original_item_length#1: uint64 = undefined while trying to resolve 'original_item_length' in block@1: // for_header_L269
debug: Terminated block@2: // for_body_L270
debug: Sealing block@3: // for_footer_L269
debug: Terminated block@3: // for_footer_L269
debug: Sealing block@1: // for_header_L269
debug: Added head_offset#0 to Phi node: let head_offset#1: uint64 = φ(head_offset#0 <- block@0) in block@0: // L252
debug: Added head_offset#2 to Phi node: let head_offset#1: uint64 = φ(head_offset#0 <- block@0, head_offset#2 <- block@3) in block@3: // for_footer_L269
debug: Added new_head_and_tail#0 to Phi node: let new_head_and_tail#1: bytes = φ(new_head_and_tail#0 <- block@0) in block@0: // L252
debug: Added new_head_and_tail#2 to Phi node: let new_head_and_tail#1: bytes = φ(new_head_and_tail#0 <- block@0, new_head_and_tail#2 <- block@3) in block@3: // for_footer_L269
debug: Added new_item_length#0 to Phi node: let new_item_length#1: uint64 = φ(new_item_length#0 <- block@0) in block@0: // L252
debug: Added new_item_length#1 to Phi node: let new_item_length#1: uint64 = φ(new_item_length#0 <- block@0, new_item_length#1 <- block@3) in block@3: // for_footer_L269
debug: Replacing trivial Phi node: let new_item_length#1: uint64 = φ(new_item_length#0 <- block@0, new_item_length#1 <- block@3) (new_item_length#1) with new_item_length#0
debug: Deleting Phi assignment: let new_item_length#1: uint64 = φ(new_item_length#0 <- block@0, new_item_length#1 <- block@3)
debug: Replaced trivial Phi node: let new_item_length#1: uint64 = φ(new_item_length#0 <- block@0, new_item_length#1 <- block@3) (new_item_length#1) with new_item_length#0 in current definition for 3 blocks
debug: Added original_item_length#0 to Phi node: let original_item_length#1: uint64 = φ(original_item_length#0 <- block@0) in block@0: // L252
debug: Added original_item_length#1 to Phi node: let original_item_length#1: uint64 = φ(original_item_length#0 <- block@0, original_item_length#1 <- block@3) in block@3: // for_footer_L269
debug: Replacing trivial Phi node: let original_item_length#1: uint64 = φ(original_item_length#0 <- block@0, original_item_length#1 <- block@3) (original_item_length#1) with original_item_length#0
debug: Deleting Phi assignment: let original_item_length#1: uint64 = φ(original_item_length#0 <- block@0, original_item_length#1 <- block@3)
debug: Replaced trivial Phi node: let original_item_length#1: uint64 = φ(original_item_length#0 <- block@0, original_item_length#1 <- block@3) (original_item_length#1) with original_item_length#0 in current definition for 3 blocks
debug: Sealing block@4: // after_for_L269
debug: Terminated block@4: // after_for_L269
debug: Sealing block@0: // L278
debug: Terminated block@0: // L278
debug: Sealing block@0: // L306
debug: Terminated block@0: // L306
debug: Looking for 'head_offset' in an unsealed block creating an incomplete Phi: block@1: // for_header_L327
debug: Created Phi assignment: let head_offset#1: uint64 = undefined while trying to resolve 'head_offset' in block@1: // for_header_L327
debug: Terminated block@1: // for_header_L327
debug: Sealing block@2: // for_body_L328
debug: Looking for 'tail_offset' in an unsealed block creating an incomplete Phi: block@1: // for_header_L327
debug: Created Phi assignment: let tail_offset#1: uint64 = undefined while trying to resolve 'tail_offset' in block@1: // for_header_L327
debug: Looking for 'array_head_and_tail' in an unsealed block creating an incomplete Phi: block@1: // for_header_L327
debug: Created Phi assignment: let array_head_and_tail#1: bytes = undefined while trying to resolve 'array_head_and_tail' in block@1: // for_header_L327
debug: Terminated block@2: // for_body_L328
debug: Sealing block@3: // for_footer_L327
debug: Terminated block@3: // for_footer_L327
debug: Sealing block@1: // for_header_L327
debug: Added head_offset#0 to Phi node: let head_offset#1: uint64 = φ(head_offset#0 <- block@0) in block@0: // L306
debug: Added head_offset#3 to Phi node: let head_offset#1: uint64 = φ(head_offset#0 <- block@0, head_offset#3 <- block@3) in block@3: // for_footer_L327
debug: Added tail_offset#0 to Phi node: let tail_offset#1: uint64 = φ(tail_offset#0 <- block@0) in block@0: // L306
debug: Added tail_offset#2 to Phi node: let tail_offset#1: uint64 = φ(tail_offset#0 <- block@0, tail_offset#2 <- block@3) in block@3: // for_footer_L327
debug: Added array_head_and_tail#0 to Phi node: let array_head_and_tail#1: bytes = φ(array_head_and_tail#0 <- block@0) in block@0: // L306
debug: Added array_head_and_tail#2 to Phi node: let array_head_and_tail#1: bytes = φ(array_head_and_tail#0 <- block@0, array_head_and_tail#2 <- block@3) in block@3: // for_footer_L327
debug: Sealing block@4: // after_for_L327
debug: Terminated block@4: // after_for_L327
debug: Sealing block@0: // L14
debug: Terminated block@0: // L14
debug: Sealing block@1: // abi_routing_L14
debug: Terminated block@1: // abi_routing_L14
debug: Sealing block@2: // bare_routing_L14
debug: Terminated block@2: // bare_routing_L14
debug: Sealing block@3: // after_if_else_L14
debug: Terminated block@3: // after_if_else_L14
debug: Sealing block@0: // L15
debug: Terminated block@0: // L15
debug: Sealing block@0: // L84
debug: Terminated block@0: // L84
debug: Sealing block@0: // L89
debug: Terminated block@0: // L89
debug: Sealing block@0: // L79
debug: Terminated block@0: // L79
debug: Sealing block@0: // L1
debug: Terminated block@0: // L1
debug: Sealing block@1: // call __init___L1
debug: Terminated block@1: // call __init___L1
debug: Sealing block@2: // after_if_else_L1
debug: Terminated block@2: // after_if_else_L1
debug: Sealing block@0: // L75
debug: Terminated block@0: // L75
debug: Output IR to global_state/out/AppStateContract.ssa.ir
info: optimizing examples.global_state.contract.AppStateContract at level 1
debug: Begin optimization pass 1/100
debug: Optimizing subroutine examples.global_state.contract.AppStateContract.approval_program
debug: Splitting parallel copies prior to optimization
debug: Optimizer: Constant Replacer
debug: Optimizer: Copy Propagation
debug: Found equivalence set: maybe_value%4#0, i_value#0
debug: Replacing {maybe_value%4#0} with i_value#0 made 1 modifications
debug: Found equivalence set: maybe_exists%4#0, i_exists#0
debug: Replacing {maybe_exists%4#0} with i_exists#0 made 1 modifications
debug: Found equivalence set: maybe_value%10#0, b_value#0
debug: Replacing {maybe_value%10#0} with b_value#0 made 1 modifications
debug: Found equivalence set: maybe_exists%10#0, b_exists#0
debug: Replacing {maybe_exists%10#0} with b_exists#0 made 1 modifications
debug: Found equivalence set: maybe_value%11#0, b_value#1
debug: Replacing {maybe_value%11#0} with b_value#1 made 1 modifications
debug: Found equivalence set: maybe_exists%11#0, b_exists#1
debug: Replacing {maybe_exists%11#0} with b_exists#1 made 1 modifications
debug: Optimizer: Intrinsic Simplifier
debug: Optimizer: Remove Unused Variables
debug: Optimizer: Remove Unused Ops
debug: Optimizer: Inner Txn Field Replacer
debug: Optimizer: Replace Compiled References
debug: Optimizer: Simplify Control Ops
debug: Optimizer: Remove Linear Jump
debug: Optimizer: Remove Empty Blocks
debug: Optimizer: Remove Unreachable Blocks
debug: Optimizer: Repeated Expression Elimination
debug: Optimizer: Remove Calls To No Op Subroutines
debug: Optimizing subroutine examples.global_state.contract.AppStateContract.__init__
debug: Splitting parallel copies prior to optimization
debug: Optimizer: Constant Replacer
debug: Optimizer: Copy Propagation
debug: Optimizer: Intrinsic Simplifier
debug: Optimizer: Remove Unused Variables
debug: Optimizer: Remove Unused Ops
debug: Optimizer: Inner Txn Field Replacer
debug: Optimizer: Replace Compiled References
debug: Optimizer: Simplify Control Ops
debug: Optimizer: Remove Linear Jump
debug: Optimizer: Remove Empty Blocks
debug: Optimizer: Remove Unreachable Blocks
debug: Optimizer: Repeated Expression Elimination
debug: Optimizer: Remove Calls To No Op Subroutines
debug: Optimizing subroutine examples.global_state.contract.read_global_uint64
debug: Splitting parallel copies prior to optimization
debug: Optimizer: Constant Replacer
debug: Optimizer: Copy Propagation
debug: Optimizer: Intrinsic Simplifier
debug: Optimizer: Remove Unused Variables
debug: Optimizer: Remove Unused Ops
debug: Optimizer: Inner Txn Field Replacer
debug: Optimizer: Replace Compiled References
debug: Optimizer: Simplify Control Ops
debug: Optimizer: Remove Linear Jump
debug: Optimizer: Remove Empty Blocks
debug: Optimizer: Remove Unreachable Blocks
debug: Optimizer: Repeated Expression Elimination
debug: Optimizer: Remove Calls To No Op Subroutines
debug: Optimizing subroutine examples.global_state.contract.read_global_bytes
debug: Splitting parallel copies prior to optimization
debug: Optimizer: Constant Replacer
debug: Optimizer: Copy Propagation
debug: Optimizer: Intrinsic Simplifier
debug: Optimizer: Remove Unused Variables
debug: Optimizer: Remove Unused Ops
debug: Optimizer: Inner Txn Field Replacer
debug: Optimizer: Replace Compiled References
debug: Optimizer: Simplify Control Ops
debug: Optimizer: Remove Linear Jump
debug: Optimizer: Remove Empty Blocks
debug: Optimizer: Remove Unreachable Blocks
debug: Optimizer: Repeated Expression Elimination
debug: Optimizer: Remove Calls To No Op Subroutines
debug: Optimizing subroutine examples.global_state.contract.get_global_state_plus_1
debug: Splitting parallel copies prior to optimization
debug: Optimizer: Constant Replacer
debug: Optimizer: Copy Propagation
debug: Optimizer: Intrinsic Simplifier
debug: Optimizer: Remove Unused Variables
debug: Optimizer: Remove Unused Ops
debug: Optimizer: Inner Txn Field Replacer
debug: Optimizer: Replace Compiled References
debug: Optimizer: Simplify Control Ops
debug: Optimizer: Remove Linear Jump
debug: Optimizer: Remove Empty Blocks
debug: Optimizer: Remove Unreachable Blocks
debug: Optimizer: Repeated Expression Elimination
debug: Optimizer: Remove Calls To No Op Subroutines
debug: Optimizing subroutine examples.global_state.contract.AppStateContract.clear_state_program
debug: Splitting parallel copies prior to optimization
debug: Optimizer: Constant Replacer
debug: Optimizer: Copy Propagation
debug: Optimizer: Intrinsic Simplifier
debug: Optimizer: Remove Unused Variables
debug: Optimizer: Remove Unused Ops
debug: Optimizer: Inner Txn Field Replacer
debug: Optimizer: Replace Compiled References
debug: Optimizer: Simplify Control Ops
debug: Optimizer: Remove Linear Jump
debug: Optimizer: Remove Empty Blocks
debug: Optimizer: Remove Unreachable Blocks
debug: Optimizer: Repeated Expression Elimination
debug: Optimizer: Remove Calls To No Op Subroutines
debug: Output IR to global_state/out/AppStateContract.ssa.opt_pass_1.ir
debug: Begin optimization pass 2/100
debug: Optimizing subroutine examples.global_state.contract.AppStateContract.approval_program
debug: Optimizer: Constant Replacer
debug: Optimizer: Copy Propagation
debug: Optimizer: Intrinsic Simplifier
debug: Optimizer: Remove Unused Variables
debug: Optimizer: Remove Unused Ops
debug: Optimizer: Inner Txn Field Replacer
debug: Optimizer: Replace Compiled References
debug: Optimizer: Simplify Control Ops
debug: Optimizer: Remove Linear Jump
debug: Optimizer: Remove Empty Blocks
debug: Optimizer: Remove Unreachable Blocks
debug: Optimizer: Repeated Expression Elimination
debug: Optimizer: Remove Calls To No Op Subroutines
debug: Optimizing subroutine examples.global_state.contract.AppStateContract.__init__
debug: Optimizer: Constant Replacer
debug: Optimizer: Copy Propagation
debug: Optimizer: Intrinsic Simplifier
debug: Optimizer: Remove Unused Variables
debug: Optimizer: Remove Unused Ops
debug: Optimizer: Inner Txn Field Replacer
debug: Optimizer: Replace Compiled References
debug: Optimizer: Simplify Control Ops
debug: Optimizer: Remove Linear Jump
debug: Optimizer: Remove Empty Blocks
debug: Optimizer: Remove Unreachable Blocks
debug: Optimizer: Repeated Expression Elimination
debug: Optimizer: Remove Calls To No Op Subroutines
debug: Optimizing subroutine examples.global_state.contract.read_global_uint64
debug: Optimizer: Constant Replacer
debug: Optimizer: Copy Propagation
debug: Optimizer: Intrinsic Simplifier
debug: Optimizer: Remove Unused Variables
debug: Optimizer: Remove Unused Ops
debug: Optimizer: Inner Txn Field Replacer
debug: Optimizer: Replace Compiled References
debug: Optimizer: Simplify Control Ops
debug: Optimizer: Remove Linear Jump
debug: Optimizer: Remove Empty Blocks
debug: Optimizer: Remove Unreachable Blocks
debug: Optimizer: Repeated Expression Elimination
debug: Optimizer: Remove Calls To No Op Subroutines
debug: Optimizing subroutine examples.global_state.contract.read_global_bytes
debug: Optimizer: Constant Replacer
debug: Optimizer: Copy Propagation
debug: Optimizer: Intrinsic Simplifier
debug: Optimizer: Remove Unused Variables
debug: Optimizer: Remove Unused Ops
debug: Optimizer: Inner Txn Field Replacer
debug: Optimizer: Replace Compiled References
debug: Optimizer: Simplify Control Ops
debug: Optimizer: Remove Linear Jump
debug: Optimizer: Remove Empty Blocks
debug: Optimizer: Remove Unreachable Blocks
debug: Optimizer: Repeated Expression Elimination
debug: Optimizer: Remove Calls To No Op Subroutines
debug: Optimizing subroutine examples.global_state.contract.get_global_state_plus_1
debug: Optimizer: Constant Replacer
debug: Optimizer: Copy Propagation
debug: Optimizer: Intrinsic Simplifier
debug: Optimizer: Remove Unused Variables
debug: Optimizer: Remove Unused Ops
debug: Optimizer: Inner Txn Field Replacer
debug: Optimizer: Replace Compiled References
debug: Optimizer: Simplify Control Ops
debug: Optimizer: Remove Linear Jump
debug: Optimizer: Remove Empty Blocks
debug: Optimizer: Remove Unreachable Blocks
debug: Optimizer: Repeated Expression Elimination
debug: Optimizer: Remove Calls To No Op Subroutines
debug: Optimizing subroutine examples.global_state.contract.AppStateContract.clear_state_program
debug: Optimizer: Constant Replacer
debug: Optimizer: Copy Propagation
debug: Optimizer: Intrinsic Simplifier
debug: Optimizer: Remove Unused Variables
debug: Optimizer: Remove Unused Ops
debug: Optimizer: Inner Txn Field Replacer
debug: Optimizer: Replace Compiled References
debug: Optimizer: Simplify Control Ops
debug: Optimizer: Remove Linear Jump
debug: Optimizer: Remove Empty Blocks
debug: Optimizer: Remove Unreachable Blocks
debug: Optimizer: Repeated Expression Elimination
debug: Optimizer: Remove Calls To No Op Subroutines
debug: No optimizations performed in pass 2, ending loop
debug: Removing Phis from examples.global_state.contract.AppStateContract.approval_program
debug: Removing Phis from examples.global_state.contract.AppStateContract.__init__
debug: Removing Phis from examples.global_state.contract.read_global_uint64
debug: Removing Phis from examples.global_state.contract.read_global_bytes
debug: Removing Phis from examples.global_state.contract.get_global_state_plus_1
debug: Removing Phis from examples.global_state.contract.AppStateContract.clear_state_program
debug: Coalescing local variables in examples.global_state.contract.AppStateContract.approval_program using strategy RootOperandGrouping
debug: Coalescing b_value#0 with [b_value#1]
debug: Coalescing b_exists#0 with [b_exists#1]
debug: Coalescing resulted in 3 replacement/s
debug: Coalescing local variables in examples.global_state.contract.AppStateContract.__init__ using strategy RootOperandGrouping
debug: Coalescing resulted in 0 replacement/s
debug: Coalescing local variables in examples.global_state.contract.read_global_uint64 using strategy RootOperandGrouping
debug: Coalescing resulted in 0 replacement/s
debug: Coalescing local variables in examples.global_state.contract.read_global_bytes using strategy RootOperandGrouping
debug: Coalescing resulted in 0 replacement/s
debug: Coalescing local variables in examples.global_state.contract.get_global_state_plus_1 using strategy RootOperandGrouping
debug: Coalescing resulted in 0 replacement/s
debug: Coalescing local variables in examples.global_state.contract.AppStateContract.clear_state_program using strategy RootOperandGrouping
debug: Coalescing resulted in 0 replacement/s
debug: Sequentializing parallel copies in examples.global_state.contract.AppStateContract.approval_program
debug: Sequentializing parallel copies in examples.global_state.contract.AppStateContract.__init__
debug: Sequentializing parallel copies in examples.global_state.contract.read_global_uint64
debug: Sequentializing parallel copies in examples.global_state.contract.read_global_bytes
debug: Sequentializing parallel copies in examples.global_state.contract.get_global_state_plus_1
debug: Sequentializing parallel copies in examples.global_state.contract.AppStateContract.clear_state_program
debug: Performing post-SSA optimizations
debug: Output IR to global_state/out/AppStateContract.destructured.ir
debug: Inserted main_block@0.ops[1]: 'l-store-copy tmp%0#0 0'
debug: Replaced main_block@0.ops[3]: 'v-load tmp%0#0' with 'l-load tmp%0#0'
debug: Inserted main_after_if_else@2.ops[10]: 'l-store-copy tmp%1#0 0'
debug: Replaced main_after_if_else@2.ops[12]: 'v-load tmp%1#0' with 'l-load tmp%1#0'
debug: Inserted main_after_if_else@2.ops[31]: 'l-store-copy tmp%2#0 0'
debug: Replaced main_after_if_else@2.ops[33]: 'v-load tmp%2#0' with 'l-load tmp%2#0'
debug: Inserted main_after_if_else@2.ops[42]: 'l-store-copy tmp%3#0 0'
debug: Replaced main_after_if_else@2.ops[44]: 'v-load tmp%3#0' with 'l-load tmp%3#0'
debug: Inserted main_after_if_else@2.ops[59]: 'l-store-copy tmp%4#0 0'
debug: Replaced main_after_if_else@2.ops[61]: 'v-load tmp%4#0' with 'l-load tmp%4#0'
debug: Inserted main_after_if_else@2.ops[65]: 'l-store-copy tmp%5#0 0'
debug: Replaced main_after_if_else@2.ops[67]: 'v-load tmp%5#0' with 'l-load tmp%5#0'
debug: Inserted main_after_if_else@2.ops[70]: 'l-store-copy tmp%6#0 0'
debug: Replaced main_after_if_else@2.ops[72]: 'v-load tmp%6#0' with 'l-load tmp%6#0'
debug: Inserted main_after_if_else@2.ops[84]: 'l-store-copy tmp%7#0 0'
debug: Replaced main_after_if_else@2.ops[86]: 'v-load tmp%7#0' with 'l-load tmp%7#0'
debug: Inserted main_after_if_else@2.ops[105]: 'l-store-copy tmp%8#0 0'
debug: Replaced main_after_if_else@2.ops[107]: 'v-load tmp%8#0' with 'l-load tmp%8#0'
debug: Inserted main_after_if_else@2.ops[118]: 'l-store-copy tmp%9#0 0'
debug: Replaced main_after_if_else@2.ops[120]: 'v-load tmp%9#0' with 'l-load tmp%9#0'
debug: Inserted main_after_if_else@2.ops[123]: 'l-store-copy tmp%10#0 0'
debug: Replaced main_after_if_else@2.ops[125]: 'v-load tmp%10#0' with 'l-load tmp%10#0'
debug: Inserted main_after_if_else@2.ops[134]: 'l-store-copy tmp%11#0 0'
debug: Replaced main_after_if_else@2.ops[136]: 'v-load tmp%11#0' with 'l-load tmp%11#0'
debug: Inserted main_after_if_else@2.ops[151]: 'l-store-copy tmp%12#0 0'
debug: Replaced main_after_if_else@2.ops[153]: 'v-load tmp%12#0' with 'l-load tmp%12#0'
debug: Inserted main_after_if_else@2.ops[157]: 'l-store-copy tmp%13#0 0'
debug: Replaced main_after_if_else@2.ops[159]: 'v-load tmp%13#0' with 'l-load tmp%13#0'
debug: Inserted main_after_if_else@2.ops[162]: 'l-store-copy tmp%14#0 0'
debug: Replaced main_after_if_else@2.ops[164]: 'v-load tmp%14#0' with 'l-load tmp%14#0'
debug: Inserted main_after_if_else@2.ops[175]: 'l-store-copy tmp%15#0 0'
debug: Replaced main_after_if_else@2.ops[177]: 'v-load tmp%15#0' with 'l-load tmp%15#0'
debug: Inserted main_after_if_else@2.ops[188]: 'l-store-copy tmp%16#0 0'
debug: Replaced main_after_if_else@2.ops[190]: 'v-load tmp%16#0' with 'l-load tmp%16#0'
debug: Inserted main_after_if_else@2.ops[193]: 'l-store-copy tmp%17#0 0'
debug: Replaced main_after_if_else@2.ops[195]: 'v-load tmp%17#0' with 'l-load tmp%17#0'
debug: Inserted main_after_if_else@2.ops[211]: 'l-store-copy tmp%18#0 0'
debug: Replaced main_after_if_else@2.ops[213]: 'v-load tmp%18#0' with 'l-load tmp%18#0'
debug: Inserted main_after_if_else@2.ops[227]: 'l-store-copy tmp%19#0 0'
debug: Replaced main_after_if_else@2.ops[229]: 'v-load tmp%19#0' with 'l-load tmp%19#0'
debug: Inserted main_after_if_else@2.ops[251]: 'l-store-copy tmp%20#0 0'
debug: Replaced main_after_if_else@2.ops[253]: 'v-load tmp%20#0' with 'l-load tmp%20#0'
debug: Inserted main_after_if_else@2.ops[256]: 'l-store-copy tmp%21#0 0'
debug: Replaced main_after_if_else@2.ops[258]: 'v-load tmp%21#0' with 'l-load tmp%21#0'
debug: Inserted main_after_if_else@2.ops[3]: 'l-store-copy maybe_exists%0#0 1'
debug: Replaced main_after_if_else@2.ops[6]: 'v-load maybe_exists%0#0' with 'l-load maybe_exists%0#0'
debug: Inserted main_after_if_else@2.ops[18]: 'l-store-copy maybe_exists%1#0 1'
debug: Replaced main_after_if_else@2.ops[21]: 'v-load maybe_exists%1#0' with 'l-load maybe_exists%1#0'
debug: Inserted main_after_if_else@2.ops[26]: 'l-store-copy maybe_exists%2#0 1'
debug: Replaced main_after_if_else@2.ops[29]: 'v-load maybe_exists%2#0' with 'l-load maybe_exists%2#0'
debug: Inserted main_after_if_else@2.ops[41]: 'l-store-copy maybe_exists%3#0 1'
debug: Replaced main_after_if_else@2.ops[44]: 'v-load maybe_exists%3#0' with 'l-load maybe_exists%3#0'
debug: Inserted main_after_if_else@2.ops[56]: 'l-store-copy i_exists#0 1'
debug: Replaced main_after_if_else@2.ops[59]: 'v-load i_exists#0' with 'l-load i_exists#0'
debug: Inserted main_after_if_else@2.ops[82]: 'l-store-copy maybe_exists%5#0 1'
debug: Replaced main_after_if_else@2.ops[85]: 'v-load maybe_exists%5#0' with 'l-load maybe_exists%5#0'
debug: Inserted main_after_if_else@2.ops[97]: 'l-store-copy maybe_exists%6#0 1'
debug: Replaced main_after_if_else@2.ops[100]: 'v-load maybe_exists%6#0' with 'l-load maybe_exists%6#0'
debug: Inserted main_after_if_else@2.ops[105]: 'l-store-copy maybe_exists%7#0 1'
debug: Replaced main_after_if_else@2.ops[108]: 'v-load maybe_exists%7#0' with 'l-load maybe_exists%7#0'
debug: Inserted main_after_if_else@2.ops[121]: 'l-store-copy maybe_value%8#0 0'
debug: Replaced main_after_if_else@2.ops[124]: 'v-load maybe_value%8#0' with 'l-load maybe_value%8#0'
debug: Inserted main_after_if_else@2.ops[139]: 'l-store-copy maybe_exists%9#0 1'
debug: Replaced main_after_if_else@2.ops[142]: 'v-load maybe_exists%9#0' with 'l-load maybe_exists%9#0'
debug: Inserted main_after_if_else@2.ops[154]: 'l-store-copy b_exists#0 1'
debug: Replaced main_after_if_else@2.ops[157]: 'v-load b_exists#0' with 'l-load b_exists#0'
debug: Inserted main_after_if_else@2.ops[182]: 'l-store-copy b_exists#0 1'
debug: Replaced main_after_if_else@2.ops[185]: 'v-load b_exists#0' with 'l-load b_exists#0'
debug: Inserted main_after_if_else@2.ops[195]: 'l-store-copy maybe_value%12#0 0'
debug: Replaced main_after_if_else@2.ops[198]: 'v-load maybe_value%12#0' with 'l-load maybe_value%12#0'
debug: Inserted main_after_if_else@2.ops[213]: 'l-store-copy maybe_exists%13#0 1'
debug: Replaced main_after_if_else@2.ops[216]: 'v-load maybe_exists%13#0' with 'l-load maybe_exists%13#0'
debug: Inserted main_after_if_else@2.ops[221]: 'l-store-copy maybe_exists%14#0 1'
debug: Replaced main_after_if_else@2.ops[224]: 'v-load maybe_exists%14#0' with 'l-load maybe_exists%14#0'
debug: Inserted main_after_if_else@2.ops[236]: 'l-store-copy maybe_exists%15#0 1'
debug: Replaced main_after_if_else@2.ops[239]: 'v-load maybe_exists%15#0' with 'l-load maybe_exists%15#0'
debug: Inserted main_after_if_else@2.ops[250]: 'l-store-copy maybe_exists%16#0 1'
debug: Replaced main_after_if_else@2.ops[253]: 'v-load maybe_exists%16#0' with 'l-load maybe_exists%16#0'
debug: Inserted main_after_if_else@2.ops[260]: 'l-store-copy maybe_exists%17#0 1'
debug: Replaced main_after_if_else@2.ops[263]: 'v-load maybe_exists%17#0' with 'l-load maybe_exists%17#0'
debug: Inserted main_after_if_else@2.ops[5]: 'l-store-copy maybe_value%0#0 1'
debug: Replaced main_after_if_else@2.ops[9]: 'v-load maybe_value%0#0' with 'l-load maybe_value%0#0'
debug: Inserted main_after_if_else@2.ops[29]: 'l-store-copy maybe_value%2#0 1'
debug: Replaced main_after_if_else@2.ops[33]: 'v-load maybe_value%2#0' with 'l-load maybe_value%2#0'
debug: Inserted main_after_if_else@2.ops[60]: 'l-store-copy i_value#0 1'
debug: Replaced main_after_if_else@2.ops[64]: 'v-load i_value#0' with 'l-load i_value#0'
debug: Inserted main_after_if_else@2.ops[87]: 'l-store-copy maybe_value%5#0 1'
debug: Replaced main_after_if_else@2.ops[91]: 'v-load maybe_value%5#0' with 'l-load maybe_value%5#0'
debug: Inserted main_after_if_else@2.ops[111]: 'l-store-copy maybe_value%7#0 1'
debug: Replaced main_after_if_else@2.ops[115]: 'v-load maybe_value%7#0' with 'l-load maybe_value%7#0'
debug: Inserted main_after_if_else@2.ops[161]: 'l-store-copy b_value#0 1'
debug: Replaced main_after_if_else@2.ops[165]: 'v-load b_value#0' with 'l-load b_value#0'
debug: Inserted main_after_if_else@2.ops[244]: 'l-store-copy maybe_value%15#0 1'
debug: Replaced main_after_if_else@2.ops[248]: 'v-load maybe_value%15#0' with 'l-load maybe_value%15#0'
debug: Inserted main_after_if_else@2.ops[259]: 'l-store-copy maybe_value%16#0 1'
debug: Replaced main_after_if_else@2.ops[263]: 'v-load maybe_value%16#0' with 'l-load maybe_value%16#0'
debug: Inserted main_after_if_else@2.ops[270]: 'l-store-copy maybe_value%17#0 1'
debug: Replaced main_after_if_else@2.ops[274]: 'v-load maybe_value%17#0' with 'l-load maybe_value%17#0'
debug: Inserted main_after_if_else@2.ops[125]: 'l-store-copy maybe_exists%8#0 1'
debug: Replaced main_after_if_else@2.ops[131]: 'v-load maybe_exists%8#0' with 'l-load maybe_exists%8#0'
debug: Inserted main_after_if_else@2.ops[201]: 'l-store-copy maybe_exists%12#0 1'
debug: Replaced main_after_if_else@2.ops[207]: 'v-load maybe_exists%12#0' with 'l-load maybe_exists%12#0'
debug: Inserted read_global_uint64_block@0.ops[3]: 'l-store-copy maybe_exists%0#0 1'
debug: Replaced read_global_uint64_block@0.ops[6]: 'v-load maybe_exists%0#0' with 'l-load maybe_exists%0#0'
debug: Inserted read_global_uint64_block@0.ops[5]: 'l-store-copy maybe_value%0#0 1'
debug: Replaced read_global_uint64_block@0.ops[9]: 'v-load maybe_value%0#0' with 'l-load maybe_value%0#0'
debug: Inserted read_global_bytes_block@0.ops[3]: 'l-store-copy maybe_exists%0#0 1'
debug: Replaced read_global_bytes_block@0.ops[6]: 'v-load maybe_exists%0#0' with 'l-load maybe_exists%0#0'
debug: Inserted read_global_bytes_block@0.ops[5]: 'l-store-copy maybe_value%0#0 1'
debug: Replaced read_global_bytes_block@0.ops[9]: 'v-load maybe_value%0#0' with 'l-load maybe_value%0#0'
debug: Inserted get_global_state_plus_1_block@0.ops[10]: 'l-store-copy tmp%0#0 0'
debug: Replaced get_global_state_plus_1_block@0.ops[12]: 'v-load tmp%0#0' with 'l-load tmp%0#0'
debug: Inserted get_global_state_plus_1_block@0.ops[3]: 'l-store-copy maybe_exists%0#0 1'
debug: Replaced get_global_state_plus_1_block@0.ops[6]: 'v-load maybe_exists%0#0' with 'l-load maybe_exists%0#0'
debug: Inserted get_global_state_plus_1_block@0.ops[5]: 'l-store-copy maybe_value%0#0 1'
debug: Replaced get_global_state_plus_1_block@0.ops[9]: 'v-load maybe_value%0#0' with 'l-load maybe_value%0#0'
debug: Found 1 edge set/s for examples.global_state.contract.AppStateContract.approval_program
info: Writing global_state/out/AppStateContract.approval.teal
info: Writing global_state/out/AppStateContract.clear.teal
info: Writing global_state/out/AppStateContract.approval.bin
info: Writing global_state/out/AppStateContract.clear.bin
info: Writing global_state/out/AppStateContract.approval.puya.map
info: Writing global_state/out/AppStateContract.clear.puya.map