PC  Teal                                                               Stack
1
10
13  byte ""                                                            <empty bytes[]>
14  callsub test_self_ref_phi                                          <empty bytes[]>
134 proto 0 1                                                          <empty bytes[]>
137 int 1                                                              <empty bytes[]>, 1
138 frame_dig 0                                                        <empty bytes[]>, 1, 1
140 int 100                                                            <empty bytes[]>, 1, 1, 100
141 <                                                                  <empty bytes[]>, 1, 1
142 bz test_self_ref_phi_after_while@7                                 <empty bytes[]>, 1
145 frame_dig 0                                                        <empty bytes[]>, 1, 1
147 int 105                                                            <empty bytes[]>, 1, 1, 105
149 %                                                                  <empty bytes[]>, 1, 1
150 int 0                                                              <empty bytes[]>, 1, 1, 0
151 ==                                                                 <empty bytes[]>, 1, 0
152 bz test_self_ref_phi_after_if_else@4                               <empty bytes[]>, 1
158 frame_dig 0                                                        <empty bytes[]>, 1, 1
160 int 21                                                             <empty bytes[]>, 1, 1, 21
162 %                                                                  <empty bytes[]>, 1, 1
163 bnz test_self_ref_phi_after_if_else@6                              <empty bytes[]>, 1
169 frame_dig 0                                                        <empty bytes[]>, 1, 1
171 int 1                                                              <empty bytes[]>, 1, 1, 1
172 +                                                                  <empty bytes[]>, 1, 2
173 frame_bury 0                                                       <empty bytes[]>, 2
175 b test_self_ref_phi_while_top@1                                    <empty bytes[]>, 2
138 frame_dig 0                                                        <empty bytes[]>, 2, 2
140 int 100                                                            <empty bytes[]>, 2, 2, 100
141 <                                                                  <empty bytes[]>, 2, 1
142 bz test_self_ref_phi_after_while@7                                 <empty bytes[]>, 2
145 frame_dig 0                                                        <empty bytes[]>, 2, 2
147 int 105                                                            <empty bytes[]>, 2, 2, 105
149 %                                                                  <empty bytes[]>, 2, 2
150 int 0                                                              <empty bytes[]>, 2, 2, 0
151 ==                                                                 <empty bytes[]>, 2, 0
152 bz test_self_ref_phi_after_if_else@4                               <empty bytes[]>, 2
158 frame_dig 0                                                        <empty bytes[]>, 2, 2
160 int 21                                                             <empty bytes[]>, 2, 2, 21
162 %                                                                  <empty bytes[]>, 2, 2
163 bnz test_self_ref_phi_after_if_else@6                              <empty bytes[]>, 2
169 frame_dig 0                                                        <empty bytes[]>, 2, 2
171 int 1                                                              <empty bytes[]>, 2, 2, 1
172 +                                                                  <empty bytes[]>, 2, 3
173 frame_bury 0                                                       <empty bytes[]>, 3
175 b test_self_ref_phi_while_top@1                                    <empty bytes[]>, 3
138 frame_dig 0                                                        <empty bytes[]>, 3, 3
140 int 100                                                            <empty bytes[]>, 3, 3, 100
141 <                                                                  <empty bytes[]>, 3, 1
142 bz test_self_ref_phi_after_while@7                                 <empty bytes[]>, 3
145 frame_dig 0                                                        <empty bytes[]>, 3, 3
147 int 105                                                            <empty bytes[]>, 3, 3, 105
149 %                                                                  <empty bytes[]>, 3, 3
150 int 0                                                              <empty bytes[]>, 3, 3, 0
151 ==                                                                 <empty bytes[]>, 3, 0
152 bz test_self_ref_phi_after_if_else@4                               <empty bytes[]>, 3
158 frame_dig 0                                                        <empty bytes[]>, 3, 3
160 int 21                                                             <empty bytes[]>, 3, 3, 21
162 %                                                                  <empty bytes[]>, 3, 3
163 bnz test_self_ref_phi_after_if_else@6                              <empty bytes[]>, 3
169 frame_dig 0                                                        <empty bytes[]>, 3, 3
171 int 1                                                              <empty bytes[]>, 3, 3, 1
172 +                                                                  <empty bytes[]>, 3, 4
173 frame_bury 0                                                       <empty bytes[]>, 4
175 b test_self_ref_phi_while_top@1                                    <empty bytes[]>, 4
138 frame_dig 0                                                        <empty bytes[]>, 4, 4
140 int 100                                                            <empty bytes[]>, 4, 4, 100
141 <                                                                  <empty bytes[]>, 4, 1
142 bz test_self_ref_phi_after_while@7                                 <empty bytes[]>, 4
145 frame_dig 0                                                        <empty bytes[]>, 4, 4
147 int 105                                                            <empty bytes[]>, 4, 4, 105
149 %                                                                  <empty bytes[]>, 4, 4
150 int 0                                                              <empty bytes[]>, 4, 4, 0
151 ==                                                                 <empty bytes[]>, 4, 0
152 bz test_self_ref_phi_after_if_else@4                               <empty bytes[]>, 4
158 frame_dig 0                                                        <empty bytes[]>, 4, 4
160 int 21                                                             <empty bytes[]>, 4, 4, 21
162 %                                                                  <empty bytes[]>, 4, 4
163 bnz test_self_ref_phi_after_if_else@6                              <empty bytes[]>, 4
169 frame_dig 0                                                        <empty bytes[]>, 4, 4
171 int 1                                                              <empty bytes[]>, 4, 4, 1
172 +                                                                  <empty bytes[]>, 4, 5
173 frame_bury 0                                                       <empty bytes[]>, 5
175 b test_self_ref_phi_while_top@1                                    <empty bytes[]>, 5
138 frame_dig 0                                                        <empty bytes[]>, 5, 5
140 int 100                                                            <empty bytes[]>, 5, 5, 100
141 <                                                                  <empty bytes[]>, 5, 1
142 bz test_self_ref_phi_after_while@7                                 <empty bytes[]>, 5
145 frame_dig 0                                                        <empty bytes[]>, 5, 5
147 int 105                                                            <empty bytes[]>, 5, 5, 105
149 %                                                                  <empty bytes[]>, 5, 5
150 int 0                                                              <empty bytes[]>, 5, 5, 0
151 ==                                                                 <empty bytes[]>, 5, 0
152 bz test_self_ref_phi_after_if_else@4                               <empty bytes[]>, 5
158 frame_dig 0                                                        <empty bytes[]>, 5, 5
160 int 21                                                             <empty bytes[]>, 5, 5, 21
162 %                                                                  <empty bytes[]>, 5, 5
163 bnz test_self_ref_phi_after_if_else@6                              <empty bytes[]>, 5
169 frame_dig 0                                                        <empty bytes[]>, 5, 5
171 int 1                                                              <empty bytes[]>, 5, 5, 1
172 +                                                                  <empty bytes[]>, 5, 6
173 frame_bury 0                                                       <empty bytes[]>, 6
175 b test_self_ref_phi_while_top@1                                    <empty bytes[]>, 6
138 frame_dig 0                                                        <empty bytes[]>, 6, 6
140 int 100                                                            <empty bytes[]>, 6, 6, 100
141 <                                                                  <empty bytes[]>, 6, 1
142 bz test_self_ref_phi_after_while@7                                 <empty bytes[]>, 6
145 frame_dig 0                                                        <empty bytes[]>, 6, 6
147 int 105                                                            <empty bytes[]>, 6, 6, 105
149 %                                                                  <empty bytes[]>, 6, 6
150 int 0                                                              <empty bytes[]>, 6, 6, 0
151 ==                                                                 <empty bytes[]>, 6, 0
152 bz test_self_ref_phi_after_if_else@4                               <empty bytes[]>, 6
158 frame_dig 0                                                        <empty bytes[]>, 6, 6
160 int 21                                                             <empty bytes[]>, 6, 6, 21
162 %                                                                  <empty bytes[]>, 6, 6
163 bnz test_self_ref_phi_after_if_else@6                              <empty bytes[]>, 6
169 frame_dig 0                                                        <empty bytes[]>, 6, 6
171 int 1                                                              <empty bytes[]>, 6, 6, 1
172 +                                                                  <empty bytes[]>, 6, 7
173 frame_bury 0                                                       <empty bytes[]>, 7
175 b test_self_ref_phi_while_top@1                                    <empty bytes[]>, 7
138 frame_dig 0                                                        <empty bytes[]>, 7, 7
140 int 100                                                            <empty bytes[]>, 7, 7, 100
141 <                                                                  <empty bytes[]>, 7, 1
142 bz test_self_ref_phi_after_while@7                                 <empty bytes[]>, 7
145 frame_dig 0                                                        <empty bytes[]>, 7, 7
147 int 105                                                            <empty bytes[]>, 7, 7, 105
149 %                                                                  <empty bytes[]>, 7, 7
150 int 0                                                              <empty bytes[]>, 7, 7, 0
151 ==                                                                 <empty bytes[]>, 7, 0
152 bz test_self_ref_phi_after_if_else@4                               <empty bytes[]>, 7
158 frame_dig 0                                                        <empty bytes[]>, 7, 7
160 int 21                                                             <empty bytes[]>, 7, 7, 21
162 %                                                                  <empty bytes[]>, 7, 7
163 bnz test_self_ref_phi_after_if_else@6                              <empty bytes[]>, 7
169 frame_dig 0                                                        <empty bytes[]>, 7, 7
171 int 1                                                              <empty bytes[]>, 7, 7, 1
172 +                                                                  <empty bytes[]>, 7, 8
173 frame_bury 0                                                       <empty bytes[]>, 8
175 b test_self_ref_phi_while_top@1                                    <empty bytes[]>, 8
138 frame_dig 0                                                        <empty bytes[]>, 8, 8
140 int 100                                                            <empty bytes[]>, 8, 8, 100
141 <                                                                  <empty bytes[]>, 8, 1
142 bz test_self_ref_phi_after_while@7                                 <empty bytes[]>, 8
145 frame_dig 0                                                        <empty bytes[]>, 8, 8
147 int 105                                                            <empty bytes[]>, 8, 8, 105
149 %                                                                  <empty bytes[]>, 8, 8
150 int 0                                                              <empty bytes[]>, 8, 8, 0
151 ==                                                                 <empty bytes[]>, 8, 0
152 bz test_self_ref_phi_after_if_else@4                               <empty bytes[]>, 8
158 frame_dig 0                                                        <empty bytes[]>, 8, 8
160 int 21                                                             <empty bytes[]>, 8, 8, 21
162 %                                                                  <empty bytes[]>, 8, 8
163 bnz test_self_ref_phi_after_if_else@6                              <empty bytes[]>, 8
169 frame_dig 0                                                        <empty bytes[]>, 8, 8
171 int 1                                                              <empty bytes[]>, 8, 8, 1
172 +                                                                  <empty bytes[]>, 8, 9
173 frame_bury 0                                                       <empty bytes[]>, 9
175 b test_self_ref_phi_while_top@1                                    <empty bytes[]>, 9
138 frame_dig 0                                                        <empty bytes[]>, 9, 9
140 int 100                                                            <empty bytes[]>, 9, 9, 100
141 <                                                                  <empty bytes[]>, 9, 1
142 bz test_self_ref_phi_after_while@7                                 <empty bytes[]>, 9
145 frame_dig 0                                                        <empty bytes[]>, 9, 9
147 int 105                                                            <empty bytes[]>, 9, 9, 105
149 %                                                                  <empty bytes[]>, 9, 9
150 int 0                                                              <empty bytes[]>, 9, 9, 0
151 ==                                                                 <empty bytes[]>, 9, 0
152 bz test_self_ref_phi_after_if_else@4                               <empty bytes[]>, 9
158 frame_dig 0                                                        <empty bytes[]>, 9, 9
160 int 21                                                             <empty bytes[]>, 9, 9, 21
162 %                                                                  <empty bytes[]>, 9, 9
163 bnz test_self_ref_phi_after_if_else@6                              <empty bytes[]>, 9
169 frame_dig 0                                                        <empty bytes[]>, 9, 9
171 int 1                                                              <empty bytes[]>, 9, 9, 1
172 +                                                                  <empty bytes[]>, 9, 10
173 frame_bury 0                                                       <empty bytes[]>, 10
175 b test_self_ref_phi_while_top@1                                    <empty bytes[]>, 10
138 frame_dig 0                                                        <empty bytes[]>, 10, 10
140 int 100                                                            <empty bytes[]>, 10, 10, 100
141 <                                                                  <empty bytes[]>, 10, 1
142 bz test_self_ref_phi_after_while@7                                 <empty bytes[]>, 10
145 frame_dig 0                                                        <empty bytes[]>, 10, 10
147 int 105                                                            <empty bytes[]>, 10, 10, 105
149 %                                                                  <empty bytes[]>, 10, 10
150 int 0                                                              <empty bytes[]>, 10, 10, 0
151 ==                                                                 <empty bytes[]>, 10, 0
152 bz test_self_ref_phi_after_if_else@4                               <empty bytes[]>, 10
158 frame_dig 0                                                        <empty bytes[]>, 10, 10
160 int 21                                                             <empty bytes[]>, 10, 10, 21
162 %                                                                  <empty bytes[]>, 10, 10
163 bnz test_self_ref_phi_after_if_else@6                              <empty bytes[]>, 10
169 frame_dig 0                                                        <empty bytes[]>, 10, 10
171 int 1                                                              <empty bytes[]>, 10, 10, 1
172 +                                                                  <empty bytes[]>, 10, 11
173 frame_bury 0                                                       <empty bytes[]>, 11
175 b test_self_ref_phi_while_top@1                                    <empty bytes[]>, 11
138 frame_dig 0                                                        <empty bytes[]>, 11, 11
140 int 100                                                            <empty bytes[]>, 11, 11, 100
141 <                                                                  <empty bytes[]>, 11, 1
142 bz test_self_ref_phi_after_while@7                                 <empty bytes[]>, 11
145 frame_dig 0                                                        <empty bytes[]>, 11, 11
147 int 105                                                            <empty bytes[]>, 11, 11, 105
149 %                                                                  <empty bytes[]>, 11, 11
150 int 0                                                              <empty bytes[]>, 11, 11, 0
151 ==                                                                 <empty bytes[]>, 11, 0
152 bz test_self_ref_phi_after_if_else@4                               <empty bytes[]>, 11
158 frame_dig 0                                                        <empty bytes[]>, 11, 11
160 int 21                                                             <empty bytes[]>, 11, 11, 21
162 %                                                                  <empty bytes[]>, 11, 11
163 bnz test_self_ref_phi_after_if_else@6                              <empty bytes[]>, 11
169 frame_dig 0                                                        <empty bytes[]>, 11, 11
171 int 1                                                              <empty bytes[]>, 11, 11, 1
172 +                                                                  <empty bytes[]>, 11, 12
173 frame_bury 0                                                       <empty bytes[]>, 12
175 b test_self_ref_phi_while_top@1                                    <empty bytes[]>, 12
138 frame_dig 0                                                        <empty bytes[]>, 12, 12
140 int 100                                                            <empty bytes[]>, 12, 12, 100
141 <                                                                  <empty bytes[]>, 12, 1
142 bz test_self_ref_phi_after_while@7                                 <empty bytes[]>, 12
145 frame_dig 0                                                        <empty bytes[]>, 12, 12
147 int 105                                                            <empty bytes[]>, 12, 12, 105
149 %                                                                  <empty bytes[]>, 12, 12
150 int 0                                                              <empty bytes[]>, 12, 12, 0
151 ==                                                                 <empty bytes[]>, 12, 0
152 bz test_self_ref_phi_after_if_else@4                               <empty bytes[]>, 12
158 frame_dig 0                                                        <empty bytes[]>, 12, 12
160 int 21                                                             <empty bytes[]>, 12, 12, 21
162 %                                                                  <empty bytes[]>, 12, 12
163 bnz test_self_ref_phi_after_if_else@6                              <empty bytes[]>, 12
169 frame_dig 0                                                        <empty bytes[]>, 12, 12
171 int 1                                                              <empty bytes[]>, 12, 12, 1
172 +                                                                  <empty bytes[]>, 12, 13
173 frame_bury 0                                                       <empty bytes[]>, 13
175 b test_self_ref_phi_while_top@1                                    <empty bytes[]>, 13
138 frame_dig 0                                                        <empty bytes[]>, 13, 13
140 int 100                                                            <empty bytes[]>, 13, 13, 100
141 <                                                                  <empty bytes[]>, 13, 1
142 bz test_self_ref_phi_after_while@7                                 <empty bytes[]>, 13
145 frame_dig 0                                                        <empty bytes[]>, 13, 13
147 int 105                                                            <empty bytes[]>, 13, 13, 105
149 %                                                                  <empty bytes[]>, 13, 13
150 int 0                                                              <empty bytes[]>, 13, 13, 0
151 ==                                                                 <empty bytes[]>, 13, 0
152 bz test_self_ref_phi_after_if_else@4                               <empty bytes[]>, 13
158 frame_dig 0                                                        <empty bytes[]>, 13, 13
160 int 21                                                             <empty bytes[]>, 13, 13, 21
162 %                                                                  <empty bytes[]>, 13, 13
163 bnz test_self_ref_phi_after_if_else@6                              <empty bytes[]>, 13
169 frame_dig 0                                                        <empty bytes[]>, 13, 13
171 int 1                                                              <empty bytes[]>, 13, 13, 1
172 +                                                                  <empty bytes[]>, 13, 14
173 frame_bury 0                                                       <empty bytes[]>, 14
175 b test_self_ref_phi_while_top@1                                    <empty bytes[]>, 14
138 frame_dig 0                                                        <empty bytes[]>, 14, 14
140 int 100                                                            <empty bytes[]>, 14, 14, 100
141 <                                                                  <empty bytes[]>, 14, 1
142 bz test_self_ref_phi_after_while@7                                 <empty bytes[]>, 14
145 frame_dig 0                                                        <empty bytes[]>, 14, 14
147 int 105                                                            <empty bytes[]>, 14, 14, 105
149 %                                                                  <empty bytes[]>, 14, 14
150 int 0                                                              <empty bytes[]>, 14, 14, 0
151 ==                                                                 <empty bytes[]>, 14, 0
152 bz test_self_ref_phi_after_if_else@4                               <empty bytes[]>, 14
158 frame_dig 0                                                        <empty bytes[]>, 14, 14
160 int 21                                                             <empty bytes[]>, 14, 14, 21
162 %                                                                  <empty bytes[]>, 14, 14
163 bnz test_self_ref_phi_after_if_else@6                              <empty bytes[]>, 14
169 frame_dig 0                                                        <empty bytes[]>, 14, 14
171 int 1                                                              <empty bytes[]>, 14, 14, 1
172 +                                                                  <empty bytes[]>, 14, 15
173 frame_bury 0                                                       <empty bytes[]>, 15
175 b test_self_ref_phi_while_top@1                                    <empty bytes[]>, 15
138 frame_dig 0                                                        <empty bytes[]>, 15, 15
140 int 100                                                            <empty bytes[]>, 15, 15, 100
141 <                                                                  <empty bytes[]>, 15, 1
142 bz test_self_ref_phi_after_while@7                                 <empty bytes[]>, 15
145 frame_dig 0                                                        <empty bytes[]>, 15, 15
147 int 105                                                            <empty bytes[]>, 15, 15, 105
149 %                                                                  <empty bytes[]>, 15, 15
150 int 0                                                              <empty bytes[]>, 15, 15, 0
151 ==                                                                 <empty bytes[]>, 15, 0
152 bz test_self_ref_phi_after_if_else@4                               <empty bytes[]>, 15
158 frame_dig 0                                                        <empty bytes[]>, 15, 15
160 int 21                                                             <empty bytes[]>, 15, 15, 21
162 %                                                                  <empty bytes[]>, 15, 15
163 bnz test_self_ref_phi_after_if_else@6                              <empty bytes[]>, 15
169 frame_dig 0                                                        <empty bytes[]>, 15, 15
171 int 1                                                              <empty bytes[]>, 15, 15, 1
172 +                                                                  <empty bytes[]>, 15, 16
173 frame_bury 0                                                       <empty bytes[]>, 16
175 b test_self_ref_phi_while_top@1                                    <empty bytes[]>, 16
138 frame_dig 0                                                        <empty bytes[]>, 16, 16
140 int 100                                                            <empty bytes[]>, 16, 16, 100
141 <                                                                  <empty bytes[]>, 16, 1
142 bz test_self_ref_phi_after_while@7                                 <empty bytes[]>, 16
145 frame_dig 0                                                        <empty bytes[]>, 16, 16
147 int 105                                                            <empty bytes[]>, 16, 16, 105
149 %                                                                  <empty bytes[]>, 16, 16
150 int 0                                                              <empty bytes[]>, 16, 16, 0
151 ==                                                                 <empty bytes[]>, 16, 0
152 bz test_self_ref_phi_after_if_else@4                               <empty bytes[]>, 16
158 frame_dig 0                                                        <empty bytes[]>, 16, 16
160 int 21                                                             <empty bytes[]>, 16, 16, 21
162 %                                                                  <empty bytes[]>, 16, 16
163 bnz test_self_ref_phi_after_if_else@6                              <empty bytes[]>, 16
169 frame_dig 0                                                        <empty bytes[]>, 16, 16
171 int 1                                                              <empty bytes[]>, 16, 16, 1
172 +                                                                  <empty bytes[]>, 16, 17
173 frame_bury 0                                                       <empty bytes[]>, 17
175 b test_self_ref_phi_while_top@1                                    <empty bytes[]>, 17
138 frame_dig 0                                                        <empty bytes[]>, 17, 17
140 int 100                                                            <empty bytes[]>, 17, 17, 100
141 <                                                                  <empty bytes[]>, 17, 1
142 bz test_self_ref_phi_after_while@7                                 <empty bytes[]>, 17
145 frame_dig 0                                                        <empty bytes[]>, 17, 17
147 int 105                                                            <empty bytes[]>, 17, 17, 105
149 %                                                                  <empty bytes[]>, 17, 17
150 int 0                                                              <empty bytes[]>, 17, 17, 0
151 ==                                                                 <empty bytes[]>, 17, 0
152 bz test_self_ref_phi_after_if_else@4                               <empty bytes[]>, 17
158 frame_dig 0                                                        <empty bytes[]>, 17, 17
160 int 21                                                             <empty bytes[]>, 17, 17, 21
162 %                                                                  <empty bytes[]>, 17, 17
163 bnz test_self_ref_phi_after_if_else@6                              <empty bytes[]>, 17
169 frame_dig 0                                                        <empty bytes[]>, 17, 17
171 int 1                                                              <empty bytes[]>, 17, 17, 1
172 +                                                                  <empty bytes[]>, 17, 18
173 frame_bury 0                                                       <empty bytes[]>, 18
175 b test_self_ref_phi_while_top@1                                    <empty bytes[]>, 18
138 frame_dig 0                                                        <empty bytes[]>, 18, 18
140 int 100                                                            <empty bytes[]>, 18, 18, 100
141 <                                                                  <empty bytes[]>, 18, 1
142 bz test_self_ref_phi_after_while@7                                 <empty bytes[]>, 18
145 frame_dig 0                                                        <empty bytes[]>, 18, 18
147 int 105                                                            <empty bytes[]>, 18, 18, 105
149 %                                                                  <empty bytes[]>, 18, 18
150 int 0                                                              <empty bytes[]>, 18, 18, 0
151 ==                                                                 <empty bytes[]>, 18, 0
152 bz test_self_ref_phi_after_if_else@4                               <empty bytes[]>, 18
158 frame_dig 0                                                        <empty bytes[]>, 18, 18
160 int 21                                                             <empty bytes[]>, 18, 18, 21
162 %                                                                  <empty bytes[]>, 18, 18
163 bnz test_self_ref_phi_after_if_else@6                              <empty bytes[]>, 18
169 frame_dig 0                                                        <empty bytes[]>, 18, 18
171 int 1                                                              <empty bytes[]>, 18, 18, 1
172 +                                                                  <empty bytes[]>, 18, 19
173 frame_bury 0                                                       <empty bytes[]>, 19
175 b test_self_ref_phi_while_top@1                                    <empty bytes[]>, 19
138 frame_dig 0                                                        <empty bytes[]>, 19, 19
140 int 100                                                            <empty bytes[]>, 19, 19, 100
141 <                                                                  <empty bytes[]>, 19, 1
142 bz test_self_ref_phi_after_while@7                                 <empty bytes[]>, 19
145 frame_dig 0                                                        <empty bytes[]>, 19, 19
147 int 105                                                            <empty bytes[]>, 19, 19, 105
149 %                                                                  <empty bytes[]>, 19, 19
150 int 0                                                              <empty bytes[]>, 19, 19, 0
151 ==                                                                 <empty bytes[]>, 19, 0
152 bz test_self_ref_phi_after_if_else@4                               <empty bytes[]>, 19
158 frame_dig 0                                                        <empty bytes[]>, 19, 19
160 int 21                                                             <empty bytes[]>, 19, 19, 21
162 %                                                                  <empty bytes[]>, 19, 19
163 bnz test_self_ref_phi_after_if_else@6                              <empty bytes[]>, 19
169 frame_dig 0                                                        <empty bytes[]>, 19, 19
171 int 1                                                              <empty bytes[]>, 19, 19, 1
172 +                                                                  <empty bytes[]>, 19, 20
173 frame_bury 0                                                       <empty bytes[]>, 20
175 b test_self_ref_phi_while_top@1                                    <empty bytes[]>, 20
138 frame_dig 0                                                        <empty bytes[]>, 20, 20
140 int 100                                                            <empty bytes[]>, 20, 20, 100
141 <                                                                  <empty bytes[]>, 20, 1
142 bz test_self_ref_phi_after_while@7                                 <empty bytes[]>, 20
145 frame_dig 0                                                        <empty bytes[]>, 20, 20
147 int 105                                                            <empty bytes[]>, 20, 20, 105
149 %                                                                  <empty bytes[]>, 20, 20
150 int 0                                                              <empty bytes[]>, 20, 20, 0
151 ==                                                                 <empty bytes[]>, 20, 0
152 bz test_self_ref_phi_after_if_else@4                               <empty bytes[]>, 20
158 frame_dig 0                                                        <empty bytes[]>, 20, 20
160 int 21                                                             <empty bytes[]>, 20, 20, 21
162 %                                                                  <empty bytes[]>, 20, 20
163 bnz test_self_ref_phi_after_if_else@6                              <empty bytes[]>, 20
169 frame_dig 0                                                        <empty bytes[]>, 20, 20
171 int 1                                                              <empty bytes[]>, 20, 20, 1
172 +                                                                  <empty bytes[]>, 20, 21
173 frame_bury 0                                                       <empty bytes[]>, 21
175 b test_self_ref_phi_while_top@1                                    <empty bytes[]>, 21
138 frame_dig 0                                                        <empty bytes[]>, 21, 21
140 int 100                                                            <empty bytes[]>, 21, 21, 100
141 <                                                                  <empty bytes[]>, 21, 1
142 bz test_self_ref_phi_after_while@7                                 <empty bytes[]>, 21
145 frame_dig 0                                                        <empty bytes[]>, 21, 21
147 int 105                                                            <empty bytes[]>, 21, 21, 105
149 %                                                                  <empty bytes[]>, 21, 21
150 int 0                                                              <empty bytes[]>, 21, 21, 0
151 ==                                                                 <empty bytes[]>, 21, 0
152 bz test_self_ref_phi_after_if_else@4                               <empty bytes[]>, 21
158 frame_dig 0                                                        <empty bytes[]>, 21, 21
160 int 21                                                             <empty bytes[]>, 21, 21, 21
162 %                                                                  <empty bytes[]>, 21, 0
163 bnz test_self_ref_phi_after_if_else@6                              <empty bytes[]>, 21
166 b test_self_ref_phi_after_while@7                                  <empty bytes[]>, 21
178 frame_dig 0                                                        <empty bytes[]>, 21, 21
180 uncover 1                                                          <empty bytes[]>, 21, 21
182 retsub                                                             <empty bytes[]>, 21
17  pop                                                                <empty bytes[]>
18  int 1                                                              <empty bytes[]>, 1
19  callsub test_swap                                                  <empty bytes[]>, 1
183 proto 1 1                                                          <empty bytes[]>, 1
186 int 1                                                              <empty bytes[]>, 1, 1
187 int 2                                                              <empty bytes[]>, 1, 1, 2
188 frame_dig -1                                                       <empty bytes[]>, 1, 1, 2, 1
190 int 0                                                              <empty bytes[]>, 1, 1, 2, 1, 0
191 >                                                                  <empty bytes[]>, 1, 1, 2, 1
192 bz test_swap_after_while@3                                         <empty bytes[]>, 1, 1, 2
195 frame_dig 0                                                        <empty bytes[]>, 1, 1, 2, 1
197 frame_dig 1                                                        <empty bytes[]>, 1, 1, 2, 1, 2
199 frame_bury 0                                                       <empty bytes[]>, 1, 2, 2, 1
201 frame_bury 1                                                       <empty bytes[]>, 1, 2, 1
203 frame_dig -1                                                       <empty bytes[]>, 1, 2, 1, 1
205 int 1                                                              <empty bytes[]>, 1, 2, 1, 1, 1
206 -                                                                  <empty bytes[]>, 1, 2, 1, 0
207 frame_bury -1                                                      <empty bytes[]>, 0, 2, 1
209 b test_swap_while_top@1                                            <empty bytes[]>, 0, 2, 1
188 frame_dig -1                                                       <empty bytes[]>, 0, 2, 1, 0
190 int 0                                                              <empty bytes[]>, 0, 2, 1, 0, 0
191 >                                                                  <empty bytes[]>, 0, 2, 1, 0
192 bz test_swap_after_while@3                                         <empty bytes[]>, 0, 2, 1
212 retsub                                                             <empty bytes[]>, 2
22  dup                                                                <empty bytes[]>, 2, 2
23  cover 1                                                            <empty bytes[]>, 2, 2
25  dup                                                                <empty bytes[]>, 2, 2, 2
26  itob                                                               <empty bytes[]>, 2, 2, AAAAAAAAAAI=
27  log                                                                <empty bytes[]>, 2, 2
28  int 1                                                              <empty bytes[]>, 2, 2, 1
29  >=                                                                 <empty bytes[]>, 2, 1
30  bz main_bool_false@3                                               <empty bytes[]>, 2
33  dup                                                                <empty bytes[]>, 2, 2
34  int 2                                                              <empty bytes[]>, 2, 2, 2
35  <=                                                                 <empty bytes[]>, 2, 1
36  bz main_bool_false@3                                               <empty bytes[]>, 2
39  int 1                                                              <empty bytes[]>, 2, 1
40  b main_bool_merge@4                                                <empty bytes[]>, 2, 1
44  assert                                                             <empty bytes[]>, 2
45  int 2                                                              <empty bytes[]>, 2, 2
46  callsub test_swap                                                  <empty bytes[]>, 2, 2
183 proto 1 1                                                          <empty bytes[]>, 2, 2
186 int 1                                                              <empty bytes[]>, 2, 2, 1
187 int 2                                                              <empty bytes[]>, 2, 2, 1, 2
188 frame_dig -1                                                       <empty bytes[]>, 2, 2, 1, 2, 2
190 int 0                                                              <empty bytes[]>, 2, 2, 1, 2, 2, 0
191 >                                                                  <empty bytes[]>, 2, 2, 1, 2, 1
192 bz test_swap_after_while@3                                         <empty bytes[]>, 2, 2, 1, 2
195 frame_dig 0                                                        <empty bytes[]>, 2, 2, 1, 2, 1
197 frame_dig 1                                                        <empty bytes[]>, 2, 2, 1, 2, 1, 2
199 frame_bury 0                                                       <empty bytes[]>, 2, 2, 2, 2, 1
201 frame_bury 1                                                       <empty bytes[]>, 2, 2, 2, 1
203 frame_dig -1                                                       <empty bytes[]>, 2, 2, 2, 1, 2
205 int 1                                                              <empty bytes[]>, 2, 2, 2, 1, 2, 1
206 -                                                                  <empty bytes[]>, 2, 2, 2, 1, 1
207 frame_bury -1                                                      <empty bytes[]>, 2, 1, 2, 1
209 b test_swap_while_top@1                                            <empty bytes[]>, 2, 1, 2, 1
188 frame_dig -1                                                       <empty bytes[]>, 2, 1, 2, 1, 1
190 int 0                                                              <empty bytes[]>, 2, 1, 2, 1, 1, 0
191 >                                                                  <empty bytes[]>, 2, 1, 2, 1, 1
192 bz test_swap_after_while@3                                         <empty bytes[]>, 2, 1, 2, 1
195 frame_dig 0                                                        <empty bytes[]>, 2, 1, 2, 1, 2
197 frame_dig 1                                                        <empty bytes[]>, 2, 1, 2, 1, 2, 1
199 frame_bury 0                                                       <empty bytes[]>, 2, 1, 1, 1, 2
201 frame_bury 1                                                       <empty bytes[]>, 2, 1, 1, 2
203 frame_dig -1                                                       <empty bytes[]>, 2, 1, 1, 2, 1
205 int 1                                                              <empty bytes[]>, 2, 1, 1, 2, 1, 1
206 -                                                                  <empty bytes[]>, 2, 1, 1, 2, 0
207 frame_bury -1                                                      <empty bytes[]>, 2, 0, 1, 2
209 b test_swap_while_top@1                                            <empty bytes[]>, 2, 0, 1, 2
188 frame_dig -1                                                       <empty bytes[]>, 2, 0, 1, 2, 0
190 int 0                                                              <empty bytes[]>, 2, 0, 1, 2, 0, 0
191 >                                                                  <empty bytes[]>, 2, 0, 1, 2, 0
192 bz test_swap_after_while@3                                         <empty bytes[]>, 2, 0, 1, 2
212 retsub                                                             <empty bytes[]>, 2, 1
49  dup                                                                <empty bytes[]>, 2, 1, 1
50  bury 3                                                             1, 2, 1
52  dup                                                                1, 2, 1, 1
53  itob                                                               1, 2, 1, AAAAAAAAAAE=
54  log                                                                1, 2, 1
55  int 1                                                              1, 2, 1, 1
56  >=                                                                 1, 2, 1
57  bz main_bool_false@7                                               1, 2
60  dig 1                                                              1, 2, 1
62  int 2                                                              1, 2, 1, 2
63  <=                                                                 1, 2, 1
64  bz main_bool_false@7                                               1, 2
67  int 1                                                              1, 2, 1
68  b main_bool_merge@8                                                1, 2, 1
72  assert                                                             1, 2
73  int 7                                                              1, 2, 7
75  int 11                                                             1, 2, 7, 11
77  callsub test_swap_loop                                             1, 2, 7, 11
213 proto 2 1                                                          1, 2, 7, 11
216 int 1                                                              1, 2, 7, 11, 1
217 int 2                                                              1, 2, 7, 11, 1, 2
218 frame_dig -2                                                       1, 2, 7, 11, 1, 2, 7
220 int 0                                                              1, 2, 7, 11, 1, 2, 7, 0
221 >                                                                  1, 2, 7, 11, 1, 2, 1
222 bz test_swap_loop_after_while@6                                    1, 2, 7, 11, 1, 2
225 frame_dig -1                                                       1, 2, 7, 11, 1, 2, 11
227 int 0                                                              1, 2, 7, 11, 1, 2, 11, 0
228 >                                                                  1, 2, 7, 11, 1, 2, 1
229 bz test_swap_loop_after_while@5                                    1, 2, 7, 11, 1, 2
232 frame_dig 0                                                        1, 2, 7, 11, 1, 2, 1
234 frame_dig 1                                                        1, 2, 7, 11, 1, 2, 1, 2
236 frame_bury 0                                                       1, 2, 7, 11, 2, 2, 1
238 frame_bury 1                                                       1, 2, 7, 11, 2, 1
240 frame_dig -1                                                       1, 2, 7, 11, 2, 1, 11
242 int 1                                                              1, 2, 7, 11, 2, 1, 11, 1
243 -                                                                  1, 2, 7, 11, 2, 1, 10
244 frame_bury -1                                                      1, 2, 7, 10, 2, 1
246 b test_swap_loop_while_top@3                                       1, 2, 7, 10, 2, 1
225 frame_dig -1                                                       1, 2, 7, 10, 2, 1, 10
227 int 0                                                              1, 2, 7, 10, 2, 1, 10, 0
228 >                                                                  1, 2, 7, 10, 2, 1, 1
229 bz test_swap_loop_after_while@5                                    1, 2, 7, 10, 2, 1
232 frame_dig 0                                                        1, 2, 7, 10, 2, 1, 2
234 frame_dig 1                                                        1, 2, 7, 10, 2, 1, 2, 1
236 frame_bury 0                                                       1, 2, 7, 10, 1, 1, 2
238 frame_bury 1                                                       1, 2, 7, 10, 1, 2
240 frame_dig -1                                                       1, 2, 7, 10, 1, 2, 10
242 int 1                                                              1, 2, 7, 10, 1, 2, 10, 1
243 -                                                                  1, 2, 7, 10, 1, 2, 9
244 frame_bury -1                                                      1, 2, 7, 9, 1, 2
246 b test_swap_loop_while_top@3                                       1, 2, 7, 9, 1, 2
225 frame_dig -1                                                       1, 2, 7, 9, 1, 2, 9
227 int 0                                                              1, 2, 7, 9, 1, 2, 9, 0
228 >                                                                  1, 2, 7, 9, 1, 2, 1
229 bz test_swap_loop_after_while@5                                    1, 2, 7, 9, 1, 2
232 frame_dig 0                                                        1, 2, 7, 9, 1, 2, 1
234 frame_dig 1                                                        1, 2, 7, 9, 1, 2, 1, 2
236 frame_bury 0                                                       1, 2, 7, 9, 2, 2, 1
238 frame_bury 1                                                       1, 2, 7, 9, 2, 1
240 frame_dig -1                                                       1, 2, 7, 9, 2, 1, 9
242 int 1                                                              1, 2, 7, 9, 2, 1, 9, 1
243 -                                                                  1, 2, 7, 9, 2, 1, 8
244 frame_bury -1                                                      1, 2, 7, 8, 2, 1
246 b test_swap_loop_while_top@3                                       1, 2, 7, 8, 2, 1
225 frame_dig -1                                                       1, 2, 7, 8, 2, 1, 8
227 int 0                                                              1, 2, 7, 8, 2, 1, 8, 0
228 >                                                                  1, 2, 7, 8, 2, 1, 1
229 bz test_swap_loop_after_while@5                                    1, 2, 7, 8, 2, 1
232 frame_dig 0                                                        1, 2, 7, 8, 2, 1, 2
234 frame_dig 1                                                        1, 2, 7, 8, 2, 1, 2, 1
236 frame_bury 0                                                       1, 2, 7, 8, 1, 1, 2
238 frame_bury 1                                                       1, 2, 7, 8, 1, 2
240 frame_dig -1                                                       1, 2, 7, 8, 1, 2, 8
242 int 1                                                              1, 2, 7, 8, 1, 2, 8, 1
243 -                                                                  1, 2, 7, 8, 1, 2, 7
244 frame_bury -1                                                      1, 2, 7, 7, 1, 2
246 b test_swap_loop_while_top@3                                       1, 2, 7, 7, 1, 2
225 frame_dig -1                                                       1, 2, 7, 7, 1, 2, 7
227 int 0                                                              1, 2, 7, 7, 1, 2, 7, 0
228 >                                                                  1, 2, 7, 7, 1, 2, 1
229 bz test_swap_loop_after_while@5                                    1, 2, 7, 7, 1, 2
232 frame_dig 0                                                        1, 2, 7, 7, 1, 2, 1
234 frame_dig 1                                                        1, 2, 7, 7, 1, 2, 1, 2
236 frame_bury 0                                                       1, 2, 7, 7, 2, 2, 1
238 frame_bury 1                                                       1, 2, 7, 7, 2, 1
240 frame_dig -1                                                       1, 2, 7, 7, 2, 1, 7
242 int 1                                                              1, 2, 7, 7, 2, 1, 7, 1
243 -                                                                  1, 2, 7, 7, 2, 1, 6
244 frame_bury -1                                                      1, 2, 7, 6, 2, 1
246 b test_swap_loop_while_top@3                                       1, 2, 7, 6, 2, 1
225 frame_dig -1                                                       1, 2, 7, 6, 2, 1, 6
227 int 0                                                              1, 2, 7, 6, 2, 1, 6, 0
228 >                                                                  1, 2, 7, 6, 2, 1, 1
229 bz test_swap_loop_after_while@5                                    1, 2, 7, 6, 2, 1
232 frame_dig 0                                                        1, 2, 7, 6, 2, 1, 2
234 frame_dig 1                                                        1, 2, 7, 6, 2, 1, 2, 1
236 frame_bury 0                                                       1, 2, 7, 6, 1, 1, 2
238 frame_bury 1                                                       1, 2, 7, 6, 1, 2
240 frame_dig -1                                                       1, 2, 7, 6, 1, 2, 6
242 int 1                                                              1, 2, 7, 6, 1, 2, 6, 1
243 -                                                                  1, 2, 7, 6, 1, 2, 5
244 frame_bury -1                                                      1, 2, 7, 5, 1, 2
246 b test_swap_loop_while_top@3                                       1, 2, 7, 5, 1, 2
225 frame_dig -1                                                       1, 2, 7, 5, 1, 2, 5
227 int 0                                                              1, 2, 7, 5, 1, 2, 5, 0
228 >                                                                  1, 2, 7, 5, 1, 2, 1
229 bz test_swap_loop_after_while@5                                    1, 2, 7, 5, 1, 2
232 frame_dig 0                                                        1, 2, 7, 5, 1, 2, 1
234 frame_dig 1                                                        1, 2, 7, 5, 1, 2, 1, 2
236 frame_bury 0                                                       1, 2, 7, 5, 2, 2, 1
238 frame_bury 1                                                       1, 2, 7, 5, 2, 1
240 frame_dig -1                                                       1, 2, 7, 5, 2, 1, 5
242 int 1                                                              1, 2, 7, 5, 2, 1, 5, 1
243 -                                                                  1, 2, 7, 5, 2, 1, 4
244 frame_bury -1                                                      1, 2, 7, 4, 2, 1
246 b test_swap_loop_while_top@3                                       1, 2, 7, 4, 2, 1
225 frame_dig -1                                                       1, 2, 7, 4, 2, 1, 4
227 int 0                                                              1, 2, 7, 4, 2, 1, 4, 0
228 >                                                                  1, 2, 7, 4, 2, 1, 1
229 bz test_swap_loop_after_while@5                                    1, 2, 7, 4, 2, 1
232 frame_dig 0                                                        1, 2, 7, 4, 2, 1, 2
234 frame_dig 1                                                        1, 2, 7, 4, 2, 1, 2, 1
236 frame_bury 0                                                       1, 2, 7, 4, 1, 1, 2
238 frame_bury 1                                                       1, 2, 7, 4, 1, 2
240 frame_dig -1                                                       1, 2, 7, 4, 1, 2, 4
242 int 1                                                              1, 2, 7, 4, 1, 2, 4, 1
243 -                                                                  1, 2, 7, 4, 1, 2, 3
244 frame_bury -1                                                      1, 2, 7, 3, 1, 2
246 b test_swap_loop_while_top@3                                       1, 2, 7, 3, 1, 2
225 frame_dig -1                                                       1, 2, 7, 3, 1, 2, 3
227 int 0                                                              1, 2, 7, 3, 1, 2, 3, 0
228 >                                                                  1, 2, 7, 3, 1, 2, 1
229 bz test_swap_loop_after_while@5                                    1, 2, 7, 3, 1, 2
232 frame_dig 0                                                        1, 2, 7, 3, 1, 2, 1
234 frame_dig 1                                                        1, 2, 7, 3, 1, 2, 1, 2
236 frame_bury 0                                                       1, 2, 7, 3, 2, 2, 1
238 frame_bury 1                                                       1, 2, 7, 3, 2, 1
240 frame_dig -1                                                       1, 2, 7, 3, 2, 1, 3
242 int 1                                                              1, 2, 7, 3, 2, 1, 3, 1
243 -                                                                  1, 2, 7, 3, 2, 1, 2
244 frame_bury -1                                                      1, 2, 7, 2, 2, 1
246 b test_swap_loop_while_top@3                                       1, 2, 7, 2, 2, 1
225 frame_dig -1                                                       1, 2, 7, 2, 2, 1, 2
227 int 0                                                              1, 2, 7, 2, 2, 1, 2, 0
228 >                                                                  1, 2, 7, 2, 2, 1, 1
229 bz test_swap_loop_after_while@5                                    1, 2, 7, 2, 2, 1
232 frame_dig 0                                                        1, 2, 7, 2, 2, 1, 2
234 frame_dig 1                                                        1, 2, 7, 2, 2, 1, 2, 1
236 frame_bury 0                                                       1, 2, 7, 2, 1, 1, 2
238 frame_bury 1                                                       1, 2, 7, 2, 1, 2
240 frame_dig -1                                                       1, 2, 7, 2, 1, 2, 2
242 int 1                                                              1, 2, 7, 2, 1, 2, 2, 1
243 -                                                                  1, 2, 7, 2, 1, 2, 1
244 frame_bury -1                                                      1, 2, 7, 1, 1, 2
246 b test_swap_loop_while_top@3                                       1, 2, 7, 1, 1, 2
225 frame_dig -1                                                       1, 2, 7, 1, 1, 2, 1
227 int 0                                                              1, 2, 7, 1, 1, 2, 1, 0
228 >                                                                  1, 2, 7, 1, 1, 2, 1
229 bz test_swap_loop_after_while@5                                    1, 2, 7, 1, 1, 2
232 frame_dig 0                                                        1, 2, 7, 1, 1, 2, 1
234 frame_dig 1                                                        1, 2, 7, 1, 1, 2, 1, 2
236 frame_bury 0                                                       1, 2, 7, 1, 2, 2, 1
238 frame_bury 1                                                       1, 2, 7, 1, 2, 1
240 frame_dig -1                                                       1, 2, 7, 1, 2, 1, 1
242 int 1                                                              1, 2, 7, 1, 2, 1, 1, 1
243 -                                                                  1, 2, 7, 1, 2, 1, 0
244 frame_bury -1                                                      1, 2, 7, 0, 2, 1
246 b test_swap_loop_while_top@3                                       1, 2, 7, 0, 2, 1
225 frame_dig -1                                                       1, 2, 7, 0, 2, 1, 0
227 int 0                                                              1, 2, 7, 0, 2, 1, 0, 0
228 >                                                                  1, 2, 7, 0, 2, 1, 0
229 bz test_swap_loop_after_while@5                                    1, 2, 7, 0, 2, 1
249 frame_dig -2                                                       1, 2, 7, 0, 2, 1, 7
251 int 1                                                              1, 2, 7, 0, 2, 1, 7, 1
252 -                                                                  1, 2, 7, 0, 2, 1, 6
253 frame_bury -2                                                      1, 2, 6, 0, 2, 1
255 b test_swap_loop_while_top@1                                       1, 2, 6, 0, 2, 1
218 frame_dig -2                                                       1, 2, 6, 0, 2, 1, 6
220 int 0                                                              1, 2, 6, 0, 2, 1, 6, 0
221 >                                                                  1, 2, 6, 0, 2, 1, 1
222 bz test_swap_loop_after_while@6                                    1, 2, 6, 0, 2, 1
225 frame_dig -1                                                       1, 2, 6, 0, 2, 1, 0
227 int 0                                                              1, 2, 6, 0, 2, 1, 0, 0
228 >                                                                  1, 2, 6, 0, 2, 1, 0
229 bz test_swap_loop_after_while@5                                    1, 2, 6, 0, 2, 1
249 frame_dig -2                                                       1, 2, 6, 0, 2, 1, 6
251 int 1                                                              1, 2, 6, 0, 2, 1, 6, 1
252 -                                                                  1, 2, 6, 0, 2, 1, 5
253 frame_bury -2                                                      1, 2, 5, 0, 2, 1
255 b test_swap_loop_while_top@1                                       1, 2, 5, 0, 2, 1
218 frame_dig -2                                                       1, 2, 5, 0, 2, 1, 5
220 int 0                                                              1, 2, 5, 0, 2, 1, 5, 0
221 >                                                                  1, 2, 5, 0, 2, 1, 1
222 bz test_swap_loop_after_while@6                                    1, 2, 5, 0, 2, 1
225 frame_dig -1                                                       1, 2, 5, 0, 2, 1, 0
227 int 0                                                              1, 2, 5, 0, 2, 1, 0, 0
228 >                                                                  1, 2, 5, 0, 2, 1, 0
229 bz test_swap_loop_after_while@5                                    1, 2, 5, 0, 2, 1
249 frame_dig -2                                                       1, 2, 5, 0, 2, 1, 5
251 int 1                                                              1, 2, 5, 0, 2, 1, 5, 1
252 -                                                                  1, 2, 5, 0, 2, 1, 4
253 frame_bury -2                                                      1, 2, 4, 0, 2, 1
255 b test_swap_loop_while_top@1                                       1, 2, 4, 0, 2, 1
218 frame_dig -2                                                       1, 2, 4, 0, 2, 1, 4
220 int 0                                                              1, 2, 4, 0, 2, 1, 4, 0
221 >                                                                  1, 2, 4, 0, 2, 1, 1
222 bz test_swap_loop_after_while@6                                    1, 2, 4, 0, 2, 1
225 frame_dig -1                                                       1, 2, 4, 0, 2, 1, 0
227 int 0                                                              1, 2, 4, 0, 2, 1, 0, 0
228 >                                                                  1, 2, 4, 0, 2, 1, 0
229 bz test_swap_loop_after_while@5                                    1, 2, 4, 0, 2, 1
249 frame_dig -2                                                       1, 2, 4, 0, 2, 1, 4
251 int 1                                                              1, 2, 4, 0, 2, 1, 4, 1
252 -                                                                  1, 2, 4, 0, 2, 1, 3
253 frame_bury -2                                                      1, 2, 3, 0, 2, 1
255 b test_swap_loop_while_top@1                                       1, 2, 3, 0, 2, 1
218 frame_dig -2                                                       1, 2, 3, 0, 2, 1, 3
220 int 0                                                              1, 2, 3, 0, 2, 1, 3, 0
221 >                                                                  1, 2, 3, 0, 2, 1, 1
222 bz test_swap_loop_after_while@6                                    1, 2, 3, 0, 2, 1
225 frame_dig -1                                                       1, 2, 3, 0, 2, 1, 0
227 int 0                                                              1, 2, 3, 0, 2, 1, 0, 0
228 >                                                                  1, 2, 3, 0, 2, 1, 0
229 bz test_swap_loop_after_while@5                                    1, 2, 3, 0, 2, 1
249 frame_dig -2                                                       1, 2, 3, 0, 2, 1, 3
251 int 1                                                              1, 2, 3, 0, 2, 1, 3, 1
252 -                                                                  1, 2, 3, 0, 2, 1, 2
253 frame_bury -2                                                      1, 2, 2, 0, 2, 1
255 b test_swap_loop_while_top@1                                       1, 2, 2, 0, 2, 1
218 frame_dig -2                                                       1, 2, 2, 0, 2, 1, 2
220 int 0                                                              1, 2, 2, 0, 2, 1, 2, 0
221 >                                                                  1, 2, 2, 0, 2, 1, 1
222 bz test_swap_loop_after_while@6                                    1, 2, 2, 0, 2, 1
225 frame_dig -1                                                       1, 2, 2, 0, 2, 1, 0
227 int 0                                                              1, 2, 2, 0, 2, 1, 0, 0
228 >                                                                  1, 2, 2, 0, 2, 1, 0
229 bz test_swap_loop_after_while@5                                    1, 2, 2, 0, 2, 1
249 frame_dig -2                                                       1, 2, 2, 0, 2, 1, 2
251 int 1                                                              1, 2, 2, 0, 2, 1, 2, 1
252 -                                                                  1, 2, 2, 0, 2, 1, 1
253 frame_bury -2                                                      1, 2, 1, 0, 2, 1
255 b test_swap_loop_while_top@1                                       1, 2, 1, 0, 2, 1
218 frame_dig -2                                                       1, 2, 1, 0, 2, 1, 1
220 int 0                                                              1, 2, 1, 0, 2, 1, 1, 0
221 >                                                                  1, 2, 1, 0, 2, 1, 1
222 bz test_swap_loop_after_while@6                                    1, 2, 1, 0, 2, 1
225 frame_dig -1                                                       1, 2, 1, 0, 2, 1, 0
227 int 0                                                              1, 2, 1, 0, 2, 1, 0, 0
228 >                                                                  1, 2, 1, 0, 2, 1, 0
229 bz test_swap_loop_after_while@5                                    1, 2, 1, 0, 2, 1
249 frame_dig -2                                                       1, 2, 1, 0, 2, 1, 1
251 int 1                                                              1, 2, 1, 0, 2, 1, 1, 1
252 -                                                                  1, 2, 1, 0, 2, 1, 0
253 frame_bury -2                                                      1, 2, 0, 0, 2, 1
255 b test_swap_loop_while_top@1                                       1, 2, 0, 0, 2, 1
218 frame_dig -2                                                       1, 2, 0, 0, 2, 1, 0
220 int 0                                                              1, 2, 0, 0, 2, 1, 0, 0
221 >                                                                  1, 2, 0, 0, 2, 1, 0
222 bz test_swap_loop_after_while@6                                    1, 2, 0, 0, 2, 1
258 retsub                                                             1, 2, 2
80  pop                                                                1, 2
81  int 0                                                              1, 2, 0
82  callsub test_param_update_with_reentrant_entry_block               1, 2, 0
259 proto 1 1                                                          1, 2, 0
262 byte ""                                                            1, 2, 0, <empty bytes[]>
263 frame_dig -1                                                       1, 2, 0, <empty bytes[]>, 0
265 frame_bury 0                                                       1, 2, 0, 0
267 int 1                                                              1, 2, 0, 0, 1
268 bz test_param_update_with_reentrant_entry_block_after_while@5      1, 2, 0, 0
271 frame_dig -1                                                       1, 2, 0, 0, 0
273 int 1                                                              1, 2, 0, 0, 0, 1
274 +                                                                  1, 2, 0, 0, 1
275 dup                                                                1, 2, 0, 0, 1, 1
276 frame_bury -1                                                      1, 2, 1, 0, 1
278 int 10                                                             1, 2, 1, 0, 1, 10
280 >=                                                                 1, 2, 1, 0, 0
281 bz test_param_update_with_reentrant_entry_block_after_if_else@4    1, 2, 1, 0
291 b test_param_update_with_reentrant_entry_block_while_top@1         1, 2, 1, 0
263 frame_dig -1                                                       1, 2, 1, 0, 1
265 frame_bury 0                                                       1, 2, 1, 1
267 int 1                                                              1, 2, 1, 1, 1
268 bz test_param_update_with_reentrant_entry_block_after_while@5      1, 2, 1, 1
271 frame_dig -1                                                       1, 2, 1, 1, 1
273 int 1                                                              1, 2, 1, 1, 1, 1
274 +                                                                  1, 2, 1, 1, 2
275 dup                                                                1, 2, 1, 1, 2, 2
276 frame_bury -1                                                      1, 2, 2, 1, 2
278 int 10                                                             1, 2, 2, 1, 2, 10
280 >=                                                                 1, 2, 2, 1, 0
281 bz test_param_update_with_reentrant_entry_block_after_if_else@4    1, 2, 2, 1
291 b test_param_update_with_reentrant_entry_block_while_top@1         1, 2, 2, 1
263 frame_dig -1                                                       1, 2, 2, 1, 2
265 frame_bury 0                                                       1, 2, 2, 2
267 int 1                                                              1, 2, 2, 2, 1
268 bz test_param_update_with_reentrant_entry_block_after_while@5      1, 2, 2, 2
271 frame_dig -1                                                       1, 2, 2, 2, 2
273 int 1                                                              1, 2, 2, 2, 2, 1
274 +                                                                  1, 2, 2, 2, 3
275 dup                                                                1, 2, 2, 2, 3, 3
276 frame_bury -1                                                      1, 2, 3, 2, 3
278 int 10                                                             1, 2, 3, 2, 3, 10
280 >=                                                                 1, 2, 3, 2, 0
281 bz test_param_update_with_reentrant_entry_block_after_if_else@4    1, 2, 3, 2
291 b test_param_update_with_reentrant_entry_block_while_top@1         1, 2, 3, 2
263 frame_dig -1                                                       1, 2, 3, 2, 3
265 frame_bury 0                                                       1, 2, 3, 3
267 int 1                                                              1, 2, 3, 3, 1
268 bz test_param_update_with_reentrant_entry_block_after_while@5      1, 2, 3, 3
271 frame_dig -1                                                       1, 2, 3, 3, 3
273 int 1                                                              1, 2, 3, 3, 3, 1
274 +                                                                  1, 2, 3, 3, 4
275 dup                                                                1, 2, 3, 3, 4, 4
276 frame_bury -1                                                      1, 2, 4, 3, 4
278 int 10                                                             1, 2, 4, 3, 4, 10
280 >=                                                                 1, 2, 4, 3, 0
281 bz test_param_update_with_reentrant_entry_block_after_if_else@4    1, 2, 4, 3
291 b test_param_update_with_reentrant_entry_block_while_top@1         1, 2, 4, 3
263 frame_dig -1                                                       1, 2, 4, 3, 4
265 frame_bury 0                                                       1, 2, 4, 4
267 int 1                                                              1, 2, 4, 4, 1
268 bz test_param_update_with_reentrant_entry_block_after_while@5      1, 2, 4, 4
271 frame_dig -1                                                       1, 2, 4, 4, 4
273 int 1                                                              1, 2, 4, 4, 4, 1
274 +                                                                  1, 2, 4, 4, 5
275 dup                                                                1, 2, 4, 4, 5, 5
276 frame_bury -1                                                      1, 2, 5, 4, 5
278 int 10                                                             1, 2, 5, 4, 5, 10
280 >=                                                                 1, 2, 5, 4, 0
281 bz test_param_update_with_reentrant_entry_block_after_if_else@4    1, 2, 5, 4
291 b test_param_update_with_reentrant_entry_block_while_top@1         1, 2, 5, 4
263 frame_dig -1                                                       1, 2, 5, 4, 5
265 frame_bury 0                                                       1, 2, 5, 5
267 int 1                                                              1, 2, 5, 5, 1
268 bz test_param_update_with_reentrant_entry_block_after_while@5      1, 2, 5, 5
271 frame_dig -1                                                       1, 2, 5, 5, 5
273 int 1                                                              1, 2, 5, 5, 5, 1
274 +                                                                  1, 2, 5, 5, 6
275 dup                                                                1, 2, 5, 5, 6, 6
276 frame_bury -1                                                      1, 2, 6, 5, 6
278 int 10                                                             1, 2, 6, 5, 6, 10
280 >=                                                                 1, 2, 6, 5, 0
281 bz test_param_update_with_reentrant_entry_block_after_if_else@4    1, 2, 6, 5
291 b test_param_update_with_reentrant_entry_block_while_top@1         1, 2, 6, 5
263 frame_dig -1                                                       1, 2, 6, 5, 6
265 frame_bury 0                                                       1, 2, 6, 6
267 int 1                                                              1, 2, 6, 6, 1
268 bz test_param_update_with_reentrant_entry_block_after_while@5      1, 2, 6, 6
271 frame_dig -1                                                       1, 2, 6, 6, 6
273 int 1                                                              1, 2, 6, 6, 6, 1
274 +                                                                  1, 2, 6, 6, 7
275 dup                                                                1, 2, 6, 6, 7, 7
276 frame_bury -1                                                      1, 2, 7, 6, 7
278 int 10                                                             1, 2, 7, 6, 7, 10
280 >=                                                                 1, 2, 7, 6, 0
281 bz test_param_update_with_reentrant_entry_block_after_if_else@4    1, 2, 7, 6
291 b test_param_update_with_reentrant_entry_block_while_top@1         1, 2, 7, 6
263 frame_dig -1                                                       1, 2, 7, 6, 7
265 frame_bury 0                                                       1, 2, 7, 7
267 int 1                                                              1, 2, 7, 7, 1
268 bz test_param_update_with_reentrant_entry_block_after_while@5      1, 2, 7, 7
271 frame_dig -1                                                       1, 2, 7, 7, 7
273 int 1                                                              1, 2, 7, 7, 7, 1
274 +                                                                  1, 2, 7, 7, 8
275 dup                                                                1, 2, 7, 7, 8, 8
276 frame_bury -1                                                      1, 2, 8, 7, 8
278 int 10                                                             1, 2, 8, 7, 8, 10
280 >=                                                                 1, 2, 8, 7, 0
281 bz test_param_update_with_reentrant_entry_block_after_if_else@4    1, 2, 8, 7
291 b test_param_update_with_reentrant_entry_block_while_top@1         1, 2, 8, 7
263 frame_dig -1                                                       1, 2, 8, 7, 8
265 frame_bury 0                                                       1, 2, 8, 8
267 int 1                                                              1, 2, 8, 8, 1
268 bz test_param_update_with_reentrant_entry_block_after_while@5      1, 2, 8, 8
271 frame_dig -1                                                       1, 2, 8, 8, 8
273 int 1                                                              1, 2, 8, 8, 8, 1
274 +                                                                  1, 2, 8, 8, 9
275 dup                                                                1, 2, 8, 8, 9, 9
276 frame_bury -1                                                      1, 2, 9, 8, 9
278 int 10                                                             1, 2, 9, 8, 9, 10
280 >=                                                                 1, 2, 9, 8, 0
281 bz test_param_update_with_reentrant_entry_block_after_if_else@4    1, 2, 9, 8
291 b test_param_update_with_reentrant_entry_block_while_top@1         1, 2, 9, 8
263 frame_dig -1                                                       1, 2, 9, 8, 9
265 frame_bury 0                                                       1, 2, 9, 9
267 int 1                                                              1, 2, 9, 9, 1
268 bz test_param_update_with_reentrant_entry_block_after_while@5      1, 2, 9, 9
271 frame_dig -1                                                       1, 2, 9, 9, 9
273 int 1                                                              1, 2, 9, 9, 9, 1
274 +                                                                  1, 2, 9, 9, 10
275 dup                                                                1, 2, 9, 9, 10, 10
276 frame_bury -1                                                      1, 2, 10, 9, 10
278 int 10                                                             1, 2, 10, 9, 10, 10
280 >=                                                                 1, 2, 10, 9, 1
281 bz test_param_update_with_reentrant_entry_block_after_if_else@4    1, 2, 10, 9
284 frame_dig -1                                                       1, 2, 10, 9, 10
286 frame_bury 0                                                       1, 2, 10, 10
288 b test_param_update_with_reentrant_entry_block_after_while@5       1, 2, 10, 10
294 frame_dig 0                                                        1, 2, 10, 10, 10
296 dup                                                                1, 2, 10, 10, 10, 10
297 frame_bury -1                                                      1, 2, 10, 10, 10
299 uncover 1                                                          1, 2, 10, 10, 10
301 retsub                                                             1, 2, 10
85  int 10                                                             1, 2, 10, 10
87  ==                                                                 1, 2, 1
88  assert                                                             1, 2
89  int 0                                                              1, 2, 0
90  callsub test_param_update_with_reentrant_entry_block_v2            1, 2, 0
302 proto 1 1                                                          1, 2, 0
305 frame_dig -1                                                       1, 2, 0, 0
307 int 1                                                              1, 2, 0, 0, 1
308 +                                                                  1, 2, 0, 1
309 frame_bury -1                                                      1, 2, 1
311 int 1                                                              1, 2, 1, 1
312 bz test_param_update_with_reentrant_entry_block_v2_after_while@5   1, 2, 1
315 frame_dig -1                                                       1, 2, 1, 1
317 int 1                                                              1, 2, 1, 1, 1
318 >=                                                                 1, 2, 1, 1
319 bz test_param_update_with_reentrant_entry_block_v2_after_if_else@4 1, 2, 1
322 b test_param_update_with_reentrant_entry_block_v2_after_while@5    1, 2, 1
328 frame_dig -1                                                       1, 2, 1, 1
330 retsub                                                             1, 2, 1
93  pop                                                                1, 2
94  callsub test_param_update_with_reentrant_entry_block_v3            1, 2
331 proto 0 0                                                          1, 2
334 int 1                                                              1, 2, 1
335 bz test_param_update_with_reentrant_entry_block_v3_after_while@5   1, 2
338 callsub one                                                        1, 2
351 proto 0 1                                                          1, 2
354 int 1                                                              1, 2, 1
355 retsub                                                             1, 2, 1
341 bz test_param_update_with_reentrant_entry_block_v3_after_if_else@4 1, 2
344 b test_param_update_with_reentrant_entry_block_v3_after_while@5    1, 2
350 retsub                                                             1, 2
97  callsub test_swap_args                                             1, 2
356 proto 0 0                                                          1, 2
359 callsub one                                                        1, 2
351 proto 0 1                                                          1, 2
354 int 1                                                              1, 2, 1
355 retsub                                                             1, 2, 1
362 int 123                                                            1, 2, 1, 123
364 +                                                                  1, 2, 124
365 callsub one                                                        1, 2, 124
351 proto 0 1                                                          1, 2, 124
354 int 1                                                              1, 2, 124, 1
355 retsub                                                             1, 2, 124, 1
368 int 234                                                            1, 2, 124, 1, 234
371 +                                                                  1, 2, 124, 235
372 callsub swap_args                                                  1, 2, 124, 235
387 proto 2 2                                                          1, 2, 124, 235
390 frame_dig -1                                                       1, 2, 124, 235, 235
392 frame_dig -2                                                       1, 2, 124, 235, 235, 124
394 retsub                                                             1, 2, 235, 124
375 cover 1                                                            1, 2, 124, 235
377 int 235                                                            1, 2, 124, 235, 235
380 ==                                                                 1, 2, 124, 1
381 assert                                                             1, 2, 124
382 int 124                                                            1, 2, 124, 124
384 ==                                                                 1, 2, 1
385 assert                                                             1, 2
386 retsub                                                             1, 2
100 int 100                                                            1, 2, 100
101 int 200                                                            1, 2, 100, 200
103 int 0                                                              1, 2, 100, 200, 0
104 callsub test_tuple_swap                                            1, 2, 100, 200, 0
395 proto 3 2                                                          1, 2, 100, 200, 0
398 int 0                                                              1, 2, 100, 200, 0, 0
399 frame_dig 0                                                        1, 2, 100, 200, 0, 0, 0
401 frame_dig -1                                                       1, 2, 100, 200, 0, 0, 0, 0
403 <                                                                  1, 2, 100, 200, 0, 0, 0
404 bz test_tuple_swap_after_for@4                                     1, 2, 100, 200, 0, 0
424 frame_dig -3                                                       1, 2, 100, 200, 0, 0, 100
426 frame_dig -2                                                       1, 2, 100, 200, 0, 0, 100, 200
428 uncover 2                                                          1, 2, 100, 200, 0, 100, 200, 0
430 retsub                                                             1, 2, 100, 200
107 cover 1                                                            1, 2, 200, 100
109 int 100                                                            1, 2, 200, 100, 100
110 ==                                                                 1, 2, 200, 1
111 assert                                                             1, 2, 200
112 int 200                                                            1, 2, 200, 200
114 ==                                                                 1, 2, 1
115 assert                                                             1, 2
116 int 100                                                            1, 2, 100
117 int 200                                                            1, 2, 100, 200
119 int 1                                                              1, 2, 100, 200, 1
120 callsub test_tuple_swap                                            1, 2, 100, 200, 1
395 proto 3 2                                                          1, 2, 100, 200, 1
398 int 0                                                              1, 2, 100, 200, 1, 0
399 frame_dig 0                                                        1, 2, 100, 200, 1, 0, 0
401 frame_dig -1                                                       1, 2, 100, 200, 1, 0, 0, 1
403 <                                                                  1, 2, 100, 200, 1, 0, 1
404 bz test_tuple_swap_after_for@4                                     1, 2, 100, 200, 1, 0
407 frame_dig -2                                                       1, 2, 100, 200, 1, 0, 200
409 frame_dig -3                                                       1, 2, 100, 200, 1, 0, 200, 100
411 frame_bury -2                                                      1, 2, 100, 100, 1, 0, 200
413 frame_dig 0                                                        1, 2, 100, 100, 1, 0, 200, 0
415 int 1                                                              1, 2, 100, 100, 1, 0, 200, 0, 1
416 +                                                                  1, 2, 100, 100, 1, 0, 200, 1
417 frame_bury 0                                                       1, 2, 100, 100, 1, 1, 200
419 frame_bury -3                                                      1, 2, 200, 100, 1, 1
421 b test_tuple_swap_for_header@1                                     1, 2, 200, 100, 1, 1
399 frame_dig 0                                                        1, 2, 200, 100, 1, 1, 1
401 frame_dig -1                                                       1, 2, 200, 100, 1, 1, 1, 1
403 <                                                                  1, 2, 200, 100, 1, 1, 0
404 bz test_tuple_swap_after_for@4                                     1, 2, 200, 100, 1, 1
424 frame_dig -3                                                       1, 2, 200, 100, 1, 1, 200
426 frame_dig -2                                                       1, 2, 200, 100, 1, 1, 200, 100
428 uncover 2                                                          1, 2, 200, 100, 1, 200, 100, 1
430 retsub                                                             1, 2, 200, 100
123 cover 1                                                            1, 2, 100, 200
125 int 200                                                            1, 2, 100, 200, 200
127 ==                                                                 1, 2, 100, 1
128 assert                                                             1, 2, 100
129 int 100                                                            1, 2, 100, 100
130 ==                                                                 1, 2, 1
131 assert                                                             1, 2
132 int 1                                                              1, 2, 1
133 return                                                             1