>> poetry run puyapy -O1 --output-ssa-ir --output-optimization-ir --output-final-ir --output-cssa-ir --output-post-ssa-ir --output-parallel-copies-ir --out-dir=out --debug-level=1 --log-level=debug less_simple
debug: Building AWST for __init__.py
debug: Building AWST for less_simple/__init__.py
debug: Building AWST for embedded puyapy lib at <puya>/puyapy_lib_bytes.py
debug: Building AWST for embedded puyapy lib at <puya>/puyapy.py
debug: Building AWST for less_simple/contract.py
debug: Sealing block@0: // L5
debug: Terminated block@0: // L5
debug: Looking for 'start' in an unsealed block creating an incomplete Phi: block@1: // while_top_L11
debug: Created Phi assignment: let start#1: uint64 = undefined while trying to resolve 'start' in block@1: // while_top_L11
debug: Looking for 'item' in an unsealed block creating an incomplete Phi: block@1: // while_top_L11
debug: Created Phi assignment: let item#1: bytes = undefined while trying to resolve 'item' in block@1: // while_top_L11
debug: Looking for 'sequence' in an unsealed block creating an incomplete Phi: block@1: // while_top_L11
debug: Created Phi assignment: let sequence#1: bytes = undefined while trying to resolve 'sequence' in block@1: // while_top_L11
debug: Terminated block@1: // while_top_L11
debug: Sealing block@None: // while_body_L11
debug: Terminated block@2: // while_body_L11
debug: Sealing block@None: // if_body_L12
debug: Sealing block@None: // else_body_L12
debug: Terminated block@3: // if_body_L12
debug: Sealing block@4: // after_if_else_L12
debug: Terminated block@4: // after_if_else_L12
debug: Sealing block@1: // while_top_L11
debug: Added start#0 to Phi node: let start#1: uint64 = φ(start#0 <- block@0) in block@0: // L5
debug: Added start#2 to Phi node: let start#1: uint64 = φ(start#0 <- block@0, start#2 <- block@4) in block@4: // after_if_else_L12
debug: Added item#0 to Phi node: let item#1: bytes = φ(item#0 <- block@0) in block@0: // L5
debug: Added item#1 to Phi node: let item#1: bytes = φ(item#0 <- block@0, item#1 <- block@4) in block@4: // after_if_else_L12
debug: Replacing trivial Phi node: let item#1: bytes = φ(item#0 <- block@0, item#1 <- block@4) (item#1) with item#0
debug: Deleting Phi assignment: let item#1: bytes = φ(item#0 <- block@0, item#1 <- block@4)
debug: Replaced trivial Phi node: let item#1: bytes = φ(item#0 <- block@0, item#1 <- block@4) (item#1) with item#0 in current definition for 3 blocks
debug: Added sequence#0 to Phi node: let sequence#1: bytes = φ(sequence#0 <- block@0) in block@0: // L5
debug: Added sequence#1 to Phi node: let sequence#1: bytes = φ(sequence#0 <- block@0, sequence#1 <- block@4) in block@4: // after_if_else_L12
debug: Replacing trivial Phi node: let sequence#1: bytes = φ(sequence#0 <- block@0, sequence#1 <- block@4) (sequence#1) with sequence#0
debug: Deleting Phi assignment: let sequence#1: bytes = φ(sequence#0 <- block@0, sequence#1 <- block@4)
debug: Replaced trivial Phi node: let sequence#1: bytes = φ(sequence#0 <- block@0, sequence#1 <- block@4) (sequence#1) with sequence#0 in current definition for 3 blocks
debug: Sealing block@None: // after_while_L11
debug: Terminated block@5: // after_while_L11
debug: Sealing block@0: // L5
debug: Terminated block@0: // L5
debug: Looking for 'start' in an unsealed block creating an incomplete Phi: block@1: // while_top_L11
debug: Created Phi assignment: let start#1: uint64 = undefined while trying to resolve 'start' in block@1: // while_top_L11
debug: Looking for 'item' in an unsealed block creating an incomplete Phi: block@1: // while_top_L11
debug: Created Phi assignment: let item#1: bytes = undefined while trying to resolve 'item' in block@1: // while_top_L11
debug: Looking for 'sequence' in an unsealed block creating an incomplete Phi: block@1: // while_top_L11
debug: Created Phi assignment: let sequence#1: bytes = undefined while trying to resolve 'sequence' in block@1: // while_top_L11
debug: Terminated block@1: // while_top_L11
debug: Sealing block@None: // while_body_L11
debug: Terminated block@2: // while_body_L11
debug: Sealing block@None: // if_body_L12
debug: Sealing block@None: // else_body_L12
debug: Terminated block@3: // if_body_L12
debug: Sealing block@4: // after_if_else_L12
debug: Terminated block@4: // after_if_else_L12
debug: Sealing block@1: // while_top_L11
debug: Added start#0 to Phi node: let start#1: uint64 = φ(start#0 <- block@0) in block@0: // L5
debug: Added start#2 to Phi node: let start#1: uint64 = φ(start#0 <- block@0, start#2 <- block@4) in block@4: // after_if_else_L12
debug: Added item#0 to Phi node: let item#1: bytes = φ(item#0 <- block@0) in block@0: // L5
debug: Added item#1 to Phi node: let item#1: bytes = φ(item#0 <- block@0, item#1 <- block@4) in block@4: // after_if_else_L12
debug: Replacing trivial Phi node: let item#1: bytes = φ(item#0 <- block@0, item#1 <- block@4) (item#1) with item#0
debug: Deleting Phi assignment: let item#1: bytes = φ(item#0 <- block@0, item#1 <- block@4)
debug: Replaced trivial Phi node: let item#1: bytes = φ(item#0 <- block@0, item#1 <- block@4) (item#1) with item#0 in current definition for 3 blocks
debug: Added sequence#0 to Phi node: let sequence#1: bytes = φ(sequence#0 <- block@0) in block@0: // L5
debug: Added sequence#1 to Phi node: let sequence#1: bytes = φ(sequence#0 <- block@0, sequence#1 <- block@4) in block@4: // after_if_else_L12
debug: Replacing trivial Phi node: let sequence#1: bytes = φ(sequence#0 <- block@0, sequence#1 <- block@4) (sequence#1) with sequence#0
debug: Deleting Phi assignment: let sequence#1: bytes = φ(sequence#0 <- block@0, sequence#1 <- block@4)
debug: Replaced trivial Phi node: let sequence#1: bytes = φ(sequence#0 <- block@0, sequence#1 <- block@4) (sequence#1) with sequence#0 in current definition for 3 blocks
debug: Sealing block@None: // after_while_L11
debug: Terminated block@5: // after_while_L11
debug: Sealing block@0: // L7
debug: Terminated block@0: // L7
debug: Looking for 'a' in an unsealed block creating an incomplete Phi: block@1: // while_top_L11
debug: Created Phi assignment: let a#1: uint64 = undefined while trying to resolve 'a' in block@1: // while_top_L11
debug: Terminated block@1: // while_top_L11
debug: Sealing block@None: // while_body_L11
debug: Terminated block@2: // while_body_L11
debug: Sealing block@None: // if_body_L12
debug: Sealing block@None: // else_body_L12
debug: Terminated block@3: // if_body_L12
debug: Sealing block@4: // after_if_else_L12
debug: Terminated block@4: // after_if_else_L12
debug: Sealing block@None: // if_body_L14
debug: Sealing block@None: // else_body_L14
debug: Terminated block@5: // if_body_L14
debug: Sealing block@6: // after_if_else_L14
debug: Terminated block@6: // after_if_else_L14
debug: Sealing block@None: // if_body_L16
debug: Sealing block@None: // else_body_L16
debug: Looking for 'sum_of_evens' in an unsealed block creating an incomplete Phi: block@1: // while_top_L11
debug: Created Phi assignment: let sum_of_evens#1: uint64 = undefined while trying to resolve 'sum_of_evens' in block@1: // while_top_L11
debug: Terminated block@7: // if_body_L16
debug: Looking for 'product_of_odds' in an unsealed block creating an incomplete Phi: block@1: // while_top_L11
debug: Created Phi assignment: let product_of_odds#1: uint64 = undefined while trying to resolve 'product_of_odds' in block@1: // while_top_L11
debug: Terminated block@8: // else_body_L16
debug: Sealing block@None: // if_body_L19
debug: Sealing block@None: // else_body_L19
debug: Terminated block@9: // if_body_L19
debug: Terminated block@10: // else_body_L19
debug: Sealing block@11: // after_if_else_L19
debug: Terminated block@11: // after_if_else_L19
debug: Sealing block@12: // after_if_else_L16
debug: Created Phi assignment: let a#2: uint64 = undefined while trying to resolve 'a' in block@12: // after_if_else_L16
debug: Added a#1 to Phi node: let a#2: uint64 = φ(a#1 <- block@7) in block@7: // if_body_L16
debug: Created Phi assignment: let a#3: uint64 = undefined while trying to resolve 'a' in block@11: // after_if_else_L19
debug: Added a#1 to Phi node: let a#3: uint64 = φ(a#1 <- block@9) in block@9: // if_body_L19
debug: Added a#1 to Phi node: let a#3: uint64 = φ(a#1 <- block@9, a#1 <- block@10) in block@10: // else_body_L19
debug: Replacing trivial Phi node: let a#3: uint64 = φ(a#1 <- block@9, a#1 <- block@10) (a#3) with a#1
debug: Deleting Phi assignment: let a#3: uint64 = φ(a#1 <- block@9, a#1 <- block@10)
debug: Replaced trivial Phi node: let a#3: uint64 = φ(a#1 <- block@9, a#1 <- block@10) (a#3) with a#1 in current definition for 1 blocks
debug: Added a#1 to Phi node: let a#2: uint64 = φ(a#1 <- block@7, a#1 <- block@11) in block@11: // after_if_else_L19
debug: Replacing trivial Phi node: let a#2: uint64 = φ(a#1 <- block@7, a#1 <- block@11) (a#2) with a#1
debug: Deleting Phi assignment: let a#2: uint64 = φ(a#1 <- block@7, a#1 <- block@11)
debug: Replaced trivial Phi node: let a#2: uint64 = φ(a#1 <- block@7, a#1 <- block@11) (a#2) with a#1 in current definition for 1 blocks
debug: Terminated block@12: // after_if_else_L16
debug: Sealing block@1: // while_top_L11
debug: Added a#0 to Phi node: let a#1: uint64 = φ(a#0 <- block@0) in block@0: // L7
debug: Added a#1 to Phi node: let a#1: uint64 = φ(a#0 <- block@0, a#1 <- block@3) in block@3: // if_body_L12
debug: Added a#4 to Phi node: let a#1: uint64 = φ(a#0 <- block@0, a#1 <- block@3, a#4 <- block@12) in block@12: // after_if_else_L16
debug: Added sum_of_evens#0 to Phi node: let sum_of_evens#1: uint64 = φ(sum_of_evens#0 <- block@0) in block@0: // L7
debug: Added sum_of_evens#1 to Phi node: let sum_of_evens#1: uint64 = φ(sum_of_evens#0 <- block@0, sum_of_evens#1 <- block@3) in block@3: // if_body_L12
debug: Created Phi assignment: let sum_of_evens#3: uint64 = undefined while trying to resolve 'sum_of_evens' in block@12: // after_if_else_L16
debug: Added sum_of_evens#2 to Phi node: let sum_of_evens#3: uint64 = φ(sum_of_evens#2 <- block@7) in block@7: // if_body_L16
debug: Created Phi assignment: let sum_of_evens#4: uint64 = undefined while trying to resolve 'sum_of_evens' in block@11: // after_if_else_L19
debug: Added sum_of_evens#1 to Phi node: let sum_of_evens#4: uint64 = φ(sum_of_evens#1 <- block@9) in block@9: // if_body_L19
debug: Added sum_of_evens#1 to Phi node: let sum_of_evens#4: uint64 = φ(sum_of_evens#1 <- block@9, sum_of_evens#1 <- block@10) in block@10: // else_body_L19
debug: Replacing trivial Phi node: let sum_of_evens#4: uint64 = φ(sum_of_evens#1 <- block@9, sum_of_evens#1 <- block@10) (sum_of_evens#4) with sum_of_evens#1
debug: Deleting Phi assignment: let sum_of_evens#4: uint64 = φ(sum_of_evens#1 <- block@9, sum_of_evens#1 <- block@10)
debug: Replaced trivial Phi node: let sum_of_evens#4: uint64 = φ(sum_of_evens#1 <- block@9, sum_of_evens#1 <- block@10) (sum_of_evens#4) with sum_of_evens#1 in current definition for 1 blocks
debug: Added sum_of_evens#1 to Phi node: let sum_of_evens#3: uint64 = φ(sum_of_evens#2 <- block@7, sum_of_evens#1 <- block@11) in block@11: // after_if_else_L19
debug: Added sum_of_evens#3 to Phi node: let sum_of_evens#1: uint64 = φ(sum_of_evens#0 <- block@0, sum_of_evens#1 <- block@3, sum_of_evens#3 <- block@12) in block@12: // after_if_else_L16
debug: Added product_of_odds#0 to Phi node: let product_of_odds#1: uint64 = φ(product_of_odds#0 <- block@0) in block@0: // L7
debug: Added product_of_odds#1 to Phi node: let product_of_odds#1: uint64 = φ(product_of_odds#0 <- block@0, product_of_odds#1 <- block@3) in block@3: // if_body_L12
debug: Created Phi assignment: let product_of_odds#4: uint64 = undefined while trying to resolve 'product_of_odds' in block@12: // after_if_else_L16
debug: Added product_of_odds#1 to Phi node: let product_of_odds#4: uint64 = φ(product_of_odds#1 <- block@7) in block@7: // if_body_L16
debug: Created Phi assignment: let product_of_odds#5: uint64 = undefined while trying to resolve 'product_of_odds' in block@11: // after_if_else_L19
debug: Added product_of_odds#2 to Phi node: let product_of_odds#5: uint64 = φ(product_of_odds#2 <- block@9) in block@9: // if_body_L19
debug: Added product_of_odds#3 to Phi node: let product_of_odds#5: uint64 = φ(product_of_odds#2 <- block@9, product_of_odds#3 <- block@10) in block@10: // else_body_L19
debug: Added product_of_odds#5 to Phi node: let product_of_odds#4: uint64 = φ(product_of_odds#1 <- block@7, product_of_odds#5 <- block@11) in block@11: // after_if_else_L19
debug: Added product_of_odds#4 to Phi node: let product_of_odds#1: uint64 = φ(product_of_odds#0 <- block@0, product_of_odds#1 <- block@3, product_of_odds#4 <- block@12) in block@12: // after_if_else_L16
debug: Sealing block@None: // after_while_L11
debug: Created Phi assignment: let product_of_odds#6: uint64 = undefined while trying to resolve 'product_of_odds' in block@13: // after_while_L11
debug: Added product_of_odds#1 to Phi node: let product_of_odds#6: uint64 = φ(product_of_odds#1 <- block@1) in block@1: // while_top_L11
debug: Added product_of_odds#1 to Phi node: let product_of_odds#6: uint64 = φ(product_of_odds#1 <- block@1, product_of_odds#1 <- block@5) in block@5: // if_body_L14
debug: Replacing trivial Phi node: let product_of_odds#6: uint64 = φ(product_of_odds#1 <- block@1, product_of_odds#1 <- block@5) (product_of_odds#6) with product_of_odds#1
debug: Deleting Phi assignment: let product_of_odds#6: uint64 = φ(product_of_odds#1 <- block@1, product_of_odds#1 <- block@5)
debug: Replaced trivial Phi node: let product_of_odds#6: uint64 = φ(product_of_odds#1 <- block@1, product_of_odds#1 <- block@5) (product_of_odds#6) with product_of_odds#1 in current definition for 1 blocks
debug: Created Phi assignment: let sum_of_evens#5: uint64 = undefined while trying to resolve 'sum_of_evens' in block@13: // after_while_L11
debug: Added sum_of_evens#1 to Phi node: let sum_of_evens#5: uint64 = φ(sum_of_evens#1 <- block@1) in block@1: // while_top_L11
debug: Added sum_of_evens#1 to Phi node: let sum_of_evens#5: uint64 = φ(sum_of_evens#1 <- block@1, sum_of_evens#1 <- block@5) in block@5: // if_body_L14
debug: Replacing trivial Phi node: let sum_of_evens#5: uint64 = φ(sum_of_evens#1 <- block@1, sum_of_evens#1 <- block@5) (sum_of_evens#5) with sum_of_evens#1
debug: Deleting Phi assignment: let sum_of_evens#5: uint64 = φ(sum_of_evens#1 <- block@1, sum_of_evens#1 <- block@5)
debug: Replaced trivial Phi node: let sum_of_evens#5: uint64 = φ(sum_of_evens#1 <- block@1, sum_of_evens#1 <- block@5) (sum_of_evens#5) with sum_of_evens#1 in current definition for 1 blocks
debug: Terminated block@13: // after_while_L11
debug: Sealing block@0: // L26
debug: Terminated block@0: // L26
debug: Looking for 'range_item%0' in an unsealed block creating an incomplete Phi: block@1: // for_header_L28
debug: Created Phi assignment: let range_item%0#1: uint64 = undefined while trying to resolve 'range_item%0' in block@1: // for_header_L28
debug: Terminated block@1: // for_header_L28
debug: Sealing block@None: // for_body_L28
debug: Terminated block@2: // for_body_L28
debug: Sealing block@None: // if_body_L30
debug: Sealing block@None: // else_body_L30
debug: Looking for 'sum_of_squares' in an unsealed block creating an incomplete Phi: block@1: // for_header_L28
debug: Created Phi assignment: let sum_of_squares#1: uint64 = undefined while trying to resolve 'sum_of_squares' in block@1: // for_header_L28
debug: Terminated block@3: // if_body_L30
debug: Sealing block@4: // after_if_else_L30
debug: Created Phi assignment: let sum_of_squares#3: uint64 = undefined while trying to resolve 'sum_of_squares' in block@4: // after_if_else_L30
debug: Added sum_of_squares#1 to Phi node: let sum_of_squares#3: uint64 = φ(sum_of_squares#1 <- block@2) in block@2: // for_body_L28
debug: Added sum_of_squares#2 to Phi node: let sum_of_squares#3: uint64 = φ(sum_of_squares#1 <- block@2, sum_of_squares#2 <- block@3) in block@3: // if_body_L30
debug: Terminated block@4: // after_if_else_L30
debug: Sealing block@None: // if_body_L32
debug: Sealing block@None: // else_body_L32
debug: Terminated block@5: // if_body_L32
debug: Sealing block@6: // after_if_else_L32
debug: Terminated block@6: // after_if_else_L32
debug: Sealing block@7: // for_footer_L28
debug: Sealing block@None: // after_for_L28
debug: Created Phi assignment: let range_item%0#2: uint64 = undefined while trying to resolve 'range_item%0' in block@4: // after_if_else_L30
debug: Added range_item%0#1 to Phi node: let range_item%0#2: uint64 = φ(range_item%0#1 <- block@2) in block@2: // for_body_L28
debug: Added range_item%0#1 to Phi node: let range_item%0#2: uint64 = φ(range_item%0#1 <- block@2, range_item%0#1 <- block@3) in block@3: // if_body_L30
debug: Replacing trivial Phi node: let range_item%0#2: uint64 = φ(range_item%0#1 <- block@2, range_item%0#1 <- block@3) (range_item%0#2) with range_item%0#1
debug: Deleting Phi assignment: let range_item%0#2: uint64 = φ(range_item%0#1 <- block@2, range_item%0#1 <- block@3)
debug: Replaced trivial Phi node: let range_item%0#2: uint64 = φ(range_item%0#1 <- block@2, range_item%0#1 <- block@3) (range_item%0#2) with range_item%0#1 in current definition for 1 blocks
debug: Terminated block@7: // for_footer_L28
debug: Sealing block@1: // for_header_L28
debug: Added range_item%0#0 to Phi node: let range_item%0#1: uint64 = φ(range_item%0#0 <- block@0) in block@0: // L26
debug: Added range_item%0#3 to Phi node: let range_item%0#1: uint64 = φ(range_item%0#0 <- block@0, range_item%0#3 <- block@7) in block@7: // for_footer_L28
debug: Added sum_of_squares#0 to Phi node: let sum_of_squares#1: uint64 = φ(sum_of_squares#0 <- block@0) in block@0: // L26
debug: Added sum_of_squares#3 to Phi node: let sum_of_squares#1: uint64 = φ(sum_of_squares#0 <- block@0, sum_of_squares#3 <- block@7) in block@7: // for_footer_L28
debug: Created Phi assignment: let sum_of_squares#4: uint64 = undefined while trying to resolve 'sum_of_squares' in block@8: // after_for_L28
debug: Added sum_of_squares#1 to Phi node: let sum_of_squares#4: uint64 = φ(sum_of_squares#1 <- block@1) in block@1: // for_header_L28
debug: Added sum_of_squares#3 to Phi node: let sum_of_squares#4: uint64 = φ(sum_of_squares#1 <- block@1, sum_of_squares#3 <- block@5) in block@5: // if_body_L32
debug: Terminated block@8: // after_for_L28
debug: Output IR to <git root>/examples/less_simple/out/contract_MyContract.ssa.ir
info: Optimizing examples.less_simple.contract.MyContract at level 1
debug: Begin optimization pass 1/100
debug: Optimizing subroutine examples.less_simple.contract.MyContract.approval_program
debug: Splitting parallel copies prior to optimization
debug: Optimizer: Arithmetic Simplification
debug: Optimizer: Constant Replacer
debug: Optimizer: Copy Propagation
debug: Found equivalence set: a#1, product_of_odds#2
debug: Replacing {product_of_odds#2} with a#1 made 1 modifications
debug: Optimizer: Intrinsic Simplifier
debug: Optimizer: Remove Unused Variables
debug: Optimizer: Simplify Conditional Branches
debug: Optimizer: Remove Linear Jump
debug: Optimizer: Remove Empty Blocks
debug: Not removing empty block block@3: // if_body_L12 because it's used by phi nodes
debug: Removed empty block: block@5: // if_body_L14
debug: Not removing empty block block@9: // if_body_L19 because it's used by phi nodes
debug: Optimizer: Remove Unreachable Blocks
debug: Optimizing subroutine examples.less_simple.contract.MyContract.clear_state_program
debug: Splitting parallel copies prior to optimization
debug: Optimizer: Arithmetic Simplification
debug: Optimizer: Constant Replacer
debug: Optimizer: Copy Propagation
debug: Found equivalence set: range_item%0#1, i#0
debug: Replacing {range_item%0#1} with i#0 made 3 modifications
debug: Optimizer: Intrinsic Simplifier
debug: Optimizer: Remove Unused Variables
debug: Optimizer: Simplify Conditional Branches
debug: Optimizer: Remove Linear Jump
debug: Replaced predecessor block@7: // for_footer_L28 with block@6: // after_if_else_L32 in block@1: // for_header_L28
debug: Merged linear block@7: // for_footer_L28 into block@6: // after_if_else_L32
debug: Optimizer: Remove Empty Blocks
debug: Not removing empty block block@5: // if_body_L32 because it's used by phi nodes
debug: Optimizer: Remove Unreachable Blocks
debug: Output IR to <git root>/examples/less_simple/out/contract_MyContract.ssa.opt_pass_1.ir
debug: Begin optimization pass 2/100
debug: Optimizing subroutine examples.less_simple.contract.MyContract.approval_program
debug: Optimizer: Arithmetic Simplification
debug: Optimizer: Constant Replacer
debug: Optimizer: Copy Propagation
debug: Optimizer: Intrinsic Simplifier
debug: Optimizer: Remove Unused Variables
debug: Optimizer: Simplify Conditional Branches
debug: Optimizer: Remove Linear Jump
debug: Optimizer: Remove Empty Blocks
debug: Not removing empty block block@3: // if_body_L12 because it's used by phi nodes
debug: Not removing empty block block@9: // if_body_L19 because it's used by phi nodes
debug: Optimizer: Remove Unreachable Blocks
debug: Optimizing subroutine examples.less_simple.contract.MyContract.clear_state_program
debug: Optimizer: Arithmetic Simplification
debug: Optimizer: Constant Replacer
debug: Optimizer: Copy Propagation
debug: Optimizer: Intrinsic Simplifier
debug: Optimizer: Remove Unused Variables
debug: Optimizer: Simplify Conditional Branches
debug: Optimizer: Remove Linear Jump
debug: Optimizer: Remove Empty Blocks
debug: Not removing empty block block@5: // if_body_L32 because it's used by phi nodes
debug: Optimizer: Remove Unreachable Blocks
debug: No optimizations performed in pass 2, ending loop
debug: Output IR to <git root>/examples/less_simple/out/contract_MyContract.cssa.ir
debug: Removing Phis from examples.less_simple.contract.MyContract.approval_program
debug: Removing Phis from examples.less_simple.contract.MyContract.clear_state_program
debug: Output IR to <git root>/examples/less_simple/out/contract_MyContract.post_ssa.ir
debug: Sequentializing parallel copies in examples.less_simple.contract.MyContract.approval_program
debug: loc: {product_of_odds#9=None, sum_of_evens#7=None, a#8=None, product_of_odds#0=product_of_odds#0, sum_of_evens#0=sum_of_evens#0, a#0=a#0}
debug: pred: {product_of_odds#9=product_of_odds#0, sum_of_evens#7=sum_of_evens#0, a#8=a#0}
debug: ready: product_of_odds#9, sum_of_evens#7, a#8
debug: to_do: product_of_odds#9, sum_of_evens#7, a#8
debug: * avail a#8
debug: * avail a#0
debug: * avail sum_of_evens#7
debug: * avail sum_of_evens#0
debug: * avail product_of_odds#9
debug: * avail product_of_odds#0
debug: * to_do a#8
debug: * to_do sum_of_evens#7
debug: * to_do product_of_odds#9
debug: loc: {product_of_odds#1=None, sum_of_evens#1=None, a#1=None, product_of_odds#9=product_of_odds#9, sum_of_evens#7=sum_of_evens#7, a#8=a#8}
debug: pred: {product_of_odds#1=product_of_odds#9, sum_of_evens#1=sum_of_evens#7, a#1=a#8}
debug: ready: product_of_odds#1, sum_of_evens#1, a#1
debug: to_do: product_of_odds#1, sum_of_evens#1, a#1
debug: * avail a#1
debug: * avail a#8
debug: * avail sum_of_evens#1
debug: * avail sum_of_evens#7
debug: * avail product_of_odds#1
debug: * avail product_of_odds#9
debug: * to_do a#1
debug: * to_do sum_of_evens#1
debug: * to_do product_of_odds#1
debug: loc: {product_of_odds#9=None, sum_of_evens#7=None, a#8=None, product_of_odds#1=product_of_odds#1, sum_of_evens#1=sum_of_evens#1, a#1=a#1}
debug: pred: {product_of_odds#9=product_of_odds#1, sum_of_evens#7=sum_of_evens#1, a#8=a#1}
debug: ready: product_of_odds#9, sum_of_evens#7, a#8
debug: to_do: product_of_odds#9, sum_of_evens#7, a#8
debug: * avail a#8
debug: * avail a#1
debug: * avail sum_of_evens#7
debug: * avail sum_of_evens#1
debug: * avail product_of_odds#9
debug: * avail product_of_odds#1
debug: * to_do a#8
debug: * to_do sum_of_evens#7
debug: * to_do product_of_odds#9
debug: loc: {product_of_odds#14=None, sum_of_evens#10=None, product_of_odds#1=product_of_odds#1, sum_of_evens#2=sum_of_evens#2}
debug: pred: {product_of_odds#14=product_of_odds#1, sum_of_evens#10=sum_of_evens#2}
debug: ready: product_of_odds#14, sum_of_evens#10
debug: to_do: product_of_odds#14, sum_of_evens#10
debug: * avail sum_of_evens#10
debug: * avail sum_of_evens#2
debug: * avail product_of_odds#14
debug: * avail product_of_odds#1
debug: * to_do sum_of_evens#10
debug: * to_do product_of_odds#14
debug: loc: {product_of_odds#14=None, sum_of_evens#10=None, product_of_odds#5=product_of_odds#5, sum_of_evens#1=sum_of_evens#1}
debug: pred: {product_of_odds#14=product_of_odds#5, sum_of_evens#10=sum_of_evens#1}
debug: ready: product_of_odds#14, sum_of_evens#10
debug: to_do: product_of_odds#14, sum_of_evens#10
debug: * avail sum_of_evens#10
debug: * avail sum_of_evens#1
debug: * avail product_of_odds#14
debug: * avail product_of_odds#5
debug: * to_do sum_of_evens#10
debug: * to_do product_of_odds#14
debug: loc: {product_of_odds#4=None, sum_of_evens#3=None, product_of_odds#14=product_of_odds#14, sum_of_evens#10=sum_of_evens#10}
debug: pred: {product_of_odds#4=product_of_odds#14, sum_of_evens#3=sum_of_evens#10}
debug: ready: product_of_odds#4, sum_of_evens#3
debug: to_do: product_of_odds#4, sum_of_evens#3
debug: * avail sum_of_evens#3
debug: * avail sum_of_evens#10
debug: * avail product_of_odds#4
debug: * avail product_of_odds#14
debug: * to_do sum_of_evens#3
debug: * to_do product_of_odds#4
debug: loc: {product_of_odds#9=None, sum_of_evens#7=None, a#8=None, product_of_odds#4=product_of_odds#4, sum_of_evens#3=sum_of_evens#3, a#4=a#4}
debug: pred: {product_of_odds#9=product_of_odds#4, sum_of_evens#7=sum_of_evens#3, a#8=a#4}
debug: ready: product_of_odds#9, sum_of_evens#7, a#8
debug: to_do: product_of_odds#9, sum_of_evens#7, a#8
debug: * avail a#8
debug: * avail a#4
debug: * avail sum_of_evens#7
debug: * avail sum_of_evens#3
debug: * avail product_of_odds#9
debug: * avail product_of_odds#4
debug: * to_do a#8
debug: * to_do sum_of_evens#7
debug: * to_do product_of_odds#9
debug: Sequentializing parallel copies in examples.less_simple.contract.MyContract.clear_state_program
debug: loc: {sum_of_squares#7=None, i#1=None, sum_of_squares#0=sum_of_squares#0, range_item%0#0=range_item%0#0}
debug: pred: {sum_of_squares#7=sum_of_squares#0, i#1=range_item%0#0}
debug: ready: sum_of_squares#7, i#1
debug: to_do: sum_of_squares#7, i#1
debug: * avail i#1
debug: * avail range_item%0#0
debug: * avail sum_of_squares#7
debug: * avail sum_of_squares#0
debug: * to_do i#1
debug: * to_do sum_of_squares#7
debug: loc: {sum_of_squares#1=None, i#0=None, sum_of_squares#7=sum_of_squares#7, i#1=i#1}
debug: pred: {sum_of_squares#1=sum_of_squares#7, i#0=i#1}
debug: ready: sum_of_squares#1, i#0
debug: to_do: sum_of_squares#1, i#0
debug: * avail i#0
debug: * avail i#1
debug: * avail sum_of_squares#1
debug: * avail sum_of_squares#7
debug: * to_do i#0
debug: * to_do sum_of_squares#1
debug: loc: {sum_of_squares#7=None, i#1=None, sum_of_squares#3=sum_of_squares#3, range_item%0#3=range_item%0#3}
debug: pred: {sum_of_squares#7=sum_of_squares#3, i#1=range_item%0#3}
debug: ready: sum_of_squares#7, i#1
debug: to_do: sum_of_squares#7, i#1
debug: * avail i#1
debug: * avail range_item%0#3
debug: * avail sum_of_squares#7
debug: * avail sum_of_squares#3
debug: * to_do i#1
debug: * to_do sum_of_squares#7
debug: Output IR to <git root>/examples/less_simple/out/contract_MyContract.parallel_copies.ir
debug: Coalescing local variables in examples.less_simple.contract.MyContract.approval_program using strategy RootOperandGrouping
debug: Coalescing a#0 with [a#8, a#1, a#4]
debug: Coalescing sum_of_evens#0 with [sum_of_evens#7, sum_of_evens#1, sum_of_evens#2, sum_of_evens#10, sum_of_evens#3]
debug: Coalescing product_of_odds#0 with [product_of_odds#9, product_of_odds#1, product_of_odds#14, product_of_odds#11, product_of_odds#3, product_of_odds#5, product_of_odds#4]
debug: Coalescing resulted in 54 replacement/s
debug: Coalescing local variables in examples.less_simple.contract.MyContract.clear_state_program using strategy RootOperandGrouping
debug: Coalescing sum_of_squares#0 with [sum_of_squares#7, sum_of_squares#1, sum_of_squares#2, sum_of_squares#3, sum_of_squares#4]
debug: Coalescing sum_of_squares#10 with [sum_of_squares#13]
debug: Coalescing range_item%0#0 with [range_item%0#3]
debug: Coalescing i#0 with [i#1]
debug: Coalescing resulted in 23 replacement/s
debug: Output IR to <git root>/examples/less_simple/out/contract_MyContract.final.ir
debug: Inserted main_while_top@1.ops[3]: 'store tmp%0#0 to l-stack (copy)'
debug: Replaced main_while_top@1.ops[5]: 'load tmp%0#0' with 'load tmp%0#0 from l-stack (no copy)'
debug: Inserted main_while_body@2.ops[3]: 'store tmp%1#0 to l-stack (copy)'
debug: Replaced main_while_body@2.ops[5]: 'load tmp%1#0' with 'load tmp%1#0 from l-stack (no copy)'
debug: Inserted main_while_body@2.ops[7]: 'store tmp%2#0 to l-stack (copy)'
debug: Replaced main_while_body@2.ops[9]: 'load tmp%2#0' with 'load tmp%2#0 from l-stack (no copy)'
debug: Inserted main_after_if_else@4.ops[3]: 'store tmp%3#0 to l-stack (copy)'
debug: Replaced main_after_if_else@4.ops[5]: 'load tmp%3#0' with 'load tmp%3#0 from l-stack (no copy)'
debug: Inserted main_after_if_else@6.ops[3]: 'store tmp%4#0 to l-stack (copy)'
debug: Replaced main_after_if_else@6.ops[5]: 'load tmp%4#0' with 'load tmp%4#0 from l-stack (no copy)'
debug: Inserted main_after_if_else@6.ops[7]: 'store tmp%5#0 to l-stack (copy)'
debug: Replaced main_after_if_else@6.ops[9]: 'load tmp%5#0' with 'load tmp%5#0 from l-stack (no copy)'
debug: Inserted main_else_body@8.ops[2]: 'store tmp%6#0 to l-stack (copy)'
debug: Replaced main_else_body@8.ops[4]: 'load tmp%6#0' with 'load tmp%6#0 from l-stack (no copy)'
debug: Inserted main_after_while@13.ops[3]: 'store tmp%7#0 to l-stack (copy)'
debug: Replaced main_after_while@13.ops[5]: 'load tmp%7#0' with 'load tmp%7#0 from l-stack (no copy)'
debug: Found 7 edge set/s for examples.less_simple.contract.MyContract.approval_program
debug: examples.less_simple.contract.MyContract.approval_program f-stack entry: []
debug: examples.less_simple.contract.MyContract.approval_program f-stack on first store: ['a#0', 'sum_of_evens#0', 'product_of_odds#0']
debug: Inserted main_block@0.ops[3]: 'store range_item%0#0 to l-stack (copy)'
debug: Replaced main_block@0.ops[5]: 'load range_item%0#0' with 'load range_item%0#0 from l-stack (no copy)'
debug: Inserted main_for_header@1.ops[3]: 'store continue_looping%1#0 to l-stack (copy)'
debug: Replaced main_for_header@1.ops[7]: 'load continue_looping%1#0' with 'load continue_looping%1#0 from l-stack (no copy)'
debug: Inserted main_for_body@2.ops[2]: 'store square_root#0 to l-stack (copy)'
debug: Replaced main_for_body@2.ops[4]: 'load square_root#0' with 'load square_root#0 from l-stack (no copy)'
debug: Inserted main_for_body@2.ops[5]: 'store square_root#0 to l-stack (copy)'
debug: Replaced main_for_body@2.ops[6]: 'load square_root#0' with 'load square_root#0 from l-stack (no copy)'
debug: Inserted main_for_body@2.ops[8]: 'store tmp%2#0 to l-stack (copy)'
debug: Replaced main_for_body@2.ops[10]: 'load tmp%2#0' with 'load tmp%2#0 from l-stack (no copy)'
debug: Inserted main_for_body@2.ops[13]: 'store tmp%3#0 to l-stack (copy)'
debug: Replaced main_for_body@2.ops[17]: 'load tmp%3#0' with 'load tmp%3#0 from l-stack (no copy)'
debug: Inserted main_for_body@2.ops[1]: 'store i#0 to l-stack (copy)'
debug: Replaced main_for_body@2.ops[12]: 'load i#0' with 'load i#0 from l-stack (no copy)'
debug: Inserted main_if_body@3.ops[3]: 'store sum_of_squares#0 to l-stack (copy)'
debug: Replaced main_if_body@3.ops[5]: 'load sum_of_squares#0' with 'load sum_of_squares#0 from l-stack (no copy)'
debug: Inserted main_after_if_else@4.ops[1]: 'store sum_of_squares#0 to l-stack (copy)'
debug: Replaced main_after_if_else@4.ops[3]: 'load sum_of_squares#0' with 'load sum_of_squares#0 from l-stack (no copy)'
debug: Inserted main_after_if_else@4.ops[6]: 'store tmp%4#0 to l-stack (copy)'
debug: Replaced main_after_if_else@4.ops[8]: 'load tmp%4#0' with 'load tmp%4#0 from l-stack (no copy)'
debug: Inserted main_after_if_else@6.ops[3]: 'store range_item%0#0 to l-stack (copy)'
debug: Replaced main_after_if_else@6.ops[5]: 'load range_item%0#0' with 'load range_item%0#0 from l-stack (no copy)'
debug: Inserted main_after_for@8.ops[1]: 'store sum_of_squares#0 to l-stack (copy)'
debug: Replaced main_after_for@8.ops[3]: 'load sum_of_squares#0' with 'load sum_of_squares#0 from l-stack (no copy)'
debug: Found 4 edge set/s for examples.less_simple.contract.MyContract.clear_state_program
debug: examples.less_simple.contract.MyContract.clear_state_program f-stack entry: ['sum_of_squares#10']
debug: examples.less_simple.contract.MyContract.clear_state_program f-stack on first store: ['sum_of_squares#0', 'i#0']
info: Writing less_simple/out/contract.approval.teal
info: Writing less_simple/out/contract.approval.debug.teal
info: Writing less_simple/out/contract.clear.teal
info: Writing less_simple/out/contract.clear.debug.teal
>> exit code = 0