>> poetry run puyapy -O1 --output-ssa-ir --output-optimization-ir --output-final-ir --output-cssa-ir --output-post-ssa-ir --output-parallel-copies-ir --out-dir=out --debug-level=1 --log-level=debug chained_assignment
debug: Building AWST for __init__.py
debug: Building AWST for chained_assignment
debug: Building AWST for embedded puyapy lib at <puya>/puyapy.py
debug: Building AWST for chained_assignment/contract.py
debug: Sealing block@0: // L15
debug: Terminated block@0: // L15
debug: Sealing block@0: // L7
debug: Terminated block@0: // L7
debug: Sealing block@0: // L26
debug: Terminated block@0: // L26
debug: Sealing block@0: // L18
debug: Terminated block@0: // L18
debug: Sealing block@None: // on_create_L15
debug: Terminated block@1: // on_create_L15
debug: Sealing block@2: // entrypoint_L15
debug: Terminated block@2: // entrypoint_L15
debug: Sealing block@0: // L21
debug: Terminated block@0: // L21
debug: Output IR to <git root>/examples/chained_assignment/out/contract_ChainedAssignment.ssa.ir
info: Optimizing examples.chained_assignment.contract.ChainedAssignment at level 1
debug: Begin optimization pass 1/100
debug: Optimizing subroutine examples.chained_assignment.contract.ChainedAssignment.approval_program
debug: Splitting parallel copies prior to optimization
debug: Optimizer: Arithmetic Simplification
debug: Optimizer: Constant Replacer
debug: Optimizer: Copy Propagation
debug: Optimizer: Intrinsic Simplifier
debug: Optimizer: Remove Unused Variables
debug: Optimizer: Simplify Conditional Branches
debug: Optimizer: Remove Linear Jump
debug: Optimizer: Remove Empty Blocks
debug: Optimizer: Remove Unreachable Blocks
debug: Optimizing subroutine examples.chained_assignment.contract.ChainedAssignment.__init__
debug: Splitting parallel copies prior to optimization
debug: Optimizer: Arithmetic Simplification
debug: Optimizer: Constant Replacer
debug: Optimizer: Copy Propagation
debug: Optimizer: Intrinsic Simplifier
debug: Optimizer: Remove Unused Variables
debug: Optimizer: Simplify Conditional Branches
debug: Optimizer: Remove Linear Jump
debug: Optimizer: Remove Empty Blocks
debug: Optimizer: Remove Unreachable Blocks
debug: Optimizing subroutine examples.chained_assignment.contract.BaseContract.__init__
debug: Splitting parallel copies prior to optimization
debug: Optimizer: Arithmetic Simplification
debug: Optimizer: Constant Replacer
debug: Optimizer: Copy Propagation
debug: Optimizer: Intrinsic Simplifier
debug: Optimizer: Remove Unused Variables
debug: Optimizer: Simplify Conditional Branches
debug: Optimizer: Remove Linear Jump
debug: Optimizer: Remove Empty Blocks
debug: Optimizer: Remove Unreachable Blocks
debug: Optimizing subroutine examples.chained_assignment.contract.join_log_and_return
debug: Splitting parallel copies prior to optimization
debug: Optimizer: Arithmetic Simplification
debug: Optimizer: Constant Replacer
debug: Optimizer: Copy Propagation
debug: Optimizer: Intrinsic Simplifier
debug: Optimizer: Remove Unused Variables
debug: Optimizer: Simplify Conditional Branches
debug: Optimizer: Remove Linear Jump
debug: Optimizer: Remove Empty Blocks
debug: Optimizer: Remove Unreachable Blocks
debug: Optimizing subroutine examples.chained_assignment.contract.ChainedAssignment.clear_state_program
debug: Splitting parallel copies prior to optimization
debug: Optimizer: Arithmetic Simplification
debug: Optimizer: Constant Replacer
debug: Optimizer: Copy Propagation
debug: Optimizer: Intrinsic Simplifier
debug: Optimizer: Remove Unused Variables
debug: Optimizer: Simplify Conditional Branches
debug: Optimizer: Remove Linear Jump
debug: Optimizer: Remove Empty Blocks
debug: Optimizer: Remove Unreachable Blocks
debug: No optimizations performed in pass 1, ending loop
debug: Output IR to <git root>/examples/chained_assignment/out/contract_ChainedAssignment.cssa.ir
debug: Removing Phis from examples.chained_assignment.contract.ChainedAssignment.approval_program
debug: Removing Phis from examples.chained_assignment.contract.ChainedAssignment.__init__
debug: Removing Phis from examples.chained_assignment.contract.BaseContract.__init__
debug: Removing Phis from examples.chained_assignment.contract.join_log_and_return
debug: Removing Phis from examples.chained_assignment.contract.ChainedAssignment.clear_state_program
debug: Output IR to <git root>/examples/chained_assignment/out/contract_ChainedAssignment.post_ssa.ir
debug: Sequentializing parallel copies in examples.chained_assignment.contract.ChainedAssignment.approval_program
debug: Sequentializing parallel copies in examples.chained_assignment.contract.ChainedAssignment.__init__
debug: Sequentializing parallel copies in examples.chained_assignment.contract.BaseContract.__init__
debug: Sequentializing parallel copies in examples.chained_assignment.contract.join_log_and_return
debug: Sequentializing parallel copies in examples.chained_assignment.contract.ChainedAssignment.clear_state_program
debug: Output IR to <git root>/examples/chained_assignment/out/contract_ChainedAssignment.parallel_copies.ir
debug: Coalescing local variables in examples.chained_assignment.contract.ChainedAssignment.approval_program using strategy RootOperandGrouping
debug: Coalescing resulted in 0 replacement/s
debug: Coalescing local variables in examples.chained_assignment.contract.ChainedAssignment.__init__ using strategy RootOperandGrouping
debug: Coalescing resulted in 0 replacement/s
debug: Coalescing local variables in examples.chained_assignment.contract.BaseContract.__init__ using strategy RootOperandGrouping
debug: Coalescing resulted in 0 replacement/s
debug: Coalescing local variables in examples.chained_assignment.contract.join_log_and_return using strategy RootOperandGrouping
debug: Coalescing resulted in 0 replacement/s
debug: Coalescing local variables in examples.chained_assignment.contract.ChainedAssignment.clear_state_program using strategy RootOperandGrouping
debug: Coalescing resulted in 0 replacement/s
debug: Output IR to <git root>/examples/chained_assignment/out/contract_ChainedAssignment.final.ir
debug: Inserted main_block@0.ops[1]: 'store app_id%0#0 to l-stack (copy)'
debug: Replaced main_block@0.ops[3]: 'load app_id%0#0' with 'load app_id%0#0 from l-stack (no copy)'
debug: Found 1 edge set/s for examples.chained_assignment.contract.ChainedAssignment.approval_program
debug: Inserted BaseContract.__init___block@0.ops[3]: 'store awst_tmp%0#0 to l-stack (copy)'
debug: Replaced BaseContract.__init___block@0.ops[6]: 'load awst_tmp%0#0' with 'load awst_tmp%0#0 from l-stack (no copy)'
debug: Inserted BaseContract.__init___block@0.ops[7]: 'store awst_tmp%0#0 to l-stack (copy)'
debug: Replaced BaseContract.__init___block@0.ops[10]: 'load awst_tmp%0#0' with 'load awst_tmp%0#0 from l-stack (no copy)'
debug: Inserted join_log_and_return_block@0.ops[3]: 'store tmp%0#0 to l-stack (copy)'
debug: Replaced join_log_and_return_block@0.ops[5]: 'load tmp%0#0' with 'load tmp%0#0 from l-stack (no copy)'
debug: Inserted join_log_and_return_block@0.ops[8]: 'store result#0 to l-stack (copy)'
debug: Replaced join_log_and_return_block@0.ops[10]: 'load result#0' with 'load result#0 from l-stack (no copy)'
debug: Inserted join_log_and_return_block@0.ops[11]: 'store result#0 to l-stack (copy)'
debug: Replaced join_log_and_return_block@0.ops[13]: 'load result#0' with 'load result#0 from l-stack (no copy)'
info: Writing chained_assignment/out/contract.approval.teal
info: Writing chained_assignment/out/contract.approval.debug.teal
info: Writing chained_assignment/out/contract.clear.teal
info: Writing chained_assignment/out/contract.clear.debug.teal
>> exit code = 0