>> poetry run algopy -O1 --output-ssa-ir --output-optimization-ir --output-final-ir --output-cssa-ir --output-post-ssa-ir --output-parallel-copies-ir --out-dir=out --debug-level=1 contains
info: Building AWST for __init__.py
info: Building AWST for contains/__init__.py
info: Building AWST for contains/contract.py
debug: Sealing block@0: // L40
debug: Terminated block@0: // L40
debug: Sealing block@0: // L44
debug: Terminated block@0: // L44
debug: Sealing block@0: // L48
debug: Terminated block@0: // L48
debug: Sealing block@0: // L7
debug: Terminated block@0: // L7
debug: Sealing block@0: // L36
debug: Terminated block@0: // L36
debug: Output IR to <git root>/examples/contains/out/contract_MyContract.ssa.ir
info: Optimizing examples.contains.contract.MyContract at level 1
debug: Begin optimization pass 1/100
debug: Optimizing subroutine examples.contains.contract.MyContract.approval_program
debug: Splitting parallel copies prior to optimization
debug: Optimizer: Arithmetic Simplification
debug: Optimizer: Constant Replacer
debug: Optimizer: Copy Propagation
debug: Optimizer: Remove Unused Variables
debug: Removing unused variable not_ten#0
debug: Optimizer: Simplify Conditional Branches
debug: Optimizer: Remove Linear Jump
debug: Optimizer: Remove Empty Blocks
debug: Optimizer: Remove Unreachable Blocks
debug: Optimizing subroutine examples.contains.contract.MyContract.is_in_tuple_1
debug: Splitting parallel copies prior to optimization
debug: Optimizer: Arithmetic Simplification
debug: Optimizer: Constant Replacer
debug: Optimizer: Copy Propagation
debug: Optimizer: Remove Unused Variables
debug: Optimizer: Simplify Conditional Branches
debug: Optimizer: Remove Linear Jump
debug: Optimizer: Remove Empty Blocks
debug: Optimizer: Remove Unreachable Blocks
debug: Optimizing subroutine examples.contains.contract.MyContract.is_in_tuple_2
debug: Splitting parallel copies prior to optimization
debug: Optimizer: Arithmetic Simplification
debug: Optimizer: Constant Replacer
debug: Optimizer: Copy Propagation
debug: Optimizer: Remove Unused Variables
debug: Optimizer: Simplify Conditional Branches
debug: Optimizer: Remove Linear Jump
debug: Optimizer: Remove Empty Blocks
debug: Optimizer: Remove Unreachable Blocks
debug: Optimizing subroutine examples.contains.contract.MyContract.is_in_tuple_3
debug: Splitting parallel copies prior to optimization
debug: Optimizer: Arithmetic Simplification
debug: Optimizer: Constant Replacer
debug: Optimizer: Copy Propagation
debug: Optimizer: Remove Unused Variables
debug: Optimizer: Simplify Conditional Branches
debug: Optimizer: Remove Linear Jump
debug: Optimizer: Remove Empty Blocks
debug: Optimizer: Remove Unreachable Blocks
debug: Optimizing subroutine examples.contains.contract.MyContract.clear_state_program
debug: Splitting parallel copies prior to optimization
debug: Optimizer: Arithmetic Simplification
debug: Optimizer: Constant Replacer
debug: Optimizer: Copy Propagation
debug: Optimizer: Remove Unused Variables
debug: Optimizer: Simplify Conditional Branches
debug: Optimizer: Remove Linear Jump
debug: Optimizer: Remove Empty Blocks
debug: Optimizer: Remove Unreachable Blocks
debug: Output IR to <git root>/examples/contains/out/contract_MyContract.ssa.opt_pass_1.ir
debug: Begin optimization pass 2/100
debug: Optimizing subroutine examples.contains.contract.MyContract.approval_program
debug: Optimizer: Arithmetic Simplification
debug: Optimizer: Constant Replacer
debug: Optimizer: Copy Propagation
debug: Optimizer: Remove Unused Variables
debug: Optimizer: Simplify Conditional Branches
debug: Optimizer: Remove Linear Jump
debug: Optimizer: Remove Empty Blocks
debug: Optimizer: Remove Unreachable Blocks
debug: Optimizing subroutine examples.contains.contract.MyContract.is_in_tuple_1
debug: Optimizer: Arithmetic Simplification
debug: Optimizer: Constant Replacer
debug: Optimizer: Copy Propagation
debug: Optimizer: Remove Unused Variables
debug: Optimizer: Simplify Conditional Branches
debug: Optimizer: Remove Linear Jump
debug: Optimizer: Remove Empty Blocks
debug: Optimizer: Remove Unreachable Blocks
debug: Optimizing subroutine examples.contains.contract.MyContract.is_in_tuple_2
debug: Optimizer: Arithmetic Simplification
debug: Optimizer: Constant Replacer
debug: Optimizer: Copy Propagation
debug: Optimizer: Remove Unused Variables
debug: Optimizer: Simplify Conditional Branches
debug: Optimizer: Remove Linear Jump
debug: Optimizer: Remove Empty Blocks
debug: Optimizer: Remove Unreachable Blocks
debug: Optimizing subroutine examples.contains.contract.MyContract.is_in_tuple_3
debug: Optimizer: Arithmetic Simplification
debug: Optimizer: Constant Replacer
debug: Optimizer: Copy Propagation
debug: Optimizer: Remove Unused Variables
debug: Optimizer: Simplify Conditional Branches
debug: Optimizer: Remove Linear Jump
debug: Optimizer: Remove Empty Blocks
debug: Optimizer: Remove Unreachable Blocks
debug: Optimizing subroutine examples.contains.contract.MyContract.clear_state_program
debug: Optimizer: Arithmetic Simplification
debug: Optimizer: Constant Replacer
debug: Optimizer: Copy Propagation
debug: Optimizer: Remove Unused Variables
debug: Optimizer: Simplify Conditional Branches
debug: Optimizer: Remove Linear Jump
debug: Optimizer: Remove Empty Blocks
debug: Optimizer: Remove Unreachable Blocks
debug: No optimizations performed in pass 2, ending loop
debug: Output IR to <git root>/examples/contains/out/contract_MyContract.cssa.ir
debug: Removing Phis from examples.contains.contract.MyContract.approval_program
debug: Removing Phis from examples.contains.contract.MyContract.is_in_tuple_1
debug: Removing Phis from examples.contains.contract.MyContract.is_in_tuple_2
debug: Removing Phis from examples.contains.contract.MyContract.is_in_tuple_3
debug: Removing Phis from examples.contains.contract.MyContract.clear_state_program
debug: Output IR to <git root>/examples/contains/out/contract_MyContract.post_ssa.ir
debug: Sequentializing parallel copies in examples.contains.contract.MyContract.approval_program
debug: Sequentializing parallel copies in examples.contains.contract.MyContract.is_in_tuple_1
debug: Sequentializing parallel copies in examples.contains.contract.MyContract.is_in_tuple_2
debug: Sequentializing parallel copies in examples.contains.contract.MyContract.is_in_tuple_3
debug: Sequentializing parallel copies in examples.contains.contract.MyContract.clear_state_program
debug: Output IR to <git root>/examples/contains/out/contract_MyContract.parallel_copies.ir
debug: Coalescing local variables in examples.contains.contract.MyContract.approval_program using strategy RootOperandGrouping
debug: Coalescing resulted in 0 replacement/s
debug: Coalescing local variables in examples.contains.contract.MyContract.is_in_tuple_1 using strategy RootOperandGrouping
debug: Coalescing resulted in 0 replacement/s
debug: Coalescing local variables in examples.contains.contract.MyContract.is_in_tuple_2 using strategy RootOperandGrouping
debug: Coalescing resulted in 0 replacement/s
debug: Coalescing local variables in examples.contains.contract.MyContract.is_in_tuple_3 using strategy RootOperandGrouping
debug: Coalescing resulted in 0 replacement/s
debug: Coalescing local variables in examples.contains.contract.MyContract.clear_state_program using strategy RootOperandGrouping
debug: Coalescing resulted in 0 replacement/s
debug: Output IR to <git root>/examples/contains/out/contract_MyContract.final.ir
debug: Inserted main_block@0.ops[16]: 'store tmp%0#0 to l-stack (copy)'
debug: Replaced main_block@0.ops[18]: 'load tmp%0#0 from scratch' with 'load tmp%0#0 from l-stack (no copy)'
debug: Inserted main_block@0.ops[36]: 'store tmp%1#0 to l-stack (copy)'
debug: Replaced main_block@0.ops[38]: 'load tmp%1#0 from scratch' with 'load tmp%1#0 from l-stack (no copy)'
debug: Inserted main_block@0.ops[48]: 'store tmp%2#0 to l-stack (copy)'
debug: Replaced main_block@0.ops[50]: 'load tmp%2#0 from scratch' with 'load tmp%2#0 from l-stack (no copy)'
debug: Inserted main_block@0.ops[59]: 'store tmp%3#0 to l-stack (copy)'
debug: Replaced main_block@0.ops[61]: 'load tmp%3#0 from scratch' with 'load tmp%3#0 from l-stack (no copy)'
debug: Inserted main_block@0.ops[11]: 'store one_false#0 to l-stack (copy)'
debug: Replaced main_block@0.ops[15]: 'load one_false#0 from scratch' with 'load one_false#0 from l-stack (no copy)'
debug: Inserted main_block@0.ops[32]: 'store two_false#0 to l-stack (copy)'
debug: Replaced main_block@0.ops[36]: 'load two_false#0 from scratch' with 'load two_false#0 from l-stack (no copy)'
debug: Inserted main_block@0.ops[56]: 'store three_false#0 to l-stack (copy)'
debug: Replaced main_block@0.ops[60]: 'load three_false#0 from scratch' with 'load three_false#0 from l-stack (no copy)'
debug: Inserted main_block@0.ops[5]: 'store one_true#0 to l-stack (copy)'
debug: Replaced main_block@0.ops[14]: 'load one_true#0 from scratch' with 'load one_true#0 from l-stack (no copy)'
debug: Inserted main_block@0.ops[27]: 'store two_true#0 to l-stack (copy)'
debug: Replaced main_block@0.ops[36]: 'load two_true#0 from scratch' with 'load two_true#0 from l-stack (no copy)'
debug: Inserted main_block@0.ops[48]: 'store three_true#0 to l-stack (copy)'
debug: Replaced main_block@0.ops[61]: 'load three_true#0 from scratch' with 'load three_true#0 from l-stack (no copy)'
debug: Inserted is_in_tuple_1_block@0.ops[11]: 'store tmp%2#0 to l-stack (copy)'
debug: Replaced is_in_tuple_1_block@0.ops[13]: 'load tmp%2#0 from scratch' with 'load tmp%2#0 from l-stack (no copy)'
debug: Inserted is_in_tuple_1_block@0.ops[7]: 'store is_equal%1#0 to l-stack (copy)'
debug: Replaced is_in_tuple_1_block@0.ops[10]: 'load is_equal%1#0 from scratch' with 'load is_equal%1#0 from l-stack (no copy)'
debug: Inserted is_in_tuple_1_block@0.ops[3]: 'store contains%0#0 to l-stack (copy)'
debug: Replaced is_in_tuple_1_block@0.ops[10]: 'load contains%0#0 from scratch' with 'load contains%0#0 from l-stack (no copy)'
debug: Inserted is_in_tuple_2_block@0.ops[11]: 'store tmp%2#0 to l-stack (copy)'
debug: Replaced is_in_tuple_2_block@0.ops[13]: 'load tmp%2#0 from scratch' with 'load tmp%2#0 from l-stack (no copy)'
debug: Inserted is_in_tuple_2_block@0.ops[7]: 'store is_equal%1#0 to l-stack (copy)'
debug: Replaced is_in_tuple_2_block@0.ops[10]: 'load is_equal%1#0 from scratch' with 'load is_equal%1#0 from l-stack (no copy)'
debug: Inserted is_in_tuple_2_block@0.ops[3]: 'store contains%0#0 to l-stack (copy)'
debug: Replaced is_in_tuple_2_block@0.ops[10]: 'load contains%0#0 from scratch' with 'load contains%0#0 from l-stack (no copy)'
debug: Inserted is_in_tuple_3_block@0.ops[11]: 'store tmp%2#0 to l-stack (copy)'
debug: Replaced is_in_tuple_3_block@0.ops[13]: 'load tmp%2#0 from scratch' with 'load tmp%2#0 from l-stack (no copy)'
debug: Inserted is_in_tuple_3_block@0.ops[7]: 'store is_equal%1#0 to l-stack (copy)'
debug: Replaced is_in_tuple_3_block@0.ops[10]: 'load is_equal%1#0 from scratch' with 'load is_equal%1#0 from l-stack (no copy)'
debug: Inserted is_in_tuple_3_block@0.ops[3]: 'store contains%0#0 to l-stack (copy)'
debug: Replaced is_in_tuple_3_block@0.ops[10]: 'load contains%0#0 from scratch' with 'load contains%0#0 from l-stack (no copy)'
info: Writing <git root>/examples/contains/out/contract.approval.teal
info: Writing <git root>/examples/contains/out/contract.approval.debug.teal
info: Writing <git root>/examples/contains/out/contract.clear.teal
info: Writing <git root>/examples/contains/out/contract.clear.debug.teal
>> exit code = 0