>> poetry run puyapy -O1 --output-ssa-ir --output-optimization-ir --output-final-ir --output-cssa-ir --output-post-ssa-ir --output-parallel-copies-ir --out-dir=out --debug-level=1 --log-level=debug contains
debug: Building AWST for __init__.py
debug: Building AWST for contains/__init__.py
debug: Building AWST for embedded puyapy lib at <puya>/puyapy_lib_bytes.py
debug: Building AWST for embedded puyapy lib at <puya>/puyapy.py
debug: Building AWST for contains/contract.py
debug: Sealing block@0: // L5
debug: Terminated block@0: // L5
debug: Looking for 'start' in an unsealed block creating an incomplete Phi: block@1: // while_top_L11
debug: Created Phi assignment: let start#1: uint64 = undefined while trying to resolve 'start' in block@1: // while_top_L11
debug: Looking for 'item' in an unsealed block creating an incomplete Phi: block@1: // while_top_L11
debug: Created Phi assignment: let item#1: bytes = undefined while trying to resolve 'item' in block@1: // while_top_L11
debug: Looking for 'sequence' in an unsealed block creating an incomplete Phi: block@1: // while_top_L11
debug: Created Phi assignment: let sequence#1: bytes = undefined while trying to resolve 'sequence' in block@1: // while_top_L11
debug: Terminated block@1: // while_top_L11
debug: Sealing block@None: // while_body_L11
debug: Terminated block@2: // while_body_L11
debug: Sealing block@None: // if_body_L12
debug: Sealing block@None: // else_body_L12
debug: Terminated block@3: // if_body_L12
debug: Sealing block@4: // after_if_else_L12
debug: Terminated block@4: // after_if_else_L12
debug: Sealing block@1: // while_top_L11
debug: Added start#0 to Phi node: let start#1: uint64 = φ(start#0 <- block@0) in block@0: // L5
debug: Added start#2 to Phi node: let start#1: uint64 = φ(start#0 <- block@0, start#2 <- block@4) in block@4: // after_if_else_L12
debug: Added item#0 to Phi node: let item#1: bytes = φ(item#0 <- block@0) in block@0: // L5
debug: Added item#1 to Phi node: let item#1: bytes = φ(item#0 <- block@0, item#1 <- block@4) in block@4: // after_if_else_L12
debug: Replacing trivial Phi node: let item#1: bytes = φ(item#0 <- block@0, item#1 <- block@4) (item#1) with item#0
debug: Deleting Phi assignment: let item#1: bytes = φ(item#0 <- block@0, item#1 <- block@4)
debug: Replaced trivial Phi node: let item#1: bytes = φ(item#0 <- block@0, item#1 <- block@4) (item#1) with item#0 in current definition for 3 blocks
debug: Added sequence#0 to Phi node: let sequence#1: bytes = φ(sequence#0 <- block@0) in block@0: // L5
debug: Added sequence#1 to Phi node: let sequence#1: bytes = φ(sequence#0 <- block@0, sequence#1 <- block@4) in block@4: // after_if_else_L12
debug: Replacing trivial Phi node: let sequence#1: bytes = φ(sequence#0 <- block@0, sequence#1 <- block@4) (sequence#1) with sequence#0
debug: Deleting Phi assignment: let sequence#1: bytes = φ(sequence#0 <- block@0, sequence#1 <- block@4)
debug: Replaced trivial Phi node: let sequence#1: bytes = φ(sequence#0 <- block@0, sequence#1 <- block@4) (sequence#1) with sequence#0 in current definition for 3 blocks
debug: Sealing block@None: // after_while_L11
debug: Terminated block@5: // after_while_L11
debug: Sealing block@0: // L5
debug: Terminated block@0: // L5
debug: Looking for 'start' in an unsealed block creating an incomplete Phi: block@1: // while_top_L11
debug: Created Phi assignment: let start#1: uint64 = undefined while trying to resolve 'start' in block@1: // while_top_L11
debug: Looking for 'item' in an unsealed block creating an incomplete Phi: block@1: // while_top_L11
debug: Created Phi assignment: let item#1: bytes = undefined while trying to resolve 'item' in block@1: // while_top_L11
debug: Looking for 'sequence' in an unsealed block creating an incomplete Phi: block@1: // while_top_L11
debug: Created Phi assignment: let sequence#1: bytes = undefined while trying to resolve 'sequence' in block@1: // while_top_L11
debug: Terminated block@1: // while_top_L11
debug: Sealing block@None: // while_body_L11
debug: Terminated block@2: // while_body_L11
debug: Sealing block@None: // if_body_L12
debug: Sealing block@None: // else_body_L12
debug: Terminated block@3: // if_body_L12
debug: Sealing block@4: // after_if_else_L12
debug: Terminated block@4: // after_if_else_L12
debug: Sealing block@1: // while_top_L11
debug: Added start#0 to Phi node: let start#1: uint64 = φ(start#0 <- block@0) in block@0: // L5
debug: Added start#2 to Phi node: let start#1: uint64 = φ(start#0 <- block@0, start#2 <- block@4) in block@4: // after_if_else_L12
debug: Added item#0 to Phi node: let item#1: bytes = φ(item#0 <- block@0) in block@0: // L5
debug: Added item#1 to Phi node: let item#1: bytes = φ(item#0 <- block@0, item#1 <- block@4) in block@4: // after_if_else_L12
debug: Replacing trivial Phi node: let item#1: bytes = φ(item#0 <- block@0, item#1 <- block@4) (item#1) with item#0
debug: Deleting Phi assignment: let item#1: bytes = φ(item#0 <- block@0, item#1 <- block@4)
debug: Replaced trivial Phi node: let item#1: bytes = φ(item#0 <- block@0, item#1 <- block@4) (item#1) with item#0 in current definition for 3 blocks
debug: Added sequence#0 to Phi node: let sequence#1: bytes = φ(sequence#0 <- block@0) in block@0: // L5
debug: Added sequence#1 to Phi node: let sequence#1: bytes = φ(sequence#0 <- block@0, sequence#1 <- block@4) in block@4: // after_if_else_L12
debug: Replacing trivial Phi node: let sequence#1: bytes = φ(sequence#0 <- block@0, sequence#1 <- block@4) (sequence#1) with sequence#0
debug: Deleting Phi assignment: let sequence#1: bytes = φ(sequence#0 <- block@0, sequence#1 <- block@4)
debug: Replaced trivial Phi node: let sequence#1: bytes = φ(sequence#0 <- block@0, sequence#1 <- block@4) (sequence#1) with sequence#0 in current definition for 3 blocks
debug: Sealing block@None: // after_while_L11
debug: Terminated block@5: // after_while_L11
debug: Sealing block@0: // L40
debug: Terminated block@0: // L40
debug: Sealing block@0: // L44
debug: Terminated block@0: // L44
debug: Sealing block@0: // L48
debug: Terminated block@0: // L48
debug: Sealing block@0: // L7
debug: Terminated block@0: // L7
debug: Sealing block@0: // L36
debug: Terminated block@0: // L36
debug: Output IR to <git root>/examples/contains/out/contract_MyContract.ssa.ir
info: Optimizing examples.contains.contract.MyContract at level 1
debug: Begin optimization pass 1/100
debug: Optimizing subroutine examples.contains.contract.MyContract.approval_program
debug: Splitting parallel copies prior to optimization
debug: Optimizer: Arithmetic Simplification
debug: Folded 32323423423423 b+ 32323423423423 to 64646846846846
debug: Optimizer: Constant Replacer
debug: Optimizer: Copy Propagation
debug: Optimizer: Intrinsic Simplifier
debug: Optimizer: Remove Unused Variables
debug: Removing unused variable not_ten#0
debug: Removing unused variable tmp%2#0
debug: Optimizer: Simplify Conditional Branches
debug: Optimizer: Remove Linear Jump
debug: Optimizer: Remove Empty Blocks
debug: Optimizer: Remove Unreachable Blocks
debug: Optimizing subroutine examples.contains.contract.MyContract.is_in_tuple_1
debug: Splitting parallel copies prior to optimization
debug: Optimizer: Arithmetic Simplification
debug: Optimizer: Constant Replacer
debug: Optimizer: Copy Propagation
debug: Optimizer: Intrinsic Simplifier
debug: Optimizer: Remove Unused Variables
debug: Optimizer: Simplify Conditional Branches
debug: Optimizer: Remove Linear Jump
debug: Optimizer: Remove Empty Blocks
debug: Optimizer: Remove Unreachable Blocks
debug: Optimizing subroutine examples.contains.contract.MyContract.is_in_tuple_2
debug: Splitting parallel copies prior to optimization
debug: Optimizer: Arithmetic Simplification
debug: Optimizer: Constant Replacer
debug: Optimizer: Copy Propagation
debug: Optimizer: Intrinsic Simplifier
debug: Optimizer: Remove Unused Variables
debug: Optimizer: Simplify Conditional Branches
debug: Optimizer: Remove Linear Jump
debug: Optimizer: Remove Empty Blocks
debug: Optimizer: Remove Unreachable Blocks
debug: Optimizing subroutine examples.contains.contract.MyContract.is_in_tuple_3
debug: Splitting parallel copies prior to optimization
debug: Optimizer: Arithmetic Simplification
debug: Optimizer: Constant Replacer
debug: Optimizer: Copy Propagation
debug: Optimizer: Intrinsic Simplifier
debug: Optimizer: Remove Unused Variables
debug: Optimizer: Simplify Conditional Branches
debug: Optimizer: Remove Linear Jump
debug: Optimizer: Remove Empty Blocks
debug: Optimizer: Remove Unreachable Blocks
debug: Optimizing subroutine examples.contains.contract.MyContract.clear_state_program
debug: Splitting parallel copies prior to optimization
debug: Optimizer: Arithmetic Simplification
debug: Optimizer: Constant Replacer
debug: Optimizer: Copy Propagation
debug: Optimizer: Intrinsic Simplifier
debug: Optimizer: Remove Unused Variables
debug: Optimizer: Simplify Conditional Branches
debug: Optimizer: Remove Linear Jump
debug: Optimizer: Remove Empty Blocks
debug: Optimizer: Remove Unreachable Blocks
debug: Output IR to <git root>/examples/contains/out/contract_MyContract.ssa.opt_pass_1.ir
debug: Begin optimization pass 2/100
debug: Optimizing subroutine examples.contains.contract.MyContract.approval_program
debug: Optimizer: Arithmetic Simplification
debug: Optimizer: Constant Replacer
debug: Optimizer: Copy Propagation
debug: Optimizer: Intrinsic Simplifier
debug: Optimizer: Remove Unused Variables
debug: Optimizer: Simplify Conditional Branches
debug: Optimizer: Remove Linear Jump
debug: Optimizer: Remove Empty Blocks
debug: Optimizer: Remove Unreachable Blocks
debug: Optimizing subroutine examples.contains.contract.MyContract.is_in_tuple_1
debug: Optimizer: Arithmetic Simplification
debug: Optimizer: Constant Replacer
debug: Optimizer: Copy Propagation
debug: Optimizer: Intrinsic Simplifier
debug: Optimizer: Remove Unused Variables
debug: Optimizer: Simplify Conditional Branches
debug: Optimizer: Remove Linear Jump
debug: Optimizer: Remove Empty Blocks
debug: Optimizer: Remove Unreachable Blocks
debug: Optimizing subroutine examples.contains.contract.MyContract.is_in_tuple_2
debug: Optimizer: Arithmetic Simplification
debug: Optimizer: Constant Replacer
debug: Optimizer: Copy Propagation
debug: Optimizer: Intrinsic Simplifier
debug: Optimizer: Remove Unused Variables
debug: Optimizer: Simplify Conditional Branches
debug: Optimizer: Remove Linear Jump
debug: Optimizer: Remove Empty Blocks
debug: Optimizer: Remove Unreachable Blocks
debug: Optimizing subroutine examples.contains.contract.MyContract.is_in_tuple_3
debug: Optimizer: Arithmetic Simplification
debug: Optimizer: Constant Replacer
debug: Optimizer: Copy Propagation
debug: Optimizer: Intrinsic Simplifier
debug: Optimizer: Remove Unused Variables
debug: Optimizer: Simplify Conditional Branches
debug: Optimizer: Remove Linear Jump
debug: Optimizer: Remove Empty Blocks
debug: Optimizer: Remove Unreachable Blocks
debug: Optimizing subroutine examples.contains.contract.MyContract.clear_state_program
debug: Optimizer: Arithmetic Simplification
debug: Optimizer: Constant Replacer
debug: Optimizer: Copy Propagation
debug: Optimizer: Intrinsic Simplifier
debug: Optimizer: Remove Unused Variables
debug: Optimizer: Simplify Conditional Branches
debug: Optimizer: Remove Linear Jump
debug: Optimizer: Remove Empty Blocks
debug: Optimizer: Remove Unreachable Blocks
debug: No optimizations performed in pass 2, ending loop
debug: Output IR to <git root>/examples/contains/out/contract_MyContract.cssa.ir
debug: Removing Phis from examples.contains.contract.MyContract.approval_program
debug: Removing Phis from examples.contains.contract.MyContract.is_in_tuple_1
debug: Removing Phis from examples.contains.contract.MyContract.is_in_tuple_2
debug: Removing Phis from examples.contains.contract.MyContract.is_in_tuple_3
debug: Removing Phis from examples.contains.contract.MyContract.clear_state_program
debug: Output IR to <git root>/examples/contains/out/contract_MyContract.post_ssa.ir
debug: Sequentializing parallel copies in examples.contains.contract.MyContract.approval_program
debug: Sequentializing parallel copies in examples.contains.contract.MyContract.is_in_tuple_1
debug: Sequentializing parallel copies in examples.contains.contract.MyContract.is_in_tuple_2
debug: Sequentializing parallel copies in examples.contains.contract.MyContract.is_in_tuple_3
debug: Sequentializing parallel copies in examples.contains.contract.MyContract.clear_state_program
debug: Output IR to <git root>/examples/contains/out/contract_MyContract.parallel_copies.ir
debug: Coalescing local variables in examples.contains.contract.MyContract.approval_program using strategy RootOperandGrouping
debug: Coalescing resulted in 0 replacement/s
debug: Coalescing local variables in examples.contains.contract.MyContract.is_in_tuple_1 using strategy RootOperandGrouping
debug: Coalescing resulted in 0 replacement/s
debug: Coalescing local variables in examples.contains.contract.MyContract.is_in_tuple_2 using strategy RootOperandGrouping
debug: Coalescing resulted in 0 replacement/s
debug: Coalescing local variables in examples.contains.contract.MyContract.is_in_tuple_3 using strategy RootOperandGrouping
debug: Coalescing resulted in 0 replacement/s
debug: Coalescing local variables in examples.contains.contract.MyContract.clear_state_program using strategy RootOperandGrouping
debug: Coalescing resulted in 0 replacement/s
debug: Output IR to <git root>/examples/contains/out/contract_MyContract.final.ir
debug: Inserted main_block@0.ops[16]: 'store tmp%0#0 to l-stack (copy)'
debug: Replaced main_block@0.ops[18]: 'load tmp%0#0' with 'load tmp%0#0 from l-stack (no copy)'
debug: Inserted main_block@0.ops[36]: 'store tmp%1#0 to l-stack (copy)'
debug: Replaced main_block@0.ops[38]: 'load tmp%1#0' with 'load tmp%1#0 from l-stack (no copy)'
debug: Inserted main_block@0.ops[54]: 'store tmp%3#0 to l-stack (copy)'
debug: Replaced main_block@0.ops[56]: 'load tmp%3#0' with 'load tmp%3#0 from l-stack (no copy)'
debug: Inserted main_block@0.ops[11]: 'store one_false#0 to l-stack (copy)'
debug: Replaced main_block@0.ops[15]: 'load one_false#0' with 'load one_false#0 from l-stack (no copy)'
debug: Inserted main_block@0.ops[32]: 'store two_false#0 to l-stack (copy)'
debug: Replaced main_block@0.ops[36]: 'load two_false#0' with 'load two_false#0 from l-stack (no copy)'
debug: Inserted main_block@0.ops[51]: 'store three_false#0 to l-stack (copy)'
debug: Replaced main_block@0.ops[55]: 'load three_false#0' with 'load three_false#0 from l-stack (no copy)'
debug: Inserted main_block@0.ops[46]: 'store three_true#0 to l-stack (copy)'
debug: Replaced main_block@0.ops[54]: 'load three_true#0' with 'load three_true#0 from l-stack (no copy)'
debug: Inserted main_block@0.ops[5]: 'store one_true#0 to l-stack (copy)'
debug: Replaced main_block@0.ops[14]: 'load one_true#0' with 'load one_true#0 from l-stack (no copy)'
debug: Inserted main_block@0.ops[27]: 'store two_true#0 to l-stack (copy)'
debug: Replaced main_block@0.ops[36]: 'load two_true#0' with 'load two_true#0 from l-stack (no copy)'
debug: Inserted is_in_tuple_1_block@0.ops[11]: 'store tmp%2#0 to l-stack (copy)'
debug: Replaced is_in_tuple_1_block@0.ops[13]: 'load tmp%2#0' with 'load tmp%2#0 from l-stack (no copy)'
debug: Inserted is_in_tuple_1_block@0.ops[7]: 'store is_equal%1#0 to l-stack (copy)'
debug: Replaced is_in_tuple_1_block@0.ops[10]: 'load is_equal%1#0' with 'load is_equal%1#0 from l-stack (no copy)'
debug: Inserted is_in_tuple_1_block@0.ops[3]: 'store contains%0#0 to l-stack (copy)'
debug: Replaced is_in_tuple_1_block@0.ops[10]: 'load contains%0#0' with 'load contains%0#0 from l-stack (no copy)'
debug: Inserted is_in_tuple_2_block@0.ops[11]: 'store tmp%2#0 to l-stack (copy)'
debug: Replaced is_in_tuple_2_block@0.ops[13]: 'load tmp%2#0' with 'load tmp%2#0 from l-stack (no copy)'
debug: Inserted is_in_tuple_2_block@0.ops[7]: 'store is_equal%1#0 to l-stack (copy)'
debug: Replaced is_in_tuple_2_block@0.ops[10]: 'load is_equal%1#0' with 'load is_equal%1#0 from l-stack (no copy)'
debug: Inserted is_in_tuple_2_block@0.ops[3]: 'store contains%0#0 to l-stack (copy)'
debug: Replaced is_in_tuple_2_block@0.ops[10]: 'load contains%0#0' with 'load contains%0#0 from l-stack (no copy)'
debug: Inserted is_in_tuple_3_block@0.ops[11]: 'store tmp%2#0 to l-stack (copy)'
debug: Replaced is_in_tuple_3_block@0.ops[13]: 'load tmp%2#0' with 'load tmp%2#0 from l-stack (no copy)'
debug: Inserted is_in_tuple_3_block@0.ops[7]: 'store is_equal%1#0 to l-stack (copy)'
debug: Replaced is_in_tuple_3_block@0.ops[10]: 'load is_equal%1#0' with 'load is_equal%1#0 from l-stack (no copy)'
debug: Inserted is_in_tuple_3_block@0.ops[3]: 'store contains%0#0 to l-stack (copy)'
debug: Replaced is_in_tuple_3_block@0.ops[10]: 'load contains%0#0' with 'load contains%0#0 from l-stack (no copy)'
info: Writing contains/out/contract.approval.teal
info: Writing contains/out/contract.approval.debug.teal
info: Writing contains/out/contract.clear.teal
info: Writing contains/out/contract.clear.debug.teal
>> exit code = 0