PC  Teal                                 Stack
1
9   byte ""                              0x
11  dup                                  0x, 0x
12  int 1                                0x, 0x, 1
13  int 2                                0x, 0x, 1, 2
14  +                                    0x, 0x, 3
15  int 4                                0x, 0x, 3, 4
16  int 5                                0x, 0x, 3, 4, 5
18  *                                    0x, 0x, 3, 20
19  dup                                  0x, 0x, 3, 20, 20
20  cover 2                              0x, 0x, 20, 3, 20
22  *                                    0x, 0x, 20, 60
23  dup                                  0x, 0x, 20, 60, 60
24  cover 2                              0x, 0x, 60, 20, 60
26  +                                    0x, 0x, 60, 80
27  dig 1                                0x, 0x, 60, 80, 60
29  int 5                                0x, 0x, 60, 80, 60, 5
31  <                                    0x, 0x, 60, 80, 0
32  bz main_after_while@3                0x, 0x, 60, 80
51  int 0                                0x, 0x, 60, 80, 0
53  bury 3                               0x, 0, 60, 80
55  dig 2                                0x, 0, 60, 80, 0
57  int 5                                0x, 0, 60, 80, 0, 5
59  <                                    0x, 0, 60, 80, 1
60  bz main_after_for@7                  0x, 0, 60, 80
63  dig 2                                0x, 0, 60, 80, 0
65  dig 1                                0x, 0, 60, 80, 0, 80
67  dig 3                                0x, 0, 60, 80, 0, 80, 60
69  dup                                  0x, 0, 60, 80, 0, 80, 60, 60
70  cover 2                              0x, 0, 60, 80, 0, 60, 80, 60
72  +                                    0x, 0, 60, 80, 0, 60, 140
73  bury 3                               0x, 0, 60, 140, 0, 60
75  +                                    0x, 0, 60, 140, 60
76  bury 2                               0x, 0, 60, 140
78  dig 2                                0x, 0, 60, 140, 0
80  int 1                                0x, 0, 60, 140, 0, 1
81  +                                    0x, 0, 60, 140, 1
82  bury 3                               0x, 1, 60, 140
84  b main_for_header@4                  0x, 1, 60, 140
55  dig 2                                0x, 1, 60, 140, 1
57  int 5                                0x, 1, 60, 140, 1, 5
59  <                                    0x, 1, 60, 140, 1
60  bz main_after_for@7                  0x, 1, 60, 140
63  dig 2                                0x, 1, 60, 140, 1
65  dig 1                                0x, 1, 60, 140, 1, 140
67  dig 3                                0x, 1, 60, 140, 1, 140, 60
69  dup                                  0x, 1, 60, 140, 1, 140, 60, 60
70  cover 2                              0x, 1, 60, 140, 1, 60, 140, 60
72  +                                    0x, 1, 60, 140, 1, 60, 200
73  bury 3                               0x, 1, 60, 200, 1, 60
75  +                                    0x, 1, 60, 200, 61
76  bury 2                               0x, 1, 61, 200
78  dig 2                                0x, 1, 61, 200, 1
80  int 1                                0x, 1, 61, 200, 1, 1
81  +                                    0x, 1, 61, 200, 2
82  bury 3                               0x, 2, 61, 200
84  b main_for_header@4                  0x, 2, 61, 200
55  dig 2                                0x, 2, 61, 200, 2
57  int 5                                0x, 2, 61, 200, 2, 5
59  <                                    0x, 2, 61, 200, 1
60  bz main_after_for@7                  0x, 2, 61, 200
63  dig 2                                0x, 2, 61, 200, 2
65  dig 1                                0x, 2, 61, 200, 2, 200
67  dig 3                                0x, 2, 61, 200, 2, 200, 61
69  dup                                  0x, 2, 61, 200, 2, 200, 61, 61
70  cover 2                              0x, 2, 61, 200, 2, 61, 200, 61
72  +                                    0x, 2, 61, 200, 2, 61, 261
73  bury 3                               0x, 2, 61, 261, 2, 61
75  +                                    0x, 2, 61, 261, 63
76  bury 2                               0x, 2, 63, 261
78  dig 2                                0x, 2, 63, 261, 2
80  int 1                                0x, 2, 63, 261, 2, 1
81  +                                    0x, 2, 63, 261, 3
82  bury 3                               0x, 3, 63, 261
84  b main_for_header@4                  0x, 3, 63, 261
55  dig 2                                0x, 3, 63, 261, 3
57  int 5                                0x, 3, 63, 261, 3, 5
59  <                                    0x, 3, 63, 261, 1
60  bz main_after_for@7                  0x, 3, 63, 261
63  dig 2                                0x, 3, 63, 261, 3
65  dig 1                                0x, 3, 63, 261, 3, 261
67  dig 3                                0x, 3, 63, 261, 3, 261, 63
69  dup                                  0x, 3, 63, 261, 3, 261, 63, 63
70  cover 2                              0x, 3, 63, 261, 3, 63, 261, 63
72  +                                    0x, 3, 63, 261, 3, 63, 324
73  bury 3                               0x, 3, 63, 324, 3, 63
75  +                                    0x, 3, 63, 324, 66
76  bury 2                               0x, 3, 66, 324
78  dig 2                                0x, 3, 66, 324, 3
80  int 1                                0x, 3, 66, 324, 3, 1
81  +                                    0x, 3, 66, 324, 4
82  bury 3                               0x, 4, 66, 324
84  b main_for_header@4                  0x, 4, 66, 324
55  dig 2                                0x, 4, 66, 324, 4
57  int 5                                0x, 4, 66, 324, 4, 5
59  <                                    0x, 4, 66, 324, 1
60  bz main_after_for@7                  0x, 4, 66, 324
63  dig 2                                0x, 4, 66, 324, 4
65  dig 1                                0x, 4, 66, 324, 4, 324
67  dig 3                                0x, 4, 66, 324, 4, 324, 66
69  dup                                  0x, 4, 66, 324, 4, 324, 66, 66
70  cover 2                              0x, 4, 66, 324, 4, 66, 324, 66
72  +                                    0x, 4, 66, 324, 4, 66, 390
73  bury 3                               0x, 4, 66, 390, 4, 66
75  +                                    0x, 4, 66, 390, 70
76  bury 2                               0x, 4, 70, 390
78  dig 2                                0x, 4, 70, 390, 4
80  int 1                                0x, 4, 70, 390, 4, 1
81  +                                    0x, 4, 70, 390, 5
82  bury 3                               0x, 5, 70, 390
84  b main_for_header@4                  0x, 5, 70, 390
55  dig 2                                0x, 5, 70, 390, 5
57  int 5                                0x, 5, 70, 390, 5, 5
59  <                                    0x, 5, 70, 390, 0
60  bz main_after_for@7                  0x, 5, 70, 390
87  dig 1                                0x, 5, 70, 390, 70
89  dig 1                                0x, 5, 70, 390, 70, 390
91  <                                    0x, 5, 70, 390, 1
92  bz main_else_body@15                 0x, 5, 70, 390
95  dup                                  0x, 5, 70, 390, 390
96  int 2                                0x, 5, 70, 390, 390, 2
97  <                                    0x, 5, 70, 390, 0
98  bz main_else_body@10                 0x, 5, 70, 390
112 int 2                                0x, 5, 70, 390, 2
113 dig 2                                0x, 5, 70, 390, 2, 70
115 *                                    0x, 5, 70, 390, 140
116 int 14                               0x, 5, 70, 390, 140, 14
118 *                                    0x, 5, 70, 390, 1960
119 bz main_else_body@12                 0x, 5, 70, 390
122 int 2                                0x, 5, 70, 390, 2
123 bury 4                               2, 5, 70, 390
125 b main_after_if_else@13              2, 5, 70, 390
130 b main_after_if_else@19              2, 5, 70, 390
157 dig 3                                2, 5, 70, 390, 2
159 dup                                  2, 5, 70, 390, 2, 2
160 callsub one_hundred                  2, 5, 70, 390, 2, 2
185 proto 1 1                            2, 5, 70, 390, 2, 2
188 int 25                               2, 5, 70, 390, 2, 2, 25
190 dup                                  2, 5, 70, 390, 2, 2, 25, 25
191 swap                                 2, 5, 70, 390, 2, 2, 25, 25
192 int 2                                2, 5, 70, 390, 2, 2, 25, 25, 2
193 swap                                 2, 5, 70, 390, 2, 2, 25, 2, 25
194 frame_dig -1                         2, 5, 70, 390, 2, 2, 25, 2, 25, 2
196 <                                    2, 5, 70, 390, 2, 2, 25, 2, 0
197 bz one_hundred_after_if_else@2       2, 5, 70, 390, 2, 2, 25, 2
207 frame_dig 1                          2, 5, 70, 390, 2, 2, 25, 2, 2
209 dup                                  2, 5, 70, 390, 2, 2, 25, 2, 2, 2
210 *                                    2, 5, 70, 390, 2, 2, 25, 2, 4
211 frame_dig 0                          2, 5, 70, 390, 2, 2, 25, 2, 4, 25
213 *                                    2, 5, 70, 390, 2, 2, 25, 2, 100
214 frame_bury 0                         2, 5, 70, 390, 2, 2, 100, 2
216 retsub                               2, 5, 70, 390, 2, 100
163 +                                    2, 5, 70, 390, 102
164 dup                                  2, 5, 70, 390, 102, 102
165 itob                                 2, 5, 70, 390, 102, 0x0000000000000066
166 log                                  2, 5, 70, 390, 102
167 int 3                                2, 5, 70, 390, 102, 3
168 int 1                                2, 5, 70, 390, 102, 3, 1
169 callsub phi_in_equiv_class           2, 5, 70, 390, 102, 3, 1
217 proto 2 1                            2, 5, 70, 390, 102, 3, 1
220 frame_dig -1                         2, 5, 70, 390, 102, 3, 1, 1
222 bz phi_in_equiv_class_else_body@2    2, 5, 70, 390, 102, 3, 1
225 frame_dig -2                         2, 5, 70, 390, 102, 3, 1, 3
227 b phi_in_equiv_class_after_if_else@3 2, 5, 70, 390, 102, 3, 1, 3
232 int 1                                2, 5, 70, 390, 102, 3, 1, 3, 1
233 +                                    2, 5, 70, 390, 102, 3, 1, 4
234 retsub                               2, 5, 70, 390, 102, 4
172 int 4                                2, 5, 70, 390, 102, 4, 4
173 ==                                   2, 5, 70, 390, 102, 1
174 assert                               2, 5, 70, 390, 102
175 int 3                                2, 5, 70, 390, 102, 3
176 int 0                                2, 5, 70, 390, 102, 3, 0
178 callsub phi_in_equiv_class           2, 5, 70, 390, 102, 3, 0
217 proto 2 1                            2, 5, 70, 390, 102, 3, 0
220 frame_dig -1                         2, 5, 70, 390, 102, 3, 0, 0
222 bz phi_in_equiv_class_else_body@2    2, 5, 70, 390, 102, 3, 0
230 frame_dig -2                         2, 5, 70, 390, 102, 3, 0, 3
232 int 1                                2, 5, 70, 390, 102, 3, 0, 3, 1
233 +                                    2, 5, 70, 390, 102, 3, 0, 4
234 retsub                               2, 5, 70, 390, 102, 4
181 int 4                                2, 5, 70, 390, 102, 4, 4
182 ==                                   2, 5, 70, 390, 102, 1
183 assert                               2, 5, 70, 390, 102
184 return                               102